[2023-03-13T20:49:40.345+0000] {taskinstance.py:1083} INFO - Dependencies all met for <TaskInstance: AUTOMATISATION.demarre_ELK scheduled__2023-03-13T00:01:00+00:00 [queued]>
[2023-03-13T20:49:40.357+0000] {taskinstance.py:1083} INFO - Dependencies all met for <TaskInstance: AUTOMATISATION.demarre_ELK scheduled__2023-03-13T00:01:00+00:00 [queued]>
[2023-03-13T20:49:40.357+0000] {taskinstance.py:1279} INFO - 
--------------------------------------------------------------------------------
[2023-03-13T20:49:40.357+0000] {taskinstance.py:1280} INFO - Starting attempt 1 of 2
[2023-03-13T20:49:40.357+0000] {taskinstance.py:1281} INFO - 
--------------------------------------------------------------------------------
[2023-03-13T20:49:40.379+0000] {taskinstance.py:1300} INFO - Executing <Task(BashOperator): demarre_ELK> on 2023-03-13 00:01:00+00:00
[2023-03-13T20:49:40.382+0000] {standard_task_runner.py:55} INFO - Started process 50826 to run task
[2023-03-13T20:49:40.387+0000] {standard_task_runner.py:82} INFO - Running: ['airflow', 'tasks', 'run', 'AUTOMATISATION', 'demarre_ELK', 'scheduled__2023-03-13T00:01:00+00:00', '--job-id', '316', '--raw', '--subdir', 'DAGS_FOLDER/main.py', '--cfg-path', '/tmp/tmphcr4i7s1']
[2023-03-13T20:49:40.389+0000] {standard_task_runner.py:83} INFO - Job 316: Subtask demarre_ELK
[2023-03-13T20:49:40.457+0000] {task_command.py:388} INFO - Running <TaskInstance: AUTOMATISATION.demarre_ELK scheduled__2023-03-13T00:01:00+00:00 [running]> on host dev
[2023-03-13T20:49:40.537+0000] {taskinstance.py:1507} INFO - Exporting the following env vars:
AIRFLOW_CTX_DAG_OWNER=airflow
AIRFLOW_CTX_DAG_ID=AUTOMATISATION
AIRFLOW_CTX_TASK_ID=demarre_ELK
AIRFLOW_CTX_EXECUTION_DATE=2023-03-13T00:01:00+00:00
AIRFLOW_CTX_TRY_NUMBER=1
AIRFLOW_CTX_DAG_RUN_ID=scheduled__2023-03-13T00:01:00+00:00
[2023-03-13T20:49:40.539+0000] {subprocess.py:63} INFO - Tmp dir root location: 
 /tmp
[2023-03-13T20:49:40.540+0000] {subprocess.py:75} INFO - Running command: ['/usr/bin/bash', '-c', 'docker-compose -f /home/dev/soute/ELK/docker-compose.yml up -d']
[2023-03-13T20:49:40.549+0000] {subprocess.py:86} INFO - Output:
[2023-03-13T20:49:41.357+0000] {subprocess.py:93} INFO - elasticsearch is up-to-date
[2023-03-13T20:49:41.358+0000] {subprocess.py:93} INFO - kibana is up-to-date
[2023-03-13T20:49:41.423+0000] {subprocess.py:97} INFO - Command exited with return code 0
[2023-03-13T20:49:41.452+0000] {taskinstance.py:1318} INFO - Marking task as SUCCESS. dag_id=AUTOMATISATION, task_id=demarre_ELK, execution_date=20230313T000100, start_date=20230313T204940, end_date=20230313T204941
[2023-03-13T20:49:41.480+0000] {local_task_job.py:208} INFO - Task exited with return code 0
[2023-03-13T20:49:41.512+0000] {taskinstance.py:2578} INFO - 1 downstream tasks scheduled from follow-on schedule check
[2023-03-14T09:42:34.184+0000] {taskinstance.py:1083} INFO - Dependencies all met for <TaskInstance: AUTOMATISATION.demarre_ELK scheduled__2023-03-13T00:01:00+00:00 [queued]>
[2023-03-14T09:42:34.201+0000] {taskinstance.py:1083} INFO - Dependencies all met for <TaskInstance: AUTOMATISATION.demarre_ELK scheduled__2023-03-13T00:01:00+00:00 [queued]>
[2023-03-14T09:42:34.201+0000] {taskinstance.py:1279} INFO - 
--------------------------------------------------------------------------------
[2023-03-14T09:42:34.201+0000] {taskinstance.py:1280} INFO - Starting attempt 1 of 2
[2023-03-14T09:42:34.202+0000] {taskinstance.py:1281} INFO - 
--------------------------------------------------------------------------------
[2023-03-14T09:42:34.227+0000] {taskinstance.py:1300} INFO - Executing <Task(BashOperator): demarre_ELK> on 2023-03-13 00:01:00+00:00
[2023-03-14T09:42:34.230+0000] {standard_task_runner.py:55} INFO - Started process 28318 to run task
[2023-03-14T09:42:34.235+0000] {standard_task_runner.py:82} INFO - Running: ['airflow', 'tasks', 'run', 'AUTOMATISATION', 'demarre_ELK', 'scheduled__2023-03-13T00:01:00+00:00', '--job-id', '560', '--raw', '--subdir', 'DAGS_FOLDER/main.py', '--cfg-path', '/tmp/tmpl7lz8wtb']
[2023-03-14T09:42:34.237+0000] {standard_task_runner.py:83} INFO - Job 560: Subtask demarre_ELK
[2023-03-14T09:42:34.311+0000] {task_command.py:388} INFO - Running <TaskInstance: AUTOMATISATION.demarre_ELK scheduled__2023-03-13T00:01:00+00:00 [running]> on host dev
[2023-03-14T09:42:34.389+0000] {taskinstance.py:1507} INFO - Exporting the following env vars:
AIRFLOW_CTX_DAG_OWNER=airflow
AIRFLOW_CTX_DAG_ID=AUTOMATISATION
AIRFLOW_CTX_TASK_ID=demarre_ELK
AIRFLOW_CTX_EXECUTION_DATE=2023-03-13T00:01:00+00:00
AIRFLOW_CTX_TRY_NUMBER=1
AIRFLOW_CTX_DAG_RUN_ID=scheduled__2023-03-13T00:01:00+00:00
[2023-03-14T09:42:34.391+0000] {subprocess.py:63} INFO - Tmp dir root location: 
 /tmp
[2023-03-14T09:42:34.392+0000] {subprocess.py:75} INFO - Running command: ['/usr/bin/bash', '-c', 'docker-compose -f /home/dev/soute/ELK/docker-compose.yml up -d']
[2023-03-14T09:42:34.400+0000] {subprocess.py:86} INFO - Output:
[2023-03-14T09:42:35.147+0000] {subprocess.py:93} INFO - elasticsearch is up-to-date
[2023-03-14T09:42:35.148+0000] {subprocess.py:93} INFO - kibana is up-to-date
[2023-03-14T09:42:35.199+0000] {subprocess.py:97} INFO - Command exited with return code 0
[2023-03-14T09:42:35.229+0000] {taskinstance.py:1318} INFO - Marking task as SUCCESS. dag_id=AUTOMATISATION, task_id=demarre_ELK, execution_date=20230313T000100, start_date=20230314T094234, end_date=20230314T094235
[2023-03-14T09:42:35.288+0000] {local_task_job.py:208} INFO - Task exited with return code 0
[2023-03-14T09:42:35.313+0000] {taskinstance.py:2578} INFO - 1 downstream tasks scheduled from follow-on schedule check
[2023-03-15T07:13:52.481+0000] {taskinstance.py:1083} INFO - Dependencies all met for <TaskInstance: AUTOMATISATION.demarre_ELK scheduled__2023-03-13T00:01:00+00:00 [queued]>
[2023-03-15T07:13:52.486+0000] {taskinstance.py:1083} INFO - Dependencies all met for <TaskInstance: AUTOMATISATION.demarre_ELK scheduled__2023-03-13T00:01:00+00:00 [queued]>
[2023-03-15T07:13:52.486+0000] {taskinstance.py:1279} INFO - 
--------------------------------------------------------------------------------
[2023-03-15T07:13:52.486+0000] {taskinstance.py:1280} INFO - Starting attempt 1 of 2
[2023-03-15T07:13:52.486+0000] {taskinstance.py:1281} INFO - 
--------------------------------------------------------------------------------
[2023-03-15T07:13:52.497+0000] {taskinstance.py:1300} INFO - Executing <Task(BashOperator): demarre_ELK> on 2023-03-13 00:01:00+00:00
[2023-03-15T07:13:52.498+0000] {standard_task_runner.py:55} INFO - Started process 119783 to run task
[2023-03-15T07:13:52.500+0000] {standard_task_runner.py:82} INFO - Running: ['airflow', 'tasks', 'run', 'AUTOMATISATION', 'demarre_ELK', 'scheduled__2023-03-13T00:01:00+00:00', '--job-id', '685', '--raw', '--subdir', 'DAGS_FOLDER/main.py', '--cfg-path', '/tmp/tmp1up1ys60']
[2023-03-15T07:13:52.501+0000] {standard_task_runner.py:83} INFO - Job 685: Subtask demarre_ELK
[2023-03-15T07:13:52.528+0000] {task_command.py:388} INFO - Running <TaskInstance: AUTOMATISATION.demarre_ELK scheduled__2023-03-13T00:01:00+00:00 [running]> on host dev
[2023-03-15T07:13:52.561+0000] {taskinstance.py:1507} INFO - Exporting the following env vars:
AIRFLOW_CTX_DAG_OWNER=airflow
AIRFLOW_CTX_DAG_ID=AUTOMATISATION
AIRFLOW_CTX_TASK_ID=demarre_ELK
AIRFLOW_CTX_EXECUTION_DATE=2023-03-13T00:01:00+00:00
AIRFLOW_CTX_TRY_NUMBER=1
AIRFLOW_CTX_DAG_RUN_ID=scheduled__2023-03-13T00:01:00+00:00
[2023-03-15T07:13:52.561+0000] {subprocess.py:63} INFO - Tmp dir root location: 
 /tmp
[2023-03-15T07:13:52.562+0000] {subprocess.py:75} INFO - Running command: ['/usr/bin/bash', '-c', 'docker-compose -f /home/dev/soute/ELK/docker-compose.yml up -d']
[2023-03-15T07:13:52.566+0000] {subprocess.py:86} INFO - Output:
[2023-03-15T07:13:52.860+0000] {subprocess.py:93} INFO - elasticsearch is up-to-date
[2023-03-15T07:13:52.860+0000] {subprocess.py:93} INFO - kibana is up-to-date
[2023-03-15T07:13:52.881+0000] {subprocess.py:97} INFO - Command exited with return code 0
[2023-03-15T07:13:52.893+0000] {taskinstance.py:1318} INFO - Marking task as SUCCESS. dag_id=AUTOMATISATION, task_id=demarre_ELK, execution_date=20230313T000100, start_date=20230315T071352, end_date=20230315T071352
[2023-03-15T07:13:52.913+0000] {local_task_job.py:208} INFO - Task exited with return code 0
[2023-03-15T07:13:52.923+0000] {taskinstance.py:2578} INFO - 1 downstream tasks scheduled from follow-on schedule check
