[2023-03-13T19:31:08.581+0000] {taskinstance.py:1083} INFO - Dependencies all met for <TaskInstance: AUTOMATISATION.demarre_ELK scheduled__2023-03-13T00:00:33+00:00 [queued]>
[2023-03-13T19:31:08.592+0000] {taskinstance.py:1083} INFO - Dependencies all met for <TaskInstance: AUTOMATISATION.demarre_ELK scheduled__2023-03-13T00:00:33+00:00 [queued]>
[2023-03-13T19:31:08.593+0000] {taskinstance.py:1279} INFO - 
--------------------------------------------------------------------------------
[2023-03-13T19:31:08.593+0000] {taskinstance.py:1280} INFO - Starting attempt 1 of 2
[2023-03-13T19:31:08.593+0000] {taskinstance.py:1281} INFO - 
--------------------------------------------------------------------------------
[2023-03-13T19:31:08.614+0000] {taskinstance.py:1300} INFO - Executing <Task(BashOperator): demarre_ELK> on 2023-03-13 00:00:33+00:00
[2023-03-13T19:31:08.617+0000] {standard_task_runner.py:55} INFO - Started process 35154 to run task
[2023-03-13T19:31:08.623+0000] {standard_task_runner.py:82} INFO - Running: ['airflow', 'tasks', 'run', 'AUTOMATISATION', 'demarre_ELK', 'scheduled__2023-03-13T00:00:33+00:00', '--job-id', '26', '--raw', '--subdir', 'DAGS_FOLDER/main.py', '--cfg-path', '/tmp/tmpjfvecgb7']
[2023-03-13T19:31:08.625+0000] {standard_task_runner.py:83} INFO - Job 26: Subtask demarre_ELK
[2023-03-13T19:31:08.706+0000] {task_command.py:388} INFO - Running <TaskInstance: AUTOMATISATION.demarre_ELK scheduled__2023-03-13T00:00:33+00:00 [running]> on host dev
[2023-03-13T19:31:08.789+0000] {taskinstance.py:1507} INFO - Exporting the following env vars:
AIRFLOW_CTX_DAG_OWNER=airflow
AIRFLOW_CTX_DAG_ID=AUTOMATISATION
AIRFLOW_CTX_TASK_ID=demarre_ELK
AIRFLOW_CTX_EXECUTION_DATE=2023-03-13T00:00:33+00:00
AIRFLOW_CTX_TRY_NUMBER=1
AIRFLOW_CTX_DAG_RUN_ID=scheduled__2023-03-13T00:00:33+00:00
[2023-03-13T19:31:08.790+0000] {subprocess.py:63} INFO - Tmp dir root location: 
 /tmp
[2023-03-13T19:31:08.791+0000] {subprocess.py:75} INFO - Running command: ['/usr/bin/bash', '-c', 'docker-compose -f /home/dev/soute/ELK/docker-compose.yml up -d']
[2023-03-13T19:31:08.803+0000] {subprocess.py:86} INFO - Output:
[2023-03-13T19:31:09.990+0000] {subprocess.py:93} INFO - elasticsearch is up-to-date
[2023-03-13T19:31:09.991+0000] {subprocess.py:93} INFO - kibana is up-to-date
[2023-03-13T19:31:10.069+0000] {subprocess.py:97} INFO - Command exited with return code 0
[2023-03-13T19:31:10.102+0000] {taskinstance.py:1318} INFO - Marking task as SUCCESS. dag_id=AUTOMATISATION, task_id=demarre_ELK, execution_date=20230313T000033, start_date=20230313T193108, end_date=20230313T193110
[2023-03-13T19:31:10.158+0000] {local_task_job.py:208} INFO - Task exited with return code 0
[2023-03-13T19:31:10.194+0000] {taskinstance.py:2578} INFO - 1 downstream tasks scheduled from follow-on schedule check
[2023-03-13T19:41:42.222+0000] {taskinstance.py:1083} INFO - Dependencies all met for <TaskInstance: AUTOMATISATION.demarre_ELK scheduled__2023-03-13T00:00:33+00:00 [queued]>
[2023-03-13T19:41:42.235+0000] {taskinstance.py:1083} INFO - Dependencies all met for <TaskInstance: AUTOMATISATION.demarre_ELK scheduled__2023-03-13T00:00:33+00:00 [queued]>
[2023-03-13T19:41:42.235+0000] {taskinstance.py:1279} INFO - 
--------------------------------------------------------------------------------
[2023-03-13T19:41:42.235+0000] {taskinstance.py:1280} INFO - Starting attempt 1 of 2
[2023-03-13T19:41:42.235+0000] {taskinstance.py:1281} INFO - 
--------------------------------------------------------------------------------
[2023-03-13T19:41:42.258+0000] {taskinstance.py:1300} INFO - Executing <Task(BashOperator): demarre_ELK> on 2023-03-13 00:00:33+00:00
[2023-03-13T19:41:42.261+0000] {standard_task_runner.py:55} INFO - Started process 37102 to run task
[2023-03-13T19:41:42.266+0000] {standard_task_runner.py:82} INFO - Running: ['airflow', 'tasks', 'run', 'AUTOMATISATION', 'demarre_ELK', 'scheduled__2023-03-13T00:00:33+00:00', '--job-id', '74', '--raw', '--subdir', 'DAGS_FOLDER/main.py', '--cfg-path', '/tmp/tmpd3n4i_3t']
[2023-03-13T19:41:42.268+0000] {standard_task_runner.py:83} INFO - Job 74: Subtask demarre_ELK
[2023-03-13T19:41:42.335+0000] {task_command.py:388} INFO - Running <TaskInstance: AUTOMATISATION.demarre_ELK scheduled__2023-03-13T00:00:33+00:00 [running]> on host dev
[2023-03-13T19:41:42.408+0000] {taskinstance.py:1507} INFO - Exporting the following env vars:
AIRFLOW_CTX_DAG_OWNER=airflow
AIRFLOW_CTX_DAG_ID=AUTOMATISATION
AIRFLOW_CTX_TASK_ID=demarre_ELK
AIRFLOW_CTX_EXECUTION_DATE=2023-03-13T00:00:33+00:00
AIRFLOW_CTX_TRY_NUMBER=1
AIRFLOW_CTX_DAG_RUN_ID=scheduled__2023-03-13T00:00:33+00:00
[2023-03-13T19:41:42.410+0000] {subprocess.py:63} INFO - Tmp dir root location: 
 /tmp
[2023-03-13T19:41:42.411+0000] {subprocess.py:75} INFO - Running command: ['/usr/bin/bash', '-c', 'docker-compose -f /home/dev/soute/ELK/docker-compose.yml up -d']
[2023-03-13T19:41:42.419+0000] {subprocess.py:86} INFO - Output:
[2023-03-13T19:41:43.182+0000] {subprocess.py:93} INFO - elasticsearch is up-to-date
[2023-03-13T19:41:43.182+0000] {subprocess.py:93} INFO - kibana is up-to-date
[2023-03-13T19:41:43.240+0000] {subprocess.py:97} INFO - Command exited with return code 0
[2023-03-13T19:41:43.268+0000] {taskinstance.py:1318} INFO - Marking task as SUCCESS. dag_id=AUTOMATISATION, task_id=demarre_ELK, execution_date=20230313T000033, start_date=20230313T194142, end_date=20230313T194143
[2023-03-13T19:41:43.320+0000] {local_task_job.py:208} INFO - Task exited with return code 0
[2023-03-13T19:41:43.347+0000] {taskinstance.py:2578} INFO - 1 downstream tasks scheduled from follow-on schedule check
[2023-03-13T20:03:11.580+0000] {taskinstance.py:1083} INFO - Dependencies all met for <TaskInstance: AUTOMATISATION.demarre_ELK scheduled__2023-03-13T00:00:33+00:00 [queued]>
[2023-03-13T20:03:11.595+0000] {taskinstance.py:1083} INFO - Dependencies all met for <TaskInstance: AUTOMATISATION.demarre_ELK scheduled__2023-03-13T00:00:33+00:00 [queued]>
[2023-03-13T20:03:11.596+0000] {taskinstance.py:1279} INFO - 
--------------------------------------------------------------------------------
[2023-03-13T20:03:11.596+0000] {taskinstance.py:1280} INFO - Starting attempt 1 of 2
[2023-03-13T20:03:11.596+0000] {taskinstance.py:1281} INFO - 
--------------------------------------------------------------------------------
[2023-03-13T20:03:11.618+0000] {taskinstance.py:1300} INFO - Executing <Task(BashOperator): demarre_ELK> on 2023-03-13 00:00:33+00:00
[2023-03-13T20:03:11.621+0000] {standard_task_runner.py:55} INFO - Started process 40865 to run task
[2023-03-13T20:03:11.626+0000] {standard_task_runner.py:82} INFO - Running: ['airflow', 'tasks', 'run', 'AUTOMATISATION', 'demarre_ELK', 'scheduled__2023-03-13T00:00:33+00:00', '--job-id', '186', '--raw', '--subdir', 'DAGS_FOLDER/main.py', '--cfg-path', '/tmp/tmpc_vzwrec']
[2023-03-13T20:03:11.628+0000] {standard_task_runner.py:83} INFO - Job 186: Subtask demarre_ELK
[2023-03-13T20:03:11.694+0000] {task_command.py:388} INFO - Running <TaskInstance: AUTOMATISATION.demarre_ELK scheduled__2023-03-13T00:00:33+00:00 [running]> on host dev
[2023-03-13T20:03:11.765+0000] {taskinstance.py:1507} INFO - Exporting the following env vars:
AIRFLOW_CTX_DAG_OWNER=airflow
AIRFLOW_CTX_DAG_ID=AUTOMATISATION
AIRFLOW_CTX_TASK_ID=demarre_ELK
AIRFLOW_CTX_EXECUTION_DATE=2023-03-13T00:00:33+00:00
AIRFLOW_CTX_TRY_NUMBER=1
AIRFLOW_CTX_DAG_RUN_ID=scheduled__2023-03-13T00:00:33+00:00
[2023-03-13T20:03:11.766+0000] {subprocess.py:63} INFO - Tmp dir root location: 
 /tmp
[2023-03-13T20:03:11.768+0000] {subprocess.py:75} INFO - Running command: ['/usr/bin/bash', '-c', 'docker-compose -f /home/dev/soute/ELK/docker-compose.yml up -d']
[2023-03-13T20:03:11.777+0000] {subprocess.py:86} INFO - Output:
[2023-03-13T20:03:12.606+0000] {subprocess.py:93} INFO - elasticsearch is up-to-date
[2023-03-13T20:03:12.607+0000] {subprocess.py:93} INFO - kibana is up-to-date
[2023-03-13T20:03:12.663+0000] {subprocess.py:97} INFO - Command exited with return code 0
[2023-03-13T20:03:12.695+0000] {taskinstance.py:1318} INFO - Marking task as SUCCESS. dag_id=AUTOMATISATION, task_id=demarre_ELK, execution_date=20230313T000033, start_date=20230313T200311, end_date=20230313T200312
[2023-03-13T20:03:12.719+0000] {local_task_job.py:208} INFO - Task exited with return code 0
[2023-03-13T20:03:12.746+0000] {taskinstance.py:2578} INFO - 1 downstream tasks scheduled from follow-on schedule check
[2023-03-13T20:35:37.298+0000] {taskinstance.py:1083} INFO - Dependencies all met for <TaskInstance: AUTOMATISATION.demarre_ELK scheduled__2023-03-13T00:00:33+00:00 [queued]>
[2023-03-13T20:35:37.312+0000] {taskinstance.py:1083} INFO - Dependencies all met for <TaskInstance: AUTOMATISATION.demarre_ELK scheduled__2023-03-13T00:00:33+00:00 [queued]>
[2023-03-13T20:35:37.312+0000] {taskinstance.py:1279} INFO - 
--------------------------------------------------------------------------------
[2023-03-13T20:35:37.312+0000] {taskinstance.py:1280} INFO - Starting attempt 1 of 2
[2023-03-13T20:35:37.312+0000] {taskinstance.py:1281} INFO - 
--------------------------------------------------------------------------------
[2023-03-13T20:35:37.333+0000] {taskinstance.py:1300} INFO - Executing <Task(BashOperator): demarre_ELK> on 2023-03-13 00:00:33+00:00
[2023-03-13T20:35:37.336+0000] {standard_task_runner.py:55} INFO - Started process 47593 to run task
[2023-03-13T20:35:37.340+0000] {standard_task_runner.py:82} INFO - Running: ['airflow', 'tasks', 'run', 'AUTOMATISATION', 'demarre_ELK', 'scheduled__2023-03-13T00:00:33+00:00', '--job-id', '298', '--raw', '--subdir', 'DAGS_FOLDER/main.py', '--cfg-path', '/tmp/tmp4z61bgul']
[2023-03-13T20:35:37.342+0000] {standard_task_runner.py:83} INFO - Job 298: Subtask demarre_ELK
[2023-03-13T20:35:37.408+0000] {task_command.py:388} INFO - Running <TaskInstance: AUTOMATISATION.demarre_ELK scheduled__2023-03-13T00:00:33+00:00 [running]> on host dev
[2023-03-13T20:35:37.477+0000] {taskinstance.py:1507} INFO - Exporting the following env vars:
AIRFLOW_CTX_DAG_OWNER=airflow
AIRFLOW_CTX_DAG_ID=AUTOMATISATION
AIRFLOW_CTX_TASK_ID=demarre_ELK
AIRFLOW_CTX_EXECUTION_DATE=2023-03-13T00:00:33+00:00
AIRFLOW_CTX_TRY_NUMBER=1
AIRFLOW_CTX_DAG_RUN_ID=scheduled__2023-03-13T00:00:33+00:00
[2023-03-13T20:35:37.478+0000] {subprocess.py:63} INFO - Tmp dir root location: 
 /tmp
[2023-03-13T20:35:37.479+0000] {subprocess.py:75} INFO - Running command: ['/usr/bin/bash', '-c', 'docker-compose -f /home/dev/soute/ELK/docker-compose.yml up -d']
[2023-03-13T20:35:37.487+0000] {subprocess.py:86} INFO - Output:
[2023-03-13T20:35:38.264+0000] {subprocess.py:93} INFO - elasticsearch is up-to-date
[2023-03-13T20:35:38.265+0000] {subprocess.py:93} INFO - kibana is up-to-date
[2023-03-13T20:35:38.320+0000] {subprocess.py:97} INFO - Command exited with return code 0
[2023-03-13T20:35:38.348+0000] {taskinstance.py:1318} INFO - Marking task as SUCCESS. dag_id=AUTOMATISATION, task_id=demarre_ELK, execution_date=20230313T000033, start_date=20230313T203537, end_date=20230313T203538
[2023-03-13T20:35:38.394+0000] {local_task_job.py:208} INFO - Task exited with return code 0
[2023-03-13T20:35:38.419+0000] {taskinstance.py:2578} INFO - 1 downstream tasks scheduled from follow-on schedule check
[2023-03-14T09:29:14.429+0000] {taskinstance.py:1083} INFO - Dependencies all met for <TaskInstance: AUTOMATISATION.demarre_ELK scheduled__2023-03-13T00:00:33+00:00 [queued]>
[2023-03-14T09:29:14.441+0000] {taskinstance.py:1083} INFO - Dependencies all met for <TaskInstance: AUTOMATISATION.demarre_ELK scheduled__2023-03-13T00:00:33+00:00 [queued]>
[2023-03-14T09:29:14.441+0000] {taskinstance.py:1279} INFO - 
--------------------------------------------------------------------------------
[2023-03-14T09:29:14.441+0000] {taskinstance.py:1280} INFO - Starting attempt 1 of 2
[2023-03-14T09:29:14.441+0000] {taskinstance.py:1281} INFO - 
--------------------------------------------------------------------------------
[2023-03-14T09:29:14.464+0000] {taskinstance.py:1300} INFO - Executing <Task(BashOperator): demarre_ELK> on 2023-03-13 00:00:33+00:00
[2023-03-14T09:29:14.467+0000] {standard_task_runner.py:55} INFO - Started process 25287 to run task
[2023-03-14T09:29:14.471+0000] {standard_task_runner.py:82} INFO - Running: ['airflow', 'tasks', 'run', 'AUTOMATISATION', 'demarre_ELK', 'scheduled__2023-03-13T00:00:33+00:00', '--job-id', '542', '--raw', '--subdir', 'DAGS_FOLDER/main.py', '--cfg-path', '/tmp/tmpbwau8j52']
[2023-03-14T09:29:14.473+0000] {standard_task_runner.py:83} INFO - Job 542: Subtask demarre_ELK
[2023-03-14T09:29:14.539+0000] {task_command.py:388} INFO - Running <TaskInstance: AUTOMATISATION.demarre_ELK scheduled__2023-03-13T00:00:33+00:00 [running]> on host dev
[2023-03-14T09:29:14.606+0000] {taskinstance.py:1507} INFO - Exporting the following env vars:
AIRFLOW_CTX_DAG_OWNER=airflow
AIRFLOW_CTX_DAG_ID=AUTOMATISATION
AIRFLOW_CTX_TASK_ID=demarre_ELK
AIRFLOW_CTX_EXECUTION_DATE=2023-03-13T00:00:33+00:00
AIRFLOW_CTX_TRY_NUMBER=1
AIRFLOW_CTX_DAG_RUN_ID=scheduled__2023-03-13T00:00:33+00:00
[2023-03-14T09:29:14.608+0000] {subprocess.py:63} INFO - Tmp dir root location: 
 /tmp
[2023-03-14T09:29:14.609+0000] {subprocess.py:75} INFO - Running command: ['/usr/bin/bash', '-c', 'docker-compose -f /home/dev/soute/ELK/docker-compose.yml up -d']
[2023-03-14T09:29:14.617+0000] {subprocess.py:86} INFO - Output:
[2023-03-14T09:29:15.369+0000] {subprocess.py:93} INFO - elasticsearch is up-to-date
[2023-03-14T09:29:15.369+0000] {subprocess.py:93} INFO - kibana is up-to-date
[2023-03-14T09:29:15.424+0000] {subprocess.py:97} INFO - Command exited with return code 0
[2023-03-14T09:29:15.453+0000] {taskinstance.py:1318} INFO - Marking task as SUCCESS. dag_id=AUTOMATISATION, task_id=demarre_ELK, execution_date=20230313T000033, start_date=20230314T092914, end_date=20230314T092915
[2023-03-14T09:29:15.485+0000] {local_task_job.py:208} INFO - Task exited with return code 0
[2023-03-14T09:29:15.509+0000] {taskinstance.py:2578} INFO - 1 downstream tasks scheduled from follow-on schedule check
[2023-03-15T07:10:41.936+0000] {taskinstance.py:1083} INFO - Dependencies all met for <TaskInstance: AUTOMATISATION.demarre_ELK scheduled__2023-03-13T00:00:33+00:00 [queued]>
[2023-03-15T07:10:41.941+0000] {taskinstance.py:1083} INFO - Dependencies all met for <TaskInstance: AUTOMATISATION.demarre_ELK scheduled__2023-03-13T00:00:33+00:00 [queued]>
[2023-03-15T07:10:41.941+0000] {taskinstance.py:1279} INFO - 
--------------------------------------------------------------------------------
[2023-03-15T07:10:41.941+0000] {taskinstance.py:1280} INFO - Starting attempt 1 of 2
[2023-03-15T07:10:41.941+0000] {taskinstance.py:1281} INFO - 
--------------------------------------------------------------------------------
[2023-03-15T07:10:41.952+0000] {taskinstance.py:1300} INFO - Executing <Task(BashOperator): demarre_ELK> on 2023-03-13 00:00:33+00:00
[2023-03-15T07:10:41.953+0000] {standard_task_runner.py:55} INFO - Started process 117976 to run task
[2023-03-15T07:10:41.955+0000] {standard_task_runner.py:82} INFO - Running: ['airflow', 'tasks', 'run', 'AUTOMATISATION', 'demarre_ELK', 'scheduled__2023-03-13T00:00:33+00:00', '--job-id', '667', '--raw', '--subdir', 'DAGS_FOLDER/main.py', '--cfg-path', '/tmp/tmp1i_lipsp']
[2023-03-15T07:10:41.955+0000] {standard_task_runner.py:83} INFO - Job 667: Subtask demarre_ELK
[2023-03-15T07:10:41.983+0000] {task_command.py:388} INFO - Running <TaskInstance: AUTOMATISATION.demarre_ELK scheduled__2023-03-13T00:00:33+00:00 [running]> on host dev
[2023-03-15T07:10:42.014+0000] {taskinstance.py:1507} INFO - Exporting the following env vars:
AIRFLOW_CTX_DAG_OWNER=airflow
AIRFLOW_CTX_DAG_ID=AUTOMATISATION
AIRFLOW_CTX_TASK_ID=demarre_ELK
AIRFLOW_CTX_EXECUTION_DATE=2023-03-13T00:00:33+00:00
AIRFLOW_CTX_TRY_NUMBER=1
AIRFLOW_CTX_DAG_RUN_ID=scheduled__2023-03-13T00:00:33+00:00
[2023-03-15T07:10:42.015+0000] {subprocess.py:63} INFO - Tmp dir root location: 
 /tmp
[2023-03-15T07:10:42.015+0000] {subprocess.py:75} INFO - Running command: ['/usr/bin/bash', '-c', 'docker-compose -f /home/dev/soute/ELK/docker-compose.yml up -d']
[2023-03-15T07:10:42.019+0000] {subprocess.py:86} INFO - Output:
[2023-03-15T07:10:42.331+0000] {subprocess.py:93} INFO - elasticsearch is up-to-date
[2023-03-15T07:10:42.331+0000] {subprocess.py:93} INFO - kibana is up-to-date
[2023-03-15T07:10:42.354+0000] {subprocess.py:97} INFO - Command exited with return code 0
[2023-03-15T07:10:42.367+0000] {taskinstance.py:1318} INFO - Marking task as SUCCESS. dag_id=AUTOMATISATION, task_id=demarre_ELK, execution_date=20230313T000033, start_date=20230315T071041, end_date=20230315T071042
[2023-03-15T07:10:42.407+0000] {local_task_job.py:208} INFO - Task exited with return code 0
[2023-03-15T07:10:42.422+0000] {taskinstance.py:2578} INFO - 1 downstream tasks scheduled from follow-on schedule check
