[2023-03-13T19:30:15.583+0000] {taskinstance.py:1083} INFO - Dependencies all met for <TaskInstance: AUTOMATISATION.demarre_ELK scheduled__2023-03-13T00:00:12+00:00 [queued]>
[2023-03-13T19:30:15.594+0000] {taskinstance.py:1083} INFO - Dependencies all met for <TaskInstance: AUTOMATISATION.demarre_ELK scheduled__2023-03-13T00:00:12+00:00 [queued]>
[2023-03-13T19:30:15.595+0000] {taskinstance.py:1279} INFO - 
--------------------------------------------------------------------------------
[2023-03-13T19:30:15.595+0000] {taskinstance.py:1280} INFO - Starting attempt 1 of 2
[2023-03-13T19:30:15.595+0000] {taskinstance.py:1281} INFO - 
--------------------------------------------------------------------------------
[2023-03-13T19:30:15.714+0000] {taskinstance.py:1300} INFO - Executing <Task(BashOperator): demarre_ELK> on 2023-03-13 00:00:12+00:00
[2023-03-13T19:30:15.717+0000] {standard_task_runner.py:55} INFO - Started process 34860 to run task
[2023-03-13T19:30:15.721+0000] {standard_task_runner.py:82} INFO - Running: ['airflow', 'tasks', 'run', 'AUTOMATISATION', 'demarre_ELK', 'scheduled__2023-03-13T00:00:12+00:00', '--job-id', '12', '--raw', '--subdir', 'DAGS_FOLDER/main.py', '--cfg-path', '/tmp/tmpb286bhpi']
[2023-03-13T19:30:15.723+0000] {standard_task_runner.py:83} INFO - Job 12: Subtask demarre_ELK
[2023-03-13T19:30:15.849+0000] {task_command.py:388} INFO - Running <TaskInstance: AUTOMATISATION.demarre_ELK scheduled__2023-03-13T00:00:12+00:00 [running]> on host dev
[2023-03-13T19:30:16.096+0000] {taskinstance.py:1507} INFO - Exporting the following env vars:
AIRFLOW_CTX_DAG_OWNER=airflow
AIRFLOW_CTX_DAG_ID=AUTOMATISATION
AIRFLOW_CTX_TASK_ID=demarre_ELK
AIRFLOW_CTX_EXECUTION_DATE=2023-03-13T00:00:12+00:00
AIRFLOW_CTX_TRY_NUMBER=1
AIRFLOW_CTX_DAG_RUN_ID=scheduled__2023-03-13T00:00:12+00:00
[2023-03-13T19:30:16.098+0000] {subprocess.py:63} INFO - Tmp dir root location: 
 /tmp
[2023-03-13T19:30:16.098+0000] {subprocess.py:75} INFO - Running command: ['/usr/bin/bash', '-c', 'docker-compose -f /home/dev/soute/ELK/docker-compose.yml up -d']
[2023-03-13T19:30:16.106+0000] {subprocess.py:86} INFO - Output:
[2023-03-13T19:30:17.327+0000] {subprocess.py:93} INFO - elasticsearch is up-to-date
[2023-03-13T19:30:17.328+0000] {subprocess.py:93} INFO - kibana is up-to-date
[2023-03-13T19:30:17.383+0000] {subprocess.py:97} INFO - Command exited with return code 0
[2023-03-13T19:30:17.859+0000] {taskinstance.py:1318} INFO - Marking task as SUCCESS. dag_id=AUTOMATISATION, task_id=demarre_ELK, execution_date=20230313T000012, start_date=20230313T193015, end_date=20230313T193017
[2023-03-13T19:30:18.140+0000] {local_task_job.py:208} INFO - Task exited with return code 0
[2023-03-13T19:30:18.167+0000] {taskinstance.py:2578} INFO - 1 downstream tasks scheduled from follow-on schedule check
[2023-03-13T19:40:48.951+0000] {taskinstance.py:1083} INFO - Dependencies all met for <TaskInstance: AUTOMATISATION.demarre_ELK scheduled__2023-03-13T00:00:12+00:00 [queued]>
[2023-03-13T19:40:48.965+0000] {taskinstance.py:1083} INFO - Dependencies all met for <TaskInstance: AUTOMATISATION.demarre_ELK scheduled__2023-03-13T00:00:12+00:00 [queued]>
[2023-03-13T19:40:48.965+0000] {taskinstance.py:1279} INFO - 
--------------------------------------------------------------------------------
[2023-03-13T19:40:48.966+0000] {taskinstance.py:1280} INFO - Starting attempt 1 of 2
[2023-03-13T19:40:48.966+0000] {taskinstance.py:1281} INFO - 
--------------------------------------------------------------------------------
[2023-03-13T19:40:48.988+0000] {taskinstance.py:1300} INFO - Executing <Task(BashOperator): demarre_ELK> on 2023-03-13 00:00:12+00:00
[2023-03-13T19:40:48.991+0000] {standard_task_runner.py:55} INFO - Started process 36836 to run task
[2023-03-13T19:40:48.995+0000] {standard_task_runner.py:82} INFO - Running: ['airflow', 'tasks', 'run', 'AUTOMATISATION', 'demarre_ELK', 'scheduled__2023-03-13T00:00:12+00:00', '--job-id', '60', '--raw', '--subdir', 'DAGS_FOLDER/main.py', '--cfg-path', '/tmp/tmp49xt8evl']
[2023-03-13T19:40:48.997+0000] {standard_task_runner.py:83} INFO - Job 60: Subtask demarre_ELK
[2023-03-13T19:40:49.068+0000] {task_command.py:388} INFO - Running <TaskInstance: AUTOMATISATION.demarre_ELK scheduled__2023-03-13T00:00:12+00:00 [running]> on host dev
[2023-03-13T19:40:49.137+0000] {taskinstance.py:1507} INFO - Exporting the following env vars:
AIRFLOW_CTX_DAG_OWNER=airflow
AIRFLOW_CTX_DAG_ID=AUTOMATISATION
AIRFLOW_CTX_TASK_ID=demarre_ELK
AIRFLOW_CTX_EXECUTION_DATE=2023-03-13T00:00:12+00:00
AIRFLOW_CTX_TRY_NUMBER=1
AIRFLOW_CTX_DAG_RUN_ID=scheduled__2023-03-13T00:00:12+00:00
[2023-03-13T19:40:49.138+0000] {subprocess.py:63} INFO - Tmp dir root location: 
 /tmp
[2023-03-13T19:40:49.139+0000] {subprocess.py:75} INFO - Running command: ['/usr/bin/bash', '-c', 'docker-compose -f /home/dev/soute/ELK/docker-compose.yml up -d']
[2023-03-13T19:40:49.148+0000] {subprocess.py:86} INFO - Output:
[2023-03-13T19:40:50.019+0000] {subprocess.py:93} INFO - elasticsearch is up-to-date
[2023-03-13T19:40:50.020+0000] {subprocess.py:93} INFO - kibana is up-to-date
[2023-03-13T19:40:50.084+0000] {subprocess.py:97} INFO - Command exited with return code 0
[2023-03-13T19:40:50.116+0000] {taskinstance.py:1318} INFO - Marking task as SUCCESS. dag_id=AUTOMATISATION, task_id=demarre_ELK, execution_date=20230313T000012, start_date=20230313T194048, end_date=20230313T194050
[2023-03-13T19:40:50.169+0000] {local_task_job.py:208} INFO - Task exited with return code 0
[2023-03-13T19:40:50.197+0000] {taskinstance.py:2578} INFO - 1 downstream tasks scheduled from follow-on schedule check
[2023-03-13T20:02:15.789+0000] {taskinstance.py:1083} INFO - Dependencies all met for <TaskInstance: AUTOMATISATION.demarre_ELK scheduled__2023-03-13T00:00:12+00:00 [queued]>
[2023-03-13T20:02:15.802+0000] {taskinstance.py:1083} INFO - Dependencies all met for <TaskInstance: AUTOMATISATION.demarre_ELK scheduled__2023-03-13T00:00:12+00:00 [queued]>
[2023-03-13T20:02:15.802+0000] {taskinstance.py:1279} INFO - 
--------------------------------------------------------------------------------
[2023-03-13T20:02:15.802+0000] {taskinstance.py:1280} INFO - Starting attempt 1 of 2
[2023-03-13T20:02:15.803+0000] {taskinstance.py:1281} INFO - 
--------------------------------------------------------------------------------
[2023-03-13T20:02:15.827+0000] {taskinstance.py:1300} INFO - Executing <Task(BashOperator): demarre_ELK> on 2023-03-13 00:00:12+00:00
[2023-03-13T20:02:15.832+0000] {standard_task_runner.py:55} INFO - Started process 40619 to run task
[2023-03-13T20:02:15.836+0000] {standard_task_runner.py:82} INFO - Running: ['airflow', 'tasks', 'run', 'AUTOMATISATION', 'demarre_ELK', 'scheduled__2023-03-13T00:00:12+00:00', '--job-id', '172', '--raw', '--subdir', 'DAGS_FOLDER/main.py', '--cfg-path', '/tmp/tmpwscoq556']
[2023-03-13T20:02:15.838+0000] {standard_task_runner.py:83} INFO - Job 172: Subtask demarre_ELK
[2023-03-13T20:02:15.911+0000] {task_command.py:388} INFO - Running <TaskInstance: AUTOMATISATION.demarre_ELK scheduled__2023-03-13T00:00:12+00:00 [running]> on host dev
[2023-03-13T20:02:15.980+0000] {taskinstance.py:1507} INFO - Exporting the following env vars:
AIRFLOW_CTX_DAG_OWNER=airflow
AIRFLOW_CTX_DAG_ID=AUTOMATISATION
AIRFLOW_CTX_TASK_ID=demarre_ELK
AIRFLOW_CTX_EXECUTION_DATE=2023-03-13T00:00:12+00:00
AIRFLOW_CTX_TRY_NUMBER=1
AIRFLOW_CTX_DAG_RUN_ID=scheduled__2023-03-13T00:00:12+00:00
[2023-03-13T20:02:15.982+0000] {subprocess.py:63} INFO - Tmp dir root location: 
 /tmp
[2023-03-13T20:02:15.984+0000] {subprocess.py:75} INFO - Running command: ['/usr/bin/bash', '-c', 'docker-compose -f /home/dev/soute/ELK/docker-compose.yml up -d']
[2023-03-13T20:02:15.995+0000] {subprocess.py:86} INFO - Output:
[2023-03-13T20:02:17.199+0000] {subprocess.py:93} INFO - elasticsearch is up-to-date
[2023-03-13T20:02:17.201+0000] {subprocess.py:93} INFO - kibana is up-to-date
[2023-03-13T20:02:17.284+0000] {subprocess.py:97} INFO - Command exited with return code 0
[2023-03-13T20:02:17.326+0000] {taskinstance.py:1318} INFO - Marking task as SUCCESS. dag_id=AUTOMATISATION, task_id=demarre_ELK, execution_date=20230313T000012, start_date=20230313T200215, end_date=20230313T200217
[2023-03-13T20:02:17.374+0000] {local_task_job.py:208} INFO - Task exited with return code 0
[2023-03-13T20:02:17.427+0000] {taskinstance.py:2578} INFO - 1 downstream tasks scheduled from follow-on schedule check
[2023-03-13T20:26:38.611+0000] {taskinstance.py:1083} INFO - Dependencies all met for <TaskInstance: AUTOMATISATION.demarre_ELK scheduled__2023-03-13T00:00:12+00:00 [queued]>
[2023-03-13T20:26:38.623+0000] {taskinstance.py:1083} INFO - Dependencies all met for <TaskInstance: AUTOMATISATION.demarre_ELK scheduled__2023-03-13T00:00:12+00:00 [queued]>
[2023-03-13T20:26:38.623+0000] {taskinstance.py:1279} INFO - 
--------------------------------------------------------------------------------
[2023-03-13T20:26:38.623+0000] {taskinstance.py:1280} INFO - Starting attempt 1 of 2
[2023-03-13T20:26:38.623+0000] {taskinstance.py:1281} INFO - 
--------------------------------------------------------------------------------
[2023-03-13T20:26:38.643+0000] {taskinstance.py:1300} INFO - Executing <Task(BashOperator): demarre_ELK> on 2023-03-13 00:00:12+00:00
[2023-03-13T20:26:38.646+0000] {standard_task_runner.py:55} INFO - Started process 45371 to run task
[2023-03-13T20:26:38.650+0000] {standard_task_runner.py:82} INFO - Running: ['airflow', 'tasks', 'run', 'AUTOMATISATION', 'demarre_ELK', 'scheduled__2023-03-13T00:00:12+00:00', '--job-id', '284', '--raw', '--subdir', 'DAGS_FOLDER/main.py', '--cfg-path', '/tmp/tmpm7unyokr']
[2023-03-13T20:26:38.652+0000] {standard_task_runner.py:83} INFO - Job 284: Subtask demarre_ELK
[2023-03-13T20:26:38.718+0000] {task_command.py:388} INFO - Running <TaskInstance: AUTOMATISATION.demarre_ELK scheduled__2023-03-13T00:00:12+00:00 [running]> on host dev
[2023-03-13T20:26:38.790+0000] {taskinstance.py:1507} INFO - Exporting the following env vars:
AIRFLOW_CTX_DAG_OWNER=airflow
AIRFLOW_CTX_DAG_ID=AUTOMATISATION
AIRFLOW_CTX_TASK_ID=demarre_ELK
AIRFLOW_CTX_EXECUTION_DATE=2023-03-13T00:00:12+00:00
AIRFLOW_CTX_TRY_NUMBER=1
AIRFLOW_CTX_DAG_RUN_ID=scheduled__2023-03-13T00:00:12+00:00
[2023-03-13T20:26:38.792+0000] {subprocess.py:63} INFO - Tmp dir root location: 
 /tmp
[2023-03-13T20:26:38.792+0000] {subprocess.py:75} INFO - Running command: ['/usr/bin/bash', '-c', 'docker-compose -f /home/dev/soute/ELK/docker-compose.yml up -d']
[2023-03-13T20:26:38.800+0000] {subprocess.py:86} INFO - Output:
[2023-03-13T20:26:39.813+0000] {subprocess.py:93} INFO - elasticsearch is up-to-date
[2023-03-13T20:26:39.814+0000] {subprocess.py:93} INFO - kibana is up-to-date
[2023-03-13T20:26:39.884+0000] {subprocess.py:97} INFO - Command exited with return code 0
[2023-03-13T20:26:39.920+0000] {taskinstance.py:1318} INFO - Marking task as SUCCESS. dag_id=AUTOMATISATION, task_id=demarre_ELK, execution_date=20230313T000012, start_date=20230313T202638, end_date=20230313T202639
[2023-03-13T20:26:39.984+0000] {local_task_job.py:208} INFO - Task exited with return code 0
[2023-03-13T20:26:40.016+0000] {taskinstance.py:2578} INFO - 1 downstream tasks scheduled from follow-on schedule check
[2023-03-14T09:21:14.648+0000] {taskinstance.py:1083} INFO - Dependencies all met for <TaskInstance: AUTOMATISATION.demarre_ELK scheduled__2023-03-13T00:00:12+00:00 [queued]>
[2023-03-14T09:21:14.660+0000] {taskinstance.py:1083} INFO - Dependencies all met for <TaskInstance: AUTOMATISATION.demarre_ELK scheduled__2023-03-13T00:00:12+00:00 [queued]>
[2023-03-14T09:21:14.660+0000] {taskinstance.py:1279} INFO - 
--------------------------------------------------------------------------------
[2023-03-14T09:21:14.660+0000] {taskinstance.py:1280} INFO - Starting attempt 1 of 2
[2023-03-14T09:21:14.660+0000] {taskinstance.py:1281} INFO - 
--------------------------------------------------------------------------------
[2023-03-14T09:21:14.680+0000] {taskinstance.py:1300} INFO - Executing <Task(BashOperator): demarre_ELK> on 2023-03-13 00:00:12+00:00
[2023-03-14T09:21:14.683+0000] {standard_task_runner.py:55} INFO - Started process 23401 to run task
[2023-03-14T09:21:14.688+0000] {standard_task_runner.py:82} INFO - Running: ['airflow', 'tasks', 'run', 'AUTOMATISATION', 'demarre_ELK', 'scheduled__2023-03-13T00:00:12+00:00', '--job-id', '528', '--raw', '--subdir', 'DAGS_FOLDER/main.py', '--cfg-path', '/tmp/tmpysh8swkq']
[2023-03-14T09:21:14.690+0000] {standard_task_runner.py:83} INFO - Job 528: Subtask demarre_ELK
[2023-03-14T09:21:14.753+0000] {task_command.py:388} INFO - Running <TaskInstance: AUTOMATISATION.demarre_ELK scheduled__2023-03-13T00:00:12+00:00 [running]> on host dev
[2023-03-14T09:21:14.816+0000] {taskinstance.py:1507} INFO - Exporting the following env vars:
AIRFLOW_CTX_DAG_OWNER=airflow
AIRFLOW_CTX_DAG_ID=AUTOMATISATION
AIRFLOW_CTX_TASK_ID=demarre_ELK
AIRFLOW_CTX_EXECUTION_DATE=2023-03-13T00:00:12+00:00
AIRFLOW_CTX_TRY_NUMBER=1
AIRFLOW_CTX_DAG_RUN_ID=scheduled__2023-03-13T00:00:12+00:00
[2023-03-14T09:21:14.818+0000] {subprocess.py:63} INFO - Tmp dir root location: 
 /tmp
[2023-03-14T09:21:14.819+0000] {subprocess.py:75} INFO - Running command: ['/usr/bin/bash', '-c', 'docker-compose -f /home/dev/soute/ELK/docker-compose.yml up -d']
[2023-03-14T09:21:14.826+0000] {subprocess.py:86} INFO - Output:
[2023-03-14T09:21:15.569+0000] {subprocess.py:93} INFO - elasticsearch is up-to-date
[2023-03-14T09:21:15.570+0000] {subprocess.py:93} INFO - kibana is up-to-date
[2023-03-14T09:21:15.621+0000] {subprocess.py:97} INFO - Command exited with return code 0
[2023-03-14T09:21:15.648+0000] {taskinstance.py:1318} INFO - Marking task as SUCCESS. dag_id=AUTOMATISATION, task_id=demarre_ELK, execution_date=20230313T000012, start_date=20230314T092114, end_date=20230314T092115
[2023-03-14T09:21:15.701+0000] {local_task_job.py:208} INFO - Task exited with return code 0
[2023-03-14T09:21:15.726+0000] {taskinstance.py:2578} INFO - 1 downstream tasks scheduled from follow-on schedule check
[2023-03-15T07:08:05.707+0000] {taskinstance.py:1083} INFO - Dependencies all met for <TaskInstance: AUTOMATISATION.demarre_ELK scheduled__2023-03-13T00:00:12+00:00 [queued]>
[2023-03-15T07:08:05.711+0000] {taskinstance.py:1083} INFO - Dependencies all met for <TaskInstance: AUTOMATISATION.demarre_ELK scheduled__2023-03-13T00:00:12+00:00 [queued]>
[2023-03-15T07:08:05.711+0000] {taskinstance.py:1279} INFO - 
--------------------------------------------------------------------------------
[2023-03-15T07:08:05.711+0000] {taskinstance.py:1280} INFO - Starting attempt 1 of 2
[2023-03-15T07:08:05.711+0000] {taskinstance.py:1281} INFO - 
--------------------------------------------------------------------------------
[2023-03-15T07:08:05.721+0000] {taskinstance.py:1300} INFO - Executing <Task(BashOperator): demarre_ELK> on 2023-03-13 00:00:12+00:00
[2023-03-15T07:08:05.723+0000] {standard_task_runner.py:55} INFO - Started process 116600 to run task
[2023-03-15T07:08:05.724+0000] {standard_task_runner.py:82} INFO - Running: ['airflow', 'tasks', 'run', 'AUTOMATISATION', 'demarre_ELK', 'scheduled__2023-03-13T00:00:12+00:00', '--job-id', '652', '--raw', '--subdir', 'DAGS_FOLDER/main.py', '--cfg-path', '/tmp/tmponrhzm4_']
[2023-03-15T07:08:05.725+0000] {standard_task_runner.py:83} INFO - Job 652: Subtask demarre_ELK
[2023-03-15T07:08:05.753+0000] {task_command.py:388} INFO - Running <TaskInstance: AUTOMATISATION.demarre_ELK scheduled__2023-03-13T00:00:12+00:00 [running]> on host dev
[2023-03-15T07:08:05.785+0000] {taskinstance.py:1507} INFO - Exporting the following env vars:
AIRFLOW_CTX_DAG_OWNER=airflow
AIRFLOW_CTX_DAG_ID=AUTOMATISATION
AIRFLOW_CTX_TASK_ID=demarre_ELK
AIRFLOW_CTX_EXECUTION_DATE=2023-03-13T00:00:12+00:00
AIRFLOW_CTX_TRY_NUMBER=1
AIRFLOW_CTX_DAG_RUN_ID=scheduled__2023-03-13T00:00:12+00:00
[2023-03-15T07:08:05.786+0000] {subprocess.py:63} INFO - Tmp dir root location: 
 /tmp
[2023-03-15T07:08:05.787+0000] {subprocess.py:75} INFO - Running command: ['/usr/bin/bash', '-c', 'docker-compose -f /home/dev/soute/ELK/docker-compose.yml up -d']
[2023-03-15T07:08:05.791+0000] {subprocess.py:86} INFO - Output:
[2023-03-15T07:08:06.092+0000] {subprocess.py:93} INFO - elasticsearch is up-to-date
[2023-03-15T07:08:06.092+0000] {subprocess.py:93} INFO - kibana is up-to-date
[2023-03-15T07:08:06.113+0000] {subprocess.py:97} INFO - Command exited with return code 0
[2023-03-15T07:08:06.129+0000] {taskinstance.py:1318} INFO - Marking task as SUCCESS. dag_id=AUTOMATISATION, task_id=demarre_ELK, execution_date=20230313T000012, start_date=20230315T070805, end_date=20230315T070806
[2023-03-15T07:08:06.178+0000] {local_task_job.py:208} INFO - Task exited with return code 0
[2023-03-15T07:08:06.200+0000] {taskinstance.py:2578} INFO - 1 downstream tasks scheduled from follow-on schedule check
