[2023-03-13T20:51:22.447+0000] {taskinstance.py:1083} INFO - Dependencies all met for <TaskInstance: AUTOMATISATION.demarre_ELK scheduled__2023-03-13T00:01:03+00:00 [queued]>
[2023-03-13T20:51:22.461+0000] {taskinstance.py:1083} INFO - Dependencies all met for <TaskInstance: AUTOMATISATION.demarre_ELK scheduled__2023-03-13T00:01:03+00:00 [queued]>
[2023-03-13T20:51:22.461+0000] {taskinstance.py:1279} INFO - 
--------------------------------------------------------------------------------
[2023-03-13T20:51:22.461+0000] {taskinstance.py:1280} INFO - Starting attempt 1 of 2
[2023-03-13T20:51:22.461+0000] {taskinstance.py:1281} INFO - 
--------------------------------------------------------------------------------
[2023-03-13T20:51:22.483+0000] {taskinstance.py:1300} INFO - Executing <Task(BashOperator): demarre_ELK> on 2023-03-13 00:01:03+00:00
[2023-03-13T20:51:22.486+0000] {standard_task_runner.py:55} INFO - Started process 51206 to run task
[2023-03-13T20:51:22.491+0000] {standard_task_runner.py:82} INFO - Running: ['airflow', 'tasks', 'run', 'AUTOMATISATION', 'demarre_ELK', 'scheduled__2023-03-13T00:01:03+00:00', '--job-id', '318', '--raw', '--subdir', 'DAGS_FOLDER/main.py', '--cfg-path', '/tmp/tmp32nres0x']
[2023-03-13T20:51:22.493+0000] {standard_task_runner.py:83} INFO - Job 318: Subtask demarre_ELK
[2023-03-13T20:51:22.578+0000] {task_command.py:388} INFO - Running <TaskInstance: AUTOMATISATION.demarre_ELK scheduled__2023-03-13T00:01:03+00:00 [running]> on host dev
[2023-03-13T20:51:22.658+0000] {taskinstance.py:1507} INFO - Exporting the following env vars:
AIRFLOW_CTX_DAG_OWNER=airflow
AIRFLOW_CTX_DAG_ID=AUTOMATISATION
AIRFLOW_CTX_TASK_ID=demarre_ELK
AIRFLOW_CTX_EXECUTION_DATE=2023-03-13T00:01:03+00:00
AIRFLOW_CTX_TRY_NUMBER=1
AIRFLOW_CTX_DAG_RUN_ID=scheduled__2023-03-13T00:01:03+00:00
[2023-03-13T20:51:22.661+0000] {subprocess.py:63} INFO - Tmp dir root location: 
 /tmp
[2023-03-13T20:51:22.662+0000] {subprocess.py:75} INFO - Running command: ['/usr/bin/bash', '-c', 'docker-compose -f /home/dev/soute/ELK/docker-compose.yml up -d']
[2023-03-13T20:51:22.672+0000] {subprocess.py:86} INFO - Output:
[2023-03-13T20:51:23.639+0000] {subprocess.py:93} INFO - elasticsearch is up-to-date
[2023-03-13T20:51:23.640+0000] {subprocess.py:93} INFO - kibana is up-to-date
[2023-03-13T20:51:23.705+0000] {subprocess.py:97} INFO - Command exited with return code 0
[2023-03-13T20:51:23.737+0000] {taskinstance.py:1318} INFO - Marking task as SUCCESS. dag_id=AUTOMATISATION, task_id=demarre_ELK, execution_date=20230313T000103, start_date=20230313T205122, end_date=20230313T205123
[2023-03-13T20:51:23.785+0000] {local_task_job.py:208} INFO - Task exited with return code 0
[2023-03-13T20:51:23.818+0000] {taskinstance.py:2578} INFO - 1 downstream tasks scheduled from follow-on schedule check
[2023-03-14T09:44:03.668+0000] {taskinstance.py:1083} INFO - Dependencies all met for <TaskInstance: AUTOMATISATION.demarre_ELK scheduled__2023-03-13T00:01:03+00:00 [queued]>
[2023-03-14T09:44:03.680+0000] {taskinstance.py:1083} INFO - Dependencies all met for <TaskInstance: AUTOMATISATION.demarre_ELK scheduled__2023-03-13T00:01:03+00:00 [queued]>
[2023-03-14T09:44:03.680+0000] {taskinstance.py:1279} INFO - 
--------------------------------------------------------------------------------
[2023-03-14T09:44:03.680+0000] {taskinstance.py:1280} INFO - Starting attempt 1 of 2
[2023-03-14T09:44:03.680+0000] {taskinstance.py:1281} INFO - 
--------------------------------------------------------------------------------
[2023-03-14T09:44:03.701+0000] {taskinstance.py:1300} INFO - Executing <Task(BashOperator): demarre_ELK> on 2023-03-13 00:01:03+00:00
[2023-03-14T09:44:03.704+0000] {standard_task_runner.py:55} INFO - Started process 28606 to run task
[2023-03-14T09:44:03.708+0000] {standard_task_runner.py:82} INFO - Running: ['airflow', 'tasks', 'run', 'AUTOMATISATION', 'demarre_ELK', 'scheduled__2023-03-13T00:01:03+00:00', '--job-id', '562', '--raw', '--subdir', 'DAGS_FOLDER/main.py', '--cfg-path', '/tmp/tmp78_yrd94']
[2023-03-14T09:44:03.710+0000] {standard_task_runner.py:83} INFO - Job 562: Subtask demarre_ELK
[2023-03-14T09:44:03.777+0000] {task_command.py:388} INFO - Running <TaskInstance: AUTOMATISATION.demarre_ELK scheduled__2023-03-13T00:01:03+00:00 [running]> on host dev
[2023-03-14T09:44:03.846+0000] {taskinstance.py:1507} INFO - Exporting the following env vars:
AIRFLOW_CTX_DAG_OWNER=airflow
AIRFLOW_CTX_DAG_ID=AUTOMATISATION
AIRFLOW_CTX_TASK_ID=demarre_ELK
AIRFLOW_CTX_EXECUTION_DATE=2023-03-13T00:01:03+00:00
AIRFLOW_CTX_TRY_NUMBER=1
AIRFLOW_CTX_DAG_RUN_ID=scheduled__2023-03-13T00:01:03+00:00
[2023-03-14T09:44:03.847+0000] {subprocess.py:63} INFO - Tmp dir root location: 
 /tmp
[2023-03-14T09:44:03.848+0000] {subprocess.py:75} INFO - Running command: ['/usr/bin/bash', '-c', 'docker-compose -f /home/dev/soute/ELK/docker-compose.yml up -d']
[2023-03-14T09:44:03.858+0000] {subprocess.py:86} INFO - Output:
[2023-03-14T09:44:04.631+0000] {subprocess.py:93} INFO - elasticsearch is up-to-date
[2023-03-14T09:44:04.631+0000] {subprocess.py:93} INFO - kibana is up-to-date
[2023-03-14T09:44:04.684+0000] {subprocess.py:97} INFO - Command exited with return code 0
[2023-03-14T09:44:04.717+0000] {taskinstance.py:1318} INFO - Marking task as SUCCESS. dag_id=AUTOMATISATION, task_id=demarre_ELK, execution_date=20230313T000103, start_date=20230314T094403, end_date=20230314T094404
[2023-03-14T09:44:04.762+0000] {local_task_job.py:208} INFO - Task exited with return code 0
[2023-03-14T09:44:04.787+0000] {taskinstance.py:2578} INFO - 1 downstream tasks scheduled from follow-on schedule check
[2023-03-15T07:14:33.867+0000] {taskinstance.py:1083} INFO - Dependencies all met for <TaskInstance: AUTOMATISATION.demarre_ELK scheduled__2023-03-13T00:01:03+00:00 [queued]>
[2023-03-15T07:14:33.872+0000] {taskinstance.py:1083} INFO - Dependencies all met for <TaskInstance: AUTOMATISATION.demarre_ELK scheduled__2023-03-13T00:01:03+00:00 [queued]>
[2023-03-15T07:14:33.872+0000] {taskinstance.py:1279} INFO - 
--------------------------------------------------------------------------------
[2023-03-15T07:14:33.872+0000] {taskinstance.py:1280} INFO - Starting attempt 1 of 2
[2023-03-15T07:14:33.872+0000] {taskinstance.py:1281} INFO - 
--------------------------------------------------------------------------------
[2023-03-15T07:14:33.883+0000] {taskinstance.py:1300} INFO - Executing <Task(BashOperator): demarre_ELK> on 2023-03-13 00:01:03+00:00
[2023-03-15T07:14:33.884+0000] {standard_task_runner.py:55} INFO - Started process 120173 to run task
[2023-03-15T07:14:33.886+0000] {standard_task_runner.py:82} INFO - Running: ['airflow', 'tasks', 'run', 'AUTOMATISATION', 'demarre_ELK', 'scheduled__2023-03-13T00:01:03+00:00', '--job-id', '689', '--raw', '--subdir', 'DAGS_FOLDER/main.py', '--cfg-path', '/tmp/tmpepc5y86s']
[2023-03-15T07:14:33.886+0000] {standard_task_runner.py:83} INFO - Job 689: Subtask demarre_ELK
[2023-03-15T07:14:33.919+0000] {task_command.py:388} INFO - Running <TaskInstance: AUTOMATISATION.demarre_ELK scheduled__2023-03-13T00:01:03+00:00 [running]> on host dev
[2023-03-15T07:14:33.949+0000] {taskinstance.py:1507} INFO - Exporting the following env vars:
AIRFLOW_CTX_DAG_OWNER=airflow
AIRFLOW_CTX_DAG_ID=AUTOMATISATION
AIRFLOW_CTX_TASK_ID=demarre_ELK
AIRFLOW_CTX_EXECUTION_DATE=2023-03-13T00:01:03+00:00
AIRFLOW_CTX_TRY_NUMBER=1
AIRFLOW_CTX_DAG_RUN_ID=scheduled__2023-03-13T00:01:03+00:00
[2023-03-15T07:14:33.950+0000] {subprocess.py:63} INFO - Tmp dir root location: 
 /tmp
[2023-03-15T07:14:33.950+0000] {subprocess.py:75} INFO - Running command: ['/usr/bin/bash', '-c', 'docker-compose -f /home/dev/soute/ELK/docker-compose.yml up -d']
[2023-03-15T07:14:33.954+0000] {subprocess.py:86} INFO - Output:
[2023-03-15T07:14:34.246+0000] {subprocess.py:93} INFO - elasticsearch is up-to-date
[2023-03-15T07:14:34.247+0000] {subprocess.py:93} INFO - kibana is up-to-date
[2023-03-15T07:14:34.268+0000] {subprocess.py:97} INFO - Command exited with return code 0
[2023-03-15T07:14:34.283+0000] {taskinstance.py:1318} INFO - Marking task as SUCCESS. dag_id=AUTOMATISATION, task_id=demarre_ELK, execution_date=20230313T000103, start_date=20230315T071433, end_date=20230315T071434
[2023-03-15T07:14:34.298+0000] {local_task_job.py:208} INFO - Task exited with return code 0
[2023-03-15T07:14:34.309+0000] {taskinstance.py:2578} INFO - 1 downstream tasks scheduled from follow-on schedule check
