[2023-03-13T20:55:44.114+0000] {taskinstance.py:1083} INFO - Dependencies all met for <TaskInstance: AUTOMATISATION.demarre_ELK scheduled__2023-03-13T00:01:09+00:00 [queued]>
[2023-03-13T20:55:44.134+0000] {taskinstance.py:1083} INFO - Dependencies all met for <TaskInstance: AUTOMATISATION.demarre_ELK scheduled__2023-03-13T00:01:09+00:00 [queued]>
[2023-03-13T20:55:44.134+0000] {taskinstance.py:1279} INFO - 
--------------------------------------------------------------------------------
[2023-03-13T20:55:44.135+0000] {taskinstance.py:1280} INFO - Starting attempt 1 of 2
[2023-03-13T20:55:44.135+0000] {taskinstance.py:1281} INFO - 
--------------------------------------------------------------------------------
[2023-03-13T20:55:44.157+0000] {taskinstance.py:1300} INFO - Executing <Task(BashOperator): demarre_ELK> on 2023-03-13 00:01:09+00:00
[2023-03-13T20:55:44.160+0000] {standard_task_runner.py:55} INFO - Started process 52291 to run task
[2023-03-13T20:55:44.165+0000] {standard_task_runner.py:82} INFO - Running: ['airflow', 'tasks', 'run', 'AUTOMATISATION', 'demarre_ELK', 'scheduled__2023-03-13T00:01:09+00:00', '--job-id', '322', '--raw', '--subdir', 'DAGS_FOLDER/main.py', '--cfg-path', '/tmp/tmpi5jtmhtt']
[2023-03-13T20:55:44.167+0000] {standard_task_runner.py:83} INFO - Job 322: Subtask demarre_ELK
[2023-03-13T20:55:44.247+0000] {task_command.py:388} INFO - Running <TaskInstance: AUTOMATISATION.demarre_ELK scheduled__2023-03-13T00:01:09+00:00 [running]> on host dev
[2023-03-13T20:55:44.330+0000] {taskinstance.py:1507} INFO - Exporting the following env vars:
AIRFLOW_CTX_DAG_OWNER=airflow
AIRFLOW_CTX_DAG_ID=AUTOMATISATION
AIRFLOW_CTX_TASK_ID=demarre_ELK
AIRFLOW_CTX_EXECUTION_DATE=2023-03-13T00:01:09+00:00
AIRFLOW_CTX_TRY_NUMBER=1
AIRFLOW_CTX_DAG_RUN_ID=scheduled__2023-03-13T00:01:09+00:00
[2023-03-13T20:55:44.332+0000] {subprocess.py:63} INFO - Tmp dir root location: 
 /tmp
[2023-03-13T20:55:44.332+0000] {subprocess.py:75} INFO - Running command: ['/usr/bin/bash', '-c', 'docker-compose -f /home/dev/soute/ELK/docker-compose.yml up -d']
[2023-03-13T20:55:44.343+0000] {subprocess.py:86} INFO - Output:
[2023-03-13T20:55:45.284+0000] {subprocess.py:93} INFO - elasticsearch is up-to-date
[2023-03-13T20:55:45.285+0000] {subprocess.py:93} INFO - kibana is up-to-date
[2023-03-13T20:55:45.362+0000] {subprocess.py:97} INFO - Command exited with return code 0
[2023-03-13T20:55:45.392+0000] {taskinstance.py:1318} INFO - Marking task as SUCCESS. dag_id=AUTOMATISATION, task_id=demarre_ELK, execution_date=20230313T000109, start_date=20230313T205544, end_date=20230313T205545
[2023-03-13T20:55:45.420+0000] {local_task_job.py:208} INFO - Task exited with return code 0
[2023-03-13T20:55:45.445+0000] {taskinstance.py:2578} INFO - 1 downstream tasks scheduled from follow-on schedule check
[2023-03-14T09:47:22.790+0000] {taskinstance.py:1083} INFO - Dependencies all met for <TaskInstance: AUTOMATISATION.demarre_ELK scheduled__2023-03-13T00:01:09+00:00 [queued]>
[2023-03-14T09:47:22.804+0000] {taskinstance.py:1083} INFO - Dependencies all met for <TaskInstance: AUTOMATISATION.demarre_ELK scheduled__2023-03-13T00:01:09+00:00 [queued]>
[2023-03-14T09:47:22.805+0000] {taskinstance.py:1279} INFO - 
--------------------------------------------------------------------------------
[2023-03-14T09:47:22.805+0000] {taskinstance.py:1280} INFO - Starting attempt 1 of 2
[2023-03-14T09:47:22.805+0000] {taskinstance.py:1281} INFO - 
--------------------------------------------------------------------------------
[2023-03-14T09:47:22.825+0000] {taskinstance.py:1300} INFO - Executing <Task(BashOperator): demarre_ELK> on 2023-03-13 00:01:09+00:00
[2023-03-14T09:47:22.828+0000] {standard_task_runner.py:55} INFO - Started process 29996 to run task
[2023-03-14T09:47:22.832+0000] {standard_task_runner.py:82} INFO - Running: ['airflow', 'tasks', 'run', 'AUTOMATISATION', 'demarre_ELK', 'scheduled__2023-03-13T00:01:09+00:00', '--job-id', '566', '--raw', '--subdir', 'DAGS_FOLDER/main.py', '--cfg-path', '/tmp/tmpvuq93p5x']
[2023-03-14T09:47:22.834+0000] {standard_task_runner.py:83} INFO - Job 566: Subtask demarre_ELK
[2023-03-14T09:47:22.898+0000] {task_command.py:388} INFO - Running <TaskInstance: AUTOMATISATION.demarre_ELK scheduled__2023-03-13T00:01:09+00:00 [running]> on host dev
[2023-03-14T09:47:22.965+0000] {taskinstance.py:1507} INFO - Exporting the following env vars:
AIRFLOW_CTX_DAG_OWNER=airflow
AIRFLOW_CTX_DAG_ID=AUTOMATISATION
AIRFLOW_CTX_TASK_ID=demarre_ELK
AIRFLOW_CTX_EXECUTION_DATE=2023-03-13T00:01:09+00:00
AIRFLOW_CTX_TRY_NUMBER=1
AIRFLOW_CTX_DAG_RUN_ID=scheduled__2023-03-13T00:01:09+00:00
[2023-03-14T09:47:22.967+0000] {subprocess.py:63} INFO - Tmp dir root location: 
 /tmp
[2023-03-14T09:47:22.968+0000] {subprocess.py:75} INFO - Running command: ['/usr/bin/bash', '-c', 'docker-compose -f /home/dev/soute/ELK/docker-compose.yml up -d']
[2023-03-14T09:47:22.975+0000] {subprocess.py:86} INFO - Output:
[2023-03-14T09:47:23.723+0000] {subprocess.py:93} INFO - elasticsearch is up-to-date
[2023-03-14T09:47:23.724+0000] {subprocess.py:93} INFO - kibana is up-to-date
[2023-03-14T09:47:23.776+0000] {subprocess.py:97} INFO - Command exited with return code 0
[2023-03-14T09:47:23.812+0000] {taskinstance.py:1318} INFO - Marking task as SUCCESS. dag_id=AUTOMATISATION, task_id=demarre_ELK, execution_date=20230313T000109, start_date=20230314T094722, end_date=20230314T094723
[2023-03-14T09:47:23.846+0000] {local_task_job.py:208} INFO - Task exited with return code 0
[2023-03-14T09:47:23.877+0000] {taskinstance.py:2578} INFO - 1 downstream tasks scheduled from follow-on schedule check
[2023-03-15T07:15:13.582+0000] {taskinstance.py:1083} INFO - Dependencies all met for <TaskInstance: AUTOMATISATION.demarre_ELK scheduled__2023-03-13T00:01:09+00:00 [queued]>
[2023-03-15T07:15:13.587+0000] {taskinstance.py:1083} INFO - Dependencies all met for <TaskInstance: AUTOMATISATION.demarre_ELK scheduled__2023-03-13T00:01:09+00:00 [queued]>
[2023-03-15T07:15:13.588+0000] {taskinstance.py:1279} INFO - 
--------------------------------------------------------------------------------
[2023-03-15T07:15:13.588+0000] {taskinstance.py:1280} INFO - Starting attempt 1 of 2
[2023-03-15T07:15:13.588+0000] {taskinstance.py:1281} INFO - 
--------------------------------------------------------------------------------
[2023-03-15T07:15:13.599+0000] {taskinstance.py:1300} INFO - Executing <Task(BashOperator): demarre_ELK> on 2023-03-13 00:01:09+00:00
[2023-03-15T07:15:13.601+0000] {standard_task_runner.py:55} INFO - Started process 120502 to run task
[2023-03-15T07:15:13.603+0000] {standard_task_runner.py:82} INFO - Running: ['airflow', 'tasks', 'run', 'AUTOMATISATION', 'demarre_ELK', 'scheduled__2023-03-13T00:01:09+00:00', '--job-id', '693', '--raw', '--subdir', 'DAGS_FOLDER/main.py', '--cfg-path', '/tmp/tmp4tgi44t2']
[2023-03-15T07:15:13.604+0000] {standard_task_runner.py:83} INFO - Job 693: Subtask demarre_ELK
[2023-03-15T07:15:13.638+0000] {task_command.py:388} INFO - Running <TaskInstance: AUTOMATISATION.demarre_ELK scheduled__2023-03-13T00:01:09+00:00 [running]> on host dev
[2023-03-15T07:15:13.670+0000] {taskinstance.py:1507} INFO - Exporting the following env vars:
AIRFLOW_CTX_DAG_OWNER=airflow
AIRFLOW_CTX_DAG_ID=AUTOMATISATION
AIRFLOW_CTX_TASK_ID=demarre_ELK
AIRFLOW_CTX_EXECUTION_DATE=2023-03-13T00:01:09+00:00
AIRFLOW_CTX_TRY_NUMBER=1
AIRFLOW_CTX_DAG_RUN_ID=scheduled__2023-03-13T00:01:09+00:00
[2023-03-15T07:15:13.671+0000] {subprocess.py:63} INFO - Tmp dir root location: 
 /tmp
[2023-03-15T07:15:13.671+0000] {subprocess.py:75} INFO - Running command: ['/usr/bin/bash', '-c', 'docker-compose -f /home/dev/soute/ELK/docker-compose.yml up -d']
[2023-03-15T07:15:13.675+0000] {subprocess.py:86} INFO - Output:
[2023-03-15T07:15:13.980+0000] {subprocess.py:93} INFO - elasticsearch is up-to-date
[2023-03-15T07:15:13.980+0000] {subprocess.py:93} INFO - kibana is up-to-date
[2023-03-15T07:15:14.006+0000] {subprocess.py:97} INFO - Command exited with return code 0
[2023-03-15T07:15:14.019+0000] {taskinstance.py:1318} INFO - Marking task as SUCCESS. dag_id=AUTOMATISATION, task_id=demarre_ELK, execution_date=20230313T000109, start_date=20230315T071513, end_date=20230315T071514
[2023-03-15T07:15:14.055+0000] {local_task_job.py:208} INFO - Task exited with return code 0
[2023-03-15T07:15:14.078+0000] {taskinstance.py:2578} INFO - 1 downstream tasks scheduled from follow-on schedule check
