[2023-03-13T23:55:17.195+0000] {taskinstance.py:1083} INFO - Dependencies all met for <TaskInstance: AUTOMATISATION.Chargement_des_données_in_ELK scheduled__2023-03-13T00:05:21+00:00 [queued]>
[2023-03-13T23:55:17.210+0000] {taskinstance.py:1083} INFO - Dependencies all met for <TaskInstance: AUTOMATISATION.Chargement_des_données_in_ELK scheduled__2023-03-13T00:05:21+00:00 [queued]>
[2023-03-13T23:55:17.210+0000] {taskinstance.py:1279} INFO - 
--------------------------------------------------------------------------------
[2023-03-13T23:55:17.210+0000] {taskinstance.py:1280} INFO - Starting attempt 1 of 4
[2023-03-13T23:55:17.210+0000] {taskinstance.py:1281} INFO - 
--------------------------------------------------------------------------------
[2023-03-13T23:55:17.238+0000] {taskinstance.py:1300} INFO - Executing <Task(BashOperator): Chargement_des_données_in_ELK> on 2023-03-13 00:05:21+00:00
[2023-03-13T23:55:17.241+0000] {standard_task_runner.py:55} INFO - Started process 91957 to run task
[2023-03-13T23:55:17.245+0000] {standard_task_runner.py:82} INFO - Running: ['airflow', 'tasks', 'run', 'AUTOMATISATION', 'Chargement_des_données_in_ELK', 'scheduled__2023-03-13T00:05:21+00:00', '--job-id', '493', '--raw', '--subdir', 'DAGS_FOLDER/main.py', '--cfg-path', '/tmp/tmpj20p94yu']
[2023-03-13T23:55:17.247+0000] {standard_task_runner.py:83} INFO - Job 493: Subtask Chargement_des_données_in_ELK
[2023-03-13T23:55:17.323+0000] {task_command.py:388} INFO - Running <TaskInstance: AUTOMATISATION.Chargement_des_données_in_ELK scheduled__2023-03-13T00:05:21+00:00 [running]> on host dev
[2023-03-13T23:55:17.415+0000] {taskinstance.py:1507} INFO - Exporting the following env vars:
AIRFLOW_CTX_DAG_OWNER=airflow
AIRFLOW_CTX_DAG_ID=AUTOMATISATION
AIRFLOW_CTX_TASK_ID=Chargement_des_données_in_ELK
AIRFLOW_CTX_EXECUTION_DATE=2023-03-13T00:05:21+00:00
AIRFLOW_CTX_TRY_NUMBER=1
AIRFLOW_CTX_DAG_RUN_ID=scheduled__2023-03-13T00:05:21+00:00
[2023-03-13T23:55:17.417+0000] {subprocess.py:63} INFO - Tmp dir root location: 
 /tmp
[2023-03-13T23:55:17.417+0000] {subprocess.py:75} INFO - Running command: ['/usr/bin/bash', '-c', 'echo dev | sudo -S /usr/share/logstash/bin/logstash --path.settings=/etc/logstash/ -f /etc/logstash/conf.d/data.conf']
[2023-03-13T23:55:17.426+0000] {subprocess.py:86} INFO - Output:
[2023-03-13T23:55:17.521+0000] {subprocess.py:93} INFO - [sudo] Mot de passe de dev : Using bundled JDK: /usr/share/logstash/jdk
[2023-03-13T23:55:17.810+0000] {subprocess.py:93} INFO - OpenJDK 64-Bit Server VM warning: Option UseConcMarkSweepGC was deprecated in version 9.0 and will likely be removed in a future release.
[2023-03-13T23:55:48.008+0000] {subprocess.py:93} INFO - Sending Logstash logs to /var/log/logstash which is now configured via log4j2.properties
[2023-03-13T23:55:48.174+0000] {subprocess.py:93} INFO - [2023-03-13T23:55:48,170][INFO ][logstash.runner          ] Log4j configuration path used is: /etc/logstash/log4j2.properties
[2023-03-13T23:55:48.189+0000] {subprocess.py:93} INFO - [2023-03-13T23:55:48,189][INFO ][logstash.runner          ] Starting Logstash {"logstash.version"=>"7.15.2", "jruby.version"=>"jruby 9.2.19.0 (2.5.8) 2021-06-15 55810c552b OpenJDK 64-Bit Server VM 11.0.12+7 on 11.0.12+7 +indy +jit [linux-x86_64]"}
[2023-03-13T23:55:48.895+0000] {subprocess.py:93} INFO - [2023-03-13T23:55:48,893][WARN ][logstash.config.source.multilocal] Ignoring the 'pipelines.yml' file because modules or command line options are specified
[2023-03-13T23:55:51.663+0000] {subprocess.py:93} INFO - [2023-03-13T23:55:51,661][INFO ][logstash.agent           ] Successfully started Logstash API endpoint {:port=>9600}
[2023-03-13T23:55:52.592+0000] {subprocess.py:93} INFO - [2023-03-13T23:55:52,591][INFO ][org.reflections.Reflections] Reflections took 159 ms to scan 1 urls, producing 120 keys and 417 values
[2023-03-13T23:55:54.939+0000] {subprocess.py:93} INFO - [2023-03-13T23:55:54,936][INFO ][logstash.outputs.elasticsearch][main] New Elasticsearch output {:class=>"LogStash::Outputs::ElasticSearch", :hosts=>["//localhost:9200"]}
[2023-03-13T23:55:55.502+0000] {subprocess.py:93} INFO - [2023-03-13T23:55:55,499][INFO ][logstash.outputs.elasticsearch][main] Elasticsearch pool URLs updated {:changes=>{:removed=>[], :added=>[http://localhost:9200/]}}
[2023-03-13T23:55:55.776+0000] {subprocess.py:93} INFO - [2023-03-13T23:55:55,776][WARN ][logstash.outputs.elasticsearch][main] Restored connection to ES instance {:url=>"http://localhost:9200/"}
[2023-03-13T23:55:55.852+0000] {subprocess.py:93} INFO - [2023-03-13T23:55:55,852][INFO ][logstash.outputs.elasticsearch][main] Elasticsearch version determined (7.15.2) {:es_version=>7}
[2023-03-13T23:55:55.859+0000] {subprocess.py:93} INFO - [2023-03-13T23:55:55,859][WARN ][logstash.outputs.elasticsearch][main] Detected a 6.x and above cluster: the `type` event field won't be used to determine the document _type {:es_version=>7}
[2023-03-13T23:55:56.107+0000] {subprocess.py:93} INFO - [2023-03-13T23:55:56,106][INFO ][logstash.outputs.elasticsearch][main] Using a default mapping template {:es_version=>7, :ecs_compatibility=>:disabled}
[2023-03-13T23:55:56.183+0000] {subprocess.py:93} INFO - [2023-03-13T23:55:56,178][INFO ][logstash.javapipeline    ][main] Starting pipeline {:pipeline_id=>"main", "pipeline.workers"=>8, "pipeline.batch.size"=>125, "pipeline.batch.delay"=>50, "pipeline.max_inflight"=>1000, "pipeline.sources"=>["/etc/logstash/conf.d/data.conf"], :thread=>"#<Thread:0x6a4645e0 run>"}
[2023-03-13T23:55:57.475+0000] {subprocess.py:93} INFO - [2023-03-13T23:55:57,474][INFO ][logstash.javapipeline    ][main] Pipeline Java execution initialization time {"seconds"=>1.29}
[2023-03-13T23:55:57.607+0000] {subprocess.py:93} INFO - [2023-03-13T23:55:57,607][INFO ][logstash.javapipeline    ][main] Pipeline started {"pipeline.id"=>"main"}
[2023-03-13T23:55:57.739+0000] {subprocess.py:93} INFO - [2023-03-13T23:55:57,738][INFO ][logstash.agent           ] Pipelines running {:count=>1, :running_pipelines=>[:main], :non_running_pipelines=>[]}
[2023-03-13T23:55:59.409+0000] {subprocess.py:93} INFO - [2023-03-13T23:55:59,409][INFO ][logstash.inputs.jdbc     ][main][afa454a497099ce3438919c7cfc7ae10a3b3980082608321cda443e0b5f70dbd] (0.029800s) SELECT CAST(current_setting('server_version_num') AS integer) AS v
[2023-03-13T23:55:59.708+0000] {subprocess.py:93} INFO - [2023-03-13T23:55:59,708][INFO ][logstash.inputs.jdbc     ][main][afa454a497099ce3438919c7cfc7ae10a3b3980082608321cda443e0b5f70dbd] (0.095865s) SELECT count(*) AS "count" FROM (SELECT * FROM customers) AS "t1" LIMIT 1
[2023-03-13T23:56:00.406+0000] {subprocess.py:93} INFO - [2023-03-13T23:56:00,406][INFO ][logstash.inputs.jdbc     ][main][afa454a497099ce3438919c7cfc7ae10a3b3980082608321cda443e0b5f70dbd] (0.655539s) SELECT * FROM (SELECT * FROM customers) AS "t1" LIMIT 50000 OFFSET 0
[2023-03-13T23:56:09.774+0000] {subprocess.py:93} INFO - [2023-03-13T23:56:09,774][INFO ][logstash.inputs.jdbc     ][main][afa454a497099ce3438919c7cfc7ae10a3b3980082608321cda443e0b5f70dbd] (0.253816s) SELECT * FROM (SELECT * FROM customers) AS "t1" LIMIT 50000 OFFSET 50000
[2023-03-13T23:56:14.153+0000] {subprocess.py:93} INFO - [2023-03-13T23:56:14,153][INFO ][logstash.inputs.jdbc     ][main][afa454a497099ce3438919c7cfc7ae10a3b3980082608321cda443e0b5f70dbd] (0.170512s) SELECT * FROM (SELECT * FROM customers) AS "t1" LIMIT 50000 OFFSET 100000
[2023-03-13T23:56:18.163+0000] {subprocess.py:93} INFO - [2023-03-13T23:56:18,162][INFO ][logstash.inputs.jdbc     ][main][afa454a497099ce3438919c7cfc7ae10a3b3980082608321cda443e0b5f70dbd] (0.126168s) SELECT * FROM (SELECT * FROM customers) AS "t1" LIMIT 50000 OFFSET 150000
[2023-03-13T23:56:21.215+0000] {subprocess.py:93} INFO - [2023-03-13T23:56:21,214][INFO ][logstash.inputs.jdbc     ][main][afa454a497099ce3438919c7cfc7ae10a3b3980082608321cda443e0b5f70dbd] (0.166758s) SELECT * FROM (SELECT * FROM customers) AS "t1" LIMIT 50000 OFFSET 200000
[2023-03-13T23:56:24.862+0000] {subprocess.py:93} INFO - [2023-03-13T23:56:24,861][INFO ][logstash.inputs.jdbc     ][main][afa454a497099ce3438919c7cfc7ae10a3b3980082608321cda443e0b5f70dbd] (0.183100s) SELECT * FROM (SELECT * FROM customers) AS "t1" LIMIT 50000 OFFSET 250000
[2023-03-13T23:56:28.503+0000] {subprocess.py:93} INFO - [2023-03-13T23:56:28,503][INFO ][logstash.inputs.jdbc     ][main][afa454a497099ce3438919c7cfc7ae10a3b3980082608321cda443e0b5f70dbd] (0.129550s) SELECT * FROM (SELECT * FROM customers) AS "t1" LIMIT 50000 OFFSET 300000
[2023-03-13T23:56:35.440+0000] {subprocess.py:93} INFO - [2023-03-13T23:56:35,440][INFO ][logstash.inputs.jdbc     ][main][afa454a497099ce3438919c7cfc7ae10a3b3980082608321cda443e0b5f70dbd] (0.200080s) SELECT * FROM (SELECT * FROM customers) AS "t1" LIMIT 50000 OFFSET 350000
[2023-03-13T23:56:38.079+0000] {subprocess.py:93} INFO - [2023-03-13T23:56:38,079][INFO ][logstash.inputs.jdbc     ][main][afa454a497099ce3438919c7cfc7ae10a3b3980082608321cda443e0b5f70dbd] (0.126067s) SELECT * FROM (SELECT * FROM customers) AS "t1" LIMIT 50000 OFFSET 400000
[2023-03-13T23:56:40.813+0000] {subprocess.py:93} INFO - [2023-03-13T23:56:40,813][INFO ][logstash.inputs.jdbc     ][main][afa454a497099ce3438919c7cfc7ae10a3b3980082608321cda443e0b5f70dbd] (0.195103s) SELECT * FROM (SELECT * FROM customers) AS "t1" LIMIT 50000 OFFSET 450000
[2023-03-13T23:56:48.925+0000] {subprocess.py:93} INFO - [2023-03-13T23:56:48,924][INFO ][logstash.inputs.jdbc     ][main][afa454a497099ce3438919c7cfc7ae10a3b3980082608321cda443e0b5f70dbd] (0.157018s) SELECT * FROM (SELECT * FROM customers) AS "t1" LIMIT 50000 OFFSET 500000
[2023-03-13T23:56:51.364+0000] {subprocess.py:93} INFO - [2023-03-13T23:56:51,364][INFO ][logstash.inputs.jdbc     ][main][afa454a497099ce3438919c7cfc7ae10a3b3980082608321cda443e0b5f70dbd] (0.125810s) SELECT * FROM (SELECT * FROM customers) AS "t1" LIMIT 50000 OFFSET 550000
[2023-03-13T23:56:54.031+0000] {subprocess.py:93} INFO - [2023-03-13T23:56:54,031][INFO ][logstash.inputs.jdbc     ][main][afa454a497099ce3438919c7cfc7ae10a3b3980082608321cda443e0b5f70dbd] (0.177397s) SELECT * FROM (SELECT * FROM customers) AS "t1" LIMIT 50000 OFFSET 600000
[2023-03-13T23:56:56.611+0000] {subprocess.py:93} INFO - [2023-03-13T23:56:56,610][INFO ][logstash.inputs.jdbc     ][main][afa454a497099ce3438919c7cfc7ae10a3b3980082608321cda443e0b5f70dbd] (0.143261s) SELECT * FROM (SELECT * FROM customers) AS "t1" LIMIT 50000 OFFSET 650000
[2023-03-13T23:56:59.326+0000] {subprocess.py:93} INFO - [2023-03-13T23:56:59,326][INFO ][logstash.inputs.jdbc     ][main][afa454a497099ce3438919c7cfc7ae10a3b3980082608321cda443e0b5f70dbd] (0.151495s) SELECT * FROM (SELECT * FROM customers) AS "t1" LIMIT 50000 OFFSET 700000
[2023-03-13T23:57:02.154+0000] {subprocess.py:93} INFO - [2023-03-13T23:57:02,154][INFO ][logstash.inputs.jdbc     ][main][afa454a497099ce3438919c7cfc7ae10a3b3980082608321cda443e0b5f70dbd] (0.210953s) SELECT * FROM (SELECT * FROM customers) AS "t1" LIMIT 50000 OFFSET 750000
[2023-03-13T23:57:04.661+0000] {subprocess.py:93} INFO - [2023-03-13T23:57:04,660][INFO ][logstash.inputs.jdbc     ][main][afa454a497099ce3438919c7cfc7ae10a3b3980082608321cda443e0b5f70dbd] (0.142890s) SELECT * FROM (SELECT * FROM customers) AS "t1" LIMIT 50000 OFFSET 800000
[2023-03-13T23:57:07.243+0000] {subprocess.py:93} INFO - [2023-03-13T23:57:07,243][INFO ][logstash.inputs.jdbc     ][main][afa454a497099ce3438919c7cfc7ae10a3b3980082608321cda443e0b5f70dbd] (0.162799s) SELECT * FROM (SELECT * FROM customers) AS "t1" LIMIT 50000 OFFSET 850000
[2023-03-13T23:57:09.879+0000] {subprocess.py:93} INFO - [2023-03-13T23:57:09,879][INFO ][logstash.inputs.jdbc     ][main][afa454a497099ce3438919c7cfc7ae10a3b3980082608321cda443e0b5f70dbd] (0.190003s) SELECT * FROM (SELECT * FROM customers) AS "t1" LIMIT 50000 OFFSET 900000
[2023-03-13T23:57:12.518+0000] {subprocess.py:93} INFO - [2023-03-13T23:57:12,518][INFO ][logstash.inputs.jdbc     ][main][afa454a497099ce3438919c7cfc7ae10a3b3980082608321cda443e0b5f70dbd] (0.172379s) SELECT * FROM (SELECT * FROM customers) AS "t1" LIMIT 50000 OFFSET 950000
[2023-03-13T23:57:15.344+0000] {subprocess.py:93} INFO - [2023-03-13T23:57:15,344][INFO ][logstash.inputs.jdbc     ][main][afa454a497099ce3438919c7cfc7ae10a3b3980082608321cda443e0b5f70dbd] (0.228343s) SELECT * FROM (SELECT * FROM customers) AS "t1" LIMIT 50000 OFFSET 1000000
[2023-03-13T23:57:17.951+0000] {subprocess.py:93} INFO - [2023-03-13T23:57:17,951][INFO ][logstash.inputs.jdbc     ][main][afa454a497099ce3438919c7cfc7ae10a3b3980082608321cda443e0b5f70dbd] (0.165097s) SELECT * FROM (SELECT * FROM customers) AS "t1" LIMIT 50000 OFFSET 1050000
[2023-03-13T23:57:21.368+0000] {subprocess.py:93} INFO - [2023-03-13T23:57:21,368][INFO ][logstash.inputs.jdbc     ][main][afa454a497099ce3438919c7cfc7ae10a3b3980082608321cda443e0b5f70dbd] (0.194294s) SELECT * FROM (SELECT * FROM customers) AS "t1" LIMIT 50000 OFFSET 1100000
[2023-03-13T23:57:23.696+0000] {subprocess.py:93} INFO - [2023-03-13T23:57:23,696][INFO ][logstash.inputs.jdbc     ][main][afa454a497099ce3438919c7cfc7ae10a3b3980082608321cda443e0b5f70dbd] (0.180253s) SELECT * FROM (SELECT * FROM customers) AS "t1" LIMIT 50000 OFFSET 1150000
[2023-03-13T23:57:26.074+0000] {subprocess.py:93} INFO - [2023-03-13T23:57:26,073][INFO ][logstash.javapipeline    ][main] Pipeline terminated {"pipeline.id"=>"main"}
[2023-03-13T23:57:26.268+0000] {subprocess.py:93} INFO - [2023-03-13T23:57:26,267][INFO ][logstash.pipelinesregistry] Removed pipeline from registry successfully {:pipeline_id=>:main}
[2023-03-13T23:57:26.312+0000] {subprocess.py:93} INFO - [2023-03-13T23:57:26,312][INFO ][logstash.runner          ] Logstash shut down.
[2023-03-13T23:57:26.490+0000] {subprocess.py:97} INFO - Command exited with return code 0
[2023-03-13T23:57:26.528+0000] {taskinstance.py:1318} INFO - Marking task as SUCCESS. dag_id=AUTOMATISATION, task_id=Chargement_des_données_in_ELK, execution_date=20230313T000521, start_date=20230313T235517, end_date=20230313T235726
[2023-03-13T23:57:26.581+0000] {local_task_job.py:208} INFO - Task exited with return code 0
[2023-03-13T23:57:26.598+0000] {taskinstance.py:2578} INFO - 0 downstream tasks scheduled from follow-on schedule check
[2023-03-15T07:46:49.775+0000] {taskinstance.py:1083} INFO - Dependencies all met for <TaskInstance: AUTOMATISATION.Chargement_des_données_in_ELK scheduled__2023-03-13T00:05:21+00:00 [queued]>
[2023-03-15T07:46:49.783+0000] {taskinstance.py:1083} INFO - Dependencies all met for <TaskInstance: AUTOMATISATION.Chargement_des_données_in_ELK scheduled__2023-03-13T00:05:21+00:00 [queued]>
[2023-03-15T07:46:49.783+0000] {taskinstance.py:1279} INFO - 
--------------------------------------------------------------------------------
[2023-03-15T07:46:49.783+0000] {taskinstance.py:1280} INFO - Starting attempt 1 of 4
[2023-03-15T07:46:49.783+0000] {taskinstance.py:1281} INFO - 
--------------------------------------------------------------------------------
[2023-03-15T07:46:49.797+0000] {taskinstance.py:1300} INFO - Executing <Task(BashOperator): Chargement_des_données_in_ELK> on 2023-03-13 00:05:21+00:00
[2023-03-15T07:46:49.798+0000] {standard_task_runner.py:55} INFO - Started process 140142 to run task
[2023-03-15T07:46:49.800+0000] {standard_task_runner.py:82} INFO - Running: ['airflow', 'tasks', 'run', 'AUTOMATISATION', 'Chargement_des_données_in_ELK', 'scheduled__2023-03-13T00:05:21+00:00', '--job-id', '864', '--raw', '--subdir', 'DAGS_FOLDER/main.py', '--cfg-path', '/tmp/tmpeqxoix40']
[2023-03-15T07:46:49.801+0000] {standard_task_runner.py:83} INFO - Job 864: Subtask Chargement_des_données_in_ELK
[2023-03-15T07:46:49.836+0000] {task_command.py:388} INFO - Running <TaskInstance: AUTOMATISATION.Chargement_des_données_in_ELK scheduled__2023-03-13T00:05:21+00:00 [running]> on host dev
[2023-03-15T07:46:49.880+0000] {taskinstance.py:1507} INFO - Exporting the following env vars:
AIRFLOW_CTX_DAG_OWNER=airflow
AIRFLOW_CTX_DAG_ID=AUTOMATISATION
AIRFLOW_CTX_TASK_ID=Chargement_des_données_in_ELK
AIRFLOW_CTX_EXECUTION_DATE=2023-03-13T00:05:21+00:00
AIRFLOW_CTX_TRY_NUMBER=1
AIRFLOW_CTX_DAG_RUN_ID=scheduled__2023-03-13T00:05:21+00:00
[2023-03-15T07:46:49.881+0000] {subprocess.py:63} INFO - Tmp dir root location: 
 /tmp
[2023-03-15T07:46:49.882+0000] {subprocess.py:75} INFO - Running command: ['/usr/bin/bash', '-c', 'echo dev | sudo -S /usr/share/logstash/bin/logstash --path.settings=/etc/logstash/ -f /etc/logstash/conf.d/data.conf']
[2023-03-15T07:46:49.886+0000] {subprocess.py:86} INFO - Output:
[2023-03-15T07:46:49.926+0000] {subprocess.py:93} INFO - [sudo] Mot de passe de dev : Using bundled JDK: /usr/share/logstash/jdk
[2023-03-15T07:46:50.059+0000] {subprocess.py:93} INFO - OpenJDK 64-Bit Server VM warning: Option UseConcMarkSweepGC was deprecated in version 9.0 and will likely be removed in a future release.
[2023-03-15T07:47:05.673+0000] {subprocess.py:93} INFO - Sending Logstash logs to /var/log/logstash which is now configured via log4j2.properties
[2023-03-15T07:47:05.746+0000] {subprocess.py:93} INFO - [2023-03-15T07:47:05,744][INFO ][logstash.runner          ] Log4j configuration path used is: /etc/logstash/log4j2.properties
[2023-03-15T07:47:05.753+0000] {subprocess.py:93} INFO - [2023-03-15T07:47:05,752][INFO ][logstash.runner          ] Starting Logstash {"logstash.version"=>"7.15.2", "jruby.version"=>"jruby 9.2.19.0 (2.5.8) 2021-06-15 55810c552b OpenJDK 64-Bit Server VM 11.0.12+7 on 11.0.12+7 +indy +jit [linux-x86_64]"}
[2023-03-15T07:47:06.023+0000] {subprocess.py:93} INFO - [2023-03-15T07:47:06,023][WARN ][logstash.config.source.multilocal] Ignoring the 'pipelines.yml' file because modules or command line options are specified
[2023-03-15T07:47:07.163+0000] {subprocess.py:93} INFO - [2023-03-15T07:47:07,163][INFO ][logstash.agent           ] Successfully started Logstash API endpoint {:port=>9600}
[2023-03-15T07:47:07.642+0000] {subprocess.py:93} INFO - [2023-03-15T07:47:07,641][INFO ][org.reflections.Reflections] Reflections took 82 ms to scan 1 urls, producing 120 keys and 417 values
[2023-03-15T07:47:08.475+0000] {subprocess.py:93} INFO - [2023-03-15T07:47:08,474][INFO ][logstash.outputs.elasticsearch][main] New Elasticsearch output {:class=>"LogStash::Outputs::ElasticSearch", :hosts=>["//localhost:9200"]}
[2023-03-15T07:47:08.742+0000] {subprocess.py:93} INFO - [2023-03-15T07:47:08,741][INFO ][logstash.outputs.elasticsearch][main] Elasticsearch pool URLs updated {:changes=>{:removed=>[], :added=>[http://localhost:9200/]}}
[2023-03-15T07:47:08.876+0000] {subprocess.py:93} INFO - [2023-03-15T07:47:08,873][WARN ][logstash.outputs.elasticsearch][main] Restored connection to ES instance {:url=>"http://localhost:9200/"}
[2023-03-15T07:47:08.933+0000] {subprocess.py:93} INFO - [2023-03-15T07:47:08,932][INFO ][logstash.outputs.elasticsearch][main] Elasticsearch version determined (7.15.2) {:es_version=>7}
[2023-03-15T07:47:08.936+0000] {subprocess.py:93} INFO - [2023-03-15T07:47:08,936][WARN ][logstash.outputs.elasticsearch][main] Detected a 6.x and above cluster: the `type` event field won't be used to determine the document _type {:es_version=>7}
[2023-03-15T07:47:09.078+0000] {subprocess.py:93} INFO - [2023-03-15T07:47:09,078][INFO ][logstash.outputs.elasticsearch][main] Using a default mapping template {:es_version=>7, :ecs_compatibility=>:disabled}
[2023-03-15T07:47:09.106+0000] {subprocess.py:93} INFO - [2023-03-15T07:47:09,105][INFO ][logstash.javapipeline    ][main] Starting pipeline {:pipeline_id=>"main", "pipeline.workers"=>8, "pipeline.batch.size"=>125, "pipeline.batch.delay"=>50, "pipeline.max_inflight"=>1000, "pipeline.sources"=>["/etc/logstash/conf.d/data.conf"], :thread=>"#<Thread:0x4388e4ec run>"}
[2023-03-15T07:47:09.723+0000] {subprocess.py:93} INFO - [2023-03-15T07:47:09,723][INFO ][logstash.javapipeline    ][main] Pipeline Java execution initialization time {"seconds"=>0.61}
[2023-03-15T07:47:09.812+0000] {subprocess.py:93} INFO - [2023-03-15T07:47:09,812][INFO ][logstash.javapipeline    ][main] Pipeline started {"pipeline.id"=>"main"}
[2023-03-15T07:47:09.866+0000] {subprocess.py:93} INFO - [2023-03-15T07:47:09,865][INFO ][logstash.agent           ] Pipelines running {:count=>1, :running_pipelines=>[:main], :non_running_pipelines=>[]}
[2023-03-15T07:47:10.943+0000] {subprocess.py:93} INFO - [2023-03-15T07:47:10,942][INFO ][logstash.inputs.jdbc     ][main][afa454a497099ce3438919c7cfc7ae10a3b3980082608321cda443e0b5f70dbd] (0.018747s) SELECT CAST(current_setting('server_version_num') AS integer) AS v
[2023-03-15T07:47:11.122+0000] {subprocess.py:93} INFO - [2023-03-15T07:47:11,122][INFO ][logstash.inputs.jdbc     ][main][afa454a497099ce3438919c7cfc7ae10a3b3980082608321cda443e0b5f70dbd] (0.010732s) SELECT count(*) AS "count" FROM (SELECT * FROM customers) AS "t1" LIMIT 1
[2023-03-15T07:47:11.341+0000] {subprocess.py:93} INFO - [2023-03-15T07:47:11,341][INFO ][logstash.inputs.jdbc     ][main][afa454a497099ce3438919c7cfc7ae10a3b3980082608321cda443e0b5f70dbd] (0.201403s) SELECT * FROM (SELECT * FROM customers) AS "t1" LIMIT 50000 OFFSET 0
[2023-03-15T07:47:15.886+0000] {subprocess.py:93} INFO - [2023-03-15T07:47:15,886][INFO ][logstash.inputs.jdbc     ][main][afa454a497099ce3438919c7cfc7ae10a3b3980082608321cda443e0b5f70dbd] (0.222451s) SELECT * FROM (SELECT * FROM customers) AS "t1" LIMIT 50000 OFFSET 50000
[2023-03-15T07:47:19.644+0000] {subprocess.py:93} INFO - [2023-03-15T07:47:19,644][INFO ][logstash.inputs.jdbc     ][main][afa454a497099ce3438919c7cfc7ae10a3b3980082608321cda443e0b5f70dbd] (0.031090s) SELECT * FROM (SELECT * FROM customers) AS "t1" LIMIT 50000 OFFSET 100000
[2023-03-15T07:47:21.005+0000] {subprocess.py:93} INFO - [2023-03-15T07:47:21,005][INFO ][logstash.javapipeline    ][main] Pipeline terminated {"pipeline.id"=>"main"}
[2023-03-15T07:47:21.458+0000] {subprocess.py:93} INFO - [2023-03-15T07:47:21,458][INFO ][logstash.pipelinesregistry] Removed pipeline from registry successfully {:pipeline_id=>:main}
[2023-03-15T07:47:21.488+0000] {subprocess.py:93} INFO - [2023-03-15T07:47:21,487][INFO ][logstash.runner          ] Logstash shut down.
[2023-03-15T07:47:21.563+0000] {subprocess.py:97} INFO - Command exited with return code 0
[2023-03-15T07:47:21.582+0000] {taskinstance.py:1318} INFO - Marking task as SUCCESS. dag_id=AUTOMATISATION, task_id=Chargement_des_données_in_ELK, execution_date=20230313T000521, start_date=20230315T074649, end_date=20230315T074721
[2023-03-15T07:47:21.624+0000] {local_task_job.py:208} INFO - Task exited with return code 0
[2023-03-15T07:47:21.631+0000] {taskinstance.py:2578} INFO - 0 downstream tasks scheduled from follow-on schedule check
