[2023-03-13T22:57:31.800+0000] {taskinstance.py:1083} INFO - Dependencies all met for <TaskInstance: AUTOMATISATION.demarre_ELK scheduled__2023-03-13T00:04:03+00:00 [queued]>
[2023-03-13T22:57:31.811+0000] {taskinstance.py:1083} INFO - Dependencies all met for <TaskInstance: AUTOMATISATION.demarre_ELK scheduled__2023-03-13T00:04:03+00:00 [queued]>
[2023-03-13T22:57:31.811+0000] {taskinstance.py:1279} INFO - 
--------------------------------------------------------------------------------
[2023-03-13T22:57:31.812+0000] {taskinstance.py:1280} INFO - Starting attempt 1 of 2
[2023-03-13T22:57:31.812+0000] {taskinstance.py:1281} INFO - 
--------------------------------------------------------------------------------
[2023-03-13T22:57:31.844+0000] {taskinstance.py:1300} INFO - Executing <Task(BashOperator): demarre_ELK> on 2023-03-13 00:04:03+00:00
[2023-03-13T22:57:31.847+0000] {standard_task_runner.py:55} INFO - Started process 80082 to run task
[2023-03-13T22:57:31.851+0000] {standard_task_runner.py:82} INFO - Running: ['airflow', 'tasks', 'run', 'AUTOMATISATION', 'demarre_ELK', 'scheduled__2023-03-13T00:04:03+00:00', '--job-id', '438', '--raw', '--subdir', 'DAGS_FOLDER/main.py', '--cfg-path', '/tmp/tmp29ui2e93']
[2023-03-13T22:57:31.853+0000] {standard_task_runner.py:83} INFO - Job 438: Subtask demarre_ELK
[2023-03-13T22:57:31.928+0000] {task_command.py:388} INFO - Running <TaskInstance: AUTOMATISATION.demarre_ELK scheduled__2023-03-13T00:04:03+00:00 [running]> on host dev
[2023-03-13T22:57:32.012+0000] {taskinstance.py:1507} INFO - Exporting the following env vars:
AIRFLOW_CTX_DAG_OWNER=airflow
AIRFLOW_CTX_DAG_ID=AUTOMATISATION
AIRFLOW_CTX_TASK_ID=demarre_ELK
AIRFLOW_CTX_EXECUTION_DATE=2023-03-13T00:04:03+00:00
AIRFLOW_CTX_TRY_NUMBER=1
AIRFLOW_CTX_DAG_RUN_ID=scheduled__2023-03-13T00:04:03+00:00
[2023-03-13T22:57:32.014+0000] {subprocess.py:63} INFO - Tmp dir root location: 
 /tmp
[2023-03-13T22:57:32.015+0000] {subprocess.py:75} INFO - Running command: ['/usr/bin/bash', '-c', 'docker-compose -f /home/dev/soute/ELK/docker-compose.yml up -d']
[2023-03-13T22:57:32.023+0000] {subprocess.py:86} INFO - Output:
[2023-03-13T22:57:32.815+0000] {subprocess.py:93} INFO - elasticsearch is up-to-date
[2023-03-13T22:57:32.815+0000] {subprocess.py:93} INFO - kibana is up-to-date
[2023-03-13T22:57:32.873+0000] {subprocess.py:97} INFO - Command exited with return code 0
[2023-03-13T22:57:32.909+0000] {taskinstance.py:1318} INFO - Marking task as SUCCESS. dag_id=AUTOMATISATION, task_id=demarre_ELK, execution_date=20230313T000403, start_date=20230313T225731, end_date=20230313T225732
[2023-03-13T22:57:32.956+0000] {local_task_job.py:208} INFO - Task exited with return code 0
[2023-03-13T22:57:32.982+0000] {taskinstance.py:2578} INFO - 1 downstream tasks scheduled from follow-on schedule check
[2023-03-15T07:36:55.562+0000] {taskinstance.py:1083} INFO - Dependencies all met for <TaskInstance: AUTOMATISATION.demarre_ELK scheduled__2023-03-13T00:04:03+00:00 [queued]>
[2023-03-15T07:36:55.566+0000] {taskinstance.py:1083} INFO - Dependencies all met for <TaskInstance: AUTOMATISATION.demarre_ELK scheduled__2023-03-13T00:04:03+00:00 [queued]>
[2023-03-15T07:36:55.567+0000] {taskinstance.py:1279} INFO - 
--------------------------------------------------------------------------------
[2023-03-15T07:36:55.567+0000] {taskinstance.py:1280} INFO - Starting attempt 1 of 2
[2023-03-15T07:36:55.567+0000] {taskinstance.py:1281} INFO - 
--------------------------------------------------------------------------------
[2023-03-15T07:36:55.578+0000] {taskinstance.py:1300} INFO - Executing <Task(BashOperator): demarre_ELK> on 2023-03-13 00:04:03+00:00
[2023-03-15T07:36:55.580+0000] {standard_task_runner.py:55} INFO - Started process 134138 to run task
[2023-03-15T07:36:55.581+0000] {standard_task_runner.py:82} INFO - Running: ['airflow', 'tasks', 'run', 'AUTOMATISATION', 'demarre_ELK', 'scheduled__2023-03-13T00:04:03+00:00', '--job-id', '809', '--raw', '--subdir', 'DAGS_FOLDER/main.py', '--cfg-path', '/tmp/tmpfy4ne16s']
[2023-03-15T07:36:55.582+0000] {standard_task_runner.py:83} INFO - Job 809: Subtask demarre_ELK
[2023-03-15T07:36:55.610+0000] {task_command.py:388} INFO - Running <TaskInstance: AUTOMATISATION.demarre_ELK scheduled__2023-03-13T00:04:03+00:00 [running]> on host dev
[2023-03-15T07:36:55.645+0000] {taskinstance.py:1507} INFO - Exporting the following env vars:
AIRFLOW_CTX_DAG_OWNER=airflow
AIRFLOW_CTX_DAG_ID=AUTOMATISATION
AIRFLOW_CTX_TASK_ID=demarre_ELK
AIRFLOW_CTX_EXECUTION_DATE=2023-03-13T00:04:03+00:00
AIRFLOW_CTX_TRY_NUMBER=1
AIRFLOW_CTX_DAG_RUN_ID=scheduled__2023-03-13T00:04:03+00:00
[2023-03-15T07:36:55.646+0000] {subprocess.py:63} INFO - Tmp dir root location: 
 /tmp
[2023-03-15T07:36:55.646+0000] {subprocess.py:75} INFO - Running command: ['/usr/bin/bash', '-c', 'docker-compose -f /home/dev/soute/ELK/docker-compose.yml up -d']
[2023-03-15T07:36:55.651+0000] {subprocess.py:86} INFO - Output:
[2023-03-15T07:36:55.947+0000] {subprocess.py:93} INFO - elasticsearch is up-to-date
[2023-03-15T07:36:55.947+0000] {subprocess.py:93} INFO - kibana is up-to-date
[2023-03-15T07:36:55.969+0000] {subprocess.py:97} INFO - Command exited with return code 0
[2023-03-15T07:36:55.983+0000] {taskinstance.py:1318} INFO - Marking task as SUCCESS. dag_id=AUTOMATISATION, task_id=demarre_ELK, execution_date=20230313T000403, start_date=20230315T073655, end_date=20230315T073655
[2023-03-15T07:36:56.034+0000] {local_task_job.py:208} INFO - Task exited with return code 0
[2023-03-15T07:36:56.057+0000] {taskinstance.py:2578} INFO - 1 downstream tasks scheduled from follow-on schedule check
