[2023-03-14T00:12:03.924+0000] {taskinstance.py:1083} INFO - Dependencies all met for <TaskInstance: AUTOMATISATION.demarre_ELK scheduled__2023-03-13T00:05:48+00:00 [queued]>
[2023-03-14T00:12:03.936+0000] {taskinstance.py:1083} INFO - Dependencies all met for <TaskInstance: AUTOMATISATION.demarre_ELK scheduled__2023-03-13T00:05:48+00:00 [queued]>
[2023-03-14T00:12:03.936+0000] {taskinstance.py:1279} INFO - 
--------------------------------------------------------------------------------
[2023-03-14T00:12:03.936+0000] {taskinstance.py:1280} INFO - Starting attempt 1 of 2
[2023-03-14T00:12:03.936+0000] {taskinstance.py:1281} INFO - 
--------------------------------------------------------------------------------
[2023-03-14T00:12:03.960+0000] {taskinstance.py:1300} INFO - Executing <Task(BashOperator): demarre_ELK> on 2023-03-13 00:05:48+00:00
[2023-03-14T00:12:03.963+0000] {standard_task_runner.py:55} INFO - Started process 95891 to run task
[2023-03-14T00:12:03.967+0000] {standard_task_runner.py:82} INFO - Running: ['airflow', 'tasks', 'run', 'AUTOMATISATION', 'demarre_ELK', 'scheduled__2023-03-13T00:05:48+00:00', '--job-id', '508', '--raw', '--subdir', 'DAGS_FOLDER/main.py', '--cfg-path', '/tmp/tmpaha5_92z']
[2023-03-14T00:12:03.970+0000] {standard_task_runner.py:83} INFO - Job 508: Subtask demarre_ELK
[2023-03-14T00:12:04.048+0000] {task_command.py:388} INFO - Running <TaskInstance: AUTOMATISATION.demarre_ELK scheduled__2023-03-13T00:05:48+00:00 [running]> on host dev
[2023-03-14T00:12:04.158+0000] {taskinstance.py:1507} INFO - Exporting the following env vars:
AIRFLOW_CTX_DAG_OWNER=airflow
AIRFLOW_CTX_DAG_ID=AUTOMATISATION
AIRFLOW_CTX_TASK_ID=demarre_ELK
AIRFLOW_CTX_EXECUTION_DATE=2023-03-13T00:05:48+00:00
AIRFLOW_CTX_TRY_NUMBER=1
AIRFLOW_CTX_DAG_RUN_ID=scheduled__2023-03-13T00:05:48+00:00
[2023-03-14T00:12:04.160+0000] {subprocess.py:63} INFO - Tmp dir root location: 
 /tmp
[2023-03-14T00:12:04.161+0000] {subprocess.py:75} INFO - Running command: ['/usr/bin/bash', '-c', 'docker-compose -f /home/dev/soute/ELK/docker-compose.yml up -d']
[2023-03-14T00:12:04.170+0000] {subprocess.py:86} INFO - Output:
[2023-03-14T00:12:05.012+0000] {subprocess.py:93} INFO - elasticsearch is up-to-date
[2023-03-14T00:12:05.013+0000] {subprocess.py:93} INFO - kibana is up-to-date
[2023-03-14T00:12:05.070+0000] {subprocess.py:97} INFO - Command exited with return code 0
[2023-03-14T00:12:05.104+0000] {taskinstance.py:1318} INFO - Marking task as SUCCESS. dag_id=AUTOMATISATION, task_id=demarre_ELK, execution_date=20230313T000548, start_date=20230314T001203, end_date=20230314T001205
[2023-03-14T00:12:05.142+0000] {local_task_job.py:208} INFO - Task exited with return code 0
[2023-03-14T00:12:05.167+0000] {taskinstance.py:2578} INFO - 1 downstream tasks scheduled from follow-on schedule check
[2023-03-15T07:52:23.930+0000] {taskinstance.py:1083} INFO - Dependencies all met for <TaskInstance: AUTOMATISATION.demarre_ELK scheduled__2023-03-13T00:05:48+00:00 [queued]>
[2023-03-15T07:52:23.935+0000] {taskinstance.py:1083} INFO - Dependencies all met for <TaskInstance: AUTOMATISATION.demarre_ELK scheduled__2023-03-13T00:05:48+00:00 [queued]>
[2023-03-15T07:52:23.936+0000] {taskinstance.py:1279} INFO - 
--------------------------------------------------------------------------------
[2023-03-15T07:52:23.936+0000] {taskinstance.py:1280} INFO - Starting attempt 1 of 2
[2023-03-15T07:52:23.936+0000] {taskinstance.py:1281} INFO - 
--------------------------------------------------------------------------------
[2023-03-15T07:52:23.946+0000] {taskinstance.py:1300} INFO - Executing <Task(BashOperator): demarre_ELK> on 2023-03-13 00:05:48+00:00
[2023-03-15T07:52:23.948+0000] {standard_task_runner.py:55} INFO - Started process 143339 to run task
[2023-03-15T07:52:23.949+0000] {standard_task_runner.py:82} INFO - Running: ['airflow', 'tasks', 'run', 'AUTOMATISATION', 'demarre_ELK', 'scheduled__2023-03-13T00:05:48+00:00', '--job-id', '881', '--raw', '--subdir', 'DAGS_FOLDER/main.py', '--cfg-path', '/tmp/tmps5yzdptj']
[2023-03-15T07:52:23.950+0000] {standard_task_runner.py:83} INFO - Job 881: Subtask demarre_ELK
[2023-03-15T07:52:23.978+0000] {task_command.py:388} INFO - Running <TaskInstance: AUTOMATISATION.demarre_ELK scheduled__2023-03-13T00:05:48+00:00 [running]> on host dev
[2023-03-15T07:52:24.017+0000] {taskinstance.py:1507} INFO - Exporting the following env vars:
AIRFLOW_CTX_DAG_OWNER=airflow
AIRFLOW_CTX_DAG_ID=AUTOMATISATION
AIRFLOW_CTX_TASK_ID=demarre_ELK
AIRFLOW_CTX_EXECUTION_DATE=2023-03-13T00:05:48+00:00
AIRFLOW_CTX_TRY_NUMBER=1
AIRFLOW_CTX_DAG_RUN_ID=scheduled__2023-03-13T00:05:48+00:00
[2023-03-15T07:52:24.018+0000] {subprocess.py:63} INFO - Tmp dir root location: 
 /tmp
[2023-03-15T07:52:24.018+0000] {subprocess.py:75} INFO - Running command: ['/usr/bin/bash', '-c', 'docker-compose -f /home/dev/soute/ELK/docker-compose.yml up -d']
[2023-03-15T07:52:24.022+0000] {subprocess.py:86} INFO - Output:
[2023-03-15T07:52:24.321+0000] {subprocess.py:93} INFO - elasticsearch is up-to-date
[2023-03-15T07:52:24.321+0000] {subprocess.py:93} INFO - kibana is up-to-date
[2023-03-15T07:52:24.343+0000] {subprocess.py:97} INFO - Command exited with return code 0
[2023-03-15T07:52:24.357+0000] {taskinstance.py:1318} INFO - Marking task as SUCCESS. dag_id=AUTOMATISATION, task_id=demarre_ELK, execution_date=20230313T000548, start_date=20230315T075223, end_date=20230315T075224
[2023-03-15T07:52:24.402+0000] {local_task_job.py:208} INFO - Task exited with return code 0
[2023-03-15T07:52:24.412+0000] {taskinstance.py:2578} INFO - 1 downstream tasks scheduled from follow-on schedule check
