[2023-03-13T22:33:31.705+0000] {taskinstance.py:1083} INFO - Dependencies all met for <TaskInstance: AUTOMATISATION.Chargement_des_données_in_ELK scheduled__2023-03-13T00:03:27+00:00 [queued]>
[2023-03-13T22:33:31.716+0000] {taskinstance.py:1083} INFO - Dependencies all met for <TaskInstance: AUTOMATISATION.Chargement_des_données_in_ELK scheduled__2023-03-13T00:03:27+00:00 [queued]>
[2023-03-13T22:33:31.717+0000] {taskinstance.py:1279} INFO - 
--------------------------------------------------------------------------------
[2023-03-13T22:33:31.717+0000] {taskinstance.py:1280} INFO - Starting attempt 1 of 4
[2023-03-13T22:33:31.717+0000] {taskinstance.py:1281} INFO - 
--------------------------------------------------------------------------------
[2023-03-13T22:33:31.740+0000] {taskinstance.py:1300} INFO - Executing <Task(BashOperator): Chargement_des_données_in_ELK> on 2023-03-13 00:03:27+00:00
[2023-03-13T22:33:31.743+0000] {standard_task_runner.py:55} INFO - Started process 73668 to run task
[2023-03-13T22:33:31.747+0000] {standard_task_runner.py:82} INFO - Running: ['airflow', 'tasks', 'run', 'AUTOMATISATION', 'Chargement_des_données_in_ELK', 'scheduled__2023-03-13T00:03:27+00:00', '--job-id', '417', '--raw', '--subdir', 'DAGS_FOLDER/main.py', '--cfg-path', '/tmp/tmp7k6yp4vi']
[2023-03-13T22:33:31.749+0000] {standard_task_runner.py:83} INFO - Job 417: Subtask Chargement_des_données_in_ELK
[2023-03-13T22:33:31.818+0000] {task_command.py:388} INFO - Running <TaskInstance: AUTOMATISATION.Chargement_des_données_in_ELK scheduled__2023-03-13T00:03:27+00:00 [running]> on host dev
[2023-03-13T22:33:31.907+0000] {taskinstance.py:1507} INFO - Exporting the following env vars:
AIRFLOW_CTX_DAG_OWNER=airflow
AIRFLOW_CTX_DAG_ID=AUTOMATISATION
AIRFLOW_CTX_TASK_ID=Chargement_des_données_in_ELK
AIRFLOW_CTX_EXECUTION_DATE=2023-03-13T00:03:27+00:00
AIRFLOW_CTX_TRY_NUMBER=1
AIRFLOW_CTX_DAG_RUN_ID=scheduled__2023-03-13T00:03:27+00:00
[2023-03-13T22:33:31.909+0000] {subprocess.py:63} INFO - Tmp dir root location: 
 /tmp
[2023-03-13T22:33:31.910+0000] {subprocess.py:75} INFO - Running command: ['/usr/bin/bash', '-c', 'echo dev | sudo -S /usr/share/logstash/bin/logstash --path.settings=/etc/logstash/ -f /etc/logstash/conf.d/data.conf']
[2023-03-13T22:33:31.918+0000] {subprocess.py:86} INFO - Output:
[2023-03-13T22:33:32.016+0000] {subprocess.py:93} INFO - [sudo] Mot de passe de dev : Using bundled JDK: /usr/share/logstash/jdk
[2023-03-13T22:33:32.302+0000] {subprocess.py:93} INFO - OpenJDK 64-Bit Server VM warning: Option UseConcMarkSweepGC was deprecated in version 9.0 and will likely be removed in a future release.
[2023-03-13T22:34:00.016+0000] {subprocess.py:93} INFO - Sending Logstash logs to /var/log/logstash which is now configured via log4j2.properties
[2023-03-13T22:34:00.164+0000] {subprocess.py:93} INFO - [2023-03-13T22:34:00,160][INFO ][logstash.runner          ] Log4j configuration path used is: /etc/logstash/log4j2.properties
[2023-03-13T22:34:00.176+0000] {subprocess.py:93} INFO - [2023-03-13T22:34:00,176][INFO ][logstash.runner          ] Starting Logstash {"logstash.version"=>"7.15.2", "jruby.version"=>"jruby 9.2.19.0 (2.5.8) 2021-06-15 55810c552b OpenJDK 64-Bit Server VM 11.0.12+7 on 11.0.12+7 +indy +jit [linux-x86_64]"}
[2023-03-13T22:34:00.634+0000] {subprocess.py:93} INFO - [2023-03-13T22:34:00,633][WARN ][logstash.config.source.multilocal] Ignoring the 'pipelines.yml' file because modules or command line options are specified
[2023-03-13T22:34:02.331+0000] {subprocess.py:93} INFO - [2023-03-13T22:34:02,327][INFO ][logstash.agent           ] Successfully started Logstash API endpoint {:port=>9600}
[2023-03-13T22:34:03.140+0000] {subprocess.py:93} INFO - [2023-03-13T22:34:03,139][INFO ][org.reflections.Reflections] Reflections took 126 ms to scan 1 urls, producing 120 keys and 417 values
[2023-03-13T22:34:04.526+0000] {subprocess.py:93} INFO - [2023-03-13T22:34:04,525][INFO ][logstash.outputs.elasticsearch][main] New Elasticsearch output {:class=>"LogStash::Outputs::ElasticSearch", :hosts=>["//localhost:9200"]}
[2023-03-13T22:34:04.929+0000] {subprocess.py:93} INFO - [2023-03-13T22:34:04,926][INFO ][logstash.outputs.elasticsearch][main] Elasticsearch pool URLs updated {:changes=>{:removed=>[], :added=>[http://localhost:9200/]}}
[2023-03-13T22:34:05.124+0000] {subprocess.py:93} INFO - [2023-03-13T22:34:05,123][WARN ][logstash.outputs.elasticsearch][main] Restored connection to ES instance {:url=>"http://localhost:9200/"}
[2023-03-13T22:34:05.181+0000] {subprocess.py:93} INFO - [2023-03-13T22:34:05,180][INFO ][logstash.outputs.elasticsearch][main] Elasticsearch version determined (7.15.2) {:es_version=>7}
[2023-03-13T22:34:05.185+0000] {subprocess.py:93} INFO - [2023-03-13T22:34:05,184][WARN ][logstash.outputs.elasticsearch][main] Detected a 6.x and above cluster: the `type` event field won't be used to determine the document _type {:es_version=>7}
[2023-03-13T22:34:05.393+0000] {subprocess.py:93} INFO - [2023-03-13T22:34:05,392][INFO ][logstash.outputs.elasticsearch][main] Using a default mapping template {:es_version=>7, :ecs_compatibility=>:disabled}
[2023-03-13T22:34:05.439+0000] {subprocess.py:93} INFO - [2023-03-13T22:34:05,438][INFO ][logstash.javapipeline    ][main] Starting pipeline {:pipeline_id=>"main", "pipeline.workers"=>8, "pipeline.batch.size"=>125, "pipeline.batch.delay"=>50, "pipeline.max_inflight"=>1000, "pipeline.sources"=>["/etc/logstash/conf.d/data.conf"], :thread=>"#<Thread:0x1a43ce35 run>"}
[2023-03-13T22:34:06.654+0000] {subprocess.py:93} INFO - [2023-03-13T22:34:06,654][INFO ][logstash.javapipeline    ][main] Pipeline Java execution initialization time {"seconds"=>1.21}
[2023-03-13T22:34:06.803+0000] {subprocess.py:93} INFO - [2023-03-13T22:34:06,803][INFO ][logstash.javapipeline    ][main] Pipeline started {"pipeline.id"=>"main"}
[2023-03-13T22:34:06.909+0000] {subprocess.py:93} INFO - [2023-03-13T22:34:06,908][INFO ][logstash.agent           ] Pipelines running {:count=>1, :running_pipelines=>[:main], :non_running_pipelines=>[]}
[2023-03-13T22:34:08.411+0000] {subprocess.py:93} INFO - [2023-03-13T22:34:08,411][INFO ][logstash.inputs.jdbc     ][main][afa454a497099ce3438919c7cfc7ae10a3b3980082608321cda443e0b5f70dbd] (0.024860s) SELECT CAST(current_setting('server_version_num') AS integer) AS v
[2023-03-13T22:34:08.658+0000] {subprocess.py:93} INFO - [2023-03-13T22:34:08,658][INFO ][logstash.inputs.jdbc     ][main][afa454a497099ce3438919c7cfc7ae10a3b3980082608321cda443e0b5f70dbd] (0.084191s) SELECT count(*) AS "count" FROM (SELECT * FROM customers) AS "t1" LIMIT 1
[2023-03-13T22:34:09.159+0000] {subprocess.py:93} INFO - [2023-03-13T22:34:09,158][INFO ][logstash.inputs.jdbc     ][main][afa454a497099ce3438919c7cfc7ae10a3b3980082608321cda443e0b5f70dbd] (0.470940s) SELECT * FROM (SELECT * FROM customers) AS "t1" LIMIT 50000 OFFSET 0
[2023-03-13T22:34:16.820+0000] {subprocess.py:93} INFO - [2023-03-13T22:34:16,819][INFO ][logstash.inputs.jdbc     ][main][afa454a497099ce3438919c7cfc7ae10a3b3980082608321cda443e0b5f70dbd] (0.259542s) SELECT * FROM (SELECT * FROM customers) AS "t1" LIMIT 50000 OFFSET 50000
[2023-03-13T22:34:20.434+0000] {subprocess.py:93} INFO - [2023-03-13T22:34:20,434][INFO ][logstash.inputs.jdbc     ][main][afa454a497099ce3438919c7cfc7ae10a3b3980082608321cda443e0b5f70dbd] (0.122059s) SELECT * FROM (SELECT * FROM customers) AS "t1" LIMIT 50000 OFFSET 100000
[2023-03-13T22:34:22.976+0000] {subprocess.py:93} INFO - [2023-03-13T22:34:22,976][INFO ][logstash.inputs.jdbc     ][main][afa454a497099ce3438919c7cfc7ae10a3b3980082608321cda443e0b5f70dbd] (0.162393s) SELECT * FROM (SELECT * FROM customers) AS "t1" LIMIT 50000 OFFSET 150000
[2023-03-13T22:34:26.028+0000] {subprocess.py:93} INFO - [2023-03-13T22:34:26,027][INFO ][logstash.inputs.jdbc     ][main][afa454a497099ce3438919c7cfc7ae10a3b3980082608321cda443e0b5f70dbd] (0.155638s) SELECT * FROM (SELECT * FROM customers) AS "t1" LIMIT 50000 OFFSET 200000
[2023-03-13T22:34:29.719+0000] {subprocess.py:93} INFO - [2023-03-13T22:34:29,718][INFO ][logstash.inputs.jdbc     ][main][afa454a497099ce3438919c7cfc7ae10a3b3980082608321cda443e0b5f70dbd] (0.172548s) SELECT * FROM (SELECT * FROM customers) AS "t1" LIMIT 50000 OFFSET 250000
[2023-03-13T22:34:33.199+0000] {subprocess.py:93} INFO - [2023-03-13T22:34:33,199][INFO ][logstash.inputs.jdbc     ][main][afa454a497099ce3438919c7cfc7ae10a3b3980082608321cda443e0b5f70dbd] (0.097907s) SELECT * FROM (SELECT * FROM customers) AS "t1" LIMIT 50000 OFFSET 300000
[2023-03-13T22:34:35.900+0000] {subprocess.py:93} INFO - [2023-03-13T22:34:35,900][INFO ][logstash.inputs.jdbc     ][main][afa454a497099ce3438919c7cfc7ae10a3b3980082608321cda443e0b5f70dbd] (0.124345s) SELECT * FROM (SELECT * FROM customers) AS "t1" LIMIT 50000 OFFSET 350000
[2023-03-13T22:34:38.513+0000] {subprocess.py:93} INFO - [2023-03-13T22:34:38,513][INFO ][logstash.inputs.jdbc     ][main][afa454a497099ce3438919c7cfc7ae10a3b3980082608321cda443e0b5f70dbd] (0.137357s) SELECT * FROM (SELECT * FROM customers) AS "t1" LIMIT 50000 OFFSET 400000
[2023-03-13T22:34:40.841+0000] {subprocess.py:93} INFO - [2023-03-13T22:34:40,841][INFO ][logstash.inputs.jdbc     ][main][afa454a497099ce3438919c7cfc7ae10a3b3980082608321cda443e0b5f70dbd] (0.153630s) SELECT * FROM (SELECT * FROM customers) AS "t1" LIMIT 50000 OFFSET 450000
[2023-03-13T22:34:43.290+0000] {subprocess.py:93} INFO - [2023-03-13T22:34:43,290][INFO ][logstash.inputs.jdbc     ][main][afa454a497099ce3438919c7cfc7ae10a3b3980082608321cda443e0b5f70dbd] (0.144521s) SELECT * FROM (SELECT * FROM customers) AS "t1" LIMIT 50000 OFFSET 500000
[2023-03-13T22:34:47.403+0000] {subprocess.py:93} INFO - [2023-03-13T22:34:47,402][INFO ][logstash.inputs.jdbc     ][main][afa454a497099ce3438919c7cfc7ae10a3b3980082608321cda443e0b5f70dbd] (0.134884s) SELECT * FROM (SELECT * FROM customers) AS "t1" LIMIT 50000 OFFSET 550000
[2023-03-13T22:34:50.029+0000] {subprocess.py:93} INFO - [2023-03-13T22:34:50,029][INFO ][logstash.inputs.jdbc     ][main][afa454a497099ce3438919c7cfc7ae10a3b3980082608321cda443e0b5f70dbd] (0.154686s) SELECT * FROM (SELECT * FROM customers) AS "t1" LIMIT 50000 OFFSET 600000
[2023-03-13T22:34:52.473+0000] {subprocess.py:93} INFO - [2023-03-13T22:34:52,473][INFO ][logstash.inputs.jdbc     ][main][afa454a497099ce3438919c7cfc7ae10a3b3980082608321cda443e0b5f70dbd] (0.150758s) SELECT * FROM (SELECT * FROM customers) AS "t1" LIMIT 50000 OFFSET 650000
[2023-03-13T22:34:55.057+0000] {subprocess.py:93} INFO - [2023-03-13T22:34:55,057][INFO ][logstash.inputs.jdbc     ][main][afa454a497099ce3438919c7cfc7ae10a3b3980082608321cda443e0b5f70dbd] (0.150993s) SELECT * FROM (SELECT * FROM customers) AS "t1" LIMIT 50000 OFFSET 700000
[2023-03-13T22:34:58.571+0000] {subprocess.py:93} INFO - [2023-03-13T22:34:58,570][INFO ][logstash.inputs.jdbc     ][main][afa454a497099ce3438919c7cfc7ae10a3b3980082608321cda443e0b5f70dbd] (0.182176s) SELECT * FROM (SELECT * FROM customers) AS "t1" LIMIT 50000 OFFSET 750000
[2023-03-13T22:35:01.424+0000] {subprocess.py:93} INFO - [2023-03-13T22:35:01,424][INFO ][logstash.inputs.jdbc     ][main][afa454a497099ce3438919c7cfc7ae10a3b3980082608321cda443e0b5f70dbd] (0.191599s) SELECT * FROM (SELECT * FROM customers) AS "t1" LIMIT 50000 OFFSET 800000
[2023-03-13T22:35:12.943+0000] {subprocess.py:93} INFO - [2023-03-13T22:35:12,943][INFO ][logstash.inputs.jdbc     ][main][afa454a497099ce3438919c7cfc7ae10a3b3980082608321cda443e0b5f70dbd] (0.178014s) SELECT * FROM (SELECT * FROM customers) AS "t1" LIMIT 50000 OFFSET 850000
[2023-03-13T22:35:15.461+0000] {subprocess.py:93} INFO - [2023-03-13T22:35:15,461][INFO ][logstash.inputs.jdbc     ][main][afa454a497099ce3438919c7cfc7ae10a3b3980082608321cda443e0b5f70dbd] (0.166686s) SELECT * FROM (SELECT * FROM customers) AS "t1" LIMIT 50000 OFFSET 900000
[2023-03-13T22:35:18.515+0000] {subprocess.py:93} INFO - [2023-03-13T22:35:18,514][INFO ][logstash.inputs.jdbc     ][main][afa454a497099ce3438919c7cfc7ae10a3b3980082608321cda443e0b5f70dbd] (0.189060s) SELECT * FROM (SELECT * FROM customers) AS "t1" LIMIT 50000 OFFSET 950000
[2023-03-13T22:35:21.112+0000] {subprocess.py:93} INFO - [2023-03-13T22:35:21,111][INFO ][logstash.inputs.jdbc     ][main][afa454a497099ce3438919c7cfc7ae10a3b3980082608321cda443e0b5f70dbd] (0.163321s) SELECT * FROM (SELECT * FROM customers) AS "t1" LIMIT 50000 OFFSET 1000000
[2023-03-13T22:35:27.444+0000] {subprocess.py:93} INFO - [2023-03-13T22:35:27,444][INFO ][logstash.inputs.jdbc     ][main][afa454a497099ce3438919c7cfc7ae10a3b3980082608321cda443e0b5f70dbd] (0.217223s) SELECT * FROM (SELECT * FROM customers) AS "t1" LIMIT 50000 OFFSET 1050000
[2023-03-13T22:35:30.185+0000] {subprocess.py:93} INFO - [2023-03-13T22:35:30,184][INFO ][logstash.inputs.jdbc     ][main][afa454a497099ce3438919c7cfc7ae10a3b3980082608321cda443e0b5f70dbd] (0.179966s) SELECT * FROM (SELECT * FROM customers) AS "t1" LIMIT 50000 OFFSET 1100000
[2023-03-13T22:35:32.493+0000] {subprocess.py:93} INFO - [2023-03-13T22:35:32,493][INFO ][logstash.inputs.jdbc     ][main][afa454a497099ce3438919c7cfc7ae10a3b3980082608321cda443e0b5f70dbd] (0.164419s) SELECT * FROM (SELECT * FROM customers) AS "t1" LIMIT 50000 OFFSET 1150000
[2023-03-13T22:35:34.541+0000] {subprocess.py:93} INFO - [2023-03-13T22:35:34,541][INFO ][logstash.javapipeline    ][main] Pipeline terminated {"pipeline.id"=>"main"}
[2023-03-13T22:35:34.722+0000] {subprocess.py:93} INFO - [2023-03-13T22:35:34,722][INFO ][logstash.pipelinesregistry] Removed pipeline from registry successfully {:pipeline_id=>:main}
[2023-03-13T22:35:34.769+0000] {subprocess.py:93} INFO - [2023-03-13T22:35:34,769][INFO ][logstash.runner          ] Logstash shut down.
[2023-03-13T22:35:34.945+0000] {subprocess.py:97} INFO - Command exited with return code 0
[2023-03-13T22:35:34.978+0000] {taskinstance.py:1318} INFO - Marking task as SUCCESS. dag_id=AUTOMATISATION, task_id=Chargement_des_données_in_ELK, execution_date=20230313T000327, start_date=20230313T223331, end_date=20230313T223534
[2023-03-13T22:35:35.033+0000] {local_task_job.py:208} INFO - Task exited with return code 0
[2023-03-13T22:35:35.048+0000] {taskinstance.py:2578} INFO - 0 downstream tasks scheduled from follow-on schedule check
[2023-03-15T07:32:59.094+0000] {taskinstance.py:1083} INFO - Dependencies all met for <TaskInstance: AUTOMATISATION.Chargement_des_données_in_ELK scheduled__2023-03-13T00:03:27+00:00 [queued]>
[2023-03-15T07:32:59.098+0000] {taskinstance.py:1083} INFO - Dependencies all met for <TaskInstance: AUTOMATISATION.Chargement_des_données_in_ELK scheduled__2023-03-13T00:03:27+00:00 [queued]>
[2023-03-15T07:32:59.099+0000] {taskinstance.py:1279} INFO - 
--------------------------------------------------------------------------------
[2023-03-15T07:32:59.099+0000] {taskinstance.py:1280} INFO - Starting attempt 1 of 4
[2023-03-15T07:32:59.099+0000] {taskinstance.py:1281} INFO - 
--------------------------------------------------------------------------------
[2023-03-15T07:32:59.109+0000] {taskinstance.py:1300} INFO - Executing <Task(BashOperator): Chargement_des_données_in_ELK> on 2023-03-13 00:03:27+00:00
[2023-03-15T07:32:59.110+0000] {standard_task_runner.py:55} INFO - Started process 131989 to run task
[2023-03-15T07:32:59.112+0000] {standard_task_runner.py:82} INFO - Running: ['airflow', 'tasks', 'run', 'AUTOMATISATION', 'Chargement_des_données_in_ELK', 'scheduled__2023-03-13T00:03:27+00:00', '--job-id', '786', '--raw', '--subdir', 'DAGS_FOLDER/main.py', '--cfg-path', '/tmp/tmpnw8wnvgi']
[2023-03-15T07:32:59.113+0000] {standard_task_runner.py:83} INFO - Job 786: Subtask Chargement_des_données_in_ELK
[2023-03-15T07:32:59.141+0000] {task_command.py:388} INFO - Running <TaskInstance: AUTOMATISATION.Chargement_des_données_in_ELK scheduled__2023-03-13T00:03:27+00:00 [running]> on host dev
[2023-03-15T07:32:59.180+0000] {taskinstance.py:1507} INFO - Exporting the following env vars:
AIRFLOW_CTX_DAG_OWNER=airflow
AIRFLOW_CTX_DAG_ID=AUTOMATISATION
AIRFLOW_CTX_TASK_ID=Chargement_des_données_in_ELK
AIRFLOW_CTX_EXECUTION_DATE=2023-03-13T00:03:27+00:00
AIRFLOW_CTX_TRY_NUMBER=1
AIRFLOW_CTX_DAG_RUN_ID=scheduled__2023-03-13T00:03:27+00:00
[2023-03-15T07:32:59.181+0000] {subprocess.py:63} INFO - Tmp dir root location: 
 /tmp
[2023-03-15T07:32:59.182+0000] {subprocess.py:75} INFO - Running command: ['/usr/bin/bash', '-c', 'echo dev | sudo -S /usr/share/logstash/bin/logstash --path.settings=/etc/logstash/ -f /etc/logstash/conf.d/data.conf']
[2023-03-15T07:32:59.186+0000] {subprocess.py:86} INFO - Output:
[2023-03-15T07:32:59.222+0000] {subprocess.py:93} INFO - [sudo] Mot de passe de dev : Using bundled JDK: /usr/share/logstash/jdk
[2023-03-15T07:32:59.350+0000] {subprocess.py:93} INFO - OpenJDK 64-Bit Server VM warning: Option UseConcMarkSweepGC was deprecated in version 9.0 and will likely be removed in a future release.
[2023-03-15T07:33:11.857+0000] {subprocess.py:93} INFO - Sending Logstash logs to /var/log/logstash which is now configured via log4j2.properties
[2023-03-15T07:33:11.916+0000] {subprocess.py:93} INFO - [2023-03-15T07:33:11,915][INFO ][logstash.runner          ] Log4j configuration path used is: /etc/logstash/log4j2.properties
[2023-03-15T07:33:11.922+0000] {subprocess.py:93} INFO - [2023-03-15T07:33:11,922][INFO ][logstash.runner          ] Starting Logstash {"logstash.version"=>"7.15.2", "jruby.version"=>"jruby 9.2.19.0 (2.5.8) 2021-06-15 55810c552b OpenJDK 64-Bit Server VM 11.0.12+7 on 11.0.12+7 +indy +jit [linux-x86_64]"}
[2023-03-15T07:33:12.152+0000] {subprocess.py:93} INFO - [2023-03-15T07:33:12,152][WARN ][logstash.config.source.multilocal] Ignoring the 'pipelines.yml' file because modules or command line options are specified
[2023-03-15T07:33:13.255+0000] {subprocess.py:93} INFO - [2023-03-15T07:33:13,247][INFO ][logstash.agent           ] Successfully started Logstash API endpoint {:port=>9600}
[2023-03-15T07:33:13.857+0000] {subprocess.py:93} INFO - [2023-03-15T07:33:13,857][INFO ][org.reflections.Reflections] Reflections took 78 ms to scan 1 urls, producing 120 keys and 417 values
[2023-03-15T07:33:14.689+0000] {subprocess.py:93} INFO - [2023-03-15T07:33:14,688][INFO ][logstash.outputs.elasticsearch][main] New Elasticsearch output {:class=>"LogStash::Outputs::ElasticSearch", :hosts=>["//localhost:9200"]}
[2023-03-15T07:33:14.910+0000] {subprocess.py:93} INFO - [2023-03-15T07:33:14,909][INFO ][logstash.outputs.elasticsearch][main] Elasticsearch pool URLs updated {:changes=>{:removed=>[], :added=>[http://localhost:9200/]}}
[2023-03-15T07:33:15.016+0000] {subprocess.py:93} INFO - [2023-03-15T07:33:15,016][WARN ][logstash.outputs.elasticsearch][main] Restored connection to ES instance {:url=>"http://localhost:9200/"}
[2023-03-15T07:33:15.046+0000] {subprocess.py:93} INFO - [2023-03-15T07:33:15,046][INFO ][logstash.outputs.elasticsearch][main] Elasticsearch version determined (7.15.2) {:es_version=>7}
[2023-03-15T07:33:15.048+0000] {subprocess.py:93} INFO - [2023-03-15T07:33:15,048][WARN ][logstash.outputs.elasticsearch][main] Detected a 6.x and above cluster: the `type` event field won't be used to determine the document _type {:es_version=>7}
[2023-03-15T07:33:15.142+0000] {subprocess.py:93} INFO - [2023-03-15T07:33:15,141][INFO ][logstash.outputs.elasticsearch][main] Using a default mapping template {:es_version=>7, :ecs_compatibility=>:disabled}
[2023-03-15T07:33:15.155+0000] {subprocess.py:93} INFO - [2023-03-15T07:33:15,154][INFO ][logstash.javapipeline    ][main] Starting pipeline {:pipeline_id=>"main", "pipeline.workers"=>8, "pipeline.batch.size"=>125, "pipeline.batch.delay"=>50, "pipeline.max_inflight"=>1000, "pipeline.sources"=>["/etc/logstash/conf.d/data.conf"], :thread=>"#<Thread:0xc78227e run>"}
[2023-03-15T07:33:15.633+0000] {subprocess.py:93} INFO - [2023-03-15T07:33:15,633][INFO ][logstash.javapipeline    ][main] Pipeline Java execution initialization time {"seconds"=>0.48}
[2023-03-15T07:33:15.714+0000] {subprocess.py:93} INFO - [2023-03-15T07:33:15,714][INFO ][logstash.javapipeline    ][main] Pipeline started {"pipeline.id"=>"main"}
[2023-03-15T07:33:15.762+0000] {subprocess.py:93} INFO - [2023-03-15T07:33:15,761][INFO ][logstash.agent           ] Pipelines running {:count=>1, :running_pipelines=>[:main], :non_running_pipelines=>[]}
[2023-03-15T07:33:16.524+0000] {subprocess.py:93} INFO - [2023-03-15T07:33:16,523][INFO ][logstash.inputs.jdbc     ][main][afa454a497099ce3438919c7cfc7ae10a3b3980082608321cda443e0b5f70dbd] (0.010607s) SELECT CAST(current_setting('server_version_num') AS integer) AS v
[2023-03-15T07:33:16.603+0000] {subprocess.py:93} INFO - [2023-03-15T07:33:16,603][INFO ][logstash.inputs.jdbc     ][main][afa454a497099ce3438919c7cfc7ae10a3b3980082608321cda443e0b5f70dbd] (0.001382s) SELECT count(*) AS "count" FROM (SELECT * FROM customers) AS "t1" LIMIT 1
[2023-03-15T07:33:17.093+0000] {subprocess.py:93} INFO - [2023-03-15T07:33:17,092][INFO ][logstash.javapipeline    ][main] Pipeline terminated {"pipeline.id"=>"main"}
[2023-03-15T07:33:17.320+0000] {subprocess.py:93} INFO - [2023-03-15T07:33:17,319][INFO ][logstash.pipelinesregistry] Removed pipeline from registry successfully {:pipeline_id=>:main}
[2023-03-15T07:33:17.344+0000] {subprocess.py:93} INFO - [2023-03-15T07:33:17,344][INFO ][logstash.runner          ] Logstash shut down.
[2023-03-15T07:33:17.389+0000] {subprocess.py:97} INFO - Command exited with return code 0
[2023-03-15T07:33:17.401+0000] {taskinstance.py:1318} INFO - Marking task as SUCCESS. dag_id=AUTOMATISATION, task_id=Chargement_des_données_in_ELK, execution_date=20230313T000327, start_date=20230315T073259, end_date=20230315T073317
[2023-03-15T07:33:17.436+0000] {local_task_job.py:208} INFO - Task exited with return code 0
[2023-03-15T07:33:17.450+0000] {taskinstance.py:2578} INFO - 0 downstream tasks scheduled from follow-on schedule check
