[2023-03-13T20:19:16.183+0000] {taskinstance.py:1083} INFO - Dependencies all met for <TaskInstance: AUTOMATISATION.demarre_ELK scheduled__2023-03-13T20:02:07.645643+00:00 [queued]>
[2023-03-13T20:19:16.196+0000] {taskinstance.py:1083} INFO - Dependencies all met for <TaskInstance: AUTOMATISATION.demarre_ELK scheduled__2023-03-13T20:02:07.645643+00:00 [queued]>
[2023-03-13T20:19:16.196+0000] {taskinstance.py:1279} INFO - 
--------------------------------------------------------------------------------
[2023-03-13T20:19:16.196+0000] {taskinstance.py:1280} INFO - Starting attempt 1 of 2
[2023-03-13T20:19:16.196+0000] {taskinstance.py:1281} INFO - 
--------------------------------------------------------------------------------
[2023-03-13T20:19:16.218+0000] {taskinstance.py:1300} INFO - Executing <Task(BashOperator): demarre_ELK> on 2023-03-13 20:02:07.645643+00:00
[2023-03-13T20:19:16.222+0000] {standard_task_runner.py:55} INFO - Started process 43464 to run task
[2023-03-13T20:19:16.226+0000] {standard_task_runner.py:82} INFO - Running: ['airflow', 'tasks', 'run', 'AUTOMATISATION', 'demarre_ELK', 'scheduled__2023-03-13T20:02:07.645643+00:00', '--job-id', '260', '--raw', '--subdir', 'DAGS_FOLDER/main.py', '--cfg-path', '/tmp/tmpbut3x_nb']
[2023-03-13T20:19:16.228+0000] {standard_task_runner.py:83} INFO - Job 260: Subtask demarre_ELK
[2023-03-13T20:19:16.295+0000] {task_command.py:388} INFO - Running <TaskInstance: AUTOMATISATION.demarre_ELK scheduled__2023-03-13T20:02:07.645643+00:00 [running]> on host dev
[2023-03-13T20:19:16.366+0000] {taskinstance.py:1507} INFO - Exporting the following env vars:
AIRFLOW_CTX_DAG_OWNER=airflow
AIRFLOW_CTX_DAG_ID=AUTOMATISATION
AIRFLOW_CTX_TASK_ID=demarre_ELK
AIRFLOW_CTX_EXECUTION_DATE=2023-03-13T20:02:07.645643+00:00
AIRFLOW_CTX_TRY_NUMBER=1
AIRFLOW_CTX_DAG_RUN_ID=scheduled__2023-03-13T20:02:07.645643+00:00
[2023-03-13T20:19:16.369+0000] {subprocess.py:63} INFO - Tmp dir root location: 
 /tmp
[2023-03-13T20:19:16.369+0000] {subprocess.py:75} INFO - Running command: ['/usr/bin/bash', '-c', 'docker-compose -f /home/dev/soute/ELK/docker-compose.yml up -d']
[2023-03-13T20:19:16.377+0000] {subprocess.py:86} INFO - Output:
[2023-03-13T20:19:17.171+0000] {subprocess.py:93} INFO - elasticsearch is up-to-date
[2023-03-13T20:19:17.172+0000] {subprocess.py:93} INFO - kibana is up-to-date
[2023-03-13T20:19:17.227+0000] {subprocess.py:97} INFO - Command exited with return code 0
[2023-03-13T20:19:17.256+0000] {taskinstance.py:1318} INFO - Marking task as SUCCESS. dag_id=AUTOMATISATION, task_id=demarre_ELK, execution_date=20230313T200207, start_date=20230313T201916, end_date=20230313T201917
[2023-03-13T20:19:17.280+0000] {local_task_job.py:208} INFO - Task exited with return code 0
[2023-03-13T20:19:17.310+0000] {taskinstance.py:2578} INFO - 1 downstream tasks scheduled from follow-on schedule check
