[2023-03-13T21:06:22.723+0000] {taskinstance.py:1083} INFO - Dependencies all met for <TaskInstance: AUTOMATISATION.demarre_ELK scheduled__2023-03-13T00:01:24+00:00 [queued]>
[2023-03-13T21:06:22.738+0000] {taskinstance.py:1083} INFO - Dependencies all met for <TaskInstance: AUTOMATISATION.demarre_ELK scheduled__2023-03-13T00:01:24+00:00 [queued]>
[2023-03-13T21:06:22.738+0000] {taskinstance.py:1279} INFO - 
--------------------------------------------------------------------------------
[2023-03-13T21:06:22.738+0000] {taskinstance.py:1280} INFO - Starting attempt 1 of 2
[2023-03-13T21:06:22.739+0000] {taskinstance.py:1281} INFO - 
--------------------------------------------------------------------------------
[2023-03-13T21:06:22.765+0000] {taskinstance.py:1300} INFO - Executing <Task(BashOperator): demarre_ELK> on 2023-03-13 00:01:24+00:00
[2023-03-13T21:06:22.769+0000] {standard_task_runner.py:55} INFO - Started process 54294 to run task
[2023-03-13T21:06:22.774+0000] {standard_task_runner.py:82} INFO - Running: ['airflow', 'tasks', 'run', 'AUTOMATISATION', 'demarre_ELK', 'scheduled__2023-03-13T00:01:24+00:00', '--job-id', '332', '--raw', '--subdir', 'DAGS_FOLDER/main.py', '--cfg-path', '/tmp/tmp67qs8wtq']
[2023-03-13T21:06:22.776+0000] {standard_task_runner.py:83} INFO - Job 332: Subtask demarre_ELK
[2023-03-13T21:06:22.855+0000] {task_command.py:388} INFO - Running <TaskInstance: AUTOMATISATION.demarre_ELK scheduled__2023-03-13T00:01:24+00:00 [running]> on host dev
[2023-03-13T21:06:22.946+0000] {taskinstance.py:1507} INFO - Exporting the following env vars:
AIRFLOW_CTX_DAG_OWNER=airflow
AIRFLOW_CTX_DAG_ID=AUTOMATISATION
AIRFLOW_CTX_TASK_ID=demarre_ELK
AIRFLOW_CTX_EXECUTION_DATE=2023-03-13T00:01:24+00:00
AIRFLOW_CTX_TRY_NUMBER=1
AIRFLOW_CTX_DAG_RUN_ID=scheduled__2023-03-13T00:01:24+00:00
[2023-03-13T21:06:22.949+0000] {subprocess.py:63} INFO - Tmp dir root location: 
 /tmp
[2023-03-13T21:06:22.950+0000] {subprocess.py:75} INFO - Running command: ['/usr/bin/bash', '-c', 'docker-compose -f /home/dev/soute/ELK/docker-compose.yml up -d']
[2023-03-13T21:06:22.961+0000] {subprocess.py:86} INFO - Output:
[2023-03-13T21:06:23.841+0000] {subprocess.py:93} INFO - elasticsearch is up-to-date
[2023-03-13T21:06:23.842+0000] {subprocess.py:93} INFO - kibana is up-to-date
[2023-03-13T21:06:23.906+0000] {subprocess.py:97} INFO - Command exited with return code 0
[2023-03-13T21:06:23.935+0000] {taskinstance.py:1318} INFO - Marking task as SUCCESS. dag_id=AUTOMATISATION, task_id=demarre_ELK, execution_date=20230313T000124, start_date=20230313T210622, end_date=20230313T210623
[2023-03-13T21:06:23.987+0000] {local_task_job.py:208} INFO - Task exited with return code 0
[2023-03-13T21:06:24.015+0000] {taskinstance.py:2578} INFO - 1 downstream tasks scheduled from follow-on schedule check
[2023-03-14T09:50:41.351+0000] {taskinstance.py:1083} INFO - Dependencies all met for <TaskInstance: AUTOMATISATION.demarre_ELK scheduled__2023-03-13T00:01:24+00:00 [queued]>
[2023-03-14T09:50:41.362+0000] {taskinstance.py:1083} INFO - Dependencies all met for <TaskInstance: AUTOMATISATION.demarre_ELK scheduled__2023-03-13T00:01:24+00:00 [queued]>
[2023-03-14T09:50:41.362+0000] {taskinstance.py:1279} INFO - 
--------------------------------------------------------------------------------
[2023-03-14T09:50:41.362+0000] {taskinstance.py:1280} INFO - Starting attempt 1 of 2
[2023-03-14T09:50:41.362+0000] {taskinstance.py:1281} INFO - 
--------------------------------------------------------------------------------
[2023-03-14T09:50:41.381+0000] {taskinstance.py:1300} INFO - Executing <Task(BashOperator): demarre_ELK> on 2023-03-13 00:01:24+00:00
[2023-03-14T09:50:41.384+0000] {standard_task_runner.py:55} INFO - Started process 31254 to run task
[2023-03-14T09:50:41.388+0000] {standard_task_runner.py:82} INFO - Running: ['airflow', 'tasks', 'run', 'AUTOMATISATION', 'demarre_ELK', 'scheduled__2023-03-13T00:01:24+00:00', '--job-id', '576', '--raw', '--subdir', 'DAGS_FOLDER/main.py', '--cfg-path', '/tmp/tmpxlugch4k']
[2023-03-14T09:50:41.390+0000] {standard_task_runner.py:83} INFO - Job 576: Subtask demarre_ELK
[2023-03-14T09:50:41.455+0000] {task_command.py:388} INFO - Running <TaskInstance: AUTOMATISATION.demarre_ELK scheduled__2023-03-13T00:01:24+00:00 [running]> on host dev
[2023-03-14T09:50:41.522+0000] {taskinstance.py:1507} INFO - Exporting the following env vars:
AIRFLOW_CTX_DAG_OWNER=airflow
AIRFLOW_CTX_DAG_ID=AUTOMATISATION
AIRFLOW_CTX_TASK_ID=demarre_ELK
AIRFLOW_CTX_EXECUTION_DATE=2023-03-13T00:01:24+00:00
AIRFLOW_CTX_TRY_NUMBER=1
AIRFLOW_CTX_DAG_RUN_ID=scheduled__2023-03-13T00:01:24+00:00
[2023-03-14T09:50:41.524+0000] {subprocess.py:63} INFO - Tmp dir root location: 
 /tmp
[2023-03-14T09:50:41.525+0000] {subprocess.py:75} INFO - Running command: ['/usr/bin/bash', '-c', 'docker-compose -f /home/dev/soute/ELK/docker-compose.yml up -d']
[2023-03-14T09:50:41.532+0000] {subprocess.py:86} INFO - Output:
[2023-03-14T09:50:42.260+0000] {subprocess.py:93} INFO - elasticsearch is up-to-date
[2023-03-14T09:50:42.261+0000] {subprocess.py:93} INFO - kibana is up-to-date
[2023-03-14T09:50:42.312+0000] {subprocess.py:97} INFO - Command exited with return code 0
[2023-03-14T09:50:42.342+0000] {taskinstance.py:1318} INFO - Marking task as SUCCESS. dag_id=AUTOMATISATION, task_id=demarre_ELK, execution_date=20230313T000124, start_date=20230314T095041, end_date=20230314T095042
[2023-03-14T09:50:42.403+0000] {local_task_job.py:208} INFO - Task exited with return code 0
[2023-03-14T09:50:42.429+0000] {taskinstance.py:2578} INFO - 1 downstream tasks scheduled from follow-on schedule check
[2023-03-15T07:16:52.428+0000] {taskinstance.py:1083} INFO - Dependencies all met for <TaskInstance: AUTOMATISATION.demarre_ELK scheduled__2023-03-13T00:01:24+00:00 [queued]>
[2023-03-15T07:16:52.434+0000] {taskinstance.py:1083} INFO - Dependencies all met for <TaskInstance: AUTOMATISATION.demarre_ELK scheduled__2023-03-13T00:01:24+00:00 [queued]>
[2023-03-15T07:16:52.434+0000] {taskinstance.py:1279} INFO - 
--------------------------------------------------------------------------------
[2023-03-15T07:16:52.434+0000] {taskinstance.py:1280} INFO - Starting attempt 1 of 2
[2023-03-15T07:16:52.434+0000] {taskinstance.py:1281} INFO - 
--------------------------------------------------------------------------------
[2023-03-15T07:16:52.445+0000] {taskinstance.py:1300} INFO - Executing <Task(BashOperator): demarre_ELK> on 2023-03-13 00:01:24+00:00
[2023-03-15T07:16:52.447+0000] {standard_task_runner.py:55} INFO - Started process 121309 to run task
[2023-03-15T07:16:52.448+0000] {standard_task_runner.py:82} INFO - Running: ['airflow', 'tasks', 'run', 'AUTOMATISATION', 'demarre_ELK', 'scheduled__2023-03-13T00:01:24+00:00', '--job-id', '703', '--raw', '--subdir', 'DAGS_FOLDER/main.py', '--cfg-path', '/tmp/tmpweia_yes']
[2023-03-15T07:16:52.449+0000] {standard_task_runner.py:83} INFO - Job 703: Subtask demarre_ELK
[2023-03-15T07:16:52.480+0000] {task_command.py:388} INFO - Running <TaskInstance: AUTOMATISATION.demarre_ELK scheduled__2023-03-13T00:01:24+00:00 [running]> on host dev
[2023-03-15T07:16:52.517+0000] {taskinstance.py:1507} INFO - Exporting the following env vars:
AIRFLOW_CTX_DAG_OWNER=airflow
AIRFLOW_CTX_DAG_ID=AUTOMATISATION
AIRFLOW_CTX_TASK_ID=demarre_ELK
AIRFLOW_CTX_EXECUTION_DATE=2023-03-13T00:01:24+00:00
AIRFLOW_CTX_TRY_NUMBER=1
AIRFLOW_CTX_DAG_RUN_ID=scheduled__2023-03-13T00:01:24+00:00
[2023-03-15T07:16:52.518+0000] {subprocess.py:63} INFO - Tmp dir root location: 
 /tmp
[2023-03-15T07:16:52.518+0000] {subprocess.py:75} INFO - Running command: ['/usr/bin/bash', '-c', 'docker-compose -f /home/dev/soute/ELK/docker-compose.yml up -d']
[2023-03-15T07:16:52.522+0000] {subprocess.py:86} INFO - Output:
[2023-03-15T07:16:52.859+0000] {subprocess.py:93} INFO - elasticsearch is up-to-date
[2023-03-15T07:16:52.860+0000] {subprocess.py:93} INFO - kibana is up-to-date
[2023-03-15T07:16:52.899+0000] {subprocess.py:97} INFO - Command exited with return code 0
[2023-03-15T07:16:52.914+0000] {taskinstance.py:1318} INFO - Marking task as SUCCESS. dag_id=AUTOMATISATION, task_id=demarre_ELK, execution_date=20230313T000124, start_date=20230315T071652, end_date=20230315T071652
[2023-03-15T07:16:52.941+0000] {local_task_job.py:208} INFO - Task exited with return code 0
[2023-03-15T07:16:52.952+0000] {taskinstance.py:2578} INFO - 1 downstream tasks scheduled from follow-on schedule check
