[2023-03-13T23:18:14.575+0000] {taskinstance.py:1083} INFO - Dependencies all met for <TaskInstance: AUTOMATISATION.demarre_ELK scheduled__2023-03-13T00:04:33+00:00 [queued]>
[2023-03-13T23:18:14.587+0000] {taskinstance.py:1083} INFO - Dependencies all met for <TaskInstance: AUTOMATISATION.demarre_ELK scheduled__2023-03-13T00:04:33+00:00 [queued]>
[2023-03-13T23:18:14.587+0000] {taskinstance.py:1279} INFO - 
--------------------------------------------------------------------------------
[2023-03-13T23:18:14.587+0000] {taskinstance.py:1280} INFO - Starting attempt 1 of 2
[2023-03-13T23:18:14.587+0000] {taskinstance.py:1281} INFO - 
--------------------------------------------------------------------------------
[2023-03-13T23:18:14.611+0000] {taskinstance.py:1300} INFO - Executing <Task(BashOperator): demarre_ELK> on 2023-03-13 00:04:33+00:00
[2023-03-13T23:18:14.614+0000] {standard_task_runner.py:55} INFO - Started process 84418 to run task
[2023-03-13T23:18:14.618+0000] {standard_task_runner.py:82} INFO - Running: ['airflow', 'tasks', 'run', 'AUTOMATISATION', 'demarre_ELK', 'scheduled__2023-03-13T00:04:33+00:00', '--job-id', '458', '--raw', '--subdir', 'DAGS_FOLDER/main.py', '--cfg-path', '/tmp/tmp5yyjsmr0']
[2023-03-13T23:18:14.620+0000] {standard_task_runner.py:83} INFO - Job 458: Subtask demarre_ELK
[2023-03-13T23:18:14.689+0000] {task_command.py:388} INFO - Running <TaskInstance: AUTOMATISATION.demarre_ELK scheduled__2023-03-13T00:04:33+00:00 [running]> on host dev
[2023-03-13T23:18:14.778+0000] {taskinstance.py:1507} INFO - Exporting the following env vars:
AIRFLOW_CTX_DAG_OWNER=airflow
AIRFLOW_CTX_DAG_ID=AUTOMATISATION
AIRFLOW_CTX_TASK_ID=demarre_ELK
AIRFLOW_CTX_EXECUTION_DATE=2023-03-13T00:04:33+00:00
AIRFLOW_CTX_TRY_NUMBER=1
AIRFLOW_CTX_DAG_RUN_ID=scheduled__2023-03-13T00:04:33+00:00
[2023-03-13T23:18:14.779+0000] {subprocess.py:63} INFO - Tmp dir root location: 
 /tmp
[2023-03-13T23:18:14.780+0000] {subprocess.py:75} INFO - Running command: ['/usr/bin/bash', '-c', 'docker-compose -f /home/dev/soute/ELK/docker-compose.yml up -d']
[2023-03-13T23:18:14.789+0000] {subprocess.py:86} INFO - Output:
[2023-03-13T23:18:15.594+0000] {subprocess.py:93} INFO - elasticsearch is up-to-date
[2023-03-13T23:18:15.594+0000] {subprocess.py:93} INFO - kibana is up-to-date
[2023-03-13T23:18:15.647+0000] {subprocess.py:97} INFO - Command exited with return code 0
[2023-03-13T23:18:15.680+0000] {taskinstance.py:1318} INFO - Marking task as SUCCESS. dag_id=AUTOMATISATION, task_id=demarre_ELK, execution_date=20230313T000433, start_date=20230313T231814, end_date=20230313T231815
[2023-03-13T23:18:15.713+0000] {local_task_job.py:208} INFO - Task exited with return code 0
[2023-03-13T23:18:15.739+0000] {taskinstance.py:2578} INFO - 1 downstream tasks scheduled from follow-on schedule check
[2023-03-15T07:40:13.192+0000] {taskinstance.py:1083} INFO - Dependencies all met for <TaskInstance: AUTOMATISATION.demarre_ELK scheduled__2023-03-13T00:04:33+00:00 [queued]>
[2023-03-15T07:40:13.197+0000] {taskinstance.py:1083} INFO - Dependencies all met for <TaskInstance: AUTOMATISATION.demarre_ELK scheduled__2023-03-13T00:04:33+00:00 [queued]>
[2023-03-15T07:40:13.197+0000] {taskinstance.py:1279} INFO - 
--------------------------------------------------------------------------------
[2023-03-15T07:40:13.197+0000] {taskinstance.py:1280} INFO - Starting attempt 1 of 2
[2023-03-15T07:40:13.197+0000] {taskinstance.py:1281} INFO - 
--------------------------------------------------------------------------------
[2023-03-15T07:40:13.207+0000] {taskinstance.py:1300} INFO - Executing <Task(BashOperator): demarre_ELK> on 2023-03-13 00:04:33+00:00
[2023-03-15T07:40:13.209+0000] {standard_task_runner.py:55} INFO - Started process 136008 to run task
[2023-03-15T07:40:13.210+0000] {standard_task_runner.py:82} INFO - Running: ['airflow', 'tasks', 'run', 'AUTOMATISATION', 'demarre_ELK', 'scheduled__2023-03-13T00:04:33+00:00', '--job-id', '829', '--raw', '--subdir', 'DAGS_FOLDER/main.py', '--cfg-path', '/tmp/tmpqkjsk7ns']
[2023-03-15T07:40:13.211+0000] {standard_task_runner.py:83} INFO - Job 829: Subtask demarre_ELK
[2023-03-15T07:40:13.239+0000] {task_command.py:388} INFO - Running <TaskInstance: AUTOMATISATION.demarre_ELK scheduled__2023-03-13T00:04:33+00:00 [running]> on host dev
[2023-03-15T07:40:13.273+0000] {taskinstance.py:1507} INFO - Exporting the following env vars:
AIRFLOW_CTX_DAG_OWNER=airflow
AIRFLOW_CTX_DAG_ID=AUTOMATISATION
AIRFLOW_CTX_TASK_ID=demarre_ELK
AIRFLOW_CTX_EXECUTION_DATE=2023-03-13T00:04:33+00:00
AIRFLOW_CTX_TRY_NUMBER=1
AIRFLOW_CTX_DAG_RUN_ID=scheduled__2023-03-13T00:04:33+00:00
[2023-03-15T07:40:13.274+0000] {subprocess.py:63} INFO - Tmp dir root location: 
 /tmp
[2023-03-15T07:40:13.274+0000] {subprocess.py:75} INFO - Running command: ['/usr/bin/bash', '-c', 'docker-compose -f /home/dev/soute/ELK/docker-compose.yml up -d']
[2023-03-15T07:40:13.278+0000] {subprocess.py:86} INFO - Output:
[2023-03-15T07:40:13.585+0000] {subprocess.py:93} INFO - elasticsearch is up-to-date
[2023-03-15T07:40:13.585+0000] {subprocess.py:93} INFO - kibana is up-to-date
[2023-03-15T07:40:13.618+0000] {subprocess.py:97} INFO - Command exited with return code 0
[2023-03-15T07:40:13.635+0000] {taskinstance.py:1318} INFO - Marking task as SUCCESS. dag_id=AUTOMATISATION, task_id=demarre_ELK, execution_date=20230313T000433, start_date=20230315T074013, end_date=20230315T074013
[2023-03-15T07:40:13.663+0000] {local_task_job.py:208} INFO - Task exited with return code 0
[2023-03-15T07:40:13.674+0000] {taskinstance.py:2578} INFO - 1 downstream tasks scheduled from follow-on schedule check
