[2023-03-13T21:59:02.520+0000] {taskinstance.py:1083} INFO - Dependencies all met for <TaskInstance: AUTOMATISATION.demarre_ELK scheduled__2023-03-13T00:02:39+00:00 [queued]>
[2023-03-13T21:59:02.531+0000] {taskinstance.py:1083} INFO - Dependencies all met for <TaskInstance: AUTOMATISATION.demarre_ELK scheduled__2023-03-13T00:02:39+00:00 [queued]>
[2023-03-13T21:59:02.532+0000] {taskinstance.py:1279} INFO - 
--------------------------------------------------------------------------------
[2023-03-13T21:59:02.532+0000] {taskinstance.py:1280} INFO - Starting attempt 1 of 2
[2023-03-13T21:59:02.532+0000] {taskinstance.py:1281} INFO - 
--------------------------------------------------------------------------------
[2023-03-13T21:59:02.557+0000] {taskinstance.py:1300} INFO - Executing <Task(BashOperator): demarre_ELK> on 2023-03-13 00:02:39+00:00
[2023-03-13T21:59:02.560+0000] {standard_task_runner.py:55} INFO - Started process 66849 to run task
[2023-03-13T21:59:02.564+0000] {standard_task_runner.py:82} INFO - Running: ['airflow', 'tasks', 'run', 'AUTOMATISATION', 'demarre_ELK', 'scheduled__2023-03-13T00:02:39+00:00', '--job-id', '382', '--raw', '--subdir', 'DAGS_FOLDER/main.py', '--cfg-path', '/tmp/tmp9bfl9t21']
[2023-03-13T21:59:02.566+0000] {standard_task_runner.py:83} INFO - Job 382: Subtask demarre_ELK
[2023-03-13T21:59:02.641+0000] {task_command.py:388} INFO - Running <TaskInstance: AUTOMATISATION.demarre_ELK scheduled__2023-03-13T00:02:39+00:00 [running]> on host dev
[2023-03-13T21:59:02.724+0000] {taskinstance.py:1507} INFO - Exporting the following env vars:
AIRFLOW_CTX_DAG_OWNER=airflow
AIRFLOW_CTX_DAG_ID=AUTOMATISATION
AIRFLOW_CTX_TASK_ID=demarre_ELK
AIRFLOW_CTX_EXECUTION_DATE=2023-03-13T00:02:39+00:00
AIRFLOW_CTX_TRY_NUMBER=1
AIRFLOW_CTX_DAG_RUN_ID=scheduled__2023-03-13T00:02:39+00:00
[2023-03-13T21:59:02.725+0000] {subprocess.py:63} INFO - Tmp dir root location: 
 /tmp
[2023-03-13T21:59:02.727+0000] {subprocess.py:75} INFO - Running command: ['/usr/bin/bash', '-c', 'docker-compose -f /home/dev/soute/ELK/docker-compose.yml up -d']
[2023-03-13T21:59:02.736+0000] {subprocess.py:86} INFO - Output:
[2023-03-13T21:59:03.559+0000] {subprocess.py:93} INFO - elasticsearch is up-to-date
[2023-03-13T21:59:03.560+0000] {subprocess.py:93} INFO - kibana is up-to-date
[2023-03-13T21:59:03.615+0000] {subprocess.py:97} INFO - Command exited with return code 0
[2023-03-13T21:59:03.649+0000] {taskinstance.py:1318} INFO - Marking task as SUCCESS. dag_id=AUTOMATISATION, task_id=demarre_ELK, execution_date=20230313T000239, start_date=20230313T215902, end_date=20230313T215903
[2023-03-13T21:59:03.699+0000] {local_task_job.py:208} INFO - Task exited with return code 0
[2023-03-13T21:59:03.725+0000] {taskinstance.py:2578} INFO - 1 downstream tasks scheduled from follow-on schedule check
[2023-03-14T10:07:08.259+0000] {taskinstance.py:1083} INFO - Dependencies all met for <TaskInstance: AUTOMATISATION.demarre_ELK scheduled__2023-03-13T00:02:39+00:00 [queued]>
[2023-03-14T10:07:08.272+0000] {taskinstance.py:1083} INFO - Dependencies all met for <TaskInstance: AUTOMATISATION.demarre_ELK scheduled__2023-03-13T00:02:39+00:00 [queued]>
[2023-03-14T10:07:08.273+0000] {taskinstance.py:1279} INFO - 
--------------------------------------------------------------------------------
[2023-03-14T10:07:08.273+0000] {taskinstance.py:1280} INFO - Starting attempt 1 of 2
[2023-03-14T10:07:08.273+0000] {taskinstance.py:1281} INFO - 
--------------------------------------------------------------------------------
[2023-03-14T10:07:08.294+0000] {taskinstance.py:1300} INFO - Executing <Task(BashOperator): demarre_ELK> on 2023-03-13 00:02:39+00:00
[2023-03-14T10:07:08.297+0000] {standard_task_runner.py:55} INFO - Started process 36758 to run task
[2023-03-14T10:07:08.302+0000] {standard_task_runner.py:82} INFO - Running: ['airflow', 'tasks', 'run', 'AUTOMATISATION', 'demarre_ELK', 'scheduled__2023-03-13T00:02:39+00:00', '--job-id', '626', '--raw', '--subdir', 'DAGS_FOLDER/main.py', '--cfg-path', '/tmp/tmpn67_lo5n']
[2023-03-14T10:07:08.305+0000] {standard_task_runner.py:83} INFO - Job 626: Subtask demarre_ELK
[2023-03-14T10:07:08.374+0000] {task_command.py:388} INFO - Running <TaskInstance: AUTOMATISATION.demarre_ELK scheduled__2023-03-13T00:02:39+00:00 [running]> on host dev
[2023-03-14T10:07:08.452+0000] {taskinstance.py:1507} INFO - Exporting the following env vars:
AIRFLOW_CTX_DAG_OWNER=airflow
AIRFLOW_CTX_DAG_ID=AUTOMATISATION
AIRFLOW_CTX_TASK_ID=demarre_ELK
AIRFLOW_CTX_EXECUTION_DATE=2023-03-13T00:02:39+00:00
AIRFLOW_CTX_TRY_NUMBER=1
AIRFLOW_CTX_DAG_RUN_ID=scheduled__2023-03-13T00:02:39+00:00
[2023-03-14T10:07:08.454+0000] {subprocess.py:63} INFO - Tmp dir root location: 
 /tmp
[2023-03-14T10:07:08.455+0000] {subprocess.py:75} INFO - Running command: ['/usr/bin/bash', '-c', 'docker-compose -f /home/dev/soute/ELK/docker-compose.yml up -d']
[2023-03-14T10:07:08.463+0000] {subprocess.py:86} INFO - Output:
[2023-03-14T10:07:09.228+0000] {subprocess.py:93} INFO - elasticsearch is up-to-date
[2023-03-14T10:07:09.229+0000] {subprocess.py:93} INFO - kibana is up-to-date
[2023-03-14T10:07:09.289+0000] {subprocess.py:97} INFO - Command exited with return code 0
[2023-03-14T10:07:09.316+0000] {taskinstance.py:1318} INFO - Marking task as SUCCESS. dag_id=AUTOMATISATION, task_id=demarre_ELK, execution_date=20230313T000239, start_date=20230314T100708, end_date=20230314T100709
[2023-03-14T10:07:09.356+0000] {local_task_job.py:208} INFO - Task exited with return code 0
[2023-03-14T10:07:09.382+0000] {taskinstance.py:2578} INFO - 1 downstream tasks scheduled from follow-on schedule check
[2023-03-15T07:27:16.957+0000] {taskinstance.py:1083} INFO - Dependencies all met for <TaskInstance: AUTOMATISATION.demarre_ELK scheduled__2023-03-13T00:02:39+00:00 [queued]>
[2023-03-15T07:27:16.962+0000] {taskinstance.py:1083} INFO - Dependencies all met for <TaskInstance: AUTOMATISATION.demarre_ELK scheduled__2023-03-13T00:02:39+00:00 [queued]>
[2023-03-15T07:27:16.962+0000] {taskinstance.py:1279} INFO - 
--------------------------------------------------------------------------------
[2023-03-15T07:27:16.962+0000] {taskinstance.py:1280} INFO - Starting attempt 1 of 2
[2023-03-15T07:27:16.962+0000] {taskinstance.py:1281} INFO - 
--------------------------------------------------------------------------------
[2023-03-15T07:27:16.973+0000] {taskinstance.py:1300} INFO - Executing <Task(BashOperator): demarre_ELK> on 2023-03-13 00:02:39+00:00
[2023-03-15T07:27:16.974+0000] {standard_task_runner.py:55} INFO - Started process 128071 to run task
[2023-03-15T07:27:16.976+0000] {standard_task_runner.py:82} INFO - Running: ['airflow', 'tasks', 'run', 'AUTOMATISATION', 'demarre_ELK', 'scheduled__2023-03-13T00:02:39+00:00', '--job-id', '753', '--raw', '--subdir', 'DAGS_FOLDER/main.py', '--cfg-path', '/tmp/tmpq8iix7_t']
[2023-03-15T07:27:16.977+0000] {standard_task_runner.py:83} INFO - Job 753: Subtask demarre_ELK
[2023-03-15T07:27:17.004+0000] {task_command.py:388} INFO - Running <TaskInstance: AUTOMATISATION.demarre_ELK scheduled__2023-03-13T00:02:39+00:00 [running]> on host dev
[2023-03-15T07:27:17.046+0000] {taskinstance.py:1507} INFO - Exporting the following env vars:
AIRFLOW_CTX_DAG_OWNER=airflow
AIRFLOW_CTX_DAG_ID=AUTOMATISATION
AIRFLOW_CTX_TASK_ID=demarre_ELK
AIRFLOW_CTX_EXECUTION_DATE=2023-03-13T00:02:39+00:00
AIRFLOW_CTX_TRY_NUMBER=1
AIRFLOW_CTX_DAG_RUN_ID=scheduled__2023-03-13T00:02:39+00:00
[2023-03-15T07:27:17.047+0000] {subprocess.py:63} INFO - Tmp dir root location: 
 /tmp
[2023-03-15T07:27:17.047+0000] {subprocess.py:75} INFO - Running command: ['/usr/bin/bash', '-c', 'docker-compose -f /home/dev/soute/ELK/docker-compose.yml up -d']
[2023-03-15T07:27:17.051+0000] {subprocess.py:86} INFO - Output:
[2023-03-15T07:27:17.368+0000] {subprocess.py:93} INFO - elasticsearch is up-to-date
[2023-03-15T07:27:17.368+0000] {subprocess.py:93} INFO - kibana is up-to-date
[2023-03-15T07:27:17.391+0000] {subprocess.py:97} INFO - Command exited with return code 0
[2023-03-15T07:27:17.406+0000] {taskinstance.py:1318} INFO - Marking task as SUCCESS. dag_id=AUTOMATISATION, task_id=demarre_ELK, execution_date=20230313T000239, start_date=20230315T072716, end_date=20230315T072717
[2023-03-15T07:27:17.428+0000] {local_task_job.py:208} INFO - Task exited with return code 0
[2023-03-15T07:27:17.438+0000] {taskinstance.py:2578} INFO - 1 downstream tasks scheduled from follow-on schedule check
