[2023-03-13T23:11:23.100+0000] {taskinstance.py:1083} INFO - Dependencies all met for <TaskInstance: AUTOMATISATION.demarre_ELK scheduled__2023-03-13T00:04:24+00:00 [queued]>
[2023-03-13T23:11:23.112+0000] {taskinstance.py:1083} INFO - Dependencies all met for <TaskInstance: AUTOMATISATION.demarre_ELK scheduled__2023-03-13T00:04:24+00:00 [queued]>
[2023-03-13T23:11:23.113+0000] {taskinstance.py:1279} INFO - 
--------------------------------------------------------------------------------
[2023-03-13T23:11:23.113+0000] {taskinstance.py:1280} INFO - Starting attempt 1 of 2
[2023-03-13T23:11:23.113+0000] {taskinstance.py:1281} INFO - 
--------------------------------------------------------------------------------
[2023-03-13T23:11:23.137+0000] {taskinstance.py:1300} INFO - Executing <Task(BashOperator): demarre_ELK> on 2023-03-13 00:04:24+00:00
[2023-03-13T23:11:23.140+0000] {standard_task_runner.py:55} INFO - Started process 83205 to run task
[2023-03-13T23:11:23.144+0000] {standard_task_runner.py:82} INFO - Running: ['airflow', 'tasks', 'run', 'AUTOMATISATION', 'demarre_ELK', 'scheduled__2023-03-13T00:04:24+00:00', '--job-id', '452', '--raw', '--subdir', 'DAGS_FOLDER/main.py', '--cfg-path', '/tmp/tmp9x48fiin']
[2023-03-13T23:11:23.146+0000] {standard_task_runner.py:83} INFO - Job 452: Subtask demarre_ELK
[2023-03-13T23:11:23.215+0000] {task_command.py:388} INFO - Running <TaskInstance: AUTOMATISATION.demarre_ELK scheduled__2023-03-13T00:04:24+00:00 [running]> on host dev
[2023-03-13T23:11:23.301+0000] {taskinstance.py:1507} INFO - Exporting the following env vars:
AIRFLOW_CTX_DAG_OWNER=airflow
AIRFLOW_CTX_DAG_ID=AUTOMATISATION
AIRFLOW_CTX_TASK_ID=demarre_ELK
AIRFLOW_CTX_EXECUTION_DATE=2023-03-13T00:04:24+00:00
AIRFLOW_CTX_TRY_NUMBER=1
AIRFLOW_CTX_DAG_RUN_ID=scheduled__2023-03-13T00:04:24+00:00
[2023-03-13T23:11:23.303+0000] {subprocess.py:63} INFO - Tmp dir root location: 
 /tmp
[2023-03-13T23:11:23.304+0000] {subprocess.py:75} INFO - Running command: ['/usr/bin/bash', '-c', 'docker-compose -f /home/dev/soute/ELK/docker-compose.yml up -d']
[2023-03-13T23:11:23.311+0000] {subprocess.py:86} INFO - Output:
[2023-03-13T23:11:24.107+0000] {subprocess.py:93} INFO - elasticsearch is up-to-date
[2023-03-13T23:11:24.107+0000] {subprocess.py:93} INFO - kibana is up-to-date
[2023-03-13T23:11:24.159+0000] {subprocess.py:97} INFO - Command exited with return code 0
[2023-03-13T23:11:24.197+0000] {taskinstance.py:1318} INFO - Marking task as SUCCESS. dag_id=AUTOMATISATION, task_id=demarre_ELK, execution_date=20230313T000424, start_date=20230313T231123, end_date=20230313T231124
[2023-03-13T23:11:24.239+0000] {local_task_job.py:208} INFO - Task exited with return code 0
[2023-03-13T23:11:24.264+0000] {taskinstance.py:2578} INFO - 1 downstream tasks scheduled from follow-on schedule check
[2023-03-15T07:39:14.308+0000] {taskinstance.py:1083} INFO - Dependencies all met for <TaskInstance: AUTOMATISATION.demarre_ELK scheduled__2023-03-13T00:04:24+00:00 [queued]>
[2023-03-15T07:39:14.313+0000] {taskinstance.py:1083} INFO - Dependencies all met for <TaskInstance: AUTOMATISATION.demarre_ELK scheduled__2023-03-13T00:04:24+00:00 [queued]>
[2023-03-15T07:39:14.313+0000] {taskinstance.py:1279} INFO - 
--------------------------------------------------------------------------------
[2023-03-15T07:39:14.313+0000] {taskinstance.py:1280} INFO - Starting attempt 1 of 2
[2023-03-15T07:39:14.313+0000] {taskinstance.py:1281} INFO - 
--------------------------------------------------------------------------------
[2023-03-15T07:39:14.326+0000] {taskinstance.py:1300} INFO - Executing <Task(BashOperator): demarre_ELK> on 2023-03-13 00:04:24+00:00
[2023-03-15T07:39:14.328+0000] {standard_task_runner.py:55} INFO - Started process 135475 to run task
[2023-03-15T07:39:14.329+0000] {standard_task_runner.py:82} INFO - Running: ['airflow', 'tasks', 'run', 'AUTOMATISATION', 'demarre_ELK', 'scheduled__2023-03-13T00:04:24+00:00', '--job-id', '823', '--raw', '--subdir', 'DAGS_FOLDER/main.py', '--cfg-path', '/tmp/tmpnazbbrna']
[2023-03-15T07:39:14.330+0000] {standard_task_runner.py:83} INFO - Job 823: Subtask demarre_ELK
[2023-03-15T07:39:14.359+0000] {task_command.py:388} INFO - Running <TaskInstance: AUTOMATISATION.demarre_ELK scheduled__2023-03-13T00:04:24+00:00 [running]> on host dev
[2023-03-15T07:39:14.394+0000] {taskinstance.py:1507} INFO - Exporting the following env vars:
AIRFLOW_CTX_DAG_OWNER=airflow
AIRFLOW_CTX_DAG_ID=AUTOMATISATION
AIRFLOW_CTX_TASK_ID=demarre_ELK
AIRFLOW_CTX_EXECUTION_DATE=2023-03-13T00:04:24+00:00
AIRFLOW_CTX_TRY_NUMBER=1
AIRFLOW_CTX_DAG_RUN_ID=scheduled__2023-03-13T00:04:24+00:00
[2023-03-15T07:39:14.395+0000] {subprocess.py:63} INFO - Tmp dir root location: 
 /tmp
[2023-03-15T07:39:14.395+0000] {subprocess.py:75} INFO - Running command: ['/usr/bin/bash', '-c', 'docker-compose -f /home/dev/soute/ELK/docker-compose.yml up -d']
[2023-03-15T07:39:14.399+0000] {subprocess.py:86} INFO - Output:
[2023-03-15T07:39:14.684+0000] {subprocess.py:93} INFO - elasticsearch is up-to-date
[2023-03-15T07:39:14.685+0000] {subprocess.py:93} INFO - kibana is up-to-date
[2023-03-15T07:39:14.706+0000] {subprocess.py:97} INFO - Command exited with return code 0
[2023-03-15T07:39:14.720+0000] {taskinstance.py:1318} INFO - Marking task as SUCCESS. dag_id=AUTOMATISATION, task_id=demarre_ELK, execution_date=20230313T000424, start_date=20230315T073914, end_date=20230315T073914
[2023-03-15T07:39:14.742+0000] {local_task_job.py:208} INFO - Task exited with return code 0
[2023-03-15T07:39:14.757+0000] {taskinstance.py:2578} INFO - 1 downstream tasks scheduled from follow-on schedule check
