[2023-03-13T20:01:49.365+0000] {taskinstance.py:1083} INFO - Dependencies all met for <TaskInstance: AUTOMATISATION.demarre_ELK manual__2023-03-13T20:01:40.645643+00:00 [queued]>
[2023-03-13T20:01:49.380+0000] {taskinstance.py:1083} INFO - Dependencies all met for <TaskInstance: AUTOMATISATION.demarre_ELK manual__2023-03-13T20:01:40.645643+00:00 [queued]>
[2023-03-13T20:01:49.380+0000] {taskinstance.py:1279} INFO - 
--------------------------------------------------------------------------------
[2023-03-13T20:01:49.380+0000] {taskinstance.py:1280} INFO - Starting attempt 1 of 2
[2023-03-13T20:01:49.380+0000] {taskinstance.py:1281} INFO - 
--------------------------------------------------------------------------------
[2023-03-13T20:01:49.405+0000] {taskinstance.py:1300} INFO - Executing <Task(BashOperator): demarre_ELK> on 2023-03-13 20:01:40.645643+00:00
[2023-03-13T20:01:49.408+0000] {standard_task_runner.py:55} INFO - Started process 40503 to run task
[2023-03-13T20:01:49.413+0000] {standard_task_runner.py:82} INFO - Running: ['airflow', 'tasks', 'run', 'AUTOMATISATION', 'demarre_ELK', 'manual__2023-03-13T20:01:40.645643+00:00', '--job-id', '165', '--raw', '--subdir', 'DAGS_FOLDER/main.py', '--cfg-path', '/tmp/tmpy9mfmsea']
[2023-03-13T20:01:49.416+0000] {standard_task_runner.py:83} INFO - Job 165: Subtask demarre_ELK
[2023-03-13T20:01:49.490+0000] {task_command.py:388} INFO - Running <TaskInstance: AUTOMATISATION.demarre_ELK manual__2023-03-13T20:01:40.645643+00:00 [running]> on host dev
[2023-03-13T20:01:49.580+0000] {taskinstance.py:1507} INFO - Exporting the following env vars:
AIRFLOW_CTX_DAG_OWNER=airflow
AIRFLOW_CTX_DAG_ID=AUTOMATISATION
AIRFLOW_CTX_TASK_ID=demarre_ELK
AIRFLOW_CTX_EXECUTION_DATE=2023-03-13T20:01:40.645643+00:00
AIRFLOW_CTX_TRY_NUMBER=1
AIRFLOW_CTX_DAG_RUN_ID=manual__2023-03-13T20:01:40.645643+00:00
[2023-03-13T20:01:49.582+0000] {subprocess.py:63} INFO - Tmp dir root location: 
 /tmp
[2023-03-13T20:01:49.584+0000] {subprocess.py:75} INFO - Running command: ['/usr/bin/bash', '-c', 'docker-compose -f /home/dev/soute/ELK/docker-compose.yml up -d']
[2023-03-13T20:01:49.592+0000] {subprocess.py:86} INFO - Output:
[2023-03-13T20:01:50.445+0000] {subprocess.py:93} INFO - elasticsearch is up-to-date
[2023-03-13T20:01:50.445+0000] {subprocess.py:93} INFO - kibana is up-to-date
[2023-03-13T20:01:50.507+0000] {subprocess.py:97} INFO - Command exited with return code 0
[2023-03-13T20:01:50.537+0000] {taskinstance.py:1318} INFO - Marking task as SUCCESS. dag_id=AUTOMATISATION, task_id=demarre_ELK, execution_date=20230313T200140, start_date=20230313T200149, end_date=20230313T200150
[2023-03-13T20:01:50.587+0000] {local_task_job.py:208} INFO - Task exited with return code 0
[2023-03-13T20:01:50.615+0000] {taskinstance.py:2578} INFO - 1 downstream tasks scheduled from follow-on schedule check
