[2023-03-13T19:36:33.195+0000] {taskinstance.py:1083} INFO - Dependencies all met for <TaskInstance: AUTOMATISATION.Chargement_des_données_in_ELK scheduled__2023-03-13T00:00:36+00:00 [queued]>
[2023-03-13T19:36:33.210+0000] {taskinstance.py:1083} INFO - Dependencies all met for <TaskInstance: AUTOMATISATION.Chargement_des_données_in_ELK scheduled__2023-03-13T00:00:36+00:00 [queued]>
[2023-03-13T19:36:33.210+0000] {taskinstance.py:1279} INFO - 
--------------------------------------------------------------------------------
[2023-03-13T19:36:33.210+0000] {taskinstance.py:1280} INFO - Starting attempt 2 of 4
[2023-03-13T19:36:33.210+0000] {taskinstance.py:1281} INFO - 
--------------------------------------------------------------------------------
[2023-03-13T19:36:33.234+0000] {taskinstance.py:1300} INFO - Executing <Task(BashOperator): Chargement_des_données_in_ELK> on 2023-03-13 00:00:36+00:00
[2023-03-13T19:36:33.238+0000] {standard_task_runner.py:55} INFO - Started process 36023 to run task
[2023-03-13T19:36:33.242+0000] {standard_task_runner.py:82} INFO - Running: ['airflow', 'tasks', 'run', 'AUTOMATISATION', 'Chargement_des_données_in_ELK', 'scheduled__2023-03-13T00:00:36+00:00', '--job-id', '48', '--raw', '--subdir', 'DAGS_FOLDER/main.py', '--cfg-path', '/tmp/tmp4cj8e_jp']
[2023-03-13T19:36:33.244+0000] {standard_task_runner.py:83} INFO - Job 48: Subtask Chargement_des_données_in_ELK
[2023-03-13T19:36:33.314+0000] {task_command.py:388} INFO - Running <TaskInstance: AUTOMATISATION.Chargement_des_données_in_ELK scheduled__2023-03-13T00:00:36+00:00 [running]> on host dev
[2023-03-13T19:36:33.383+0000] {taskinstance.py:1507} INFO - Exporting the following env vars:
AIRFLOW_CTX_DAG_OWNER=airflow
AIRFLOW_CTX_DAG_ID=AUTOMATISATION
AIRFLOW_CTX_TASK_ID=Chargement_des_données_in_ELK
AIRFLOW_CTX_EXECUTION_DATE=2023-03-13T00:00:36+00:00
AIRFLOW_CTX_TRY_NUMBER=2
AIRFLOW_CTX_DAG_RUN_ID=scheduled__2023-03-13T00:00:36+00:00
[2023-03-13T19:36:33.385+0000] {subprocess.py:63} INFO - Tmp dir root location: 
 /tmp
[2023-03-13T19:36:33.386+0000] {subprocess.py:75} INFO - Running command: ['/usr/bin/bash', '-c', '/usr/bin/logstash --path.config /etc/logstash/conf.d/data.conf']
[2023-03-13T19:36:33.395+0000] {subprocess.py:86} INFO - Output:
[2023-03-13T19:36:33.396+0000] {subprocess.py:93} INFO - /usr/bin/bash: ligne 1: /usr/bin/logstash: Aucun fichier ou dossier de ce type
[2023-03-13T19:36:33.397+0000] {subprocess.py:97} INFO - Command exited with return code 127
[2023-03-13T19:36:33.407+0000] {taskinstance.py:1768} ERROR - Task failed with exception
Traceback (most recent call last):
  File "/home/dev/airflow/airflow/lib/python3.10/site-packages/airflow/operators/bash.py", line 196, in execute
    raise AirflowException(
airflow.exceptions.AirflowException: Bash command failed. The command returned a non-zero exit code 127.
[2023-03-13T19:36:33.412+0000] {taskinstance.py:1318} INFO - Marking task as UP_FOR_RETRY. dag_id=AUTOMATISATION, task_id=Chargement_des_données_in_ELK, execution_date=20230313T000036, start_date=20230313T193633, end_date=20230313T193633
[2023-03-13T19:36:33.430+0000] {standard_task_runner.py:100} ERROR - Failed to execute job 48 for task Chargement_des_données_in_ELK (Bash command failed. The command returned a non-zero exit code 127.; 36023)
[2023-03-13T19:36:33.453+0000] {local_task_job.py:208} INFO - Task exited with return code 1
[2023-03-13T19:36:33.473+0000] {taskinstance.py:2578} INFO - 0 downstream tasks scheduled from follow-on schedule check
[2023-03-13T19:47:05.071+0000] {taskinstance.py:1083} INFO - Dependencies all met for <TaskInstance: AUTOMATISATION.Chargement_des_données_in_ELK scheduled__2023-03-13T00:00:36+00:00 [queued]>
[2023-03-13T19:47:05.083+0000] {taskinstance.py:1083} INFO - Dependencies all met for <TaskInstance: AUTOMATISATION.Chargement_des_données_in_ELK scheduled__2023-03-13T00:00:36+00:00 [queued]>
[2023-03-13T19:47:05.083+0000] {taskinstance.py:1279} INFO - 
--------------------------------------------------------------------------------
[2023-03-13T19:47:05.083+0000] {taskinstance.py:1280} INFO - Starting attempt 2 of 4
[2023-03-13T19:47:05.084+0000] {taskinstance.py:1281} INFO - 
--------------------------------------------------------------------------------
[2023-03-13T19:47:05.106+0000] {taskinstance.py:1300} INFO - Executing <Task(BashOperator): Chargement_des_données_in_ELK> on 2023-03-13 00:00:36+00:00
[2023-03-13T19:47:05.109+0000] {standard_task_runner.py:55} INFO - Started process 37944 to run task
[2023-03-13T19:47:05.114+0000] {standard_task_runner.py:82} INFO - Running: ['airflow', 'tasks', 'run', 'AUTOMATISATION', 'Chargement_des_données_in_ELK', 'scheduled__2023-03-13T00:00:36+00:00', '--job-id', '96', '--raw', '--subdir', 'DAGS_FOLDER/main.py', '--cfg-path', '/tmp/tmpa4nc0bmr']
[2023-03-13T19:47:05.116+0000] {standard_task_runner.py:83} INFO - Job 96: Subtask Chargement_des_données_in_ELK
[2023-03-13T19:47:05.184+0000] {task_command.py:388} INFO - Running <TaskInstance: AUTOMATISATION.Chargement_des_données_in_ELK scheduled__2023-03-13T00:00:36+00:00 [running]> on host dev
[2023-03-13T19:47:05.250+0000] {taskinstance.py:1507} INFO - Exporting the following env vars:
AIRFLOW_CTX_DAG_OWNER=airflow
AIRFLOW_CTX_DAG_ID=AUTOMATISATION
AIRFLOW_CTX_TASK_ID=Chargement_des_données_in_ELK
AIRFLOW_CTX_EXECUTION_DATE=2023-03-13T00:00:36+00:00
AIRFLOW_CTX_TRY_NUMBER=2
AIRFLOW_CTX_DAG_RUN_ID=scheduled__2023-03-13T00:00:36+00:00
[2023-03-13T19:47:05.252+0000] {subprocess.py:63} INFO - Tmp dir root location: 
 /tmp
[2023-03-13T19:47:05.252+0000] {subprocess.py:75} INFO - Running command: ['/usr/bin/bash', '-c', 'bin/logstash --path.config /etc/logstash/conf.d/data.conf']
[2023-03-13T19:47:05.261+0000] {subprocess.py:86} INFO - Output:
[2023-03-13T19:47:05.263+0000] {subprocess.py:93} INFO - /usr/bin/bash: ligne 1: bin/logstash: Aucun fichier ou dossier de ce type
[2023-03-13T19:47:05.263+0000] {subprocess.py:97} INFO - Command exited with return code 127
[2023-03-13T19:47:05.273+0000] {taskinstance.py:1768} ERROR - Task failed with exception
Traceback (most recent call last):
  File "/home/dev/airflow/airflow/lib/python3.10/site-packages/airflow/operators/bash.py", line 196, in execute
    raise AirflowException(
airflow.exceptions.AirflowException: Bash command failed. The command returned a non-zero exit code 127.
[2023-03-13T19:47:05.278+0000] {taskinstance.py:1318} INFO - Marking task as UP_FOR_RETRY. dag_id=AUTOMATISATION, task_id=Chargement_des_données_in_ELK, execution_date=20230313T000036, start_date=20230313T194705, end_date=20230313T194705
[2023-03-13T19:47:05.297+0000] {standard_task_runner.py:100} ERROR - Failed to execute job 96 for task Chargement_des_données_in_ELK (Bash command failed. The command returned a non-zero exit code 127.; 37944)
[2023-03-13T19:47:05.325+0000] {local_task_job.py:208} INFO - Task exited with return code 1
[2023-03-13T19:47:05.345+0000] {taskinstance.py:2578} INFO - 0 downstream tasks scheduled from follow-on schedule check
[2023-03-13T20:08:34.087+0000] {taskinstance.py:1083} INFO - Dependencies all met for <TaskInstance: AUTOMATISATION.Chargement_des_données_in_ELK scheduled__2023-03-13T00:00:36+00:00 [queued]>
[2023-03-13T20:08:34.100+0000] {taskinstance.py:1083} INFO - Dependencies all met for <TaskInstance: AUTOMATISATION.Chargement_des_données_in_ELK scheduled__2023-03-13T00:00:36+00:00 [queued]>
[2023-03-13T20:08:34.100+0000] {taskinstance.py:1279} INFO - 
--------------------------------------------------------------------------------
[2023-03-13T20:08:34.101+0000] {taskinstance.py:1280} INFO - Starting attempt 2 of 4
[2023-03-13T20:08:34.101+0000] {taskinstance.py:1281} INFO - 
--------------------------------------------------------------------------------
[2023-03-13T20:08:34.125+0000] {taskinstance.py:1300} INFO - Executing <Task(BashOperator): Chargement_des_données_in_ELK> on 2023-03-13 00:00:36+00:00
[2023-03-13T20:08:34.128+0000] {standard_task_runner.py:55} INFO - Started process 41822 to run task
[2023-03-13T20:08:34.132+0000] {standard_task_runner.py:82} INFO - Running: ['airflow', 'tasks', 'run', 'AUTOMATISATION', 'Chargement_des_données_in_ELK', 'scheduled__2023-03-13T00:00:36+00:00', '--job-id', '208', '--raw', '--subdir', 'DAGS_FOLDER/main.py', '--cfg-path', '/tmp/tmpbiqh6tpk']
[2023-03-13T20:08:34.135+0000] {standard_task_runner.py:83} INFO - Job 208: Subtask Chargement_des_données_in_ELK
[2023-03-13T20:08:34.200+0000] {task_command.py:388} INFO - Running <TaskInstance: AUTOMATISATION.Chargement_des_données_in_ELK scheduled__2023-03-13T00:00:36+00:00 [running]> on host dev
[2023-03-13T20:08:34.266+0000] {taskinstance.py:1507} INFO - Exporting the following env vars:
AIRFLOW_CTX_DAG_OWNER=airflow
AIRFLOW_CTX_DAG_ID=AUTOMATISATION
AIRFLOW_CTX_TASK_ID=Chargement_des_données_in_ELK
AIRFLOW_CTX_EXECUTION_DATE=2023-03-13T00:00:36+00:00
AIRFLOW_CTX_TRY_NUMBER=2
AIRFLOW_CTX_DAG_RUN_ID=scheduled__2023-03-13T00:00:36+00:00
[2023-03-13T20:08:34.268+0000] {subprocess.py:63} INFO - Tmp dir root location: 
 /tmp
[2023-03-13T20:08:34.269+0000] {subprocess.py:75} INFO - Running command: ['/usr/bin/bash', '-c', 'bin/logstash -f /home/dev/etc/logstash/conf.d/data.conf']
[2023-03-13T20:08:34.277+0000] {subprocess.py:86} INFO - Output:
[2023-03-13T20:08:34.279+0000] {subprocess.py:93} INFO - /usr/bin/bash: ligne 1: bin/logstash: Aucun fichier ou dossier de ce type
[2023-03-13T20:08:34.279+0000] {subprocess.py:97} INFO - Command exited with return code 127
[2023-03-13T20:08:34.290+0000] {taskinstance.py:1768} ERROR - Task failed with exception
Traceback (most recent call last):
  File "/home/dev/airflow/airflow/lib/python3.10/site-packages/airflow/operators/bash.py", line 196, in execute
    raise AirflowException(
airflow.exceptions.AirflowException: Bash command failed. The command returned a non-zero exit code 127.
[2023-03-13T20:08:34.295+0000] {taskinstance.py:1318} INFO - Marking task as UP_FOR_RETRY. dag_id=AUTOMATISATION, task_id=Chargement_des_données_in_ELK, execution_date=20230313T000036, start_date=20230313T200834, end_date=20230313T200834
[2023-03-13T20:08:34.315+0000] {standard_task_runner.py:100} ERROR - Failed to execute job 208 for task Chargement_des_données_in_ELK (Bash command failed. The command returned a non-zero exit code 127.; 41822)
[2023-03-13T20:08:34.343+0000] {local_task_job.py:208} INFO - Task exited with return code 1
[2023-03-13T20:08:34.363+0000] {taskinstance.py:2578} INFO - 0 downstream tasks scheduled from follow-on schedule check
