[2023-03-13T19:31:30.005+0000] {taskinstance.py:1083} INFO - Dependencies all met for <TaskInstance: AUTOMATISATION.Chargement_des_données_in_ELK scheduled__2023-03-13T00:00:36+00:00 [queued]>
[2023-03-13T19:31:30.017+0000] {taskinstance.py:1083} INFO - Dependencies all met for <TaskInstance: AUTOMATISATION.Chargement_des_données_in_ELK scheduled__2023-03-13T00:00:36+00:00 [queued]>
[2023-03-13T19:31:30.018+0000] {taskinstance.py:1279} INFO - 
--------------------------------------------------------------------------------
[2023-03-13T19:31:30.018+0000] {taskinstance.py:1280} INFO - Starting attempt 1 of 4
[2023-03-13T19:31:30.018+0000] {taskinstance.py:1281} INFO - 
--------------------------------------------------------------------------------
[2023-03-13T19:31:30.039+0000] {taskinstance.py:1300} INFO - Executing <Task(BashOperator): Chargement_des_données_in_ELK> on 2023-03-13 00:00:36+00:00
[2023-03-13T19:31:30.042+0000] {standard_task_runner.py:55} INFO - Started process 35310 to run task
[2023-03-13T19:31:30.046+0000] {standard_task_runner.py:82} INFO - Running: ['airflow', 'tasks', 'run', 'AUTOMATISATION', 'Chargement_des_données_in_ELK', 'scheduled__2023-03-13T00:00:36+00:00', '--job-id', '31', '--raw', '--subdir', 'DAGS_FOLDER/main.py', '--cfg-path', '/tmp/tmp0unwuydi']
[2023-03-13T19:31:30.048+0000] {standard_task_runner.py:83} INFO - Job 31: Subtask Chargement_des_données_in_ELK
[2023-03-13T19:31:30.114+0000] {task_command.py:388} INFO - Running <TaskInstance: AUTOMATISATION.Chargement_des_données_in_ELK scheduled__2023-03-13T00:00:36+00:00 [running]> on host dev
[2023-03-13T19:31:30.183+0000] {taskinstance.py:1507} INFO - Exporting the following env vars:
AIRFLOW_CTX_DAG_OWNER=airflow
AIRFLOW_CTX_DAG_ID=AUTOMATISATION
AIRFLOW_CTX_TASK_ID=Chargement_des_données_in_ELK
AIRFLOW_CTX_EXECUTION_DATE=2023-03-13T00:00:36+00:00
AIRFLOW_CTX_TRY_NUMBER=1
AIRFLOW_CTX_DAG_RUN_ID=scheduled__2023-03-13T00:00:36+00:00
[2023-03-13T19:31:30.186+0000] {subprocess.py:63} INFO - Tmp dir root location: 
 /tmp
[2023-03-13T19:31:30.187+0000] {subprocess.py:75} INFO - Running command: ['/usr/bin/bash', '-c', '/usr/bin/logstash --path.config /etc/logstash/conf.d/data.conf']
[2023-03-13T19:31:30.195+0000] {subprocess.py:86} INFO - Output:
[2023-03-13T19:31:30.197+0000] {subprocess.py:93} INFO - /usr/bin/bash: ligne 1: /usr/bin/logstash: Aucun fichier ou dossier de ce type
[2023-03-13T19:31:30.197+0000] {subprocess.py:97} INFO - Command exited with return code 127
[2023-03-13T19:31:30.207+0000] {taskinstance.py:1768} ERROR - Task failed with exception
Traceback (most recent call last):
  File "/home/dev/airflow/airflow/lib/python3.10/site-packages/airflow/operators/bash.py", line 196, in execute
    raise AirflowException(
airflow.exceptions.AirflowException: Bash command failed. The command returned a non-zero exit code 127.
[2023-03-13T19:31:30.212+0000] {taskinstance.py:1318} INFO - Marking task as UP_FOR_RETRY. dag_id=AUTOMATISATION, task_id=Chargement_des_données_in_ELK, execution_date=20230313T000036, start_date=20230313T193130, end_date=20230313T193130
[2023-03-13T19:31:30.233+0000] {standard_task_runner.py:100} ERROR - Failed to execute job 31 for task Chargement_des_données_in_ELK (Bash command failed. The command returned a non-zero exit code 127.; 35310)
[2023-03-13T19:31:30.257+0000] {local_task_job.py:208} INFO - Task exited with return code 1
[2023-03-13T19:31:30.277+0000] {taskinstance.py:2578} INFO - 0 downstream tasks scheduled from follow-on schedule check
[2023-03-13T19:42:01.110+0000] {taskinstance.py:1083} INFO - Dependencies all met for <TaskInstance: AUTOMATISATION.Chargement_des_données_in_ELK scheduled__2023-03-13T00:00:36+00:00 [queued]>
[2023-03-13T19:42:01.123+0000] {taskinstance.py:1083} INFO - Dependencies all met for <TaskInstance: AUTOMATISATION.Chargement_des_données_in_ELK scheduled__2023-03-13T00:00:36+00:00 [queued]>
[2023-03-13T19:42:01.123+0000] {taskinstance.py:1279} INFO - 
--------------------------------------------------------------------------------
[2023-03-13T19:42:01.123+0000] {taskinstance.py:1280} INFO - Starting attempt 1 of 4
[2023-03-13T19:42:01.123+0000] {taskinstance.py:1281} INFO - 
--------------------------------------------------------------------------------
[2023-03-13T19:42:01.143+0000] {taskinstance.py:1300} INFO - Executing <Task(BashOperator): Chargement_des_données_in_ELK> on 2023-03-13 00:00:36+00:00
[2023-03-13T19:42:01.146+0000] {standard_task_runner.py:55} INFO - Started process 37206 to run task
[2023-03-13T19:42:01.151+0000] {standard_task_runner.py:82} INFO - Running: ['airflow', 'tasks', 'run', 'AUTOMATISATION', 'Chargement_des_données_in_ELK', 'scheduled__2023-03-13T00:00:36+00:00', '--job-id', '79', '--raw', '--subdir', 'DAGS_FOLDER/main.py', '--cfg-path', '/tmp/tmp1qw6cl5j']
[2023-03-13T19:42:01.153+0000] {standard_task_runner.py:83} INFO - Job 79: Subtask Chargement_des_données_in_ELK
[2023-03-13T19:42:01.219+0000] {task_command.py:388} INFO - Running <TaskInstance: AUTOMATISATION.Chargement_des_données_in_ELK scheduled__2023-03-13T00:00:36+00:00 [running]> on host dev
[2023-03-13T19:42:01.290+0000] {taskinstance.py:1507} INFO - Exporting the following env vars:
AIRFLOW_CTX_DAG_OWNER=airflow
AIRFLOW_CTX_DAG_ID=AUTOMATISATION
AIRFLOW_CTX_TASK_ID=Chargement_des_données_in_ELK
AIRFLOW_CTX_EXECUTION_DATE=2023-03-13T00:00:36+00:00
AIRFLOW_CTX_TRY_NUMBER=1
AIRFLOW_CTX_DAG_RUN_ID=scheduled__2023-03-13T00:00:36+00:00
[2023-03-13T19:42:01.292+0000] {subprocess.py:63} INFO - Tmp dir root location: 
 /tmp
[2023-03-13T19:42:01.292+0000] {subprocess.py:75} INFO - Running command: ['/usr/bin/bash', '-c', 'bin/logstash --path.config /etc/logstash/conf.d/data.conf']
[2023-03-13T19:42:01.300+0000] {subprocess.py:86} INFO - Output:
[2023-03-13T19:42:01.302+0000] {subprocess.py:93} INFO - /usr/bin/bash: ligne 1: bin/logstash: Aucun fichier ou dossier de ce type
[2023-03-13T19:42:01.302+0000] {subprocess.py:97} INFO - Command exited with return code 127
[2023-03-13T19:42:01.312+0000] {taskinstance.py:1768} ERROR - Task failed with exception
Traceback (most recent call last):
  File "/home/dev/airflow/airflow/lib/python3.10/site-packages/airflow/operators/bash.py", line 196, in execute
    raise AirflowException(
airflow.exceptions.AirflowException: Bash command failed. The command returned a non-zero exit code 127.
[2023-03-13T19:42:01.316+0000] {taskinstance.py:1318} INFO - Marking task as UP_FOR_RETRY. dag_id=AUTOMATISATION, task_id=Chargement_des_données_in_ELK, execution_date=20230313T000036, start_date=20230313T194201, end_date=20230313T194201
[2023-03-13T19:42:01.362+0000] {standard_task_runner.py:100} ERROR - Failed to execute job 79 for task Chargement_des_données_in_ELK (Bash command failed. The command returned a non-zero exit code 127.; 37206)
[2023-03-13T19:42:01.402+0000] {local_task_job.py:208} INFO - Task exited with return code 1
[2023-03-13T19:42:01.423+0000] {taskinstance.py:2578} INFO - 0 downstream tasks scheduled from follow-on schedule check
[2023-03-13T20:03:31.206+0000] {taskinstance.py:1083} INFO - Dependencies all met for <TaskInstance: AUTOMATISATION.Chargement_des_données_in_ELK scheduled__2023-03-13T00:00:36+00:00 [queued]>
[2023-03-13T20:03:31.219+0000] {taskinstance.py:1083} INFO - Dependencies all met for <TaskInstance: AUTOMATISATION.Chargement_des_données_in_ELK scheduled__2023-03-13T00:00:36+00:00 [queued]>
[2023-03-13T20:03:31.219+0000] {taskinstance.py:1279} INFO - 
--------------------------------------------------------------------------------
[2023-03-13T20:03:31.220+0000] {taskinstance.py:1280} INFO - Starting attempt 1 of 4
[2023-03-13T20:03:31.220+0000] {taskinstance.py:1281} INFO - 
--------------------------------------------------------------------------------
[2023-03-13T20:03:31.241+0000] {taskinstance.py:1300} INFO - Executing <Task(BashOperator): Chargement_des_données_in_ELK> on 2023-03-13 00:00:36+00:00
[2023-03-13T20:03:31.244+0000] {standard_task_runner.py:55} INFO - Started process 40971 to run task
[2023-03-13T20:03:31.249+0000] {standard_task_runner.py:82} INFO - Running: ['airflow', 'tasks', 'run', 'AUTOMATISATION', 'Chargement_des_données_in_ELK', 'scheduled__2023-03-13T00:00:36+00:00', '--job-id', '191', '--raw', '--subdir', 'DAGS_FOLDER/main.py', '--cfg-path', '/tmp/tmp56g5zb_d']
[2023-03-13T20:03:31.251+0000] {standard_task_runner.py:83} INFO - Job 191: Subtask Chargement_des_données_in_ELK
[2023-03-13T20:03:31.319+0000] {task_command.py:388} INFO - Running <TaskInstance: AUTOMATISATION.Chargement_des_données_in_ELK scheduled__2023-03-13T00:00:36+00:00 [running]> on host dev
[2023-03-13T20:03:31.390+0000] {taskinstance.py:1507} INFO - Exporting the following env vars:
AIRFLOW_CTX_DAG_OWNER=airflow
AIRFLOW_CTX_DAG_ID=AUTOMATISATION
AIRFLOW_CTX_TASK_ID=Chargement_des_données_in_ELK
AIRFLOW_CTX_EXECUTION_DATE=2023-03-13T00:00:36+00:00
AIRFLOW_CTX_TRY_NUMBER=1
AIRFLOW_CTX_DAG_RUN_ID=scheduled__2023-03-13T00:00:36+00:00
[2023-03-13T20:03:31.391+0000] {subprocess.py:63} INFO - Tmp dir root location: 
 /tmp
[2023-03-13T20:03:31.392+0000] {subprocess.py:75} INFO - Running command: ['/usr/bin/bash', '-c', 'bin/logstash -f /home/dev/etc/logstash/conf.d/data.conf']
[2023-03-13T20:03:31.400+0000] {subprocess.py:86} INFO - Output:
[2023-03-13T20:03:31.402+0000] {subprocess.py:93} INFO - /usr/bin/bash: ligne 1: bin/logstash: Aucun fichier ou dossier de ce type
[2023-03-13T20:03:31.403+0000] {subprocess.py:97} INFO - Command exited with return code 127
[2023-03-13T20:03:31.414+0000] {taskinstance.py:1768} ERROR - Task failed with exception
Traceback (most recent call last):
  File "/home/dev/airflow/airflow/lib/python3.10/site-packages/airflow/operators/bash.py", line 196, in execute
    raise AirflowException(
airflow.exceptions.AirflowException: Bash command failed. The command returned a non-zero exit code 127.
[2023-03-13T20:03:31.418+0000] {taskinstance.py:1318} INFO - Marking task as UP_FOR_RETRY. dag_id=AUTOMATISATION, task_id=Chargement_des_données_in_ELK, execution_date=20230313T000036, start_date=20230313T200331, end_date=20230313T200331
[2023-03-13T20:03:31.438+0000] {standard_task_runner.py:100} ERROR - Failed to execute job 191 for task Chargement_des_données_in_ELK (Bash command failed. The command returned a non-zero exit code 127.; 40971)
[2023-03-13T20:03:31.460+0000] {local_task_job.py:208} INFO - Task exited with return code 1
[2023-03-13T20:03:31.480+0000] {taskinstance.py:2578} INFO - 0 downstream tasks scheduled from follow-on schedule check
[2023-03-13T20:38:25.005+0000] {taskinstance.py:1083} INFO - Dependencies all met for <TaskInstance: AUTOMATISATION.Chargement_des_données_in_ELK scheduled__2023-03-13T00:00:36+00:00 [queued]>
[2023-03-13T20:38:25.017+0000] {taskinstance.py:1083} INFO - Dependencies all met for <TaskInstance: AUTOMATISATION.Chargement_des_données_in_ELK scheduled__2023-03-13T00:00:36+00:00 [queued]>
[2023-03-13T20:38:25.018+0000] {taskinstance.py:1279} INFO - 
--------------------------------------------------------------------------------
[2023-03-13T20:38:25.018+0000] {taskinstance.py:1280} INFO - Starting attempt 1 of 4
[2023-03-13T20:38:25.018+0000] {taskinstance.py:1281} INFO - 
--------------------------------------------------------------------------------
[2023-03-13T20:38:25.038+0000] {taskinstance.py:1300} INFO - Executing <Task(BashOperator): Chargement_des_données_in_ELK> on 2023-03-13 00:00:36+00:00
[2023-03-13T20:38:25.042+0000] {standard_task_runner.py:55} INFO - Started process 48248 to run task
[2023-03-13T20:38:25.046+0000] {standard_task_runner.py:82} INFO - Running: ['airflow', 'tasks', 'run', 'AUTOMATISATION', 'Chargement_des_données_in_ELK', 'scheduled__2023-03-13T00:00:36+00:00', '--job-id', '303', '--raw', '--subdir', 'DAGS_FOLDER/main.py', '--cfg-path', '/tmp/tmpqm6akzcx']
[2023-03-13T20:38:25.048+0000] {standard_task_runner.py:83} INFO - Job 303: Subtask Chargement_des_données_in_ELK
[2023-03-13T20:38:25.121+0000] {task_command.py:388} INFO - Running <TaskInstance: AUTOMATISATION.Chargement_des_données_in_ELK scheduled__2023-03-13T00:00:36+00:00 [running]> on host dev
[2023-03-13T20:38:25.199+0000] {taskinstance.py:1507} INFO - Exporting the following env vars:
AIRFLOW_CTX_DAG_OWNER=airflow
AIRFLOW_CTX_DAG_ID=AUTOMATISATION
AIRFLOW_CTX_TASK_ID=Chargement_des_données_in_ELK
AIRFLOW_CTX_EXECUTION_DATE=2023-03-13T00:00:36+00:00
AIRFLOW_CTX_TRY_NUMBER=1
AIRFLOW_CTX_DAG_RUN_ID=scheduled__2023-03-13T00:00:36+00:00
[2023-03-13T20:38:25.202+0000] {subprocess.py:63} INFO - Tmp dir root location: 
 /tmp
[2023-03-13T20:38:25.203+0000] {subprocess.py:75} INFO - Running command: ['/usr/bin/bash', '-c', 'echo dev | sudo -S /usr/share/logstash/bin/logstash --path.settings=/etc/logstash/ -f /etc/logstash/conf.d/data.conf']
[2023-03-13T20:38:25.211+0000] {subprocess.py:86} INFO - Output:
[2023-03-13T20:38:25.306+0000] {subprocess.py:93} INFO - [sudo] Mot de passe de dev : Using bundled JDK: /usr/share/logstash/jdk
[2023-03-13T20:38:25.646+0000] {subprocess.py:93} INFO - OpenJDK 64-Bit Server VM warning: Option UseConcMarkSweepGC was deprecated in version 9.0 and will likely be removed in a future release.
[2023-03-13T20:38:54.812+0000] {subprocess.py:93} INFO - Sending Logstash logs to /var/log/logstash which is now configured via log4j2.properties
[2023-03-13T20:38:55.016+0000] {subprocess.py:93} INFO - [2023-03-13T20:38:55,012][INFO ][logstash.runner          ] Log4j configuration path used is: /etc/logstash/log4j2.properties
[2023-03-13T20:38:55.038+0000] {subprocess.py:93} INFO - [2023-03-13T20:38:55,037][INFO ][logstash.runner          ] Starting Logstash {"logstash.version"=>"7.15.2", "jruby.version"=>"jruby 9.2.19.0 (2.5.8) 2021-06-15 55810c552b OpenJDK 64-Bit Server VM 11.0.12+7 on 11.0.12+7 +indy +jit [linux-x86_64]"}
[2023-03-13T20:38:55.644+0000] {subprocess.py:93} INFO - [2023-03-13T20:38:55,644][WARN ][logstash.config.source.multilocal] Ignoring the 'pipelines.yml' file because modules or command line options are specified
[2023-03-13T20:38:57.879+0000] {subprocess.py:93} INFO - [2023-03-13T20:38:57,878][INFO ][logstash.agent           ] Successfully started Logstash API endpoint {:port=>9600}
[2023-03-13T20:38:58.928+0000] {subprocess.py:93} INFO - [2023-03-13T20:38:58,927][INFO ][org.reflections.Reflections] Reflections took 153 ms to scan 1 urls, producing 120 keys and 417 values
[2023-03-13T20:39:00.633+0000] {subprocess.py:93} INFO - [2023-03-13T20:39:00,631][INFO ][logstash.outputs.elasticsearch][main] New Elasticsearch output {:class=>"LogStash::Outputs::ElasticSearch", :hosts=>["//localhost:9200"]}
[2023-03-13T20:39:01.281+0000] {subprocess.py:93} INFO - [2023-03-13T20:39:01,279][INFO ][logstash.outputs.elasticsearch][main] Elasticsearch pool URLs updated {:changes=>{:removed=>[], :added=>[http://localhost:9200/]}}
[2023-03-13T20:39:01.670+0000] {subprocess.py:93} INFO - [2023-03-13T20:39:01,670][WARN ][logstash.outputs.elasticsearch][main] Restored connection to ES instance {:url=>"http://localhost:9200/"}
[2023-03-13T20:39:01.757+0000] {subprocess.py:93} INFO - [2023-03-13T20:39:01,756][INFO ][logstash.outputs.elasticsearch][main] Elasticsearch version determined (7.15.2) {:es_version=>7}
[2023-03-13T20:39:01.761+0000] {subprocess.py:93} INFO - [2023-03-13T20:39:01,761][WARN ][logstash.outputs.elasticsearch][main] Detected a 6.x and above cluster: the `type` event field won't be used to determine the document _type {:es_version=>7}
[2023-03-13T20:39:01.992+0000] {subprocess.py:93} INFO - [2023-03-13T20:39:01,991][INFO ][logstash.outputs.elasticsearch][main] Using a default mapping template {:es_version=>7, :ecs_compatibility=>:disabled}
[2023-03-13T20:39:02.048+0000] {subprocess.py:93} INFO - [2023-03-13T20:39:02,047][INFO ][logstash.javapipeline    ][main] Starting pipeline {:pipeline_id=>"main", "pipeline.workers"=>8, "pipeline.batch.size"=>125, "pipeline.batch.delay"=>50, "pipeline.max_inflight"=>1000, "pipeline.sources"=>["/etc/logstash/conf.d/data.conf"], :thread=>"#<Thread:0x374adf2e run>"}
[2023-03-13T20:39:03.298+0000] {subprocess.py:93} INFO - [2023-03-13T20:39:03,298][INFO ][logstash.javapipeline    ][main] Pipeline Java execution initialization time {"seconds"=>1.25}
[2023-03-13T20:39:03.436+0000] {subprocess.py:93} INFO - [2023-03-13T20:39:03,436][INFO ][logstash.javapipeline    ][main] Pipeline started {"pipeline.id"=>"main"}
[2023-03-13T20:39:03.579+0000] {subprocess.py:93} INFO - [2023-03-13T20:39:03,578][INFO ][logstash.agent           ] Pipelines running {:count=>1, :running_pipelines=>[:main], :non_running_pipelines=>[]}
[2023-03-13T20:39:05.425+0000] {subprocess.py:93} INFO - [2023-03-13T20:39:05,423][INFO ][logstash.inputs.jdbc     ][main][afa454a497099ce3438919c7cfc7ae10a3b3980082608321cda443e0b5f70dbd] (0.039712s) SELECT CAST(current_setting('server_version_num') AS integer) AS v
[2023-03-13T20:39:05.890+0000] {subprocess.py:93} INFO - [2023-03-13T20:39:05,890][INFO ][logstash.inputs.jdbc     ][main][afa454a497099ce3438919c7cfc7ae10a3b3980082608321cda443e0b5f70dbd] (0.062523s) SELECT count(*) AS "count" FROM (SELECT * FROM customers) AS "t1" LIMIT 1
[2023-03-13T20:39:06.443+0000] {subprocess.py:93} INFO - [2023-03-13T20:39:06,443][INFO ][logstash.inputs.jdbc     ][main][afa454a497099ce3438919c7cfc7ae10a3b3980082608321cda443e0b5f70dbd] (0.511874s) SELECT * FROM (SELECT * FROM customers) AS "t1" LIMIT 50000 OFFSET 0
[2023-03-13T20:39:15.217+0000] {subprocess.py:93} INFO - [2023-03-13T20:39:15,217][INFO ][logstash.inputs.jdbc     ][main][afa454a497099ce3438919c7cfc7ae10a3b3980082608321cda443e0b5f70dbd] (0.380302s) SELECT * FROM (SELECT * FROM customers) AS "t1" LIMIT 50000 OFFSET 50000
[2023-03-13T20:39:22.868+0000] {subprocess.py:93} INFO - [2023-03-13T20:39:22,867][INFO ][logstash.inputs.jdbc     ][main][afa454a497099ce3438919c7cfc7ae10a3b3980082608321cda443e0b5f70dbd] (0.257729s) SELECT * FROM (SELECT * FROM customers) AS "t1" LIMIT 50000 OFFSET 100000
[2023-03-13T20:39:28.094+0000] {subprocess.py:93} INFO - [2023-03-13T20:39:28,094][INFO ][logstash.inputs.jdbc     ][main][afa454a497099ce3438919c7cfc7ae10a3b3980082608321cda443e0b5f70dbd] (0.152940s) SELECT * FROM (SELECT * FROM customers) AS "t1" LIMIT 50000 OFFSET 150000
[2023-03-13T20:39:34.821+0000] {subprocess.py:93} INFO - [2023-03-13T20:39:34,821][INFO ][logstash.inputs.jdbc     ][main][afa454a497099ce3438919c7cfc7ae10a3b3980082608321cda443e0b5f70dbd] (0.158480s) SELECT * FROM (SELECT * FROM customers) AS "t1" LIMIT 50000 OFFSET 200000
[2023-03-13T20:39:38.454+0000] {subprocess.py:93} INFO - [2023-03-13T20:39:38,454][INFO ][logstash.inputs.jdbc     ][main][afa454a497099ce3438919c7cfc7ae10a3b3980082608321cda443e0b5f70dbd] (0.149380s) SELECT * FROM (SELECT * FROM customers) AS "t1" LIMIT 50000 OFFSET 250000
[2023-03-13T20:39:41.562+0000] {subprocess.py:93} INFO - [2023-03-13T20:39:41,562][INFO ][logstash.inputs.jdbc     ][main][afa454a497099ce3438919c7cfc7ae10a3b3980082608321cda443e0b5f70dbd] (0.120570s) SELECT * FROM (SELECT * FROM customers) AS "t1" LIMIT 50000 OFFSET 300000
[2023-03-13T20:39:46.609+0000] {subprocess.py:93} INFO - [2023-03-13T20:39:46,608][INFO ][logstash.inputs.jdbc     ][main][afa454a497099ce3438919c7cfc7ae10a3b3980082608321cda443e0b5f70dbd] (0.121207s) SELECT * FROM (SELECT * FROM customers) AS "t1" LIMIT 50000 OFFSET 350000
[2023-03-13T20:39:50.716+0000] {subprocess.py:93} INFO - [2023-03-13T20:39:50,716][INFO ][logstash.inputs.jdbc     ][main][afa454a497099ce3438919c7cfc7ae10a3b3980082608321cda443e0b5f70dbd] (0.147908s) SELECT * FROM (SELECT * FROM customers) AS "t1" LIMIT 50000 OFFSET 400000
[2023-03-13T20:39:53.262+0000] {subprocess.py:93} INFO - [2023-03-13T20:39:53,262][INFO ][logstash.inputs.jdbc     ][main][afa454a497099ce3438919c7cfc7ae10a3b3980082608321cda443e0b5f70dbd] (0.102721s) SELECT * FROM (SELECT * FROM customers) AS "t1" LIMIT 50000 OFFSET 450000
[2023-03-13T20:39:56.011+0000] {subprocess.py:93} INFO - [2023-03-13T20:39:56,010][INFO ][logstash.javapipeline    ][main] Pipeline terminated {"pipeline.id"=>"main"}
[2023-03-13T20:39:56.320+0000] {subprocess.py:93} INFO - [2023-03-13T20:39:56,319][INFO ][logstash.pipelinesregistry] Removed pipeline from registry successfully {:pipeline_id=>:main}
[2023-03-13T20:39:56.377+0000] {subprocess.py:93} INFO - [2023-03-13T20:39:56,377][INFO ][logstash.runner          ] Logstash shut down.
[2023-03-13T20:39:56.559+0000] {subprocess.py:97} INFO - Command exited with return code 0
[2023-03-13T20:39:56.591+0000] {taskinstance.py:1318} INFO - Marking task as SUCCESS. dag_id=AUTOMATISATION, task_id=Chargement_des_données_in_ELK, execution_date=20230313T000036, start_date=20230313T203825, end_date=20230313T203956
[2023-03-13T20:39:56.628+0000] {local_task_job.py:208} INFO - Task exited with return code 0
[2023-03-13T20:39:56.644+0000] {taskinstance.py:2578} INFO - 0 downstream tasks scheduled from follow-on schedule check
[2023-03-14T09:32:07.096+0000] {taskinstance.py:1083} INFO - Dependencies all met for <TaskInstance: AUTOMATISATION.Chargement_des_données_in_ELK scheduled__2023-03-13T00:00:36+00:00 [queued]>
[2023-03-14T09:32:07.109+0000] {taskinstance.py:1083} INFO - Dependencies all met for <TaskInstance: AUTOMATISATION.Chargement_des_données_in_ELK scheduled__2023-03-13T00:00:36+00:00 [queued]>
[2023-03-14T09:32:07.109+0000] {taskinstance.py:1279} INFO - 
--------------------------------------------------------------------------------
[2023-03-14T09:32:07.110+0000] {taskinstance.py:1280} INFO - Starting attempt 1 of 4
[2023-03-14T09:32:07.110+0000] {taskinstance.py:1281} INFO - 
--------------------------------------------------------------------------------
[2023-03-14T09:32:07.133+0000] {taskinstance.py:1300} INFO - Executing <Task(BashOperator): Chargement_des_données_in_ELK> on 2023-03-13 00:00:36+00:00
[2023-03-14T09:32:07.136+0000] {standard_task_runner.py:55} INFO - Started process 25955 to run task
[2023-03-14T09:32:07.141+0000] {standard_task_runner.py:82} INFO - Running: ['airflow', 'tasks', 'run', 'AUTOMATISATION', 'Chargement_des_données_in_ELK', 'scheduled__2023-03-13T00:00:36+00:00', '--job-id', '547', '--raw', '--subdir', 'DAGS_FOLDER/main.py', '--cfg-path', '/tmp/tmpnse34lk3']
[2023-03-14T09:32:07.143+0000] {standard_task_runner.py:83} INFO - Job 547: Subtask Chargement_des_données_in_ELK
[2023-03-14T09:32:07.215+0000] {task_command.py:388} INFO - Running <TaskInstance: AUTOMATISATION.Chargement_des_données_in_ELK scheduled__2023-03-13T00:00:36+00:00 [running]> on host dev
[2023-03-14T09:32:07.301+0000] {taskinstance.py:1507} INFO - Exporting the following env vars:
AIRFLOW_CTX_DAG_OWNER=airflow
AIRFLOW_CTX_DAG_ID=AUTOMATISATION
AIRFLOW_CTX_TASK_ID=Chargement_des_données_in_ELK
AIRFLOW_CTX_EXECUTION_DATE=2023-03-13T00:00:36+00:00
AIRFLOW_CTX_TRY_NUMBER=1
AIRFLOW_CTX_DAG_RUN_ID=scheduled__2023-03-13T00:00:36+00:00
[2023-03-14T09:32:07.303+0000] {subprocess.py:63} INFO - Tmp dir root location: 
 /tmp
[2023-03-14T09:32:07.303+0000] {subprocess.py:75} INFO - Running command: ['/usr/bin/bash', '-c', 'echo dev | sudo -S /usr/share/logstash/bin/logstash --path.settings=/etc/logstash/ -f /etc/logstash/conf.d/data.conf']
[2023-03-14T09:32:07.311+0000] {subprocess.py:86} INFO - Output:
[2023-03-14T09:32:07.398+0000] {subprocess.py:93} INFO - [sudo] Mot de passe de dev : Using bundled JDK: /usr/share/logstash/jdk
[2023-03-14T09:32:07.656+0000] {subprocess.py:93} INFO - OpenJDK 64-Bit Server VM warning: Option UseConcMarkSweepGC was deprecated in version 9.0 and will likely be removed in a future release.
[2023-03-14T09:32:32.018+0000] {subprocess.py:93} INFO - Sending Logstash logs to /var/log/logstash which is now configured via log4j2.properties
[2023-03-14T09:32:32.138+0000] {subprocess.py:93} INFO - [2023-03-14T09:32:32,135][INFO ][logstash.runner          ] Log4j configuration path used is: /etc/logstash/log4j2.properties
[2023-03-14T09:32:32.151+0000] {subprocess.py:93} INFO - [2023-03-14T09:32:32,150][INFO ][logstash.runner          ] Starting Logstash {"logstash.version"=>"7.15.2", "jruby.version"=>"jruby 9.2.19.0 (2.5.8) 2021-06-15 55810c552b OpenJDK 64-Bit Server VM 11.0.12+7 on 11.0.12+7 +indy +jit [linux-x86_64]"}
[2023-03-14T09:32:32.607+0000] {subprocess.py:93} INFO - [2023-03-14T09:32:32,606][WARN ][logstash.config.source.multilocal] Ignoring the 'pipelines.yml' file because modules or command line options are specified
[2023-03-14T09:32:34.454+0000] {subprocess.py:93} INFO - [2023-03-14T09:32:34,452][INFO ][logstash.agent           ] Successfully started Logstash API endpoint {:port=>9600}
[2023-03-14T09:32:35.303+0000] {subprocess.py:93} INFO - [2023-03-14T09:32:35,302][INFO ][org.reflections.Reflections] Reflections took 145 ms to scan 1 urls, producing 120 keys and 417 values
[2023-03-14T09:32:36.888+0000] {subprocess.py:93} INFO - [2023-03-14T09:32:36,887][INFO ][logstash.outputs.elasticsearch][main] New Elasticsearch output {:class=>"LogStash::Outputs::ElasticSearch", :hosts=>["//localhost:9200"]}
[2023-03-14T09:32:37.425+0000] {subprocess.py:93} INFO - [2023-03-14T09:32:37,423][INFO ][logstash.outputs.elasticsearch][main] Elasticsearch pool URLs updated {:changes=>{:removed=>[], :added=>[http://localhost:9200/]}}
[2023-03-14T09:32:37.633+0000] {subprocess.py:93} INFO - [2023-03-14T09:32:37,633][WARN ][logstash.outputs.elasticsearch][main] Restored connection to ES instance {:url=>"http://localhost:9200/"}
[2023-03-14T09:32:37.696+0000] {subprocess.py:93} INFO - [2023-03-14T09:32:37,696][INFO ][logstash.outputs.elasticsearch][main] Elasticsearch version determined (7.15.2) {:es_version=>7}
[2023-03-14T09:32:37.700+0000] {subprocess.py:93} INFO - [2023-03-14T09:32:37,700][WARN ][logstash.outputs.elasticsearch][main] Detected a 6.x and above cluster: the `type` event field won't be used to determine the document _type {:es_version=>7}
[2023-03-14T09:32:37.920+0000] {subprocess.py:93} INFO - [2023-03-14T09:32:37,919][INFO ][logstash.outputs.elasticsearch][main] Using a default mapping template {:es_version=>7, :ecs_compatibility=>:disabled}
[2023-03-14T09:32:37.984+0000] {subprocess.py:93} INFO - [2023-03-14T09:32:37,983][INFO ][logstash.javapipeline    ][main] Starting pipeline {:pipeline_id=>"main", "pipeline.workers"=>8, "pipeline.batch.size"=>125, "pipeline.batch.delay"=>50, "pipeline.max_inflight"=>1000, "pipeline.sources"=>["/etc/logstash/conf.d/data.conf"], :thread=>"#<Thread:0x46de88d1 run>"}
[2023-03-14T09:32:39.190+0000] {subprocess.py:93} INFO - [2023-03-14T09:32:39,189][INFO ][logstash.javapipeline    ][main] Pipeline Java execution initialization time {"seconds"=>1.2}
[2023-03-14T09:32:39.318+0000] {subprocess.py:93} INFO - [2023-03-14T09:32:39,318][INFO ][logstash.javapipeline    ][main] Pipeline started {"pipeline.id"=>"main"}
[2023-03-14T09:32:39.434+0000] {subprocess.py:93} INFO - [2023-03-14T09:32:39,433][INFO ][logstash.agent           ] Pipelines running {:count=>1, :running_pipelines=>[:main], :non_running_pipelines=>[]}
[2023-03-14T09:32:40.997+0000] {subprocess.py:93} INFO - [2023-03-14T09:32:40,996][INFO ][logstash.inputs.jdbc     ][main][afa454a497099ce3438919c7cfc7ae10a3b3980082608321cda443e0b5f70dbd] (0.031507s) SELECT CAST(current_setting('server_version_num') AS integer) AS v
[2023-03-14T09:32:41.312+0000] {subprocess.py:93} INFO - [2023-03-14T09:32:41,312][INFO ][logstash.inputs.jdbc     ][main][afa454a497099ce3438919c7cfc7ae10a3b3980082608321cda443e0b5f70dbd] (0.061346s) SELECT count(*) AS "count" FROM (SELECT * FROM customers) AS "t1" LIMIT 1
[2023-03-14T09:32:41.873+0000] {subprocess.py:93} INFO - [2023-03-14T09:32:41,873][INFO ][logstash.inputs.jdbc     ][main][afa454a497099ce3438919c7cfc7ae10a3b3980082608321cda443e0b5f70dbd] (0.513067s) SELECT * FROM (SELECT * FROM customers) AS "t1" LIMIT 50000 OFFSET 0
[2023-03-14T09:32:50.629+0000] {subprocess.py:93} INFO - [2023-03-14T09:32:50,628][INFO ][logstash.inputs.jdbc     ][main][afa454a497099ce3438919c7cfc7ae10a3b3980082608321cda443e0b5f70dbd] (0.410124s) SELECT * FROM (SELECT * FROM customers) AS "t1" LIMIT 50000 OFFSET 50000
[2023-03-14T09:33:00.595+0000] {subprocess.py:93} INFO - [2023-03-14T09:33:00,595][INFO ][logstash.inputs.jdbc     ][main][afa454a497099ce3438919c7cfc7ae10a3b3980082608321cda443e0b5f70dbd] (0.617356s) SELECT * FROM (SELECT * FROM customers) AS "t1" LIMIT 50000 OFFSET 100000
[2023-03-14T09:33:07.308+0000] {subprocess.py:93} INFO - [2023-03-14T09:33:07,308][INFO ][logstash.inputs.jdbc     ][main][afa454a497099ce3438919c7cfc7ae10a3b3980082608321cda443e0b5f70dbd] (0.225122s) SELECT * FROM (SELECT * FROM customers) AS "t1" LIMIT 50000 OFFSET 150000
[2023-03-14T09:33:09.880+0000] {subprocess.py:93} INFO - [2023-03-14T09:33:09,880][INFO ][logstash.inputs.jdbc     ][main][afa454a497099ce3438919c7cfc7ae10a3b3980082608321cda443e0b5f70dbd] (0.134127s) SELECT * FROM (SELECT * FROM customers) AS "t1" LIMIT 50000 OFFSET 200000
[2023-03-14T09:33:13.043+0000] {subprocess.py:93} INFO - [2023-03-14T09:33:13,043][INFO ][logstash.inputs.jdbc     ][main][afa454a497099ce3438919c7cfc7ae10a3b3980082608321cda443e0b5f70dbd] (0.190853s) SELECT * FROM (SELECT * FROM customers) AS "t1" LIMIT 50000 OFFSET 250000
[2023-03-14T09:33:16.726+0000] {subprocess.py:93} INFO - [2023-03-14T09:33:16,726][INFO ][logstash.inputs.jdbc     ][main][afa454a497099ce3438919c7cfc7ae10a3b3980082608321cda443e0b5f70dbd] (0.149296s) SELECT * FROM (SELECT * FROM customers) AS "t1" LIMIT 50000 OFFSET 300000
[2023-03-14T09:33:20.284+0000] {subprocess.py:93} INFO - [2023-03-14T09:33:20,284][INFO ][logstash.inputs.jdbc     ][main][afa454a497099ce3438919c7cfc7ae10a3b3980082608321cda443e0b5f70dbd] (0.189039s) SELECT * FROM (SELECT * FROM customers) AS "t1" LIMIT 50000 OFFSET 350000
[2023-03-14T09:33:23.531+0000] {subprocess.py:93} INFO - [2023-03-14T09:33:23,531][INFO ][logstash.inputs.jdbc     ][main][afa454a497099ce3438919c7cfc7ae10a3b3980082608321cda443e0b5f70dbd] (0.137925s) SELECT * FROM (SELECT * FROM customers) AS "t1" LIMIT 50000 OFFSET 400000
[2023-03-14T09:33:26.154+0000] {subprocess.py:93} INFO - [2023-03-14T09:33:26,154][INFO ][logstash.inputs.jdbc     ][main][afa454a497099ce3438919c7cfc7ae10a3b3980082608321cda443e0b5f70dbd] (0.105145s) SELECT * FROM (SELECT * FROM customers) AS "t1" LIMIT 50000 OFFSET 450000
[2023-03-14T09:33:27.874+0000] {subprocess.py:93} INFO - [2023-03-14T09:33:27,874][INFO ][logstash.javapipeline    ][main] Pipeline terminated {"pipeline.id"=>"main"}
[2023-03-14T09:33:28.169+0000] {subprocess.py:93} INFO - [2023-03-14T09:33:28,168][INFO ][logstash.pipelinesregistry] Removed pipeline from registry successfully {:pipeline_id=>:main}
[2023-03-14T09:33:28.227+0000] {subprocess.py:93} INFO - [2023-03-14T09:33:28,226][INFO ][logstash.runner          ] Logstash shut down.
[2023-03-14T09:33:28.396+0000] {subprocess.py:97} INFO - Command exited with return code 0
[2023-03-14T09:33:28.422+0000] {taskinstance.py:1318} INFO - Marking task as SUCCESS. dag_id=AUTOMATISATION, task_id=Chargement_des_données_in_ELK, execution_date=20230313T000036, start_date=20230314T093207, end_date=20230314T093328
[2023-03-14T09:33:28.450+0000] {local_task_job.py:208} INFO - Task exited with return code 0
[2023-03-14T09:33:28.469+0000] {taskinstance.py:2578} INFO - 0 downstream tasks scheduled from follow-on schedule check
[2023-03-15T07:11:02.915+0000] {taskinstance.py:1083} INFO - Dependencies all met for <TaskInstance: AUTOMATISATION.Chargement_des_données_in_ELK scheduled__2023-03-13T00:00:36+00:00 [queued]>
[2023-03-15T07:11:02.920+0000] {taskinstance.py:1083} INFO - Dependencies all met for <TaskInstance: AUTOMATISATION.Chargement_des_données_in_ELK scheduled__2023-03-13T00:00:36+00:00 [queued]>
[2023-03-15T07:11:02.920+0000] {taskinstance.py:1279} INFO - 
--------------------------------------------------------------------------------
[2023-03-15T07:11:02.920+0000] {taskinstance.py:1280} INFO - Starting attempt 1 of 4
[2023-03-15T07:11:02.920+0000] {taskinstance.py:1281} INFO - 
--------------------------------------------------------------------------------
[2023-03-15T07:11:02.930+0000] {taskinstance.py:1300} INFO - Executing <Task(BashOperator): Chargement_des_données_in_ELK> on 2023-03-13 00:00:36+00:00
[2023-03-15T07:11:02.932+0000] {standard_task_runner.py:55} INFO - Started process 118171 to run task
[2023-03-15T07:11:02.934+0000] {standard_task_runner.py:82} INFO - Running: ['airflow', 'tasks', 'run', 'AUTOMATISATION', 'Chargement_des_données_in_ELK', 'scheduled__2023-03-13T00:00:36+00:00', '--job-id', '670', '--raw', '--subdir', 'DAGS_FOLDER/main.py', '--cfg-path', '/tmp/tmpxv3dcwli']
[2023-03-15T07:11:02.934+0000] {standard_task_runner.py:83} INFO - Job 670: Subtask Chargement_des_données_in_ELK
[2023-03-15T07:11:02.964+0000] {task_command.py:388} INFO - Running <TaskInstance: AUTOMATISATION.Chargement_des_données_in_ELK scheduled__2023-03-13T00:00:36+00:00 [running]> on host dev
[2023-03-15T07:11:02.997+0000] {taskinstance.py:1507} INFO - Exporting the following env vars:
AIRFLOW_CTX_DAG_OWNER=airflow
AIRFLOW_CTX_DAG_ID=AUTOMATISATION
AIRFLOW_CTX_TASK_ID=Chargement_des_données_in_ELK
AIRFLOW_CTX_EXECUTION_DATE=2023-03-13T00:00:36+00:00
AIRFLOW_CTX_TRY_NUMBER=1
AIRFLOW_CTX_DAG_RUN_ID=scheduled__2023-03-13T00:00:36+00:00
[2023-03-15T07:11:02.997+0000] {subprocess.py:63} INFO - Tmp dir root location: 
 /tmp
[2023-03-15T07:11:02.997+0000] {subprocess.py:75} INFO - Running command: ['/usr/bin/bash', '-c', 'echo dev | sudo -S /usr/share/logstash/bin/logstash --path.settings=/etc/logstash/ -f /etc/logstash/conf.d/data.conf']
[2023-03-15T07:11:03.001+0000] {subprocess.py:86} INFO - Output:
[2023-03-15T07:11:03.036+0000] {subprocess.py:93} INFO - [sudo] Mot de passe de dev : Using bundled JDK: /usr/share/logstash/jdk
[2023-03-15T07:11:03.155+0000] {subprocess.py:93} INFO - OpenJDK 64-Bit Server VM warning: Option UseConcMarkSweepGC was deprecated in version 9.0 and will likely be removed in a future release.
[2023-03-15T07:11:14.638+0000] {subprocess.py:93} INFO - Sending Logstash logs to /var/log/logstash which is now configured via log4j2.properties
[2023-03-15T07:11:14.726+0000] {subprocess.py:93} INFO - [2023-03-15T07:11:14,723][INFO ][logstash.runner          ] Log4j configuration path used is: /etc/logstash/log4j2.properties
[2023-03-15T07:11:14.735+0000] {subprocess.py:93} INFO - [2023-03-15T07:11:14,734][INFO ][logstash.runner          ] Starting Logstash {"logstash.version"=>"7.15.2", "jruby.version"=>"jruby 9.2.19.0 (2.5.8) 2021-06-15 55810c552b OpenJDK 64-Bit Server VM 11.0.12+7 on 11.0.12+7 +indy +jit [linux-x86_64]"}
[2023-03-15T07:11:15.094+0000] {subprocess.py:93} INFO - [2023-03-15T07:11:15,093][WARN ][logstash.config.source.multilocal] Ignoring the 'pipelines.yml' file because modules or command line options are specified
[2023-03-15T07:11:16.226+0000] {subprocess.py:93} INFO - [2023-03-15T07:11:16,222][INFO ][logstash.agent           ] Successfully started Logstash API endpoint {:port=>9600}
[2023-03-15T07:11:16.752+0000] {subprocess.py:93} INFO - [2023-03-15T07:11:16,752][INFO ][org.reflections.Reflections] Reflections took 122 ms to scan 1 urls, producing 120 keys and 417 values
[2023-03-15T07:11:17.562+0000] {subprocess.py:93} INFO - [2023-03-15T07:11:17,562][INFO ][logstash.outputs.elasticsearch][main] New Elasticsearch output {:class=>"LogStash::Outputs::ElasticSearch", :hosts=>["//localhost:9200"]}
[2023-03-15T07:11:17.788+0000] {subprocess.py:93} INFO - [2023-03-15T07:11:17,787][INFO ][logstash.outputs.elasticsearch][main] Elasticsearch pool URLs updated {:changes=>{:removed=>[], :added=>[http://localhost:9200/]}}
[2023-03-15T07:11:17.895+0000] {subprocess.py:93} INFO - [2023-03-15T07:11:17,895][WARN ][logstash.outputs.elasticsearch][main] Restored connection to ES instance {:url=>"http://localhost:9200/"}
[2023-03-15T07:11:17.923+0000] {subprocess.py:93} INFO - [2023-03-15T07:11:17,922][INFO ][logstash.outputs.elasticsearch][main] Elasticsearch version determined (7.15.2) {:es_version=>7}
[2023-03-15T07:11:17.924+0000] {subprocess.py:93} INFO - [2023-03-15T07:11:17,924][WARN ][logstash.outputs.elasticsearch][main] Detected a 6.x and above cluster: the `type` event field won't be used to determine the document _type {:es_version=>7}
[2023-03-15T07:11:18.023+0000] {subprocess.py:93} INFO - [2023-03-15T07:11:18,023][INFO ][logstash.outputs.elasticsearch][main] Using a default mapping template {:es_version=>7, :ecs_compatibility=>:disabled}
[2023-03-15T07:11:18.049+0000] {subprocess.py:93} INFO - [2023-03-15T07:11:18,048][INFO ][logstash.javapipeline    ][main] Starting pipeline {:pipeline_id=>"main", "pipeline.workers"=>8, "pipeline.batch.size"=>125, "pipeline.batch.delay"=>50, "pipeline.max_inflight"=>1000, "pipeline.sources"=>["/etc/logstash/conf.d/data.conf"], :thread=>"#<Thread:0x29d0095f run>"}
[2023-03-15T07:11:18.559+0000] {subprocess.py:93} INFO - [2023-03-15T07:11:18,558][INFO ][logstash.javapipeline    ][main] Pipeline Java execution initialization time {"seconds"=>0.51}
[2023-03-15T07:11:18.626+0000] {subprocess.py:93} INFO - [2023-03-15T07:11:18,626][INFO ][logstash.javapipeline    ][main] Pipeline started {"pipeline.id"=>"main"}
[2023-03-15T07:11:18.686+0000] {subprocess.py:93} INFO - [2023-03-15T07:11:18,686][INFO ][logstash.agent           ] Pipelines running {:count=>1, :running_pipelines=>[:main], :non_running_pipelines=>[]}
[2023-03-15T07:11:19.418+0000] {subprocess.py:93} INFO - [2023-03-15T07:11:19,417][INFO ][logstash.inputs.jdbc     ][main][afa454a497099ce3438919c7cfc7ae10a3b3980082608321cda443e0b5f70dbd] (0.016404s) SELECT CAST(current_setting('server_version_num') AS integer) AS v
[2023-03-15T07:11:19.511+0000] {subprocess.py:93} INFO - [2023-03-15T07:11:19,511][INFO ][logstash.inputs.jdbc     ][main][afa454a497099ce3438919c7cfc7ae10a3b3980082608321cda443e0b5f70dbd] (0.001806s) SELECT count(*) AS "count" FROM (SELECT * FROM customers) AS "t1" LIMIT 1
[2023-03-15T07:11:19.969+0000] {subprocess.py:93} INFO - [2023-03-15T07:11:19,968][INFO ][logstash.javapipeline    ][main] Pipeline terminated {"pipeline.id"=>"main"}
[2023-03-15T07:11:20.233+0000] {subprocess.py:93} INFO - [2023-03-15T07:11:20,233][INFO ][logstash.pipelinesregistry] Removed pipeline from registry successfully {:pipeline_id=>:main}
[2023-03-15T07:11:20.255+0000] {subprocess.py:93} INFO - [2023-03-15T07:11:20,255][INFO ][logstash.runner          ] Logstash shut down.
[2023-03-15T07:11:20.307+0000] {subprocess.py:97} INFO - Command exited with return code 0
[2023-03-15T07:11:20.321+0000] {taskinstance.py:1318} INFO - Marking task as SUCCESS. dag_id=AUTOMATISATION, task_id=Chargement_des_données_in_ELK, execution_date=20230313T000036, start_date=20230315T071102, end_date=20230315T071120
[2023-03-15T07:11:20.372+0000] {local_task_job.py:208} INFO - Task exited with return code 0
[2023-03-15T07:11:20.387+0000] {taskinstance.py:2578} INFO - 0 downstream tasks scheduled from follow-on schedule check
