[2023-03-13T19:52:08.925+0000] {taskinstance.py:1083} INFO - Dependencies all met for <TaskInstance: AUTOMATISATION.Chargement_des_données_in_ELK scheduled__2023-03-13T00:00:36+00:00 [queued]>
[2023-03-13T19:52:08.936+0000] {taskinstance.py:1083} INFO - Dependencies all met for <TaskInstance: AUTOMATISATION.Chargement_des_données_in_ELK scheduled__2023-03-13T00:00:36+00:00 [queued]>
[2023-03-13T19:52:08.936+0000] {taskinstance.py:1279} INFO - 
--------------------------------------------------------------------------------
[2023-03-13T19:52:08.936+0000] {taskinstance.py:1280} INFO - Starting attempt 3 of 4
[2023-03-13T19:52:08.937+0000] {taskinstance.py:1281} INFO - 
--------------------------------------------------------------------------------
[2023-03-13T19:52:08.957+0000] {taskinstance.py:1300} INFO - Executing <Task(BashOperator): Chargement_des_données_in_ELK> on 2023-03-13 00:00:36+00:00
[2023-03-13T19:52:08.960+0000] {standard_task_runner.py:55} INFO - Started process 38706 to run task
[2023-03-13T19:52:08.964+0000] {standard_task_runner.py:82} INFO - Running: ['airflow', 'tasks', 'run', 'AUTOMATISATION', 'Chargement_des_données_in_ELK', 'scheduled__2023-03-13T00:00:36+00:00', '--job-id', '112', '--raw', '--subdir', 'DAGS_FOLDER/main.py', '--cfg-path', '/tmp/tmpmig_hgw7']
[2023-03-13T19:52:08.966+0000] {standard_task_runner.py:83} INFO - Job 112: Subtask Chargement_des_données_in_ELK
[2023-03-13T19:52:09.031+0000] {task_command.py:388} INFO - Running <TaskInstance: AUTOMATISATION.Chargement_des_données_in_ELK scheduled__2023-03-13T00:00:36+00:00 [running]> on host dev
[2023-03-13T19:52:09.090+0000] {taskinstance.py:1507} INFO - Exporting the following env vars:
AIRFLOW_CTX_DAG_OWNER=airflow
AIRFLOW_CTX_DAG_ID=AUTOMATISATION
AIRFLOW_CTX_TASK_ID=Chargement_des_données_in_ELK
AIRFLOW_CTX_EXECUTION_DATE=2023-03-13T00:00:36+00:00
AIRFLOW_CTX_TRY_NUMBER=3
AIRFLOW_CTX_DAG_RUN_ID=scheduled__2023-03-13T00:00:36+00:00
[2023-03-13T19:52:09.092+0000] {subprocess.py:63} INFO - Tmp dir root location: 
 /tmp
[2023-03-13T19:52:09.092+0000] {subprocess.py:75} INFO - Running command: ['/usr/bin/bash', '-c', 'bin/logstash --path.config /etc/logstash/conf.d/data.conf']
[2023-03-13T19:52:09.100+0000] {subprocess.py:86} INFO - Output:
[2023-03-13T19:52:09.101+0000] {subprocess.py:93} INFO - /usr/bin/bash: ligne 1: bin/logstash: Aucun fichier ou dossier de ce type
[2023-03-13T19:52:09.102+0000] {subprocess.py:97} INFO - Command exited with return code 127
[2023-03-13T19:52:09.111+0000] {taskinstance.py:1768} ERROR - Task failed with exception
Traceback (most recent call last):
  File "/home/dev/airflow/airflow/lib/python3.10/site-packages/airflow/operators/bash.py", line 196, in execute
    raise AirflowException(
airflow.exceptions.AirflowException: Bash command failed. The command returned a non-zero exit code 127.
[2023-03-13T19:52:09.116+0000] {taskinstance.py:1318} INFO - Marking task as UP_FOR_RETRY. dag_id=AUTOMATISATION, task_id=Chargement_des_données_in_ELK, execution_date=20230313T000036, start_date=20230313T195208, end_date=20230313T195209
[2023-03-13T19:52:09.133+0000] {standard_task_runner.py:100} ERROR - Failed to execute job 112 for task Chargement_des_données_in_ELK (Bash command failed. The command returned a non-zero exit code 127.; 38706)
[2023-03-13T19:52:09.175+0000] {local_task_job.py:208} INFO - Task exited with return code 1
[2023-03-13T19:52:09.194+0000] {taskinstance.py:2578} INFO - 0 downstream tasks scheduled from follow-on schedule check
[2023-03-13T20:13:37.670+0000] {taskinstance.py:1083} INFO - Dependencies all met for <TaskInstance: AUTOMATISATION.Chargement_des_données_in_ELK scheduled__2023-03-13T00:00:36+00:00 [queued]>
[2023-03-13T20:13:37.684+0000] {taskinstance.py:1083} INFO - Dependencies all met for <TaskInstance: AUTOMATISATION.Chargement_des_données_in_ELK scheduled__2023-03-13T00:00:36+00:00 [queued]>
[2023-03-13T20:13:37.684+0000] {taskinstance.py:1279} INFO - 
--------------------------------------------------------------------------------
[2023-03-13T20:13:37.684+0000] {taskinstance.py:1280} INFO - Starting attempt 3 of 4
[2023-03-13T20:13:37.685+0000] {taskinstance.py:1281} INFO - 
--------------------------------------------------------------------------------
[2023-03-13T20:13:37.710+0000] {taskinstance.py:1300} INFO - Executing <Task(BashOperator): Chargement_des_données_in_ELK> on 2023-03-13 00:00:36+00:00
[2023-03-13T20:13:37.717+0000] {standard_task_runner.py:55} INFO - Started process 42575 to run task
[2023-03-13T20:13:37.729+0000] {standard_task_runner.py:82} INFO - Running: ['airflow', 'tasks', 'run', 'AUTOMATISATION', 'Chargement_des_données_in_ELK', 'scheduled__2023-03-13T00:00:36+00:00', '--job-id', '224', '--raw', '--subdir', 'DAGS_FOLDER/main.py', '--cfg-path', '/tmp/tmpn_yw_qam']
[2023-03-13T20:13:37.733+0000] {standard_task_runner.py:83} INFO - Job 224: Subtask Chargement_des_données_in_ELK
[2023-03-13T20:13:37.805+0000] {task_command.py:388} INFO - Running <TaskInstance: AUTOMATISATION.Chargement_des_données_in_ELK scheduled__2023-03-13T00:00:36+00:00 [running]> on host dev
[2023-03-13T20:13:37.871+0000] {taskinstance.py:1507} INFO - Exporting the following env vars:
AIRFLOW_CTX_DAG_OWNER=airflow
AIRFLOW_CTX_DAG_ID=AUTOMATISATION
AIRFLOW_CTX_TASK_ID=Chargement_des_données_in_ELK
AIRFLOW_CTX_EXECUTION_DATE=2023-03-13T00:00:36+00:00
AIRFLOW_CTX_TRY_NUMBER=3
AIRFLOW_CTX_DAG_RUN_ID=scheduled__2023-03-13T00:00:36+00:00
[2023-03-13T20:13:37.874+0000] {subprocess.py:63} INFO - Tmp dir root location: 
 /tmp
[2023-03-13T20:13:37.874+0000] {subprocess.py:75} INFO - Running command: ['/usr/bin/bash', '-c', 'bin/logstash -f /home/dev/etc/logstash/conf.d/data.conf']
[2023-03-13T20:13:37.883+0000] {subprocess.py:86} INFO - Output:
[2023-03-13T20:13:37.885+0000] {subprocess.py:93} INFO - /usr/bin/bash: ligne 1: bin/logstash: Aucun fichier ou dossier de ce type
[2023-03-13T20:13:37.885+0000] {subprocess.py:97} INFO - Command exited with return code 127
[2023-03-13T20:13:37.896+0000] {taskinstance.py:1768} ERROR - Task failed with exception
Traceback (most recent call last):
  File "/home/dev/airflow/airflow/lib/python3.10/site-packages/airflow/operators/bash.py", line 196, in execute
    raise AirflowException(
airflow.exceptions.AirflowException: Bash command failed. The command returned a non-zero exit code 127.
[2023-03-13T20:13:37.901+0000] {taskinstance.py:1318} INFO - Marking task as UP_FOR_RETRY. dag_id=AUTOMATISATION, task_id=Chargement_des_données_in_ELK, execution_date=20230313T000036, start_date=20230313T201337, end_date=20230313T201337
[2023-03-13T20:13:37.919+0000] {standard_task_runner.py:100} ERROR - Failed to execute job 224 for task Chargement_des_données_in_ELK (Bash command failed. The command returned a non-zero exit code 127.; 42575)
[2023-03-13T20:13:37.935+0000] {local_task_job.py:208} INFO - Task exited with return code 1
[2023-03-13T20:13:37.956+0000] {taskinstance.py:2578} INFO - 0 downstream tasks scheduled from follow-on schedule check
