[2023-03-14T09:15:33.837+0000] {taskinstance.py:1083} INFO - Dependencies all met for <TaskInstance: AUTOMATISATION.demarre_ELK scheduled__2023-03-13T00:05:57+00:00 [queued]>
[2023-03-14T09:15:33.848+0000] {taskinstance.py:1083} INFO - Dependencies all met for <TaskInstance: AUTOMATISATION.demarre_ELK scheduled__2023-03-13T00:05:57+00:00 [queued]>
[2023-03-14T09:15:33.848+0000] {taskinstance.py:1279} INFO - 
--------------------------------------------------------------------------------
[2023-03-14T09:15:33.848+0000] {taskinstance.py:1280} INFO - Starting attempt 1 of 2
[2023-03-14T09:15:33.848+0000] {taskinstance.py:1281} INFO - 
--------------------------------------------------------------------------------
[2023-03-14T09:15:33.869+0000] {taskinstance.py:1300} INFO - Executing <Task(BashOperator): demarre_ELK> on 2023-03-13 00:05:57+00:00
[2023-03-14T09:15:33.872+0000] {standard_task_runner.py:55} INFO - Started process 20850 to run task
[2023-03-14T09:15:33.876+0000] {standard_task_runner.py:82} INFO - Running: ['airflow', 'tasks', 'run', 'AUTOMATISATION', 'demarre_ELK', 'scheduled__2023-03-13T00:05:57+00:00', '--job-id', '516', '--raw', '--subdir', 'DAGS_FOLDER/main.py', '--cfg-path', '/tmp/tmpvizlc6bu']
[2023-03-14T09:15:33.878+0000] {standard_task_runner.py:83} INFO - Job 516: Subtask demarre_ELK
[2023-03-14T09:15:33.945+0000] {task_command.py:388} INFO - Running <TaskInstance: AUTOMATISATION.demarre_ELK scheduled__2023-03-13T00:05:57+00:00 [running]> on host dev
[2023-03-14T09:15:34.027+0000] {taskinstance.py:1507} INFO - Exporting the following env vars:
AIRFLOW_CTX_DAG_OWNER=airflow
AIRFLOW_CTX_DAG_ID=AUTOMATISATION
AIRFLOW_CTX_TASK_ID=demarre_ELK
AIRFLOW_CTX_EXECUTION_DATE=2023-03-13T00:05:57+00:00
AIRFLOW_CTX_TRY_NUMBER=1
AIRFLOW_CTX_DAG_RUN_ID=scheduled__2023-03-13T00:05:57+00:00
[2023-03-14T09:15:34.029+0000] {subprocess.py:63} INFO - Tmp dir root location: 
 /tmp
[2023-03-14T09:15:34.030+0000] {subprocess.py:75} INFO - Running command: ['/usr/bin/bash', '-c', 'docker-compose -f /home/dev/soute/ELK/docker-compose.yml up -d']
[2023-03-14T09:15:34.037+0000] {subprocess.py:86} INFO - Output:
[2023-03-14T09:15:34.803+0000] {subprocess.py:93} INFO - elasticsearch is up-to-date
[2023-03-14T09:15:34.804+0000] {subprocess.py:93} INFO - kibana is up-to-date
[2023-03-14T09:15:34.864+0000] {subprocess.py:97} INFO - Command exited with return code 0
[2023-03-14T09:15:34.891+0000] {taskinstance.py:1318} INFO - Marking task as SUCCESS. dag_id=AUTOMATISATION, task_id=demarre_ELK, execution_date=20230313T000557, start_date=20230314T091533, end_date=20230314T091534
[2023-03-14T09:15:34.930+0000] {local_task_job.py:208} INFO - Task exited with return code 0
[2023-03-14T09:15:34.957+0000] {taskinstance.py:2578} INFO - 1 downstream tasks scheduled from follow-on schedule check
[2023-03-15T07:53:54.648+0000] {taskinstance.py:1083} INFO - Dependencies all met for <TaskInstance: AUTOMATISATION.demarre_ELK scheduled__2023-03-13T00:05:57+00:00 [queued]>
[2023-03-15T07:53:54.653+0000] {taskinstance.py:1083} INFO - Dependencies all met for <TaskInstance: AUTOMATISATION.demarre_ELK scheduled__2023-03-13T00:05:57+00:00 [queued]>
[2023-03-15T07:53:54.653+0000] {taskinstance.py:1279} INFO - 
--------------------------------------------------------------------------------
[2023-03-15T07:53:54.653+0000] {taskinstance.py:1280} INFO - Starting attempt 1 of 2
[2023-03-15T07:53:54.653+0000] {taskinstance.py:1281} INFO - 
--------------------------------------------------------------------------------
[2023-03-15T07:53:54.662+0000] {taskinstance.py:1300} INFO - Executing <Task(BashOperator): demarre_ELK> on 2023-03-13 00:05:57+00:00
[2023-03-15T07:53:54.664+0000] {standard_task_runner.py:55} INFO - Started process 144331 to run task
[2023-03-15T07:53:54.666+0000] {standard_task_runner.py:82} INFO - Running: ['airflow', 'tasks', 'run', 'AUTOMATISATION', 'demarre_ELK', 'scheduled__2023-03-13T00:05:57+00:00', '--job-id', '886', '--raw', '--subdir', 'DAGS_FOLDER/main.py', '--cfg-path', '/tmp/tmpa6li8jwd']
[2023-03-15T07:53:54.667+0000] {standard_task_runner.py:83} INFO - Job 886: Subtask demarre_ELK
[2023-03-15T07:53:54.699+0000] {task_command.py:388} INFO - Running <TaskInstance: AUTOMATISATION.demarre_ELK scheduled__2023-03-13T00:05:57+00:00 [running]> on host dev
[2023-03-15T07:53:54.742+0000] {taskinstance.py:1507} INFO - Exporting the following env vars:
AIRFLOW_CTX_DAG_OWNER=airflow
AIRFLOW_CTX_DAG_ID=AUTOMATISATION
AIRFLOW_CTX_TASK_ID=demarre_ELK
AIRFLOW_CTX_EXECUTION_DATE=2023-03-13T00:05:57+00:00
AIRFLOW_CTX_TRY_NUMBER=1
AIRFLOW_CTX_DAG_RUN_ID=scheduled__2023-03-13T00:05:57+00:00
[2023-03-15T07:53:54.743+0000] {subprocess.py:63} INFO - Tmp dir root location: 
 /tmp
[2023-03-15T07:53:54.743+0000] {subprocess.py:75} INFO - Running command: ['/usr/bin/bash', '-c', 'docker-compose -f /home/dev/soute/ELK/docker-compose.yml up -d']
[2023-03-15T07:53:54.747+0000] {subprocess.py:86} INFO - Output:
[2023-03-15T07:53:55.084+0000] {subprocess.py:93} INFO - elasticsearch is up-to-date
[2023-03-15T07:53:55.084+0000] {subprocess.py:93} INFO - kibana is up-to-date
[2023-03-15T07:53:55.106+0000] {subprocess.py:97} INFO - Command exited with return code 0
[2023-03-15T07:53:55.120+0000] {taskinstance.py:1318} INFO - Marking task as SUCCESS. dag_id=AUTOMATISATION, task_id=demarre_ELK, execution_date=20230313T000557, start_date=20230315T075354, end_date=20230315T075355
[2023-03-15T07:53:55.159+0000] {local_task_job.py:208} INFO - Task exited with return code 0
[2023-03-15T07:53:55.169+0000] {taskinstance.py:2578} INFO - 1 downstream tasks scheduled from follow-on schedule check
