[2023-03-13T22:27:33.147+0000] {taskinstance.py:1083} INFO - Dependencies all met for <TaskInstance: AUTOMATISATION.Chargement_des_données_in_ELK scheduled__2023-03-13T00:03:18+00:00 [queued]>
[2023-03-13T22:27:33.159+0000] {taskinstance.py:1083} INFO - Dependencies all met for <TaskInstance: AUTOMATISATION.Chargement_des_données_in_ELK scheduled__2023-03-13T00:03:18+00:00 [queued]>
[2023-03-13T22:27:33.159+0000] {taskinstance.py:1279} INFO - 
--------------------------------------------------------------------------------
[2023-03-13T22:27:33.159+0000] {taskinstance.py:1280} INFO - Starting attempt 1 of 4
[2023-03-13T22:27:33.159+0000] {taskinstance.py:1281} INFO - 
--------------------------------------------------------------------------------
[2023-03-13T22:27:33.187+0000] {taskinstance.py:1300} INFO - Executing <Task(BashOperator): Chargement_des_données_in_ELK> on 2023-03-13 00:03:18+00:00
[2023-03-13T22:27:33.190+0000] {standard_task_runner.py:55} INFO - Started process 72283 to run task
[2023-03-13T22:27:33.194+0000] {standard_task_runner.py:82} INFO - Running: ['airflow', 'tasks', 'run', 'AUTOMATISATION', 'Chargement_des_données_in_ELK', 'scheduled__2023-03-13T00:03:18+00:00', '--job-id', '411', '--raw', '--subdir', 'DAGS_FOLDER/main.py', '--cfg-path', '/tmp/tmp5hffrfmp']
[2023-03-13T22:27:33.196+0000] {standard_task_runner.py:83} INFO - Job 411: Subtask Chargement_des_données_in_ELK
[2023-03-13T22:27:33.265+0000] {task_command.py:388} INFO - Running <TaskInstance: AUTOMATISATION.Chargement_des_données_in_ELK scheduled__2023-03-13T00:03:18+00:00 [running]> on host dev
[2023-03-13T22:27:33.350+0000] {taskinstance.py:1507} INFO - Exporting the following env vars:
AIRFLOW_CTX_DAG_OWNER=airflow
AIRFLOW_CTX_DAG_ID=AUTOMATISATION
AIRFLOW_CTX_TASK_ID=Chargement_des_données_in_ELK
AIRFLOW_CTX_EXECUTION_DATE=2023-03-13T00:03:18+00:00
AIRFLOW_CTX_TRY_NUMBER=1
AIRFLOW_CTX_DAG_RUN_ID=scheduled__2023-03-13T00:03:18+00:00
[2023-03-13T22:27:33.351+0000] {subprocess.py:63} INFO - Tmp dir root location: 
 /tmp
[2023-03-13T22:27:33.352+0000] {subprocess.py:75} INFO - Running command: ['/usr/bin/bash', '-c', 'echo dev | sudo -S /usr/share/logstash/bin/logstash --path.settings=/etc/logstash/ -f /etc/logstash/conf.d/data.conf']
[2023-03-13T22:27:33.360+0000] {subprocess.py:86} INFO - Output:
[2023-03-13T22:27:33.447+0000] {subprocess.py:93} INFO - [sudo] Mot de passe de dev : Using bundled JDK: /usr/share/logstash/jdk
[2023-03-13T22:27:33.696+0000] {subprocess.py:93} INFO - OpenJDK 64-Bit Server VM warning: Option UseConcMarkSweepGC was deprecated in version 9.0 and will likely be removed in a future release.
[2023-03-13T22:27:56.420+0000] {subprocess.py:93} INFO - Sending Logstash logs to /var/log/logstash which is now configured via log4j2.properties
[2023-03-13T22:27:56.528+0000] {subprocess.py:93} INFO - [2023-03-13T22:27:56,525][INFO ][logstash.runner          ] Log4j configuration path used is: /etc/logstash/log4j2.properties
[2023-03-13T22:27:56.538+0000] {subprocess.py:93} INFO - [2023-03-13T22:27:56,538][INFO ][logstash.runner          ] Starting Logstash {"logstash.version"=>"7.15.2", "jruby.version"=>"jruby 9.2.19.0 (2.5.8) 2021-06-15 55810c552b OpenJDK 64-Bit Server VM 11.0.12+7 on 11.0.12+7 +indy +jit [linux-x86_64]"}
[2023-03-13T22:27:56.926+0000] {subprocess.py:93} INFO - [2023-03-13T22:27:56,926][WARN ][logstash.config.source.multilocal] Ignoring the 'pipelines.yml' file because modules or command line options are specified
[2023-03-13T22:27:58.853+0000] {subprocess.py:93} INFO - [2023-03-13T22:27:58,852][INFO ][logstash.agent           ] Successfully started Logstash API endpoint {:port=>9600}
[2023-03-13T22:27:59.806+0000] {subprocess.py:93} INFO - [2023-03-13T22:27:59,805][INFO ][org.reflections.Reflections] Reflections took 118 ms to scan 1 urls, producing 120 keys and 417 values
[2023-03-13T22:28:01.254+0000] {subprocess.py:93} INFO - [2023-03-13T22:28:01,253][INFO ][logstash.outputs.elasticsearch][main] New Elasticsearch output {:class=>"LogStash::Outputs::ElasticSearch", :hosts=>["//localhost:9200"]}
[2023-03-13T22:28:01.739+0000] {subprocess.py:93} INFO - [2023-03-13T22:28:01,736][INFO ][logstash.outputs.elasticsearch][main] Elasticsearch pool URLs updated {:changes=>{:removed=>[], :added=>[http://localhost:9200/]}}
[2023-03-13T22:28:01.930+0000] {subprocess.py:93} INFO - [2023-03-13T22:28:01,930][WARN ][logstash.outputs.elasticsearch][main] Restored connection to ES instance {:url=>"http://localhost:9200/"}
[2023-03-13T22:28:01.991+0000] {subprocess.py:93} INFO - [2023-03-13T22:28:01,990][INFO ][logstash.outputs.elasticsearch][main] Elasticsearch version determined (7.15.2) {:es_version=>7}
[2023-03-13T22:28:01.994+0000] {subprocess.py:93} INFO - [2023-03-13T22:28:01,994][WARN ][logstash.outputs.elasticsearch][main] Detected a 6.x and above cluster: the `type` event field won't be used to determine the document _type {:es_version=>7}
[2023-03-13T22:28:02.194+0000] {subprocess.py:93} INFO - [2023-03-13T22:28:02,193][INFO ][logstash.outputs.elasticsearch][main] Using a default mapping template {:es_version=>7, :ecs_compatibility=>:disabled}
[2023-03-13T22:28:02.218+0000] {subprocess.py:93} INFO - [2023-03-13T22:28:02,218][INFO ][logstash.javapipeline    ][main] Starting pipeline {:pipeline_id=>"main", "pipeline.workers"=>8, "pipeline.batch.size"=>125, "pipeline.batch.delay"=>50, "pipeline.max_inflight"=>1000, "pipeline.sources"=>["/etc/logstash/conf.d/data.conf"], :thread=>"#<Thread:0xe404051 run>"}
[2023-03-13T22:28:03.361+0000] {subprocess.py:93} INFO - [2023-03-13T22:28:03,360][INFO ][logstash.javapipeline    ][main] Pipeline Java execution initialization time {"seconds"=>1.14}
[2023-03-13T22:28:03.480+0000] {subprocess.py:93} INFO - [2023-03-13T22:28:03,479][INFO ][logstash.javapipeline    ][main] Pipeline started {"pipeline.id"=>"main"}
[2023-03-13T22:28:03.592+0000] {subprocess.py:93} INFO - [2023-03-13T22:28:03,591][INFO ][logstash.agent           ] Pipelines running {:count=>1, :running_pipelines=>[:main], :non_running_pipelines=>[]}
[2023-03-13T22:28:05.050+0000] {subprocess.py:93} INFO - [2023-03-13T22:28:05,050][INFO ][logstash.inputs.jdbc     ][main][afa454a497099ce3438919c7cfc7ae10a3b3980082608321cda443e0b5f70dbd] (0.024024s) SELECT CAST(current_setting('server_version_num') AS integer) AS v
[2023-03-13T22:28:05.310+0000] {subprocess.py:93} INFO - [2023-03-13T22:28:05,309][INFO ][logstash.inputs.jdbc     ][main][afa454a497099ce3438919c7cfc7ae10a3b3980082608321cda443e0b5f70dbd] (0.087642s) SELECT count(*) AS "count" FROM (SELECT * FROM customers) AS "t1" LIMIT 1
[2023-03-13T22:28:05.878+0000] {subprocess.py:93} INFO - [2023-03-13T22:28:05,878][INFO ][logstash.inputs.jdbc     ][main][afa454a497099ce3438919c7cfc7ae10a3b3980082608321cda443e0b5f70dbd] (0.539622s) SELECT * FROM (SELECT * FROM customers) AS "t1" LIMIT 50000 OFFSET 0
[2023-03-13T22:28:18.704+0000] {subprocess.py:93} INFO - [2023-03-13T22:28:18,704][INFO ][logstash.inputs.jdbc     ][main][afa454a497099ce3438919c7cfc7ae10a3b3980082608321cda443e0b5f70dbd] (0.535192s) SELECT * FROM (SELECT * FROM customers) AS "t1" LIMIT 50000 OFFSET 50000
[2023-03-13T22:28:24.719+0000] {subprocess.py:93} INFO - [2023-03-13T22:28:24,719][INFO ][logstash.inputs.jdbc     ][main][afa454a497099ce3438919c7cfc7ae10a3b3980082608321cda443e0b5f70dbd] (0.093196s) SELECT * FROM (SELECT * FROM customers) AS "t1" LIMIT 50000 OFFSET 100000
[2023-03-13T22:28:27.740+0000] {subprocess.py:93} INFO - [2023-03-13T22:28:27,740][INFO ][logstash.inputs.jdbc     ][main][afa454a497099ce3438919c7cfc7ae10a3b3980082608321cda443e0b5f70dbd] (0.110373s) SELECT * FROM (SELECT * FROM customers) AS "t1" LIMIT 50000 OFFSET 150000
[2023-03-13T22:28:30.712+0000] {subprocess.py:93} INFO - [2023-03-13T22:28:30,712][INFO ][logstash.inputs.jdbc     ][main][afa454a497099ce3438919c7cfc7ae10a3b3980082608321cda443e0b5f70dbd] (0.109724s) SELECT * FROM (SELECT * FROM customers) AS "t1" LIMIT 50000 OFFSET 200000
[2023-03-13T22:28:33.536+0000] {subprocess.py:93} INFO - [2023-03-13T22:28:33,536][INFO ][logstash.inputs.jdbc     ][main][afa454a497099ce3438919c7cfc7ae10a3b3980082608321cda443e0b5f70dbd] (0.124564s) SELECT * FROM (SELECT * FROM customers) AS "t1" LIMIT 50000 OFFSET 250000
[2023-03-13T22:28:36.483+0000] {subprocess.py:93} INFO - [2023-03-13T22:28:36,482][INFO ][logstash.inputs.jdbc     ][main][afa454a497099ce3438919c7cfc7ae10a3b3980082608321cda443e0b5f70dbd] (0.133766s) SELECT * FROM (SELECT * FROM customers) AS "t1" LIMIT 50000 OFFSET 300000
[2023-03-13T22:28:39.320+0000] {subprocess.py:93} INFO - [2023-03-13T22:28:39,319][INFO ][logstash.inputs.jdbc     ][main][afa454a497099ce3438919c7cfc7ae10a3b3980082608321cda443e0b5f70dbd] (0.167858s) SELECT * FROM (SELECT * FROM customers) AS "t1" LIMIT 50000 OFFSET 350000
[2023-03-13T22:28:43.845+0000] {subprocess.py:93} INFO - [2023-03-13T22:28:43,844][INFO ][logstash.inputs.jdbc     ][main][afa454a497099ce3438919c7cfc7ae10a3b3980082608321cda443e0b5f70dbd] (0.185264s) SELECT * FROM (SELECT * FROM customers) AS "t1" LIMIT 50000 OFFSET 400000
[2023-03-13T22:28:47.392+0000] {subprocess.py:93} INFO - [2023-03-13T22:28:47,391][INFO ][logstash.inputs.jdbc     ][main][afa454a497099ce3438919c7cfc7ae10a3b3980082608321cda443e0b5f70dbd] (0.142785s) SELECT * FROM (SELECT * FROM customers) AS "t1" LIMIT 50000 OFFSET 450000
[2023-03-13T22:28:50.525+0000] {subprocess.py:93} INFO - [2023-03-13T22:28:50,525][INFO ][logstash.inputs.jdbc     ][main][afa454a497099ce3438919c7cfc7ae10a3b3980082608321cda443e0b5f70dbd] (0.147661s) SELECT * FROM (SELECT * FROM customers) AS "t1" LIMIT 50000 OFFSET 500000
[2023-03-13T22:28:54.212+0000] {subprocess.py:93} INFO - [2023-03-13T22:28:54,212][INFO ][logstash.inputs.jdbc     ][main][afa454a497099ce3438919c7cfc7ae10a3b3980082608321cda443e0b5f70dbd] (0.131626s) SELECT * FROM (SELECT * FROM customers) AS "t1" LIMIT 50000 OFFSET 550000
[2023-03-13T22:28:57.051+0000] {subprocess.py:93} INFO - [2023-03-13T22:28:57,051][INFO ][logstash.inputs.jdbc     ][main][afa454a497099ce3438919c7cfc7ae10a3b3980082608321cda443e0b5f70dbd] (0.135639s) SELECT * FROM (SELECT * FROM customers) AS "t1" LIMIT 50000 OFFSET 600000
[2023-03-13T22:29:00.353+0000] {subprocess.py:93} INFO - [2023-03-13T22:29:00,353][INFO ][logstash.inputs.jdbc     ][main][afa454a497099ce3438919c7cfc7ae10a3b3980082608321cda443e0b5f70dbd] (0.200806s) SELECT * FROM (SELECT * FROM customers) AS "t1" LIMIT 50000 OFFSET 650000
[2023-03-13T22:29:03.775+0000] {subprocess.py:93} INFO - [2023-03-13T22:29:03,775][INFO ][logstash.inputs.jdbc     ][main][afa454a497099ce3438919c7cfc7ae10a3b3980082608321cda443e0b5f70dbd] (0.181938s) SELECT * FROM (SELECT * FROM customers) AS "t1" LIMIT 50000 OFFSET 700000
[2023-03-13T22:29:06.784+0000] {subprocess.py:93} INFO - [2023-03-13T22:29:06,784][INFO ][logstash.inputs.jdbc     ][main][afa454a497099ce3438919c7cfc7ae10a3b3980082608321cda443e0b5f70dbd] (0.148485s) SELECT * FROM (SELECT * FROM customers) AS "t1" LIMIT 50000 OFFSET 750000
[2023-03-13T22:29:09.503+0000] {subprocess.py:93} INFO - [2023-03-13T22:29:09,503][INFO ][logstash.inputs.jdbc     ][main][afa454a497099ce3438919c7cfc7ae10a3b3980082608321cda443e0b5f70dbd] (0.161089s) SELECT * FROM (SELECT * FROM customers) AS "t1" LIMIT 50000 OFFSET 800000
[2023-03-13T22:29:12.553+0000] {subprocess.py:93} INFO - [2023-03-13T22:29:12,552][INFO ][logstash.inputs.jdbc     ][main][afa454a497099ce3438919c7cfc7ae10a3b3980082608321cda443e0b5f70dbd] (0.194836s) SELECT * FROM (SELECT * FROM customers) AS "t1" LIMIT 50000 OFFSET 850000
[2023-03-13T22:29:15.466+0000] {subprocess.py:93} INFO - [2023-03-13T22:29:15,465][INFO ][logstash.inputs.jdbc     ][main][afa454a497099ce3438919c7cfc7ae10a3b3980082608321cda443e0b5f70dbd] (0.154513s) SELECT * FROM (SELECT * FROM customers) AS "t1" LIMIT 50000 OFFSET 900000
[2023-03-13T22:29:17.908+0000] {subprocess.py:93} INFO - [2023-03-13T22:29:17,908][INFO ][logstash.inputs.jdbc     ][main][afa454a497099ce3438919c7cfc7ae10a3b3980082608321cda443e0b5f70dbd] (0.183902s) SELECT * FROM (SELECT * FROM customers) AS "t1" LIMIT 50000 OFFSET 950000
[2023-03-13T22:29:20.573+0000] {subprocess.py:93} INFO - [2023-03-13T22:29:20,573][INFO ][logstash.inputs.jdbc     ][main][afa454a497099ce3438919c7cfc7ae10a3b3980082608321cda443e0b5f70dbd] (0.186870s) SELECT * FROM (SELECT * FROM customers) AS "t1" LIMIT 50000 OFFSET 1000000
[2023-03-13T22:29:23.351+0000] {subprocess.py:93} INFO - [2023-03-13T22:29:23,351][INFO ][logstash.inputs.jdbc     ][main][afa454a497099ce3438919c7cfc7ae10a3b3980082608321cda443e0b5f70dbd] (0.191344s) SELECT * FROM (SELECT * FROM customers) AS "t1" LIMIT 50000 OFFSET 1050000
[2023-03-13T22:29:25.965+0000] {subprocess.py:93} INFO - [2023-03-13T22:29:25,965][INFO ][logstash.inputs.jdbc     ][main][afa454a497099ce3438919c7cfc7ae10a3b3980082608321cda443e0b5f70dbd] (0.196110s) SELECT * FROM (SELECT * FROM customers) AS "t1" LIMIT 50000 OFFSET 1100000
[2023-03-13T22:29:28.415+0000] {subprocess.py:93} INFO - [2023-03-13T22:29:28,415][INFO ][logstash.inputs.jdbc     ][main][afa454a497099ce3438919c7cfc7ae10a3b3980082608321cda443e0b5f70dbd] (0.149770s) SELECT * FROM (SELECT * FROM customers) AS "t1" LIMIT 50000 OFFSET 1150000
[2023-03-13T22:29:30.320+0000] {subprocess.py:93} INFO - [2023-03-13T22:29:30,320][INFO ][logstash.javapipeline    ][main] Pipeline terminated {"pipeline.id"=>"main"}
[2023-03-13T22:29:30.504+0000] {subprocess.py:93} INFO - [2023-03-13T22:29:30,504][INFO ][logstash.pipelinesregistry] Removed pipeline from registry successfully {:pipeline_id=>:main}
[2023-03-13T22:29:30.549+0000] {subprocess.py:93} INFO - [2023-03-13T22:29:30,548][INFO ][logstash.runner          ] Logstash shut down.
[2023-03-13T22:29:30.728+0000] {subprocess.py:97} INFO - Command exited with return code 0
[2023-03-13T22:29:30.759+0000] {taskinstance.py:1318} INFO - Marking task as SUCCESS. dag_id=AUTOMATISATION, task_id=Chargement_des_données_in_ELK, execution_date=20230313T000318, start_date=20230313T222733, end_date=20230313T222930
[2023-03-13T22:29:30.827+0000] {local_task_job.py:208} INFO - Task exited with return code 0
[2023-03-13T22:29:30.841+0000] {taskinstance.py:2578} INFO - 0 downstream tasks scheduled from follow-on schedule check
[2023-03-15T07:31:59.803+0000] {taskinstance.py:1083} INFO - Dependencies all met for <TaskInstance: AUTOMATISATION.Chargement_des_données_in_ELK scheduled__2023-03-13T00:03:18+00:00 [queued]>
[2023-03-15T07:31:59.808+0000] {taskinstance.py:1083} INFO - Dependencies all met for <TaskInstance: AUTOMATISATION.Chargement_des_données_in_ELK scheduled__2023-03-13T00:03:18+00:00 [queued]>
[2023-03-15T07:31:59.808+0000] {taskinstance.py:1279} INFO - 
--------------------------------------------------------------------------------
[2023-03-15T07:31:59.808+0000] {taskinstance.py:1280} INFO - Starting attempt 1 of 4
[2023-03-15T07:31:59.808+0000] {taskinstance.py:1281} INFO - 
--------------------------------------------------------------------------------
[2023-03-15T07:31:59.818+0000] {taskinstance.py:1300} INFO - Executing <Task(BashOperator): Chargement_des_données_in_ELK> on 2023-03-13 00:03:18+00:00
[2023-03-15T07:31:59.819+0000] {standard_task_runner.py:55} INFO - Started process 131451 to run task
[2023-03-15T07:31:59.821+0000] {standard_task_runner.py:82} INFO - Running: ['airflow', 'tasks', 'run', 'AUTOMATISATION', 'Chargement_des_données_in_ELK', 'scheduled__2023-03-13T00:03:18+00:00', '--job-id', '780', '--raw', '--subdir', 'DAGS_FOLDER/main.py', '--cfg-path', '/tmp/tmp4hrm2deb']
[2023-03-15T07:31:59.822+0000] {standard_task_runner.py:83} INFO - Job 780: Subtask Chargement_des_données_in_ELK
[2023-03-15T07:31:59.850+0000] {task_command.py:388} INFO - Running <TaskInstance: AUTOMATISATION.Chargement_des_données_in_ELK scheduled__2023-03-13T00:03:18+00:00 [running]> on host dev
[2023-03-15T07:31:59.886+0000] {taskinstance.py:1507} INFO - Exporting the following env vars:
AIRFLOW_CTX_DAG_OWNER=airflow
AIRFLOW_CTX_DAG_ID=AUTOMATISATION
AIRFLOW_CTX_TASK_ID=Chargement_des_données_in_ELK
AIRFLOW_CTX_EXECUTION_DATE=2023-03-13T00:03:18+00:00
AIRFLOW_CTX_TRY_NUMBER=1
AIRFLOW_CTX_DAG_RUN_ID=scheduled__2023-03-13T00:03:18+00:00
[2023-03-15T07:31:59.887+0000] {subprocess.py:63} INFO - Tmp dir root location: 
 /tmp
[2023-03-15T07:31:59.887+0000] {subprocess.py:75} INFO - Running command: ['/usr/bin/bash', '-c', 'echo dev | sudo -S /usr/share/logstash/bin/logstash --path.settings=/etc/logstash/ -f /etc/logstash/conf.d/data.conf']
[2023-03-15T07:31:59.891+0000] {subprocess.py:86} INFO - Output:
[2023-03-15T07:31:59.925+0000] {subprocess.py:93} INFO - [sudo] Mot de passe de dev : Using bundled JDK: /usr/share/logstash/jdk
[2023-03-15T07:32:00.043+0000] {subprocess.py:93} INFO - OpenJDK 64-Bit Server VM warning: Option UseConcMarkSweepGC was deprecated in version 9.0 and will likely be removed in a future release.
[2023-03-15T07:32:10.870+0000] {subprocess.py:93} INFO - Sending Logstash logs to /var/log/logstash which is now configured via log4j2.properties
[2023-03-15T07:32:10.925+0000] {subprocess.py:93} INFO - [2023-03-15T07:32:10,924][INFO ][logstash.runner          ] Log4j configuration path used is: /etc/logstash/log4j2.properties
[2023-03-15T07:32:10.931+0000] {subprocess.py:93} INFO - [2023-03-15T07:32:10,930][INFO ][logstash.runner          ] Starting Logstash {"logstash.version"=>"7.15.2", "jruby.version"=>"jruby 9.2.19.0 (2.5.8) 2021-06-15 55810c552b OpenJDK 64-Bit Server VM 11.0.12+7 on 11.0.12+7 +indy +jit [linux-x86_64]"}
[2023-03-15T07:32:11.134+0000] {subprocess.py:93} INFO - [2023-03-15T07:32:11,134][WARN ][logstash.config.source.multilocal] Ignoring the 'pipelines.yml' file because modules or command line options are specified
[2023-03-15T07:32:12.113+0000] {subprocess.py:93} INFO - [2023-03-15T07:32:12,112][INFO ][logstash.agent           ] Successfully started Logstash API endpoint {:port=>9600}
[2023-03-15T07:32:12.625+0000] {subprocess.py:93} INFO - [2023-03-15T07:32:12,625][INFO ][org.reflections.Reflections] Reflections took 79 ms to scan 1 urls, producing 120 keys and 417 values
[2023-03-15T07:32:13.441+0000] {subprocess.py:93} INFO - [2023-03-15T07:32:13,440][INFO ][logstash.outputs.elasticsearch][main] New Elasticsearch output {:class=>"LogStash::Outputs::ElasticSearch", :hosts=>["//localhost:9200"]}
[2023-03-15T07:32:13.669+0000] {subprocess.py:93} INFO - [2023-03-15T07:32:13,668][INFO ][logstash.outputs.elasticsearch][main] Elasticsearch pool URLs updated {:changes=>{:removed=>[], :added=>[http://localhost:9200/]}}
[2023-03-15T07:32:13.753+0000] {subprocess.py:93} INFO - [2023-03-15T07:32:13,752][WARN ][logstash.outputs.elasticsearch][main] Restored connection to ES instance {:url=>"http://localhost:9200/"}
[2023-03-15T07:32:13.781+0000] {subprocess.py:93} INFO - [2023-03-15T07:32:13,781][INFO ][logstash.outputs.elasticsearch][main] Elasticsearch version determined (7.15.2) {:es_version=>7}
[2023-03-15T07:32:13.783+0000] {subprocess.py:93} INFO - [2023-03-15T07:32:13,783][WARN ][logstash.outputs.elasticsearch][main] Detected a 6.x and above cluster: the `type` event field won't be used to determine the document _type {:es_version=>7}
[2023-03-15T07:32:13.896+0000] {subprocess.py:93} INFO - [2023-03-15T07:32:13,896][INFO ][logstash.outputs.elasticsearch][main] Using a default mapping template {:es_version=>7, :ecs_compatibility=>:disabled}
[2023-03-15T07:32:13.925+0000] {subprocess.py:93} INFO - [2023-03-15T07:32:13,924][INFO ][logstash.javapipeline    ][main] Starting pipeline {:pipeline_id=>"main", "pipeline.workers"=>8, "pipeline.batch.size"=>125, "pipeline.batch.delay"=>50, "pipeline.max_inflight"=>1000, "pipeline.sources"=>["/etc/logstash/conf.d/data.conf"], :thread=>"#<Thread:0x3ef51040 run>"}
[2023-03-15T07:32:14.466+0000] {subprocess.py:93} INFO - [2023-03-15T07:32:14,466][INFO ][logstash.javapipeline    ][main] Pipeline Java execution initialization time {"seconds"=>0.54}
[2023-03-15T07:32:14.532+0000] {subprocess.py:93} INFO - [2023-03-15T07:32:14,531][INFO ][logstash.javapipeline    ][main] Pipeline started {"pipeline.id"=>"main"}
[2023-03-15T07:32:14.594+0000] {subprocess.py:93} INFO - [2023-03-15T07:32:14,594][INFO ][logstash.agent           ] Pipelines running {:count=>1, :running_pipelines=>[:main], :non_running_pipelines=>[]}
[2023-03-15T07:32:15.250+0000] {subprocess.py:93} INFO - [2023-03-15T07:32:15,250][INFO ][logstash.inputs.jdbc     ][main][afa454a497099ce3438919c7cfc7ae10a3b3980082608321cda443e0b5f70dbd] (0.011075s) SELECT CAST(current_setting('server_version_num') AS integer) AS v
[2023-03-15T07:32:15.341+0000] {subprocess.py:93} INFO - [2023-03-15T07:32:15,341][INFO ][logstash.inputs.jdbc     ][main][afa454a497099ce3438919c7cfc7ae10a3b3980082608321cda443e0b5f70dbd] (0.001628s) SELECT count(*) AS "count" FROM (SELECT * FROM customers) AS "t1" LIMIT 1
[2023-03-15T07:32:15.843+0000] {subprocess.py:93} INFO - [2023-03-15T07:32:15,843][INFO ][logstash.javapipeline    ][main] Pipeline terminated {"pipeline.id"=>"main"}
[2023-03-15T07:32:16.143+0000] {subprocess.py:93} INFO - [2023-03-15T07:32:16,142][INFO ][logstash.pipelinesregistry] Removed pipeline from registry successfully {:pipeline_id=>:main}
[2023-03-15T07:32:16.160+0000] {subprocess.py:93} INFO - [2023-03-15T07:32:16,160][INFO ][logstash.runner          ] Logstash shut down.
[2023-03-15T07:32:16.206+0000] {subprocess.py:97} INFO - Command exited with return code 0
[2023-03-15T07:32:16.219+0000] {taskinstance.py:1318} INFO - Marking task as SUCCESS. dag_id=AUTOMATISATION, task_id=Chargement_des_données_in_ELK, execution_date=20230313T000318, start_date=20230315T073159, end_date=20230315T073216
[2023-03-15T07:32:16.245+0000] {local_task_job.py:208} INFO - Task exited with return code 0
[2023-03-15T07:32:16.258+0000] {taskinstance.py:2578} INFO - 0 downstream tasks scheduled from follow-on schedule check
