[2023-03-13T21:42:29.592+0000] {taskinstance.py:1083} INFO - Dependencies all met for <TaskInstance: AUTOMATISATION.demarre_ELK scheduled__2023-03-13T00:02:15+00:00 [queued]>
[2023-03-13T21:42:29.611+0000] {taskinstance.py:1083} INFO - Dependencies all met for <TaskInstance: AUTOMATISATION.demarre_ELK scheduled__2023-03-13T00:02:15+00:00 [queued]>
[2023-03-13T21:42:29.611+0000] {taskinstance.py:1279} INFO - 
--------------------------------------------------------------------------------
[2023-03-13T21:42:29.611+0000] {taskinstance.py:1280} INFO - Starting attempt 1 of 2
[2023-03-13T21:42:29.611+0000] {taskinstance.py:1281} INFO - 
--------------------------------------------------------------------------------
[2023-03-13T21:42:29.645+0000] {taskinstance.py:1300} INFO - Executing <Task(BashOperator): demarre_ELK> on 2023-03-13 00:02:15+00:00
[2023-03-13T21:42:29.648+0000] {standard_task_runner.py:55} INFO - Started process 63226 to run task
[2023-03-13T21:42:29.652+0000] {standard_task_runner.py:82} INFO - Running: ['airflow', 'tasks', 'run', 'AUTOMATISATION', 'demarre_ELK', 'scheduled__2023-03-13T00:02:15+00:00', '--job-id', '366', '--raw', '--subdir', 'DAGS_FOLDER/main.py', '--cfg-path', '/tmp/tmpzoetsdkb']
[2023-03-13T21:42:29.654+0000] {standard_task_runner.py:83} INFO - Job 366: Subtask demarre_ELK
[2023-03-13T21:42:29.728+0000] {task_command.py:388} INFO - Running <TaskInstance: AUTOMATISATION.demarre_ELK scheduled__2023-03-13T00:02:15+00:00 [running]> on host dev
[2023-03-13T21:42:29.821+0000] {taskinstance.py:1507} INFO - Exporting the following env vars:
AIRFLOW_CTX_DAG_OWNER=airflow
AIRFLOW_CTX_DAG_ID=AUTOMATISATION
AIRFLOW_CTX_TASK_ID=demarre_ELK
AIRFLOW_CTX_EXECUTION_DATE=2023-03-13T00:02:15+00:00
AIRFLOW_CTX_TRY_NUMBER=1
AIRFLOW_CTX_DAG_RUN_ID=scheduled__2023-03-13T00:02:15+00:00
[2023-03-13T21:42:29.823+0000] {subprocess.py:63} INFO - Tmp dir root location: 
 /tmp
[2023-03-13T21:42:29.824+0000] {subprocess.py:75} INFO - Running command: ['/usr/bin/bash', '-c', 'docker-compose -f /home/dev/soute/ELK/docker-compose.yml up -d']
[2023-03-13T21:42:29.832+0000] {subprocess.py:86} INFO - Output:
[2023-03-13T21:42:30.651+0000] {subprocess.py:93} INFO - elasticsearch is up-to-date
[2023-03-13T21:42:30.651+0000] {subprocess.py:93} INFO - kibana is up-to-date
[2023-03-13T21:42:30.703+0000] {subprocess.py:97} INFO - Command exited with return code 0
[2023-03-13T21:42:30.733+0000] {taskinstance.py:1318} INFO - Marking task as SUCCESS. dag_id=AUTOMATISATION, task_id=demarre_ELK, execution_date=20230313T000215, start_date=20230313T214229, end_date=20230313T214230
[2023-03-13T21:42:30.786+0000] {local_task_job.py:208} INFO - Task exited with return code 0
[2023-03-13T21:42:30.812+0000] {taskinstance.py:2578} INFO - 1 downstream tasks scheduled from follow-on schedule check
[2023-03-14T10:01:59.966+0000] {taskinstance.py:1083} INFO - Dependencies all met for <TaskInstance: AUTOMATISATION.demarre_ELK scheduled__2023-03-13T00:02:15+00:00 [queued]>
[2023-03-14T10:01:59.984+0000] {taskinstance.py:1083} INFO - Dependencies all met for <TaskInstance: AUTOMATISATION.demarre_ELK scheduled__2023-03-13T00:02:15+00:00 [queued]>
[2023-03-14T10:01:59.985+0000] {taskinstance.py:1279} INFO - 
--------------------------------------------------------------------------------
[2023-03-14T10:01:59.985+0000] {taskinstance.py:1280} INFO - Starting attempt 1 of 2
[2023-03-14T10:01:59.985+0000] {taskinstance.py:1281} INFO - 
--------------------------------------------------------------------------------
[2023-03-14T10:02:00.013+0000] {taskinstance.py:1300} INFO - Executing <Task(BashOperator): demarre_ELK> on 2023-03-13 00:02:15+00:00
[2023-03-14T10:02:00.018+0000] {standard_task_runner.py:55} INFO - Started process 35067 to run task
[2023-03-14T10:02:00.023+0000] {standard_task_runner.py:82} INFO - Running: ['airflow', 'tasks', 'run', 'AUTOMATISATION', 'demarre_ELK', 'scheduled__2023-03-13T00:02:15+00:00', '--job-id', '610', '--raw', '--subdir', 'DAGS_FOLDER/main.py', '--cfg-path', '/tmp/tmpe4nr_hyg']
[2023-03-14T10:02:00.025+0000] {standard_task_runner.py:83} INFO - Job 610: Subtask demarre_ELK
[2023-03-14T10:02:00.103+0000] {task_command.py:388} INFO - Running <TaskInstance: AUTOMATISATION.demarre_ELK scheduled__2023-03-13T00:02:15+00:00 [running]> on host dev
[2023-03-14T10:02:00.195+0000] {taskinstance.py:1507} INFO - Exporting the following env vars:
AIRFLOW_CTX_DAG_OWNER=airflow
AIRFLOW_CTX_DAG_ID=AUTOMATISATION
AIRFLOW_CTX_TASK_ID=demarre_ELK
AIRFLOW_CTX_EXECUTION_DATE=2023-03-13T00:02:15+00:00
AIRFLOW_CTX_TRY_NUMBER=1
AIRFLOW_CTX_DAG_RUN_ID=scheduled__2023-03-13T00:02:15+00:00
[2023-03-14T10:02:00.197+0000] {subprocess.py:63} INFO - Tmp dir root location: 
 /tmp
[2023-03-14T10:02:00.198+0000] {subprocess.py:75} INFO - Running command: ['/usr/bin/bash', '-c', 'docker-compose -f /home/dev/soute/ELK/docker-compose.yml up -d']
[2023-03-14T10:02:00.207+0000] {subprocess.py:86} INFO - Output:
[2023-03-14T10:02:01.045+0000] {subprocess.py:93} INFO - elasticsearch is up-to-date
[2023-03-14T10:02:01.046+0000] {subprocess.py:93} INFO - kibana is up-to-date
[2023-03-14T10:02:01.102+0000] {subprocess.py:97} INFO - Command exited with return code 0
[2023-03-14T10:02:01.130+0000] {taskinstance.py:1318} INFO - Marking task as SUCCESS. dag_id=AUTOMATISATION, task_id=demarre_ELK, execution_date=20230313T000215, start_date=20230314T100159, end_date=20230314T100201
[2023-03-14T10:02:01.157+0000] {local_task_job.py:208} INFO - Task exited with return code 0
[2023-03-14T10:02:01.183+0000] {taskinstance.py:2578} INFO - 1 downstream tasks scheduled from follow-on schedule check
[2023-03-15T07:23:19.090+0000] {taskinstance.py:1083} INFO - Dependencies all met for <TaskInstance: AUTOMATISATION.demarre_ELK scheduled__2023-03-13T00:02:15+00:00 [queued]>
[2023-03-15T07:23:19.099+0000] {taskinstance.py:1083} INFO - Dependencies all met for <TaskInstance: AUTOMATISATION.demarre_ELK scheduled__2023-03-13T00:02:15+00:00 [queued]>
[2023-03-15T07:23:19.100+0000] {taskinstance.py:1279} INFO - 
--------------------------------------------------------------------------------
[2023-03-15T07:23:19.100+0000] {taskinstance.py:1280} INFO - Starting attempt 1 of 2
[2023-03-15T07:23:19.100+0000] {taskinstance.py:1281} INFO - 
--------------------------------------------------------------------------------
[2023-03-15T07:23:19.115+0000] {taskinstance.py:1300} INFO - Executing <Task(BashOperator): demarre_ELK> on 2023-03-13 00:02:15+00:00
[2023-03-15T07:23:19.117+0000] {standard_task_runner.py:55} INFO - Started process 125382 to run task
[2023-03-15T07:23:19.119+0000] {standard_task_runner.py:82} INFO - Running: ['airflow', 'tasks', 'run', 'AUTOMATISATION', 'demarre_ELK', 'scheduled__2023-03-13T00:02:15+00:00', '--job-id', '737', '--raw', '--subdir', 'DAGS_FOLDER/main.py', '--cfg-path', '/tmp/tmpjik379n_']
[2023-03-15T07:23:19.120+0000] {standard_task_runner.py:83} INFO - Job 737: Subtask demarre_ELK
[2023-03-15T07:23:19.159+0000] {task_command.py:388} INFO - Running <TaskInstance: AUTOMATISATION.demarre_ELK scheduled__2023-03-13T00:02:15+00:00 [running]> on host dev
[2023-03-15T07:23:19.212+0000] {taskinstance.py:1507} INFO - Exporting the following env vars:
AIRFLOW_CTX_DAG_OWNER=airflow
AIRFLOW_CTX_DAG_ID=AUTOMATISATION
AIRFLOW_CTX_TASK_ID=demarre_ELK
AIRFLOW_CTX_EXECUTION_DATE=2023-03-13T00:02:15+00:00
AIRFLOW_CTX_TRY_NUMBER=1
AIRFLOW_CTX_DAG_RUN_ID=scheduled__2023-03-13T00:02:15+00:00
[2023-03-15T07:23:19.213+0000] {subprocess.py:63} INFO - Tmp dir root location: 
 /tmp
[2023-03-15T07:23:19.214+0000] {subprocess.py:75} INFO - Running command: ['/usr/bin/bash', '-c', 'docker-compose -f /home/dev/soute/ELK/docker-compose.yml up -d']
[2023-03-15T07:23:19.219+0000] {subprocess.py:86} INFO - Output:
[2023-03-15T07:23:19.560+0000] {subprocess.py:93} INFO - elasticsearch is up-to-date
[2023-03-15T07:23:19.560+0000] {subprocess.py:93} INFO - kibana is up-to-date
[2023-03-15T07:23:19.585+0000] {subprocess.py:97} INFO - Command exited with return code 0
[2023-03-15T07:23:19.605+0000] {taskinstance.py:1318} INFO - Marking task as SUCCESS. dag_id=AUTOMATISATION, task_id=demarre_ELK, execution_date=20230313T000215, start_date=20230315T072319, end_date=20230315T072319
[2023-03-15T07:23:19.652+0000] {local_task_job.py:208} INFO - Task exited with return code 0
[2023-03-15T07:23:19.664+0000] {taskinstance.py:2578} INFO - 1 downstream tasks scheduled from follow-on schedule check
