[2023-03-13T23:50:35.418+0000] {taskinstance.py:1083} INFO - Dependencies all met for <TaskInstance: AUTOMATISATION.Chargement_des_données_in_ELK scheduled__2023-03-13T00:05:15+00:00 [queued]>
[2023-03-13T23:50:35.433+0000] {taskinstance.py:1083} INFO - Dependencies all met for <TaskInstance: AUTOMATISATION.Chargement_des_données_in_ELK scheduled__2023-03-13T00:05:15+00:00 [queued]>
[2023-03-13T23:50:35.434+0000] {taskinstance.py:1279} INFO - 
--------------------------------------------------------------------------------
[2023-03-13T23:50:35.434+0000] {taskinstance.py:1280} INFO - Starting attempt 1 of 4
[2023-03-13T23:50:35.434+0000] {taskinstance.py:1281} INFO - 
--------------------------------------------------------------------------------
[2023-03-13T23:50:35.463+0000] {taskinstance.py:1300} INFO - Executing <Task(BashOperator): Chargement_des_données_in_ELK> on 2023-03-13 00:05:15+00:00
[2023-03-13T23:50:35.467+0000] {standard_task_runner.py:55} INFO - Started process 91052 to run task
[2023-03-13T23:50:35.471+0000] {standard_task_runner.py:82} INFO - Running: ['airflow', 'tasks', 'run', 'AUTOMATISATION', 'Chargement_des_données_in_ELK', 'scheduled__2023-03-13T00:05:15+00:00', '--job-id', '489', '--raw', '--subdir', 'DAGS_FOLDER/main.py', '--cfg-path', '/tmp/tmpevgepjkq']
[2023-03-13T23:50:35.473+0000] {standard_task_runner.py:83} INFO - Job 489: Subtask Chargement_des_données_in_ELK
[2023-03-13T23:50:35.549+0000] {task_command.py:388} INFO - Running <TaskInstance: AUTOMATISATION.Chargement_des_données_in_ELK scheduled__2023-03-13T00:05:15+00:00 [running]> on host dev
[2023-03-13T23:50:35.649+0000] {taskinstance.py:1507} INFO - Exporting the following env vars:
AIRFLOW_CTX_DAG_OWNER=airflow
AIRFLOW_CTX_DAG_ID=AUTOMATISATION
AIRFLOW_CTX_TASK_ID=Chargement_des_données_in_ELK
AIRFLOW_CTX_EXECUTION_DATE=2023-03-13T00:05:15+00:00
AIRFLOW_CTX_TRY_NUMBER=1
AIRFLOW_CTX_DAG_RUN_ID=scheduled__2023-03-13T00:05:15+00:00
[2023-03-13T23:50:35.652+0000] {subprocess.py:63} INFO - Tmp dir root location: 
 /tmp
[2023-03-13T23:50:35.652+0000] {subprocess.py:75} INFO - Running command: ['/usr/bin/bash', '-c', 'echo dev | sudo -S /usr/share/logstash/bin/logstash --path.settings=/etc/logstash/ -f /etc/logstash/conf.d/data.conf']
[2023-03-13T23:50:35.661+0000] {subprocess.py:86} INFO - Output:
[2023-03-13T23:50:35.759+0000] {subprocess.py:93} INFO - [sudo] Mot de passe de dev : Using bundled JDK: /usr/share/logstash/jdk
[2023-03-13T23:50:36.042+0000] {subprocess.py:93} INFO - OpenJDK 64-Bit Server VM warning: Option UseConcMarkSweepGC was deprecated in version 9.0 and will likely be removed in a future release.
[2023-03-13T23:50:59.724+0000] {subprocess.py:93} INFO - Sending Logstash logs to /var/log/logstash which is now configured via log4j2.properties
[2023-03-13T23:50:59.833+0000] {subprocess.py:93} INFO - [2023-03-13T23:50:59,831][INFO ][logstash.runner          ] Log4j configuration path used is: /etc/logstash/log4j2.properties
[2023-03-13T23:50:59.843+0000] {subprocess.py:93} INFO - [2023-03-13T23:50:59,843][INFO ][logstash.runner          ] Starting Logstash {"logstash.version"=>"7.15.2", "jruby.version"=>"jruby 9.2.19.0 (2.5.8) 2021-06-15 55810c552b OpenJDK 64-Bit Server VM 11.0.12+7 on 11.0.12+7 +indy +jit [linux-x86_64]"}
[2023-03-13T23:51:00.308+0000] {subprocess.py:93} INFO - [2023-03-13T23:51:00,308][WARN ][logstash.config.source.multilocal] Ignoring the 'pipelines.yml' file because modules or command line options are specified
[2023-03-13T23:51:02.599+0000] {subprocess.py:93} INFO - [2023-03-13T23:51:02,596][INFO ][logstash.agent           ] Successfully started Logstash API endpoint {:port=>9600}
[2023-03-13T23:51:03.620+0000] {subprocess.py:93} INFO - [2023-03-13T23:51:03,619][INFO ][org.reflections.Reflections] Reflections took 139 ms to scan 1 urls, producing 120 keys and 417 values
[2023-03-13T23:51:05.240+0000] {subprocess.py:93} INFO - [2023-03-13T23:51:05,239][INFO ][logstash.outputs.elasticsearch][main] New Elasticsearch output {:class=>"LogStash::Outputs::ElasticSearch", :hosts=>["//localhost:9200"]}
[2023-03-13T23:51:05.740+0000] {subprocess.py:93} INFO - [2023-03-13T23:51:05,737][INFO ][logstash.outputs.elasticsearch][main] Elasticsearch pool URLs updated {:changes=>{:removed=>[], :added=>[http://localhost:9200/]}}
[2023-03-13T23:51:06.087+0000] {subprocess.py:93} INFO - [2023-03-13T23:51:06,086][WARN ][logstash.outputs.elasticsearch][main] Restored connection to ES instance {:url=>"http://localhost:9200/"}
[2023-03-13T23:51:06.162+0000] {subprocess.py:93} INFO - [2023-03-13T23:51:06,162][INFO ][logstash.outputs.elasticsearch][main] Elasticsearch version determined (7.15.2) {:es_version=>7}
[2023-03-13T23:51:06.166+0000] {subprocess.py:93} INFO - [2023-03-13T23:51:06,166][WARN ][logstash.outputs.elasticsearch][main] Detected a 6.x and above cluster: the `type` event field won't be used to determine the document _type {:es_version=>7}
[2023-03-13T23:51:06.363+0000] {subprocess.py:93} INFO - [2023-03-13T23:51:06,362][INFO ][logstash.outputs.elasticsearch][main] Using a default mapping template {:es_version=>7, :ecs_compatibility=>:disabled}
[2023-03-13T23:51:06.426+0000] {subprocess.py:93} INFO - [2023-03-13T23:51:06,425][INFO ][logstash.javapipeline    ][main] Starting pipeline {:pipeline_id=>"main", "pipeline.workers"=>8, "pipeline.batch.size"=>125, "pipeline.batch.delay"=>50, "pipeline.max_inflight"=>1000, "pipeline.sources"=>["/etc/logstash/conf.d/data.conf"], :thread=>"#<Thread:0x2a25ce33 run>"}
[2023-03-13T23:51:07.826+0000] {subprocess.py:93} INFO - [2023-03-13T23:51:07,825][INFO ][logstash.javapipeline    ][main] Pipeline Java execution initialization time {"seconds"=>1.39}
[2023-03-13T23:51:08.021+0000] {subprocess.py:93} INFO - [2023-03-13T23:51:08,021][INFO ][logstash.javapipeline    ][main] Pipeline started {"pipeline.id"=>"main"}
[2023-03-13T23:51:08.104+0000] {subprocess.py:93} INFO - [2023-03-13T23:51:08,103][INFO ][logstash.agent           ] Pipelines running {:count=>1, :running_pipelines=>[:main], :non_running_pipelines=>[]}
[2023-03-13T23:51:09.954+0000] {subprocess.py:93} INFO - [2023-03-13T23:51:09,953][INFO ][logstash.inputs.jdbc     ][main][afa454a497099ce3438919c7cfc7ae10a3b3980082608321cda443e0b5f70dbd] (0.034628s) SELECT CAST(current_setting('server_version_num') AS integer) AS v
[2023-03-13T23:51:10.239+0000] {subprocess.py:93} INFO - [2023-03-13T23:51:10,239][INFO ][logstash.inputs.jdbc     ][main][afa454a497099ce3438919c7cfc7ae10a3b3980082608321cda443e0b5f70dbd] (0.101360s) SELECT count(*) AS "count" FROM (SELECT * FROM customers) AS "t1" LIMIT 1
[2023-03-13T23:51:10.865+0000] {subprocess.py:93} INFO - [2023-03-13T23:51:10,865][INFO ][logstash.inputs.jdbc     ][main][afa454a497099ce3438919c7cfc7ae10a3b3980082608321cda443e0b5f70dbd] (0.598199s) SELECT * FROM (SELECT * FROM customers) AS "t1" LIMIT 50000 OFFSET 0
[2023-03-13T23:51:19.490+0000] {subprocess.py:93} INFO - [2023-03-13T23:51:19,490][INFO ][logstash.inputs.jdbc     ][main][afa454a497099ce3438919c7cfc7ae10a3b3980082608321cda443e0b5f70dbd] (0.372264s) SELECT * FROM (SELECT * FROM customers) AS "t1" LIMIT 50000 OFFSET 50000
[2023-03-13T23:51:26.692+0000] {subprocess.py:93} INFO - [2023-03-13T23:51:26,692][INFO ][logstash.inputs.jdbc     ][main][afa454a497099ce3438919c7cfc7ae10a3b3980082608321cda443e0b5f70dbd] (0.206274s) SELECT * FROM (SELECT * FROM customers) AS "t1" LIMIT 50000 OFFSET 100000
[2023-03-13T23:51:31.857+0000] {subprocess.py:93} INFO - [2023-03-13T23:51:31,856][INFO ][logstash.inputs.jdbc     ][main][afa454a497099ce3438919c7cfc7ae10a3b3980082608321cda443e0b5f70dbd] (0.140306s) SELECT * FROM (SELECT * FROM customers) AS "t1" LIMIT 50000 OFFSET 150000
[2023-03-13T23:51:36.943+0000] {subprocess.py:93} INFO - [2023-03-13T23:51:36,942][INFO ][logstash.inputs.jdbc     ][main][afa454a497099ce3438919c7cfc7ae10a3b3980082608321cda443e0b5f70dbd] (0.173591s) SELECT * FROM (SELECT * FROM customers) AS "t1" LIMIT 50000 OFFSET 200000
[2023-03-13T23:51:41.484+0000] {subprocess.py:93} INFO - [2023-03-13T23:51:41,484][INFO ][logstash.inputs.jdbc     ][main][afa454a497099ce3438919c7cfc7ae10a3b3980082608321cda443e0b5f70dbd] (0.096547s) SELECT * FROM (SELECT * FROM customers) AS "t1" LIMIT 50000 OFFSET 250000
[2023-03-13T23:51:47.984+0000] {subprocess.py:93} INFO - [2023-03-13T23:51:47,984][INFO ][logstash.inputs.jdbc     ][main][afa454a497099ce3438919c7cfc7ae10a3b3980082608321cda443e0b5f70dbd] (0.118911s) SELECT * FROM (SELECT * FROM customers) AS "t1" LIMIT 50000 OFFSET 300000
[2023-03-13T23:51:52.447+0000] {subprocess.py:93} INFO - [2023-03-13T23:51:52,447][INFO ][logstash.inputs.jdbc     ][main][afa454a497099ce3438919c7cfc7ae10a3b3980082608321cda443e0b5f70dbd] (0.105323s) SELECT * FROM (SELECT * FROM customers) AS "t1" LIMIT 50000 OFFSET 350000
[2023-03-13T23:51:55.691+0000] {subprocess.py:93} INFO - [2023-03-13T23:51:55,691][INFO ][logstash.inputs.jdbc     ][main][afa454a497099ce3438919c7cfc7ae10a3b3980082608321cda443e0b5f70dbd] (0.133104s) SELECT * FROM (SELECT * FROM customers) AS "t1" LIMIT 50000 OFFSET 400000
[2023-03-13T23:51:58.217+0000] {subprocess.py:93} INFO - [2023-03-13T23:51:58,216][INFO ][logstash.inputs.jdbc     ][main][afa454a497099ce3438919c7cfc7ae10a3b3980082608321cda443e0b5f70dbd] (0.152571s) SELECT * FROM (SELECT * FROM customers) AS "t1" LIMIT 50000 OFFSET 450000
[2023-03-13T23:52:00.597+0000] {subprocess.py:93} INFO - [2023-03-13T23:52:00,597][INFO ][logstash.inputs.jdbc     ][main][afa454a497099ce3438919c7cfc7ae10a3b3980082608321cda443e0b5f70dbd] (0.127832s) SELECT * FROM (SELECT * FROM customers) AS "t1" LIMIT 50000 OFFSET 500000
[2023-03-13T23:52:03.025+0000] {subprocess.py:93} INFO - [2023-03-13T23:52:03,025][INFO ][logstash.inputs.jdbc     ][main][afa454a497099ce3438919c7cfc7ae10a3b3980082608321cda443e0b5f70dbd] (0.123804s) SELECT * FROM (SELECT * FROM customers) AS "t1" LIMIT 50000 OFFSET 550000
[2023-03-13T23:52:05.538+0000] {subprocess.py:93} INFO - [2023-03-13T23:52:05,537][INFO ][logstash.inputs.jdbc     ][main][afa454a497099ce3438919c7cfc7ae10a3b3980082608321cda443e0b5f70dbd] (0.147122s) SELECT * FROM (SELECT * FROM customers) AS "t1" LIMIT 50000 OFFSET 600000
[2023-03-13T23:52:08.013+0000] {subprocess.py:93} INFO - [2023-03-13T23:52:08,013][INFO ][logstash.inputs.jdbc     ][main][afa454a497099ce3438919c7cfc7ae10a3b3980082608321cda443e0b5f70dbd] (0.201854s) SELECT * FROM (SELECT * FROM customers) AS "t1" LIMIT 50000 OFFSET 650000
[2023-03-13T23:52:20.265+0000] {subprocess.py:93} INFO - [2023-03-13T23:52:20,264][INFO ][logstash.inputs.jdbc     ][main][afa454a497099ce3438919c7cfc7ae10a3b3980082608321cda443e0b5f70dbd] (0.174225s) SELECT * FROM (SELECT * FROM customers) AS "t1" LIMIT 50000 OFFSET 700000
[2023-03-13T23:52:22.967+0000] {subprocess.py:93} INFO - [2023-03-13T23:52:22,967][INFO ][logstash.inputs.jdbc     ][main][afa454a497099ce3438919c7cfc7ae10a3b3980082608321cda443e0b5f70dbd] (0.238798s) SELECT * FROM (SELECT * FROM customers) AS "t1" LIMIT 50000 OFFSET 750000
[2023-03-13T23:52:25.844+0000] {subprocess.py:93} INFO - [2023-03-13T23:52:25,844][INFO ][logstash.inputs.jdbc     ][main][afa454a497099ce3438919c7cfc7ae10a3b3980082608321cda443e0b5f70dbd] (0.190031s) SELECT * FROM (SELECT * FROM customers) AS "t1" LIMIT 50000 OFFSET 800000
[2023-03-13T23:52:28.463+0000] {subprocess.py:93} INFO - [2023-03-13T23:52:28,463][INFO ][logstash.inputs.jdbc     ][main][afa454a497099ce3438919c7cfc7ae10a3b3980082608321cda443e0b5f70dbd] (0.148796s) SELECT * FROM (SELECT * FROM customers) AS "t1" LIMIT 50000 OFFSET 850000
[2023-03-13T23:52:31.033+0000] {subprocess.py:93} INFO - [2023-03-13T23:52:31,033][INFO ][logstash.inputs.jdbc     ][main][afa454a497099ce3438919c7cfc7ae10a3b3980082608321cda443e0b5f70dbd] (0.181002s) SELECT * FROM (SELECT * FROM customers) AS "t1" LIMIT 50000 OFFSET 900000
[2023-03-13T23:52:33.828+0000] {subprocess.py:93} INFO - [2023-03-13T23:52:33,828][INFO ][logstash.inputs.jdbc     ][main][afa454a497099ce3438919c7cfc7ae10a3b3980082608321cda443e0b5f70dbd] (0.153250s) SELECT * FROM (SELECT * FROM customers) AS "t1" LIMIT 50000 OFFSET 950000
[2023-03-13T23:52:36.369+0000] {subprocess.py:93} INFO - [2023-03-13T23:52:36,369][INFO ][logstash.inputs.jdbc     ][main][afa454a497099ce3438919c7cfc7ae10a3b3980082608321cda443e0b5f70dbd] (0.188594s) SELECT * FROM (SELECT * FROM customers) AS "t1" LIMIT 50000 OFFSET 1000000
[2023-03-13T23:52:39.166+0000] {subprocess.py:93} INFO - [2023-03-13T23:52:39,165][INFO ][logstash.inputs.jdbc     ][main][afa454a497099ce3438919c7cfc7ae10a3b3980082608321cda443e0b5f70dbd] (0.168291s) SELECT * FROM (SELECT * FROM customers) AS "t1" LIMIT 50000 OFFSET 1050000
[2023-03-13T23:52:41.884+0000] {subprocess.py:93} INFO - [2023-03-13T23:52:41,884][INFO ][logstash.inputs.jdbc     ][main][afa454a497099ce3438919c7cfc7ae10a3b3980082608321cda443e0b5f70dbd] (0.180674s) SELECT * FROM (SELECT * FROM customers) AS "t1" LIMIT 50000 OFFSET 1100000
[2023-03-13T23:52:44.376+0000] {subprocess.py:93} INFO - [2023-03-13T23:52:44,376][INFO ][logstash.inputs.jdbc     ][main][afa454a497099ce3438919c7cfc7ae10a3b3980082608321cda443e0b5f70dbd] (0.174199s) SELECT * FROM (SELECT * FROM customers) AS "t1" LIMIT 50000 OFFSET 1150000
[2023-03-13T23:52:47.427+0000] {subprocess.py:93} INFO - [2023-03-13T23:52:47,427][INFO ][logstash.javapipeline    ][main] Pipeline terminated {"pipeline.id"=>"main"}
[2023-03-13T23:52:47.955+0000] {subprocess.py:93} INFO - [2023-03-13T23:52:47,954][INFO ][logstash.pipelinesregistry] Removed pipeline from registry successfully {:pipeline_id=>:main}
[2023-03-13T23:52:48.000+0000] {subprocess.py:93} INFO - [2023-03-13T23:52:48,000][INFO ][logstash.runner          ] Logstash shut down.
[2023-03-13T23:52:48.206+0000] {subprocess.py:97} INFO - Command exited with return code 0
[2023-03-13T23:52:48.244+0000] {taskinstance.py:1318} INFO - Marking task as SUCCESS. dag_id=AUTOMATISATION, task_id=Chargement_des_données_in_ELK, execution_date=20230313T000515, start_date=20230313T235035, end_date=20230313T235248
[2023-03-13T23:52:48.306+0000] {local_task_job.py:208} INFO - Task exited with return code 0
[2023-03-13T23:52:48.320+0000] {taskinstance.py:2578} INFO - 0 downstream tasks scheduled from follow-on schedule check
[2023-03-15T07:45:43.247+0000] {taskinstance.py:1083} INFO - Dependencies all met for <TaskInstance: AUTOMATISATION.Chargement_des_données_in_ELK scheduled__2023-03-13T00:05:15+00:00 [queued]>
[2023-03-15T07:45:43.255+0000] {taskinstance.py:1083} INFO - Dependencies all met for <TaskInstance: AUTOMATISATION.Chargement_des_données_in_ELK scheduled__2023-03-13T00:05:15+00:00 [queued]>
[2023-03-15T07:45:43.255+0000] {taskinstance.py:1279} INFO - 
--------------------------------------------------------------------------------
[2023-03-15T07:45:43.255+0000] {taskinstance.py:1280} INFO - Starting attempt 1 of 4
[2023-03-15T07:45:43.255+0000] {taskinstance.py:1281} INFO - 
--------------------------------------------------------------------------------
[2023-03-15T07:45:43.270+0000] {taskinstance.py:1300} INFO - Executing <Task(BashOperator): Chargement_des_données_in_ELK> on 2023-03-13 00:05:15+00:00
[2023-03-15T07:45:43.272+0000] {standard_task_runner.py:55} INFO - Started process 139517 to run task
[2023-03-15T07:45:43.274+0000] {standard_task_runner.py:82} INFO - Running: ['airflow', 'tasks', 'run', 'AUTOMATISATION', 'Chargement_des_données_in_ELK', 'scheduled__2023-03-13T00:05:15+00:00', '--job-id', '860', '--raw', '--subdir', 'DAGS_FOLDER/main.py', '--cfg-path', '/tmp/tmpmv6m7ua3']
[2023-03-15T07:45:43.275+0000] {standard_task_runner.py:83} INFO - Job 860: Subtask Chargement_des_données_in_ELK
[2023-03-15T07:45:43.317+0000] {task_command.py:388} INFO - Running <TaskInstance: AUTOMATISATION.Chargement_des_données_in_ELK scheduled__2023-03-13T00:05:15+00:00 [running]> on host dev
[2023-03-15T07:45:43.365+0000] {taskinstance.py:1507} INFO - Exporting the following env vars:
AIRFLOW_CTX_DAG_OWNER=airflow
AIRFLOW_CTX_DAG_ID=AUTOMATISATION
AIRFLOW_CTX_TASK_ID=Chargement_des_données_in_ELK
AIRFLOW_CTX_EXECUTION_DATE=2023-03-13T00:05:15+00:00
AIRFLOW_CTX_TRY_NUMBER=1
AIRFLOW_CTX_DAG_RUN_ID=scheduled__2023-03-13T00:05:15+00:00
[2023-03-15T07:45:43.366+0000] {subprocess.py:63} INFO - Tmp dir root location: 
 /tmp
[2023-03-15T07:45:43.366+0000] {subprocess.py:75} INFO - Running command: ['/usr/bin/bash', '-c', 'echo dev | sudo -S /usr/share/logstash/bin/logstash --path.settings=/etc/logstash/ -f /etc/logstash/conf.d/data.conf']
[2023-03-15T07:45:43.372+0000] {subprocess.py:86} INFO - Output:
[2023-03-15T07:45:43.422+0000] {subprocess.py:93} INFO - [sudo] Mot de passe de dev : Using bundled JDK: /usr/share/logstash/jdk
[2023-03-15T07:45:43.583+0000] {subprocess.py:93} INFO - OpenJDK 64-Bit Server VM warning: Option UseConcMarkSweepGC was deprecated in version 9.0 and will likely be removed in a future release.
[2023-03-15T07:45:59.434+0000] {subprocess.py:93} INFO - Sending Logstash logs to /var/log/logstash which is now configured via log4j2.properties
[2023-03-15T07:45:59.524+0000] {subprocess.py:93} INFO - [2023-03-15T07:45:59,522][INFO ][logstash.runner          ] Log4j configuration path used is: /etc/logstash/log4j2.properties
[2023-03-15T07:45:59.534+0000] {subprocess.py:93} INFO - [2023-03-15T07:45:59,534][INFO ][logstash.runner          ] Starting Logstash {"logstash.version"=>"7.15.2", "jruby.version"=>"jruby 9.2.19.0 (2.5.8) 2021-06-15 55810c552b OpenJDK 64-Bit Server VM 11.0.12+7 on 11.0.12+7 +indy +jit [linux-x86_64]"}
[2023-03-15T07:45:59.875+0000] {subprocess.py:93} INFO - [2023-03-15T07:45:59,875][WARN ][logstash.config.source.multilocal] Ignoring the 'pipelines.yml' file because modules or command line options are specified
[2023-03-15T07:46:01.202+0000] {subprocess.py:93} INFO - [2023-03-15T07:46:01,201][INFO ][logstash.agent           ] Successfully started Logstash API endpoint {:port=>9600}
[2023-03-15T07:46:01.808+0000] {subprocess.py:93} INFO - [2023-03-15T07:46:01,808][INFO ][org.reflections.Reflections] Reflections took 119 ms to scan 1 urls, producing 120 keys and 417 values
[2023-03-15T07:46:02.727+0000] {subprocess.py:93} INFO - [2023-03-15T07:46:02,727][INFO ][logstash.outputs.elasticsearch][main] New Elasticsearch output {:class=>"LogStash::Outputs::ElasticSearch", :hosts=>["//localhost:9200"]}
[2023-03-15T07:46:03.002+0000] {subprocess.py:93} INFO - [2023-03-15T07:46:03,000][INFO ][logstash.outputs.elasticsearch][main] Elasticsearch pool URLs updated {:changes=>{:removed=>[], :added=>[http://localhost:9200/]}}
[2023-03-15T07:46:03.188+0000] {subprocess.py:93} INFO - [2023-03-15T07:46:03,188][WARN ][logstash.outputs.elasticsearch][main] Restored connection to ES instance {:url=>"http://localhost:9200/"}
[2023-03-15T07:46:03.228+0000] {subprocess.py:93} INFO - [2023-03-15T07:46:03,228][INFO ][logstash.outputs.elasticsearch][main] Elasticsearch version determined (7.15.2) {:es_version=>7}
[2023-03-15T07:46:03.231+0000] {subprocess.py:93} INFO - [2023-03-15T07:46:03,230][WARN ][logstash.outputs.elasticsearch][main] Detected a 6.x and above cluster: the `type` event field won't be used to determine the document _type {:es_version=>7}
[2023-03-15T07:46:03.364+0000] {subprocess.py:93} INFO - [2023-03-15T07:46:03,363][INFO ][logstash.outputs.elasticsearch][main] Using a default mapping template {:es_version=>7, :ecs_compatibility=>:disabled}
[2023-03-15T07:46:03.392+0000] {subprocess.py:93} INFO - [2023-03-15T07:46:03,392][INFO ][logstash.javapipeline    ][main] Starting pipeline {:pipeline_id=>"main", "pipeline.workers"=>8, "pipeline.batch.size"=>125, "pipeline.batch.delay"=>50, "pipeline.max_inflight"=>1000, "pipeline.sources"=>["/etc/logstash/conf.d/data.conf"], :thread=>"#<Thread:0x4ae9a857 run>"}
[2023-03-15T07:46:04.039+0000] {subprocess.py:93} INFO - [2023-03-15T07:46:04,039][INFO ][logstash.javapipeline    ][main] Pipeline Java execution initialization time {"seconds"=>0.64}
[2023-03-15T07:46:04.136+0000] {subprocess.py:93} INFO - [2023-03-15T07:46:04,136][INFO ][logstash.javapipeline    ][main] Pipeline started {"pipeline.id"=>"main"}
[2023-03-15T07:46:04.207+0000] {subprocess.py:93} INFO - [2023-03-15T07:46:04,207][INFO ][logstash.agent           ] Pipelines running {:count=>1, :running_pipelines=>[:main], :non_running_pipelines=>[]}
[2023-03-15T07:46:05.490+0000] {subprocess.py:93} INFO - [2023-03-15T07:46:05,489][INFO ][logstash.inputs.jdbc     ][main][afa454a497099ce3438919c7cfc7ae10a3b3980082608321cda443e0b5f70dbd] (0.019020s) SELECT CAST(current_setting('server_version_num') AS integer) AS v
[2023-03-15T07:46:05.639+0000] {subprocess.py:93} INFO - [2023-03-15T07:46:05,638][INFO ][logstash.inputs.jdbc     ][main][afa454a497099ce3438919c7cfc7ae10a3b3980082608321cda443e0b5f70dbd] (0.008205s) SELECT count(*) AS "count" FROM (SELECT * FROM customers) AS "t1" LIMIT 1
[2023-03-15T07:46:05.867+0000] {subprocess.py:93} INFO - [2023-03-15T07:46:05,867][INFO ][logstash.inputs.jdbc     ][main][afa454a497099ce3438919c7cfc7ae10a3b3980082608321cda443e0b5f70dbd] (0.210098s) SELECT * FROM (SELECT * FROM customers) AS "t1" LIMIT 50000 OFFSET 0
[2023-03-15T07:46:09.960+0000] {subprocess.py:93} INFO - [2023-03-15T07:46:09,960][INFO ][logstash.inputs.jdbc     ][main][afa454a497099ce3438919c7cfc7ae10a3b3980082608321cda443e0b5f70dbd] (0.086786s) SELECT * FROM (SELECT * FROM customers) AS "t1" LIMIT 50000 OFFSET 50000
[2023-03-15T07:46:11.284+0000] {subprocess.py:93} INFO - [2023-03-15T07:46:11,284][INFO ][logstash.javapipeline    ][main] Pipeline terminated {"pipeline.id"=>"main"}
[2023-03-15T07:46:11.802+0000] {subprocess.py:93} INFO - [2023-03-15T07:46:11,802][INFO ][logstash.pipelinesregistry] Removed pipeline from registry successfully {:pipeline_id=>:main}
[2023-03-15T07:46:11.833+0000] {subprocess.py:93} INFO - [2023-03-15T07:46:11,833][INFO ][logstash.runner          ] Logstash shut down.
[2023-03-15T07:46:11.899+0000] {subprocess.py:97} INFO - Command exited with return code 0
[2023-03-15T07:46:11.918+0000] {taskinstance.py:1318} INFO - Marking task as SUCCESS. dag_id=AUTOMATISATION, task_id=Chargement_des_données_in_ELK, execution_date=20230313T000515, start_date=20230315T074543, end_date=20230315T074611
[2023-03-15T07:46:11.951+0000] {local_task_job.py:208} INFO - Task exited with return code 0
[2023-03-15T07:46:11.958+0000] {taskinstance.py:2578} INFO - 0 downstream tasks scheduled from follow-on schedule check
