[2023-03-13T22:17:34.679+0000] {taskinstance.py:1083} INFO - Dependencies all met for <TaskInstance: AUTOMATISATION.demarre_ELK scheduled__2023-03-13T00:03:06+00:00 [queued]>
[2023-03-13T22:17:34.690+0000] {taskinstance.py:1083} INFO - Dependencies all met for <TaskInstance: AUTOMATISATION.demarre_ELK scheduled__2023-03-13T00:03:06+00:00 [queued]>
[2023-03-13T22:17:34.690+0000] {taskinstance.py:1279} INFO - 
--------------------------------------------------------------------------------
[2023-03-13T22:17:34.690+0000] {taskinstance.py:1280} INFO - Starting attempt 1 of 2
[2023-03-13T22:17:34.690+0000] {taskinstance.py:1281} INFO - 
--------------------------------------------------------------------------------
[2023-03-13T22:17:34.713+0000] {taskinstance.py:1300} INFO - Executing <Task(BashOperator): demarre_ELK> on 2023-03-13 00:03:06+00:00
[2023-03-13T22:17:34.716+0000] {standard_task_runner.py:55} INFO - Started process 70340 to run task
[2023-03-13T22:17:34.721+0000] {standard_task_runner.py:82} INFO - Running: ['airflow', 'tasks', 'run', 'AUTOMATISATION', 'demarre_ELK', 'scheduled__2023-03-13T00:03:06+00:00', '--job-id', '400', '--raw', '--subdir', 'DAGS_FOLDER/main.py', '--cfg-path', '/tmp/tmpg6j3z2ac']
[2023-03-13T22:17:34.722+0000] {standard_task_runner.py:83} INFO - Job 400: Subtask demarre_ELK
[2023-03-13T22:17:34.790+0000] {task_command.py:388} INFO - Running <TaskInstance: AUTOMATISATION.demarre_ELK scheduled__2023-03-13T00:03:06+00:00 [running]> on host dev
[2023-03-13T22:17:34.877+0000] {taskinstance.py:1507} INFO - Exporting the following env vars:
AIRFLOW_CTX_DAG_OWNER=airflow
AIRFLOW_CTX_DAG_ID=AUTOMATISATION
AIRFLOW_CTX_TASK_ID=demarre_ELK
AIRFLOW_CTX_EXECUTION_DATE=2023-03-13T00:03:06+00:00
AIRFLOW_CTX_TRY_NUMBER=1
AIRFLOW_CTX_DAG_RUN_ID=scheduled__2023-03-13T00:03:06+00:00
[2023-03-13T22:17:34.878+0000] {subprocess.py:63} INFO - Tmp dir root location: 
 /tmp
[2023-03-13T22:17:34.879+0000] {subprocess.py:75} INFO - Running command: ['/usr/bin/bash', '-c', 'docker-compose -f /home/dev/soute/ELK/docker-compose.yml up -d']
[2023-03-13T22:17:34.887+0000] {subprocess.py:86} INFO - Output:
[2023-03-13T22:17:35.670+0000] {subprocess.py:93} INFO - elasticsearch is up-to-date
[2023-03-13T22:17:35.671+0000] {subprocess.py:93} INFO - kibana is up-to-date
[2023-03-13T22:17:35.727+0000] {subprocess.py:97} INFO - Command exited with return code 0
[2023-03-13T22:17:35.764+0000] {taskinstance.py:1318} INFO - Marking task as SUCCESS. dag_id=AUTOMATISATION, task_id=demarre_ELK, execution_date=20230313T000306, start_date=20230313T221734, end_date=20230313T221735
[2023-03-13T22:17:35.815+0000] {local_task_job.py:208} INFO - Task exited with return code 0
[2023-03-13T22:17:35.852+0000] {taskinstance.py:2578} INFO - 1 downstream tasks scheduled from follow-on schedule check
[2023-03-15T07:30:36.430+0000] {taskinstance.py:1083} INFO - Dependencies all met for <TaskInstance: AUTOMATISATION.demarre_ELK scheduled__2023-03-13T00:03:06+00:00 [queued]>
[2023-03-15T07:30:36.434+0000] {taskinstance.py:1083} INFO - Dependencies all met for <TaskInstance: AUTOMATISATION.demarre_ELK scheduled__2023-03-13T00:03:06+00:00 [queued]>
[2023-03-15T07:30:36.434+0000] {taskinstance.py:1279} INFO - 
--------------------------------------------------------------------------------
[2023-03-15T07:30:36.434+0000] {taskinstance.py:1280} INFO - Starting attempt 1 of 2
[2023-03-15T07:30:36.434+0000] {taskinstance.py:1281} INFO - 
--------------------------------------------------------------------------------
[2023-03-15T07:30:36.445+0000] {taskinstance.py:1300} INFO - Executing <Task(BashOperator): demarre_ELK> on 2023-03-13 00:03:06+00:00
[2023-03-15T07:30:36.447+0000] {standard_task_runner.py:55} INFO - Started process 130601 to run task
[2023-03-15T07:30:36.448+0000] {standard_task_runner.py:82} INFO - Running: ['airflow', 'tasks', 'run', 'AUTOMATISATION', 'demarre_ELK', 'scheduled__2023-03-13T00:03:06+00:00', '--job-id', '771', '--raw', '--subdir', 'DAGS_FOLDER/main.py', '--cfg-path', '/tmp/tmp5wh_cp1s']
[2023-03-15T07:30:36.449+0000] {standard_task_runner.py:83} INFO - Job 771: Subtask demarre_ELK
[2023-03-15T07:30:36.476+0000] {task_command.py:388} INFO - Running <TaskInstance: AUTOMATISATION.demarre_ELK scheduled__2023-03-13T00:03:06+00:00 [running]> on host dev
[2023-03-15T07:30:36.514+0000] {taskinstance.py:1507} INFO - Exporting the following env vars:
AIRFLOW_CTX_DAG_OWNER=airflow
AIRFLOW_CTX_DAG_ID=AUTOMATISATION
AIRFLOW_CTX_TASK_ID=demarre_ELK
AIRFLOW_CTX_EXECUTION_DATE=2023-03-13T00:03:06+00:00
AIRFLOW_CTX_TRY_NUMBER=1
AIRFLOW_CTX_DAG_RUN_ID=scheduled__2023-03-13T00:03:06+00:00
[2023-03-15T07:30:36.515+0000] {subprocess.py:63} INFO - Tmp dir root location: 
 /tmp
[2023-03-15T07:30:36.515+0000] {subprocess.py:75} INFO - Running command: ['/usr/bin/bash', '-c', 'docker-compose -f /home/dev/soute/ELK/docker-compose.yml up -d']
[2023-03-15T07:30:36.519+0000] {subprocess.py:86} INFO - Output:
[2023-03-15T07:30:36.814+0000] {subprocess.py:93} INFO - elasticsearch is up-to-date
[2023-03-15T07:30:36.814+0000] {subprocess.py:93} INFO - kibana is up-to-date
[2023-03-15T07:30:36.840+0000] {subprocess.py:97} INFO - Command exited with return code 0
[2023-03-15T07:30:36.853+0000] {taskinstance.py:1318} INFO - Marking task as SUCCESS. dag_id=AUTOMATISATION, task_id=demarre_ELK, execution_date=20230313T000306, start_date=20230315T073036, end_date=20230315T073036
[2023-03-15T07:30:36.901+0000] {local_task_job.py:208} INFO - Task exited with return code 0
[2023-03-15T07:30:36.927+0000] {taskinstance.py:2578} INFO - 1 downstream tasks scheduled from follow-on schedule check
