[2023-03-13T21:32:22.189+0000] {taskinstance.py:1083} INFO - Dependencies all met for <TaskInstance: AUTOMATISATION.demarre_ELK scheduled__2023-03-13T00:02:00+00:00 [queued]>
[2023-03-13T21:32:22.201+0000] {taskinstance.py:1083} INFO - Dependencies all met for <TaskInstance: AUTOMATISATION.demarre_ELK scheduled__2023-03-13T00:02:00+00:00 [queued]>
[2023-03-13T21:32:22.201+0000] {taskinstance.py:1279} INFO - 
--------------------------------------------------------------------------------
[2023-03-13T21:32:22.201+0000] {taskinstance.py:1280} INFO - Starting attempt 1 of 2
[2023-03-13T21:32:22.201+0000] {taskinstance.py:1281} INFO - 
--------------------------------------------------------------------------------
[2023-03-13T21:32:22.225+0000] {taskinstance.py:1300} INFO - Executing <Task(BashOperator): demarre_ELK> on 2023-03-13 00:02:00+00:00
[2023-03-13T21:32:22.228+0000] {standard_task_runner.py:55} INFO - Started process 60769 to run task
[2023-03-13T21:32:22.233+0000] {standard_task_runner.py:82} INFO - Running: ['airflow', 'tasks', 'run', 'AUTOMATISATION', 'demarre_ELK', 'scheduled__2023-03-13T00:02:00+00:00', '--job-id', '356', '--raw', '--subdir', 'DAGS_FOLDER/main.py', '--cfg-path', '/tmp/tmpx92_c7gb']
[2023-03-13T21:32:22.234+0000] {standard_task_runner.py:83} INFO - Job 356: Subtask demarre_ELK
[2023-03-13T21:32:22.304+0000] {task_command.py:388} INFO - Running <TaskInstance: AUTOMATISATION.demarre_ELK scheduled__2023-03-13T00:02:00+00:00 [running]> on host dev
[2023-03-13T21:32:22.386+0000] {taskinstance.py:1507} INFO - Exporting the following env vars:
AIRFLOW_CTX_DAG_OWNER=airflow
AIRFLOW_CTX_DAG_ID=AUTOMATISATION
AIRFLOW_CTX_TASK_ID=demarre_ELK
AIRFLOW_CTX_EXECUTION_DATE=2023-03-13T00:02:00+00:00
AIRFLOW_CTX_TRY_NUMBER=1
AIRFLOW_CTX_DAG_RUN_ID=scheduled__2023-03-13T00:02:00+00:00
[2023-03-13T21:32:22.388+0000] {subprocess.py:63} INFO - Tmp dir root location: 
 /tmp
[2023-03-13T21:32:22.389+0000] {subprocess.py:75} INFO - Running command: ['/usr/bin/bash', '-c', 'docker-compose -f /home/dev/soute/ELK/docker-compose.yml up -d']
[2023-03-13T21:32:22.396+0000] {subprocess.py:86} INFO - Output:
[2023-03-13T21:32:23.142+0000] {subprocess.py:93} INFO - elasticsearch is up-to-date
[2023-03-13T21:32:23.142+0000] {subprocess.py:93} INFO - kibana is up-to-date
[2023-03-13T21:32:23.195+0000] {subprocess.py:97} INFO - Command exited with return code 0
[2023-03-13T21:32:23.231+0000] {taskinstance.py:1318} INFO - Marking task as SUCCESS. dag_id=AUTOMATISATION, task_id=demarre_ELK, execution_date=20230313T000200, start_date=20230313T213222, end_date=20230313T213223
[2023-03-13T21:32:23.287+0000] {local_task_job.py:208} INFO - Task exited with return code 0
[2023-03-13T21:32:23.314+0000] {taskinstance.py:2578} INFO - 1 downstream tasks scheduled from follow-on schedule check
[2023-03-14T09:58:40.497+0000] {taskinstance.py:1083} INFO - Dependencies all met for <TaskInstance: AUTOMATISATION.demarre_ELK scheduled__2023-03-13T00:02:00+00:00 [queued]>
[2023-03-14T09:58:40.509+0000] {taskinstance.py:1083} INFO - Dependencies all met for <TaskInstance: AUTOMATISATION.demarre_ELK scheduled__2023-03-13T00:02:00+00:00 [queued]>
[2023-03-14T09:58:40.509+0000] {taskinstance.py:1279} INFO - 
--------------------------------------------------------------------------------
[2023-03-14T09:58:40.509+0000] {taskinstance.py:1280} INFO - Starting attempt 1 of 2
[2023-03-14T09:58:40.509+0000] {taskinstance.py:1281} INFO - 
--------------------------------------------------------------------------------
[2023-03-14T09:58:40.529+0000] {taskinstance.py:1300} INFO - Executing <Task(BashOperator): demarre_ELK> on 2023-03-13 00:02:00+00:00
[2023-03-14T09:58:40.531+0000] {standard_task_runner.py:55} INFO - Started process 33895 to run task
[2023-03-14T09:58:40.535+0000] {standard_task_runner.py:82} INFO - Running: ['airflow', 'tasks', 'run', 'AUTOMATISATION', 'demarre_ELK', 'scheduled__2023-03-13T00:02:00+00:00', '--job-id', '600', '--raw', '--subdir', 'DAGS_FOLDER/main.py', '--cfg-path', '/tmp/tmp2jbmadpg']
[2023-03-14T09:58:40.537+0000] {standard_task_runner.py:83} INFO - Job 600: Subtask demarre_ELK
[2023-03-14T09:58:40.601+0000] {task_command.py:388} INFO - Running <TaskInstance: AUTOMATISATION.demarre_ELK scheduled__2023-03-13T00:02:00+00:00 [running]> on host dev
[2023-03-14T09:58:40.674+0000] {taskinstance.py:1507} INFO - Exporting the following env vars:
AIRFLOW_CTX_DAG_OWNER=airflow
AIRFLOW_CTX_DAG_ID=AUTOMATISATION
AIRFLOW_CTX_TASK_ID=demarre_ELK
AIRFLOW_CTX_EXECUTION_DATE=2023-03-13T00:02:00+00:00
AIRFLOW_CTX_TRY_NUMBER=1
AIRFLOW_CTX_DAG_RUN_ID=scheduled__2023-03-13T00:02:00+00:00
[2023-03-14T09:58:40.675+0000] {subprocess.py:63} INFO - Tmp dir root location: 
 /tmp
[2023-03-14T09:58:40.676+0000] {subprocess.py:75} INFO - Running command: ['/usr/bin/bash', '-c', 'docker-compose -f /home/dev/soute/ELK/docker-compose.yml up -d']
[2023-03-14T09:58:40.684+0000] {subprocess.py:86} INFO - Output:
[2023-03-14T09:58:41.424+0000] {subprocess.py:93} INFO - elasticsearch is up-to-date
[2023-03-14T09:58:41.425+0000] {subprocess.py:93} INFO - kibana is up-to-date
[2023-03-14T09:58:41.478+0000] {subprocess.py:97} INFO - Command exited with return code 0
[2023-03-14T09:58:41.505+0000] {taskinstance.py:1318} INFO - Marking task as SUCCESS. dag_id=AUTOMATISATION, task_id=demarre_ELK, execution_date=20230313T000200, start_date=20230314T095840, end_date=20230314T095841
[2023-03-14T09:58:41.550+0000] {local_task_job.py:208} INFO - Task exited with return code 0
[2023-03-14T09:58:41.576+0000] {taskinstance.py:2578} INFO - 1 downstream tasks scheduled from follow-on schedule check
[2023-03-15T07:20:55.684+0000] {taskinstance.py:1083} INFO - Dependencies all met for <TaskInstance: AUTOMATISATION.demarre_ELK scheduled__2023-03-13T00:02:00+00:00 [queued]>
[2023-03-15T07:20:55.690+0000] {taskinstance.py:1083} INFO - Dependencies all met for <TaskInstance: AUTOMATISATION.demarre_ELK scheduled__2023-03-13T00:02:00+00:00 [queued]>
[2023-03-15T07:20:55.690+0000] {taskinstance.py:1279} INFO - 
--------------------------------------------------------------------------------
[2023-03-15T07:20:55.690+0000] {taskinstance.py:1280} INFO - Starting attempt 1 of 2
[2023-03-15T07:20:55.690+0000] {taskinstance.py:1281} INFO - 
--------------------------------------------------------------------------------
[2023-03-15T07:20:55.702+0000] {taskinstance.py:1300} INFO - Executing <Task(BashOperator): demarre_ELK> on 2023-03-13 00:02:00+00:00
[2023-03-15T07:20:55.704+0000] {standard_task_runner.py:55} INFO - Started process 123656 to run task
[2023-03-15T07:20:55.706+0000] {standard_task_runner.py:82} INFO - Running: ['airflow', 'tasks', 'run', 'AUTOMATISATION', 'demarre_ELK', 'scheduled__2023-03-13T00:02:00+00:00', '--job-id', '727', '--raw', '--subdir', 'DAGS_FOLDER/main.py', '--cfg-path', '/tmp/tmpk2mvatnf']
[2023-03-15T07:20:55.707+0000] {standard_task_runner.py:83} INFO - Job 727: Subtask demarre_ELK
[2023-03-15T07:20:55.738+0000] {task_command.py:388} INFO - Running <TaskInstance: AUTOMATISATION.demarre_ELK scheduled__2023-03-13T00:02:00+00:00 [running]> on host dev
[2023-03-15T07:20:55.776+0000] {taskinstance.py:1507} INFO - Exporting the following env vars:
AIRFLOW_CTX_DAG_OWNER=airflow
AIRFLOW_CTX_DAG_ID=AUTOMATISATION
AIRFLOW_CTX_TASK_ID=demarre_ELK
AIRFLOW_CTX_EXECUTION_DATE=2023-03-13T00:02:00+00:00
AIRFLOW_CTX_TRY_NUMBER=1
AIRFLOW_CTX_DAG_RUN_ID=scheduled__2023-03-13T00:02:00+00:00
[2023-03-15T07:20:55.776+0000] {subprocess.py:63} INFO - Tmp dir root location: 
 /tmp
[2023-03-15T07:20:55.777+0000] {subprocess.py:75} INFO - Running command: ['/usr/bin/bash', '-c', 'docker-compose -f /home/dev/soute/ELK/docker-compose.yml up -d']
[2023-03-15T07:20:55.780+0000] {subprocess.py:86} INFO - Output:
[2023-03-15T07:20:56.094+0000] {subprocess.py:93} INFO - elasticsearch is up-to-date
[2023-03-15T07:20:56.094+0000] {subprocess.py:93} INFO - kibana is up-to-date
[2023-03-15T07:20:56.116+0000] {subprocess.py:97} INFO - Command exited with return code 0
[2023-03-15T07:20:56.129+0000] {taskinstance.py:1318} INFO - Marking task as SUCCESS. dag_id=AUTOMATISATION, task_id=demarre_ELK, execution_date=20230313T000200, start_date=20230315T072055, end_date=20230315T072056
[2023-03-15T07:20:56.159+0000] {local_task_job.py:208} INFO - Task exited with return code 0
[2023-03-15T07:20:56.176+0000] {taskinstance.py:2578} INFO - 1 downstream tasks scheduled from follow-on schedule check
