[2023-03-13T22:59:52.965+0000] {taskinstance.py:1083} INFO - Dependencies all met for <TaskInstance: AUTOMATISATION.Chargement_des_données_in_ELK scheduled__2023-03-13T00:04:03+00:00 [queued]>
[2023-03-13T22:59:52.977+0000] {taskinstance.py:1083} INFO - Dependencies all met for <TaskInstance: AUTOMATISATION.Chargement_des_données_in_ELK scheduled__2023-03-13T00:04:03+00:00 [queued]>
[2023-03-13T22:59:52.977+0000] {taskinstance.py:1279} INFO - 
--------------------------------------------------------------------------------
[2023-03-13T22:59:52.977+0000] {taskinstance.py:1280} INFO - Starting attempt 1 of 4
[2023-03-13T22:59:52.977+0000] {taskinstance.py:1281} INFO - 
--------------------------------------------------------------------------------
[2023-03-13T22:59:53.001+0000] {taskinstance.py:1300} INFO - Executing <Task(BashOperator): Chargement_des_données_in_ELK> on 2023-03-13 00:04:03+00:00
[2023-03-13T22:59:53.004+0000] {standard_task_runner.py:55} INFO - Started process 80825 to run task
[2023-03-13T22:59:53.008+0000] {standard_task_runner.py:82} INFO - Running: ['airflow', 'tasks', 'run', 'AUTOMATISATION', 'Chargement_des_données_in_ELK', 'scheduled__2023-03-13T00:04:03+00:00', '--job-id', '441', '--raw', '--subdir', 'DAGS_FOLDER/main.py', '--cfg-path', '/tmp/tmpa0qhb_pe']
[2023-03-13T22:59:53.009+0000] {standard_task_runner.py:83} INFO - Job 441: Subtask Chargement_des_données_in_ELK
[2023-03-13T22:59:53.077+0000] {task_command.py:388} INFO - Running <TaskInstance: AUTOMATISATION.Chargement_des_données_in_ELK scheduled__2023-03-13T00:04:03+00:00 [running]> on host dev
[2023-03-13T22:59:53.161+0000] {taskinstance.py:1507} INFO - Exporting the following env vars:
AIRFLOW_CTX_DAG_OWNER=airflow
AIRFLOW_CTX_DAG_ID=AUTOMATISATION
AIRFLOW_CTX_TASK_ID=Chargement_des_données_in_ELK
AIRFLOW_CTX_EXECUTION_DATE=2023-03-13T00:04:03+00:00
AIRFLOW_CTX_TRY_NUMBER=1
AIRFLOW_CTX_DAG_RUN_ID=scheduled__2023-03-13T00:04:03+00:00
[2023-03-13T22:59:53.162+0000] {subprocess.py:63} INFO - Tmp dir root location: 
 /tmp
[2023-03-13T22:59:53.163+0000] {subprocess.py:75} INFO - Running command: ['/usr/bin/bash', '-c', 'echo dev | sudo -S /usr/share/logstash/bin/logstash --path.settings=/etc/logstash/ -f /etc/logstash/conf.d/data.conf']
[2023-03-13T22:59:53.171+0000] {subprocess.py:86} INFO - Output:
[2023-03-13T22:59:53.262+0000] {subprocess.py:93} INFO - [sudo] Mot de passe de dev : Using bundled JDK: /usr/share/logstash/jdk
[2023-03-13T22:59:53.545+0000] {subprocess.py:93} INFO - OpenJDK 64-Bit Server VM warning: Option UseConcMarkSweepGC was deprecated in version 9.0 and will likely be removed in a future release.
[2023-03-13T23:00:16.133+0000] {subprocess.py:93} INFO - Sending Logstash logs to /var/log/logstash which is now configured via log4j2.properties
[2023-03-13T23:00:16.271+0000] {subprocess.py:93} INFO - [2023-03-13T23:00:16,267][INFO ][logstash.runner          ] Log4j configuration path used is: /etc/logstash/log4j2.properties
[2023-03-13T23:00:16.284+0000] {subprocess.py:93} INFO - [2023-03-13T23:00:16,283][INFO ][logstash.runner          ] Starting Logstash {"logstash.version"=>"7.15.2", "jruby.version"=>"jruby 9.2.19.0 (2.5.8) 2021-06-15 55810c552b OpenJDK 64-Bit Server VM 11.0.12+7 on 11.0.12+7 +indy +jit [linux-x86_64]"}
[2023-03-13T23:00:16.712+0000] {subprocess.py:93} INFO - [2023-03-13T23:00:16,712][WARN ][logstash.config.source.multilocal] Ignoring the 'pipelines.yml' file because modules or command line options are specified
[2023-03-13T23:00:18.423+0000] {subprocess.py:93} INFO - [2023-03-13T23:00:18,422][INFO ][logstash.agent           ] Successfully started Logstash API endpoint {:port=>9600}
[2023-03-13T23:00:19.229+0000] {subprocess.py:93} INFO - [2023-03-13T23:00:19,228][INFO ][org.reflections.Reflections] Reflections took 128 ms to scan 1 urls, producing 120 keys and 417 values
[2023-03-13T23:00:20.755+0000] {subprocess.py:93} INFO - [2023-03-13T23:00:20,754][INFO ][logstash.outputs.elasticsearch][main] New Elasticsearch output {:class=>"LogStash::Outputs::ElasticSearch", :hosts=>["//localhost:9200"]}
[2023-03-13T23:00:21.245+0000] {subprocess.py:93} INFO - [2023-03-13T23:00:21,243][INFO ][logstash.outputs.elasticsearch][main] Elasticsearch pool URLs updated {:changes=>{:removed=>[], :added=>[http://localhost:9200/]}}
[2023-03-13T23:00:21.433+0000] {subprocess.py:93} INFO - [2023-03-13T23:00:21,433][WARN ][logstash.outputs.elasticsearch][main] Restored connection to ES instance {:url=>"http://localhost:9200/"}
[2023-03-13T23:00:21.489+0000] {subprocess.py:93} INFO - [2023-03-13T23:00:21,489][INFO ][logstash.outputs.elasticsearch][main] Elasticsearch version determined (7.15.2) {:es_version=>7}
[2023-03-13T23:00:21.493+0000] {subprocess.py:93} INFO - [2023-03-13T23:00:21,492][WARN ][logstash.outputs.elasticsearch][main] Detected a 6.x and above cluster: the `type` event field won't be used to determine the document _type {:es_version=>7}
[2023-03-13T23:00:21.656+0000] {subprocess.py:93} INFO - [2023-03-13T23:00:21,654][INFO ][logstash.outputs.elasticsearch][main] Using a default mapping template {:es_version=>7, :ecs_compatibility=>:disabled}
[2023-03-13T23:00:21.694+0000] {subprocess.py:93} INFO - [2023-03-13T23:00:21,693][INFO ][logstash.javapipeline    ][main] Starting pipeline {:pipeline_id=>"main", "pipeline.workers"=>8, "pipeline.batch.size"=>125, "pipeline.batch.delay"=>50, "pipeline.max_inflight"=>1000, "pipeline.sources"=>["/etc/logstash/conf.d/data.conf"], :thread=>"#<Thread:0x1c1b207c run>"}
[2023-03-13T23:00:22.830+0000] {subprocess.py:93} INFO - [2023-03-13T23:00:22,829][INFO ][logstash.javapipeline    ][main] Pipeline Java execution initialization time {"seconds"=>1.13}
[2023-03-13T23:00:22.941+0000] {subprocess.py:93} INFO - [2023-03-13T23:00:22,941][INFO ][logstash.javapipeline    ][main] Pipeline started {"pipeline.id"=>"main"}
[2023-03-13T23:00:23.042+0000] {subprocess.py:93} INFO - [2023-03-13T23:00:23,041][INFO ][logstash.agent           ] Pipelines running {:count=>1, :running_pipelines=>[:main], :non_running_pipelines=>[]}
[2023-03-13T23:00:24.366+0000] {subprocess.py:93} INFO - [2023-03-13T23:00:24,366][INFO ][logstash.inputs.jdbc     ][main][afa454a497099ce3438919c7cfc7ae10a3b3980082608321cda443e0b5f70dbd] (0.029590s) SELECT CAST(current_setting('server_version_num') AS integer) AS v
[2023-03-13T23:00:24.713+0000] {subprocess.py:93} INFO - [2023-03-13T23:00:24,712][INFO ][logstash.inputs.jdbc     ][main][afa454a497099ce3438919c7cfc7ae10a3b3980082608321cda443e0b5f70dbd] (0.104593s) SELECT count(*) AS "count" FROM (SELECT * FROM customers) AS "t1" LIMIT 1
[2023-03-13T23:00:25.140+0000] {subprocess.py:93} INFO - [2023-03-13T23:00:25,140][INFO ][logstash.inputs.jdbc     ][main][afa454a497099ce3438919c7cfc7ae10a3b3980082608321cda443e0b5f70dbd] (0.401537s) SELECT * FROM (SELECT * FROM customers) AS "t1" LIMIT 50000 OFFSET 0
[2023-03-13T23:00:32.480+0000] {subprocess.py:93} INFO - [2023-03-13T23:00:32,479][INFO ][logstash.inputs.jdbc     ][main][afa454a497099ce3438919c7cfc7ae10a3b3980082608321cda443e0b5f70dbd] (0.271385s) SELECT * FROM (SELECT * FROM customers) AS "t1" LIMIT 50000 OFFSET 50000
[2023-03-13T23:00:37.444+0000] {subprocess.py:93} INFO - [2023-03-13T23:00:37,444][INFO ][logstash.inputs.jdbc     ][main][afa454a497099ce3438919c7cfc7ae10a3b3980082608321cda443e0b5f70dbd] (0.078755s) SELECT * FROM (SELECT * FROM customers) AS "t1" LIMIT 50000 OFFSET 100000
[2023-03-13T23:00:40.063+0000] {subprocess.py:93} INFO - [2023-03-13T23:00:40,063][INFO ][logstash.inputs.jdbc     ][main][afa454a497099ce3438919c7cfc7ae10a3b3980082608321cda443e0b5f70dbd] (0.102516s) SELECT * FROM (SELECT * FROM customers) AS "t1" LIMIT 50000 OFFSET 150000
[2023-03-13T23:00:43.144+0000] {subprocess.py:93} INFO - [2023-03-13T23:00:43,144][INFO ][logstash.inputs.jdbc     ][main][afa454a497099ce3438919c7cfc7ae10a3b3980082608321cda443e0b5f70dbd] (0.116415s) SELECT * FROM (SELECT * FROM customers) AS "t1" LIMIT 50000 OFFSET 200000
[2023-03-13T23:00:48.473+0000] {subprocess.py:93} INFO - [2023-03-13T23:00:48,472][INFO ][logstash.inputs.jdbc     ][main][afa454a497099ce3438919c7cfc7ae10a3b3980082608321cda443e0b5f70dbd] (0.176580s) SELECT * FROM (SELECT * FROM customers) AS "t1" LIMIT 50000 OFFSET 250000
[2023-03-13T23:00:51.033+0000] {subprocess.py:93} INFO - [2023-03-13T23:00:51,033][INFO ][logstash.inputs.jdbc     ][main][afa454a497099ce3438919c7cfc7ae10a3b3980082608321cda443e0b5f70dbd] (0.152696s) SELECT * FROM (SELECT * FROM customers) AS "t1" LIMIT 50000 OFFSET 300000
[2023-03-13T23:00:53.749+0000] {subprocess.py:93} INFO - [2023-03-13T23:00:53,748][INFO ][logstash.inputs.jdbc     ][main][afa454a497099ce3438919c7cfc7ae10a3b3980082608321cda443e0b5f70dbd] (0.118537s) SELECT * FROM (SELECT * FROM customers) AS "t1" LIMIT 50000 OFFSET 350000
[2023-03-13T23:00:56.335+0000] {subprocess.py:93} INFO - [2023-03-13T23:00:56,335][INFO ][logstash.inputs.jdbc     ][main][afa454a497099ce3438919c7cfc7ae10a3b3980082608321cda443e0b5f70dbd] (0.126887s) SELECT * FROM (SELECT * FROM customers) AS "t1" LIMIT 50000 OFFSET 400000
[2023-03-13T23:00:59.091+0000] {subprocess.py:93} INFO - [2023-03-13T23:00:59,090][INFO ][logstash.inputs.jdbc     ][main][afa454a497099ce3438919c7cfc7ae10a3b3980082608321cda443e0b5f70dbd] (0.146669s) SELECT * FROM (SELECT * FROM customers) AS "t1" LIMIT 50000 OFFSET 450000
[2023-03-13T23:01:01.835+0000] {subprocess.py:93} INFO - [2023-03-13T23:01:01,834][INFO ][logstash.inputs.jdbc     ][main][afa454a497099ce3438919c7cfc7ae10a3b3980082608321cda443e0b5f70dbd] (0.125630s) SELECT * FROM (SELECT * FROM customers) AS "t1" LIMIT 50000 OFFSET 500000
[2023-03-13T23:01:04.347+0000] {subprocess.py:93} INFO - [2023-03-13T23:01:04,347][INFO ][logstash.inputs.jdbc     ][main][afa454a497099ce3438919c7cfc7ae10a3b3980082608321cda443e0b5f70dbd] (0.170731s) SELECT * FROM (SELECT * FROM customers) AS "t1" LIMIT 50000 OFFSET 550000
[2023-03-13T23:01:06.985+0000] {subprocess.py:93} INFO - [2023-03-13T23:01:06,985][INFO ][logstash.inputs.jdbc     ][main][afa454a497099ce3438919c7cfc7ae10a3b3980082608321cda443e0b5f70dbd] (0.147843s) SELECT * FROM (SELECT * FROM customers) AS "t1" LIMIT 50000 OFFSET 600000
[2023-03-13T23:01:09.511+0000] {subprocess.py:93} INFO - [2023-03-13T23:01:09,510][INFO ][logstash.inputs.jdbc     ][main][afa454a497099ce3438919c7cfc7ae10a3b3980082608321cda443e0b5f70dbd] (0.170685s) SELECT * FROM (SELECT * FROM customers) AS "t1" LIMIT 50000 OFFSET 650000
[2023-03-13T23:01:12.038+0000] {subprocess.py:93} INFO - [2023-03-13T23:01:12,038][INFO ][logstash.inputs.jdbc     ][main][afa454a497099ce3438919c7cfc7ae10a3b3980082608321cda443e0b5f70dbd] (0.144676s) SELECT * FROM (SELECT * FROM customers) AS "t1" LIMIT 50000 OFFSET 700000
[2023-03-13T23:01:14.759+0000] {subprocess.py:93} INFO - [2023-03-13T23:01:14,759][INFO ][logstash.inputs.jdbc     ][main][afa454a497099ce3438919c7cfc7ae10a3b3980082608321cda443e0b5f70dbd] (0.165966s) SELECT * FROM (SELECT * FROM customers) AS "t1" LIMIT 50000 OFFSET 750000
[2023-03-13T23:01:17.100+0000] {subprocess.py:93} INFO - [2023-03-13T23:01:17,099][INFO ][logstash.inputs.jdbc     ][main][afa454a497099ce3438919c7cfc7ae10a3b3980082608321cda443e0b5f70dbd] (0.134577s) SELECT * FROM (SELECT * FROM customers) AS "t1" LIMIT 50000 OFFSET 800000
[2023-03-13T23:01:19.729+0000] {subprocess.py:93} INFO - [2023-03-13T23:01:19,729][INFO ][logstash.inputs.jdbc     ][main][afa454a497099ce3438919c7cfc7ae10a3b3980082608321cda443e0b5f70dbd] (0.160892s) SELECT * FROM (SELECT * FROM customers) AS "t1" LIMIT 50000 OFFSET 850000
[2023-03-13T23:01:25.262+0000] {subprocess.py:93} INFO - [2023-03-13T23:01:25,261][INFO ][logstash.inputs.jdbc     ][main][afa454a497099ce3438919c7cfc7ae10a3b3980082608321cda443e0b5f70dbd] (0.508493s) SELECT * FROM (SELECT * FROM customers) AS "t1" LIMIT 50000 OFFSET 900000
[2023-03-13T23:01:29.708+0000] {subprocess.py:93} INFO - [2023-03-13T23:01:29,707][INFO ][logstash.inputs.jdbc     ][main][afa454a497099ce3438919c7cfc7ae10a3b3980082608321cda443e0b5f70dbd] (0.151553s) SELECT * FROM (SELECT * FROM customers) AS "t1" LIMIT 50000 OFFSET 950000
[2023-03-13T23:01:32.635+0000] {subprocess.py:93} INFO - [2023-03-13T23:01:32,634][INFO ][logstash.inputs.jdbc     ][main][afa454a497099ce3438919c7cfc7ae10a3b3980082608321cda443e0b5f70dbd] (0.185888s) SELECT * FROM (SELECT * FROM customers) AS "t1" LIMIT 50000 OFFSET 1000000
[2023-03-13T23:01:38.384+0000] {subprocess.py:93} INFO - [2023-03-13T23:01:38,384][INFO ][logstash.inputs.jdbc     ][main][afa454a497099ce3438919c7cfc7ae10a3b3980082608321cda443e0b5f70dbd] (0.548717s) SELECT * FROM (SELECT * FROM customers) AS "t1" LIMIT 50000 OFFSET 1050000
[2023-03-13T23:01:43.051+0000] {subprocess.py:93} INFO - [2023-03-13T23:01:43,050][INFO ][logstash.inputs.jdbc     ][main][afa454a497099ce3438919c7cfc7ae10a3b3980082608321cda443e0b5f70dbd] (0.170088s) SELECT * FROM (SELECT * FROM customers) AS "t1" LIMIT 50000 OFFSET 1100000
[2023-03-13T23:01:45.355+0000] {subprocess.py:93} INFO - [2023-03-13T23:01:45,355][INFO ][logstash.inputs.jdbc     ][main][afa454a497099ce3438919c7cfc7ae10a3b3980082608321cda443e0b5f70dbd] (0.154045s) SELECT * FROM (SELECT * FROM customers) AS "t1" LIMIT 50000 OFFSET 1150000
[2023-03-13T23:01:48.684+0000] {subprocess.py:93} INFO - [2023-03-13T23:01:48,683][INFO ][logstash.javapipeline    ][main] Pipeline terminated {"pipeline.id"=>"main"}
[2023-03-13T23:01:48.945+0000] {subprocess.py:93} INFO - [2023-03-13T23:01:48,944][INFO ][logstash.pipelinesregistry] Removed pipeline from registry successfully {:pipeline_id=>:main}
[2023-03-13T23:01:48.989+0000] {subprocess.py:93} INFO - [2023-03-13T23:01:48,988][INFO ][logstash.runner          ] Logstash shut down.
[2023-03-13T23:01:49.168+0000] {subprocess.py:97} INFO - Command exited with return code 0
[2023-03-13T23:01:49.217+0000] {taskinstance.py:1318} INFO - Marking task as SUCCESS. dag_id=AUTOMATISATION, task_id=Chargement_des_données_in_ELK, execution_date=20230313T000403, start_date=20230313T225952, end_date=20230313T230149
[2023-03-13T23:01:49.272+0000] {local_task_job.py:208} INFO - Task exited with return code 0
[2023-03-13T23:01:49.286+0000] {taskinstance.py:2578} INFO - 0 downstream tasks scheduled from follow-on schedule check
[2023-03-15T07:36:57.256+0000] {taskinstance.py:1083} INFO - Dependencies all met for <TaskInstance: AUTOMATISATION.Chargement_des_données_in_ELK scheduled__2023-03-13T00:04:03+00:00 [queued]>
[2023-03-15T07:36:57.261+0000] {taskinstance.py:1083} INFO - Dependencies all met for <TaskInstance: AUTOMATISATION.Chargement_des_données_in_ELK scheduled__2023-03-13T00:04:03+00:00 [queued]>
[2023-03-15T07:36:57.261+0000] {taskinstance.py:1279} INFO - 
--------------------------------------------------------------------------------
[2023-03-15T07:36:57.261+0000] {taskinstance.py:1280} INFO - Starting attempt 1 of 4
[2023-03-15T07:36:57.261+0000] {taskinstance.py:1281} INFO - 
--------------------------------------------------------------------------------
[2023-03-15T07:36:57.272+0000] {taskinstance.py:1300} INFO - Executing <Task(BashOperator): Chargement_des_données_in_ELK> on 2023-03-13 00:04:03+00:00
[2023-03-15T07:36:57.273+0000] {standard_task_runner.py:55} INFO - Started process 134155 to run task
[2023-03-15T07:36:57.275+0000] {standard_task_runner.py:82} INFO - Running: ['airflow', 'tasks', 'run', 'AUTOMATISATION', 'Chargement_des_données_in_ELK', 'scheduled__2023-03-13T00:04:03+00:00', '--job-id', '810', '--raw', '--subdir', 'DAGS_FOLDER/main.py', '--cfg-path', '/tmp/tmp_t1sf9xj']
[2023-03-15T07:36:57.276+0000] {standard_task_runner.py:83} INFO - Job 810: Subtask Chargement_des_données_in_ELK
[2023-03-15T07:36:57.303+0000] {task_command.py:388} INFO - Running <TaskInstance: AUTOMATISATION.Chargement_des_données_in_ELK scheduled__2023-03-13T00:04:03+00:00 [running]> on host dev
[2023-03-15T07:36:57.343+0000] {taskinstance.py:1507} INFO - Exporting the following env vars:
AIRFLOW_CTX_DAG_OWNER=airflow
AIRFLOW_CTX_DAG_ID=AUTOMATISATION
AIRFLOW_CTX_TASK_ID=Chargement_des_données_in_ELK
AIRFLOW_CTX_EXECUTION_DATE=2023-03-13T00:04:03+00:00
AIRFLOW_CTX_TRY_NUMBER=1
AIRFLOW_CTX_DAG_RUN_ID=scheduled__2023-03-13T00:04:03+00:00
[2023-03-15T07:36:57.344+0000] {subprocess.py:63} INFO - Tmp dir root location: 
 /tmp
[2023-03-15T07:36:57.344+0000] {subprocess.py:75} INFO - Running command: ['/usr/bin/bash', '-c', 'echo dev | sudo -S /usr/share/logstash/bin/logstash --path.settings=/etc/logstash/ -f /etc/logstash/conf.d/data.conf']
[2023-03-15T07:36:57.348+0000] {subprocess.py:86} INFO - Output:
[2023-03-15T07:36:57.384+0000] {subprocess.py:93} INFO - [sudo] Mot de passe de dev : Using bundled JDK: /usr/share/logstash/jdk
[2023-03-15T07:36:57.516+0000] {subprocess.py:93} INFO - OpenJDK 64-Bit Server VM warning: Option UseConcMarkSweepGC was deprecated in version 9.0 and will likely be removed in a future release.
[2023-03-15T07:37:08.592+0000] {subprocess.py:93} INFO - Sending Logstash logs to /var/log/logstash which is now configured via log4j2.properties
[2023-03-15T07:37:08.647+0000] {subprocess.py:93} INFO - [2023-03-15T07:37:08,645][INFO ][logstash.runner          ] Log4j configuration path used is: /etc/logstash/log4j2.properties
[2023-03-15T07:37:08.652+0000] {subprocess.py:93} INFO - [2023-03-15T07:37:08,652][INFO ][logstash.runner          ] Starting Logstash {"logstash.version"=>"7.15.2", "jruby.version"=>"jruby 9.2.19.0 (2.5.8) 2021-06-15 55810c552b OpenJDK 64-Bit Server VM 11.0.12+7 on 11.0.12+7 +indy +jit [linux-x86_64]"}
[2023-03-15T07:37:08.881+0000] {subprocess.py:93} INFO - [2023-03-15T07:37:08,880][WARN ][logstash.config.source.multilocal] Ignoring the 'pipelines.yml' file because modules or command line options are specified
[2023-03-15T07:37:09.746+0000] {subprocess.py:93} INFO - [2023-03-15T07:37:09,745][INFO ][logstash.agent           ] Successfully started Logstash API endpoint {:port=>9600}
[2023-03-15T07:37:10.199+0000] {subprocess.py:93} INFO - [2023-03-15T07:37:10,199][INFO ][org.reflections.Reflections] Reflections took 62 ms to scan 1 urls, producing 120 keys and 417 values
[2023-03-15T07:37:10.888+0000] {subprocess.py:93} INFO - [2023-03-15T07:37:10,887][INFO ][logstash.outputs.elasticsearch][main] New Elasticsearch output {:class=>"LogStash::Outputs::ElasticSearch", :hosts=>["//localhost:9200"]}
[2023-03-15T07:37:11.146+0000] {subprocess.py:93} INFO - [2023-03-15T07:37:11,145][INFO ][logstash.outputs.elasticsearch][main] Elasticsearch pool URLs updated {:changes=>{:removed=>[], :added=>[http://localhost:9200/]}}
[2023-03-15T07:37:11.252+0000] {subprocess.py:93} INFO - [2023-03-15T07:37:11,252][WARN ][logstash.outputs.elasticsearch][main] Restored connection to ES instance {:url=>"http://localhost:9200/"}
[2023-03-15T07:37:11.283+0000] {subprocess.py:93} INFO - [2023-03-15T07:37:11,283][INFO ][logstash.outputs.elasticsearch][main] Elasticsearch version determined (7.15.2) {:es_version=>7}
[2023-03-15T07:37:11.285+0000] {subprocess.py:93} INFO - [2023-03-15T07:37:11,285][WARN ][logstash.outputs.elasticsearch][main] Detected a 6.x and above cluster: the `type` event field won't be used to determine the document _type {:es_version=>7}
[2023-03-15T07:37:11.378+0000] {subprocess.py:93} INFO - [2023-03-15T07:37:11,377][INFO ][logstash.outputs.elasticsearch][main] Using a default mapping template {:es_version=>7, :ecs_compatibility=>:disabled}
[2023-03-15T07:37:11.413+0000] {subprocess.py:93} INFO - [2023-03-15T07:37:11,412][INFO ][logstash.javapipeline    ][main] Starting pipeline {:pipeline_id=>"main", "pipeline.workers"=>8, "pipeline.batch.size"=>125, "pipeline.batch.delay"=>50, "pipeline.max_inflight"=>1000, "pipeline.sources"=>["/etc/logstash/conf.d/data.conf"], :thread=>"#<Thread:0x1c088b77 run>"}
[2023-03-15T07:37:11.973+0000] {subprocess.py:93} INFO - [2023-03-15T07:37:11,973][INFO ][logstash.javapipeline    ][main] Pipeline Java execution initialization time {"seconds"=>0.56}
[2023-03-15T07:37:12.034+0000] {subprocess.py:93} INFO - [2023-03-15T07:37:12,034][INFO ][logstash.javapipeline    ][main] Pipeline started {"pipeline.id"=>"main"}
[2023-03-15T07:37:12.096+0000] {subprocess.py:93} INFO - [2023-03-15T07:37:12,095][INFO ][logstash.agent           ] Pipelines running {:count=>1, :running_pipelines=>[:main], :non_running_pipelines=>[]}
[2023-03-15T07:37:12.775+0000] {subprocess.py:93} INFO - [2023-03-15T07:37:12,774][INFO ][logstash.inputs.jdbc     ][main][afa454a497099ce3438919c7cfc7ae10a3b3980082608321cda443e0b5f70dbd] (0.010251s) SELECT CAST(current_setting('server_version_num') AS integer) AS v
[2023-03-15T07:37:12.849+0000] {subprocess.py:93} INFO - [2023-03-15T07:37:12,848][INFO ][logstash.inputs.jdbc     ][main][afa454a497099ce3438919c7cfc7ae10a3b3980082608321cda443e0b5f70dbd] (0.001311s) SELECT count(*) AS "count" FROM (SELECT * FROM customers) AS "t1" LIMIT 1
[2023-03-15T07:37:13.332+0000] {subprocess.py:93} INFO - [2023-03-15T07:37:13,332][INFO ][logstash.javapipeline    ][main] Pipeline terminated {"pipeline.id"=>"main"}
[2023-03-15T07:37:13.634+0000] {subprocess.py:93} INFO - [2023-03-15T07:37:13,634][INFO ][logstash.pipelinesregistry] Removed pipeline from registry successfully {:pipeline_id=>:main}
[2023-03-15T07:37:13.656+0000] {subprocess.py:93} INFO - [2023-03-15T07:37:13,656][INFO ][logstash.runner          ] Logstash shut down.
[2023-03-15T07:37:13.706+0000] {subprocess.py:97} INFO - Command exited with return code 0
[2023-03-15T07:37:13.719+0000] {taskinstance.py:1318} INFO - Marking task as SUCCESS. dag_id=AUTOMATISATION, task_id=Chargement_des_données_in_ELK, execution_date=20230313T000403, start_date=20230315T073657, end_date=20230315T073713
[2023-03-15T07:37:13.742+0000] {local_task_job.py:208} INFO - Task exited with return code 0
[2023-03-15T07:37:13.754+0000] {taskinstance.py:2578} INFO - 0 downstream tasks scheduled from follow-on schedule check
