[2023-03-13T23:03:43.750+0000] {taskinstance.py:1083} INFO - Dependencies all met for <TaskInstance: AUTOMATISATION.demarre_ELK scheduled__2023-03-13T00:04:12+00:00 [queued]>
[2023-03-13T23:03:43.765+0000] {taskinstance.py:1083} INFO - Dependencies all met for <TaskInstance: AUTOMATISATION.demarre_ELK scheduled__2023-03-13T00:04:12+00:00 [queued]>
[2023-03-13T23:03:43.766+0000] {taskinstance.py:1279} INFO - 
--------------------------------------------------------------------------------
[2023-03-13T23:03:43.766+0000] {taskinstance.py:1280} INFO - Starting attempt 1 of 2
[2023-03-13T23:03:43.766+0000] {taskinstance.py:1281} INFO - 
--------------------------------------------------------------------------------
[2023-03-13T23:03:43.791+0000] {taskinstance.py:1300} INFO - Executing <Task(BashOperator): demarre_ELK> on 2023-03-13 00:04:12+00:00
[2023-03-13T23:03:43.794+0000] {standard_task_runner.py:55} INFO - Started process 81590 to run task
[2023-03-13T23:03:43.798+0000] {standard_task_runner.py:82} INFO - Running: ['airflow', 'tasks', 'run', 'AUTOMATISATION', 'demarre_ELK', 'scheduled__2023-03-13T00:04:12+00:00', '--job-id', '444', '--raw', '--subdir', 'DAGS_FOLDER/main.py', '--cfg-path', '/tmp/tmpt0eqiasv']
[2023-03-13T23:03:43.800+0000] {standard_task_runner.py:83} INFO - Job 444: Subtask demarre_ELK
[2023-03-13T23:03:43.869+0000] {task_command.py:388} INFO - Running <TaskInstance: AUTOMATISATION.demarre_ELK scheduled__2023-03-13T00:04:12+00:00 [running]> on host dev
[2023-03-13T23:03:43.958+0000] {taskinstance.py:1507} INFO - Exporting the following env vars:
AIRFLOW_CTX_DAG_OWNER=airflow
AIRFLOW_CTX_DAG_ID=AUTOMATISATION
AIRFLOW_CTX_TASK_ID=demarre_ELK
AIRFLOW_CTX_EXECUTION_DATE=2023-03-13T00:04:12+00:00
AIRFLOW_CTX_TRY_NUMBER=1
AIRFLOW_CTX_DAG_RUN_ID=scheduled__2023-03-13T00:04:12+00:00
[2023-03-13T23:03:43.959+0000] {subprocess.py:63} INFO - Tmp dir root location: 
 /tmp
[2023-03-13T23:03:43.960+0000] {subprocess.py:75} INFO - Running command: ['/usr/bin/bash', '-c', 'docker-compose -f /home/dev/soute/ELK/docker-compose.yml up -d']
[2023-03-13T23:03:43.968+0000] {subprocess.py:86} INFO - Output:
[2023-03-13T23:03:44.727+0000] {subprocess.py:93} INFO - elasticsearch is up-to-date
[2023-03-13T23:03:44.727+0000] {subprocess.py:93} INFO - kibana is up-to-date
[2023-03-13T23:03:44.783+0000] {subprocess.py:97} INFO - Command exited with return code 0
[2023-03-13T23:03:44.819+0000] {taskinstance.py:1318} INFO - Marking task as SUCCESS. dag_id=AUTOMATISATION, task_id=demarre_ELK, execution_date=20230313T000412, start_date=20230313T230343, end_date=20230313T230344
[2023-03-13T23:03:44.852+0000] {local_task_job.py:208} INFO - Task exited with return code 0
[2023-03-13T23:03:44.924+0000] {taskinstance.py:2578} INFO - 1 downstream tasks scheduled from follow-on schedule check
[2023-03-15T07:37:36.626+0000] {taskinstance.py:1083} INFO - Dependencies all met for <TaskInstance: AUTOMATISATION.demarre_ELK scheduled__2023-03-13T00:04:12+00:00 [queued]>
[2023-03-15T07:37:36.631+0000] {taskinstance.py:1083} INFO - Dependencies all met for <TaskInstance: AUTOMATISATION.demarre_ELK scheduled__2023-03-13T00:04:12+00:00 [queued]>
[2023-03-15T07:37:36.631+0000] {taskinstance.py:1279} INFO - 
--------------------------------------------------------------------------------
[2023-03-15T07:37:36.631+0000] {taskinstance.py:1280} INFO - Starting attempt 1 of 2
[2023-03-15T07:37:36.631+0000] {taskinstance.py:1281} INFO - 
--------------------------------------------------------------------------------
[2023-03-15T07:37:36.642+0000] {taskinstance.py:1300} INFO - Executing <Task(BashOperator): demarre_ELK> on 2023-03-13 00:04:12+00:00
[2023-03-15T07:37:36.644+0000] {standard_task_runner.py:55} INFO - Started process 134523 to run task
[2023-03-15T07:37:36.646+0000] {standard_task_runner.py:82} INFO - Running: ['airflow', 'tasks', 'run', 'AUTOMATISATION', 'demarre_ELK', 'scheduled__2023-03-13T00:04:12+00:00', '--job-id', '814', '--raw', '--subdir', 'DAGS_FOLDER/main.py', '--cfg-path', '/tmp/tmphixqjyjs']
[2023-03-15T07:37:36.647+0000] {standard_task_runner.py:83} INFO - Job 814: Subtask demarre_ELK
[2023-03-15T07:37:36.678+0000] {task_command.py:388} INFO - Running <TaskInstance: AUTOMATISATION.demarre_ELK scheduled__2023-03-13T00:04:12+00:00 [running]> on host dev
[2023-03-15T07:37:36.715+0000] {taskinstance.py:1507} INFO - Exporting the following env vars:
AIRFLOW_CTX_DAG_OWNER=airflow
AIRFLOW_CTX_DAG_ID=AUTOMATISATION
AIRFLOW_CTX_TASK_ID=demarre_ELK
AIRFLOW_CTX_EXECUTION_DATE=2023-03-13T00:04:12+00:00
AIRFLOW_CTX_TRY_NUMBER=1
AIRFLOW_CTX_DAG_RUN_ID=scheduled__2023-03-13T00:04:12+00:00
[2023-03-15T07:37:36.716+0000] {subprocess.py:63} INFO - Tmp dir root location: 
 /tmp
[2023-03-15T07:37:36.716+0000] {subprocess.py:75} INFO - Running command: ['/usr/bin/bash', '-c', 'docker-compose -f /home/dev/soute/ELK/docker-compose.yml up -d']
[2023-03-15T07:37:36.721+0000] {subprocess.py:86} INFO - Output:
[2023-03-15T07:37:37.032+0000] {subprocess.py:93} INFO - elasticsearch is up-to-date
[2023-03-15T07:37:37.032+0000] {subprocess.py:93} INFO - kibana is up-to-date
[2023-03-15T07:37:37.056+0000] {subprocess.py:97} INFO - Command exited with return code 0
[2023-03-15T07:37:37.070+0000] {taskinstance.py:1318} INFO - Marking task as SUCCESS. dag_id=AUTOMATISATION, task_id=demarre_ELK, execution_date=20230313T000412, start_date=20230315T073736, end_date=20230315T073737
[2023-03-15T07:37:37.098+0000] {local_task_job.py:208} INFO - Task exited with return code 0
[2023-03-15T07:37:37.111+0000] {taskinstance.py:2578} INFO - 1 downstream tasks scheduled from follow-on schedule check
