[2023-03-13T22:42:53.228+0000] {taskinstance.py:1083} INFO - Dependencies all met for <TaskInstance: AUTOMATISATION.demarre_ELK scheduled__2023-03-13T00:03:42+00:00 [queued]>
[2023-03-13T22:42:53.239+0000] {taskinstance.py:1083} INFO - Dependencies all met for <TaskInstance: AUTOMATISATION.demarre_ELK scheduled__2023-03-13T00:03:42+00:00 [queued]>
[2023-03-13T22:42:53.239+0000] {taskinstance.py:1279} INFO - 
--------------------------------------------------------------------------------
[2023-03-13T22:42:53.239+0000] {taskinstance.py:1280} INFO - Starting attempt 1 of 2
[2023-03-13T22:42:53.239+0000] {taskinstance.py:1281} INFO - 
--------------------------------------------------------------------------------
[2023-03-13T22:42:53.268+0000] {taskinstance.py:1300} INFO - Executing <Task(BashOperator): demarre_ELK> on 2023-03-13 00:03:42+00:00
[2023-03-13T22:42:53.271+0000] {standard_task_runner.py:55} INFO - Started process 76369 to run task
[2023-03-13T22:42:53.274+0000] {standard_task_runner.py:82} INFO - Running: ['airflow', 'tasks', 'run', 'AUTOMATISATION', 'demarre_ELK', 'scheduled__2023-03-13T00:03:42+00:00', '--job-id', '424', '--raw', '--subdir', 'DAGS_FOLDER/main.py', '--cfg-path', '/tmp/tmp9v13f0ol']
[2023-03-13T22:42:53.276+0000] {standard_task_runner.py:83} INFO - Job 424: Subtask demarre_ELK
[2023-03-13T22:42:53.344+0000] {task_command.py:388} INFO - Running <TaskInstance: AUTOMATISATION.demarre_ELK scheduled__2023-03-13T00:03:42+00:00 [running]> on host dev
[2023-03-13T22:42:53.430+0000] {taskinstance.py:1507} INFO - Exporting the following env vars:
AIRFLOW_CTX_DAG_OWNER=airflow
AIRFLOW_CTX_DAG_ID=AUTOMATISATION
AIRFLOW_CTX_TASK_ID=demarre_ELK
AIRFLOW_CTX_EXECUTION_DATE=2023-03-13T00:03:42+00:00
AIRFLOW_CTX_TRY_NUMBER=1
AIRFLOW_CTX_DAG_RUN_ID=scheduled__2023-03-13T00:03:42+00:00
[2023-03-13T22:42:53.431+0000] {subprocess.py:63} INFO - Tmp dir root location: 
 /tmp
[2023-03-13T22:42:53.432+0000] {subprocess.py:75} INFO - Running command: ['/usr/bin/bash', '-c', 'docker-compose -f /home/dev/soute/ELK/docker-compose.yml up -d']
[2023-03-13T22:42:53.440+0000] {subprocess.py:86} INFO - Output:
[2023-03-13T22:42:54.199+0000] {subprocess.py:93} INFO - elasticsearch is up-to-date
[2023-03-13T22:42:54.199+0000] {subprocess.py:93} INFO - kibana is up-to-date
[2023-03-13T22:42:54.247+0000] {subprocess.py:97} INFO - Command exited with return code 0
[2023-03-13T22:42:54.277+0000] {taskinstance.py:1318} INFO - Marking task as SUCCESS. dag_id=AUTOMATISATION, task_id=demarre_ELK, execution_date=20230313T000342, start_date=20230313T224253, end_date=20230313T224254
[2023-03-13T22:42:54.328+0000] {local_task_job.py:208} INFO - Task exited with return code 0
[2023-03-13T22:42:54.352+0000] {taskinstance.py:2578} INFO - 1 downstream tasks scheduled from follow-on schedule check
[2023-03-15T07:34:37.030+0000] {taskinstance.py:1083} INFO - Dependencies all met for <TaskInstance: AUTOMATISATION.demarre_ELK scheduled__2023-03-13T00:03:42+00:00 [queued]>
[2023-03-15T07:34:37.035+0000] {taskinstance.py:1083} INFO - Dependencies all met for <TaskInstance: AUTOMATISATION.demarre_ELK scheduled__2023-03-13T00:03:42+00:00 [queued]>
[2023-03-15T07:34:37.035+0000] {taskinstance.py:1279} INFO - 
--------------------------------------------------------------------------------
[2023-03-15T07:34:37.035+0000] {taskinstance.py:1280} INFO - Starting attempt 1 of 2
[2023-03-15T07:34:37.035+0000] {taskinstance.py:1281} INFO - 
--------------------------------------------------------------------------------
[2023-03-15T07:34:37.046+0000] {taskinstance.py:1300} INFO - Executing <Task(BashOperator): demarre_ELK> on 2023-03-13 00:03:42+00:00
[2023-03-15T07:34:37.047+0000] {standard_task_runner.py:55} INFO - Started process 132852 to run task
[2023-03-15T07:34:37.049+0000] {standard_task_runner.py:82} INFO - Running: ['airflow', 'tasks', 'run', 'AUTOMATISATION', 'demarre_ELK', 'scheduled__2023-03-13T00:03:42+00:00', '--job-id', '795', '--raw', '--subdir', 'DAGS_FOLDER/main.py', '--cfg-path', '/tmp/tmpypufejey']
[2023-03-15T07:34:37.050+0000] {standard_task_runner.py:83} INFO - Job 795: Subtask demarre_ELK
[2023-03-15T07:34:37.078+0000] {task_command.py:388} INFO - Running <TaskInstance: AUTOMATISATION.demarre_ELK scheduled__2023-03-13T00:03:42+00:00 [running]> on host dev
[2023-03-15T07:34:37.114+0000] {taskinstance.py:1507} INFO - Exporting the following env vars:
AIRFLOW_CTX_DAG_OWNER=airflow
AIRFLOW_CTX_DAG_ID=AUTOMATISATION
AIRFLOW_CTX_TASK_ID=demarre_ELK
AIRFLOW_CTX_EXECUTION_DATE=2023-03-13T00:03:42+00:00
AIRFLOW_CTX_TRY_NUMBER=1
AIRFLOW_CTX_DAG_RUN_ID=scheduled__2023-03-13T00:03:42+00:00
[2023-03-15T07:34:37.115+0000] {subprocess.py:63} INFO - Tmp dir root location: 
 /tmp
[2023-03-15T07:34:37.115+0000] {subprocess.py:75} INFO - Running command: ['/usr/bin/bash', '-c', 'docker-compose -f /home/dev/soute/ELK/docker-compose.yml up -d']
[2023-03-15T07:34:37.119+0000] {subprocess.py:86} INFO - Output:
[2023-03-15T07:34:37.410+0000] {subprocess.py:93} INFO - elasticsearch is up-to-date
[2023-03-15T07:34:37.411+0000] {subprocess.py:93} INFO - kibana is up-to-date
[2023-03-15T07:34:37.432+0000] {subprocess.py:97} INFO - Command exited with return code 0
[2023-03-15T07:34:37.445+0000] {taskinstance.py:1318} INFO - Marking task as SUCCESS. dag_id=AUTOMATISATION, task_id=demarre_ELK, execution_date=20230313T000342, start_date=20230315T073437, end_date=20230315T073437
[2023-03-15T07:34:37.462+0000] {local_task_job.py:208} INFO - Task exited with return code 0
[2023-03-15T07:34:37.480+0000] {taskinstance.py:2578} INFO - 1 downstream tasks scheduled from follow-on schedule check
