[2023-03-13T23:05:35.464+0000] {taskinstance.py:1083} INFO - Dependencies all met for <TaskInstance: AUTOMATISATION.Chargement_des_données_in_ELK scheduled__2023-03-13T00:04:12+00:00 [queued]>
[2023-03-13T23:05:35.477+0000] {taskinstance.py:1083} INFO - Dependencies all met for <TaskInstance: AUTOMATISATION.Chargement_des_données_in_ELK scheduled__2023-03-13T00:04:12+00:00 [queued]>
[2023-03-13T23:05:35.477+0000] {taskinstance.py:1279} INFO - 
--------------------------------------------------------------------------------
[2023-03-13T23:05:35.478+0000] {taskinstance.py:1280} INFO - Starting attempt 1 of 4
[2023-03-13T23:05:35.478+0000] {taskinstance.py:1281} INFO - 
--------------------------------------------------------------------------------
[2023-03-13T23:05:35.508+0000] {taskinstance.py:1300} INFO - Executing <Task(BashOperator): Chargement_des_données_in_ELK> on 2023-03-13 00:04:12+00:00
[2023-03-13T23:05:35.511+0000] {standard_task_runner.py:55} INFO - Started process 81994 to run task
[2023-03-13T23:05:35.516+0000] {standard_task_runner.py:82} INFO - Running: ['airflow', 'tasks', 'run', 'AUTOMATISATION', 'Chargement_des_données_in_ELK', 'scheduled__2023-03-13T00:04:12+00:00', '--job-id', '447', '--raw', '--subdir', 'DAGS_FOLDER/main.py', '--cfg-path', '/tmp/tmp9ihpctin']
[2023-03-13T23:05:35.518+0000] {standard_task_runner.py:83} INFO - Job 447: Subtask Chargement_des_données_in_ELK
[2023-03-13T23:05:35.592+0000] {task_command.py:388} INFO - Running <TaskInstance: AUTOMATISATION.Chargement_des_données_in_ELK scheduled__2023-03-13T00:04:12+00:00 [running]> on host dev
[2023-03-13T23:05:35.705+0000] {taskinstance.py:1507} INFO - Exporting the following env vars:
AIRFLOW_CTX_DAG_OWNER=airflow
AIRFLOW_CTX_DAG_ID=AUTOMATISATION
AIRFLOW_CTX_TASK_ID=Chargement_des_données_in_ELK
AIRFLOW_CTX_EXECUTION_DATE=2023-03-13T00:04:12+00:00
AIRFLOW_CTX_TRY_NUMBER=1
AIRFLOW_CTX_DAG_RUN_ID=scheduled__2023-03-13T00:04:12+00:00
[2023-03-13T23:05:35.707+0000] {subprocess.py:63} INFO - Tmp dir root location: 
 /tmp
[2023-03-13T23:05:35.708+0000] {subprocess.py:75} INFO - Running command: ['/usr/bin/bash', '-c', 'echo dev | sudo -S /usr/share/logstash/bin/logstash --path.settings=/etc/logstash/ -f /etc/logstash/conf.d/data.conf']
[2023-03-13T23:05:35.717+0000] {subprocess.py:86} INFO - Output:
[2023-03-13T23:05:35.804+0000] {subprocess.py:93} INFO - [sudo] Mot de passe de dev : Using bundled JDK: /usr/share/logstash/jdk
[2023-03-13T23:05:36.058+0000] {subprocess.py:93} INFO - OpenJDK 64-Bit Server VM warning: Option UseConcMarkSweepGC was deprecated in version 9.0 and will likely be removed in a future release.
[2023-03-13T23:05:59.529+0000] {subprocess.py:93} INFO - Sending Logstash logs to /var/log/logstash which is now configured via log4j2.properties
[2023-03-13T23:05:59.636+0000] {subprocess.py:93} INFO - [2023-03-13T23:05:59,633][INFO ][logstash.runner          ] Log4j configuration path used is: /etc/logstash/log4j2.properties
[2023-03-13T23:05:59.646+0000] {subprocess.py:93} INFO - [2023-03-13T23:05:59,645][INFO ][logstash.runner          ] Starting Logstash {"logstash.version"=>"7.15.2", "jruby.version"=>"jruby 9.2.19.0 (2.5.8) 2021-06-15 55810c552b OpenJDK 64-Bit Server VM 11.0.12+7 on 11.0.12+7 +indy +jit [linux-x86_64]"}
[2023-03-13T23:06:00.203+0000] {subprocess.py:93} INFO - [2023-03-13T23:06:00,203][WARN ][logstash.config.source.multilocal] Ignoring the 'pipelines.yml' file because modules or command line options are specified
[2023-03-13T23:06:01.875+0000] {subprocess.py:93} INFO - [2023-03-13T23:06:01,874][INFO ][logstash.agent           ] Successfully started Logstash API endpoint {:port=>9600}
[2023-03-13T23:06:02.769+0000] {subprocess.py:93} INFO - [2023-03-13T23:06:02,768][INFO ][org.reflections.Reflections] Reflections took 112 ms to scan 1 urls, producing 120 keys and 417 values
[2023-03-13T23:06:04.398+0000] {subprocess.py:93} INFO - [2023-03-13T23:06:04,397][INFO ][logstash.outputs.elasticsearch][main] New Elasticsearch output {:class=>"LogStash::Outputs::ElasticSearch", :hosts=>["//localhost:9200"]}
[2023-03-13T23:06:04.925+0000] {subprocess.py:93} INFO - [2023-03-13T23:06:04,924][INFO ][logstash.outputs.elasticsearch][main] Elasticsearch pool URLs updated {:changes=>{:removed=>[], :added=>[http://localhost:9200/]}}
[2023-03-13T23:06:05.125+0000] {subprocess.py:93} INFO - [2023-03-13T23:06:05,124][WARN ][logstash.outputs.elasticsearch][main] Restored connection to ES instance {:url=>"http://localhost:9200/"}
[2023-03-13T23:06:05.196+0000] {subprocess.py:93} INFO - [2023-03-13T23:06:05,195][INFO ][logstash.outputs.elasticsearch][main] Elasticsearch version determined (7.15.2) {:es_version=>7}
[2023-03-13T23:06:05.199+0000] {subprocess.py:93} INFO - [2023-03-13T23:06:05,198][WARN ][logstash.outputs.elasticsearch][main] Detected a 6.x and above cluster: the `type` event field won't be used to determine the document _type {:es_version=>7}
[2023-03-13T23:06:05.404+0000] {subprocess.py:93} INFO - [2023-03-13T23:06:05,403][INFO ][logstash.outputs.elasticsearch][main] Using a default mapping template {:es_version=>7, :ecs_compatibility=>:disabled}
[2023-03-13T23:06:05.445+0000] {subprocess.py:93} INFO - [2023-03-13T23:06:05,445][INFO ][logstash.javapipeline    ][main] Starting pipeline {:pipeline_id=>"main", "pipeline.workers"=>8, "pipeline.batch.size"=>125, "pipeline.batch.delay"=>50, "pipeline.max_inflight"=>1000, "pipeline.sources"=>["/etc/logstash/conf.d/data.conf"], :thread=>"#<Thread:0x68edfc45 run>"}
[2023-03-13T23:06:06.711+0000] {subprocess.py:93} INFO - [2023-03-13T23:06:06,711][INFO ][logstash.javapipeline    ][main] Pipeline Java execution initialization time {"seconds"=>1.26}
[2023-03-13T23:06:06.850+0000] {subprocess.py:93} INFO - [2023-03-13T23:06:06,850][INFO ][logstash.javapipeline    ][main] Pipeline started {"pipeline.id"=>"main"}
[2023-03-13T23:06:06.947+0000] {subprocess.py:93} INFO - [2023-03-13T23:06:06,946][INFO ][logstash.agent           ] Pipelines running {:count=>1, :running_pipelines=>[:main], :non_running_pipelines=>[]}
[2023-03-13T23:06:08.398+0000] {subprocess.py:93} INFO - [2023-03-13T23:06:08,397][INFO ][logstash.inputs.jdbc     ][main][afa454a497099ce3438919c7cfc7ae10a3b3980082608321cda443e0b5f70dbd] (0.030977s) SELECT CAST(current_setting('server_version_num') AS integer) AS v
[2023-03-13T23:06:08.644+0000] {subprocess.py:93} INFO - [2023-03-13T23:06:08,644][INFO ][logstash.inputs.jdbc     ][main][afa454a497099ce3438919c7cfc7ae10a3b3980082608321cda443e0b5f70dbd] (0.092467s) SELECT count(*) AS "count" FROM (SELECT * FROM customers) AS "t1" LIMIT 1
[2023-03-13T23:06:09.139+0000] {subprocess.py:93} INFO - [2023-03-13T23:06:09,139][INFO ][logstash.inputs.jdbc     ][main][afa454a497099ce3438919c7cfc7ae10a3b3980082608321cda443e0b5f70dbd] (0.466537s) SELECT * FROM (SELECT * FROM customers) AS "t1" LIMIT 50000 OFFSET 0
[2023-03-13T23:06:16.569+0000] {subprocess.py:93} INFO - [2023-03-13T23:06:16,569][INFO ][logstash.inputs.jdbc     ][main][afa454a497099ce3438919c7cfc7ae10a3b3980082608321cda443e0b5f70dbd] (0.342977s) SELECT * FROM (SELECT * FROM customers) AS "t1" LIMIT 50000 OFFSET 50000
[2023-03-13T23:06:22.107+0000] {subprocess.py:93} INFO - [2023-03-13T23:06:22,107][INFO ][logstash.inputs.jdbc     ][main][afa454a497099ce3438919c7cfc7ae10a3b3980082608321cda443e0b5f70dbd] (0.397132s) SELECT * FROM (SELECT * FROM customers) AS "t1" LIMIT 50000 OFFSET 100000
[2023-03-13T23:06:25.202+0000] {subprocess.py:93} INFO - [2023-03-13T23:06:25,201][INFO ][logstash.inputs.jdbc     ][main][afa454a497099ce3438919c7cfc7ae10a3b3980082608321cda443e0b5f70dbd] (0.099332s) SELECT * FROM (SELECT * FROM customers) AS "t1" LIMIT 50000 OFFSET 150000
[2023-03-13T23:06:27.589+0000] {subprocess.py:93} INFO - [2023-03-13T23:06:27,589][INFO ][logstash.inputs.jdbc     ][main][afa454a497099ce3438919c7cfc7ae10a3b3980082608321cda443e0b5f70dbd] (0.139483s) SELECT * FROM (SELECT * FROM customers) AS "t1" LIMIT 50000 OFFSET 200000
[2023-03-13T23:06:29.938+0000] {subprocess.py:93} INFO - [2023-03-13T23:06:29,937][INFO ][logstash.inputs.jdbc     ][main][afa454a497099ce3438919c7cfc7ae10a3b3980082608321cda443e0b5f70dbd] (0.163653s) SELECT * FROM (SELECT * FROM customers) AS "t1" LIMIT 50000 OFFSET 250000
[2023-03-13T23:06:32.483+0000] {subprocess.py:93} INFO - [2023-03-13T23:06:32,483][INFO ][logstash.inputs.jdbc     ][main][afa454a497099ce3438919c7cfc7ae10a3b3980082608321cda443e0b5f70dbd] (0.138124s) SELECT * FROM (SELECT * FROM customers) AS "t1" LIMIT 50000 OFFSET 300000
[2023-03-13T23:06:34.906+0000] {subprocess.py:93} INFO - [2023-03-13T23:06:34,906][INFO ][logstash.inputs.jdbc     ][main][afa454a497099ce3438919c7cfc7ae10a3b3980082608321cda443e0b5f70dbd] (0.132945s) SELECT * FROM (SELECT * FROM customers) AS "t1" LIMIT 50000 OFFSET 350000
[2023-03-13T23:06:38.204+0000] {subprocess.py:93} INFO - [2023-03-13T23:06:38,204][INFO ][logstash.inputs.jdbc     ][main][afa454a497099ce3438919c7cfc7ae10a3b3980082608321cda443e0b5f70dbd] (0.195190s) SELECT * FROM (SELECT * FROM customers) AS "t1" LIMIT 50000 OFFSET 400000
[2023-03-13T23:06:40.492+0000] {subprocess.py:93} INFO - [2023-03-13T23:06:40,491][INFO ][logstash.inputs.jdbc     ][main][afa454a497099ce3438919c7cfc7ae10a3b3980082608321cda443e0b5f70dbd] (0.134492s) SELECT * FROM (SELECT * FROM customers) AS "t1" LIMIT 50000 OFFSET 450000
[2023-03-13T23:06:43.093+0000] {subprocess.py:93} INFO - [2023-03-13T23:06:43,093][INFO ][logstash.inputs.jdbc     ][main][afa454a497099ce3438919c7cfc7ae10a3b3980082608321cda443e0b5f70dbd] (0.139942s) SELECT * FROM (SELECT * FROM customers) AS "t1" LIMIT 50000 OFFSET 500000
[2023-03-13T23:06:45.565+0000] {subprocess.py:93} INFO - [2023-03-13T23:06:45,565][INFO ][logstash.inputs.jdbc     ][main][afa454a497099ce3438919c7cfc7ae10a3b3980082608321cda443e0b5f70dbd] (0.130251s) SELECT * FROM (SELECT * FROM customers) AS "t1" LIMIT 50000 OFFSET 550000
[2023-03-13T23:06:47.917+0000] {subprocess.py:93} INFO - [2023-03-13T23:06:47,916][INFO ][logstash.inputs.jdbc     ][main][afa454a497099ce3438919c7cfc7ae10a3b3980082608321cda443e0b5f70dbd] (0.148594s) SELECT * FROM (SELECT * FROM customers) AS "t1" LIMIT 50000 OFFSET 600000
[2023-03-13T23:06:50.248+0000] {subprocess.py:93} INFO - [2023-03-13T23:06:50,248][INFO ][logstash.inputs.jdbc     ][main][afa454a497099ce3438919c7cfc7ae10a3b3980082608321cda443e0b5f70dbd] (0.135465s) SELECT * FROM (SELECT * FROM customers) AS "t1" LIMIT 50000 OFFSET 650000
[2023-03-13T23:06:53.571+0000] {subprocess.py:93} INFO - [2023-03-13T23:06:53,571][INFO ][logstash.inputs.jdbc     ][main][afa454a497099ce3438919c7cfc7ae10a3b3980082608321cda443e0b5f70dbd] (0.125322s) SELECT * FROM (SELECT * FROM customers) AS "t1" LIMIT 50000 OFFSET 700000
[2023-03-13T23:06:55.922+0000] {subprocess.py:93} INFO - [2023-03-13T23:06:55,922][INFO ][logstash.inputs.jdbc     ][main][afa454a497099ce3438919c7cfc7ae10a3b3980082608321cda443e0b5f70dbd] (0.135947s) SELECT * FROM (SELECT * FROM customers) AS "t1" LIMIT 50000 OFFSET 750000
[2023-03-13T23:06:59.684+0000] {subprocess.py:93} INFO - [2023-03-13T23:06:59,683][INFO ][logstash.inputs.jdbc     ][main][afa454a497099ce3438919c7cfc7ae10a3b3980082608321cda443e0b5f70dbd] (0.158657s) SELECT * FROM (SELECT * FROM customers) AS "t1" LIMIT 50000 OFFSET 800000
[2023-03-13T23:07:01.910+0000] {subprocess.py:93} INFO - [2023-03-13T23:07:01,910][INFO ][logstash.inputs.jdbc     ][main][afa454a497099ce3438919c7cfc7ae10a3b3980082608321cda443e0b5f70dbd] (0.172379s) SELECT * FROM (SELECT * FROM customers) AS "t1" LIMIT 50000 OFFSET 850000
[2023-03-13T23:07:04.162+0000] {subprocess.py:93} INFO - [2023-03-13T23:07:04,162][INFO ][logstash.inputs.jdbc     ][main][afa454a497099ce3438919c7cfc7ae10a3b3980082608321cda443e0b5f70dbd] (0.148396s) SELECT * FROM (SELECT * FROM customers) AS "t1" LIMIT 50000 OFFSET 900000
[2023-03-13T23:07:06.825+0000] {subprocess.py:93} INFO - [2023-03-13T23:07:06,824][INFO ][logstash.inputs.jdbc     ][main][afa454a497099ce3438919c7cfc7ae10a3b3980082608321cda443e0b5f70dbd] (0.152269s) SELECT * FROM (SELECT * FROM customers) AS "t1" LIMIT 50000 OFFSET 950000
[2023-03-13T23:07:09.540+0000] {subprocess.py:93} INFO - [2023-03-13T23:07:09,539][INFO ][logstash.inputs.jdbc     ][main][afa454a497099ce3438919c7cfc7ae10a3b3980082608321cda443e0b5f70dbd] (0.189923s) SELECT * FROM (SELECT * FROM customers) AS "t1" LIMIT 50000 OFFSET 1000000
[2023-03-13T23:07:12.024+0000] {subprocess.py:93} INFO - [2023-03-13T23:07:12,024][INFO ][logstash.inputs.jdbc     ][main][afa454a497099ce3438919c7cfc7ae10a3b3980082608321cda443e0b5f70dbd] (0.206518s) SELECT * FROM (SELECT * FROM customers) AS "t1" LIMIT 50000 OFFSET 1050000
[2023-03-13T23:07:14.810+0000] {subprocess.py:93} INFO - [2023-03-13T23:07:14,810][INFO ][logstash.inputs.jdbc     ][main][afa454a497099ce3438919c7cfc7ae10a3b3980082608321cda443e0b5f70dbd] (0.187473s) SELECT * FROM (SELECT * FROM customers) AS "t1" LIMIT 50000 OFFSET 1100000
[2023-03-13T23:07:17.478+0000] {subprocess.py:93} INFO - [2023-03-13T23:07:17,478][INFO ][logstash.inputs.jdbc     ][main][afa454a497099ce3438919c7cfc7ae10a3b3980082608321cda443e0b5f70dbd] (0.163661s) SELECT * FROM (SELECT * FROM customers) AS "t1" LIMIT 50000 OFFSET 1150000
[2023-03-13T23:07:20.395+0000] {subprocess.py:93} INFO - [2023-03-13T23:07:20,394][INFO ][logstash.javapipeline    ][main] Pipeline terminated {"pipeline.id"=>"main"}
[2023-03-13T23:07:20.711+0000] {subprocess.py:93} INFO - [2023-03-13T23:07:20,710][INFO ][logstash.pipelinesregistry] Removed pipeline from registry successfully {:pipeline_id=>:main}
[2023-03-13T23:07:20.755+0000] {subprocess.py:93} INFO - [2023-03-13T23:07:20,755][INFO ][logstash.runner          ] Logstash shut down.
[2023-03-13T23:07:20.931+0000] {subprocess.py:97} INFO - Command exited with return code 0
[2023-03-13T23:07:20.967+0000] {taskinstance.py:1318} INFO - Marking task as SUCCESS. dag_id=AUTOMATISATION, task_id=Chargement_des_données_in_ELK, execution_date=20230313T000412, start_date=20230313T230535, end_date=20230313T230720
[2023-03-13T23:07:21.019+0000] {local_task_job.py:208} INFO - Task exited with return code 0
[2023-03-13T23:07:21.033+0000] {taskinstance.py:2578} INFO - 0 downstream tasks scheduled from follow-on schedule check
[2023-03-15T07:37:58.549+0000] {taskinstance.py:1083} INFO - Dependencies all met for <TaskInstance: AUTOMATISATION.Chargement_des_données_in_ELK scheduled__2023-03-13T00:04:12+00:00 [queued]>
[2023-03-15T07:37:58.553+0000] {taskinstance.py:1083} INFO - Dependencies all met for <TaskInstance: AUTOMATISATION.Chargement_des_données_in_ELK scheduled__2023-03-13T00:04:12+00:00 [queued]>
[2023-03-15T07:37:58.554+0000] {taskinstance.py:1279} INFO - 
--------------------------------------------------------------------------------
[2023-03-15T07:37:58.554+0000] {taskinstance.py:1280} INFO - Starting attempt 1 of 4
[2023-03-15T07:37:58.554+0000] {taskinstance.py:1281} INFO - 
--------------------------------------------------------------------------------
[2023-03-15T07:37:58.566+0000] {taskinstance.py:1300} INFO - Executing <Task(BashOperator): Chargement_des_données_in_ELK> on 2023-03-13 00:04:12+00:00
[2023-03-15T07:37:58.568+0000] {standard_task_runner.py:55} INFO - Started process 134725 to run task
[2023-03-15T07:37:58.570+0000] {standard_task_runner.py:82} INFO - Running: ['airflow', 'tasks', 'run', 'AUTOMATISATION', 'Chargement_des_données_in_ELK', 'scheduled__2023-03-13T00:04:12+00:00', '--job-id', '817', '--raw', '--subdir', 'DAGS_FOLDER/main.py', '--cfg-path', '/tmp/tmp8j9hq64z']
[2023-03-15T07:37:58.570+0000] {standard_task_runner.py:83} INFO - Job 817: Subtask Chargement_des_données_in_ELK
[2023-03-15T07:37:58.600+0000] {task_command.py:388} INFO - Running <TaskInstance: AUTOMATISATION.Chargement_des_données_in_ELK scheduled__2023-03-13T00:04:12+00:00 [running]> on host dev
[2023-03-15T07:37:58.638+0000] {taskinstance.py:1507} INFO - Exporting the following env vars:
AIRFLOW_CTX_DAG_OWNER=airflow
AIRFLOW_CTX_DAG_ID=AUTOMATISATION
AIRFLOW_CTX_TASK_ID=Chargement_des_données_in_ELK
AIRFLOW_CTX_EXECUTION_DATE=2023-03-13T00:04:12+00:00
AIRFLOW_CTX_TRY_NUMBER=1
AIRFLOW_CTX_DAG_RUN_ID=scheduled__2023-03-13T00:04:12+00:00
[2023-03-15T07:37:58.638+0000] {subprocess.py:63} INFO - Tmp dir root location: 
 /tmp
[2023-03-15T07:37:58.639+0000] {subprocess.py:75} INFO - Running command: ['/usr/bin/bash', '-c', 'echo dev | sudo -S /usr/share/logstash/bin/logstash --path.settings=/etc/logstash/ -f /etc/logstash/conf.d/data.conf']
[2023-03-15T07:37:58.643+0000] {subprocess.py:86} INFO - Output:
[2023-03-15T07:37:58.679+0000] {subprocess.py:93} INFO - [sudo] Mot de passe de dev : Using bundled JDK: /usr/share/logstash/jdk
[2023-03-15T07:37:58.803+0000] {subprocess.py:93} INFO - OpenJDK 64-Bit Server VM warning: Option UseConcMarkSweepGC was deprecated in version 9.0 and will likely be removed in a future release.
[2023-03-15T07:38:10.245+0000] {subprocess.py:93} INFO - Sending Logstash logs to /var/log/logstash which is now configured via log4j2.properties
[2023-03-15T07:38:10.299+0000] {subprocess.py:93} INFO - [2023-03-15T07:38:10,297][INFO ][logstash.runner          ] Log4j configuration path used is: /etc/logstash/log4j2.properties
[2023-03-15T07:38:10.304+0000] {subprocess.py:93} INFO - [2023-03-15T07:38:10,304][INFO ][logstash.runner          ] Starting Logstash {"logstash.version"=>"7.15.2", "jruby.version"=>"jruby 9.2.19.0 (2.5.8) 2021-06-15 55810c552b OpenJDK 64-Bit Server VM 11.0.12+7 on 11.0.12+7 +indy +jit [linux-x86_64]"}
[2023-03-15T07:38:10.511+0000] {subprocess.py:93} INFO - [2023-03-15T07:38:10,511][WARN ][logstash.config.source.multilocal] Ignoring the 'pipelines.yml' file because modules or command line options are specified
[2023-03-15T07:38:11.270+0000] {subprocess.py:93} INFO - [2023-03-15T07:38:11,267][INFO ][logstash.agent           ] Successfully started Logstash API endpoint {:port=>9600}
[2023-03-15T07:38:11.749+0000] {subprocess.py:93} INFO - [2023-03-15T07:38:11,749][INFO ][org.reflections.Reflections] Reflections took 67 ms to scan 1 urls, producing 120 keys and 417 values
[2023-03-15T07:38:12.542+0000] {subprocess.py:93} INFO - [2023-03-15T07:38:12,541][INFO ][logstash.outputs.elasticsearch][main] New Elasticsearch output {:class=>"LogStash::Outputs::ElasticSearch", :hosts=>["//localhost:9200"]}
[2023-03-15T07:38:12.760+0000] {subprocess.py:93} INFO - [2023-03-15T07:38:12,759][INFO ][logstash.outputs.elasticsearch][main] Elasticsearch pool URLs updated {:changes=>{:removed=>[], :added=>[http://localhost:9200/]}}
[2023-03-15T07:38:12.861+0000] {subprocess.py:93} INFO - [2023-03-15T07:38:12,861][WARN ][logstash.outputs.elasticsearch][main] Restored connection to ES instance {:url=>"http://localhost:9200/"}
[2023-03-15T07:38:12.894+0000] {subprocess.py:93} INFO - [2023-03-15T07:38:12,894][INFO ][logstash.outputs.elasticsearch][main] Elasticsearch version determined (7.15.2) {:es_version=>7}
[2023-03-15T07:38:12.896+0000] {subprocess.py:93} INFO - [2023-03-15T07:38:12,895][WARN ][logstash.outputs.elasticsearch][main] Detected a 6.x and above cluster: the `type` event field won't be used to determine the document _type {:es_version=>7}
[2023-03-15T07:38:12.999+0000] {subprocess.py:93} INFO - [2023-03-15T07:38:12,998][INFO ][logstash.outputs.elasticsearch][main] Using a default mapping template {:es_version=>7, :ecs_compatibility=>:disabled}
[2023-03-15T07:38:13.023+0000] {subprocess.py:93} INFO - [2023-03-15T07:38:13,023][INFO ][logstash.javapipeline    ][main] Starting pipeline {:pipeline_id=>"main", "pipeline.workers"=>8, "pipeline.batch.size"=>125, "pipeline.batch.delay"=>50, "pipeline.max_inflight"=>1000, "pipeline.sources"=>["/etc/logstash/conf.d/data.conf"], :thread=>"#<Thread:0x5dbfc1d0 run>"}
[2023-03-15T07:38:13.572+0000] {subprocess.py:93} INFO - [2023-03-15T07:38:13,571][INFO ][logstash.javapipeline    ][main] Pipeline Java execution initialization time {"seconds"=>0.55}
[2023-03-15T07:38:13.657+0000] {subprocess.py:93} INFO - [2023-03-15T07:38:13,656][INFO ][logstash.javapipeline    ][main] Pipeline started {"pipeline.id"=>"main"}
[2023-03-15T07:38:13.727+0000] {subprocess.py:93} INFO - [2023-03-15T07:38:13,726][INFO ][logstash.agent           ] Pipelines running {:count=>1, :running_pipelines=>[:main], :non_running_pipelines=>[]}
[2023-03-15T07:38:14.488+0000] {subprocess.py:93} INFO - [2023-03-15T07:38:14,487][INFO ][logstash.inputs.jdbc     ][main][afa454a497099ce3438919c7cfc7ae10a3b3980082608321cda443e0b5f70dbd] (0.017121s) SELECT CAST(current_setting('server_version_num') AS integer) AS v
[2023-03-15T07:38:14.610+0000] {subprocess.py:93} INFO - [2023-03-15T07:38:14,610][INFO ][logstash.inputs.jdbc     ][main][afa454a497099ce3438919c7cfc7ae10a3b3980082608321cda443e0b5f70dbd] (0.001675s) SELECT count(*) AS "count" FROM (SELECT * FROM customers) AS "t1" LIMIT 1
[2023-03-15T07:38:14.943+0000] {subprocess.py:93} INFO - [2023-03-15T07:38:14,942][INFO ][logstash.javapipeline    ][main] Pipeline terminated {"pipeline.id"=>"main"}
[2023-03-15T07:38:15.268+0000] {subprocess.py:93} INFO - [2023-03-15T07:38:15,267][INFO ][logstash.pipelinesregistry] Removed pipeline from registry successfully {:pipeline_id=>:main}
[2023-03-15T07:38:15.292+0000] {subprocess.py:93} INFO - [2023-03-15T07:38:15,292][INFO ][logstash.runner          ] Logstash shut down.
[2023-03-15T07:38:15.348+0000] {subprocess.py:97} INFO - Command exited with return code 0
[2023-03-15T07:38:15.361+0000] {taskinstance.py:1318} INFO - Marking task as SUCCESS. dag_id=AUTOMATISATION, task_id=Chargement_des_données_in_ELK, execution_date=20230313T000412, start_date=20230315T073758, end_date=20230315T073815
[2023-03-15T07:38:15.407+0000] {local_task_job.py:208} INFO - Task exited with return code 0
[2023-03-15T07:38:15.413+0000] {taskinstance.py:2578} INFO - 0 downstream tasks scheduled from follow-on schedule check
