[2023-03-15T07:45:11.521+0000] {taskinstance.py:1083} INFO - Dependencies all met for <TaskInstance: AUTOMATISATION.Chargement_des_données_in_ELK manual__2023-03-15T07:44:36.187076+00:00 [queued]>
[2023-03-15T07:45:11.526+0000] {taskinstance.py:1083} INFO - Dependencies all met for <TaskInstance: AUTOMATISATION.Chargement_des_données_in_ELK manual__2023-03-15T07:44:36.187076+00:00 [queued]>
[2023-03-15T07:45:11.527+0000] {taskinstance.py:1279} INFO - 
--------------------------------------------------------------------------------
[2023-03-15T07:45:11.527+0000] {taskinstance.py:1280} INFO - Starting attempt 1 of 4
[2023-03-15T07:45:11.527+0000] {taskinstance.py:1281} INFO - 
--------------------------------------------------------------------------------
[2023-03-15T07:45:11.540+0000] {taskinstance.py:1300} INFO - Executing <Task(BashOperator): Chargement_des_données_in_ELK> on 2023-03-15 07:44:36.187076+00:00
[2023-03-15T07:45:11.542+0000] {standard_task_runner.py:55} INFO - Started process 139137 to run task
[2023-03-15T07:45:11.544+0000] {standard_task_runner.py:82} INFO - Running: ['airflow', 'tasks', 'run', 'AUTOMATISATION', 'Chargement_des_données_in_ELK', 'manual__2023-03-15T07:44:36.187076+00:00', '--job-id', '858', '--raw', '--subdir', 'DAGS_FOLDER/main.py', '--cfg-path', '/tmp/tmpzqu075r0']
[2023-03-15T07:45:11.545+0000] {standard_task_runner.py:83} INFO - Job 858: Subtask Chargement_des_données_in_ELK
[2023-03-15T07:45:11.579+0000] {task_command.py:388} INFO - Running <TaskInstance: AUTOMATISATION.Chargement_des_données_in_ELK manual__2023-03-15T07:44:36.187076+00:00 [running]> on host dev
[2023-03-15T07:45:11.626+0000] {taskinstance.py:1507} INFO - Exporting the following env vars:
AIRFLOW_CTX_DAG_OWNER=airflow
AIRFLOW_CTX_DAG_ID=AUTOMATISATION
AIRFLOW_CTX_TASK_ID=Chargement_des_données_in_ELK
AIRFLOW_CTX_EXECUTION_DATE=2023-03-15T07:44:36.187076+00:00
AIRFLOW_CTX_TRY_NUMBER=1
AIRFLOW_CTX_DAG_RUN_ID=manual__2023-03-15T07:44:36.187076+00:00
[2023-03-15T07:45:11.628+0000] {subprocess.py:63} INFO - Tmp dir root location: 
 /tmp
[2023-03-15T07:45:11.628+0000] {subprocess.py:75} INFO - Running command: ['/usr/bin/bash', '-c', 'echo dev | sudo -S /usr/share/logstash/bin/logstash --path.settings=/etc/logstash/ -f /etc/logstash/conf.d/data.conf']
[2023-03-15T07:45:11.633+0000] {subprocess.py:86} INFO - Output:
[2023-03-15T07:45:11.677+0000] {subprocess.py:93} INFO - [sudo] Mot de passe de dev : Using bundled JDK: /usr/share/logstash/jdk
[2023-03-15T07:45:11.821+0000] {subprocess.py:93} INFO - OpenJDK 64-Bit Server VM warning: Option UseConcMarkSweepGC was deprecated in version 9.0 and will likely be removed in a future release.
[2023-03-15T07:45:26.925+0000] {subprocess.py:93} INFO - Sending Logstash logs to /var/log/logstash which is now configured via log4j2.properties
[2023-03-15T07:45:27.005+0000] {subprocess.py:93} INFO - [2023-03-15T07:45:27,002][INFO ][logstash.runner          ] Log4j configuration path used is: /etc/logstash/log4j2.properties
[2023-03-15T07:45:27.012+0000] {subprocess.py:93} INFO - [2023-03-15T07:45:27,012][INFO ][logstash.runner          ] Starting Logstash {"logstash.version"=>"7.15.2", "jruby.version"=>"jruby 9.2.19.0 (2.5.8) 2021-06-15 55810c552b OpenJDK 64-Bit Server VM 11.0.12+7 on 11.0.12+7 +indy +jit [linux-x86_64]"}
[2023-03-15T07:45:27.309+0000] {subprocess.py:93} INFO - [2023-03-15T07:45:27,309][WARN ][logstash.config.source.multilocal] Ignoring the 'pipelines.yml' file because modules or command line options are specified
[2023-03-15T07:45:28.299+0000] {subprocess.py:93} INFO - [2023-03-15T07:45:28,298][INFO ][logstash.agent           ] Successfully started Logstash API endpoint {:port=>9600}
[2023-03-15T07:45:29.017+0000] {subprocess.py:93} INFO - [2023-03-15T07:45:29,016][INFO ][org.reflections.Reflections] Reflections took 154 ms to scan 1 urls, producing 120 keys and 417 values
[2023-03-15T07:45:30.150+0000] {subprocess.py:93} INFO - [2023-03-15T07:45:30,150][INFO ][logstash.outputs.elasticsearch][main] New Elasticsearch output {:class=>"LogStash::Outputs::ElasticSearch", :hosts=>["//localhost:9200"]}
[2023-03-15T07:45:30.472+0000] {subprocess.py:93} INFO - [2023-03-15T07:45:30,470][INFO ][logstash.outputs.elasticsearch][main] Elasticsearch pool URLs updated {:changes=>{:removed=>[], :added=>[http://localhost:9200/]}}
[2023-03-15T07:45:30.615+0000] {subprocess.py:93} INFO - [2023-03-15T07:45:30,615][WARN ][logstash.outputs.elasticsearch][main] Restored connection to ES instance {:url=>"http://localhost:9200/"}
[2023-03-15T07:45:30.654+0000] {subprocess.py:93} INFO - [2023-03-15T07:45:30,653][INFO ][logstash.outputs.elasticsearch][main] Elasticsearch version determined (7.15.2) {:es_version=>7}
[2023-03-15T07:45:30.656+0000] {subprocess.py:93} INFO - [2023-03-15T07:45:30,656][WARN ][logstash.outputs.elasticsearch][main] Detected a 6.x and above cluster: the `type` event field won't be used to determine the document _type {:es_version=>7}
[2023-03-15T07:45:30.782+0000] {subprocess.py:93} INFO - [2023-03-15T07:45:30,781][INFO ][logstash.outputs.elasticsearch][main] Using a default mapping template {:es_version=>7, :ecs_compatibility=>:disabled}
[2023-03-15T07:45:30.811+0000] {subprocess.py:93} INFO - [2023-03-15T07:45:30,811][INFO ][logstash.javapipeline    ][main] Starting pipeline {:pipeline_id=>"main", "pipeline.workers"=>8, "pipeline.batch.size"=>125, "pipeline.batch.delay"=>50, "pipeline.max_inflight"=>1000, "pipeline.sources"=>["/etc/logstash/conf.d/data.conf"], :thread=>"#<Thread:0x105c1b03 run>"}
[2023-03-15T07:45:31.470+0000] {subprocess.py:93} INFO - [2023-03-15T07:45:31,470][INFO ][logstash.javapipeline    ][main] Pipeline Java execution initialization time {"seconds"=>0.66}
[2023-03-15T07:45:31.545+0000] {subprocess.py:93} INFO - [2023-03-15T07:45:31,544][INFO ][logstash.javapipeline    ][main] Pipeline started {"pipeline.id"=>"main"}
[2023-03-15T07:45:31.643+0000] {subprocess.py:93} INFO - [2023-03-15T07:45:31,635][INFO ][logstash.agent           ] Pipelines running {:count=>1, :running_pipelines=>[:main], :non_running_pipelines=>[]}
[2023-03-15T07:45:32.587+0000] {subprocess.py:93} INFO - [2023-03-15T07:45:32,587][INFO ][logstash.inputs.jdbc     ][main][afa454a497099ce3438919c7cfc7ae10a3b3980082608321cda443e0b5f70dbd] (0.013017s) SELECT CAST(current_setting('server_version_num') AS integer) AS v
[2023-03-15T07:45:32.719+0000] {subprocess.py:93} INFO - [2023-03-15T07:45:32,719][INFO ][logstash.inputs.jdbc     ][main][afa454a497099ce3438919c7cfc7ae10a3b3980082608321cda443e0b5f70dbd] (0.007232s) SELECT count(*) AS "count" FROM (SELECT * FROM customers) AS "t1" LIMIT 1
[2023-03-15T07:45:32.932+0000] {subprocess.py:93} INFO - [2023-03-15T07:45:32,932][INFO ][logstash.inputs.jdbc     ][main][afa454a497099ce3438919c7cfc7ae10a3b3980082608321cda443e0b5f70dbd] (0.190185s) SELECT * FROM (SELECT * FROM customers) AS "t1" LIMIT 50000 OFFSET 0
[2023-03-15T07:45:37.710+0000] {subprocess.py:93} INFO - [2023-03-15T07:45:37,710][INFO ][logstash.javapipeline    ][main] Pipeline terminated {"pipeline.id"=>"main"}
[2023-03-15T07:45:38.221+0000] {subprocess.py:93} INFO - [2023-03-15T07:45:38,220][INFO ][logstash.pipelinesregistry] Removed pipeline from registry successfully {:pipeline_id=>:main}
[2023-03-15T07:45:38.268+0000] {subprocess.py:93} INFO - [2023-03-15T07:45:38,267][INFO ][logstash.runner          ] Logstash shut down.
[2023-03-15T07:45:38.390+0000] {subprocess.py:97} INFO - Command exited with return code 0
[2023-03-15T07:45:38.415+0000] {taskinstance.py:1318} INFO - Marking task as SUCCESS. dag_id=AUTOMATISATION, task_id=Chargement_des_données_in_ELK, execution_date=20230315T074436, start_date=20230315T074511, end_date=20230315T074538
[2023-03-15T07:45:38.452+0000] {local_task_job.py:208} INFO - Task exited with return code 0
[2023-03-15T07:45:38.461+0000] {taskinstance.py:2578} INFO - 0 downstream tasks scheduled from follow-on schedule check
