[2023-03-13T22:15:32.241+0000] {taskinstance.py:1083} INFO - Dependencies all met for <TaskInstance: AUTOMATISATION.Chargement_des_données_in_ELK scheduled__2023-03-13T00:03:00+00:00 [queued]>
[2023-03-13T22:15:32.252+0000] {taskinstance.py:1083} INFO - Dependencies all met for <TaskInstance: AUTOMATISATION.Chargement_des_données_in_ELK scheduled__2023-03-13T00:03:00+00:00 [queued]>
[2023-03-13T22:15:32.252+0000] {taskinstance.py:1279} INFO - 
--------------------------------------------------------------------------------
[2023-03-13T22:15:32.252+0000] {taskinstance.py:1280} INFO - Starting attempt 1 of 4
[2023-03-13T22:15:32.253+0000] {taskinstance.py:1281} INFO - 
--------------------------------------------------------------------------------
[2023-03-13T22:15:32.284+0000] {taskinstance.py:1300} INFO - Executing <Task(BashOperator): Chargement_des_données_in_ELK> on 2023-03-13 00:03:00+00:00
[2023-03-13T22:15:32.286+0000] {standard_task_runner.py:55} INFO - Started process 70006 to run task
[2023-03-13T22:15:32.290+0000] {standard_task_runner.py:82} INFO - Running: ['airflow', 'tasks', 'run', 'AUTOMATISATION', 'Chargement_des_données_in_ELK', 'scheduled__2023-03-13T00:03:00+00:00', '--job-id', '399', '--raw', '--subdir', 'DAGS_FOLDER/main.py', '--cfg-path', '/tmp/tmp1hzoemz8']
[2023-03-13T22:15:32.292+0000] {standard_task_runner.py:83} INFO - Job 399: Subtask Chargement_des_données_in_ELK
[2023-03-13T22:15:32.353+0000] {task_command.py:388} INFO - Running <TaskInstance: AUTOMATISATION.Chargement_des_données_in_ELK scheduled__2023-03-13T00:03:00+00:00 [running]> on host dev
[2023-03-13T22:15:32.444+0000] {taskinstance.py:1507} INFO - Exporting the following env vars:
AIRFLOW_CTX_DAG_OWNER=airflow
AIRFLOW_CTX_DAG_ID=AUTOMATISATION
AIRFLOW_CTX_TASK_ID=Chargement_des_données_in_ELK
AIRFLOW_CTX_EXECUTION_DATE=2023-03-13T00:03:00+00:00
AIRFLOW_CTX_TRY_NUMBER=1
AIRFLOW_CTX_DAG_RUN_ID=scheduled__2023-03-13T00:03:00+00:00
[2023-03-13T22:15:32.446+0000] {subprocess.py:63} INFO - Tmp dir root location: 
 /tmp
[2023-03-13T22:15:32.447+0000] {subprocess.py:75} INFO - Running command: ['/usr/bin/bash', '-c', 'echo dev | sudo -S /usr/share/logstash/bin/logstash --path.settings=/etc/logstash/ -f /etc/logstash/conf.d/data.conf']
[2023-03-13T22:15:32.454+0000] {subprocess.py:86} INFO - Output:
[2023-03-13T22:15:32.539+0000] {subprocess.py:93} INFO - [sudo] Mot de passe de dev : Using bundled JDK: /usr/share/logstash/jdk
[2023-03-13T22:15:32.784+0000] {subprocess.py:93} INFO - OpenJDK 64-Bit Server VM warning: Option UseConcMarkSweepGC was deprecated in version 9.0 and will likely be removed in a future release.
[2023-03-13T22:15:55.779+0000] {subprocess.py:93} INFO - Sending Logstash logs to /var/log/logstash which is now configured via log4j2.properties
[2023-03-13T22:15:55.930+0000] {subprocess.py:93} INFO - [2023-03-13T22:15:55,926][INFO ][logstash.runner          ] Log4j configuration path used is: /etc/logstash/log4j2.properties
[2023-03-13T22:15:55.942+0000] {subprocess.py:93} INFO - [2023-03-13T22:15:55,942][INFO ][logstash.runner          ] Starting Logstash {"logstash.version"=>"7.15.2", "jruby.version"=>"jruby 9.2.19.0 (2.5.8) 2021-06-15 55810c552b OpenJDK 64-Bit Server VM 11.0.12+7 on 11.0.12+7 +indy +jit [linux-x86_64]"}
[2023-03-13T22:15:56.417+0000] {subprocess.py:93} INFO - [2023-03-13T22:15:56,417][WARN ][logstash.config.source.multilocal] Ignoring the 'pipelines.yml' file because modules or command line options are specified
[2023-03-13T22:15:58.180+0000] {subprocess.py:93} INFO - [2023-03-13T22:15:58,178][INFO ][logstash.agent           ] Successfully started Logstash API endpoint {:port=>9600}
[2023-03-13T22:15:59.178+0000] {subprocess.py:93} INFO - [2023-03-13T22:15:59,177][INFO ][org.reflections.Reflections] Reflections took 173 ms to scan 1 urls, producing 120 keys and 417 values
[2023-03-13T22:16:00.556+0000] {subprocess.py:93} INFO - [2023-03-13T22:16:00,555][INFO ][logstash.outputs.elasticsearch][main] New Elasticsearch output {:class=>"LogStash::Outputs::ElasticSearch", :hosts=>["//localhost:9200"]}
[2023-03-13T22:16:00.961+0000] {subprocess.py:93} INFO - [2023-03-13T22:16:00,959][INFO ][logstash.outputs.elasticsearch][main] Elasticsearch pool URLs updated {:changes=>{:removed=>[], :added=>[http://localhost:9200/]}}
[2023-03-13T22:16:01.207+0000] {subprocess.py:93} INFO - [2023-03-13T22:16:01,206][WARN ][logstash.outputs.elasticsearch][main] Restored connection to ES instance {:url=>"http://localhost:9200/"}
[2023-03-13T22:16:01.276+0000] {subprocess.py:93} INFO - [2023-03-13T22:16:01,276][INFO ][logstash.outputs.elasticsearch][main] Elasticsearch version determined (7.15.2) {:es_version=>7}
[2023-03-13T22:16:01.280+0000] {subprocess.py:93} INFO - [2023-03-13T22:16:01,280][WARN ][logstash.outputs.elasticsearch][main] Detected a 6.x and above cluster: the `type` event field won't be used to determine the document _type {:es_version=>7}
[2023-03-13T22:16:01.500+0000] {subprocess.py:93} INFO - [2023-03-13T22:16:01,500][INFO ][logstash.outputs.elasticsearch][main] Using a default mapping template {:es_version=>7, :ecs_compatibility=>:disabled}
[2023-03-13T22:16:01.551+0000] {subprocess.py:93} INFO - [2023-03-13T22:16:01,550][INFO ][logstash.javapipeline    ][main] Starting pipeline {:pipeline_id=>"main", "pipeline.workers"=>8, "pipeline.batch.size"=>125, "pipeline.batch.delay"=>50, "pipeline.max_inflight"=>1000, "pipeline.sources"=>["/etc/logstash/conf.d/data.conf"], :thread=>"#<Thread:0x5268bdde run>"}
[2023-03-13T22:16:02.798+0000] {subprocess.py:93} INFO - [2023-03-13T22:16:02,797][INFO ][logstash.javapipeline    ][main] Pipeline Java execution initialization time {"seconds"=>1.24}
[2023-03-13T22:16:02.945+0000] {subprocess.py:93} INFO - [2023-03-13T22:16:02,945][INFO ][logstash.javapipeline    ][main] Pipeline started {"pipeline.id"=>"main"}
[2023-03-13T22:16:03.056+0000] {subprocess.py:93} INFO - [2023-03-13T22:16:03,055][INFO ][logstash.agent           ] Pipelines running {:count=>1, :running_pipelines=>[:main], :non_running_pipelines=>[]}
[2023-03-13T22:16:04.418+0000] {subprocess.py:93} INFO - [2023-03-13T22:16:04,417][INFO ][logstash.inputs.jdbc     ][main][afa454a497099ce3438919c7cfc7ae10a3b3980082608321cda443e0b5f70dbd] (0.023168s) SELECT CAST(current_setting('server_version_num') AS integer) AS v
[2023-03-13T22:16:04.653+0000] {subprocess.py:93} INFO - [2023-03-13T22:16:04,653][INFO ][logstash.inputs.jdbc     ][main][afa454a497099ce3438919c7cfc7ae10a3b3980082608321cda443e0b5f70dbd] (0.080895s) SELECT count(*) AS "count" FROM (SELECT * FROM customers) AS "t1" LIMIT 1
[2023-03-13T22:16:05.274+0000] {subprocess.py:93} INFO - [2023-03-13T22:16:05,274][INFO ][logstash.inputs.jdbc     ][main][afa454a497099ce3438919c7cfc7ae10a3b3980082608321cda443e0b5f70dbd] (0.590307s) SELECT * FROM (SELECT * FROM customers) AS "t1" LIMIT 50000 OFFSET 0
[2023-03-13T22:16:12.931+0000] {subprocess.py:93} INFO - [2023-03-13T22:16:12,931][INFO ][logstash.inputs.jdbc     ][main][afa454a497099ce3438919c7cfc7ae10a3b3980082608321cda443e0b5f70dbd] (0.371605s) SELECT * FROM (SELECT * FROM customers) AS "t1" LIMIT 50000 OFFSET 50000
[2023-03-13T22:16:19.699+0000] {subprocess.py:93} INFO - [2023-03-13T22:16:19,699][INFO ][logstash.inputs.jdbc     ][main][afa454a497099ce3438919c7cfc7ae10a3b3980082608321cda443e0b5f70dbd] (0.168547s) SELECT * FROM (SELECT * FROM customers) AS "t1" LIMIT 50000 OFFSET 100000
[2023-03-13T22:16:24.361+0000] {subprocess.py:93} INFO - [2023-03-13T22:16:24,361][INFO ][logstash.inputs.jdbc     ][main][afa454a497099ce3438919c7cfc7ae10a3b3980082608321cda443e0b5f70dbd] (0.130255s) SELECT * FROM (SELECT * FROM customers) AS "t1" LIMIT 50000 OFFSET 150000
[2023-03-13T22:16:27.112+0000] {subprocess.py:93} INFO - [2023-03-13T22:16:27,112][INFO ][logstash.inputs.jdbc     ][main][afa454a497099ce3438919c7cfc7ae10a3b3980082608321cda443e0b5f70dbd] (0.136218s) SELECT * FROM (SELECT * FROM customers) AS "t1" LIMIT 50000 OFFSET 200000
[2023-03-13T22:16:29.589+0000] {subprocess.py:93} INFO - [2023-03-13T22:16:29,589][INFO ][logstash.inputs.jdbc     ][main][afa454a497099ce3438919c7cfc7ae10a3b3980082608321cda443e0b5f70dbd] (0.137680s) SELECT * FROM (SELECT * FROM customers) AS "t1" LIMIT 50000 OFFSET 250000
[2023-03-13T22:16:33.024+0000] {subprocess.py:93} INFO - [2023-03-13T22:16:33,024][INFO ][logstash.inputs.jdbc     ][main][afa454a497099ce3438919c7cfc7ae10a3b3980082608321cda443e0b5f70dbd] (0.136572s) SELECT * FROM (SELECT * FROM customers) AS "t1" LIMIT 50000 OFFSET 300000
[2023-03-13T22:16:35.464+0000] {subprocess.py:93} INFO - [2023-03-13T22:16:35,464][INFO ][logstash.inputs.jdbc     ][main][afa454a497099ce3438919c7cfc7ae10a3b3980082608321cda443e0b5f70dbd] (0.119752s) SELECT * FROM (SELECT * FROM customers) AS "t1" LIMIT 50000 OFFSET 350000
[2023-03-13T22:16:37.956+0000] {subprocess.py:93} INFO - [2023-03-13T22:16:37,956][INFO ][logstash.inputs.jdbc     ][main][afa454a497099ce3438919c7cfc7ae10a3b3980082608321cda443e0b5f70dbd] (0.113264s) SELECT * FROM (SELECT * FROM customers) AS "t1" LIMIT 50000 OFFSET 400000
[2023-03-13T22:16:40.399+0000] {subprocess.py:93} INFO - [2023-03-13T22:16:40,399][INFO ][logstash.inputs.jdbc     ][main][afa454a497099ce3438919c7cfc7ae10a3b3980082608321cda443e0b5f70dbd] (0.123860s) SELECT * FROM (SELECT * FROM customers) AS "t1" LIMIT 50000 OFFSET 450000
[2023-03-13T22:16:42.802+0000] {subprocess.py:93} INFO - [2023-03-13T22:16:42,801][INFO ][logstash.inputs.jdbc     ][main][afa454a497099ce3438919c7cfc7ae10a3b3980082608321cda443e0b5f70dbd] (0.124510s) SELECT * FROM (SELECT * FROM customers) AS "t1" LIMIT 50000 OFFSET 500000
[2023-03-13T22:16:45.800+0000] {subprocess.py:93} INFO - [2023-03-13T22:16:45,799][INFO ][logstash.inputs.jdbc     ][main][afa454a497099ce3438919c7cfc7ae10a3b3980082608321cda443e0b5f70dbd] (0.171929s) SELECT * FROM (SELECT * FROM customers) AS "t1" LIMIT 50000 OFFSET 550000
[2023-03-13T22:16:53.259+0000] {subprocess.py:93} INFO - [2023-03-13T22:16:53,259][INFO ][logstash.inputs.jdbc     ][main][afa454a497099ce3438919c7cfc7ae10a3b3980082608321cda443e0b5f70dbd] (0.154664s) SELECT * FROM (SELECT * FROM customers) AS "t1" LIMIT 50000 OFFSET 600000
[2023-03-13T22:16:57.619+0000] {subprocess.py:93} INFO - [2023-03-13T22:16:57,619][INFO ][logstash.inputs.jdbc     ][main][afa454a497099ce3438919c7cfc7ae10a3b3980082608321cda443e0b5f70dbd] (0.142493s) SELECT * FROM (SELECT * FROM customers) AS "t1" LIMIT 50000 OFFSET 650000
[2023-03-13T22:17:00.171+0000] {subprocess.py:93} INFO - [2023-03-13T22:17:00,171][INFO ][logstash.inputs.jdbc     ][main][afa454a497099ce3438919c7cfc7ae10a3b3980082608321cda443e0b5f70dbd] (0.163226s) SELECT * FROM (SELECT * FROM customers) AS "t1" LIMIT 50000 OFFSET 700000
[2023-03-13T22:17:03.538+0000] {subprocess.py:93} INFO - [2023-03-13T22:17:03,538][INFO ][logstash.inputs.jdbc     ][main][afa454a497099ce3438919c7cfc7ae10a3b3980082608321cda443e0b5f70dbd] (0.166233s) SELECT * FROM (SELECT * FROM customers) AS "t1" LIMIT 50000 OFFSET 750000
[2023-03-13T22:17:05.902+0000] {subprocess.py:93} INFO - [2023-03-13T22:17:05,902][INFO ][logstash.inputs.jdbc     ][main][afa454a497099ce3438919c7cfc7ae10a3b3980082608321cda443e0b5f70dbd] (0.165117s) SELECT * FROM (SELECT * FROM customers) AS "t1" LIMIT 50000 OFFSET 800000
[2023-03-13T22:17:08.333+0000] {subprocess.py:93} INFO - [2023-03-13T22:17:08,333][INFO ][logstash.inputs.jdbc     ][main][afa454a497099ce3438919c7cfc7ae10a3b3980082608321cda443e0b5f70dbd] (0.163253s) SELECT * FROM (SELECT * FROM customers) AS "t1" LIMIT 50000 OFFSET 850000
[2023-03-13T22:17:10.894+0000] {subprocess.py:93} INFO - [2023-03-13T22:17:10,893][INFO ][logstash.inputs.jdbc     ][main][afa454a497099ce3438919c7cfc7ae10a3b3980082608321cda443e0b5f70dbd] (0.172827s) SELECT * FROM (SELECT * FROM customers) AS "t1" LIMIT 50000 OFFSET 900000
[2023-03-13T22:17:13.585+0000] {subprocess.py:93} INFO - [2023-03-13T22:17:13,584][INFO ][logstash.inputs.jdbc     ][main][afa454a497099ce3438919c7cfc7ae10a3b3980082608321cda443e0b5f70dbd] (0.203156s) SELECT * FROM (SELECT * FROM customers) AS "t1" LIMIT 50000 OFFSET 950000
[2023-03-13T22:17:16.566+0000] {subprocess.py:93} INFO - [2023-03-13T22:17:16,565][INFO ][logstash.inputs.jdbc     ][main][afa454a497099ce3438919c7cfc7ae10a3b3980082608321cda443e0b5f70dbd] (0.230368s) SELECT * FROM (SELECT * FROM customers) AS "t1" LIMIT 50000 OFFSET 1000000
[2023-03-13T22:17:19.390+0000] {subprocess.py:93} INFO - [2023-03-13T22:17:19,390][INFO ][logstash.inputs.jdbc     ][main][afa454a497099ce3438919c7cfc7ae10a3b3980082608321cda443e0b5f70dbd] (0.162045s) SELECT * FROM (SELECT * FROM customers) AS "t1" LIMIT 50000 OFFSET 1050000
[2023-03-13T22:17:22.373+0000] {subprocess.py:93} INFO - [2023-03-13T22:17:22,373][INFO ][logstash.inputs.jdbc     ][main][afa454a497099ce3438919c7cfc7ae10a3b3980082608321cda443e0b5f70dbd] (0.273536s) SELECT * FROM (SELECT * FROM customers) AS "t1" LIMIT 50000 OFFSET 1100000
[2023-03-13T22:17:26.657+0000] {subprocess.py:93} INFO - [2023-03-13T22:17:26,657][INFO ][logstash.inputs.jdbc     ][main][afa454a497099ce3438919c7cfc7ae10a3b3980082608321cda443e0b5f70dbd] (0.206731s) SELECT * FROM (SELECT * FROM customers) AS "t1" LIMIT 50000 OFFSET 1150000
[2023-03-13T22:17:30.664+0000] {subprocess.py:93} INFO - [2023-03-13T22:17:30,664][INFO ][logstash.javapipeline    ][main] Pipeline terminated {"pipeline.id"=>"main"}
[2023-03-13T22:17:31.003+0000] {subprocess.py:93} INFO - [2023-03-13T22:17:31,002][INFO ][logstash.pipelinesregistry] Removed pipeline from registry successfully {:pipeline_id=>:main}
[2023-03-13T22:17:31.069+0000] {subprocess.py:93} INFO - [2023-03-13T22:17:31,069][INFO ][logstash.runner          ] Logstash shut down.
[2023-03-13T22:17:31.276+0000] {subprocess.py:97} INFO - Command exited with return code 0
[2023-03-13T22:17:31.311+0000] {taskinstance.py:1318} INFO - Marking task as SUCCESS. dag_id=AUTOMATISATION, task_id=Chargement_des_données_in_ELK, execution_date=20230313T000300, start_date=20230313T221532, end_date=20230313T221731
[2023-03-13T22:17:31.339+0000] {local_task_job.py:208} INFO - Task exited with return code 0
[2023-03-13T22:17:31.355+0000] {taskinstance.py:2578} INFO - 0 downstream tasks scheduled from follow-on schedule check
[2023-03-15T07:29:56.700+0000] {taskinstance.py:1083} INFO - Dependencies all met for <TaskInstance: AUTOMATISATION.Chargement_des_données_in_ELK scheduled__2023-03-13T00:03:00+00:00 [queued]>
[2023-03-15T07:29:56.705+0000] {taskinstance.py:1083} INFO - Dependencies all met for <TaskInstance: AUTOMATISATION.Chargement_des_données_in_ELK scheduled__2023-03-13T00:03:00+00:00 [queued]>
[2023-03-15T07:29:56.705+0000] {taskinstance.py:1279} INFO - 
--------------------------------------------------------------------------------
[2023-03-15T07:29:56.706+0000] {taskinstance.py:1280} INFO - Starting attempt 1 of 4
[2023-03-15T07:29:56.706+0000] {taskinstance.py:1281} INFO - 
--------------------------------------------------------------------------------
[2023-03-15T07:29:56.716+0000] {taskinstance.py:1300} INFO - Executing <Task(BashOperator): Chargement_des_données_in_ELK> on 2023-03-13 00:03:00+00:00
[2023-03-15T07:29:56.718+0000] {standard_task_runner.py:55} INFO - Started process 130075 to run task
[2023-03-15T07:29:56.720+0000] {standard_task_runner.py:82} INFO - Running: ['airflow', 'tasks', 'run', 'AUTOMATISATION', 'Chargement_des_données_in_ELK', 'scheduled__2023-03-13T00:03:00+00:00', '--job-id', '768', '--raw', '--subdir', 'DAGS_FOLDER/main.py', '--cfg-path', '/tmp/tmpzt3jib59']
[2023-03-15T07:29:56.721+0000] {standard_task_runner.py:83} INFO - Job 768: Subtask Chargement_des_données_in_ELK
[2023-03-15T07:29:56.754+0000] {task_command.py:388} INFO - Running <TaskInstance: AUTOMATISATION.Chargement_des_données_in_ELK scheduled__2023-03-13T00:03:00+00:00 [running]> on host dev
[2023-03-15T07:29:56.795+0000] {taskinstance.py:1507} INFO - Exporting the following env vars:
AIRFLOW_CTX_DAG_OWNER=airflow
AIRFLOW_CTX_DAG_ID=AUTOMATISATION
AIRFLOW_CTX_TASK_ID=Chargement_des_données_in_ELK
AIRFLOW_CTX_EXECUTION_DATE=2023-03-13T00:03:00+00:00
AIRFLOW_CTX_TRY_NUMBER=1
AIRFLOW_CTX_DAG_RUN_ID=scheduled__2023-03-13T00:03:00+00:00
[2023-03-15T07:29:56.796+0000] {subprocess.py:63} INFO - Tmp dir root location: 
 /tmp
[2023-03-15T07:29:56.796+0000] {subprocess.py:75} INFO - Running command: ['/usr/bin/bash', '-c', 'echo dev | sudo -S /usr/share/logstash/bin/logstash --path.settings=/etc/logstash/ -f /etc/logstash/conf.d/data.conf']
[2023-03-15T07:29:56.801+0000] {subprocess.py:86} INFO - Output:
[2023-03-15T07:29:56.841+0000] {subprocess.py:93} INFO - [sudo] Mot de passe de dev : Using bundled JDK: /usr/share/logstash/jdk
[2023-03-15T07:29:56.970+0000] {subprocess.py:93} INFO - OpenJDK 64-Bit Server VM warning: Option UseConcMarkSweepGC was deprecated in version 9.0 and will likely be removed in a future release.
[2023-03-15T07:30:08.907+0000] {subprocess.py:93} INFO - Sending Logstash logs to /var/log/logstash which is now configured via log4j2.properties
[2023-03-15T07:30:08.986+0000] {subprocess.py:93} INFO - [2023-03-15T07:30:08,984][INFO ][logstash.runner          ] Log4j configuration path used is: /etc/logstash/log4j2.properties
[2023-03-15T07:30:08.995+0000] {subprocess.py:93} INFO - [2023-03-15T07:30:08,994][INFO ][logstash.runner          ] Starting Logstash {"logstash.version"=>"7.15.2", "jruby.version"=>"jruby 9.2.19.0 (2.5.8) 2021-06-15 55810c552b OpenJDK 64-Bit Server VM 11.0.12+7 on 11.0.12+7 +indy +jit [linux-x86_64]"}
[2023-03-15T07:30:09.244+0000] {subprocess.py:93} INFO - [2023-03-15T07:30:09,243][WARN ][logstash.config.source.multilocal] Ignoring the 'pipelines.yml' file because modules or command line options are specified
[2023-03-15T07:30:10.264+0000] {subprocess.py:93} INFO - [2023-03-15T07:30:10,264][INFO ][logstash.agent           ] Successfully started Logstash API endpoint {:port=>9600}
[2023-03-15T07:30:10.797+0000] {subprocess.py:93} INFO - [2023-03-15T07:30:10,796][INFO ][org.reflections.Reflections] Reflections took 70 ms to scan 1 urls, producing 120 keys and 417 values
[2023-03-15T07:30:11.769+0000] {subprocess.py:93} INFO - [2023-03-15T07:30:11,768][INFO ][logstash.outputs.elasticsearch][main] New Elasticsearch output {:class=>"LogStash::Outputs::ElasticSearch", :hosts=>["//localhost:9200"]}
[2023-03-15T07:30:12.118+0000] {subprocess.py:93} INFO - [2023-03-15T07:30:12,116][INFO ][logstash.outputs.elasticsearch][main] Elasticsearch pool URLs updated {:changes=>{:removed=>[], :added=>[http://localhost:9200/]}}
[2023-03-15T07:30:12.222+0000] {subprocess.py:93} INFO - [2023-03-15T07:30:12,222][WARN ][logstash.outputs.elasticsearch][main] Restored connection to ES instance {:url=>"http://localhost:9200/"}
[2023-03-15T07:30:12.254+0000] {subprocess.py:93} INFO - [2023-03-15T07:30:12,253][INFO ][logstash.outputs.elasticsearch][main] Elasticsearch version determined (7.15.2) {:es_version=>7}
[2023-03-15T07:30:12.255+0000] {subprocess.py:93} INFO - [2023-03-15T07:30:12,255][WARN ][logstash.outputs.elasticsearch][main] Detected a 6.x and above cluster: the `type` event field won't be used to determine the document _type {:es_version=>7}
[2023-03-15T07:30:12.371+0000] {subprocess.py:93} INFO - [2023-03-15T07:30:12,371][INFO ][logstash.outputs.elasticsearch][main] Using a default mapping template {:es_version=>7, :ecs_compatibility=>:disabled}
[2023-03-15T07:30:12.396+0000] {subprocess.py:93} INFO - [2023-03-15T07:30:12,395][INFO ][logstash.javapipeline    ][main] Starting pipeline {:pipeline_id=>"main", "pipeline.workers"=>8, "pipeline.batch.size"=>125, "pipeline.batch.delay"=>50, "pipeline.max_inflight"=>1000, "pipeline.sources"=>["/etc/logstash/conf.d/data.conf"], :thread=>"#<Thread:0x27398317 run>"}
[2023-03-15T07:30:13.042+0000] {subprocess.py:93} INFO - [2023-03-15T07:30:13,042][INFO ][logstash.javapipeline    ][main] Pipeline Java execution initialization time {"seconds"=>0.64}
[2023-03-15T07:30:13.125+0000] {subprocess.py:93} INFO - [2023-03-15T07:30:13,124][INFO ][logstash.javapipeline    ][main] Pipeline started {"pipeline.id"=>"main"}
[2023-03-15T07:30:13.191+0000] {subprocess.py:93} INFO - [2023-03-15T07:30:13,191][INFO ][logstash.agent           ] Pipelines running {:count=>1, :running_pipelines=>[:main], :non_running_pipelines=>[]}
[2023-03-15T07:30:14.162+0000] {subprocess.py:93} INFO - [2023-03-15T07:30:14,161][INFO ][logstash.inputs.jdbc     ][main][afa454a497099ce3438919c7cfc7ae10a3b3980082608321cda443e0b5f70dbd] (0.014833s) SELECT CAST(current_setting('server_version_num') AS integer) AS v
[2023-03-15T07:30:14.283+0000] {subprocess.py:93} INFO - [2023-03-15T07:30:14,283][INFO ][logstash.inputs.jdbc     ][main][afa454a497099ce3438919c7cfc7ae10a3b3980082608321cda443e0b5f70dbd] (0.001391s) SELECT count(*) AS "count" FROM (SELECT * FROM customers) AS "t1" LIMIT 1
[2023-03-15T07:30:15.314+0000] {subprocess.py:93} INFO - [2023-03-15T07:30:15,313][INFO ][logstash.javapipeline    ][main] Pipeline terminated {"pipeline.id"=>"main"}
[2023-03-15T07:30:15.743+0000] {subprocess.py:93} INFO - [2023-03-15T07:30:15,743][INFO ][logstash.pipelinesregistry] Removed pipeline from registry successfully {:pipeline_id=>:main}
[2023-03-15T07:30:15.763+0000] {subprocess.py:93} INFO - [2023-03-15T07:30:15,763][INFO ][logstash.runner          ] Logstash shut down.
[2023-03-15T07:30:15.821+0000] {subprocess.py:97} INFO - Command exited with return code 0
[2023-03-15T07:30:15.834+0000] {taskinstance.py:1318} INFO - Marking task as SUCCESS. dag_id=AUTOMATISATION, task_id=Chargement_des_données_in_ELK, execution_date=20230313T000300, start_date=20230315T072956, end_date=20230315T073015
[2023-03-15T07:30:15.866+0000] {local_task_job.py:208} INFO - Task exited with return code 0
[2023-03-15T07:30:15.871+0000] {taskinstance.py:2578} INFO - 0 downstream tasks scheduled from follow-on schedule check
