[2023-03-13T21:17:25.328+0000] {taskinstance.py:1083} INFO - Dependencies all met for <TaskInstance: AUTOMATISATION.demarre_ELK scheduled__2023-03-13T00:01:39+00:00 [queued]>
[2023-03-13T21:17:25.343+0000] {taskinstance.py:1083} INFO - Dependencies all met for <TaskInstance: AUTOMATISATION.demarre_ELK scheduled__2023-03-13T00:01:39+00:00 [queued]>
[2023-03-13T21:17:25.344+0000] {taskinstance.py:1279} INFO - 
--------------------------------------------------------------------------------
[2023-03-13T21:17:25.344+0000] {taskinstance.py:1280} INFO - Starting attempt 1 of 2
[2023-03-13T21:17:25.344+0000] {taskinstance.py:1281} INFO - 
--------------------------------------------------------------------------------
[2023-03-13T21:17:25.366+0000] {taskinstance.py:1300} INFO - Executing <Task(BashOperator): demarre_ELK> on 2023-03-13 00:01:39+00:00
[2023-03-13T21:17:25.369+0000] {standard_task_runner.py:55} INFO - Started process 56948 to run task
[2023-03-13T21:17:25.373+0000] {standard_task_runner.py:82} INFO - Running: ['airflow', 'tasks', 'run', 'AUTOMATISATION', 'demarre_ELK', 'scheduled__2023-03-13T00:01:39+00:00', '--job-id', '342', '--raw', '--subdir', 'DAGS_FOLDER/main.py', '--cfg-path', '/tmp/tmpd5krrkv6']
[2023-03-13T21:17:25.375+0000] {standard_task_runner.py:83} INFO - Job 342: Subtask demarre_ELK
[2023-03-13T21:17:25.447+0000] {task_command.py:388} INFO - Running <TaskInstance: AUTOMATISATION.demarre_ELK scheduled__2023-03-13T00:01:39+00:00 [running]> on host dev
[2023-03-13T21:17:25.527+0000] {taskinstance.py:1507} INFO - Exporting the following env vars:
AIRFLOW_CTX_DAG_OWNER=airflow
AIRFLOW_CTX_DAG_ID=AUTOMATISATION
AIRFLOW_CTX_TASK_ID=demarre_ELK
AIRFLOW_CTX_EXECUTION_DATE=2023-03-13T00:01:39+00:00
AIRFLOW_CTX_TRY_NUMBER=1
AIRFLOW_CTX_DAG_RUN_ID=scheduled__2023-03-13T00:01:39+00:00
[2023-03-13T21:17:25.530+0000] {subprocess.py:63} INFO - Tmp dir root location: 
 /tmp
[2023-03-13T21:17:25.531+0000] {subprocess.py:75} INFO - Running command: ['/usr/bin/bash', '-c', 'docker-compose -f /home/dev/soute/ELK/docker-compose.yml up -d']
[2023-03-13T21:17:25.542+0000] {subprocess.py:86} INFO - Output:
[2023-03-13T21:17:26.347+0000] {subprocess.py:93} INFO - elasticsearch is up-to-date
[2023-03-13T21:17:26.347+0000] {subprocess.py:93} INFO - kibana is up-to-date
[2023-03-13T21:17:26.405+0000] {subprocess.py:97} INFO - Command exited with return code 0
[2023-03-13T21:17:26.434+0000] {taskinstance.py:1318} INFO - Marking task as SUCCESS. dag_id=AUTOMATISATION, task_id=demarre_ELK, execution_date=20230313T000139, start_date=20230313T211725, end_date=20230313T211726
[2023-03-13T21:17:26.467+0000] {local_task_job.py:208} INFO - Task exited with return code 0
[2023-03-13T21:17:26.495+0000] {taskinstance.py:2578} INFO - 1 downstream tasks scheduled from follow-on schedule check
[2023-03-14T09:54:01.279+0000] {taskinstance.py:1083} INFO - Dependencies all met for <TaskInstance: AUTOMATISATION.demarre_ELK scheduled__2023-03-13T00:01:39+00:00 [queued]>
[2023-03-14T09:54:01.290+0000] {taskinstance.py:1083} INFO - Dependencies all met for <TaskInstance: AUTOMATISATION.demarre_ELK scheduled__2023-03-13T00:01:39+00:00 [queued]>
[2023-03-14T09:54:01.290+0000] {taskinstance.py:1279} INFO - 
--------------------------------------------------------------------------------
[2023-03-14T09:54:01.290+0000] {taskinstance.py:1280} INFO - Starting attempt 1 of 2
[2023-03-14T09:54:01.290+0000] {taskinstance.py:1281} INFO - 
--------------------------------------------------------------------------------
[2023-03-14T09:54:01.309+0000] {taskinstance.py:1300} INFO - Executing <Task(BashOperator): demarre_ELK> on 2023-03-13 00:01:39+00:00
[2023-03-14T09:54:01.312+0000] {standard_task_runner.py:55} INFO - Started process 32323 to run task
[2023-03-14T09:54:01.316+0000] {standard_task_runner.py:82} INFO - Running: ['airflow', 'tasks', 'run', 'AUTOMATISATION', 'demarre_ELK', 'scheduled__2023-03-13T00:01:39+00:00', '--job-id', '586', '--raw', '--subdir', 'DAGS_FOLDER/main.py', '--cfg-path', '/tmp/tmph0u6ef9z']
[2023-03-14T09:54:01.318+0000] {standard_task_runner.py:83} INFO - Job 586: Subtask demarre_ELK
[2023-03-14T09:54:01.383+0000] {task_command.py:388} INFO - Running <TaskInstance: AUTOMATISATION.demarre_ELK scheduled__2023-03-13T00:01:39+00:00 [running]> on host dev
[2023-03-14T09:54:01.455+0000] {taskinstance.py:1507} INFO - Exporting the following env vars:
AIRFLOW_CTX_DAG_OWNER=airflow
AIRFLOW_CTX_DAG_ID=AUTOMATISATION
AIRFLOW_CTX_TASK_ID=demarre_ELK
AIRFLOW_CTX_EXECUTION_DATE=2023-03-13T00:01:39+00:00
AIRFLOW_CTX_TRY_NUMBER=1
AIRFLOW_CTX_DAG_RUN_ID=scheduled__2023-03-13T00:01:39+00:00
[2023-03-14T09:54:01.457+0000] {subprocess.py:63} INFO - Tmp dir root location: 
 /tmp
[2023-03-14T09:54:01.457+0000] {subprocess.py:75} INFO - Running command: ['/usr/bin/bash', '-c', 'docker-compose -f /home/dev/soute/ELK/docker-compose.yml up -d']
[2023-03-14T09:54:01.465+0000] {subprocess.py:86} INFO - Output:
[2023-03-14T09:54:02.193+0000] {subprocess.py:93} INFO - elasticsearch is up-to-date
[2023-03-14T09:54:02.194+0000] {subprocess.py:93} INFO - kibana is up-to-date
[2023-03-14T09:54:02.248+0000] {subprocess.py:97} INFO - Command exited with return code 0
[2023-03-14T09:54:02.275+0000] {taskinstance.py:1318} INFO - Marking task as SUCCESS. dag_id=AUTOMATISATION, task_id=demarre_ELK, execution_date=20230313T000139, start_date=20230314T095401, end_date=20230314T095402
[2023-03-14T09:54:02.330+0000] {local_task_job.py:208} INFO - Task exited with return code 0
[2023-03-14T09:54:02.356+0000] {taskinstance.py:2578} INFO - 1 downstream tasks scheduled from follow-on schedule check
[2023-03-15T07:18:12.159+0000] {taskinstance.py:1083} INFO - Dependencies all met for <TaskInstance: AUTOMATISATION.demarre_ELK scheduled__2023-03-13T00:01:39+00:00 [queued]>
[2023-03-15T07:18:12.164+0000] {taskinstance.py:1083} INFO - Dependencies all met for <TaskInstance: AUTOMATISATION.demarre_ELK scheduled__2023-03-13T00:01:39+00:00 [queued]>
[2023-03-15T07:18:12.164+0000] {taskinstance.py:1279} INFO - 
--------------------------------------------------------------------------------
[2023-03-15T07:18:12.164+0000] {taskinstance.py:1280} INFO - Starting attempt 1 of 2
[2023-03-15T07:18:12.164+0000] {taskinstance.py:1281} INFO - 
--------------------------------------------------------------------------------
[2023-03-15T07:18:12.174+0000] {taskinstance.py:1300} INFO - Executing <Task(BashOperator): demarre_ELK> on 2023-03-13 00:01:39+00:00
[2023-03-15T07:18:12.176+0000] {standard_task_runner.py:55} INFO - Started process 121986 to run task
[2023-03-15T07:18:12.177+0000] {standard_task_runner.py:82} INFO - Running: ['airflow', 'tasks', 'run', 'AUTOMATISATION', 'demarre_ELK', 'scheduled__2023-03-13T00:01:39+00:00', '--job-id', '712', '--raw', '--subdir', 'DAGS_FOLDER/main.py', '--cfg-path', '/tmp/tmpezd0f8qb']
[2023-03-15T07:18:12.178+0000] {standard_task_runner.py:83} INFO - Job 712: Subtask demarre_ELK
[2023-03-15T07:18:12.206+0000] {task_command.py:388} INFO - Running <TaskInstance: AUTOMATISATION.demarre_ELK scheduled__2023-03-13T00:01:39+00:00 [running]> on host dev
[2023-03-15T07:18:12.243+0000] {taskinstance.py:1507} INFO - Exporting the following env vars:
AIRFLOW_CTX_DAG_OWNER=airflow
AIRFLOW_CTX_DAG_ID=AUTOMATISATION
AIRFLOW_CTX_TASK_ID=demarre_ELK
AIRFLOW_CTX_EXECUTION_DATE=2023-03-13T00:01:39+00:00
AIRFLOW_CTX_TRY_NUMBER=1
AIRFLOW_CTX_DAG_RUN_ID=scheduled__2023-03-13T00:01:39+00:00
[2023-03-15T07:18:12.244+0000] {subprocess.py:63} INFO - Tmp dir root location: 
 /tmp
[2023-03-15T07:18:12.245+0000] {subprocess.py:75} INFO - Running command: ['/usr/bin/bash', '-c', 'docker-compose -f /home/dev/soute/ELK/docker-compose.yml up -d']
[2023-03-15T07:18:12.248+0000] {subprocess.py:86} INFO - Output:
[2023-03-15T07:18:12.546+0000] {subprocess.py:93} INFO - elasticsearch is up-to-date
[2023-03-15T07:18:12.546+0000] {subprocess.py:93} INFO - kibana is up-to-date
[2023-03-15T07:18:12.567+0000] {subprocess.py:97} INFO - Command exited with return code 0
[2023-03-15T07:18:12.581+0000] {taskinstance.py:1318} INFO - Marking task as SUCCESS. dag_id=AUTOMATISATION, task_id=demarre_ELK, execution_date=20230313T000139, start_date=20230315T071812, end_date=20230315T071812
[2023-03-15T07:18:12.630+0000] {local_task_job.py:208} INFO - Task exited with return code 0
[2023-03-15T07:18:12.654+0000] {taskinstance.py:2578} INFO - 1 downstream tasks scheduled from follow-on schedule check
