[2023-03-13T19:51:59.337+0000] {taskinstance.py:1083} INFO - Dependencies all met for <TaskInstance: AUTOMATISATION.Chargement_des_données_in_ELK scheduled__2023-03-13T00:00:33+00:00 [queued]>
[2023-03-13T19:51:59.349+0000] {taskinstance.py:1083} INFO - Dependencies all met for <TaskInstance: AUTOMATISATION.Chargement_des_données_in_ELK scheduled__2023-03-13T00:00:33+00:00 [queued]>
[2023-03-13T19:51:59.350+0000] {taskinstance.py:1279} INFO - 
--------------------------------------------------------------------------------
[2023-03-13T19:51:59.350+0000] {taskinstance.py:1280} INFO - Starting attempt 3 of 4
[2023-03-13T19:51:59.350+0000] {taskinstance.py:1281} INFO - 
--------------------------------------------------------------------------------
[2023-03-13T19:51:59.370+0000] {taskinstance.py:1300} INFO - Executing <Task(BashOperator): Chargement_des_données_in_ELK> on 2023-03-13 00:00:33+00:00
[2023-03-13T19:51:59.373+0000] {standard_task_runner.py:55} INFO - Started process 38667 to run task
[2023-03-13T19:51:59.377+0000] {standard_task_runner.py:82} INFO - Running: ['airflow', 'tasks', 'run', 'AUTOMATISATION', 'Chargement_des_données_in_ELK', 'scheduled__2023-03-13T00:00:33+00:00', '--job-id', '111', '--raw', '--subdir', 'DAGS_FOLDER/main.py', '--cfg-path', '/tmp/tmp6i3aro4k']
[2023-03-13T19:51:59.379+0000] {standard_task_runner.py:83} INFO - Job 111: Subtask Chargement_des_données_in_ELK
[2023-03-13T19:51:59.442+0000] {task_command.py:388} INFO - Running <TaskInstance: AUTOMATISATION.Chargement_des_données_in_ELK scheduled__2023-03-13T00:00:33+00:00 [running]> on host dev
[2023-03-13T19:51:59.501+0000] {taskinstance.py:1507} INFO - Exporting the following env vars:
AIRFLOW_CTX_DAG_OWNER=airflow
AIRFLOW_CTX_DAG_ID=AUTOMATISATION
AIRFLOW_CTX_TASK_ID=Chargement_des_données_in_ELK
AIRFLOW_CTX_EXECUTION_DATE=2023-03-13T00:00:33+00:00
AIRFLOW_CTX_TRY_NUMBER=3
AIRFLOW_CTX_DAG_RUN_ID=scheduled__2023-03-13T00:00:33+00:00
[2023-03-13T19:51:59.503+0000] {subprocess.py:63} INFO - Tmp dir root location: 
 /tmp
[2023-03-13T19:51:59.504+0000] {subprocess.py:75} INFO - Running command: ['/usr/bin/bash', '-c', 'bin/logstash --path.config /etc/logstash/conf.d/data.conf']
[2023-03-13T19:51:59.511+0000] {subprocess.py:86} INFO - Output:
[2023-03-13T19:51:59.513+0000] {subprocess.py:93} INFO - /usr/bin/bash: ligne 1: bin/logstash: Aucun fichier ou dossier de ce type
[2023-03-13T19:51:59.513+0000] {subprocess.py:97} INFO - Command exited with return code 127
[2023-03-13T19:51:59.523+0000] {taskinstance.py:1768} ERROR - Task failed with exception
Traceback (most recent call last):
  File "/home/dev/airflow/airflow/lib/python3.10/site-packages/airflow/operators/bash.py", line 196, in execute
    raise AirflowException(
airflow.exceptions.AirflowException: Bash command failed. The command returned a non-zero exit code 127.
[2023-03-13T19:51:59.527+0000] {taskinstance.py:1318} INFO - Marking task as UP_FOR_RETRY. dag_id=AUTOMATISATION, task_id=Chargement_des_données_in_ELK, execution_date=20230313T000033, start_date=20230313T195159, end_date=20230313T195159
[2023-03-13T19:51:59.545+0000] {standard_task_runner.py:100} ERROR - Failed to execute job 111 for task Chargement_des_données_in_ELK (Bash command failed. The command returned a non-zero exit code 127.; 38667)
[2023-03-13T19:51:59.589+0000] {local_task_job.py:208} INFO - Task exited with return code 1
[2023-03-13T19:51:59.609+0000] {taskinstance.py:2578} INFO - 0 downstream tasks scheduled from follow-on schedule check
[2023-03-13T20:13:30.469+0000] {taskinstance.py:1083} INFO - Dependencies all met for <TaskInstance: AUTOMATISATION.Chargement_des_données_in_ELK scheduled__2023-03-13T00:00:33+00:00 [queued]>
[2023-03-13T20:13:30.483+0000] {taskinstance.py:1083} INFO - Dependencies all met for <TaskInstance: AUTOMATISATION.Chargement_des_données_in_ELK scheduled__2023-03-13T00:00:33+00:00 [queued]>
[2023-03-13T20:13:30.483+0000] {taskinstance.py:1279} INFO - 
--------------------------------------------------------------------------------
[2023-03-13T20:13:30.483+0000] {taskinstance.py:1280} INFO - Starting attempt 3 of 4
[2023-03-13T20:13:30.483+0000] {taskinstance.py:1281} INFO - 
--------------------------------------------------------------------------------
[2023-03-13T20:13:30.504+0000] {taskinstance.py:1300} INFO - Executing <Task(BashOperator): Chargement_des_données_in_ELK> on 2023-03-13 00:00:33+00:00
[2023-03-13T20:13:30.508+0000] {standard_task_runner.py:55} INFO - Started process 42557 to run task
[2023-03-13T20:13:30.512+0000] {standard_task_runner.py:82} INFO - Running: ['airflow', 'tasks', 'run', 'AUTOMATISATION', 'Chargement_des_données_in_ELK', 'scheduled__2023-03-13T00:00:33+00:00', '--job-id', '223', '--raw', '--subdir', 'DAGS_FOLDER/main.py', '--cfg-path', '/tmp/tmp85h303o4']
[2023-03-13T20:13:30.514+0000] {standard_task_runner.py:83} INFO - Job 223: Subtask Chargement_des_données_in_ELK
[2023-03-13T20:13:30.581+0000] {task_command.py:388} INFO - Running <TaskInstance: AUTOMATISATION.Chargement_des_données_in_ELK scheduled__2023-03-13T00:00:33+00:00 [running]> on host dev
[2023-03-13T20:13:30.657+0000] {taskinstance.py:1507} INFO - Exporting the following env vars:
AIRFLOW_CTX_DAG_OWNER=airflow
AIRFLOW_CTX_DAG_ID=AUTOMATISATION
AIRFLOW_CTX_TASK_ID=Chargement_des_données_in_ELK
AIRFLOW_CTX_EXECUTION_DATE=2023-03-13T00:00:33+00:00
AIRFLOW_CTX_TRY_NUMBER=3
AIRFLOW_CTX_DAG_RUN_ID=scheduled__2023-03-13T00:00:33+00:00
[2023-03-13T20:13:30.659+0000] {subprocess.py:63} INFO - Tmp dir root location: 
 /tmp
[2023-03-13T20:13:30.660+0000] {subprocess.py:75} INFO - Running command: ['/usr/bin/bash', '-c', 'bin/logstash -f /home/dev/etc/logstash/conf.d/data.conf']
[2023-03-13T20:13:30.668+0000] {subprocess.py:86} INFO - Output:
[2023-03-13T20:13:30.669+0000] {subprocess.py:93} INFO - /usr/bin/bash: ligne 1: bin/logstash: Aucun fichier ou dossier de ce type
[2023-03-13T20:13:30.670+0000] {subprocess.py:97} INFO - Command exited with return code 127
[2023-03-13T20:13:30.680+0000] {taskinstance.py:1768} ERROR - Task failed with exception
Traceback (most recent call last):
  File "/home/dev/airflow/airflow/lib/python3.10/site-packages/airflow/operators/bash.py", line 196, in execute
    raise AirflowException(
airflow.exceptions.AirflowException: Bash command failed. The command returned a non-zero exit code 127.
[2023-03-13T20:13:30.684+0000] {taskinstance.py:1318} INFO - Marking task as UP_FOR_RETRY. dag_id=AUTOMATISATION, task_id=Chargement_des_données_in_ELK, execution_date=20230313T000033, start_date=20230313T201330, end_date=20230313T201330
[2023-03-13T20:13:30.704+0000] {standard_task_runner.py:100} ERROR - Failed to execute job 223 for task Chargement_des_données_in_ELK (Bash command failed. The command returned a non-zero exit code 127.; 42557)
[2023-03-13T20:13:30.724+0000] {local_task_job.py:208} INFO - Task exited with return code 1
[2023-03-13T20:13:30.744+0000] {taskinstance.py:2578} INFO - 0 downstream tasks scheduled from follow-on schedule check
