[2023-03-13T23:40:27.350+0000] {taskinstance.py:1083} INFO - Dependencies all met for <TaskInstance: AUTOMATISATION.demarre_ELK scheduled__2023-03-13T00:05:03+00:00 [queued]>
[2023-03-13T23:40:27.373+0000] {taskinstance.py:1083} INFO - Dependencies all met for <TaskInstance: AUTOMATISATION.demarre_ELK scheduled__2023-03-13T00:05:03+00:00 [queued]>
[2023-03-13T23:40:27.373+0000] {taskinstance.py:1279} INFO - 
--------------------------------------------------------------------------------
[2023-03-13T23:40:27.373+0000] {taskinstance.py:1280} INFO - Starting attempt 1 of 2
[2023-03-13T23:40:27.373+0000] {taskinstance.py:1281} INFO - 
--------------------------------------------------------------------------------
[2023-03-13T23:40:27.411+0000] {taskinstance.py:1300} INFO - Executing <Task(BashOperator): demarre_ELK> on 2023-03-13 00:05:03+00:00
[2023-03-13T23:40:27.414+0000] {standard_task_runner.py:55} INFO - Started process 89040 to run task
[2023-03-13T23:40:27.418+0000] {standard_task_runner.py:82} INFO - Running: ['airflow', 'tasks', 'run', 'AUTOMATISATION', 'demarre_ELK', 'scheduled__2023-03-13T00:05:03+00:00', '--job-id', '478', '--raw', '--subdir', 'DAGS_FOLDER/main.py', '--cfg-path', '/tmp/tmpew2z3ey6']
[2023-03-13T23:40:27.420+0000] {standard_task_runner.py:83} INFO - Job 478: Subtask demarre_ELK
[2023-03-13T23:40:27.495+0000] {task_command.py:388} INFO - Running <TaskInstance: AUTOMATISATION.demarre_ELK scheduled__2023-03-13T00:05:03+00:00 [running]> on host dev
[2023-03-13T23:40:27.600+0000] {taskinstance.py:1507} INFO - Exporting the following env vars:
AIRFLOW_CTX_DAG_OWNER=airflow
AIRFLOW_CTX_DAG_ID=AUTOMATISATION
AIRFLOW_CTX_TASK_ID=demarre_ELK
AIRFLOW_CTX_EXECUTION_DATE=2023-03-13T00:05:03+00:00
AIRFLOW_CTX_TRY_NUMBER=1
AIRFLOW_CTX_DAG_RUN_ID=scheduled__2023-03-13T00:05:03+00:00
[2023-03-13T23:40:27.602+0000] {subprocess.py:63} INFO - Tmp dir root location: 
 /tmp
[2023-03-13T23:40:27.602+0000] {subprocess.py:75} INFO - Running command: ['/usr/bin/bash', '-c', 'docker-compose -f /home/dev/soute/ELK/docker-compose.yml up -d']
[2023-03-13T23:40:27.611+0000] {subprocess.py:86} INFO - Output:
[2023-03-13T23:40:28.377+0000] {subprocess.py:93} INFO - elasticsearch is up-to-date
[2023-03-13T23:40:28.378+0000] {subprocess.py:93} INFO - kibana is up-to-date
[2023-03-13T23:40:28.429+0000] {subprocess.py:97} INFO - Command exited with return code 0
[2023-03-13T23:40:28.464+0000] {taskinstance.py:1318} INFO - Marking task as SUCCESS. dag_id=AUTOMATISATION, task_id=demarre_ELK, execution_date=20230313T000503, start_date=20230313T234027, end_date=20230313T234028
[2023-03-13T23:40:28.512+0000] {local_task_job.py:208} INFO - Task exited with return code 0
[2023-03-13T23:40:28.539+0000] {taskinstance.py:2578} INFO - 1 downstream tasks scheduled from follow-on schedule check
[2023-03-15T07:43:30.044+0000] {taskinstance.py:1083} INFO - Dependencies all met for <TaskInstance: AUTOMATISATION.demarre_ELK scheduled__2023-03-13T00:05:03+00:00 [queued]>
[2023-03-15T07:43:30.050+0000] {taskinstance.py:1083} INFO - Dependencies all met for <TaskInstance: AUTOMATISATION.demarre_ELK scheduled__2023-03-13T00:05:03+00:00 [queued]>
[2023-03-15T07:43:30.050+0000] {taskinstance.py:1279} INFO - 
--------------------------------------------------------------------------------
[2023-03-15T07:43:30.050+0000] {taskinstance.py:1280} INFO - Starting attempt 1 of 2
[2023-03-15T07:43:30.050+0000] {taskinstance.py:1281} INFO - 
--------------------------------------------------------------------------------
[2023-03-15T07:43:30.062+0000] {taskinstance.py:1300} INFO - Executing <Task(BashOperator): demarre_ELK> on 2023-03-13 00:05:03+00:00
[2023-03-15T07:43:30.063+0000] {standard_task_runner.py:55} INFO - Started process 137905 to run task
[2023-03-15T07:43:30.065+0000] {standard_task_runner.py:82} INFO - Running: ['airflow', 'tasks', 'run', 'AUTOMATISATION', 'demarre_ELK', 'scheduled__2023-03-13T00:05:03+00:00', '--job-id', '849', '--raw', '--subdir', 'DAGS_FOLDER/main.py', '--cfg-path', '/tmp/tmps6i8f5tn']
[2023-03-15T07:43:30.066+0000] {standard_task_runner.py:83} INFO - Job 849: Subtask demarre_ELK
[2023-03-15T07:43:30.099+0000] {task_command.py:388} INFO - Running <TaskInstance: AUTOMATISATION.demarre_ELK scheduled__2023-03-13T00:05:03+00:00 [running]> on host dev
[2023-03-15T07:43:30.141+0000] {taskinstance.py:1507} INFO - Exporting the following env vars:
AIRFLOW_CTX_DAG_OWNER=airflow
AIRFLOW_CTX_DAG_ID=AUTOMATISATION
AIRFLOW_CTX_TASK_ID=demarre_ELK
AIRFLOW_CTX_EXECUTION_DATE=2023-03-13T00:05:03+00:00
AIRFLOW_CTX_TRY_NUMBER=1
AIRFLOW_CTX_DAG_RUN_ID=scheduled__2023-03-13T00:05:03+00:00
[2023-03-15T07:43:30.143+0000] {subprocess.py:63} INFO - Tmp dir root location: 
 /tmp
[2023-03-15T07:43:30.143+0000] {subprocess.py:75} INFO - Running command: ['/usr/bin/bash', '-c', 'docker-compose -f /home/dev/soute/ELK/docker-compose.yml up -d']
[2023-03-15T07:43:30.149+0000] {subprocess.py:86} INFO - Output:
[2023-03-15T07:43:30.499+0000] {subprocess.py:93} INFO - elasticsearch is up-to-date
[2023-03-15T07:43:30.499+0000] {subprocess.py:93} INFO - kibana is up-to-date
[2023-03-15T07:43:30.529+0000] {subprocess.py:97} INFO - Command exited with return code 0
[2023-03-15T07:43:30.544+0000] {taskinstance.py:1318} INFO - Marking task as SUCCESS. dag_id=AUTOMATISATION, task_id=demarre_ELK, execution_date=20230313T000503, start_date=20230315T074330, end_date=20230315T074330
[2023-03-15T07:43:30.558+0000] {local_task_job.py:208} INFO - Task exited with return code 0
[2023-03-15T07:43:30.571+0000] {taskinstance.py:2578} INFO - 1 downstream tasks scheduled from follow-on schedule check
