[2023-03-13T22:53:23.051+0000] {taskinstance.py:1083} INFO - Dependencies all met for <TaskInstance: AUTOMATISATION.Chargement_des_données_in_ELK scheduled__2023-03-13T00:03:54+00:00 [queued]>
[2023-03-13T22:53:23.063+0000] {taskinstance.py:1083} INFO - Dependencies all met for <TaskInstance: AUTOMATISATION.Chargement_des_données_in_ELK scheduled__2023-03-13T00:03:54+00:00 [queued]>
[2023-03-13T22:53:23.064+0000] {taskinstance.py:1279} INFO - 
--------------------------------------------------------------------------------
[2023-03-13T22:53:23.064+0000] {taskinstance.py:1280} INFO - Starting attempt 1 of 4
[2023-03-13T22:53:23.064+0000] {taskinstance.py:1281} INFO - 
--------------------------------------------------------------------------------
[2023-03-13T22:53:23.092+0000] {taskinstance.py:1300} INFO - Executing <Task(BashOperator): Chargement_des_données_in_ELK> on 2023-03-13 00:03:54+00:00
[2023-03-13T22:53:23.096+0000] {standard_task_runner.py:55} INFO - Started process 79036 to run task
[2023-03-13T22:53:23.100+0000] {standard_task_runner.py:82} INFO - Running: ['airflow', 'tasks', 'run', 'AUTOMATISATION', 'Chargement_des_données_in_ELK', 'scheduled__2023-03-13T00:03:54+00:00', '--job-id', '435', '--raw', '--subdir', 'DAGS_FOLDER/main.py', '--cfg-path', '/tmp/tmpfguv4ky9']
[2023-03-13T22:53:23.102+0000] {standard_task_runner.py:83} INFO - Job 435: Subtask Chargement_des_données_in_ELK
[2023-03-13T22:53:23.179+0000] {task_command.py:388} INFO - Running <TaskInstance: AUTOMATISATION.Chargement_des_données_in_ELK scheduled__2023-03-13T00:03:54+00:00 [running]> on host dev
[2023-03-13T22:53:23.276+0000] {taskinstance.py:1507} INFO - Exporting the following env vars:
AIRFLOW_CTX_DAG_OWNER=airflow
AIRFLOW_CTX_DAG_ID=AUTOMATISATION
AIRFLOW_CTX_TASK_ID=Chargement_des_données_in_ELK
AIRFLOW_CTX_EXECUTION_DATE=2023-03-13T00:03:54+00:00
AIRFLOW_CTX_TRY_NUMBER=1
AIRFLOW_CTX_DAG_RUN_ID=scheduled__2023-03-13T00:03:54+00:00
[2023-03-13T22:53:23.278+0000] {subprocess.py:63} INFO - Tmp dir root location: 
 /tmp
[2023-03-13T22:53:23.279+0000] {subprocess.py:75} INFO - Running command: ['/usr/bin/bash', '-c', 'echo dev | sudo -S /usr/share/logstash/bin/logstash --path.settings=/etc/logstash/ -f /etc/logstash/conf.d/data.conf']
[2023-03-13T22:53:23.288+0000] {subprocess.py:86} INFO - Output:
[2023-03-13T22:53:23.392+0000] {subprocess.py:93} INFO - [sudo] Mot de passe de dev : Using bundled JDK: /usr/share/logstash/jdk
[2023-03-13T22:53:23.741+0000] {subprocess.py:93} INFO - OpenJDK 64-Bit Server VM warning: Option UseConcMarkSweepGC was deprecated in version 9.0 and will likely be removed in a future release.
[2023-03-13T22:53:47.335+0000] {subprocess.py:93} INFO - Sending Logstash logs to /var/log/logstash which is now configured via log4j2.properties
[2023-03-13T22:53:47.506+0000] {subprocess.py:93} INFO - [2023-03-13T22:53:47,502][INFO ][logstash.runner          ] Log4j configuration path used is: /etc/logstash/log4j2.properties
[2023-03-13T22:53:47.520+0000] {subprocess.py:93} INFO - [2023-03-13T22:53:47,519][INFO ][logstash.runner          ] Starting Logstash {"logstash.version"=>"7.15.2", "jruby.version"=>"jruby 9.2.19.0 (2.5.8) 2021-06-15 55810c552b OpenJDK 64-Bit Server VM 11.0.12+7 on 11.0.12+7 +indy +jit [linux-x86_64]"}
[2023-03-13T22:53:48.426+0000] {subprocess.py:93} INFO - [2023-03-13T22:53:48,425][WARN ][logstash.config.source.multilocal] Ignoring the 'pipelines.yml' file because modules or command line options are specified
[2023-03-13T22:53:50.477+0000] {subprocess.py:93} INFO - [2023-03-13T22:53:50,476][INFO ][logstash.agent           ] Successfully started Logstash API endpoint {:port=>9600}
[2023-03-13T22:53:51.447+0000] {subprocess.py:93} INFO - [2023-03-13T22:53:51,446][INFO ][org.reflections.Reflections] Reflections took 135 ms to scan 1 urls, producing 120 keys and 417 values
[2023-03-13T22:53:53.031+0000] {subprocess.py:93} INFO - [2023-03-13T22:53:53,029][INFO ][logstash.outputs.elasticsearch][main] New Elasticsearch output {:class=>"LogStash::Outputs::ElasticSearch", :hosts=>["//localhost:9200"]}
[2023-03-13T22:53:53.497+0000] {subprocess.py:93} INFO - [2023-03-13T22:53:53,495][INFO ][logstash.outputs.elasticsearch][main] Elasticsearch pool URLs updated {:changes=>{:removed=>[], :added=>[http://localhost:9200/]}}
[2023-03-13T22:53:53.686+0000] {subprocess.py:93} INFO - [2023-03-13T22:53:53,686][WARN ][logstash.outputs.elasticsearch][main] Restored connection to ES instance {:url=>"http://localhost:9200/"}
[2023-03-13T22:53:53.741+0000] {subprocess.py:93} INFO - [2023-03-13T22:53:53,741][INFO ][logstash.outputs.elasticsearch][main] Elasticsearch version determined (7.15.2) {:es_version=>7}
[2023-03-13T22:53:53.745+0000] {subprocess.py:93} INFO - [2023-03-13T22:53:53,744][WARN ][logstash.outputs.elasticsearch][main] Detected a 6.x and above cluster: the `type` event field won't be used to determine the document _type {:es_version=>7}
[2023-03-13T22:53:53.991+0000] {subprocess.py:93} INFO - [2023-03-13T22:53:53,991][INFO ][logstash.outputs.elasticsearch][main] Using a default mapping template {:es_version=>7, :ecs_compatibility=>:disabled}
[2023-03-13T22:53:54.050+0000] {subprocess.py:93} INFO - [2023-03-13T22:53:54,050][INFO ][logstash.javapipeline    ][main] Starting pipeline {:pipeline_id=>"main", "pipeline.workers"=>8, "pipeline.batch.size"=>125, "pipeline.batch.delay"=>50, "pipeline.max_inflight"=>1000, "pipeline.sources"=>["/etc/logstash/conf.d/data.conf"], :thread=>"#<Thread:0x5e317032 run>"}
[2023-03-13T22:53:55.310+0000] {subprocess.py:93} INFO - [2023-03-13T22:53:55,309][INFO ][logstash.javapipeline    ][main] Pipeline Java execution initialization time {"seconds"=>1.25}
[2023-03-13T22:53:55.424+0000] {subprocess.py:93} INFO - [2023-03-13T22:53:55,423][INFO ][logstash.javapipeline    ][main] Pipeline started {"pipeline.id"=>"main"}
[2023-03-13T22:53:55.530+0000] {subprocess.py:93} INFO - [2023-03-13T22:53:55,529][INFO ][logstash.agent           ] Pipelines running {:count=>1, :running_pipelines=>[:main], :non_running_pipelines=>[]}
[2023-03-13T22:53:57.206+0000] {subprocess.py:93} INFO - [2023-03-13T22:53:57,206][INFO ][logstash.inputs.jdbc     ][main][afa454a497099ce3438919c7cfc7ae10a3b3980082608321cda443e0b5f70dbd] (0.023119s) SELECT CAST(current_setting('server_version_num') AS integer) AS v
[2023-03-13T22:53:57.463+0000] {subprocess.py:93} INFO - [2023-03-13T22:53:57,463][INFO ][logstash.inputs.jdbc     ][main][afa454a497099ce3438919c7cfc7ae10a3b3980082608321cda443e0b5f70dbd] (0.100464s) SELECT count(*) AS "count" FROM (SELECT * FROM customers) AS "t1" LIMIT 1
[2023-03-13T22:53:57.901+0000] {subprocess.py:93} INFO - [2023-03-13T22:53:57,901][INFO ][logstash.inputs.jdbc     ][main][afa454a497099ce3438919c7cfc7ae10a3b3980082608321cda443e0b5f70dbd] (0.408646s) SELECT * FROM (SELECT * FROM customers) AS "t1" LIMIT 50000 OFFSET 0
[2023-03-13T22:54:05.258+0000] {subprocess.py:93} INFO - [2023-03-13T22:54:05,258][INFO ][logstash.inputs.jdbc     ][main][afa454a497099ce3438919c7cfc7ae10a3b3980082608321cda443e0b5f70dbd] (0.322632s) SELECT * FROM (SELECT * FROM customers) AS "t1" LIMIT 50000 OFFSET 50000
[2023-03-13T22:54:11.539+0000] {subprocess.py:93} INFO - [2023-03-13T22:54:11,539][INFO ][logstash.inputs.jdbc     ][main][afa454a497099ce3438919c7cfc7ae10a3b3980082608321cda443e0b5f70dbd] (0.336919s) SELECT * FROM (SELECT * FROM customers) AS "t1" LIMIT 50000 OFFSET 100000
[2023-03-13T22:54:15.328+0000] {subprocess.py:93} INFO - [2023-03-13T22:54:15,327][INFO ][logstash.inputs.jdbc     ][main][afa454a497099ce3438919c7cfc7ae10a3b3980082608321cda443e0b5f70dbd] (0.103741s) SELECT * FROM (SELECT * FROM customers) AS "t1" LIMIT 50000 OFFSET 150000
[2023-03-13T22:54:19.310+0000] {subprocess.py:93} INFO - [2023-03-13T22:54:19,310][INFO ][logstash.inputs.jdbc     ][main][afa454a497099ce3438919c7cfc7ae10a3b3980082608321cda443e0b5f70dbd] (0.156581s) SELECT * FROM (SELECT * FROM customers) AS "t1" LIMIT 50000 OFFSET 200000
[2023-03-13T22:54:22.502+0000] {subprocess.py:93} INFO - [2023-03-13T22:54:22,501][INFO ][logstash.inputs.jdbc     ][main][afa454a497099ce3438919c7cfc7ae10a3b3980082608321cda443e0b5f70dbd] (0.188833s) SELECT * FROM (SELECT * FROM customers) AS "t1" LIMIT 50000 OFFSET 250000
[2023-03-13T22:54:26.118+0000] {subprocess.py:93} INFO - [2023-03-13T22:54:26,118][INFO ][logstash.inputs.jdbc     ][main][afa454a497099ce3438919c7cfc7ae10a3b3980082608321cda443e0b5f70dbd] (0.173231s) SELECT * FROM (SELECT * FROM customers) AS "t1" LIMIT 50000 OFFSET 300000
[2023-03-13T22:54:30.319+0000] {subprocess.py:93} INFO - [2023-03-13T22:54:30,319][INFO ][logstash.inputs.jdbc     ][main][afa454a497099ce3438919c7cfc7ae10a3b3980082608321cda443e0b5f70dbd] (0.147052s) SELECT * FROM (SELECT * FROM customers) AS "t1" LIMIT 50000 OFFSET 350000
[2023-03-13T22:54:34.280+0000] {subprocess.py:93} INFO - [2023-03-13T22:54:34,279][INFO ][logstash.inputs.jdbc     ][main][afa454a497099ce3438919c7cfc7ae10a3b3980082608321cda443e0b5f70dbd] (0.197138s) SELECT * FROM (SELECT * FROM customers) AS "t1" LIMIT 50000 OFFSET 400000
[2023-03-13T22:54:38.723+0000] {subprocess.py:93} INFO - [2023-03-13T22:54:38,722][INFO ][logstash.inputs.jdbc     ][main][afa454a497099ce3438919c7cfc7ae10a3b3980082608321cda443e0b5f70dbd] (0.133371s) SELECT * FROM (SELECT * FROM customers) AS "t1" LIMIT 50000 OFFSET 450000
[2023-03-13T22:54:41.498+0000] {subprocess.py:93} INFO - [2023-03-13T22:54:41,497][INFO ][logstash.inputs.jdbc     ][main][afa454a497099ce3438919c7cfc7ae10a3b3980082608321cda443e0b5f70dbd] (0.169859s) SELECT * FROM (SELECT * FROM customers) AS "t1" LIMIT 50000 OFFSET 500000
[2023-03-13T22:54:45.218+0000] {subprocess.py:93} INFO - [2023-03-13T22:54:45,218][INFO ][logstash.inputs.jdbc     ][main][afa454a497099ce3438919c7cfc7ae10a3b3980082608321cda443e0b5f70dbd] (0.191519s) SELECT * FROM (SELECT * FROM customers) AS "t1" LIMIT 50000 OFFSET 550000
[2023-03-13T22:54:48.138+0000] {subprocess.py:93} INFO - [2023-03-13T22:54:48,138][INFO ][logstash.inputs.jdbc     ][main][afa454a497099ce3438919c7cfc7ae10a3b3980082608321cda443e0b5f70dbd] (0.145097s) SELECT * FROM (SELECT * FROM customers) AS "t1" LIMIT 50000 OFFSET 600000
[2023-03-13T22:54:52.372+0000] {subprocess.py:93} INFO - [2023-03-13T22:54:52,372][INFO ][logstash.inputs.jdbc     ][main][afa454a497099ce3438919c7cfc7ae10a3b3980082608321cda443e0b5f70dbd] (0.146279s) SELECT * FROM (SELECT * FROM customers) AS "t1" LIMIT 50000 OFFSET 650000
[2023-03-13T22:54:55.289+0000] {subprocess.py:93} INFO - [2023-03-13T22:54:55,288][INFO ][logstash.inputs.jdbc     ][main][afa454a497099ce3438919c7cfc7ae10a3b3980082608321cda443e0b5f70dbd] (0.154444s) SELECT * FROM (SELECT * FROM customers) AS "t1" LIMIT 50000 OFFSET 700000
[2023-03-13T22:54:59.280+0000] {subprocess.py:93} INFO - [2023-03-13T22:54:59,279][INFO ][logstash.inputs.jdbc     ][main][afa454a497099ce3438919c7cfc7ae10a3b3980082608321cda443e0b5f70dbd] (0.139650s) SELECT * FROM (SELECT * FROM customers) AS "t1" LIMIT 50000 OFFSET 750000
[2023-03-13T22:55:01.610+0000] {subprocess.py:93} INFO - [2023-03-13T22:55:01,610][INFO ][logstash.inputs.jdbc     ][main][afa454a497099ce3438919c7cfc7ae10a3b3980082608321cda443e0b5f70dbd] (0.142169s) SELECT * FROM (SELECT * FROM customers) AS "t1" LIMIT 50000 OFFSET 800000
[2023-03-13T22:55:03.846+0000] {subprocess.py:93} INFO - [2023-03-13T22:55:03,846][INFO ][logstash.inputs.jdbc     ][main][afa454a497099ce3438919c7cfc7ae10a3b3980082608321cda443e0b5f70dbd] (0.159219s) SELECT * FROM (SELECT * FROM customers) AS "t1" LIMIT 50000 OFFSET 850000
[2023-03-13T22:55:06.233+0000] {subprocess.py:93} INFO - [2023-03-13T22:55:06,232][INFO ][logstash.inputs.jdbc     ][main][afa454a497099ce3438919c7cfc7ae10a3b3980082608321cda443e0b5f70dbd] (0.160572s) SELECT * FROM (SELECT * FROM customers) AS "t1" LIMIT 50000 OFFSET 900000
[2023-03-13T22:55:08.659+0000] {subprocess.py:93} INFO - [2023-03-13T22:55:08,659][INFO ][logstash.inputs.jdbc     ][main][afa454a497099ce3438919c7cfc7ae10a3b3980082608321cda443e0b5f70dbd] (0.152426s) SELECT * FROM (SELECT * FROM customers) AS "t1" LIMIT 50000 OFFSET 950000
[2023-03-13T22:55:11.021+0000] {subprocess.py:93} INFO - [2023-03-13T22:55:11,021][INFO ][logstash.inputs.jdbc     ][main][afa454a497099ce3438919c7cfc7ae10a3b3980082608321cda443e0b5f70dbd] (0.177670s) SELECT * FROM (SELECT * FROM customers) AS "t1" LIMIT 50000 OFFSET 1000000
[2023-03-13T22:55:13.939+0000] {subprocess.py:93} INFO - [2023-03-13T22:55:13,939][INFO ][logstash.inputs.jdbc     ][main][afa454a497099ce3438919c7cfc7ae10a3b3980082608321cda443e0b5f70dbd] (0.218082s) SELECT * FROM (SELECT * FROM customers) AS "t1" LIMIT 50000 OFFSET 1050000
[2023-03-13T22:55:16.997+0000] {subprocess.py:93} INFO - [2023-03-13T22:55:16,996][INFO ][logstash.inputs.jdbc     ][main][afa454a497099ce3438919c7cfc7ae10a3b3980082608321cda443e0b5f70dbd] (0.163873s) SELECT * FROM (SELECT * FROM customers) AS "t1" LIMIT 50000 OFFSET 1100000
[2023-03-13T22:55:20.124+0000] {subprocess.py:93} INFO - [2023-03-13T22:55:20,123][INFO ][logstash.inputs.jdbc     ][main][afa454a497099ce3438919c7cfc7ae10a3b3980082608321cda443e0b5f70dbd] (0.167835s) SELECT * FROM (SELECT * FROM customers) AS "t1" LIMIT 50000 OFFSET 1150000
[2023-03-13T22:55:23.005+0000] {subprocess.py:93} INFO - [2023-03-13T22:55:23,004][INFO ][logstash.javapipeline    ][main] Pipeline terminated {"pipeline.id"=>"main"}
[2023-03-13T22:55:23.167+0000] {subprocess.py:93} INFO - [2023-03-13T22:55:23,166][INFO ][logstash.pipelinesregistry] Removed pipeline from registry successfully {:pipeline_id=>:main}
[2023-03-13T22:55:23.222+0000] {subprocess.py:93} INFO - [2023-03-13T22:55:23,221][INFO ][logstash.runner          ] Logstash shut down.
[2023-03-13T22:55:23.424+0000] {subprocess.py:97} INFO - Command exited with return code 0
[2023-03-13T22:55:23.456+0000] {taskinstance.py:1318} INFO - Marking task as SUCCESS. dag_id=AUTOMATISATION, task_id=Chargement_des_données_in_ELK, execution_date=20230313T000354, start_date=20230313T225323, end_date=20230313T225523
[2023-03-13T22:55:23.490+0000] {local_task_job.py:208} INFO - Task exited with return code 0
[2023-03-13T22:55:23.505+0000] {taskinstance.py:2578} INFO - 0 downstream tasks scheduled from follow-on schedule check
[2023-03-15T07:35:57.956+0000] {taskinstance.py:1083} INFO - Dependencies all met for <TaskInstance: AUTOMATISATION.Chargement_des_données_in_ELK scheduled__2023-03-13T00:03:54+00:00 [queued]>
[2023-03-15T07:35:57.961+0000] {taskinstance.py:1083} INFO - Dependencies all met for <TaskInstance: AUTOMATISATION.Chargement_des_données_in_ELK scheduled__2023-03-13T00:03:54+00:00 [queued]>
[2023-03-15T07:35:57.961+0000] {taskinstance.py:1279} INFO - 
--------------------------------------------------------------------------------
[2023-03-15T07:35:57.961+0000] {taskinstance.py:1280} INFO - Starting attempt 1 of 4
[2023-03-15T07:35:57.961+0000] {taskinstance.py:1281} INFO - 
--------------------------------------------------------------------------------
[2023-03-15T07:35:57.971+0000] {taskinstance.py:1300} INFO - Executing <Task(BashOperator): Chargement_des_données_in_ELK> on 2023-03-13 00:03:54+00:00
[2023-03-15T07:35:57.973+0000] {standard_task_runner.py:55} INFO - Started process 133638 to run task
[2023-03-15T07:35:57.975+0000] {standard_task_runner.py:82} INFO - Running: ['airflow', 'tasks', 'run', 'AUTOMATISATION', 'Chargement_des_données_in_ELK', 'scheduled__2023-03-13T00:03:54+00:00', '--job-id', '804', '--raw', '--subdir', 'DAGS_FOLDER/main.py', '--cfg-path', '/tmp/tmpm0cu6n0w']
[2023-03-15T07:35:57.975+0000] {standard_task_runner.py:83} INFO - Job 804: Subtask Chargement_des_données_in_ELK
[2023-03-15T07:35:58.003+0000] {task_command.py:388} INFO - Running <TaskInstance: AUTOMATISATION.Chargement_des_données_in_ELK scheduled__2023-03-13T00:03:54+00:00 [running]> on host dev
[2023-03-15T07:35:58.039+0000] {taskinstance.py:1507} INFO - Exporting the following env vars:
AIRFLOW_CTX_DAG_OWNER=airflow
AIRFLOW_CTX_DAG_ID=AUTOMATISATION
AIRFLOW_CTX_TASK_ID=Chargement_des_données_in_ELK
AIRFLOW_CTX_EXECUTION_DATE=2023-03-13T00:03:54+00:00
AIRFLOW_CTX_TRY_NUMBER=1
AIRFLOW_CTX_DAG_RUN_ID=scheduled__2023-03-13T00:03:54+00:00
[2023-03-15T07:35:58.039+0000] {subprocess.py:63} INFO - Tmp dir root location: 
 /tmp
[2023-03-15T07:35:58.040+0000] {subprocess.py:75} INFO - Running command: ['/usr/bin/bash', '-c', 'echo dev | sudo -S /usr/share/logstash/bin/logstash --path.settings=/etc/logstash/ -f /etc/logstash/conf.d/data.conf']
[2023-03-15T07:35:58.044+0000] {subprocess.py:86} INFO - Output:
[2023-03-15T07:35:58.079+0000] {subprocess.py:93} INFO - [sudo] Mot de passe de dev : Using bundled JDK: /usr/share/logstash/jdk
[2023-03-15T07:35:58.204+0000] {subprocess.py:93} INFO - OpenJDK 64-Bit Server VM warning: Option UseConcMarkSweepGC was deprecated in version 9.0 and will likely be removed in a future release.
[2023-03-15T07:36:09.518+0000] {subprocess.py:93} INFO - Sending Logstash logs to /var/log/logstash which is now configured via log4j2.properties
[2023-03-15T07:36:09.588+0000] {subprocess.py:93} INFO - [2023-03-15T07:36:09,586][INFO ][logstash.runner          ] Log4j configuration path used is: /etc/logstash/log4j2.properties
[2023-03-15T07:36:09.596+0000] {subprocess.py:93} INFO - [2023-03-15T07:36:09,595][INFO ][logstash.runner          ] Starting Logstash {"logstash.version"=>"7.15.2", "jruby.version"=>"jruby 9.2.19.0 (2.5.8) 2021-06-15 55810c552b OpenJDK 64-Bit Server VM 11.0.12+7 on 11.0.12+7 +indy +jit [linux-x86_64]"}
[2023-03-15T07:36:09.823+0000] {subprocess.py:93} INFO - [2023-03-15T07:36:09,822][WARN ][logstash.config.source.multilocal] Ignoring the 'pipelines.yml' file because modules or command line options are specified
[2023-03-15T07:36:10.684+0000] {subprocess.py:93} INFO - [2023-03-15T07:36:10,684][INFO ][logstash.agent           ] Successfully started Logstash API endpoint {:port=>9600}
[2023-03-15T07:36:11.098+0000] {subprocess.py:93} INFO - [2023-03-15T07:36:11,098][INFO ][org.reflections.Reflections] Reflections took 65 ms to scan 1 urls, producing 120 keys and 417 values
[2023-03-15T07:36:11.862+0000] {subprocess.py:93} INFO - [2023-03-15T07:36:11,862][INFO ][logstash.outputs.elasticsearch][main] New Elasticsearch output {:class=>"LogStash::Outputs::ElasticSearch", :hosts=>["//localhost:9200"]}
[2023-03-15T07:36:12.082+0000] {subprocess.py:93} INFO - [2023-03-15T07:36:12,081][INFO ][logstash.outputs.elasticsearch][main] Elasticsearch pool URLs updated {:changes=>{:removed=>[], :added=>[http://localhost:9200/]}}
[2023-03-15T07:36:12.182+0000] {subprocess.py:93} INFO - [2023-03-15T07:36:12,182][WARN ][logstash.outputs.elasticsearch][main] Restored connection to ES instance {:url=>"http://localhost:9200/"}
[2023-03-15T07:36:12.215+0000] {subprocess.py:93} INFO - [2023-03-15T07:36:12,215][INFO ][logstash.outputs.elasticsearch][main] Elasticsearch version determined (7.15.2) {:es_version=>7}
[2023-03-15T07:36:12.217+0000] {subprocess.py:93} INFO - [2023-03-15T07:36:12,217][WARN ][logstash.outputs.elasticsearch][main] Detected a 6.x and above cluster: the `type` event field won't be used to determine the document _type {:es_version=>7}
[2023-03-15T07:36:12.322+0000] {subprocess.py:93} INFO - [2023-03-15T07:36:12,321][INFO ][logstash.outputs.elasticsearch][main] Using a default mapping template {:es_version=>7, :ecs_compatibility=>:disabled}
[2023-03-15T07:36:12.334+0000] {subprocess.py:93} INFO - [2023-03-15T07:36:12,333][INFO ][logstash.javapipeline    ][main] Starting pipeline {:pipeline_id=>"main", "pipeline.workers"=>8, "pipeline.batch.size"=>125, "pipeline.batch.delay"=>50, "pipeline.max_inflight"=>1000, "pipeline.sources"=>["/etc/logstash/conf.d/data.conf"], :thread=>"#<Thread:0x2a628 run>"}
[2023-03-15T07:36:12.845+0000] {subprocess.py:93} INFO - [2023-03-15T07:36:12,845][INFO ][logstash.javapipeline    ][main] Pipeline Java execution initialization time {"seconds"=>0.51}
[2023-03-15T07:36:12.907+0000] {subprocess.py:93} INFO - [2023-03-15T07:36:12,907][INFO ][logstash.javapipeline    ][main] Pipeline started {"pipeline.id"=>"main"}
[2023-03-15T07:36:12.942+0000] {subprocess.py:93} INFO - [2023-03-15T07:36:12,942][INFO ][logstash.agent           ] Pipelines running {:count=>1, :running_pipelines=>[:main], :non_running_pipelines=>[]}
[2023-03-15T07:36:13.643+0000] {subprocess.py:93} INFO - [2023-03-15T07:36:13,642][INFO ][logstash.inputs.jdbc     ][main][afa454a497099ce3438919c7cfc7ae10a3b3980082608321cda443e0b5f70dbd] (0.011698s) SELECT CAST(current_setting('server_version_num') AS integer) AS v
[2023-03-15T07:36:13.720+0000] {subprocess.py:93} INFO - [2023-03-15T07:36:13,719][INFO ][logstash.inputs.jdbc     ][main][afa454a497099ce3438919c7cfc7ae10a3b3980082608321cda443e0b5f70dbd] (0.001286s) SELECT count(*) AS "count" FROM (SELECT * FROM customers) AS "t1" LIMIT 1
[2023-03-15T07:36:14.266+0000] {subprocess.py:93} INFO - [2023-03-15T07:36:14,266][INFO ][logstash.javapipeline    ][main] Pipeline terminated {"pipeline.id"=>"main"}
[2023-03-15T07:36:14.519+0000] {subprocess.py:93} INFO - [2023-03-15T07:36:14,518][INFO ][logstash.pipelinesregistry] Removed pipeline from registry successfully {:pipeline_id=>:main}
[2023-03-15T07:36:14.542+0000] {subprocess.py:93} INFO - [2023-03-15T07:36:14,541][INFO ][logstash.runner          ] Logstash shut down.
[2023-03-15T07:36:14.591+0000] {subprocess.py:97} INFO - Command exited with return code 0
[2023-03-15T07:36:14.603+0000] {taskinstance.py:1318} INFO - Marking task as SUCCESS. dag_id=AUTOMATISATION, task_id=Chargement_des_données_in_ELK, execution_date=20230313T000354, start_date=20230315T073557, end_date=20230315T073614
[2023-03-15T07:36:14.646+0000] {local_task_job.py:208} INFO - Task exited with return code 0
[2023-03-15T07:36:14.660+0000] {taskinstance.py:2578} INFO - 0 downstream tasks scheduled from follow-on schedule check
