[2023-03-13T22:05:21.194+0000] {taskinstance.py:1083} INFO - Dependencies all met for <TaskInstance: AUTOMATISATION.Chargement_des_données_in_ELK scheduled__2023-03-13T00:02:45+00:00 [queued]>
[2023-03-13T22:05:21.210+0000] {taskinstance.py:1083} INFO - Dependencies all met for <TaskInstance: AUTOMATISATION.Chargement_des_données_in_ELK scheduled__2023-03-13T00:02:45+00:00 [queued]>
[2023-03-13T22:05:21.211+0000] {taskinstance.py:1279} INFO - 
--------------------------------------------------------------------------------
[2023-03-13T22:05:21.211+0000] {taskinstance.py:1280} INFO - Starting attempt 1 of 4
[2023-03-13T22:05:21.211+0000] {taskinstance.py:1281} INFO - 
--------------------------------------------------------------------------------
[2023-03-13T22:05:21.245+0000] {taskinstance.py:1300} INFO - Executing <Task(BashOperator): Chargement_des_données_in_ELK> on 2023-03-13 00:02:45+00:00
[2023-03-13T22:05:21.249+0000] {standard_task_runner.py:55} INFO - Started process 68046 to run task
[2023-03-13T22:05:21.254+0000] {standard_task_runner.py:82} INFO - Running: ['airflow', 'tasks', 'run', 'AUTOMATISATION', 'Chargement_des_données_in_ELK', 'scheduled__2023-03-13T00:02:45+00:00', '--job-id', '389', '--raw', '--subdir', 'DAGS_FOLDER/main.py', '--cfg-path', '/tmp/tmpead1iaxm']
[2023-03-13T22:05:21.256+0000] {standard_task_runner.py:83} INFO - Job 389: Subtask Chargement_des_données_in_ELK
[2023-03-13T22:05:21.326+0000] {task_command.py:388} INFO - Running <TaskInstance: AUTOMATISATION.Chargement_des_données_in_ELK scheduled__2023-03-13T00:02:45+00:00 [running]> on host dev
[2023-03-13T22:05:21.413+0000] {taskinstance.py:1507} INFO - Exporting the following env vars:
AIRFLOW_CTX_DAG_OWNER=airflow
AIRFLOW_CTX_DAG_ID=AUTOMATISATION
AIRFLOW_CTX_TASK_ID=Chargement_des_données_in_ELK
AIRFLOW_CTX_EXECUTION_DATE=2023-03-13T00:02:45+00:00
AIRFLOW_CTX_TRY_NUMBER=1
AIRFLOW_CTX_DAG_RUN_ID=scheduled__2023-03-13T00:02:45+00:00
[2023-03-13T22:05:21.415+0000] {subprocess.py:63} INFO - Tmp dir root location: 
 /tmp
[2023-03-13T22:05:21.415+0000] {subprocess.py:75} INFO - Running command: ['/usr/bin/bash', '-c', 'echo dev | sudo -S /usr/share/logstash/bin/logstash --path.settings=/etc/logstash/ -f /etc/logstash/conf.d/data.conf']
[2023-03-13T22:05:21.423+0000] {subprocess.py:86} INFO - Output:
[2023-03-13T22:05:21.517+0000] {subprocess.py:93} INFO - [sudo] Mot de passe de dev : Using bundled JDK: /usr/share/logstash/jdk
[2023-03-13T22:05:21.815+0000] {subprocess.py:93} INFO - OpenJDK 64-Bit Server VM warning: Option UseConcMarkSweepGC was deprecated in version 9.0 and will likely be removed in a future release.
[2023-03-13T22:05:42.675+0000] {subprocess.py:93} INFO - Sending Logstash logs to /var/log/logstash which is now configured via log4j2.properties
[2023-03-13T22:05:42.781+0000] {subprocess.py:93} INFO - [2023-03-13T22:05:42,778][INFO ][logstash.runner          ] Log4j configuration path used is: /etc/logstash/log4j2.properties
[2023-03-13T22:05:42.790+0000] {subprocess.py:93} INFO - [2023-03-13T22:05:42,789][INFO ][logstash.runner          ] Starting Logstash {"logstash.version"=>"7.15.2", "jruby.version"=>"jruby 9.2.19.0 (2.5.8) 2021-06-15 55810c552b OpenJDK 64-Bit Server VM 11.0.12+7 on 11.0.12+7 +indy +jit [linux-x86_64]"}
[2023-03-13T22:05:43.241+0000] {subprocess.py:93} INFO - [2023-03-13T22:05:43,241][WARN ][logstash.config.source.multilocal] Ignoring the 'pipelines.yml' file because modules or command line options are specified
[2023-03-13T22:05:44.940+0000] {subprocess.py:93} INFO - [2023-03-13T22:05:44,938][INFO ][logstash.agent           ] Successfully started Logstash API endpoint {:port=>9600}
[2023-03-13T22:05:45.873+0000] {subprocess.py:93} INFO - [2023-03-13T22:05:45,873][INFO ][org.reflections.Reflections] Reflections took 158 ms to scan 1 urls, producing 120 keys and 417 values
[2023-03-13T22:05:47.321+0000] {subprocess.py:93} INFO - [2023-03-13T22:05:47,321][INFO ][logstash.outputs.elasticsearch][main] New Elasticsearch output {:class=>"LogStash::Outputs::ElasticSearch", :hosts=>["//localhost:9200"]}
[2023-03-13T22:05:47.719+0000] {subprocess.py:93} INFO - [2023-03-13T22:05:47,716][INFO ][logstash.outputs.elasticsearch][main] Elasticsearch pool URLs updated {:changes=>{:removed=>[], :added=>[http://localhost:9200/]}}
[2023-03-13T22:05:47.911+0000] {subprocess.py:93} INFO - [2023-03-13T22:05:47,910][WARN ][logstash.outputs.elasticsearch][main] Restored connection to ES instance {:url=>"http://localhost:9200/"}
[2023-03-13T22:05:47.980+0000] {subprocess.py:93} INFO - [2023-03-13T22:05:47,979][INFO ][logstash.outputs.elasticsearch][main] Elasticsearch version determined (7.15.2) {:es_version=>7}
[2023-03-13T22:05:47.984+0000] {subprocess.py:93} INFO - [2023-03-13T22:05:47,983][WARN ][logstash.outputs.elasticsearch][main] Detected a 6.x and above cluster: the `type` event field won't be used to determine the document _type {:es_version=>7}
[2023-03-13T22:05:48.166+0000] {subprocess.py:93} INFO - [2023-03-13T22:05:48,165][INFO ][logstash.outputs.elasticsearch][main] Using a default mapping template {:es_version=>7, :ecs_compatibility=>:disabled}
[2023-03-13T22:05:48.213+0000] {subprocess.py:93} INFO - [2023-03-13T22:05:48,212][INFO ][logstash.javapipeline    ][main] Starting pipeline {:pipeline_id=>"main", "pipeline.workers"=>8, "pipeline.batch.size"=>125, "pipeline.batch.delay"=>50, "pipeline.max_inflight"=>1000, "pipeline.sources"=>["/etc/logstash/conf.d/data.conf"], :thread=>"#<Thread:0x163e59c1 run>"}
[2023-03-13T22:05:49.309+0000] {subprocess.py:93} INFO - [2023-03-13T22:05:49,308][INFO ][logstash.javapipeline    ][main] Pipeline Java execution initialization time {"seconds"=>1.09}
[2023-03-13T22:05:49.440+0000] {subprocess.py:93} INFO - [2023-03-13T22:05:49,439][INFO ][logstash.javapipeline    ][main] Pipeline started {"pipeline.id"=>"main"}
[2023-03-13T22:05:49.538+0000] {subprocess.py:93} INFO - [2023-03-13T22:05:49,537][INFO ][logstash.agent           ] Pipelines running {:count=>1, :running_pipelines=>[:main], :non_running_pipelines=>[]}
[2023-03-13T22:05:50.954+0000] {subprocess.py:93} INFO - [2023-03-13T22:05:50,954][INFO ][logstash.inputs.jdbc     ][main][afa454a497099ce3438919c7cfc7ae10a3b3980082608321cda443e0b5f70dbd] (0.022202s) SELECT CAST(current_setting('server_version_num') AS integer) AS v
[2023-03-13T22:05:51.176+0000] {subprocess.py:93} INFO - [2023-03-13T22:05:51,176][INFO ][logstash.inputs.jdbc     ][main][afa454a497099ce3438919c7cfc7ae10a3b3980082608321cda443e0b5f70dbd] (0.066694s) SELECT count(*) AS "count" FROM (SELECT * FROM customers) AS "t1" LIMIT 1
[2023-03-13T22:05:51.608+0000] {subprocess.py:93} INFO - [2023-03-13T22:05:51,608][INFO ][logstash.inputs.jdbc     ][main][afa454a497099ce3438919c7cfc7ae10a3b3980082608321cda443e0b5f70dbd] (0.404981s) SELECT * FROM (SELECT * FROM customers) AS "t1" LIMIT 50000 OFFSET 0
[2023-03-13T22:05:59.007+0000] {subprocess.py:93} INFO - [2023-03-13T22:05:59,006][INFO ][logstash.inputs.jdbc     ][main][afa454a497099ce3438919c7cfc7ae10a3b3980082608321cda443e0b5f70dbd] (0.388828s) SELECT * FROM (SELECT * FROM customers) AS "t1" LIMIT 50000 OFFSET 50000
[2023-03-13T22:06:04.603+0000] {subprocess.py:93} INFO - [2023-03-13T22:06:04,602][INFO ][logstash.inputs.jdbc     ][main][afa454a497099ce3438919c7cfc7ae10a3b3980082608321cda443e0b5f70dbd] (0.297138s) SELECT * FROM (SELECT * FROM customers) AS "t1" LIMIT 50000 OFFSET 100000
[2023-03-13T22:06:07.469+0000] {subprocess.py:93} INFO - [2023-03-13T22:06:07,469][INFO ][logstash.inputs.jdbc     ][main][afa454a497099ce3438919c7cfc7ae10a3b3980082608321cda443e0b5f70dbd] (0.116101s) SELECT * FROM (SELECT * FROM customers) AS "t1" LIMIT 50000 OFFSET 150000
[2023-03-13T22:06:09.880+0000] {subprocess.py:93} INFO - [2023-03-13T22:06:09,880][INFO ][logstash.inputs.jdbc     ][main][afa454a497099ce3438919c7cfc7ae10a3b3980082608321cda443e0b5f70dbd] (0.121962s) SELECT * FROM (SELECT * FROM customers) AS "t1" LIMIT 50000 OFFSET 200000
[2023-03-13T22:06:12.369+0000] {subprocess.py:93} INFO - [2023-03-13T22:06:12,369][INFO ][logstash.inputs.jdbc     ][main][afa454a497099ce3438919c7cfc7ae10a3b3980082608321cda443e0b5f70dbd] (0.101569s) SELECT * FROM (SELECT * FROM customers) AS "t1" LIMIT 50000 OFFSET 250000
[2023-03-13T22:06:15.221+0000] {subprocess.py:93} INFO - [2023-03-13T22:06:15,221][INFO ][logstash.inputs.jdbc     ][main][afa454a497099ce3438919c7cfc7ae10a3b3980082608321cda443e0b5f70dbd] (0.152208s) SELECT * FROM (SELECT * FROM customers) AS "t1" LIMIT 50000 OFFSET 300000
[2023-03-13T22:06:17.804+0000] {subprocess.py:93} INFO - [2023-03-13T22:06:17,804][INFO ][logstash.inputs.jdbc     ][main][afa454a497099ce3438919c7cfc7ae10a3b3980082608321cda443e0b5f70dbd] (0.114264s) SELECT * FROM (SELECT * FROM customers) AS "t1" LIMIT 50000 OFFSET 350000
[2023-03-13T22:06:20.222+0000] {subprocess.py:93} INFO - [2023-03-13T22:06:20,222][INFO ][logstash.inputs.jdbc     ][main][afa454a497099ce3438919c7cfc7ae10a3b3980082608321cda443e0b5f70dbd] (0.137169s) SELECT * FROM (SELECT * FROM customers) AS "t1" LIMIT 50000 OFFSET 400000
[2023-03-13T22:06:23.322+0000] {subprocess.py:93} INFO - [2023-03-13T22:06:23,322][INFO ][logstash.inputs.jdbc     ][main][afa454a497099ce3438919c7cfc7ae10a3b3980082608321cda443e0b5f70dbd] (0.134529s) SELECT * FROM (SELECT * FROM customers) AS "t1" LIMIT 50000 OFFSET 450000
[2023-03-13T22:06:25.694+0000] {subprocess.py:93} INFO - [2023-03-13T22:06:25,693][INFO ][logstash.inputs.jdbc     ][main][afa454a497099ce3438919c7cfc7ae10a3b3980082608321cda443e0b5f70dbd] (0.121224s) SELECT * FROM (SELECT * FROM customers) AS "t1" LIMIT 50000 OFFSET 500000
[2023-03-13T22:06:28.099+0000] {subprocess.py:93} INFO - [2023-03-13T22:06:28,098][INFO ][logstash.inputs.jdbc     ][main][afa454a497099ce3438919c7cfc7ae10a3b3980082608321cda443e0b5f70dbd] (0.140209s) SELECT * FROM (SELECT * FROM customers) AS "t1" LIMIT 50000 OFFSET 550000
[2023-03-13T22:06:30.466+0000] {subprocess.py:93} INFO - [2023-03-13T22:06:30,466][INFO ][logstash.inputs.jdbc     ][main][afa454a497099ce3438919c7cfc7ae10a3b3980082608321cda443e0b5f70dbd] (0.121714s) SELECT * FROM (SELECT * FROM customers) AS "t1" LIMIT 50000 OFFSET 600000
[2023-03-13T22:06:32.824+0000] {subprocess.py:93} INFO - [2023-03-13T22:06:32,824][INFO ][logstash.inputs.jdbc     ][main][afa454a497099ce3438919c7cfc7ae10a3b3980082608321cda443e0b5f70dbd] (0.146384s) SELECT * FROM (SELECT * FROM customers) AS "t1" LIMIT 50000 OFFSET 650000
[2023-03-13T22:06:35.150+0000] {subprocess.py:93} INFO - [2023-03-13T22:06:35,150][INFO ][logstash.inputs.jdbc     ][main][afa454a497099ce3438919c7cfc7ae10a3b3980082608321cda443e0b5f70dbd] (0.152799s) SELECT * FROM (SELECT * FROM customers) AS "t1" LIMIT 50000 OFFSET 700000
[2023-03-13T22:06:37.773+0000] {subprocess.py:93} INFO - [2023-03-13T22:06:37,773][INFO ][logstash.inputs.jdbc     ][main][afa454a497099ce3438919c7cfc7ae10a3b3980082608321cda443e0b5f70dbd] (0.139321s) SELECT * FROM (SELECT * FROM customers) AS "t1" LIMIT 50000 OFFSET 750000
[2023-03-13T22:06:40.152+0000] {subprocess.py:93} INFO - [2023-03-13T22:06:40,151][INFO ][logstash.inputs.jdbc     ][main][afa454a497099ce3438919c7cfc7ae10a3b3980082608321cda443e0b5f70dbd] (0.155146s) SELECT * FROM (SELECT * FROM customers) AS "t1" LIMIT 50000 OFFSET 800000
[2023-03-13T22:06:42.680+0000] {subprocess.py:93} INFO - [2023-03-13T22:06:42,680][INFO ][logstash.inputs.jdbc     ][main][afa454a497099ce3438919c7cfc7ae10a3b3980082608321cda443e0b5f70dbd] (0.143153s) SELECT * FROM (SELECT * FROM customers) AS "t1" LIMIT 50000 OFFSET 850000
[2023-03-13T22:06:45.062+0000] {subprocess.py:93} INFO - [2023-03-13T22:06:45,062][INFO ][logstash.inputs.jdbc     ][main][afa454a497099ce3438919c7cfc7ae10a3b3980082608321cda443e0b5f70dbd] (0.173007s) SELECT * FROM (SELECT * FROM customers) AS "t1" LIMIT 50000 OFFSET 900000
[2023-03-13T22:06:47.827+0000] {subprocess.py:93} INFO - [2023-03-13T22:06:47,826][INFO ][logstash.inputs.jdbc     ][main][afa454a497099ce3438919c7cfc7ae10a3b3980082608321cda443e0b5f70dbd] (0.157944s) SELECT * FROM (SELECT * FROM customers) AS "t1" LIMIT 50000 OFFSET 950000
[2023-03-13T22:06:50.132+0000] {subprocess.py:93} INFO - [2023-03-13T22:06:50,131][INFO ][logstash.inputs.jdbc     ][main][afa454a497099ce3438919c7cfc7ae10a3b3980082608321cda443e0b5f70dbd] (0.181915s) SELECT * FROM (SELECT * FROM customers) AS "t1" LIMIT 50000 OFFSET 1000000
[2023-03-13T22:06:52.547+0000] {subprocess.py:93} INFO - [2023-03-13T22:06:52,546][INFO ][logstash.inputs.jdbc     ][main][afa454a497099ce3438919c7cfc7ae10a3b3980082608321cda443e0b5f70dbd] (0.179339s) SELECT * FROM (SELECT * FROM customers) AS "t1" LIMIT 50000 OFFSET 1050000
[2023-03-13T22:06:55.459+0000] {subprocess.py:93} INFO - [2023-03-13T22:06:55,459][INFO ][logstash.inputs.jdbc     ][main][afa454a497099ce3438919c7cfc7ae10a3b3980082608321cda443e0b5f70dbd] (0.166450s) SELECT * FROM (SELECT * FROM customers) AS "t1" LIMIT 50000 OFFSET 1100000
[2023-03-13T22:06:57.672+0000] {subprocess.py:93} INFO - [2023-03-13T22:06:57,671][INFO ][logstash.inputs.jdbc     ][main][afa454a497099ce3438919c7cfc7ae10a3b3980082608321cda443e0b5f70dbd] (0.169998s) SELECT * FROM (SELECT * FROM customers) AS "t1" LIMIT 50000 OFFSET 1150000
[2023-03-13T22:07:00.159+0000] {subprocess.py:93} INFO - [2023-03-13T22:07:00,159][INFO ][logstash.javapipeline    ][main] Pipeline terminated {"pipeline.id"=>"main"}
[2023-03-13T22:07:00.421+0000] {subprocess.py:93} INFO - [2023-03-13T22:07:00,421][INFO ][logstash.pipelinesregistry] Removed pipeline from registry successfully {:pipeline_id=>:main}
[2023-03-13T22:07:00.466+0000] {subprocess.py:93} INFO - [2023-03-13T22:07:00,465][INFO ][logstash.runner          ] Logstash shut down.
[2023-03-13T22:07:00.647+0000] {subprocess.py:97} INFO - Command exited with return code 0
[2023-03-13T22:07:00.681+0000] {taskinstance.py:1318} INFO - Marking task as SUCCESS. dag_id=AUTOMATISATION, task_id=Chargement_des_données_in_ELK, execution_date=20230313T000245, start_date=20230313T220521, end_date=20230313T220700
[2023-03-13T22:07:00.732+0000] {local_task_job.py:208} INFO - Task exited with return code 0
[2023-03-13T22:07:00.747+0000] {taskinstance.py:2578} INFO - 0 downstream tasks scheduled from follow-on schedule check
[2023-03-14T10:09:07.855+0000] {taskinstance.py:1083} INFO - Dependencies all met for <TaskInstance: AUTOMATISATION.Chargement_des_données_in_ELK scheduled__2023-03-13T00:02:45+00:00 [queued]>
[2023-03-14T10:09:07.867+0000] {taskinstance.py:1083} INFO - Dependencies all met for <TaskInstance: AUTOMATISATION.Chargement_des_données_in_ELK scheduled__2023-03-13T00:02:45+00:00 [queued]>
[2023-03-14T10:09:07.867+0000] {taskinstance.py:1279} INFO - 
--------------------------------------------------------------------------------
[2023-03-14T10:09:07.867+0000] {taskinstance.py:1280} INFO - Starting attempt 1 of 4
[2023-03-14T10:09:07.867+0000] {taskinstance.py:1281} INFO - 
--------------------------------------------------------------------------------
[2023-03-14T10:09:07.887+0000] {taskinstance.py:1300} INFO - Executing <Task(BashOperator): Chargement_des_données_in_ELK> on 2023-03-13 00:02:45+00:00
[2023-03-14T10:09:07.890+0000] {standard_task_runner.py:55} INFO - Started process 37445 to run task
[2023-03-14T10:09:07.894+0000] {standard_task_runner.py:82} INFO - Running: ['airflow', 'tasks', 'run', 'AUTOMATISATION', 'Chargement_des_données_in_ELK', 'scheduled__2023-03-13T00:02:45+00:00', '--job-id', '633', '--raw', '--subdir', 'DAGS_FOLDER/main.py', '--cfg-path', '/tmp/tmpr4hm8keg']
[2023-03-14T10:09:07.896+0000] {standard_task_runner.py:83} INFO - Job 633: Subtask Chargement_des_données_in_ELK
[2023-03-14T10:09:07.961+0000] {task_command.py:388} INFO - Running <TaskInstance: AUTOMATISATION.Chargement_des_données_in_ELK scheduled__2023-03-13T00:02:45+00:00 [running]> on host dev
[2023-03-14T10:09:08.032+0000] {taskinstance.py:1507} INFO - Exporting the following env vars:
AIRFLOW_CTX_DAG_OWNER=airflow
AIRFLOW_CTX_DAG_ID=AUTOMATISATION
AIRFLOW_CTX_TASK_ID=Chargement_des_données_in_ELK
AIRFLOW_CTX_EXECUTION_DATE=2023-03-13T00:02:45+00:00
AIRFLOW_CTX_TRY_NUMBER=1
AIRFLOW_CTX_DAG_RUN_ID=scheduled__2023-03-13T00:02:45+00:00
[2023-03-14T10:09:08.034+0000] {subprocess.py:63} INFO - Tmp dir root location: 
 /tmp
[2023-03-14T10:09:08.035+0000] {subprocess.py:75} INFO - Running command: ['/usr/bin/bash', '-c', 'echo dev | sudo -S /usr/share/logstash/bin/logstash --path.settings=/etc/logstash/ -f /etc/logstash/conf.d/data.conf']
[2023-03-14T10:09:08.042+0000] {subprocess.py:86} INFO - Output:
[2023-03-14T10:09:08.132+0000] {subprocess.py:93} INFO - [sudo] Mot de passe de dev : Using bundled JDK: /usr/share/logstash/jdk
[2023-03-14T10:09:08.393+0000] {subprocess.py:93} INFO - OpenJDK 64-Bit Server VM warning: Option UseConcMarkSweepGC was deprecated in version 9.0 and will likely be removed in a future release.
[2023-03-14T10:09:29.621+0000] {subprocess.py:93} INFO - Sending Logstash logs to /var/log/logstash which is now configured via log4j2.properties
[2023-03-14T10:09:29.751+0000] {subprocess.py:93} INFO - [2023-03-14T10:09:29,749][INFO ][logstash.runner          ] Log4j configuration path used is: /etc/logstash/log4j2.properties
[2023-03-14T10:09:29.761+0000] {subprocess.py:93} INFO - [2023-03-14T10:09:29,760][INFO ][logstash.runner          ] Starting Logstash {"logstash.version"=>"7.15.2", "jruby.version"=>"jruby 9.2.19.0 (2.5.8) 2021-06-15 55810c552b OpenJDK 64-Bit Server VM 11.0.12+7 on 11.0.12+7 +indy +jit [linux-x86_64]"}
[2023-03-14T10:09:30.248+0000] {subprocess.py:93} INFO - [2023-03-14T10:09:30,248][WARN ][logstash.config.source.multilocal] Ignoring the 'pipelines.yml' file because modules or command line options are specified
[2023-03-14T10:09:31.907+0000] {subprocess.py:93} INFO - [2023-03-14T10:09:31,906][INFO ][logstash.agent           ] Successfully started Logstash API endpoint {:port=>9600}
[2023-03-14T10:09:32.772+0000] {subprocess.py:93} INFO - [2023-03-14T10:09:32,771][INFO ][org.reflections.Reflections] Reflections took 115 ms to scan 1 urls, producing 120 keys and 417 values
[2023-03-14T10:09:34.198+0000] {subprocess.py:93} INFO - [2023-03-14T10:09:34,198][INFO ][logstash.outputs.elasticsearch][main] New Elasticsearch output {:class=>"LogStash::Outputs::ElasticSearch", :hosts=>["//localhost:9200"]}
[2023-03-14T10:09:34.593+0000] {subprocess.py:93} INFO - [2023-03-14T10:09:34,591][INFO ][logstash.outputs.elasticsearch][main] Elasticsearch pool URLs updated {:changes=>{:removed=>[], :added=>[http://localhost:9200/]}}
[2023-03-14T10:09:34.787+0000] {subprocess.py:93} INFO - [2023-03-14T10:09:34,787][WARN ][logstash.outputs.elasticsearch][main] Restored connection to ES instance {:url=>"http://localhost:9200/"}
[2023-03-14T10:09:34.850+0000] {subprocess.py:93} INFO - [2023-03-14T10:09:34,849][INFO ][logstash.outputs.elasticsearch][main] Elasticsearch version determined (7.15.2) {:es_version=>7}
[2023-03-14T10:09:34.856+0000] {subprocess.py:93} INFO - [2023-03-14T10:09:34,855][WARN ][logstash.outputs.elasticsearch][main] Detected a 6.x and above cluster: the `type` event field won't be used to determine the document _type {:es_version=>7}
[2023-03-14T10:09:35.072+0000] {subprocess.py:93} INFO - [2023-03-14T10:09:35,071][INFO ][logstash.outputs.elasticsearch][main] Using a default mapping template {:es_version=>7, :ecs_compatibility=>:disabled}
[2023-03-14T10:09:35.126+0000] {subprocess.py:93} INFO - [2023-03-14T10:09:35,126][INFO ][logstash.javapipeline    ][main] Starting pipeline {:pipeline_id=>"main", "pipeline.workers"=>8, "pipeline.batch.size"=>125, "pipeline.batch.delay"=>50, "pipeline.max_inflight"=>1000, "pipeline.sources"=>["/etc/logstash/conf.d/data.conf"], :thread=>"#<Thread:0x569f782 run>"}
[2023-03-14T10:09:36.396+0000] {subprocess.py:93} INFO - [2023-03-14T10:09:36,395][INFO ][logstash.javapipeline    ][main] Pipeline Java execution initialization time {"seconds"=>1.27}
[2023-03-14T10:09:36.548+0000] {subprocess.py:93} INFO - [2023-03-14T10:09:36,548][INFO ][logstash.javapipeline    ][main] Pipeline started {"pipeline.id"=>"main"}
[2023-03-14T10:09:36.680+0000] {subprocess.py:93} INFO - [2023-03-14T10:09:36,679][INFO ][logstash.agent           ] Pipelines running {:count=>1, :running_pipelines=>[:main], :non_running_pipelines=>[]}
[2023-03-14T10:09:38.198+0000] {subprocess.py:93} INFO - [2023-03-14T10:09:38,197][INFO ][logstash.inputs.jdbc     ][main][afa454a497099ce3438919c7cfc7ae10a3b3980082608321cda443e0b5f70dbd] (0.025681s) SELECT CAST(current_setting('server_version_num') AS integer) AS v
[2023-03-14T10:09:38.383+0000] {subprocess.py:93} INFO - [2023-03-14T10:09:38,383][ERROR][logstash.inputs.jdbc     ][main][afa454a497099ce3438919c7cfc7ae10a3b3980082608321cda443e0b5f70dbd] Java::OrgPostgresqlUtil::PSQLException: ERROR: relation "customers" does not exist
[2023-03-14T10:09:38.384+0000] {subprocess.py:93} INFO -   Position : 48: SELECT count(*) AS "count" FROM (SELECT * FROM customers) AS "t1" LIMIT 1
[2023-03-14T10:09:38.414+0000] {subprocess.py:93} INFO - [2023-03-14T10:09:38,413][WARN ][logstash.inputs.jdbc     ][main][afa454a497099ce3438919c7cfc7ae10a3b3980082608321cda443e0b5f70dbd] Exception when executing JDBC query {:exception=>"Java::OrgPostgresqlUtil::PSQLException: ERROR: relation \"customers\" does not exist\n  Position : 48"}
[2023-03-14T10:09:38.956+0000] {subprocess.py:93} INFO - [2023-03-14T10:09:38,955][INFO ][logstash.javapipeline    ][main] Pipeline terminated {"pipeline.id"=>"main"}
[2023-03-14T10:09:39.290+0000] {subprocess.py:93} INFO - [2023-03-14T10:09:39,290][INFO ][logstash.pipelinesregistry] Removed pipeline from registry successfully {:pipeline_id=>:main}
[2023-03-14T10:09:39.348+0000] {subprocess.py:93} INFO - [2023-03-14T10:09:39,348][INFO ][logstash.runner          ] Logstash shut down.
[2023-03-14T10:09:39.467+0000] {subprocess.py:97} INFO - Command exited with return code 0
[2023-03-14T10:09:39.495+0000] {taskinstance.py:1318} INFO - Marking task as SUCCESS. dag_id=AUTOMATISATION, task_id=Chargement_des_données_in_ELK, execution_date=20230313T000245, start_date=20230314T100907, end_date=20230314T100939
[2023-03-14T10:09:39.530+0000] {local_task_job.py:208} INFO - Task exited with return code 0
[2023-03-14T10:09:39.544+0000] {taskinstance.py:2578} INFO - 0 downstream tasks scheduled from follow-on schedule check
[2023-03-15T07:28:04.729+0000] {taskinstance.py:1083} INFO - Dependencies all met for <TaskInstance: AUTOMATISATION.Chargement_des_données_in_ELK scheduled__2023-03-13T00:02:45+00:00 [queued]>
[2023-03-15T07:28:04.736+0000] {taskinstance.py:1083} INFO - Dependencies all met for <TaskInstance: AUTOMATISATION.Chargement_des_données_in_ELK scheduled__2023-03-13T00:02:45+00:00 [queued]>
[2023-03-15T07:28:04.737+0000] {taskinstance.py:1279} INFO - 
--------------------------------------------------------------------------------
[2023-03-15T07:28:04.737+0000] {taskinstance.py:1280} INFO - Starting attempt 1 of 4
[2023-03-15T07:28:04.737+0000] {taskinstance.py:1281} INFO - 
--------------------------------------------------------------------------------
[2023-03-15T07:28:04.749+0000] {taskinstance.py:1300} INFO - Executing <Task(BashOperator): Chargement_des_données_in_ELK> on 2023-03-13 00:02:45+00:00
[2023-03-15T07:28:04.751+0000] {standard_task_runner.py:55} INFO - Started process 128689 to run task
[2023-03-15T07:28:04.753+0000] {standard_task_runner.py:82} INFO - Running: ['airflow', 'tasks', 'run', 'AUTOMATISATION', 'Chargement_des_données_in_ELK', 'scheduled__2023-03-13T00:02:45+00:00', '--job-id', '758', '--raw', '--subdir', 'DAGS_FOLDER/main.py', '--cfg-path', '/tmp/tmpf20x2e29']
[2023-03-15T07:28:04.754+0000] {standard_task_runner.py:83} INFO - Job 758: Subtask Chargement_des_données_in_ELK
[2023-03-15T07:28:04.787+0000] {task_command.py:388} INFO - Running <TaskInstance: AUTOMATISATION.Chargement_des_données_in_ELK scheduled__2023-03-13T00:02:45+00:00 [running]> on host dev
[2023-03-15T07:28:04.835+0000] {taskinstance.py:1507} INFO - Exporting the following env vars:
AIRFLOW_CTX_DAG_OWNER=airflow
AIRFLOW_CTX_DAG_ID=AUTOMATISATION
AIRFLOW_CTX_TASK_ID=Chargement_des_données_in_ELK
AIRFLOW_CTX_EXECUTION_DATE=2023-03-13T00:02:45+00:00
AIRFLOW_CTX_TRY_NUMBER=1
AIRFLOW_CTX_DAG_RUN_ID=scheduled__2023-03-13T00:02:45+00:00
[2023-03-15T07:28:04.836+0000] {subprocess.py:63} INFO - Tmp dir root location: 
 /tmp
[2023-03-15T07:28:04.836+0000] {subprocess.py:75} INFO - Running command: ['/usr/bin/bash', '-c', 'echo dev | sudo -S /usr/share/logstash/bin/logstash --path.settings=/etc/logstash/ -f /etc/logstash/conf.d/data.conf']
[2023-03-15T07:28:04.841+0000] {subprocess.py:86} INFO - Output:
[2023-03-15T07:28:04.888+0000] {subprocess.py:93} INFO - [sudo] Mot de passe de dev : Using bundled JDK: /usr/share/logstash/jdk
[2023-03-15T07:28:05.033+0000] {subprocess.py:93} INFO - OpenJDK 64-Bit Server VM warning: Option UseConcMarkSweepGC was deprecated in version 9.0 and will likely be removed in a future release.
[2023-03-15T07:28:21.474+0000] {subprocess.py:93} INFO - Sending Logstash logs to /var/log/logstash which is now configured via log4j2.properties
[2023-03-15T07:28:21.564+0000] {subprocess.py:93} INFO - [2023-03-15T07:28:21,562][INFO ][logstash.runner          ] Log4j configuration path used is: /etc/logstash/log4j2.properties
[2023-03-15T07:28:21.575+0000] {subprocess.py:93} INFO - [2023-03-15T07:28:21,574][INFO ][logstash.runner          ] Starting Logstash {"logstash.version"=>"7.15.2", "jruby.version"=>"jruby 9.2.19.0 (2.5.8) 2021-06-15 55810c552b OpenJDK 64-Bit Server VM 11.0.12+7 on 11.0.12+7 +indy +jit [linux-x86_64]"}
[2023-03-15T07:28:21.983+0000] {subprocess.py:93} INFO - [2023-03-15T07:28:21,983][WARN ][logstash.config.source.multilocal] Ignoring the 'pipelines.yml' file because modules or command line options are specified
[2023-03-15T07:28:23.046+0000] {subprocess.py:93} INFO - [2023-03-15T07:28:23,041][INFO ][logstash.agent           ] Successfully started Logstash API endpoint {:port=>9600}
[2023-03-15T07:28:23.710+0000] {subprocess.py:93} INFO - [2023-03-15T07:28:23,709][INFO ][org.reflections.Reflections] Reflections took 70 ms to scan 1 urls, producing 120 keys and 417 values
[2023-03-15T07:28:24.672+0000] {subprocess.py:93} INFO - [2023-03-15T07:28:24,671][INFO ][logstash.outputs.elasticsearch][main] New Elasticsearch output {:class=>"LogStash::Outputs::ElasticSearch", :hosts=>["//localhost:9200"]}
[2023-03-15T07:28:25.081+0000] {subprocess.py:93} INFO - [2023-03-15T07:28:25,080][INFO ][logstash.outputs.elasticsearch][main] Elasticsearch pool URLs updated {:changes=>{:removed=>[], :added=>[http://localhost:9200/]}}
[2023-03-15T07:28:25.242+0000] {subprocess.py:93} INFO - [2023-03-15T07:28:25,242][WARN ][logstash.outputs.elasticsearch][main] Restored connection to ES instance {:url=>"http://localhost:9200/"}
[2023-03-15T07:28:25.288+0000] {subprocess.py:93} INFO - [2023-03-15T07:28:25,288][INFO ][logstash.outputs.elasticsearch][main] Elasticsearch version determined (7.15.2) {:es_version=>7}
[2023-03-15T07:28:25.290+0000] {subprocess.py:93} INFO - [2023-03-15T07:28:25,290][WARN ][logstash.outputs.elasticsearch][main] Detected a 6.x and above cluster: the `type` event field won't be used to determine the document _type {:es_version=>7}
[2023-03-15T07:28:25.425+0000] {subprocess.py:93} INFO - [2023-03-15T07:28:25,425][INFO ][logstash.outputs.elasticsearch][main] Using a default mapping template {:es_version=>7, :ecs_compatibility=>:disabled}
[2023-03-15T07:28:25.470+0000] {subprocess.py:93} INFO - [2023-03-15T07:28:25,469][INFO ][logstash.javapipeline    ][main] Starting pipeline {:pipeline_id=>"main", "pipeline.workers"=>8, "pipeline.batch.size"=>125, "pipeline.batch.delay"=>50, "pipeline.max_inflight"=>1000, "pipeline.sources"=>["/etc/logstash/conf.d/data.conf"], :thread=>"#<Thread:0x5845e919 run>"}
[2023-03-15T07:28:26.178+0000] {subprocess.py:93} INFO - [2023-03-15T07:28:26,178][INFO ][logstash.javapipeline    ][main] Pipeline Java execution initialization time {"seconds"=>0.7}
[2023-03-15T07:28:26.272+0000] {subprocess.py:93} INFO - [2023-03-15T07:28:26,271][INFO ][logstash.javapipeline    ][main] Pipeline started {"pipeline.id"=>"main"}
[2023-03-15T07:28:26.348+0000] {subprocess.py:93} INFO - [2023-03-15T07:28:26,347][INFO ][logstash.agent           ] Pipelines running {:count=>1, :running_pipelines=>[:main], :non_running_pipelines=>[]}
[2023-03-15T07:28:27.296+0000] {subprocess.py:93} INFO - [2023-03-15T07:28:27,296][INFO ][logstash.inputs.jdbc     ][main][afa454a497099ce3438919c7cfc7ae10a3b3980082608321cda443e0b5f70dbd] (0.012423s) SELECT CAST(current_setting('server_version_num') AS integer) AS v
[2023-03-15T07:28:27.417+0000] {subprocess.py:93} INFO - [2023-03-15T07:28:27,417][INFO ][logstash.inputs.jdbc     ][main][afa454a497099ce3438919c7cfc7ae10a3b3980082608321cda443e0b5f70dbd] (0.002011s) SELECT count(*) AS "count" FROM (SELECT * FROM customers) AS "t1" LIMIT 1
[2023-03-15T07:28:28.351+0000] {subprocess.py:93} INFO - [2023-03-15T07:28:28,351][INFO ][logstash.javapipeline    ][main] Pipeline terminated {"pipeline.id"=>"main"}
[2023-03-15T07:28:28.399+0000] {subprocess.py:93} INFO - [2023-03-15T07:28:28,399][INFO ][logstash.pipelinesregistry] Removed pipeline from registry successfully {:pipeline_id=>:main}
[2023-03-15T07:28:28.428+0000] {subprocess.py:93} INFO - [2023-03-15T07:28:28,428][INFO ][logstash.runner          ] Logstash shut down.
[2023-03-15T07:28:28.485+0000] {subprocess.py:97} INFO - Command exited with return code 0
[2023-03-15T07:28:28.503+0000] {taskinstance.py:1318} INFO - Marking task as SUCCESS. dag_id=AUTOMATISATION, task_id=Chargement_des_données_in_ELK, execution_date=20230313T000245, start_date=20230315T072804, end_date=20230315T072828
[2023-03-15T07:28:28.549+0000] {local_task_job.py:208} INFO - Task exited with return code 0
[2023-03-15T07:28:28.557+0000] {taskinstance.py:2578} INFO - 0 downstream tasks scheduled from follow-on schedule check
