[2023-03-13T22:07:03.747+0000] {taskinstance.py:1083} INFO - Dependencies all met for <TaskInstance: AUTOMATISATION.demarre_ELK scheduled__2023-03-13T00:02:51+00:00 [queued]>
[2023-03-13T22:07:03.758+0000] {taskinstance.py:1083} INFO - Dependencies all met for <TaskInstance: AUTOMATISATION.demarre_ELK scheduled__2023-03-13T00:02:51+00:00 [queued]>
[2023-03-13T22:07:03.758+0000] {taskinstance.py:1279} INFO - 
--------------------------------------------------------------------------------
[2023-03-13T22:07:03.759+0000] {taskinstance.py:1280} INFO - Starting attempt 1 of 2
[2023-03-13T22:07:03.759+0000] {taskinstance.py:1281} INFO - 
--------------------------------------------------------------------------------
[2023-03-13T22:07:03.786+0000] {taskinstance.py:1300} INFO - Executing <Task(BashOperator): demarre_ELK> on 2023-03-13 00:02:51+00:00
[2023-03-13T22:07:03.789+0000] {standard_task_runner.py:55} INFO - Started process 68368 to run task
[2023-03-13T22:07:03.794+0000] {standard_task_runner.py:82} INFO - Running: ['airflow', 'tasks', 'run', 'AUTOMATISATION', 'demarre_ELK', 'scheduled__2023-03-13T00:02:51+00:00', '--job-id', '390', '--raw', '--subdir', 'DAGS_FOLDER/main.py', '--cfg-path', '/tmp/tmptob6dwyb']
[2023-03-13T22:07:03.796+0000] {standard_task_runner.py:83} INFO - Job 390: Subtask demarre_ELK
[2023-03-13T22:07:03.870+0000] {task_command.py:388} INFO - Running <TaskInstance: AUTOMATISATION.demarre_ELK scheduled__2023-03-13T00:02:51+00:00 [running]> on host dev
[2023-03-13T22:07:03.957+0000] {taskinstance.py:1507} INFO - Exporting the following env vars:
AIRFLOW_CTX_DAG_OWNER=airflow
AIRFLOW_CTX_DAG_ID=AUTOMATISATION
AIRFLOW_CTX_TASK_ID=demarre_ELK
AIRFLOW_CTX_EXECUTION_DATE=2023-03-13T00:02:51+00:00
AIRFLOW_CTX_TRY_NUMBER=1
AIRFLOW_CTX_DAG_RUN_ID=scheduled__2023-03-13T00:02:51+00:00
[2023-03-13T22:07:03.958+0000] {subprocess.py:63} INFO - Tmp dir root location: 
 /tmp
[2023-03-13T22:07:03.959+0000] {subprocess.py:75} INFO - Running command: ['/usr/bin/bash', '-c', 'docker-compose -f /home/dev/soute/ELK/docker-compose.yml up -d']
[2023-03-13T22:07:03.967+0000] {subprocess.py:86} INFO - Output:
[2023-03-13T22:07:04.733+0000] {subprocess.py:93} INFO - elasticsearch is up-to-date
[2023-03-13T22:07:04.733+0000] {subprocess.py:93} INFO - kibana is up-to-date
[2023-03-13T22:07:04.785+0000] {subprocess.py:97} INFO - Command exited with return code 0
[2023-03-13T22:07:04.822+0000] {taskinstance.py:1318} INFO - Marking task as SUCCESS. dag_id=AUTOMATISATION, task_id=demarre_ELK, execution_date=20230313T000251, start_date=20230313T220703, end_date=20230313T220704
[2023-03-13T22:07:04.848+0000] {local_task_job.py:208} INFO - Task exited with return code 0
[2023-03-13T22:07:04.873+0000] {taskinstance.py:2578} INFO - 1 downstream tasks scheduled from follow-on schedule check
[2023-03-14T10:09:42.381+0000] {taskinstance.py:1083} INFO - Dependencies all met for <TaskInstance: AUTOMATISATION.demarre_ELK scheduled__2023-03-13T00:02:51+00:00 [queued]>
[2023-03-14T10:09:42.393+0000] {taskinstance.py:1083} INFO - Dependencies all met for <TaskInstance: AUTOMATISATION.demarre_ELK scheduled__2023-03-13T00:02:51+00:00 [queued]>
[2023-03-14T10:09:42.393+0000] {taskinstance.py:1279} INFO - 
--------------------------------------------------------------------------------
[2023-03-14T10:09:42.393+0000] {taskinstance.py:1280} INFO - Starting attempt 1 of 2
[2023-03-14T10:09:42.393+0000] {taskinstance.py:1281} INFO - 
--------------------------------------------------------------------------------
[2023-03-14T10:09:42.413+0000] {taskinstance.py:1300} INFO - Executing <Task(BashOperator): demarre_ELK> on 2023-03-13 00:02:51+00:00
[2023-03-14T10:09:42.415+0000] {standard_task_runner.py:55} INFO - Started process 37643 to run task
[2023-03-14T10:09:42.419+0000] {standard_task_runner.py:82} INFO - Running: ['airflow', 'tasks', 'run', 'AUTOMATISATION', 'demarre_ELK', 'scheduled__2023-03-13T00:02:51+00:00', '--job-id', '634', '--raw', '--subdir', 'DAGS_FOLDER/main.py', '--cfg-path', '/tmp/tmpfu9xqzdj']
[2023-03-14T10:09:42.421+0000] {standard_task_runner.py:83} INFO - Job 634: Subtask demarre_ELK
[2023-03-14T10:09:42.486+0000] {task_command.py:388} INFO - Running <TaskInstance: AUTOMATISATION.demarre_ELK scheduled__2023-03-13T00:02:51+00:00 [running]> on host dev
[2023-03-14T10:09:42.556+0000] {taskinstance.py:1507} INFO - Exporting the following env vars:
AIRFLOW_CTX_DAG_OWNER=airflow
AIRFLOW_CTX_DAG_ID=AUTOMATISATION
AIRFLOW_CTX_TASK_ID=demarre_ELK
AIRFLOW_CTX_EXECUTION_DATE=2023-03-13T00:02:51+00:00
AIRFLOW_CTX_TRY_NUMBER=1
AIRFLOW_CTX_DAG_RUN_ID=scheduled__2023-03-13T00:02:51+00:00
[2023-03-14T10:09:42.558+0000] {subprocess.py:63} INFO - Tmp dir root location: 
 /tmp
[2023-03-14T10:09:42.559+0000] {subprocess.py:75} INFO - Running command: ['/usr/bin/bash', '-c', 'docker-compose -f /home/dev/soute/ELK/docker-compose.yml up -d']
[2023-03-14T10:09:42.566+0000] {subprocess.py:86} INFO - Output:
[2023-03-14T10:09:43.361+0000] {subprocess.py:93} INFO - elasticsearch is up-to-date
[2023-03-14T10:09:43.362+0000] {subprocess.py:93} INFO - kibana is up-to-date
[2023-03-14T10:09:43.429+0000] {subprocess.py:97} INFO - Command exited with return code 0
[2023-03-14T10:09:43.457+0000] {taskinstance.py:1318} INFO - Marking task as SUCCESS. dag_id=AUTOMATISATION, task_id=demarre_ELK, execution_date=20230313T000251, start_date=20230314T100942, end_date=20230314T100943
[2023-03-14T10:09:43.514+0000] {local_task_job.py:208} INFO - Task exited with return code 0
[2023-03-14T10:09:43.540+0000] {taskinstance.py:2578} INFO - 1 downstream tasks scheduled from follow-on schedule check
[2023-03-15T07:28:51.345+0000] {taskinstance.py:1083} INFO - Dependencies all met for <TaskInstance: AUTOMATISATION.demarre_ELK scheduled__2023-03-13T00:02:51+00:00 [queued]>
[2023-03-15T07:28:51.350+0000] {taskinstance.py:1083} INFO - Dependencies all met for <TaskInstance: AUTOMATISATION.demarre_ELK scheduled__2023-03-13T00:02:51+00:00 [queued]>
[2023-03-15T07:28:51.350+0000] {taskinstance.py:1279} INFO - 
--------------------------------------------------------------------------------
[2023-03-15T07:28:51.350+0000] {taskinstance.py:1280} INFO - Starting attempt 1 of 2
[2023-03-15T07:28:51.350+0000] {taskinstance.py:1281} INFO - 
--------------------------------------------------------------------------------
[2023-03-15T07:28:51.362+0000] {taskinstance.py:1300} INFO - Executing <Task(BashOperator): demarre_ELK> on 2023-03-13 00:02:51+00:00
[2023-03-15T07:28:51.363+0000] {standard_task_runner.py:55} INFO - Started process 129253 to run task
[2023-03-15T07:28:51.365+0000] {standard_task_runner.py:82} INFO - Running: ['airflow', 'tasks', 'run', 'AUTOMATISATION', 'demarre_ELK', 'scheduled__2023-03-13T00:02:51+00:00', '--job-id', '761', '--raw', '--subdir', 'DAGS_FOLDER/main.py', '--cfg-path', '/tmp/tmpals9lhbd']
[2023-03-15T07:28:51.366+0000] {standard_task_runner.py:83} INFO - Job 761: Subtask demarre_ELK
[2023-03-15T07:28:51.394+0000] {task_command.py:388} INFO - Running <TaskInstance: AUTOMATISATION.demarre_ELK scheduled__2023-03-13T00:02:51+00:00 [running]> on host dev
[2023-03-15T07:28:51.430+0000] {taskinstance.py:1507} INFO - Exporting the following env vars:
AIRFLOW_CTX_DAG_OWNER=airflow
AIRFLOW_CTX_DAG_ID=AUTOMATISATION
AIRFLOW_CTX_TASK_ID=demarre_ELK
AIRFLOW_CTX_EXECUTION_DATE=2023-03-13T00:02:51+00:00
AIRFLOW_CTX_TRY_NUMBER=1
AIRFLOW_CTX_DAG_RUN_ID=scheduled__2023-03-13T00:02:51+00:00
[2023-03-15T07:28:51.430+0000] {subprocess.py:63} INFO - Tmp dir root location: 
 /tmp
[2023-03-15T07:28:51.431+0000] {subprocess.py:75} INFO - Running command: ['/usr/bin/bash', '-c', 'docker-compose -f /home/dev/soute/ELK/docker-compose.yml up -d']
[2023-03-15T07:28:51.434+0000] {subprocess.py:86} INFO - Output:
[2023-03-15T07:28:51.739+0000] {subprocess.py:93} INFO - elasticsearch is up-to-date
[2023-03-15T07:28:51.739+0000] {subprocess.py:93} INFO - kibana is up-to-date
[2023-03-15T07:28:51.761+0000] {subprocess.py:97} INFO - Command exited with return code 0
[2023-03-15T07:28:51.773+0000] {taskinstance.py:1318} INFO - Marking task as SUCCESS. dag_id=AUTOMATISATION, task_id=demarre_ELK, execution_date=20230313T000251, start_date=20230315T072851, end_date=20230315T072851
[2023-03-15T07:28:51.818+0000] {local_task_job.py:208} INFO - Task exited with return code 0
[2023-03-15T07:28:51.840+0000] {taskinstance.py:2578} INFO - 1 downstream tasks scheduled from follow-on schedule check
