[2023-03-13T21:06:27.024+0000] {taskinstance.py:1083} INFO - Dependencies all met for <TaskInstance: AUTOMATISATION.Chargement_des_données_in_ELK scheduled__2023-03-13T00:01:21+00:00 [queued]>
[2023-03-13T21:06:27.036+0000] {taskinstance.py:1083} INFO - Dependencies all met for <TaskInstance: AUTOMATISATION.Chargement_des_données_in_ELK scheduled__2023-03-13T00:01:21+00:00 [queued]>
[2023-03-13T21:06:27.037+0000] {taskinstance.py:1279} INFO - 
--------------------------------------------------------------------------------
[2023-03-13T21:06:27.037+0000] {taskinstance.py:1280} INFO - Starting attempt 1 of 4
[2023-03-13T21:06:27.037+0000] {taskinstance.py:1281} INFO - 
--------------------------------------------------------------------------------
[2023-03-13T21:06:27.061+0000] {taskinstance.py:1300} INFO - Executing <Task(BashOperator): Chargement_des_données_in_ELK> on 2023-03-13 00:01:21+00:00
[2023-03-13T21:06:27.064+0000] {standard_task_runner.py:55} INFO - Started process 54316 to run task
[2023-03-13T21:06:27.069+0000] {standard_task_runner.py:82} INFO - Running: ['airflow', 'tasks', 'run', 'AUTOMATISATION', 'Chargement_des_données_in_ELK', 'scheduled__2023-03-13T00:01:21+00:00', '--job-id', '333', '--raw', '--subdir', 'DAGS_FOLDER/main.py', '--cfg-path', '/tmp/tmprch5qhkb']
[2023-03-13T21:06:27.071+0000] {standard_task_runner.py:83} INFO - Job 333: Subtask Chargement_des_données_in_ELK
[2023-03-13T21:06:27.143+0000] {task_command.py:388} INFO - Running <TaskInstance: AUTOMATISATION.Chargement_des_données_in_ELK scheduled__2023-03-13T00:01:21+00:00 [running]> on host dev
[2023-03-13T21:06:27.216+0000] {taskinstance.py:1507} INFO - Exporting the following env vars:
AIRFLOW_CTX_DAG_OWNER=airflow
AIRFLOW_CTX_DAG_ID=AUTOMATISATION
AIRFLOW_CTX_TASK_ID=Chargement_des_données_in_ELK
AIRFLOW_CTX_EXECUTION_DATE=2023-03-13T00:01:21+00:00
AIRFLOW_CTX_TRY_NUMBER=1
AIRFLOW_CTX_DAG_RUN_ID=scheduled__2023-03-13T00:01:21+00:00
[2023-03-13T21:06:27.218+0000] {subprocess.py:63} INFO - Tmp dir root location: 
 /tmp
[2023-03-13T21:06:27.219+0000] {subprocess.py:75} INFO - Running command: ['/usr/bin/bash', '-c', 'echo dev | sudo -S /usr/share/logstash/bin/logstash --path.settings=/etc/logstash/ -f /etc/logstash/conf.d/data.conf']
[2023-03-13T21:06:27.228+0000] {subprocess.py:86} INFO - Output:
[2023-03-13T21:06:27.324+0000] {subprocess.py:93} INFO - [sudo] Mot de passe de dev : Using bundled JDK: /usr/share/logstash/jdk
[2023-03-13T21:06:27.612+0000] {subprocess.py:93} INFO - OpenJDK 64-Bit Server VM warning: Option UseConcMarkSweepGC was deprecated in version 9.0 and will likely be removed in a future release.
[2023-03-13T21:06:57.632+0000] {subprocess.py:93} INFO - Sending Logstash logs to /var/log/logstash which is now configured via log4j2.properties
[2023-03-13T21:06:57.820+0000] {subprocess.py:93} INFO - [2023-03-13T21:06:57,815][INFO ][logstash.runner          ] Log4j configuration path used is: /etc/logstash/log4j2.properties
[2023-03-13T21:06:57.836+0000] {subprocess.py:93} INFO - [2023-03-13T21:06:57,835][INFO ][logstash.runner          ] Starting Logstash {"logstash.version"=>"7.15.2", "jruby.version"=>"jruby 9.2.19.0 (2.5.8) 2021-06-15 55810c552b OpenJDK 64-Bit Server VM 11.0.12+7 on 11.0.12+7 +indy +jit [linux-x86_64]"}
[2023-03-13T21:06:58.458+0000] {subprocess.py:93} INFO - [2023-03-13T21:06:58,458][WARN ][logstash.config.source.multilocal] Ignoring the 'pipelines.yml' file because modules or command line options are specified
[2023-03-13T21:07:00.505+0000] {subprocess.py:93} INFO - [2023-03-13T21:07:00,504][INFO ][logstash.agent           ] Successfully started Logstash API endpoint {:port=>9600}
[2023-03-13T21:07:01.468+0000] {subprocess.py:93} INFO - [2023-03-13T21:07:01,467][INFO ][org.reflections.Reflections] Reflections took 154 ms to scan 1 urls, producing 120 keys and 417 values
[2023-03-13T21:07:03.217+0000] {subprocess.py:93} INFO - [2023-03-13T21:07:03,216][INFO ][logstash.outputs.elasticsearch][main] New Elasticsearch output {:class=>"LogStash::Outputs::ElasticSearch", :hosts=>["//localhost:9200"]}
[2023-03-13T21:07:03.819+0000] {subprocess.py:93} INFO - [2023-03-13T21:07:03,816][INFO ][logstash.outputs.elasticsearch][main] Elasticsearch pool URLs updated {:changes=>{:removed=>[], :added=>[http://localhost:9200/]}}
[2023-03-13T21:07:04.104+0000] {subprocess.py:93} INFO - [2023-03-13T21:07:04,103][WARN ][logstash.outputs.elasticsearch][main] Restored connection to ES instance {:url=>"http://localhost:9200/"}
[2023-03-13T21:07:04.192+0000] {subprocess.py:93} INFO - [2023-03-13T21:07:04,192][INFO ][logstash.outputs.elasticsearch][main] Elasticsearch version determined (7.15.2) {:es_version=>7}
[2023-03-13T21:07:04.198+0000] {subprocess.py:93} INFO - [2023-03-13T21:07:04,197][WARN ][logstash.outputs.elasticsearch][main] Detected a 6.x and above cluster: the `type` event field won't be used to determine the document _type {:es_version=>7}
[2023-03-13T21:07:04.525+0000] {subprocess.py:93} INFO - [2023-03-13T21:07:04,523][INFO ][logstash.outputs.elasticsearch][main] Using a default mapping template {:es_version=>7, :ecs_compatibility=>:disabled}
[2023-03-13T21:07:04.592+0000] {subprocess.py:93} INFO - [2023-03-13T21:07:04,592][INFO ][logstash.javapipeline    ][main] Starting pipeline {:pipeline_id=>"main", "pipeline.workers"=>8, "pipeline.batch.size"=>125, "pipeline.batch.delay"=>50, "pipeline.max_inflight"=>1000, "pipeline.sources"=>["/etc/logstash/conf.d/data.conf"], :thread=>"#<Thread:0x74617f1e run>"}
[2023-03-13T21:07:05.968+0000] {subprocess.py:93} INFO - [2023-03-13T21:07:05,968][INFO ][logstash.javapipeline    ][main] Pipeline Java execution initialization time {"seconds"=>1.37}
[2023-03-13T21:07:06.126+0000] {subprocess.py:93} INFO - [2023-03-13T21:07:06,126][INFO ][logstash.javapipeline    ][main] Pipeline started {"pipeline.id"=>"main"}
[2023-03-13T21:07:06.276+0000] {subprocess.py:93} INFO - [2023-03-13T21:07:06,275][INFO ][logstash.agent           ] Pipelines running {:count=>1, :running_pipelines=>[:main], :non_running_pipelines=>[]}
[2023-03-13T21:07:08.318+0000] {subprocess.py:93} INFO - [2023-03-13T21:07:08,318][INFO ][logstash.inputs.jdbc     ][main][afa454a497099ce3438919c7cfc7ae10a3b3980082608321cda443e0b5f70dbd] (0.026461s) SELECT CAST(current_setting('server_version_num') AS integer) AS v
[2023-03-13T21:07:08.624+0000] {subprocess.py:93} INFO - [2023-03-13T21:07:08,624][INFO ][logstash.inputs.jdbc     ][main][afa454a497099ce3438919c7cfc7ae10a3b3980082608321cda443e0b5f70dbd] (0.099128s) SELECT count(*) AS "count" FROM (SELECT * FROM customers) AS "t1" LIMIT 1
[2023-03-13T21:07:09.283+0000] {subprocess.py:93} INFO - [2023-03-13T21:07:09,283][INFO ][logstash.inputs.jdbc     ][main][afa454a497099ce3438919c7cfc7ae10a3b3980082608321cda443e0b5f70dbd] (0.619816s) SELECT * FROM (SELECT * FROM customers) AS "t1" LIMIT 50000 OFFSET 0
[2023-03-13T21:07:17.961+0000] {subprocess.py:93} INFO - [2023-03-13T21:07:17,960][INFO ][logstash.inputs.jdbc     ][main][afa454a497099ce3438919c7cfc7ae10a3b3980082608321cda443e0b5f70dbd] (0.493759s) SELECT * FROM (SELECT * FROM customers) AS "t1" LIMIT 50000 OFFSET 50000
[2023-03-13T21:07:26.359+0000] {subprocess.py:93} INFO - [2023-03-13T21:07:26,359][INFO ][logstash.inputs.jdbc     ][main][afa454a497099ce3438919c7cfc7ae10a3b3980082608321cda443e0b5f70dbd] (0.412252s) SELECT * FROM (SELECT * FROM customers) AS "t1" LIMIT 50000 OFFSET 100000
[2023-03-13T21:07:34.960+0000] {subprocess.py:93} INFO - [2023-03-13T21:07:34,960][INFO ][logstash.inputs.jdbc     ][main][afa454a497099ce3438919c7cfc7ae10a3b3980082608321cda443e0b5f70dbd] (0.365177s) SELECT * FROM (SELECT * FROM customers) AS "t1" LIMIT 50000 OFFSET 150000
[2023-03-13T21:07:39.498+0000] {subprocess.py:93} INFO - [2023-03-13T21:07:39,497][INFO ][logstash.inputs.jdbc     ][main][afa454a497099ce3438919c7cfc7ae10a3b3980082608321cda443e0b5f70dbd] (0.126560s) SELECT * FROM (SELECT * FROM customers) AS "t1" LIMIT 50000 OFFSET 200000
[2023-03-13T21:07:41.975+0000] {subprocess.py:93} INFO - [2023-03-13T21:07:41,974][INFO ][logstash.inputs.jdbc     ][main][afa454a497099ce3438919c7cfc7ae10a3b3980082608321cda443e0b5f70dbd] (0.127552s) SELECT * FROM (SELECT * FROM customers) AS "t1" LIMIT 50000 OFFSET 250000
[2023-03-13T21:07:44.666+0000] {subprocess.py:93} INFO - [2023-03-13T21:07:44,666][INFO ][logstash.inputs.jdbc     ][main][afa454a497099ce3438919c7cfc7ae10a3b3980082608321cda443e0b5f70dbd] (0.140480s) SELECT * FROM (SELECT * FROM customers) AS "t1" LIMIT 50000 OFFSET 300000
[2023-03-13T21:07:47.160+0000] {subprocess.py:93} INFO - [2023-03-13T21:07:47,159][INFO ][logstash.inputs.jdbc     ][main][afa454a497099ce3438919c7cfc7ae10a3b3980082608321cda443e0b5f70dbd] (0.121451s) SELECT * FROM (SELECT * FROM customers) AS "t1" LIMIT 50000 OFFSET 350000
[2023-03-13T21:07:49.834+0000] {subprocess.py:93} INFO - [2023-03-13T21:07:49,834][INFO ][logstash.inputs.jdbc     ][main][afa454a497099ce3438919c7cfc7ae10a3b3980082608321cda443e0b5f70dbd] (0.156165s) SELECT * FROM (SELECT * FROM customers) AS "t1" LIMIT 50000 OFFSET 400000
[2023-03-13T21:07:53.081+0000] {subprocess.py:93} INFO - [2023-03-13T21:07:53,081][INFO ][logstash.inputs.jdbc     ][main][afa454a497099ce3438919c7cfc7ae10a3b3980082608321cda443e0b5f70dbd] (0.170759s) SELECT * FROM (SELECT * FROM customers) AS "t1" LIMIT 50000 OFFSET 450000
[2023-03-13T21:07:55.973+0000] {subprocess.py:93} INFO - [2023-03-13T21:07:55,973][INFO ][logstash.inputs.jdbc     ][main][afa454a497099ce3438919c7cfc7ae10a3b3980082608321cda443e0b5f70dbd] (0.145638s) SELECT * FROM (SELECT * FROM customers) AS "t1" LIMIT 50000 OFFSET 500000
[2023-03-13T21:07:58.727+0000] {subprocess.py:93} INFO - [2023-03-13T21:07:58,727][INFO ][logstash.inputs.jdbc     ][main][afa454a497099ce3438919c7cfc7ae10a3b3980082608321cda443e0b5f70dbd] (0.135487s) SELECT * FROM (SELECT * FROM customers) AS "t1" LIMIT 50000 OFFSET 550000
[2023-03-13T21:08:01.301+0000] {subprocess.py:93} INFO - [2023-03-13T21:08:01,301][INFO ][logstash.inputs.jdbc     ][main][afa454a497099ce3438919c7cfc7ae10a3b3980082608321cda443e0b5f70dbd] (0.163084s) SELECT * FROM (SELECT * FROM customers) AS "t1" LIMIT 50000 OFFSET 600000
[2023-03-13T21:08:04.023+0000] {subprocess.py:93} INFO - [2023-03-13T21:08:04,022][INFO ][logstash.inputs.jdbc     ][main][afa454a497099ce3438919c7cfc7ae10a3b3980082608321cda443e0b5f70dbd] (0.155614s) SELECT * FROM (SELECT * FROM customers) AS "t1" LIMIT 50000 OFFSET 650000
[2023-03-13T21:08:06.766+0000] {subprocess.py:93} INFO - [2023-03-13T21:08:06,766][INFO ][logstash.inputs.jdbc     ][main][afa454a497099ce3438919c7cfc7ae10a3b3980082608321cda443e0b5f70dbd] (0.188088s) SELECT * FROM (SELECT * FROM customers) AS "t1" LIMIT 50000 OFFSET 700000
[2023-03-13T21:08:09.316+0000] {subprocess.py:93} INFO - [2023-03-13T21:08:09,316][INFO ][logstash.inputs.jdbc     ][main][afa454a497099ce3438919c7cfc7ae10a3b3980082608321cda443e0b5f70dbd] (0.199593s) SELECT * FROM (SELECT * FROM customers) AS "t1" LIMIT 50000 OFFSET 750000
[2023-03-13T21:08:12.059+0000] {subprocess.py:93} INFO - [2023-03-13T21:08:12,058][INFO ][logstash.inputs.jdbc     ][main][afa454a497099ce3438919c7cfc7ae10a3b3980082608321cda443e0b5f70dbd] (0.159551s) SELECT * FROM (SELECT * FROM customers) AS "t1" LIMIT 50000 OFFSET 800000
[2023-03-13T21:08:14.675+0000] {subprocess.py:93} INFO - [2023-03-13T21:08:14,675][INFO ][logstash.inputs.jdbc     ][main][afa454a497099ce3438919c7cfc7ae10a3b3980082608321cda443e0b5f70dbd] (0.195832s) SELECT * FROM (SELECT * FROM customers) AS "t1" LIMIT 50000 OFFSET 850000
[2023-03-13T21:08:17.292+0000] {subprocess.py:93} INFO - [2023-03-13T21:08:17,292][INFO ][logstash.inputs.jdbc     ][main][afa454a497099ce3438919c7cfc7ae10a3b3980082608321cda443e0b5f70dbd] (0.180601s) SELECT * FROM (SELECT * FROM customers) AS "t1" LIMIT 50000 OFFSET 900000
[2023-03-13T21:08:20.244+0000] {subprocess.py:93} INFO - [2023-03-13T21:08:20,243][INFO ][logstash.inputs.jdbc     ][main][afa454a497099ce3438919c7cfc7ae10a3b3980082608321cda443e0b5f70dbd] (0.158170s) SELECT * FROM (SELECT * FROM customers) AS "t1" LIMIT 50000 OFFSET 950000
[2023-03-13T21:08:23.100+0000] {subprocess.py:93} INFO - [2023-03-13T21:08:23,100][INFO ][logstash.inputs.jdbc     ][main][afa454a497099ce3438919c7cfc7ae10a3b3980082608321cda443e0b5f70dbd] (0.191592s) SELECT * FROM (SELECT * FROM customers) AS "t1" LIMIT 50000 OFFSET 1000000
[2023-03-13T21:08:28.225+0000] {subprocess.py:93} INFO - [2023-03-13T21:08:28,224][INFO ][logstash.inputs.jdbc     ][main][afa454a497099ce3438919c7cfc7ae10a3b3980082608321cda443e0b5f70dbd] (0.164788s) SELECT * FROM (SELECT * FROM customers) AS "t1" LIMIT 50000 OFFSET 1050000
[2023-03-13T21:08:30.997+0000] {subprocess.py:93} INFO - [2023-03-13T21:08:30,996][INFO ][logstash.inputs.jdbc     ][main][afa454a497099ce3438919c7cfc7ae10a3b3980082608321cda443e0b5f70dbd] (0.170850s) SELECT * FROM (SELECT * FROM customers) AS "t1" LIMIT 50000 OFFSET 1100000
[2023-03-13T21:08:33.553+0000] {subprocess.py:93} INFO - [2023-03-13T21:08:33,553][INFO ][logstash.javapipeline    ][main] Pipeline terminated {"pipeline.id"=>"main"}
[2023-03-13T21:08:33.755+0000] {subprocess.py:93} INFO - [2023-03-13T21:08:33,755][INFO ][logstash.pipelinesregistry] Removed pipeline from registry successfully {:pipeline_id=>:main}
[2023-03-13T21:08:33.806+0000] {subprocess.py:93} INFO - [2023-03-13T21:08:33,805][INFO ][logstash.runner          ] Logstash shut down.
[2023-03-13T21:08:33.989+0000] {subprocess.py:97} INFO - Command exited with return code 0
[2023-03-13T21:08:34.018+0000] {taskinstance.py:1318} INFO - Marking task as SUCCESS. dag_id=AUTOMATISATION, task_id=Chargement_des_données_in_ELK, execution_date=20230313T000121, start_date=20230313T210627, end_date=20230313T210834
[2023-03-13T21:08:34.050+0000] {local_task_job.py:208} INFO - Task exited with return code 0
[2023-03-13T21:08:34.064+0000] {taskinstance.py:2578} INFO - 0 downstream tasks scheduled from follow-on schedule check
[2023-03-14T09:50:45.063+0000] {taskinstance.py:1083} INFO - Dependencies all met for <TaskInstance: AUTOMATISATION.Chargement_des_données_in_ELK scheduled__2023-03-13T00:01:21+00:00 [queued]>
[2023-03-14T09:50:45.076+0000] {taskinstance.py:1083} INFO - Dependencies all met for <TaskInstance: AUTOMATISATION.Chargement_des_données_in_ELK scheduled__2023-03-13T00:01:21+00:00 [queued]>
[2023-03-14T09:50:45.077+0000] {taskinstance.py:1279} INFO - 
--------------------------------------------------------------------------------
[2023-03-14T09:50:45.077+0000] {taskinstance.py:1280} INFO - Starting attempt 1 of 4
[2023-03-14T09:50:45.077+0000] {taskinstance.py:1281} INFO - 
--------------------------------------------------------------------------------
[2023-03-14T09:50:45.100+0000] {taskinstance.py:1300} INFO - Executing <Task(BashOperator): Chargement_des_données_in_ELK> on 2023-03-13 00:01:21+00:00
[2023-03-14T09:50:45.103+0000] {standard_task_runner.py:55} INFO - Started process 31278 to run task
[2023-03-14T09:50:45.107+0000] {standard_task_runner.py:82} INFO - Running: ['airflow', 'tasks', 'run', 'AUTOMATISATION', 'Chargement_des_données_in_ELK', 'scheduled__2023-03-13T00:01:21+00:00', '--job-id', '577', '--raw', '--subdir', 'DAGS_FOLDER/main.py', '--cfg-path', '/tmp/tmpyvufxsu6']
[2023-03-14T09:50:45.109+0000] {standard_task_runner.py:83} INFO - Job 577: Subtask Chargement_des_données_in_ELK
[2023-03-14T09:50:45.182+0000] {task_command.py:388} INFO - Running <TaskInstance: AUTOMATISATION.Chargement_des_données_in_ELK scheduled__2023-03-13T00:01:21+00:00 [running]> on host dev
[2023-03-14T09:50:45.258+0000] {taskinstance.py:1507} INFO - Exporting the following env vars:
AIRFLOW_CTX_DAG_OWNER=airflow
AIRFLOW_CTX_DAG_ID=AUTOMATISATION
AIRFLOW_CTX_TASK_ID=Chargement_des_données_in_ELK
AIRFLOW_CTX_EXECUTION_DATE=2023-03-13T00:01:21+00:00
AIRFLOW_CTX_TRY_NUMBER=1
AIRFLOW_CTX_DAG_RUN_ID=scheduled__2023-03-13T00:01:21+00:00
[2023-03-14T09:50:45.260+0000] {subprocess.py:63} INFO - Tmp dir root location: 
 /tmp
[2023-03-14T09:50:45.261+0000] {subprocess.py:75} INFO - Running command: ['/usr/bin/bash', '-c', 'echo dev | sudo -S /usr/share/logstash/bin/logstash --path.settings=/etc/logstash/ -f /etc/logstash/conf.d/data.conf']
[2023-03-14T09:50:45.269+0000] {subprocess.py:86} INFO - Output:
[2023-03-14T09:50:45.360+0000] {subprocess.py:93} INFO - [sudo] Mot de passe de dev : Using bundled JDK: /usr/share/logstash/jdk
[2023-03-14T09:50:45.655+0000] {subprocess.py:93} INFO - OpenJDK 64-Bit Server VM warning: Option UseConcMarkSweepGC was deprecated in version 9.0 and will likely be removed in a future release.
[2023-03-14T09:51:09.394+0000] {subprocess.py:93} INFO - Sending Logstash logs to /var/log/logstash which is now configured via log4j2.properties
[2023-03-14T09:51:09.589+0000] {subprocess.py:93} INFO - [2023-03-14T09:51:09,585][INFO ][logstash.runner          ] Log4j configuration path used is: /etc/logstash/log4j2.properties
[2023-03-14T09:51:09.603+0000] {subprocess.py:93} INFO - [2023-03-14T09:51:09,603][INFO ][logstash.runner          ] Starting Logstash {"logstash.version"=>"7.15.2", "jruby.version"=>"jruby 9.2.19.0 (2.5.8) 2021-06-15 55810c552b OpenJDK 64-Bit Server VM 11.0.12+7 on 11.0.12+7 +indy +jit [linux-x86_64]"}
[2023-03-14T09:51:10.402+0000] {subprocess.py:93} INFO - [2023-03-14T09:51:10,402][WARN ][logstash.config.source.multilocal] Ignoring the 'pipelines.yml' file because modules or command line options are specified
[2023-03-14T09:51:12.265+0000] {subprocess.py:93} INFO - [2023-03-14T09:51:12,263][INFO ][logstash.agent           ] Successfully started Logstash API endpoint {:port=>9600}
[2023-03-14T09:51:12.949+0000] {subprocess.py:93} INFO - [2023-03-14T09:51:12,948][INFO ][org.reflections.Reflections] Reflections took 157 ms to scan 1 urls, producing 120 keys and 417 values
[2023-03-14T09:51:14.558+0000] {subprocess.py:93} INFO - [2023-03-14T09:51:14,557][INFO ][logstash.outputs.elasticsearch][main] New Elasticsearch output {:class=>"LogStash::Outputs::ElasticSearch", :hosts=>["//localhost:9200"]}
[2023-03-14T09:51:14.983+0000] {subprocess.py:93} INFO - [2023-03-14T09:51:14,980][INFO ][logstash.outputs.elasticsearch][main] Elasticsearch pool URLs updated {:changes=>{:removed=>[], :added=>[http://localhost:9200/]}}
[2023-03-14T09:51:15.275+0000] {subprocess.py:93} INFO - [2023-03-14T09:51:15,274][WARN ][logstash.outputs.elasticsearch][main] Restored connection to ES instance {:url=>"http://localhost:9200/"}
[2023-03-14T09:51:15.335+0000] {subprocess.py:93} INFO - [2023-03-14T09:51:15,334][INFO ][logstash.outputs.elasticsearch][main] Elasticsearch version determined (7.15.2) {:es_version=>7}
[2023-03-14T09:51:15.338+0000] {subprocess.py:93} INFO - [2023-03-14T09:51:15,338][WARN ][logstash.outputs.elasticsearch][main] Detected a 6.x and above cluster: the `type` event field won't be used to determine the document _type {:es_version=>7}
[2023-03-14T09:51:15.561+0000] {subprocess.py:93} INFO - [2023-03-14T09:51:15,558][INFO ][logstash.outputs.elasticsearch][main] Using a default mapping template {:es_version=>7, :ecs_compatibility=>:disabled}
[2023-03-14T09:51:15.625+0000] {subprocess.py:93} INFO - [2023-03-14T09:51:15,625][INFO ][logstash.javapipeline    ][main] Starting pipeline {:pipeline_id=>"main", "pipeline.workers"=>8, "pipeline.batch.size"=>125, "pipeline.batch.delay"=>50, "pipeline.max_inflight"=>1000, "pipeline.sources"=>["/etc/logstash/conf.d/data.conf"], :thread=>"#<Thread:0x37968fe1 run>"}
[2023-03-14T09:51:17.028+0000] {subprocess.py:93} INFO - [2023-03-14T09:51:17,027][INFO ][logstash.javapipeline    ][main] Pipeline Java execution initialization time {"seconds"=>1.4}
[2023-03-14T09:51:17.219+0000] {subprocess.py:93} INFO - [2023-03-14T09:51:17,218][INFO ][logstash.javapipeline    ][main] Pipeline started {"pipeline.id"=>"main"}
[2023-03-14T09:51:17.302+0000] {subprocess.py:93} INFO - [2023-03-14T09:51:17,299][INFO ][logstash.agent           ] Pipelines running {:count=>1, :running_pipelines=>[:main], :non_running_pipelines=>[]}
[2023-03-14T09:51:18.843+0000] {subprocess.py:93} INFO - [2023-03-14T09:51:18,842][INFO ][logstash.inputs.jdbc     ][main][afa454a497099ce3438919c7cfc7ae10a3b3980082608321cda443e0b5f70dbd] (0.035817s) SELECT CAST(current_setting('server_version_num') AS integer) AS v
[2023-03-14T09:51:19.172+0000] {subprocess.py:93} INFO - [2023-03-14T09:51:19,172][ERROR][logstash.inputs.jdbc     ][main][afa454a497099ce3438919c7cfc7ae10a3b3980082608321cda443e0b5f70dbd] Java::OrgPostgresqlUtil::PSQLException: ERROR: relation "customers" does not exist
[2023-03-14T09:51:19.173+0000] {subprocess.py:93} INFO -   Position : 48: SELECT count(*) AS "count" FROM (SELECT * FROM customers) AS "t1" LIMIT 1
[2023-03-14T09:51:19.218+0000] {subprocess.py:93} INFO - [2023-03-14T09:51:19,217][WARN ][logstash.inputs.jdbc     ][main][afa454a497099ce3438919c7cfc7ae10a3b3980082608321cda443e0b5f70dbd] Exception when executing JDBC query {:exception=>"Java::OrgPostgresqlUtil::PSQLException: ERROR: relation \"customers\" does not exist\n  Position : 48"}
[2023-03-14T09:51:20.446+0000] {subprocess.py:93} INFO - [2023-03-14T09:51:20,445][INFO ][logstash.javapipeline    ][main] Pipeline terminated {"pipeline.id"=>"main"}
[2023-03-14T09:51:20.914+0000] {subprocess.py:93} INFO - [2023-03-14T09:51:20,913][INFO ][logstash.pipelinesregistry] Removed pipeline from registry successfully {:pipeline_id=>:main}
[2023-03-14T09:51:20.983+0000] {subprocess.py:93} INFO - [2023-03-14T09:51:20,983][INFO ][logstash.runner          ] Logstash shut down.
[2023-03-14T09:51:21.114+0000] {subprocess.py:97} INFO - Command exited with return code 0
[2023-03-14T09:51:21.149+0000] {taskinstance.py:1318} INFO - Marking task as SUCCESS. dag_id=AUTOMATISATION, task_id=Chargement_des_données_in_ELK, execution_date=20230313T000121, start_date=20230314T095045, end_date=20230314T095121
[2023-03-14T09:51:21.191+0000] {local_task_job.py:208} INFO - Task exited with return code 0
[2023-03-14T09:51:21.212+0000] {taskinstance.py:2578} INFO - 0 downstream tasks scheduled from follow-on schedule check
[2023-03-15T07:16:34.292+0000] {taskinstance.py:1083} INFO - Dependencies all met for <TaskInstance: AUTOMATISATION.Chargement_des_données_in_ELK scheduled__2023-03-13T00:01:21+00:00 [queued]>
[2023-03-15T07:16:34.297+0000] {taskinstance.py:1083} INFO - Dependencies all met for <TaskInstance: AUTOMATISATION.Chargement_des_données_in_ELK scheduled__2023-03-13T00:01:21+00:00 [queued]>
[2023-03-15T07:16:34.297+0000] {taskinstance.py:1279} INFO - 
--------------------------------------------------------------------------------
[2023-03-15T07:16:34.297+0000] {taskinstance.py:1280} INFO - Starting attempt 1 of 4
[2023-03-15T07:16:34.297+0000] {taskinstance.py:1281} INFO - 
--------------------------------------------------------------------------------
[2023-03-15T07:16:34.311+0000] {taskinstance.py:1300} INFO - Executing <Task(BashOperator): Chargement_des_données_in_ELK> on 2023-03-13 00:01:21+00:00
[2023-03-15T07:16:34.313+0000] {standard_task_runner.py:55} INFO - Started process 121164 to run task
[2023-03-15T07:16:34.314+0000] {standard_task_runner.py:82} INFO - Running: ['airflow', 'tasks', 'run', 'AUTOMATISATION', 'Chargement_des_données_in_ELK', 'scheduled__2023-03-13T00:01:21+00:00', '--job-id', '702', '--raw', '--subdir', 'DAGS_FOLDER/main.py', '--cfg-path', '/tmp/tmpxm8ya560']
[2023-03-15T07:16:34.315+0000] {standard_task_runner.py:83} INFO - Job 702: Subtask Chargement_des_données_in_ELK
[2023-03-15T07:16:34.344+0000] {task_command.py:388} INFO - Running <TaskInstance: AUTOMATISATION.Chargement_des_données_in_ELK scheduled__2023-03-13T00:01:21+00:00 [running]> on host dev
[2023-03-15T07:16:34.377+0000] {taskinstance.py:1507} INFO - Exporting the following env vars:
AIRFLOW_CTX_DAG_OWNER=airflow
AIRFLOW_CTX_DAG_ID=AUTOMATISATION
AIRFLOW_CTX_TASK_ID=Chargement_des_données_in_ELK
AIRFLOW_CTX_EXECUTION_DATE=2023-03-13T00:01:21+00:00
AIRFLOW_CTX_TRY_NUMBER=1
AIRFLOW_CTX_DAG_RUN_ID=scheduled__2023-03-13T00:01:21+00:00
[2023-03-15T07:16:34.378+0000] {subprocess.py:63} INFO - Tmp dir root location: 
 /tmp
[2023-03-15T07:16:34.378+0000] {subprocess.py:75} INFO - Running command: ['/usr/bin/bash', '-c', 'echo dev | sudo -S /usr/share/logstash/bin/logstash --path.settings=/etc/logstash/ -f /etc/logstash/conf.d/data.conf']
[2023-03-15T07:16:34.381+0000] {subprocess.py:86} INFO - Output:
[2023-03-15T07:16:34.413+0000] {subprocess.py:93} INFO - [sudo] Mot de passe de dev : Using bundled JDK: /usr/share/logstash/jdk
[2023-03-15T07:16:34.542+0000] {subprocess.py:93} INFO - OpenJDK 64-Bit Server VM warning: Option UseConcMarkSweepGC was deprecated in version 9.0 and will likely be removed in a future release.
[2023-03-15T07:16:45.813+0000] {subprocess.py:93} INFO - Sending Logstash logs to /var/log/logstash which is now configured via log4j2.properties
[2023-03-15T07:16:45.879+0000] {subprocess.py:93} INFO - [2023-03-15T07:16:45,877][INFO ][logstash.runner          ] Log4j configuration path used is: /etc/logstash/log4j2.properties
[2023-03-15T07:16:45.884+0000] {subprocess.py:93} INFO - [2023-03-15T07:16:45,884][INFO ][logstash.runner          ] Starting Logstash {"logstash.version"=>"7.15.2", "jruby.version"=>"jruby 9.2.19.0 (2.5.8) 2021-06-15 55810c552b OpenJDK 64-Bit Server VM 11.0.12+7 on 11.0.12+7 +indy +jit [linux-x86_64]"}
[2023-03-15T07:16:46.109+0000] {subprocess.py:93} INFO - [2023-03-15T07:16:46,109][WARN ][logstash.config.source.multilocal] Ignoring the 'pipelines.yml' file because modules or command line options are specified
[2023-03-15T07:16:47.017+0000] {subprocess.py:93} INFO - [2023-03-15T07:16:47,017][INFO ][logstash.agent           ] Successfully started Logstash API endpoint {:port=>9600}
[2023-03-15T07:16:47.461+0000] {subprocess.py:93} INFO - [2023-03-15T07:16:47,461][INFO ][org.reflections.Reflections] Reflections took 66 ms to scan 1 urls, producing 120 keys and 417 values
[2023-03-15T07:16:48.189+0000] {subprocess.py:93} INFO - [2023-03-15T07:16:48,188][INFO ][logstash.outputs.elasticsearch][main] New Elasticsearch output {:class=>"LogStash::Outputs::ElasticSearch", :hosts=>["//localhost:9200"]}
[2023-03-15T07:16:48.448+0000] {subprocess.py:93} INFO - [2023-03-15T07:16:48,447][INFO ][logstash.outputs.elasticsearch][main] Elasticsearch pool URLs updated {:changes=>{:removed=>[], :added=>[http://localhost:9200/]}}
[2023-03-15T07:16:48.627+0000] {subprocess.py:93} INFO - [2023-03-15T07:16:48,626][WARN ][logstash.outputs.elasticsearch][main] Restored connection to ES instance {:url=>"http://localhost:9200/"}
[2023-03-15T07:16:48.686+0000] {subprocess.py:93} INFO - [2023-03-15T07:16:48,685][INFO ][logstash.outputs.elasticsearch][main] Elasticsearch version determined (7.15.2) {:es_version=>7}
[2023-03-15T07:16:48.688+0000] {subprocess.py:93} INFO - [2023-03-15T07:16:48,688][WARN ][logstash.outputs.elasticsearch][main] Detected a 6.x and above cluster: the `type` event field won't be used to determine the document _type {:es_version=>7}
[2023-03-15T07:16:48.788+0000] {subprocess.py:93} INFO - [2023-03-15T07:16:48,787][INFO ][logstash.outputs.elasticsearch][main] Using a default mapping template {:es_version=>7, :ecs_compatibility=>:disabled}
[2023-03-15T07:16:48.826+0000] {subprocess.py:93} INFO - [2023-03-15T07:16:48,826][INFO ][logstash.javapipeline    ][main] Starting pipeline {:pipeline_id=>"main", "pipeline.workers"=>8, "pipeline.batch.size"=>125, "pipeline.batch.delay"=>50, "pipeline.max_inflight"=>1000, "pipeline.sources"=>["/etc/logstash/conf.d/data.conf"], :thread=>"#<Thread:0xb6cbc69 run>"}
[2023-03-15T07:16:49.343+0000] {subprocess.py:93} INFO - [2023-03-15T07:16:49,343][INFO ][logstash.javapipeline    ][main] Pipeline Java execution initialization time {"seconds"=>0.51}
[2023-03-15T07:16:49.406+0000] {subprocess.py:93} INFO - [2023-03-15T07:16:49,406][INFO ][logstash.javapipeline    ][main] Pipeline started {"pipeline.id"=>"main"}
[2023-03-15T07:16:49.487+0000] {subprocess.py:93} INFO - [2023-03-15T07:16:49,487][INFO ][logstash.agent           ] Pipelines running {:count=>1, :running_pipelines=>[:main], :non_running_pipelines=>[]}
[2023-03-15T07:16:50.288+0000] {subprocess.py:93} INFO - [2023-03-15T07:16:50,288][INFO ][logstash.inputs.jdbc     ][main][afa454a497099ce3438919c7cfc7ae10a3b3980082608321cda443e0b5f70dbd] (0.011629s) SELECT CAST(current_setting('server_version_num') AS integer) AS v
[2023-03-15T07:16:50.368+0000] {subprocess.py:93} INFO - [2023-03-15T07:16:50,368][INFO ][logstash.inputs.jdbc     ][main][afa454a497099ce3438919c7cfc7ae10a3b3980082608321cda443e0b5f70dbd] (0.001363s) SELECT count(*) AS "count" FROM (SELECT * FROM customers) AS "t1" LIMIT 1
[2023-03-15T07:16:50.744+0000] {subprocess.py:93} INFO - [2023-03-15T07:16:50,744][INFO ][logstash.javapipeline    ][main] Pipeline terminated {"pipeline.id"=>"main"}
[2023-03-15T07:16:51.029+0000] {subprocess.py:93} INFO - [2023-03-15T07:16:51,028][INFO ][logstash.pipelinesregistry] Removed pipeline from registry successfully {:pipeline_id=>:main}
[2023-03-15T07:16:51.060+0000] {subprocess.py:93} INFO - [2023-03-15T07:16:51,059][INFO ][logstash.runner          ] Logstash shut down.
[2023-03-15T07:16:51.107+0000] {subprocess.py:97} INFO - Command exited with return code 0
[2023-03-15T07:16:51.121+0000] {taskinstance.py:1318} INFO - Marking task as SUCCESS. dag_id=AUTOMATISATION, task_id=Chargement_des_données_in_ELK, execution_date=20230313T000121, start_date=20230315T071634, end_date=20230315T071651
[2023-03-15T07:16:51.134+0000] {local_task_job.py:208} INFO - Task exited with return code 0
[2023-03-15T07:16:51.140+0000] {taskinstance.py:2578} INFO - 0 downstream tasks scheduled from follow-on schedule check
