[2023-03-13T19:30:31.917+0000] {taskinstance.py:1083} INFO - Dependencies all met for <TaskInstance: AUTOMATISATION.demarre_ELK scheduled__2023-03-13T00:00:18+00:00 [queued]>
[2023-03-13T19:30:31.927+0000] {taskinstance.py:1083} INFO - Dependencies all met for <TaskInstance: AUTOMATISATION.demarre_ELK scheduled__2023-03-13T00:00:18+00:00 [queued]>
[2023-03-13T19:30:31.928+0000] {taskinstance.py:1279} INFO - 
--------------------------------------------------------------------------------
[2023-03-13T19:30:31.928+0000] {taskinstance.py:1280} INFO - Starting attempt 1 of 2
[2023-03-13T19:30:31.928+0000] {taskinstance.py:1281} INFO - 
--------------------------------------------------------------------------------
[2023-03-13T19:30:31.956+0000] {taskinstance.py:1300} INFO - Executing <Task(BashOperator): demarre_ELK> on 2023-03-13 00:00:18+00:00
[2023-03-13T19:30:31.959+0000] {standard_task_runner.py:55} INFO - Started process 34901 to run task
[2023-03-13T19:30:31.963+0000] {standard_task_runner.py:82} INFO - Running: ['airflow', 'tasks', 'run', 'AUTOMATISATION', 'demarre_ELK', 'scheduled__2023-03-13T00:00:18+00:00', '--job-id', '16', '--raw', '--subdir', 'DAGS_FOLDER/main.py', '--cfg-path', '/tmp/tmpyondwt8q']
[2023-03-13T19:30:31.965+0000] {standard_task_runner.py:83} INFO - Job 16: Subtask demarre_ELK
[2023-03-13T19:30:32.029+0000] {task_command.py:388} INFO - Running <TaskInstance: AUTOMATISATION.demarre_ELK scheduled__2023-03-13T00:00:18+00:00 [running]> on host dev
[2023-03-13T19:30:32.094+0000] {taskinstance.py:1507} INFO - Exporting the following env vars:
AIRFLOW_CTX_DAG_OWNER=airflow
AIRFLOW_CTX_DAG_ID=AUTOMATISATION
AIRFLOW_CTX_TASK_ID=demarre_ELK
AIRFLOW_CTX_EXECUTION_DATE=2023-03-13T00:00:18+00:00
AIRFLOW_CTX_TRY_NUMBER=1
AIRFLOW_CTX_DAG_RUN_ID=scheduled__2023-03-13T00:00:18+00:00
[2023-03-13T19:30:32.095+0000] {subprocess.py:63} INFO - Tmp dir root location: 
 /tmp
[2023-03-13T19:30:32.096+0000] {subprocess.py:75} INFO - Running command: ['/usr/bin/bash', '-c', 'docker-compose -f /home/dev/soute/ELK/docker-compose.yml up -d']
[2023-03-13T19:30:32.104+0000] {subprocess.py:86} INFO - Output:
[2023-03-13T19:30:32.849+0000] {subprocess.py:93} INFO - elasticsearch is up-to-date
[2023-03-13T19:30:32.849+0000] {subprocess.py:93} INFO - kibana is up-to-date
[2023-03-13T19:30:32.900+0000] {subprocess.py:97} INFO - Command exited with return code 0
[2023-03-13T19:30:32.927+0000] {taskinstance.py:1318} INFO - Marking task as SUCCESS. dag_id=AUTOMATISATION, task_id=demarre_ELK, execution_date=20230313T000018, start_date=20230313T193031, end_date=20230313T193032
[2023-03-13T19:30:32.977+0000] {local_task_job.py:208} INFO - Task exited with return code 0
[2023-03-13T19:30:33.004+0000] {taskinstance.py:2578} INFO - 1 downstream tasks scheduled from follow-on schedule check
[2023-03-13T19:41:04.831+0000] {taskinstance.py:1083} INFO - Dependencies all met for <TaskInstance: AUTOMATISATION.demarre_ELK scheduled__2023-03-13T00:00:18+00:00 [queued]>
[2023-03-13T19:41:04.842+0000] {taskinstance.py:1083} INFO - Dependencies all met for <TaskInstance: AUTOMATISATION.demarre_ELK scheduled__2023-03-13T00:00:18+00:00 [queued]>
[2023-03-13T19:41:04.843+0000] {taskinstance.py:1279} INFO - 
--------------------------------------------------------------------------------
[2023-03-13T19:41:04.843+0000] {taskinstance.py:1280} INFO - Starting attempt 1 of 2
[2023-03-13T19:41:04.843+0000] {taskinstance.py:1281} INFO - 
--------------------------------------------------------------------------------
[2023-03-13T19:41:04.862+0000] {taskinstance.py:1300} INFO - Executing <Task(BashOperator): demarre_ELK> on 2023-03-13 00:00:18+00:00
[2023-03-13T19:41:04.865+0000] {standard_task_runner.py:55} INFO - Started process 36949 to run task
[2023-03-13T19:41:04.870+0000] {standard_task_runner.py:82} INFO - Running: ['airflow', 'tasks', 'run', 'AUTOMATISATION', 'demarre_ELK', 'scheduled__2023-03-13T00:00:18+00:00', '--job-id', '64', '--raw', '--subdir', 'DAGS_FOLDER/main.py', '--cfg-path', '/tmp/tmpynjs_95v']
[2023-03-13T19:41:04.871+0000] {standard_task_runner.py:83} INFO - Job 64: Subtask demarre_ELK
[2023-03-13T19:41:04.935+0000] {task_command.py:388} INFO - Running <TaskInstance: AUTOMATISATION.demarre_ELK scheduled__2023-03-13T00:00:18+00:00 [running]> on host dev
[2023-03-13T19:41:05.001+0000] {taskinstance.py:1507} INFO - Exporting the following env vars:
AIRFLOW_CTX_DAG_OWNER=airflow
AIRFLOW_CTX_DAG_ID=AUTOMATISATION
AIRFLOW_CTX_TASK_ID=demarre_ELK
AIRFLOW_CTX_EXECUTION_DATE=2023-03-13T00:00:18+00:00
AIRFLOW_CTX_TRY_NUMBER=1
AIRFLOW_CTX_DAG_RUN_ID=scheduled__2023-03-13T00:00:18+00:00
[2023-03-13T19:41:05.003+0000] {subprocess.py:63} INFO - Tmp dir root location: 
 /tmp
[2023-03-13T19:41:05.004+0000] {subprocess.py:75} INFO - Running command: ['/usr/bin/bash', '-c', 'docker-compose -f /home/dev/soute/ELK/docker-compose.yml up -d']
[2023-03-13T19:41:05.012+0000] {subprocess.py:86} INFO - Output:
[2023-03-13T19:41:05.781+0000] {subprocess.py:93} INFO - elasticsearch is up-to-date
[2023-03-13T19:41:05.782+0000] {subprocess.py:93} INFO - kibana is up-to-date
[2023-03-13T19:41:05.835+0000] {subprocess.py:97} INFO - Command exited with return code 0
[2023-03-13T19:41:05.863+0000] {taskinstance.py:1318} INFO - Marking task as SUCCESS. dag_id=AUTOMATISATION, task_id=demarre_ELK, execution_date=20230313T000018, start_date=20230313T194104, end_date=20230313T194105
[2023-03-13T19:41:05.884+0000] {local_task_job.py:208} INFO - Task exited with return code 0
[2023-03-13T19:41:05.911+0000] {taskinstance.py:2578} INFO - 1 downstream tasks scheduled from follow-on schedule check
[2023-03-13T20:02:31.050+0000] {taskinstance.py:1083} INFO - Dependencies all met for <TaskInstance: AUTOMATISATION.demarre_ELK scheduled__2023-03-13T00:00:18+00:00 [queued]>
[2023-03-13T20:02:31.062+0000] {taskinstance.py:1083} INFO - Dependencies all met for <TaskInstance: AUTOMATISATION.demarre_ELK scheduled__2023-03-13T00:00:18+00:00 [queued]>
[2023-03-13T20:02:31.063+0000] {taskinstance.py:1279} INFO - 
--------------------------------------------------------------------------------
[2023-03-13T20:02:31.063+0000] {taskinstance.py:1280} INFO - Starting attempt 1 of 2
[2023-03-13T20:02:31.063+0000] {taskinstance.py:1281} INFO - 
--------------------------------------------------------------------------------
[2023-03-13T20:02:31.085+0000] {taskinstance.py:1300} INFO - Executing <Task(BashOperator): demarre_ELK> on 2023-03-13 00:00:18+00:00
[2023-03-13T20:02:31.089+0000] {standard_task_runner.py:55} INFO - Started process 40708 to run task
[2023-03-13T20:02:31.093+0000] {standard_task_runner.py:82} INFO - Running: ['airflow', 'tasks', 'run', 'AUTOMATISATION', 'demarre_ELK', 'scheduled__2023-03-13T00:00:18+00:00', '--job-id', '176', '--raw', '--subdir', 'DAGS_FOLDER/main.py', '--cfg-path', '/tmp/tmpu6_oiqje']
[2023-03-13T20:02:31.095+0000] {standard_task_runner.py:83} INFO - Job 176: Subtask demarre_ELK
[2023-03-13T20:02:31.163+0000] {task_command.py:388} INFO - Running <TaskInstance: AUTOMATISATION.demarre_ELK scheduled__2023-03-13T00:00:18+00:00 [running]> on host dev
[2023-03-13T20:02:31.232+0000] {taskinstance.py:1507} INFO - Exporting the following env vars:
AIRFLOW_CTX_DAG_OWNER=airflow
AIRFLOW_CTX_DAG_ID=AUTOMATISATION
AIRFLOW_CTX_TASK_ID=demarre_ELK
AIRFLOW_CTX_EXECUTION_DATE=2023-03-13T00:00:18+00:00
AIRFLOW_CTX_TRY_NUMBER=1
AIRFLOW_CTX_DAG_RUN_ID=scheduled__2023-03-13T00:00:18+00:00
[2023-03-13T20:02:31.234+0000] {subprocess.py:63} INFO - Tmp dir root location: 
 /tmp
[2023-03-13T20:02:31.235+0000] {subprocess.py:75} INFO - Running command: ['/usr/bin/bash', '-c', 'docker-compose -f /home/dev/soute/ELK/docker-compose.yml up -d']
[2023-03-13T20:02:31.243+0000] {subprocess.py:86} INFO - Output:
[2023-03-13T20:02:32.044+0000] {subprocess.py:93} INFO - elasticsearch is up-to-date
[2023-03-13T20:02:32.044+0000] {subprocess.py:93} INFO - kibana is up-to-date
[2023-03-13T20:02:32.102+0000] {subprocess.py:97} INFO - Command exited with return code 0
[2023-03-13T20:02:32.132+0000] {taskinstance.py:1318} INFO - Marking task as SUCCESS. dag_id=AUTOMATISATION, task_id=demarre_ELK, execution_date=20230313T000018, start_date=20230313T200231, end_date=20230313T200232
[2023-03-13T20:02:32.187+0000] {local_task_job.py:208} INFO - Task exited with return code 0
[2023-03-13T20:02:32.217+0000] {taskinstance.py:2578} INFO - 1 downstream tasks scheduled from follow-on schedule check
[2023-03-13T20:29:01.767+0000] {taskinstance.py:1083} INFO - Dependencies all met for <TaskInstance: AUTOMATISATION.demarre_ELK scheduled__2023-03-13T00:00:18+00:00 [queued]>
[2023-03-13T20:29:01.780+0000] {taskinstance.py:1083} INFO - Dependencies all met for <TaskInstance: AUTOMATISATION.demarre_ELK scheduled__2023-03-13T00:00:18+00:00 [queued]>
[2023-03-13T20:29:01.780+0000] {taskinstance.py:1279} INFO - 
--------------------------------------------------------------------------------
[2023-03-13T20:29:01.780+0000] {taskinstance.py:1280} INFO - Starting attempt 1 of 2
[2023-03-13T20:29:01.780+0000] {taskinstance.py:1281} INFO - 
--------------------------------------------------------------------------------
[2023-03-13T20:29:01.806+0000] {taskinstance.py:1300} INFO - Executing <Task(BashOperator): demarre_ELK> on 2023-03-13 00:00:18+00:00
[2023-03-13T20:29:01.809+0000] {standard_task_runner.py:55} INFO - Started process 46043 to run task
[2023-03-13T20:29:01.814+0000] {standard_task_runner.py:82} INFO - Running: ['airflow', 'tasks', 'run', 'AUTOMATISATION', 'demarre_ELK', 'scheduled__2023-03-13T00:00:18+00:00', '--job-id', '288', '--raw', '--subdir', 'DAGS_FOLDER/main.py', '--cfg-path', '/tmp/tmpmpbjkl86']
[2023-03-13T20:29:01.816+0000] {standard_task_runner.py:83} INFO - Job 288: Subtask demarre_ELK
[2023-03-13T20:29:01.890+0000] {task_command.py:388} INFO - Running <TaskInstance: AUTOMATISATION.demarre_ELK scheduled__2023-03-13T00:00:18+00:00 [running]> on host dev
[2023-03-13T20:29:01.966+0000] {taskinstance.py:1507} INFO - Exporting the following env vars:
AIRFLOW_CTX_DAG_OWNER=airflow
AIRFLOW_CTX_DAG_ID=AUTOMATISATION
AIRFLOW_CTX_TASK_ID=demarre_ELK
AIRFLOW_CTX_EXECUTION_DATE=2023-03-13T00:00:18+00:00
AIRFLOW_CTX_TRY_NUMBER=1
AIRFLOW_CTX_DAG_RUN_ID=scheduled__2023-03-13T00:00:18+00:00
[2023-03-13T20:29:01.968+0000] {subprocess.py:63} INFO - Tmp dir root location: 
 /tmp
[2023-03-13T20:29:01.968+0000] {subprocess.py:75} INFO - Running command: ['/usr/bin/bash', '-c', 'docker-compose -f /home/dev/soute/ELK/docker-compose.yml up -d']
[2023-03-13T20:29:01.977+0000] {subprocess.py:86} INFO - Output:
[2023-03-13T20:29:02.765+0000] {subprocess.py:93} INFO - elasticsearch is up-to-date
[2023-03-13T20:29:02.766+0000] {subprocess.py:93} INFO - kibana is up-to-date
[2023-03-13T20:29:02.822+0000] {subprocess.py:97} INFO - Command exited with return code 0
[2023-03-13T20:29:02.850+0000] {taskinstance.py:1318} INFO - Marking task as SUCCESS. dag_id=AUTOMATISATION, task_id=demarre_ELK, execution_date=20230313T000018, start_date=20230313T202901, end_date=20230313T202902
[2023-03-13T20:29:02.907+0000] {local_task_job.py:208} INFO - Task exited with return code 0
[2023-03-13T20:29:02.932+0000] {taskinstance.py:2578} INFO - 1 downstream tasks scheduled from follow-on schedule check
[2023-03-14T09:23:30.769+0000] {taskinstance.py:1083} INFO - Dependencies all met for <TaskInstance: AUTOMATISATION.demarre_ELK scheduled__2023-03-13T00:00:18+00:00 [queued]>
[2023-03-14T09:23:30.782+0000] {taskinstance.py:1083} INFO - Dependencies all met for <TaskInstance: AUTOMATISATION.demarre_ELK scheduled__2023-03-13T00:00:18+00:00 [queued]>
[2023-03-14T09:23:30.782+0000] {taskinstance.py:1279} INFO - 
--------------------------------------------------------------------------------
[2023-03-14T09:23:30.782+0000] {taskinstance.py:1280} INFO - Starting attempt 1 of 2
[2023-03-14T09:23:30.782+0000] {taskinstance.py:1281} INFO - 
--------------------------------------------------------------------------------
[2023-03-14T09:23:30.806+0000] {taskinstance.py:1300} INFO - Executing <Task(BashOperator): demarre_ELK> on 2023-03-13 00:00:18+00:00
[2023-03-14T09:23:30.809+0000] {standard_task_runner.py:55} INFO - Started process 23918 to run task
[2023-03-14T09:23:30.813+0000] {standard_task_runner.py:82} INFO - Running: ['airflow', 'tasks', 'run', 'AUTOMATISATION', 'demarre_ELK', 'scheduled__2023-03-13T00:00:18+00:00', '--job-id', '532', '--raw', '--subdir', 'DAGS_FOLDER/main.py', '--cfg-path', '/tmp/tmpk71lx93v']
[2023-03-14T09:23:30.815+0000] {standard_task_runner.py:83} INFO - Job 532: Subtask demarre_ELK
[2023-03-14T09:23:30.881+0000] {task_command.py:388} INFO - Running <TaskInstance: AUTOMATISATION.demarre_ELK scheduled__2023-03-13T00:00:18+00:00 [running]> on host dev
[2023-03-14T09:23:30.948+0000] {taskinstance.py:1507} INFO - Exporting the following env vars:
AIRFLOW_CTX_DAG_OWNER=airflow
AIRFLOW_CTX_DAG_ID=AUTOMATISATION
AIRFLOW_CTX_TASK_ID=demarre_ELK
AIRFLOW_CTX_EXECUTION_DATE=2023-03-13T00:00:18+00:00
AIRFLOW_CTX_TRY_NUMBER=1
AIRFLOW_CTX_DAG_RUN_ID=scheduled__2023-03-13T00:00:18+00:00
[2023-03-14T09:23:30.950+0000] {subprocess.py:63} INFO - Tmp dir root location: 
 /tmp
[2023-03-14T09:23:30.951+0000] {subprocess.py:75} INFO - Running command: ['/usr/bin/bash', '-c', 'docker-compose -f /home/dev/soute/ELK/docker-compose.yml up -d']
[2023-03-14T09:23:30.958+0000] {subprocess.py:86} INFO - Output:
[2023-03-14T09:23:31.711+0000] {subprocess.py:93} INFO - elasticsearch is up-to-date
[2023-03-14T09:23:31.712+0000] {subprocess.py:93} INFO - kibana is up-to-date
[2023-03-14T09:23:31.764+0000] {subprocess.py:97} INFO - Command exited with return code 0
[2023-03-14T09:23:31.791+0000] {taskinstance.py:1318} INFO - Marking task as SUCCESS. dag_id=AUTOMATISATION, task_id=demarre_ELK, execution_date=20230313T000018, start_date=20230314T092330, end_date=20230314T092331
[2023-03-14T09:23:31.826+0000] {local_task_job.py:208} INFO - Task exited with return code 0
[2023-03-14T09:23:31.851+0000] {taskinstance.py:2578} INFO - 1 downstream tasks scheduled from follow-on schedule check
[2023-03-15T07:08:45.461+0000] {taskinstance.py:1083} INFO - Dependencies all met for <TaskInstance: AUTOMATISATION.demarre_ELK scheduled__2023-03-13T00:00:18+00:00 [queued]>
[2023-03-15T07:08:45.467+0000] {taskinstance.py:1083} INFO - Dependencies all met for <TaskInstance: AUTOMATISATION.demarre_ELK scheduled__2023-03-13T00:00:18+00:00 [queued]>
[2023-03-15T07:08:45.467+0000] {taskinstance.py:1279} INFO - 
--------------------------------------------------------------------------------
[2023-03-15T07:08:45.467+0000] {taskinstance.py:1280} INFO - Starting attempt 1 of 2
[2023-03-15T07:08:45.467+0000] {taskinstance.py:1281} INFO - 
--------------------------------------------------------------------------------
[2023-03-15T07:08:45.480+0000] {taskinstance.py:1300} INFO - Executing <Task(BashOperator): demarre_ELK> on 2023-03-13 00:00:18+00:00
[2023-03-15T07:08:45.482+0000] {standard_task_runner.py:55} INFO - Started process 116964 to run task
[2023-03-15T07:08:45.484+0000] {standard_task_runner.py:82} INFO - Running: ['airflow', 'tasks', 'run', 'AUTOMATISATION', 'demarre_ELK', 'scheduled__2023-03-13T00:00:18+00:00', '--job-id', '656', '--raw', '--subdir', 'DAGS_FOLDER/main.py', '--cfg-path', '/tmp/tmpm65izsvb']
[2023-03-15T07:08:45.484+0000] {standard_task_runner.py:83} INFO - Job 656: Subtask demarre_ELK
[2023-03-15T07:08:45.515+0000] {task_command.py:388} INFO - Running <TaskInstance: AUTOMATISATION.demarre_ELK scheduled__2023-03-13T00:00:18+00:00 [running]> on host dev
[2023-03-15T07:08:45.549+0000] {taskinstance.py:1507} INFO - Exporting the following env vars:
AIRFLOW_CTX_DAG_OWNER=airflow
AIRFLOW_CTX_DAG_ID=AUTOMATISATION
AIRFLOW_CTX_TASK_ID=demarre_ELK
AIRFLOW_CTX_EXECUTION_DATE=2023-03-13T00:00:18+00:00
AIRFLOW_CTX_TRY_NUMBER=1
AIRFLOW_CTX_DAG_RUN_ID=scheduled__2023-03-13T00:00:18+00:00
[2023-03-15T07:08:45.550+0000] {subprocess.py:63} INFO - Tmp dir root location: 
 /tmp
[2023-03-15T07:08:45.550+0000] {subprocess.py:75} INFO - Running command: ['/usr/bin/bash', '-c', 'docker-compose -f /home/dev/soute/ELK/docker-compose.yml up -d']
[2023-03-15T07:08:45.554+0000] {subprocess.py:86} INFO - Output:
[2023-03-15T07:08:45.849+0000] {subprocess.py:93} INFO - elasticsearch is up-to-date
[2023-03-15T07:08:45.850+0000] {subprocess.py:93} INFO - kibana is up-to-date
[2023-03-15T07:08:45.871+0000] {subprocess.py:97} INFO - Command exited with return code 0
[2023-03-15T07:08:45.884+0000] {taskinstance.py:1318} INFO - Marking task as SUCCESS. dag_id=AUTOMATISATION, task_id=demarre_ELK, execution_date=20230313T000018, start_date=20230315T070845, end_date=20230315T070845
[2023-03-15T07:08:45.896+0000] {local_task_job.py:208} INFO - Task exited with return code 0
[2023-03-15T07:08:45.906+0000] {taskinstance.py:2578} INFO - 1 downstream tasks scheduled from follow-on schedule check
