[2023-03-13T23:42:33.357+0000] {taskinstance.py:1083} INFO - Dependencies all met for <TaskInstance: AUTOMATISATION.demarre_ELK scheduled__2023-03-13T00:05:06+00:00 [queued]>
[2023-03-13T23:42:33.372+0000] {taskinstance.py:1083} INFO - Dependencies all met for <TaskInstance: AUTOMATISATION.demarre_ELK scheduled__2023-03-13T00:05:06+00:00 [queued]>
[2023-03-13T23:42:33.372+0000] {taskinstance.py:1279} INFO - 
--------------------------------------------------------------------------------
[2023-03-13T23:42:33.372+0000] {taskinstance.py:1280} INFO - Starting attempt 1 of 2
[2023-03-13T23:42:33.372+0000] {taskinstance.py:1281} INFO - 
--------------------------------------------------------------------------------
[2023-03-13T23:42:33.397+0000] {taskinstance.py:1300} INFO - Executing <Task(BashOperator): demarre_ELK> on 2023-03-13 00:05:06+00:00
[2023-03-13T23:42:33.400+0000] {standard_task_runner.py:55} INFO - Started process 89470 to run task
[2023-03-13T23:42:33.404+0000] {standard_task_runner.py:82} INFO - Running: ['airflow', 'tasks', 'run', 'AUTOMATISATION', 'demarre_ELK', 'scheduled__2023-03-13T00:05:06+00:00', '--job-id', '480', '--raw', '--subdir', 'DAGS_FOLDER/main.py', '--cfg-path', '/tmp/tmpxv42kbxo']
[2023-03-13T23:42:33.406+0000] {standard_task_runner.py:83} INFO - Job 480: Subtask demarre_ELK
[2023-03-13T23:42:33.476+0000] {task_command.py:388} INFO - Running <TaskInstance: AUTOMATISATION.demarre_ELK scheduled__2023-03-13T00:05:06+00:00 [running]> on host dev
[2023-03-13T23:42:33.559+0000] {taskinstance.py:1507} INFO - Exporting the following env vars:
AIRFLOW_CTX_DAG_OWNER=airflow
AIRFLOW_CTX_DAG_ID=AUTOMATISATION
AIRFLOW_CTX_TASK_ID=demarre_ELK
AIRFLOW_CTX_EXECUTION_DATE=2023-03-13T00:05:06+00:00
AIRFLOW_CTX_TRY_NUMBER=1
AIRFLOW_CTX_DAG_RUN_ID=scheduled__2023-03-13T00:05:06+00:00
[2023-03-13T23:42:33.561+0000] {subprocess.py:63} INFO - Tmp dir root location: 
 /tmp
[2023-03-13T23:42:33.561+0000] {subprocess.py:75} INFO - Running command: ['/usr/bin/bash', '-c', 'docker-compose -f /home/dev/soute/ELK/docker-compose.yml up -d']
[2023-03-13T23:42:33.569+0000] {subprocess.py:86} INFO - Output:
[2023-03-13T23:42:34.336+0000] {subprocess.py:93} INFO - elasticsearch is up-to-date
[2023-03-13T23:42:34.337+0000] {subprocess.py:93} INFO - kibana is up-to-date
[2023-03-13T23:42:34.388+0000] {subprocess.py:97} INFO - Command exited with return code 0
[2023-03-13T23:42:34.425+0000] {taskinstance.py:1318} INFO - Marking task as SUCCESS. dag_id=AUTOMATISATION, task_id=demarre_ELK, execution_date=20230313T000506, start_date=20230313T234233, end_date=20230313T234234
[2023-03-13T23:42:34.498+0000] {local_task_job.py:208} INFO - Task exited with return code 0
[2023-03-13T23:42:34.525+0000] {taskinstance.py:2578} INFO - 1 downstream tasks scheduled from follow-on schedule check
[2023-03-15T07:43:53.045+0000] {taskinstance.py:1083} INFO - Dependencies all met for <TaskInstance: AUTOMATISATION.demarre_ELK scheduled__2023-03-13T00:05:06+00:00 [queued]>
[2023-03-15T07:43:53.054+0000] {taskinstance.py:1083} INFO - Dependencies all met for <TaskInstance: AUTOMATISATION.demarre_ELK scheduled__2023-03-13T00:05:06+00:00 [queued]>
[2023-03-15T07:43:53.054+0000] {taskinstance.py:1279} INFO - 
--------------------------------------------------------------------------------
[2023-03-15T07:43:53.054+0000] {taskinstance.py:1280} INFO - Starting attempt 1 of 2
[2023-03-15T07:43:53.054+0000] {taskinstance.py:1281} INFO - 
--------------------------------------------------------------------------------
[2023-03-15T07:43:53.069+0000] {taskinstance.py:1300} INFO - Executing <Task(BashOperator): demarre_ELK> on 2023-03-13 00:05:06+00:00
[2023-03-15T07:43:53.071+0000] {standard_task_runner.py:55} INFO - Started process 138159 to run task
[2023-03-15T07:43:53.073+0000] {standard_task_runner.py:82} INFO - Running: ['airflow', 'tasks', 'run', 'AUTOMATISATION', 'demarre_ELK', 'scheduled__2023-03-13T00:05:06+00:00', '--job-id', '851', '--raw', '--subdir', 'DAGS_FOLDER/main.py', '--cfg-path', '/tmp/tmp12eah499']
[2023-03-15T07:43:53.074+0000] {standard_task_runner.py:83} INFO - Job 851: Subtask demarre_ELK
[2023-03-15T07:43:53.117+0000] {task_command.py:388} INFO - Running <TaskInstance: AUTOMATISATION.demarre_ELK scheduled__2023-03-13T00:05:06+00:00 [running]> on host dev
[2023-03-15T07:43:53.160+0000] {taskinstance.py:1507} INFO - Exporting the following env vars:
AIRFLOW_CTX_DAG_OWNER=airflow
AIRFLOW_CTX_DAG_ID=AUTOMATISATION
AIRFLOW_CTX_TASK_ID=demarre_ELK
AIRFLOW_CTX_EXECUTION_DATE=2023-03-13T00:05:06+00:00
AIRFLOW_CTX_TRY_NUMBER=1
AIRFLOW_CTX_DAG_RUN_ID=scheduled__2023-03-13T00:05:06+00:00
[2023-03-15T07:43:53.161+0000] {subprocess.py:63} INFO - Tmp dir root location: 
 /tmp
[2023-03-15T07:43:53.161+0000] {subprocess.py:75} INFO - Running command: ['/usr/bin/bash', '-c', 'docker-compose -f /home/dev/soute/ELK/docker-compose.yml up -d']
[2023-03-15T07:43:53.167+0000] {subprocess.py:86} INFO - Output:
[2023-03-15T07:43:53.515+0000] {subprocess.py:93} INFO - elasticsearch is up-to-date
[2023-03-15T07:43:53.515+0000] {subprocess.py:93} INFO - kibana is up-to-date
[2023-03-15T07:43:53.543+0000] {subprocess.py:97} INFO - Command exited with return code 0
[2023-03-15T07:43:53.559+0000] {taskinstance.py:1318} INFO - Marking task as SUCCESS. dag_id=AUTOMATISATION, task_id=demarre_ELK, execution_date=20230313T000506, start_date=20230315T074353, end_date=20230315T074353
[2023-03-15T07:43:53.606+0000] {local_task_job.py:208} INFO - Task exited with return code 0
[2023-03-15T07:43:53.628+0000] {taskinstance.py:2578} INFO - 1 downstream tasks scheduled from follow-on schedule check
