[2023-03-13T21:38:22.391+0000] {taskinstance.py:1083} INFO - Dependencies all met for <TaskInstance: AUTOMATISATION.demarre_ELK scheduled__2023-03-13T00:02:09+00:00 [queued]>
[2023-03-13T21:38:22.403+0000] {taskinstance.py:1083} INFO - Dependencies all met for <TaskInstance: AUTOMATISATION.demarre_ELK scheduled__2023-03-13T00:02:09+00:00 [queued]>
[2023-03-13T21:38:22.404+0000] {taskinstance.py:1279} INFO - 
--------------------------------------------------------------------------------
[2023-03-13T21:38:22.404+0000] {taskinstance.py:1280} INFO - Starting attempt 1 of 2
[2023-03-13T21:38:22.404+0000] {taskinstance.py:1281} INFO - 
--------------------------------------------------------------------------------
[2023-03-13T21:38:22.428+0000] {taskinstance.py:1300} INFO - Executing <Task(BashOperator): demarre_ELK> on 2023-03-13 00:02:09+00:00
[2023-03-13T21:38:22.431+0000] {standard_task_runner.py:55} INFO - Started process 61920 to run task
[2023-03-13T21:38:22.435+0000] {standard_task_runner.py:82} INFO - Running: ['airflow', 'tasks', 'run', 'AUTOMATISATION', 'demarre_ELK', 'scheduled__2023-03-13T00:02:09+00:00', '--job-id', '362', '--raw', '--subdir', 'DAGS_FOLDER/main.py', '--cfg-path', '/tmp/tmpxed24pb8']
[2023-03-13T21:38:22.437+0000] {standard_task_runner.py:83} INFO - Job 362: Subtask demarre_ELK
[2023-03-13T21:38:22.506+0000] {task_command.py:388} INFO - Running <TaskInstance: AUTOMATISATION.demarre_ELK scheduled__2023-03-13T00:02:09+00:00 [running]> on host dev
[2023-03-13T21:38:22.596+0000] {taskinstance.py:1507} INFO - Exporting the following env vars:
AIRFLOW_CTX_DAG_OWNER=airflow
AIRFLOW_CTX_DAG_ID=AUTOMATISATION
AIRFLOW_CTX_TASK_ID=demarre_ELK
AIRFLOW_CTX_EXECUTION_DATE=2023-03-13T00:02:09+00:00
AIRFLOW_CTX_TRY_NUMBER=1
AIRFLOW_CTX_DAG_RUN_ID=scheduled__2023-03-13T00:02:09+00:00
[2023-03-13T21:38:22.598+0000] {subprocess.py:63} INFO - Tmp dir root location: 
 /tmp
[2023-03-13T21:38:22.599+0000] {subprocess.py:75} INFO - Running command: ['/usr/bin/bash', '-c', 'docker-compose -f /home/dev/soute/ELK/docker-compose.yml up -d']
[2023-03-13T21:38:22.608+0000] {subprocess.py:86} INFO - Output:
[2023-03-13T21:38:23.367+0000] {subprocess.py:93} INFO - elasticsearch is up-to-date
[2023-03-13T21:38:23.368+0000] {subprocess.py:93} INFO - kibana is up-to-date
[2023-03-13T21:38:23.419+0000] {subprocess.py:97} INFO - Command exited with return code 0
[2023-03-13T21:38:23.452+0000] {taskinstance.py:1318} INFO - Marking task as SUCCESS. dag_id=AUTOMATISATION, task_id=demarre_ELK, execution_date=20230313T000209, start_date=20230313T213822, end_date=20230313T213823
[2023-03-13T21:38:23.489+0000] {local_task_job.py:208} INFO - Task exited with return code 0
[2023-03-13T21:38:23.516+0000] {taskinstance.py:2578} INFO - 1 downstream tasks scheduled from follow-on schedule check
[2023-03-14T10:00:36.815+0000] {taskinstance.py:1083} INFO - Dependencies all met for <TaskInstance: AUTOMATISATION.demarre_ELK scheduled__2023-03-13T00:02:09+00:00 [queued]>
[2023-03-14T10:00:36.827+0000] {taskinstance.py:1083} INFO - Dependencies all met for <TaskInstance: AUTOMATISATION.demarre_ELK scheduled__2023-03-13T00:02:09+00:00 [queued]>
[2023-03-14T10:00:36.827+0000] {taskinstance.py:1279} INFO - 
--------------------------------------------------------------------------------
[2023-03-14T10:00:36.827+0000] {taskinstance.py:1280} INFO - Starting attempt 1 of 2
[2023-03-14T10:00:36.827+0000] {taskinstance.py:1281} INFO - 
--------------------------------------------------------------------------------
[2023-03-14T10:00:36.847+0000] {taskinstance.py:1300} INFO - Executing <Task(BashOperator): demarre_ELK> on 2023-03-13 00:02:09+00:00
[2023-03-14T10:00:36.850+0000] {standard_task_runner.py:55} INFO - Started process 34552 to run task
[2023-03-14T10:00:36.854+0000] {standard_task_runner.py:82} INFO - Running: ['airflow', 'tasks', 'run', 'AUTOMATISATION', 'demarre_ELK', 'scheduled__2023-03-13T00:02:09+00:00', '--job-id', '606', '--raw', '--subdir', 'DAGS_FOLDER/main.py', '--cfg-path', '/tmp/tmpzkz_zyo4']
[2023-03-14T10:00:36.857+0000] {standard_task_runner.py:83} INFO - Job 606: Subtask demarre_ELK
[2023-03-14T10:00:36.922+0000] {task_command.py:388} INFO - Running <TaskInstance: AUTOMATISATION.demarre_ELK scheduled__2023-03-13T00:02:09+00:00 [running]> on host dev
[2023-03-14T10:00:37.024+0000] {taskinstance.py:1507} INFO - Exporting the following env vars:
AIRFLOW_CTX_DAG_OWNER=airflow
AIRFLOW_CTX_DAG_ID=AUTOMATISATION
AIRFLOW_CTX_TASK_ID=demarre_ELK
AIRFLOW_CTX_EXECUTION_DATE=2023-03-13T00:02:09+00:00
AIRFLOW_CTX_TRY_NUMBER=1
AIRFLOW_CTX_DAG_RUN_ID=scheduled__2023-03-13T00:02:09+00:00
[2023-03-14T10:00:37.027+0000] {subprocess.py:63} INFO - Tmp dir root location: 
 /tmp
[2023-03-14T10:00:37.028+0000] {subprocess.py:75} INFO - Running command: ['/usr/bin/bash', '-c', 'docker-compose -f /home/dev/soute/ELK/docker-compose.yml up -d']
[2023-03-14T10:00:37.041+0000] {subprocess.py:86} INFO - Output:
[2023-03-14T10:00:37.823+0000] {subprocess.py:93} INFO - elasticsearch is up-to-date
[2023-03-14T10:00:37.823+0000] {subprocess.py:93} INFO - kibana is up-to-date
[2023-03-14T10:00:37.874+0000] {subprocess.py:97} INFO - Command exited with return code 0
[2023-03-14T10:00:37.903+0000] {taskinstance.py:1318} INFO - Marking task as SUCCESS. dag_id=AUTOMATISATION, task_id=demarre_ELK, execution_date=20230313T000209, start_date=20230314T100036, end_date=20230314T100037
[2023-03-14T10:00:37.948+0000] {local_task_job.py:208} INFO - Task exited with return code 0
[2023-03-14T10:00:37.975+0000] {taskinstance.py:2578} INFO - 1 downstream tasks scheduled from follow-on schedule check
[2023-03-15T07:22:16.043+0000] {taskinstance.py:1083} INFO - Dependencies all met for <TaskInstance: AUTOMATISATION.demarre_ELK scheduled__2023-03-13T00:02:09+00:00 [queued]>
[2023-03-15T07:22:16.050+0000] {taskinstance.py:1083} INFO - Dependencies all met for <TaskInstance: AUTOMATISATION.demarre_ELK scheduled__2023-03-13T00:02:09+00:00 [queued]>
[2023-03-15T07:22:16.050+0000] {taskinstance.py:1279} INFO - 
--------------------------------------------------------------------------------
[2023-03-15T07:22:16.050+0000] {taskinstance.py:1280} INFO - Starting attempt 1 of 2
[2023-03-15T07:22:16.050+0000] {taskinstance.py:1281} INFO - 
--------------------------------------------------------------------------------
[2023-03-15T07:22:16.063+0000] {taskinstance.py:1300} INFO - Executing <Task(BashOperator): demarre_ELK> on 2023-03-13 00:02:09+00:00
[2023-03-15T07:22:16.065+0000] {standard_task_runner.py:55} INFO - Started process 124643 to run task
[2023-03-15T07:22:16.067+0000] {standard_task_runner.py:82} INFO - Running: ['airflow', 'tasks', 'run', 'AUTOMATISATION', 'demarre_ELK', 'scheduled__2023-03-13T00:02:09+00:00', '--job-id', '733', '--raw', '--subdir', 'DAGS_FOLDER/main.py', '--cfg-path', '/tmp/tmp0j06e5je']
[2023-03-15T07:22:16.068+0000] {standard_task_runner.py:83} INFO - Job 733: Subtask demarre_ELK
[2023-03-15T07:22:16.104+0000] {task_command.py:388} INFO - Running <TaskInstance: AUTOMATISATION.demarre_ELK scheduled__2023-03-13T00:02:09+00:00 [running]> on host dev
[2023-03-15T07:22:16.151+0000] {taskinstance.py:1507} INFO - Exporting the following env vars:
AIRFLOW_CTX_DAG_OWNER=airflow
AIRFLOW_CTX_DAG_ID=AUTOMATISATION
AIRFLOW_CTX_TASK_ID=demarre_ELK
AIRFLOW_CTX_EXECUTION_DATE=2023-03-13T00:02:09+00:00
AIRFLOW_CTX_TRY_NUMBER=1
AIRFLOW_CTX_DAG_RUN_ID=scheduled__2023-03-13T00:02:09+00:00
[2023-03-15T07:22:16.152+0000] {subprocess.py:63} INFO - Tmp dir root location: 
 /tmp
[2023-03-15T07:22:16.153+0000] {subprocess.py:75} INFO - Running command: ['/usr/bin/bash', '-c', 'docker-compose -f /home/dev/soute/ELK/docker-compose.yml up -d']
[2023-03-15T07:22:16.158+0000] {subprocess.py:86} INFO - Output:
[2023-03-15T07:22:16.588+0000] {subprocess.py:93} INFO - elasticsearch is up-to-date
[2023-03-15T07:22:16.589+0000] {subprocess.py:93} INFO - kibana is up-to-date
[2023-03-15T07:22:16.630+0000] {subprocess.py:97} INFO - Command exited with return code 0
[2023-03-15T07:22:16.649+0000] {taskinstance.py:1318} INFO - Marking task as SUCCESS. dag_id=AUTOMATISATION, task_id=demarre_ELK, execution_date=20230313T000209, start_date=20230315T072216, end_date=20230315T072216
[2023-03-15T07:22:16.683+0000] {local_task_job.py:208} INFO - Task exited with return code 0
[2023-03-15T07:22:16.697+0000] {taskinstance.py:2578} INFO - 1 downstream tasks scheduled from follow-on schedule check
