[2023-03-13T23:07:23.985+0000] {taskinstance.py:1083} INFO - Dependencies all met for <TaskInstance: AUTOMATISATION.demarre_ELK scheduled__2023-03-13T00:04:18+00:00 [queued]>
[2023-03-13T23:07:23.996+0000] {taskinstance.py:1083} INFO - Dependencies all met for <TaskInstance: AUTOMATISATION.demarre_ELK scheduled__2023-03-13T00:04:18+00:00 [queued]>
[2023-03-13T23:07:23.996+0000] {taskinstance.py:1279} INFO - 
--------------------------------------------------------------------------------
[2023-03-13T23:07:23.997+0000] {taskinstance.py:1280} INFO - Starting attempt 1 of 2
[2023-03-13T23:07:23.997+0000] {taskinstance.py:1281} INFO - 
--------------------------------------------------------------------------------
[2023-03-13T23:07:24.020+0000] {taskinstance.py:1300} INFO - Executing <Task(BashOperator): demarre_ELK> on 2023-03-13 00:04:18+00:00
[2023-03-13T23:07:24.023+0000] {standard_task_runner.py:55} INFO - Started process 82358 to run task
[2023-03-13T23:07:24.027+0000] {standard_task_runner.py:82} INFO - Running: ['airflow', 'tasks', 'run', 'AUTOMATISATION', 'demarre_ELK', 'scheduled__2023-03-13T00:04:18+00:00', '--job-id', '448', '--raw', '--subdir', 'DAGS_FOLDER/main.py', '--cfg-path', '/tmp/tmp01g4t6hz']
[2023-03-13T23:07:24.029+0000] {standard_task_runner.py:83} INFO - Job 448: Subtask demarre_ELK
[2023-03-13T23:07:24.100+0000] {task_command.py:388} INFO - Running <TaskInstance: AUTOMATISATION.demarre_ELK scheduled__2023-03-13T00:04:18+00:00 [running]> on host dev
[2023-03-13T23:07:24.193+0000] {taskinstance.py:1507} INFO - Exporting the following env vars:
AIRFLOW_CTX_DAG_OWNER=airflow
AIRFLOW_CTX_DAG_ID=AUTOMATISATION
AIRFLOW_CTX_TASK_ID=demarre_ELK
AIRFLOW_CTX_EXECUTION_DATE=2023-03-13T00:04:18+00:00
AIRFLOW_CTX_TRY_NUMBER=1
AIRFLOW_CTX_DAG_RUN_ID=scheduled__2023-03-13T00:04:18+00:00
[2023-03-13T23:07:24.195+0000] {subprocess.py:63} INFO - Tmp dir root location: 
 /tmp
[2023-03-13T23:07:24.196+0000] {subprocess.py:75} INFO - Running command: ['/usr/bin/bash', '-c', 'docker-compose -f /home/dev/soute/ELK/docker-compose.yml up -d']
[2023-03-13T23:07:24.204+0000] {subprocess.py:86} INFO - Output:
[2023-03-13T23:07:24.942+0000] {subprocess.py:93} INFO - elasticsearch is up-to-date
[2023-03-13T23:07:24.943+0000] {subprocess.py:93} INFO - kibana is up-to-date
[2023-03-13T23:07:24.995+0000] {subprocess.py:97} INFO - Command exited with return code 0
[2023-03-13T23:07:25.030+0000] {taskinstance.py:1318} INFO - Marking task as SUCCESS. dag_id=AUTOMATISATION, task_id=demarre_ELK, execution_date=20230313T000418, start_date=20230313T230723, end_date=20230313T230725
[2023-03-13T23:07:25.081+0000] {local_task_job.py:208} INFO - Task exited with return code 0
[2023-03-13T23:07:25.117+0000] {taskinstance.py:2578} INFO - 1 downstream tasks scheduled from follow-on schedule check
[2023-03-15T07:38:35.253+0000] {taskinstance.py:1083} INFO - Dependencies all met for <TaskInstance: AUTOMATISATION.demarre_ELK scheduled__2023-03-13T00:04:18+00:00 [queued]>
[2023-03-15T07:38:35.258+0000] {taskinstance.py:1083} INFO - Dependencies all met for <TaskInstance: AUTOMATISATION.demarre_ELK scheduled__2023-03-13T00:04:18+00:00 [queued]>
[2023-03-15T07:38:35.258+0000] {taskinstance.py:1279} INFO - 
--------------------------------------------------------------------------------
[2023-03-15T07:38:35.258+0000] {taskinstance.py:1280} INFO - Starting attempt 1 of 2
[2023-03-15T07:38:35.258+0000] {taskinstance.py:1281} INFO - 
--------------------------------------------------------------------------------
[2023-03-15T07:38:35.269+0000] {taskinstance.py:1300} INFO - Executing <Task(BashOperator): demarre_ELK> on 2023-03-13 00:04:18+00:00
[2023-03-15T07:38:35.271+0000] {standard_task_runner.py:55} INFO - Started process 135060 to run task
[2023-03-15T07:38:35.273+0000] {standard_task_runner.py:82} INFO - Running: ['airflow', 'tasks', 'run', 'AUTOMATISATION', 'demarre_ELK', 'scheduled__2023-03-13T00:04:18+00:00', '--job-id', '819', '--raw', '--subdir', 'DAGS_FOLDER/main.py', '--cfg-path', '/tmp/tmprrjc349v']
[2023-03-15T07:38:35.273+0000] {standard_task_runner.py:83} INFO - Job 819: Subtask demarre_ELK
[2023-03-15T07:38:35.301+0000] {task_command.py:388} INFO - Running <TaskInstance: AUTOMATISATION.demarre_ELK scheduled__2023-03-13T00:04:18+00:00 [running]> on host dev
[2023-03-15T07:38:35.336+0000] {taskinstance.py:1507} INFO - Exporting the following env vars:
AIRFLOW_CTX_DAG_OWNER=airflow
AIRFLOW_CTX_DAG_ID=AUTOMATISATION
AIRFLOW_CTX_TASK_ID=demarre_ELK
AIRFLOW_CTX_EXECUTION_DATE=2023-03-13T00:04:18+00:00
AIRFLOW_CTX_TRY_NUMBER=1
AIRFLOW_CTX_DAG_RUN_ID=scheduled__2023-03-13T00:04:18+00:00
[2023-03-15T07:38:35.337+0000] {subprocess.py:63} INFO - Tmp dir root location: 
 /tmp
[2023-03-15T07:38:35.337+0000] {subprocess.py:75} INFO - Running command: ['/usr/bin/bash', '-c', 'docker-compose -f /home/dev/soute/ELK/docker-compose.yml up -d']
[2023-03-15T07:38:35.341+0000] {subprocess.py:86} INFO - Output:
[2023-03-15T07:38:35.665+0000] {subprocess.py:93} INFO - elasticsearch is up-to-date
[2023-03-15T07:38:35.665+0000] {subprocess.py:93} INFO - kibana is up-to-date
[2023-03-15T07:38:35.689+0000] {subprocess.py:97} INFO - Command exited with return code 0
[2023-03-15T07:38:35.703+0000] {taskinstance.py:1318} INFO - Marking task as SUCCESS. dag_id=AUTOMATISATION, task_id=demarre_ELK, execution_date=20230313T000418, start_date=20230315T073835, end_date=20230315T073835
[2023-03-15T07:38:35.725+0000] {local_task_job.py:208} INFO - Task exited with return code 0
[2023-03-15T07:38:35.735+0000] {taskinstance.py:2578} INFO - 1 downstream tasks scheduled from follow-on schedule check
