[2023-03-13T22:05:16.610+0000] {taskinstance.py:1083} INFO - Dependencies all met for <TaskInstance: AUTOMATISATION.demarre_ELK scheduled__2023-03-13T00:02:48+00:00 [queued]>
[2023-03-13T22:05:16.623+0000] {taskinstance.py:1083} INFO - Dependencies all met for <TaskInstance: AUTOMATISATION.demarre_ELK scheduled__2023-03-13T00:02:48+00:00 [queued]>
[2023-03-13T22:05:16.623+0000] {taskinstance.py:1279} INFO - 
--------------------------------------------------------------------------------
[2023-03-13T22:05:16.623+0000] {taskinstance.py:1280} INFO - Starting attempt 1 of 2
[2023-03-13T22:05:16.624+0000] {taskinstance.py:1281} INFO - 
--------------------------------------------------------------------------------
[2023-03-13T22:05:16.648+0000] {taskinstance.py:1300} INFO - Executing <Task(BashOperator): demarre_ELK> on 2023-03-13 00:02:48+00:00
[2023-03-13T22:05:16.651+0000] {standard_task_runner.py:55} INFO - Started process 68021 to run task
[2023-03-13T22:05:16.655+0000] {standard_task_runner.py:82} INFO - Running: ['airflow', 'tasks', 'run', 'AUTOMATISATION', 'demarre_ELK', 'scheduled__2023-03-13T00:02:48+00:00', '--job-id', '388', '--raw', '--subdir', 'DAGS_FOLDER/main.py', '--cfg-path', '/tmp/tmppcq7tc6w']
[2023-03-13T22:05:16.657+0000] {standard_task_runner.py:83} INFO - Job 388: Subtask demarre_ELK
[2023-03-13T22:05:16.767+0000] {task_command.py:388} INFO - Running <TaskInstance: AUTOMATISATION.demarre_ELK scheduled__2023-03-13T00:02:48+00:00 [running]> on host dev
[2023-03-13T22:05:17.238+0000] {taskinstance.py:1507} INFO - Exporting the following env vars:
AIRFLOW_CTX_DAG_OWNER=airflow
AIRFLOW_CTX_DAG_ID=AUTOMATISATION
AIRFLOW_CTX_TASK_ID=demarre_ELK
AIRFLOW_CTX_EXECUTION_DATE=2023-03-13T00:02:48+00:00
AIRFLOW_CTX_TRY_NUMBER=1
AIRFLOW_CTX_DAG_RUN_ID=scheduled__2023-03-13T00:02:48+00:00
[2023-03-13T22:05:17.240+0000] {subprocess.py:63} INFO - Tmp dir root location: 
 /tmp
[2023-03-13T22:05:17.240+0000] {subprocess.py:75} INFO - Running command: ['/usr/bin/bash', '-c', 'docker-compose -f /home/dev/soute/ELK/docker-compose.yml up -d']
[2023-03-13T22:05:17.250+0000] {subprocess.py:86} INFO - Output:
[2023-03-13T22:05:18.315+0000] {subprocess.py:93} INFO - elasticsearch is up-to-date
[2023-03-13T22:05:18.315+0000] {subprocess.py:93} INFO - kibana is up-to-date
[2023-03-13T22:05:18.367+0000] {subprocess.py:97} INFO - Command exited with return code 0
[2023-03-13T22:05:18.399+0000] {taskinstance.py:1318} INFO - Marking task as SUCCESS. dag_id=AUTOMATISATION, task_id=demarre_ELK, execution_date=20230313T000248, start_date=20230313T220516, end_date=20230313T220518
[2023-03-13T22:05:18.432+0000] {local_task_job.py:208} INFO - Task exited with return code 0
[2023-03-13T22:05:18.458+0000] {taskinstance.py:2578} INFO - 1 downstream tasks scheduled from follow-on schedule check
[2023-03-14T10:09:03.962+0000] {taskinstance.py:1083} INFO - Dependencies all met for <TaskInstance: AUTOMATISATION.demarre_ELK scheduled__2023-03-13T00:02:48+00:00 [queued]>
[2023-03-14T10:09:03.976+0000] {taskinstance.py:1083} INFO - Dependencies all met for <TaskInstance: AUTOMATISATION.demarre_ELK scheduled__2023-03-13T00:02:48+00:00 [queued]>
[2023-03-14T10:09:03.976+0000] {taskinstance.py:1279} INFO - 
--------------------------------------------------------------------------------
[2023-03-14T10:09:03.976+0000] {taskinstance.py:1280} INFO - Starting attempt 1 of 2
[2023-03-14T10:09:03.977+0000] {taskinstance.py:1281} INFO - 
--------------------------------------------------------------------------------
[2023-03-14T10:09:03.999+0000] {taskinstance.py:1300} INFO - Executing <Task(BashOperator): demarre_ELK> on 2023-03-13 00:02:48+00:00
[2023-03-14T10:09:04.002+0000] {standard_task_runner.py:55} INFO - Started process 37417 to run task
[2023-03-14T10:09:04.006+0000] {standard_task_runner.py:82} INFO - Running: ['airflow', 'tasks', 'run', 'AUTOMATISATION', 'demarre_ELK', 'scheduled__2023-03-13T00:02:48+00:00', '--job-id', '632', '--raw', '--subdir', 'DAGS_FOLDER/main.py', '--cfg-path', '/tmp/tmpjpdy79jb']
[2023-03-14T10:09:04.008+0000] {standard_task_runner.py:83} INFO - Job 632: Subtask demarre_ELK
[2023-03-14T10:09:04.077+0000] {task_command.py:388} INFO - Running <TaskInstance: AUTOMATISATION.demarre_ELK scheduled__2023-03-13T00:02:48+00:00 [running]> on host dev
[2023-03-14T10:09:04.148+0000] {taskinstance.py:1507} INFO - Exporting the following env vars:
AIRFLOW_CTX_DAG_OWNER=airflow
AIRFLOW_CTX_DAG_ID=AUTOMATISATION
AIRFLOW_CTX_TASK_ID=demarre_ELK
AIRFLOW_CTX_EXECUTION_DATE=2023-03-13T00:02:48+00:00
AIRFLOW_CTX_TRY_NUMBER=1
AIRFLOW_CTX_DAG_RUN_ID=scheduled__2023-03-13T00:02:48+00:00
[2023-03-14T10:09:04.150+0000] {subprocess.py:63} INFO - Tmp dir root location: 
 /tmp
[2023-03-14T10:09:04.151+0000] {subprocess.py:75} INFO - Running command: ['/usr/bin/bash', '-c', 'docker-compose -f /home/dev/soute/ELK/docker-compose.yml up -d']
[2023-03-14T10:09:04.159+0000] {subprocess.py:86} INFO - Output:
[2023-03-14T10:09:04.937+0000] {subprocess.py:93} INFO - elasticsearch is up-to-date
[2023-03-14T10:09:04.937+0000] {subprocess.py:93} INFO - kibana is up-to-date
[2023-03-14T10:09:04.987+0000] {subprocess.py:97} INFO - Command exited with return code 0
[2023-03-14T10:09:05.014+0000] {taskinstance.py:1318} INFO - Marking task as SUCCESS. dag_id=AUTOMATISATION, task_id=demarre_ELK, execution_date=20230313T000248, start_date=20230314T100903, end_date=20230314T100905
[2023-03-14T10:09:05.060+0000] {local_task_job.py:208} INFO - Task exited with return code 0
[2023-03-14T10:09:05.090+0000] {taskinstance.py:2578} INFO - 1 downstream tasks scheduled from follow-on schedule check
[2023-03-15T07:28:29.768+0000] {taskinstance.py:1083} INFO - Dependencies all met for <TaskInstance: AUTOMATISATION.demarre_ELK scheduled__2023-03-13T00:02:48+00:00 [queued]>
[2023-03-15T07:28:29.772+0000] {taskinstance.py:1083} INFO - Dependencies all met for <TaskInstance: AUTOMATISATION.demarre_ELK scheduled__2023-03-13T00:02:48+00:00 [queued]>
[2023-03-15T07:28:29.773+0000] {taskinstance.py:1279} INFO - 
--------------------------------------------------------------------------------
[2023-03-15T07:28:29.773+0000] {taskinstance.py:1280} INFO - Starting attempt 1 of 2
[2023-03-15T07:28:29.773+0000] {taskinstance.py:1281} INFO - 
--------------------------------------------------------------------------------
[2023-03-15T07:28:29.782+0000] {taskinstance.py:1300} INFO - Executing <Task(BashOperator): demarre_ELK> on 2023-03-13 00:02:48+00:00
[2023-03-15T07:28:29.784+0000] {standard_task_runner.py:55} INFO - Started process 128971 to run task
[2023-03-15T07:28:29.785+0000] {standard_task_runner.py:82} INFO - Running: ['airflow', 'tasks', 'run', 'AUTOMATISATION', 'demarre_ELK', 'scheduled__2023-03-13T00:02:48+00:00', '--job-id', '759', '--raw', '--subdir', 'DAGS_FOLDER/main.py', '--cfg-path', '/tmp/tmpmrrx1761']
[2023-03-15T07:28:29.786+0000] {standard_task_runner.py:83} INFO - Job 759: Subtask demarre_ELK
[2023-03-15T07:28:29.814+0000] {task_command.py:388} INFO - Running <TaskInstance: AUTOMATISATION.demarre_ELK scheduled__2023-03-13T00:02:48+00:00 [running]> on host dev
[2023-03-15T07:28:29.850+0000] {taskinstance.py:1507} INFO - Exporting the following env vars:
AIRFLOW_CTX_DAG_OWNER=airflow
AIRFLOW_CTX_DAG_ID=AUTOMATISATION
AIRFLOW_CTX_TASK_ID=demarre_ELK
AIRFLOW_CTX_EXECUTION_DATE=2023-03-13T00:02:48+00:00
AIRFLOW_CTX_TRY_NUMBER=1
AIRFLOW_CTX_DAG_RUN_ID=scheduled__2023-03-13T00:02:48+00:00
[2023-03-15T07:28:29.851+0000] {subprocess.py:63} INFO - Tmp dir root location: 
 /tmp
[2023-03-15T07:28:29.851+0000] {subprocess.py:75} INFO - Running command: ['/usr/bin/bash', '-c', 'docker-compose -f /home/dev/soute/ELK/docker-compose.yml up -d']
[2023-03-15T07:28:29.855+0000] {subprocess.py:86} INFO - Output:
[2023-03-15T07:28:30.148+0000] {subprocess.py:93} INFO - elasticsearch is up-to-date
[2023-03-15T07:28:30.148+0000] {subprocess.py:93} INFO - kibana is up-to-date
[2023-03-15T07:28:30.170+0000] {subprocess.py:97} INFO - Command exited with return code 0
[2023-03-15T07:28:30.183+0000] {taskinstance.py:1318} INFO - Marking task as SUCCESS. dag_id=AUTOMATISATION, task_id=demarre_ELK, execution_date=20230313T000248, start_date=20230315T072829, end_date=20230315T072830
[2023-03-15T07:28:30.198+0000] {local_task_job.py:208} INFO - Task exited with return code 0
[2023-03-15T07:28:30.208+0000] {taskinstance.py:2578} INFO - 1 downstream tasks scheduled from follow-on schedule check
