[2023-03-13T19:56:33.621+0000] {taskinstance.py:1083} INFO - Dependencies all met for <TaskInstance: AUTOMATISATION.Chargement_des_données_in_ELK scheduled__2023-03-13T00:00:21+00:00 [queued]>
[2023-03-13T19:56:33.634+0000] {taskinstance.py:1083} INFO - Dependencies all met for <TaskInstance: AUTOMATISATION.Chargement_des_données_in_ELK scheduled__2023-03-13T00:00:21+00:00 [queued]>
[2023-03-13T19:56:33.634+0000] {taskinstance.py:1279} INFO - 
--------------------------------------------------------------------------------
[2023-03-13T19:56:33.635+0000] {taskinstance.py:1280} INFO - Starting attempt 4 of 4
[2023-03-13T19:56:33.635+0000] {taskinstance.py:1281} INFO - 
--------------------------------------------------------------------------------
[2023-03-13T19:56:33.657+0000] {taskinstance.py:1300} INFO - Executing <Task(BashOperator): Chargement_des_données_in_ELK> on 2023-03-13 00:00:21+00:00
[2023-03-13T19:56:33.660+0000] {standard_task_runner.py:55} INFO - Started process 39341 to run task
[2023-03-13T19:56:33.665+0000] {standard_task_runner.py:82} INFO - Running: ['airflow', 'tasks', 'run', 'AUTOMATISATION', 'Chargement_des_données_in_ELK', 'scheduled__2023-03-13T00:00:21+00:00', '--job-id', '129', '--raw', '--subdir', 'DAGS_FOLDER/main.py', '--cfg-path', '/tmp/tmpuo6q59uf']
[2023-03-13T19:56:33.667+0000] {standard_task_runner.py:83} INFO - Job 129: Subtask Chargement_des_données_in_ELK
[2023-03-13T19:56:33.733+0000] {task_command.py:388} INFO - Running <TaskInstance: AUTOMATISATION.Chargement_des_données_in_ELK scheduled__2023-03-13T00:00:21+00:00 [running]> on host dev
[2023-03-13T19:56:33.799+0000] {taskinstance.py:1507} INFO - Exporting the following env vars:
AIRFLOW_CTX_DAG_OWNER=airflow
AIRFLOW_CTX_DAG_ID=AUTOMATISATION
AIRFLOW_CTX_TASK_ID=Chargement_des_données_in_ELK
AIRFLOW_CTX_EXECUTION_DATE=2023-03-13T00:00:21+00:00
AIRFLOW_CTX_TRY_NUMBER=4
AIRFLOW_CTX_DAG_RUN_ID=scheduled__2023-03-13T00:00:21+00:00
[2023-03-13T19:56:33.800+0000] {subprocess.py:63} INFO - Tmp dir root location: 
 /tmp
[2023-03-13T19:56:33.801+0000] {subprocess.py:75} INFO - Running command: ['/usr/bin/bash', '-c', 'bin/logstash --path.config /etc/logstash/conf.d/data.conf']
[2023-03-13T19:56:33.810+0000] {subprocess.py:86} INFO - Output:
[2023-03-13T19:56:33.812+0000] {subprocess.py:93} INFO - /usr/bin/bash: ligne 1: bin/logstash: Aucun fichier ou dossier de ce type
[2023-03-13T19:56:33.813+0000] {subprocess.py:97} INFO - Command exited with return code 127
[2023-03-13T19:56:33.823+0000] {taskinstance.py:1768} ERROR - Task failed with exception
Traceback (most recent call last):
  File "/home/dev/airflow/airflow/lib/python3.10/site-packages/airflow/operators/bash.py", line 196, in execute
    raise AirflowException(
airflow.exceptions.AirflowException: Bash command failed. The command returned a non-zero exit code 127.
[2023-03-13T19:56:33.828+0000] {taskinstance.py:1318} INFO - Marking task as FAILED. dag_id=AUTOMATISATION, task_id=Chargement_des_données_in_ELK, execution_date=20230313T000021, start_date=20230313T195633, end_date=20230313T195633
[2023-03-13T19:56:33.849+0000] {standard_task_runner.py:100} ERROR - Failed to execute job 129 for task Chargement_des_données_in_ELK (Bash command failed. The command returned a non-zero exit code 127.; 39341)
[2023-03-13T19:56:33.876+0000] {local_task_job.py:208} INFO - Task exited with return code 1
[2023-03-13T19:56:33.897+0000] {taskinstance.py:2578} INFO - 0 downstream tasks scheduled from follow-on schedule check
[2023-03-13T20:18:00.264+0000] {taskinstance.py:1083} INFO - Dependencies all met for <TaskInstance: AUTOMATISATION.Chargement_des_données_in_ELK scheduled__2023-03-13T00:00:21+00:00 [queued]>
[2023-03-13T20:18:00.277+0000] {taskinstance.py:1083} INFO - Dependencies all met for <TaskInstance: AUTOMATISATION.Chargement_des_données_in_ELK scheduled__2023-03-13T00:00:21+00:00 [queued]>
[2023-03-13T20:18:00.278+0000] {taskinstance.py:1279} INFO - 
--------------------------------------------------------------------------------
[2023-03-13T20:18:00.278+0000] {taskinstance.py:1280} INFO - Starting attempt 4 of 4
[2023-03-13T20:18:00.278+0000] {taskinstance.py:1281} INFO - 
--------------------------------------------------------------------------------
[2023-03-13T20:18:00.301+0000] {taskinstance.py:1300} INFO - Executing <Task(BashOperator): Chargement_des_données_in_ELK> on 2023-03-13 00:00:21+00:00
[2023-03-13T20:18:00.305+0000] {standard_task_runner.py:55} INFO - Started process 43174 to run task
[2023-03-13T20:18:00.309+0000] {standard_task_runner.py:82} INFO - Running: ['airflow', 'tasks', 'run', 'AUTOMATISATION', 'Chargement_des_données_in_ELK', 'scheduled__2023-03-13T00:00:21+00:00', '--job-id', '241', '--raw', '--subdir', 'DAGS_FOLDER/main.py', '--cfg-path', '/tmp/tmpgzo0_8be']
[2023-03-13T20:18:00.311+0000] {standard_task_runner.py:83} INFO - Job 241: Subtask Chargement_des_données_in_ELK
[2023-03-13T20:18:00.379+0000] {task_command.py:388} INFO - Running <TaskInstance: AUTOMATISATION.Chargement_des_données_in_ELK scheduled__2023-03-13T00:00:21+00:00 [running]> on host dev
[2023-03-13T20:18:00.450+0000] {taskinstance.py:1507} INFO - Exporting the following env vars:
AIRFLOW_CTX_DAG_OWNER=airflow
AIRFLOW_CTX_DAG_ID=AUTOMATISATION
AIRFLOW_CTX_TASK_ID=Chargement_des_données_in_ELK
AIRFLOW_CTX_EXECUTION_DATE=2023-03-13T00:00:21+00:00
AIRFLOW_CTX_TRY_NUMBER=4
AIRFLOW_CTX_DAG_RUN_ID=scheduled__2023-03-13T00:00:21+00:00
[2023-03-13T20:18:00.452+0000] {subprocess.py:63} INFO - Tmp dir root location: 
 /tmp
[2023-03-13T20:18:00.453+0000] {subprocess.py:75} INFO - Running command: ['/usr/bin/bash', '-c', 'bin/logstash -f /home/dev/etc/logstash/conf.d/data.conf']
[2023-03-13T20:18:00.461+0000] {subprocess.py:86} INFO - Output:
[2023-03-13T20:18:00.463+0000] {subprocess.py:93} INFO - /usr/bin/bash: ligne 1: bin/logstash: Aucun fichier ou dossier de ce type
[2023-03-13T20:18:00.463+0000] {subprocess.py:97} INFO - Command exited with return code 127
[2023-03-13T20:18:00.473+0000] {taskinstance.py:1768} ERROR - Task failed with exception
Traceback (most recent call last):
  File "/home/dev/airflow/airflow/lib/python3.10/site-packages/airflow/operators/bash.py", line 196, in execute
    raise AirflowException(
airflow.exceptions.AirflowException: Bash command failed. The command returned a non-zero exit code 127.
[2023-03-13T20:18:00.478+0000] {taskinstance.py:1318} INFO - Marking task as FAILED. dag_id=AUTOMATISATION, task_id=Chargement_des_données_in_ELK, execution_date=20230313T000021, start_date=20230313T201800, end_date=20230313T201800
[2023-03-13T20:18:00.498+0000] {standard_task_runner.py:100} ERROR - Failed to execute job 241 for task Chargement_des_données_in_ELK (Bash command failed. The command returned a non-zero exit code 127.; 43174)
[2023-03-13T20:18:00.520+0000] {local_task_job.py:208} INFO - Task exited with return code 1
[2023-03-13T20:18:00.540+0000] {taskinstance.py:2578} INFO - 0 downstream tasks scheduled from follow-on schedule check
