[2023-03-13T21:15:20.870+0000] {taskinstance.py:1083} INFO - Dependencies all met for <TaskInstance: AUTOMATISATION.demarre_ELK scheduled__2023-03-13T00:01:36+00:00 [queued]>
[2023-03-13T21:15:20.887+0000] {taskinstance.py:1083} INFO - Dependencies all met for <TaskInstance: AUTOMATISATION.demarre_ELK scheduled__2023-03-13T00:01:36+00:00 [queued]>
[2023-03-13T21:15:20.888+0000] {taskinstance.py:1279} INFO - 
--------------------------------------------------------------------------------
[2023-03-13T21:15:20.888+0000] {taskinstance.py:1280} INFO - Starting attempt 1 of 2
[2023-03-13T21:15:20.888+0000] {taskinstance.py:1281} INFO - 
--------------------------------------------------------------------------------
[2023-03-13T21:15:20.911+0000] {taskinstance.py:1300} INFO - Executing <Task(BashOperator): demarre_ELK> on 2023-03-13 00:01:36+00:00
[2023-03-13T21:15:20.914+0000] {standard_task_runner.py:55} INFO - Started process 56524 to run task
[2023-03-13T21:15:20.918+0000] {standard_task_runner.py:82} INFO - Running: ['airflow', 'tasks', 'run', 'AUTOMATISATION', 'demarre_ELK', 'scheduled__2023-03-13T00:01:36+00:00', '--job-id', '340', '--raw', '--subdir', 'DAGS_FOLDER/main.py', '--cfg-path', '/tmp/tmpdubx_pn8']
[2023-03-13T21:15:20.920+0000] {standard_task_runner.py:83} INFO - Job 340: Subtask demarre_ELK
[2023-03-13T21:15:21.000+0000] {task_command.py:388} INFO - Running <TaskInstance: AUTOMATISATION.demarre_ELK scheduled__2023-03-13T00:01:36+00:00 [running]> on host dev
[2023-03-13T21:15:21.088+0000] {taskinstance.py:1507} INFO - Exporting the following env vars:
AIRFLOW_CTX_DAG_OWNER=airflow
AIRFLOW_CTX_DAG_ID=AUTOMATISATION
AIRFLOW_CTX_TASK_ID=demarre_ELK
AIRFLOW_CTX_EXECUTION_DATE=2023-03-13T00:01:36+00:00
AIRFLOW_CTX_TRY_NUMBER=1
AIRFLOW_CTX_DAG_RUN_ID=scheduled__2023-03-13T00:01:36+00:00
[2023-03-13T21:15:21.090+0000] {subprocess.py:63} INFO - Tmp dir root location: 
 /tmp
[2023-03-13T21:15:21.091+0000] {subprocess.py:75} INFO - Running command: ['/usr/bin/bash', '-c', 'docker-compose -f /home/dev/soute/ELK/docker-compose.yml up -d']
[2023-03-13T21:15:21.100+0000] {subprocess.py:86} INFO - Output:
[2023-03-13T21:15:21.946+0000] {subprocess.py:93} INFO - elasticsearch is up-to-date
[2023-03-13T21:15:21.946+0000] {subprocess.py:93} INFO - kibana is up-to-date
[2023-03-13T21:15:22.002+0000] {subprocess.py:97} INFO - Command exited with return code 0
[2023-03-13T21:15:22.030+0000] {taskinstance.py:1318} INFO - Marking task as SUCCESS. dag_id=AUTOMATISATION, task_id=demarre_ELK, execution_date=20230313T000136, start_date=20230313T211520, end_date=20230313T211522
[2023-03-13T21:15:22.052+0000] {local_task_job.py:208} INFO - Task exited with return code 0
[2023-03-13T21:15:22.080+0000] {taskinstance.py:2578} INFO - 1 downstream tasks scheduled from follow-on schedule check
[2023-03-14T09:53:22.527+0000] {taskinstance.py:1083} INFO - Dependencies all met for <TaskInstance: AUTOMATISATION.demarre_ELK scheduled__2023-03-13T00:01:36+00:00 [queued]>
[2023-03-14T09:53:22.539+0000] {taskinstance.py:1083} INFO - Dependencies all met for <TaskInstance: AUTOMATISATION.demarre_ELK scheduled__2023-03-13T00:01:36+00:00 [queued]>
[2023-03-14T09:53:22.539+0000] {taskinstance.py:1279} INFO - 
--------------------------------------------------------------------------------
[2023-03-14T09:53:22.539+0000] {taskinstance.py:1280} INFO - Starting attempt 1 of 2
[2023-03-14T09:53:22.539+0000] {taskinstance.py:1281} INFO - 
--------------------------------------------------------------------------------
[2023-03-14T09:53:22.559+0000] {taskinstance.py:1300} INFO - Executing <Task(BashOperator): demarre_ELK> on 2023-03-13 00:01:36+00:00
[2023-03-14T09:53:22.563+0000] {standard_task_runner.py:55} INFO - Started process 32107 to run task
[2023-03-14T09:53:22.567+0000] {standard_task_runner.py:82} INFO - Running: ['airflow', 'tasks', 'run', 'AUTOMATISATION', 'demarre_ELK', 'scheduled__2023-03-13T00:01:36+00:00', '--job-id', '584', '--raw', '--subdir', 'DAGS_FOLDER/main.py', '--cfg-path', '/tmp/tmpigmeb51s']
[2023-03-14T09:53:22.569+0000] {standard_task_runner.py:83} INFO - Job 584: Subtask demarre_ELK
[2023-03-14T09:53:22.650+0000] {task_command.py:388} INFO - Running <TaskInstance: AUTOMATISATION.demarre_ELK scheduled__2023-03-13T00:01:36+00:00 [running]> on host dev
[2023-03-14T09:53:22.741+0000] {taskinstance.py:1507} INFO - Exporting the following env vars:
AIRFLOW_CTX_DAG_OWNER=airflow
AIRFLOW_CTX_DAG_ID=AUTOMATISATION
AIRFLOW_CTX_TASK_ID=demarre_ELK
AIRFLOW_CTX_EXECUTION_DATE=2023-03-13T00:01:36+00:00
AIRFLOW_CTX_TRY_NUMBER=1
AIRFLOW_CTX_DAG_RUN_ID=scheduled__2023-03-13T00:01:36+00:00
[2023-03-14T09:53:22.743+0000] {subprocess.py:63} INFO - Tmp dir root location: 
 /tmp
[2023-03-14T09:53:22.744+0000] {subprocess.py:75} INFO - Running command: ['/usr/bin/bash', '-c', 'docker-compose -f /home/dev/soute/ELK/docker-compose.yml up -d']
[2023-03-14T09:53:22.752+0000] {subprocess.py:86} INFO - Output:
[2023-03-14T09:53:23.491+0000] {subprocess.py:93} INFO - elasticsearch is up-to-date
[2023-03-14T09:53:23.492+0000] {subprocess.py:93} INFO - kibana is up-to-date
[2023-03-14T09:53:23.542+0000] {subprocess.py:97} INFO - Command exited with return code 0
[2023-03-14T09:53:23.570+0000] {taskinstance.py:1318} INFO - Marking task as SUCCESS. dag_id=AUTOMATISATION, task_id=demarre_ELK, execution_date=20230313T000136, start_date=20230314T095322, end_date=20230314T095323
[2023-03-14T09:53:23.621+0000] {local_task_job.py:208} INFO - Task exited with return code 0
[2023-03-14T09:53:23.647+0000] {taskinstance.py:2578} INFO - 1 downstream tasks scheduled from follow-on schedule check
[2023-03-15T07:17:52.985+0000] {taskinstance.py:1083} INFO - Dependencies all met for <TaskInstance: AUTOMATISATION.demarre_ELK scheduled__2023-03-13T00:01:36+00:00 [queued]>
[2023-03-15T07:17:52.989+0000] {taskinstance.py:1083} INFO - Dependencies all met for <TaskInstance: AUTOMATISATION.demarre_ELK scheduled__2023-03-13T00:01:36+00:00 [queued]>
[2023-03-15T07:17:52.989+0000] {taskinstance.py:1279} INFO - 
--------------------------------------------------------------------------------
[2023-03-15T07:17:52.990+0000] {taskinstance.py:1280} INFO - Starting attempt 1 of 2
[2023-03-15T07:17:52.990+0000] {taskinstance.py:1281} INFO - 
--------------------------------------------------------------------------------
[2023-03-15T07:17:52.999+0000] {taskinstance.py:1300} INFO - Executing <Task(BashOperator): demarre_ELK> on 2023-03-13 00:01:36+00:00
[2023-03-15T07:17:53.001+0000] {standard_task_runner.py:55} INFO - Started process 121818 to run task
[2023-03-15T07:17:53.003+0000] {standard_task_runner.py:82} INFO - Running: ['airflow', 'tasks', 'run', 'AUTOMATISATION', 'demarre_ELK', 'scheduled__2023-03-13T00:01:36+00:00', '--job-id', '710', '--raw', '--subdir', 'DAGS_FOLDER/main.py', '--cfg-path', '/tmp/tmpdxroovz_']
[2023-03-15T07:17:53.004+0000] {standard_task_runner.py:83} INFO - Job 710: Subtask demarre_ELK
[2023-03-15T07:17:53.033+0000] {task_command.py:388} INFO - Running <TaskInstance: AUTOMATISATION.demarre_ELK scheduled__2023-03-13T00:01:36+00:00 [running]> on host dev
[2023-03-15T07:17:53.073+0000] {taskinstance.py:1507} INFO - Exporting the following env vars:
AIRFLOW_CTX_DAG_OWNER=airflow
AIRFLOW_CTX_DAG_ID=AUTOMATISATION
AIRFLOW_CTX_TASK_ID=demarre_ELK
AIRFLOW_CTX_EXECUTION_DATE=2023-03-13T00:01:36+00:00
AIRFLOW_CTX_TRY_NUMBER=1
AIRFLOW_CTX_DAG_RUN_ID=scheduled__2023-03-13T00:01:36+00:00
[2023-03-15T07:17:53.073+0000] {subprocess.py:63} INFO - Tmp dir root location: 
 /tmp
[2023-03-15T07:17:53.074+0000] {subprocess.py:75} INFO - Running command: ['/usr/bin/bash', '-c', 'docker-compose -f /home/dev/soute/ELK/docker-compose.yml up -d']
[2023-03-15T07:17:53.077+0000] {subprocess.py:86} INFO - Output:
[2023-03-15T07:17:53.371+0000] {subprocess.py:93} INFO - elasticsearch is up-to-date
[2023-03-15T07:17:53.371+0000] {subprocess.py:93} INFO - kibana is up-to-date
[2023-03-15T07:17:53.393+0000] {subprocess.py:97} INFO - Command exited with return code 0
[2023-03-15T07:17:53.408+0000] {taskinstance.py:1318} INFO - Marking task as SUCCESS. dag_id=AUTOMATISATION, task_id=demarre_ELK, execution_date=20230313T000136, start_date=20230315T071752, end_date=20230315T071753
[2023-03-15T07:17:53.456+0000] {local_task_job.py:208} INFO - Task exited with return code 0
[2023-03-15T07:17:53.477+0000] {taskinstance.py:2578} INFO - 1 downstream tasks scheduled from follow-on schedule check
