[2023-03-13T21:50:31.545+0000] {taskinstance.py:1083} INFO - Dependencies all met for <TaskInstance: AUTOMATISATION.demarre_ELK scheduled__2023-03-13T00:02:27+00:00 [queued]>
[2023-03-13T21:50:31.556+0000] {taskinstance.py:1083} INFO - Dependencies all met for <TaskInstance: AUTOMATISATION.demarre_ELK scheduled__2023-03-13T00:02:27+00:00 [queued]>
[2023-03-13T21:50:31.556+0000] {taskinstance.py:1279} INFO - 
--------------------------------------------------------------------------------
[2023-03-13T21:50:31.557+0000] {taskinstance.py:1280} INFO - Starting attempt 1 of 2
[2023-03-13T21:50:31.557+0000] {taskinstance.py:1281} INFO - 
--------------------------------------------------------------------------------
[2023-03-13T21:50:31.582+0000] {taskinstance.py:1300} INFO - Executing <Task(BashOperator): demarre_ELK> on 2023-03-13 00:02:27+00:00
[2023-03-13T21:50:31.585+0000] {standard_task_runner.py:55} INFO - Started process 64890 to run task
[2023-03-13T21:50:31.589+0000] {standard_task_runner.py:82} INFO - Running: ['airflow', 'tasks', 'run', 'AUTOMATISATION', 'demarre_ELK', 'scheduled__2023-03-13T00:02:27+00:00', '--job-id', '374', '--raw', '--subdir', 'DAGS_FOLDER/main.py', '--cfg-path', '/tmp/tmpeknggo2w']
[2023-03-13T21:50:31.591+0000] {standard_task_runner.py:83} INFO - Job 374: Subtask demarre_ELK
[2023-03-13T21:50:31.673+0000] {task_command.py:388} INFO - Running <TaskInstance: AUTOMATISATION.demarre_ELK scheduled__2023-03-13T00:02:27+00:00 [running]> on host dev
[2023-03-13T21:50:31.758+0000] {taskinstance.py:1507} INFO - Exporting the following env vars:
AIRFLOW_CTX_DAG_OWNER=airflow
AIRFLOW_CTX_DAG_ID=AUTOMATISATION
AIRFLOW_CTX_TASK_ID=demarre_ELK
AIRFLOW_CTX_EXECUTION_DATE=2023-03-13T00:02:27+00:00
AIRFLOW_CTX_TRY_NUMBER=1
AIRFLOW_CTX_DAG_RUN_ID=scheduled__2023-03-13T00:02:27+00:00
[2023-03-13T21:50:31.760+0000] {subprocess.py:63} INFO - Tmp dir root location: 
 /tmp
[2023-03-13T21:50:31.760+0000] {subprocess.py:75} INFO - Running command: ['/usr/bin/bash', '-c', 'docker-compose -f /home/dev/soute/ELK/docker-compose.yml up -d']
[2023-03-13T21:50:31.769+0000] {subprocess.py:86} INFO - Output:
[2023-03-13T21:50:32.535+0000] {subprocess.py:93} INFO - elasticsearch is up-to-date
[2023-03-13T21:50:32.536+0000] {subprocess.py:93} INFO - kibana is up-to-date
[2023-03-13T21:50:32.592+0000] {subprocess.py:97} INFO - Command exited with return code 0
[2023-03-13T21:50:32.625+0000] {taskinstance.py:1318} INFO - Marking task as SUCCESS. dag_id=AUTOMATISATION, task_id=demarre_ELK, execution_date=20230313T000227, start_date=20230313T215031, end_date=20230313T215032
[2023-03-13T21:50:32.683+0000] {local_task_job.py:208} INFO - Task exited with return code 0
[2023-03-13T21:50:32.711+0000] {taskinstance.py:2578} INFO - 1 downstream tasks scheduled from follow-on schedule check
[2023-03-14T10:04:35.518+0000] {taskinstance.py:1083} INFO - Dependencies all met for <TaskInstance: AUTOMATISATION.demarre_ELK scheduled__2023-03-13T00:02:27+00:00 [queued]>
[2023-03-14T10:04:35.531+0000] {taskinstance.py:1083} INFO - Dependencies all met for <TaskInstance: AUTOMATISATION.demarre_ELK scheduled__2023-03-13T00:02:27+00:00 [queued]>
[2023-03-14T10:04:35.531+0000] {taskinstance.py:1279} INFO - 
--------------------------------------------------------------------------------
[2023-03-14T10:04:35.532+0000] {taskinstance.py:1280} INFO - Starting attempt 1 of 2
[2023-03-14T10:04:35.532+0000] {taskinstance.py:1281} INFO - 
--------------------------------------------------------------------------------
[2023-03-14T10:04:35.554+0000] {taskinstance.py:1300} INFO - Executing <Task(BashOperator): demarre_ELK> on 2023-03-13 00:02:27+00:00
[2023-03-14T10:04:35.557+0000] {standard_task_runner.py:55} INFO - Started process 35914 to run task
[2023-03-14T10:04:35.561+0000] {standard_task_runner.py:82} INFO - Running: ['airflow', 'tasks', 'run', 'AUTOMATISATION', 'demarre_ELK', 'scheduled__2023-03-13T00:02:27+00:00', '--job-id', '618', '--raw', '--subdir', 'DAGS_FOLDER/main.py', '--cfg-path', '/tmp/tmp0m7qrawu']
[2023-03-14T10:04:35.563+0000] {standard_task_runner.py:83} INFO - Job 618: Subtask demarre_ELK
[2023-03-14T10:04:35.638+0000] {task_command.py:388} INFO - Running <TaskInstance: AUTOMATISATION.demarre_ELK scheduled__2023-03-13T00:02:27+00:00 [running]> on host dev
[2023-03-14T10:04:35.725+0000] {taskinstance.py:1507} INFO - Exporting the following env vars:
AIRFLOW_CTX_DAG_OWNER=airflow
AIRFLOW_CTX_DAG_ID=AUTOMATISATION
AIRFLOW_CTX_TASK_ID=demarre_ELK
AIRFLOW_CTX_EXECUTION_DATE=2023-03-13T00:02:27+00:00
AIRFLOW_CTX_TRY_NUMBER=1
AIRFLOW_CTX_DAG_RUN_ID=scheduled__2023-03-13T00:02:27+00:00
[2023-03-14T10:04:35.727+0000] {subprocess.py:63} INFO - Tmp dir root location: 
 /tmp
[2023-03-14T10:04:35.727+0000] {subprocess.py:75} INFO - Running command: ['/usr/bin/bash', '-c', 'docker-compose -f /home/dev/soute/ELK/docker-compose.yml up -d']
[2023-03-14T10:04:35.736+0000] {subprocess.py:86} INFO - Output:
[2023-03-14T10:04:36.481+0000] {subprocess.py:93} INFO - elasticsearch is up-to-date
[2023-03-14T10:04:36.482+0000] {subprocess.py:93} INFO - kibana is up-to-date
[2023-03-14T10:04:36.533+0000] {subprocess.py:97} INFO - Command exited with return code 0
[2023-03-14T10:04:36.561+0000] {taskinstance.py:1318} INFO - Marking task as SUCCESS. dag_id=AUTOMATISATION, task_id=demarre_ELK, execution_date=20230313T000227, start_date=20230314T100435, end_date=20230314T100436
[2023-03-14T10:04:36.616+0000] {local_task_job.py:208} INFO - Task exited with return code 0
[2023-03-14T10:04:36.642+0000] {taskinstance.py:2578} INFO - 1 downstream tasks scheduled from follow-on schedule check
[2023-03-15T07:25:26.491+0000] {taskinstance.py:1083} INFO - Dependencies all met for <TaskInstance: AUTOMATISATION.demarre_ELK scheduled__2023-03-13T00:02:27+00:00 [queued]>
[2023-03-15T07:25:26.496+0000] {taskinstance.py:1083} INFO - Dependencies all met for <TaskInstance: AUTOMATISATION.demarre_ELK scheduled__2023-03-13T00:02:27+00:00 [queued]>
[2023-03-15T07:25:26.497+0000] {taskinstance.py:1279} INFO - 
--------------------------------------------------------------------------------
[2023-03-15T07:25:26.497+0000] {taskinstance.py:1280} INFO - Starting attempt 1 of 2
[2023-03-15T07:25:26.497+0000] {taskinstance.py:1281} INFO - 
--------------------------------------------------------------------------------
[2023-03-15T07:25:26.508+0000] {taskinstance.py:1300} INFO - Executing <Task(BashOperator): demarre_ELK> on 2023-03-13 00:02:27+00:00
[2023-03-15T07:25:26.511+0000] {standard_task_runner.py:55} INFO - Started process 126690 to run task
[2023-03-15T07:25:26.512+0000] {standard_task_runner.py:82} INFO - Running: ['airflow', 'tasks', 'run', 'AUTOMATISATION', 'demarre_ELK', 'scheduled__2023-03-13T00:02:27+00:00', '--job-id', '745', '--raw', '--subdir', 'DAGS_FOLDER/main.py', '--cfg-path', '/tmp/tmpshex5lmf']
[2023-03-15T07:25:26.513+0000] {standard_task_runner.py:83} INFO - Job 745: Subtask demarre_ELK
[2023-03-15T07:25:26.542+0000] {task_command.py:388} INFO - Running <TaskInstance: AUTOMATISATION.demarre_ELK scheduled__2023-03-13T00:02:27+00:00 [running]> on host dev
[2023-03-15T07:25:26.584+0000] {taskinstance.py:1507} INFO - Exporting the following env vars:
AIRFLOW_CTX_DAG_OWNER=airflow
AIRFLOW_CTX_DAG_ID=AUTOMATISATION
AIRFLOW_CTX_TASK_ID=demarre_ELK
AIRFLOW_CTX_EXECUTION_DATE=2023-03-13T00:02:27+00:00
AIRFLOW_CTX_TRY_NUMBER=1
AIRFLOW_CTX_DAG_RUN_ID=scheduled__2023-03-13T00:02:27+00:00
[2023-03-15T07:25:26.585+0000] {subprocess.py:63} INFO - Tmp dir root location: 
 /tmp
[2023-03-15T07:25:26.585+0000] {subprocess.py:75} INFO - Running command: ['/usr/bin/bash', '-c', 'docker-compose -f /home/dev/soute/ELK/docker-compose.yml up -d']
[2023-03-15T07:25:26.589+0000] {subprocess.py:86} INFO - Output:
[2023-03-15T07:25:26.913+0000] {subprocess.py:93} INFO - elasticsearch is up-to-date
[2023-03-15T07:25:26.914+0000] {subprocess.py:93} INFO - kibana is up-to-date
[2023-03-15T07:25:26.953+0000] {subprocess.py:97} INFO - Command exited with return code 0
[2023-03-15T07:25:27.118+0000] {taskinstance.py:1318} INFO - Marking task as SUCCESS. dag_id=AUTOMATISATION, task_id=demarre_ELK, execution_date=20230313T000227, start_date=20230315T072526, end_date=20230315T072527
[2023-03-15T07:25:27.366+0000] {local_task_job.py:208} INFO - Task exited with return code 0
[2023-03-15T07:25:27.384+0000] {taskinstance.py:2578} INFO - 1 downstream tasks scheduled from follow-on schedule check
