[2023-03-13T19:30:07.465+0000] {taskinstance.py:1083} INFO - Dependencies all met for <TaskInstance: AUTOMATISATION.demarre_ELK scheduled__2023-03-13T00:00:09+00:00 [queued]>
[2023-03-13T19:30:07.484+0000] {taskinstance.py:1083} INFO - Dependencies all met for <TaskInstance: AUTOMATISATION.demarre_ELK scheduled__2023-03-13T00:00:09+00:00 [queued]>
[2023-03-13T19:30:07.484+0000] {taskinstance.py:1279} INFO - 
--------------------------------------------------------------------------------
[2023-03-13T19:30:07.484+0000] {taskinstance.py:1280} INFO - Starting attempt 1 of 2
[2023-03-13T19:30:07.485+0000] {taskinstance.py:1281} INFO - 
--------------------------------------------------------------------------------
[2023-03-13T19:30:07.512+0000] {taskinstance.py:1300} INFO - Executing <Task(BashOperator): demarre_ELK> on 2023-03-13 00:00:09+00:00
[2023-03-13T19:30:07.515+0000] {standard_task_runner.py:55} INFO - Started process 34773 to run task
[2023-03-13T19:30:07.520+0000] {standard_task_runner.py:82} INFO - Running: ['airflow', 'tasks', 'run', 'AUTOMATISATION', 'demarre_ELK', 'scheduled__2023-03-13T00:00:09+00:00', '--job-id', '10', '--raw', '--subdir', 'DAGS_FOLDER/main.py', '--cfg-path', '/tmp/tmpm5p_bbjt']
[2023-03-13T19:30:07.523+0000] {standard_task_runner.py:83} INFO - Job 10: Subtask demarre_ELK
[2023-03-13T19:30:07.598+0000] {task_command.py:388} INFO - Running <TaskInstance: AUTOMATISATION.demarre_ELK scheduled__2023-03-13T00:00:09+00:00 [running]> on host dev
[2023-03-13T19:30:07.681+0000] {taskinstance.py:1507} INFO - Exporting the following env vars:
AIRFLOW_CTX_DAG_OWNER=airflow
AIRFLOW_CTX_DAG_ID=AUTOMATISATION
AIRFLOW_CTX_TASK_ID=demarre_ELK
AIRFLOW_CTX_EXECUTION_DATE=2023-03-13T00:00:09+00:00
AIRFLOW_CTX_TRY_NUMBER=1
AIRFLOW_CTX_DAG_RUN_ID=scheduled__2023-03-13T00:00:09+00:00
[2023-03-13T19:30:07.684+0000] {subprocess.py:63} INFO - Tmp dir root location: 
 /tmp
[2023-03-13T19:30:07.685+0000] {subprocess.py:75} INFO - Running command: ['/usr/bin/bash', '-c', 'docker-compose -f /home/dev/soute/ELK/docker-compose.yml up -d']
[2023-03-13T19:30:07.695+0000] {subprocess.py:86} INFO - Output:
[2023-03-13T19:30:08.704+0000] {subprocess.py:93} INFO - elasticsearch is up-to-date
[2023-03-13T19:30:08.704+0000] {subprocess.py:93} INFO - kibana is up-to-date
[2023-03-13T19:30:08.768+0000] {subprocess.py:97} INFO - Command exited with return code 0
[2023-03-13T19:30:08.798+0000] {taskinstance.py:1318} INFO - Marking task as SUCCESS. dag_id=AUTOMATISATION, task_id=demarre_ELK, execution_date=20230313T000009, start_date=20230313T193007, end_date=20230313T193008
[2023-03-13T19:30:08.855+0000] {local_task_job.py:208} INFO - Task exited with return code 0
[2023-03-13T19:30:08.887+0000] {taskinstance.py:2578} INFO - 1 downstream tasks scheduled from follow-on schedule check
[2023-03-13T19:40:41.612+0000] {taskinstance.py:1083} INFO - Dependencies all met for <TaskInstance: AUTOMATISATION.demarre_ELK scheduled__2023-03-13T00:00:09+00:00 [queued]>
[2023-03-13T19:40:41.626+0000] {taskinstance.py:1083} INFO - Dependencies all met for <TaskInstance: AUTOMATISATION.demarre_ELK scheduled__2023-03-13T00:00:09+00:00 [queued]>
[2023-03-13T19:40:41.626+0000] {taskinstance.py:1279} INFO - 
--------------------------------------------------------------------------------
[2023-03-13T19:40:41.626+0000] {taskinstance.py:1280} INFO - Starting attempt 1 of 2
[2023-03-13T19:40:41.626+0000] {taskinstance.py:1281} INFO - 
--------------------------------------------------------------------------------
[2023-03-13T19:40:41.649+0000] {taskinstance.py:1300} INFO - Executing <Task(BashOperator): demarre_ELK> on 2023-03-13 00:00:09+00:00
[2023-03-13T19:40:41.652+0000] {standard_task_runner.py:55} INFO - Started process 36805 to run task
[2023-03-13T19:40:41.657+0000] {standard_task_runner.py:82} INFO - Running: ['airflow', 'tasks', 'run', 'AUTOMATISATION', 'demarre_ELK', 'scheduled__2023-03-13T00:00:09+00:00', '--job-id', '58', '--raw', '--subdir', 'DAGS_FOLDER/main.py', '--cfg-path', '/tmp/tmplt3gn1r9']
[2023-03-13T19:40:41.659+0000] {standard_task_runner.py:83} INFO - Job 58: Subtask demarre_ELK
[2023-03-13T19:40:41.731+0000] {task_command.py:388} INFO - Running <TaskInstance: AUTOMATISATION.demarre_ELK scheduled__2023-03-13T00:00:09+00:00 [running]> on host dev
[2023-03-13T19:40:41.805+0000] {taskinstance.py:1507} INFO - Exporting the following env vars:
AIRFLOW_CTX_DAG_OWNER=airflow
AIRFLOW_CTX_DAG_ID=AUTOMATISATION
AIRFLOW_CTX_TASK_ID=demarre_ELK
AIRFLOW_CTX_EXECUTION_DATE=2023-03-13T00:00:09+00:00
AIRFLOW_CTX_TRY_NUMBER=1
AIRFLOW_CTX_DAG_RUN_ID=scheduled__2023-03-13T00:00:09+00:00
[2023-03-13T19:40:41.807+0000] {subprocess.py:63} INFO - Tmp dir root location: 
 /tmp
[2023-03-13T19:40:41.808+0000] {subprocess.py:75} INFO - Running command: ['/usr/bin/bash', '-c', 'docker-compose -f /home/dev/soute/ELK/docker-compose.yml up -d']
[2023-03-13T19:40:41.817+0000] {subprocess.py:86} INFO - Output:
[2023-03-13T19:40:42.662+0000] {subprocess.py:93} INFO - elasticsearch is up-to-date
[2023-03-13T19:40:42.663+0000] {subprocess.py:93} INFO - kibana is up-to-date
[2023-03-13T19:40:42.719+0000] {subprocess.py:97} INFO - Command exited with return code 0
[2023-03-13T19:40:42.748+0000] {taskinstance.py:1318} INFO - Marking task as SUCCESS. dag_id=AUTOMATISATION, task_id=demarre_ELK, execution_date=20230313T000009, start_date=20230313T194041, end_date=20230313T194042
[2023-03-13T19:40:42.791+0000] {local_task_job.py:208} INFO - Task exited with return code 0
[2023-03-13T19:40:42.820+0000] {taskinstance.py:2578} INFO - 1 downstream tasks scheduled from follow-on schedule check
[2023-03-13T20:02:07.849+0000] {taskinstance.py:1083} INFO - Dependencies all met for <TaskInstance: AUTOMATISATION.demarre_ELK scheduled__2023-03-13T00:00:09+00:00 [queued]>
[2023-03-13T20:02:07.862+0000] {taskinstance.py:1083} INFO - Dependencies all met for <TaskInstance: AUTOMATISATION.demarre_ELK scheduled__2023-03-13T00:00:09+00:00 [queued]>
[2023-03-13T20:02:07.863+0000] {taskinstance.py:1279} INFO - 
--------------------------------------------------------------------------------
[2023-03-13T20:02:07.863+0000] {taskinstance.py:1280} INFO - Starting attempt 1 of 2
[2023-03-13T20:02:07.863+0000] {taskinstance.py:1281} INFO - 
--------------------------------------------------------------------------------
[2023-03-13T20:02:07.884+0000] {taskinstance.py:1300} INFO - Executing <Task(BashOperator): demarre_ELK> on 2023-03-13 00:00:09+00:00
[2023-03-13T20:02:07.887+0000] {standard_task_runner.py:55} INFO - Started process 40574 to run task
[2023-03-13T20:02:07.892+0000] {standard_task_runner.py:82} INFO - Running: ['airflow', 'tasks', 'run', 'AUTOMATISATION', 'demarre_ELK', 'scheduled__2023-03-13T00:00:09+00:00', '--job-id', '170', '--raw', '--subdir', 'DAGS_FOLDER/main.py', '--cfg-path', '/tmp/tmpae5c1101']
[2023-03-13T20:02:07.894+0000] {standard_task_runner.py:83} INFO - Job 170: Subtask demarre_ELK
[2023-03-13T20:02:07.961+0000] {task_command.py:388} INFO - Running <TaskInstance: AUTOMATISATION.demarre_ELK scheduled__2023-03-13T00:00:09+00:00 [running]> on host dev
[2023-03-13T20:02:08.034+0000] {taskinstance.py:1507} INFO - Exporting the following env vars:
AIRFLOW_CTX_DAG_OWNER=airflow
AIRFLOW_CTX_DAG_ID=AUTOMATISATION
AIRFLOW_CTX_TASK_ID=demarre_ELK
AIRFLOW_CTX_EXECUTION_DATE=2023-03-13T00:00:09+00:00
AIRFLOW_CTX_TRY_NUMBER=1
AIRFLOW_CTX_DAG_RUN_ID=scheduled__2023-03-13T00:00:09+00:00
[2023-03-13T20:02:08.036+0000] {subprocess.py:63} INFO - Tmp dir root location: 
 /tmp
[2023-03-13T20:02:08.037+0000] {subprocess.py:75} INFO - Running command: ['/usr/bin/bash', '-c', 'docker-compose -f /home/dev/soute/ELK/docker-compose.yml up -d']
[2023-03-13T20:02:08.045+0000] {subprocess.py:86} INFO - Output:
[2023-03-13T20:02:08.867+0000] {subprocess.py:93} INFO - elasticsearch is up-to-date
[2023-03-13T20:02:08.868+0000] {subprocess.py:93} INFO - kibana is up-to-date
[2023-03-13T20:02:08.924+0000] {subprocess.py:97} INFO - Command exited with return code 0
[2023-03-13T20:02:08.956+0000] {taskinstance.py:1318} INFO - Marking task as SUCCESS. dag_id=AUTOMATISATION, task_id=demarre_ELK, execution_date=20230313T000009, start_date=20230313T200207, end_date=20230313T200208
[2023-03-13T20:02:08.985+0000] {local_task_job.py:208} INFO - Task exited with return code 0
[2023-03-13T20:02:09.020+0000] {taskinstance.py:2578} INFO - 1 downstream tasks scheduled from follow-on schedule check
[2023-03-13T20:25:35.649+0000] {taskinstance.py:1083} INFO - Dependencies all met for <TaskInstance: AUTOMATISATION.demarre_ELK scheduled__2023-03-13T00:00:09+00:00 [queued]>
[2023-03-13T20:25:35.661+0000] {taskinstance.py:1083} INFO - Dependencies all met for <TaskInstance: AUTOMATISATION.demarre_ELK scheduled__2023-03-13T00:00:09+00:00 [queued]>
[2023-03-13T20:25:35.662+0000] {taskinstance.py:1279} INFO - 
--------------------------------------------------------------------------------
[2023-03-13T20:25:35.662+0000] {taskinstance.py:1280} INFO - Starting attempt 1 of 2
[2023-03-13T20:25:35.662+0000] {taskinstance.py:1281} INFO - 
--------------------------------------------------------------------------------
[2023-03-13T20:25:35.685+0000] {taskinstance.py:1300} INFO - Executing <Task(BashOperator): demarre_ELK> on 2023-03-13 00:00:09+00:00
[2023-03-13T20:25:35.689+0000] {standard_task_runner.py:55} INFO - Started process 45091 to run task
[2023-03-13T20:25:35.693+0000] {standard_task_runner.py:82} INFO - Running: ['airflow', 'tasks', 'run', 'AUTOMATISATION', 'demarre_ELK', 'scheduled__2023-03-13T00:00:09+00:00', '--job-id', '282', '--raw', '--subdir', 'DAGS_FOLDER/main.py', '--cfg-path', '/tmp/tmpv01xu23m']
[2023-03-13T20:25:35.695+0000] {standard_task_runner.py:83} INFO - Job 282: Subtask demarre_ELK
[2023-03-13T20:25:35.771+0000] {task_command.py:388} INFO - Running <TaskInstance: AUTOMATISATION.demarre_ELK scheduled__2023-03-13T00:00:09+00:00 [running]> on host dev
[2023-03-13T20:25:35.850+0000] {taskinstance.py:1507} INFO - Exporting the following env vars:
AIRFLOW_CTX_DAG_OWNER=airflow
AIRFLOW_CTX_DAG_ID=AUTOMATISATION
AIRFLOW_CTX_TASK_ID=demarre_ELK
AIRFLOW_CTX_EXECUTION_DATE=2023-03-13T00:00:09+00:00
AIRFLOW_CTX_TRY_NUMBER=1
AIRFLOW_CTX_DAG_RUN_ID=scheduled__2023-03-13T00:00:09+00:00
[2023-03-13T20:25:35.851+0000] {subprocess.py:63} INFO - Tmp dir root location: 
 /tmp
[2023-03-13T20:25:35.852+0000] {subprocess.py:75} INFO - Running command: ['/usr/bin/bash', '-c', 'docker-compose -f /home/dev/soute/ELK/docker-compose.yml up -d']
[2023-03-13T20:25:35.861+0000] {subprocess.py:86} INFO - Output:
[2023-03-13T20:25:36.789+0000] {subprocess.py:93} INFO - elasticsearch is up-to-date
[2023-03-13T20:25:36.790+0000] {subprocess.py:93} INFO - kibana is up-to-date
[2023-03-13T20:25:36.855+0000] {subprocess.py:97} INFO - Command exited with return code 0
[2023-03-13T20:25:36.885+0000] {taskinstance.py:1318} INFO - Marking task as SUCCESS. dag_id=AUTOMATISATION, task_id=demarre_ELK, execution_date=20230313T000009, start_date=20230313T202535, end_date=20230313T202536
[2023-03-13T20:25:36.947+0000] {local_task_job.py:208} INFO - Task exited with return code 0
[2023-03-13T20:25:36.981+0000] {taskinstance.py:2578} INFO - 1 downstream tasks scheduled from follow-on schedule check
[2023-03-14T09:20:15.807+0000] {taskinstance.py:1083} INFO - Dependencies all met for <TaskInstance: AUTOMATISATION.demarre_ELK scheduled__2023-03-13T00:00:09+00:00 [queued]>
[2023-03-14T09:20:15.823+0000] {taskinstance.py:1083} INFO - Dependencies all met for <TaskInstance: AUTOMATISATION.demarre_ELK scheduled__2023-03-13T00:00:09+00:00 [queued]>
[2023-03-14T09:20:15.823+0000] {taskinstance.py:1279} INFO - 
--------------------------------------------------------------------------------
[2023-03-14T09:20:15.824+0000] {taskinstance.py:1280} INFO - Starting attempt 1 of 2
[2023-03-14T09:20:15.824+0000] {taskinstance.py:1281} INFO - 
--------------------------------------------------------------------------------
[2023-03-14T09:20:15.849+0000] {taskinstance.py:1300} INFO - Executing <Task(BashOperator): demarre_ELK> on 2023-03-13 00:00:09+00:00
[2023-03-14T09:20:15.853+0000] {standard_task_runner.py:55} INFO - Started process 23134 to run task
[2023-03-14T09:20:15.858+0000] {standard_task_runner.py:82} INFO - Running: ['airflow', 'tasks', 'run', 'AUTOMATISATION', 'demarre_ELK', 'scheduled__2023-03-13T00:00:09+00:00', '--job-id', '526', '--raw', '--subdir', 'DAGS_FOLDER/main.py', '--cfg-path', '/tmp/tmpg_9i35mf']
[2023-03-14T09:20:15.860+0000] {standard_task_runner.py:83} INFO - Job 526: Subtask demarre_ELK
[2023-03-14T09:20:15.937+0000] {task_command.py:388} INFO - Running <TaskInstance: AUTOMATISATION.demarre_ELK scheduled__2023-03-13T00:00:09+00:00 [running]> on host dev
[2023-03-14T09:20:16.020+0000] {taskinstance.py:1507} INFO - Exporting the following env vars:
AIRFLOW_CTX_DAG_OWNER=airflow
AIRFLOW_CTX_DAG_ID=AUTOMATISATION
AIRFLOW_CTX_TASK_ID=demarre_ELK
AIRFLOW_CTX_EXECUTION_DATE=2023-03-13T00:00:09+00:00
AIRFLOW_CTX_TRY_NUMBER=1
AIRFLOW_CTX_DAG_RUN_ID=scheduled__2023-03-13T00:00:09+00:00
[2023-03-14T09:20:16.023+0000] {subprocess.py:63} INFO - Tmp dir root location: 
 /tmp
[2023-03-14T09:20:16.024+0000] {subprocess.py:75} INFO - Running command: ['/usr/bin/bash', '-c', 'docker-compose -f /home/dev/soute/ELK/docker-compose.yml up -d']
[2023-03-14T09:20:16.033+0000] {subprocess.py:86} INFO - Output:
[2023-03-14T09:20:16.827+0000] {subprocess.py:93} INFO - elasticsearch is up-to-date
[2023-03-14T09:20:16.828+0000] {subprocess.py:93} INFO - kibana is up-to-date
[2023-03-14T09:20:16.885+0000] {subprocess.py:97} INFO - Command exited with return code 0
[2023-03-14T09:20:16.913+0000] {taskinstance.py:1318} INFO - Marking task as SUCCESS. dag_id=AUTOMATISATION, task_id=demarre_ELK, execution_date=20230313T000009, start_date=20230314T092015, end_date=20230314T092016
[2023-03-14T09:20:16.951+0000] {local_task_job.py:208} INFO - Task exited with return code 0
[2023-03-14T09:20:16.978+0000] {taskinstance.py:2578} INFO - 1 downstream tasks scheduled from follow-on schedule check
[2023-03-15T07:07:28.556+0000] {taskinstance.py:1083} INFO - Dependencies all met for <TaskInstance: AUTOMATISATION.demarre_ELK scheduled__2023-03-13T00:00:09+00:00 [queued]>
[2023-03-15T07:07:28.562+0000] {taskinstance.py:1083} INFO - Dependencies all met for <TaskInstance: AUTOMATISATION.demarre_ELK scheduled__2023-03-13T00:00:09+00:00 [queued]>
[2023-03-15T07:07:28.563+0000] {taskinstance.py:1279} INFO - 
--------------------------------------------------------------------------------
[2023-03-15T07:07:28.563+0000] {taskinstance.py:1280} INFO - Starting attempt 1 of 2
[2023-03-15T07:07:28.563+0000] {taskinstance.py:1281} INFO - 
--------------------------------------------------------------------------------
[2023-03-15T07:07:28.574+0000] {taskinstance.py:1300} INFO - Executing <Task(BashOperator): demarre_ELK> on 2023-03-13 00:00:09+00:00
[2023-03-15T07:07:28.576+0000] {standard_task_runner.py:55} INFO - Started process 116293 to run task
[2023-03-15T07:07:28.578+0000] {standard_task_runner.py:82} INFO - Running: ['airflow', 'tasks', 'run', 'AUTOMATISATION', 'demarre_ELK', 'scheduled__2023-03-13T00:00:09+00:00', '--job-id', '649', '--raw', '--subdir', 'DAGS_FOLDER/main.py', '--cfg-path', '/tmp/tmp9_xmj9zh']
[2023-03-15T07:07:28.579+0000] {standard_task_runner.py:83} INFO - Job 649: Subtask demarre_ELK
[2023-03-15T07:07:28.611+0000] {task_command.py:388} INFO - Running <TaskInstance: AUTOMATISATION.demarre_ELK scheduled__2023-03-13T00:00:09+00:00 [running]> on host dev
[2023-03-15T07:07:28.647+0000] {taskinstance.py:1507} INFO - Exporting the following env vars:
AIRFLOW_CTX_DAG_OWNER=airflow
AIRFLOW_CTX_DAG_ID=AUTOMATISATION
AIRFLOW_CTX_TASK_ID=demarre_ELK
AIRFLOW_CTX_EXECUTION_DATE=2023-03-13T00:00:09+00:00
AIRFLOW_CTX_TRY_NUMBER=1
AIRFLOW_CTX_DAG_RUN_ID=scheduled__2023-03-13T00:00:09+00:00
[2023-03-15T07:07:28.648+0000] {subprocess.py:63} INFO - Tmp dir root location: 
 /tmp
[2023-03-15T07:07:28.648+0000] {subprocess.py:75} INFO - Running command: ['/usr/bin/bash', '-c', 'docker-compose -f /home/dev/soute/ELK/docker-compose.yml up -d']
[2023-03-15T07:07:28.652+0000] {subprocess.py:86} INFO - Output:
[2023-03-15T07:07:28.945+0000] {subprocess.py:93} INFO - elasticsearch is up-to-date
[2023-03-15T07:07:28.946+0000] {subprocess.py:93} INFO - kibana is up-to-date
[2023-03-15T07:07:28.966+0000] {subprocess.py:97} INFO - Command exited with return code 0
[2023-03-15T07:07:28.981+0000] {taskinstance.py:1318} INFO - Marking task as SUCCESS. dag_id=AUTOMATISATION, task_id=demarre_ELK, execution_date=20230313T000009, start_date=20230315T070728, end_date=20230315T070728
[2023-03-15T07:07:29.031+0000] {local_task_job.py:208} INFO - Task exited with return code 0
[2023-03-15T07:07:29.045+0000] {taskinstance.py:2578} INFO - 1 downstream tasks scheduled from follow-on schedule check
