[2023-03-13T22:45:04.669+0000] {taskinstance.py:1083} INFO - Dependencies all met for <TaskInstance: AUTOMATISATION.demarre_ELK scheduled__2023-03-13T00:03:45+00:00 [queued]>
[2023-03-13T22:45:04.681+0000] {taskinstance.py:1083} INFO - Dependencies all met for <TaskInstance: AUTOMATISATION.demarre_ELK scheduled__2023-03-13T00:03:45+00:00 [queued]>
[2023-03-13T22:45:04.682+0000] {taskinstance.py:1279} INFO - 
--------------------------------------------------------------------------------
[2023-03-13T22:45:04.682+0000] {taskinstance.py:1280} INFO - Starting attempt 1 of 2
[2023-03-13T22:45:04.682+0000] {taskinstance.py:1281} INFO - 
--------------------------------------------------------------------------------
[2023-03-13T22:45:04.711+0000] {taskinstance.py:1300} INFO - Executing <Task(BashOperator): demarre_ELK> on 2023-03-13 00:03:45+00:00
[2023-03-13T22:45:04.713+0000] {standard_task_runner.py:55} INFO - Started process 77022 to run task
[2023-03-13T22:45:04.717+0000] {standard_task_runner.py:82} INFO - Running: ['airflow', 'tasks', 'run', 'AUTOMATISATION', 'demarre_ELK', 'scheduled__2023-03-13T00:03:45+00:00', '--job-id', '426', '--raw', '--subdir', 'DAGS_FOLDER/main.py', '--cfg-path', '/tmp/tmp2_lvuirl']
[2023-03-13T22:45:04.720+0000] {standard_task_runner.py:83} INFO - Job 426: Subtask demarre_ELK
[2023-03-13T22:45:04.794+0000] {task_command.py:388} INFO - Running <TaskInstance: AUTOMATISATION.demarre_ELK scheduled__2023-03-13T00:03:45+00:00 [running]> on host dev
[2023-03-13T22:45:04.894+0000] {taskinstance.py:1507} INFO - Exporting the following env vars:
AIRFLOW_CTX_DAG_OWNER=airflow
AIRFLOW_CTX_DAG_ID=AUTOMATISATION
AIRFLOW_CTX_TASK_ID=demarre_ELK
AIRFLOW_CTX_EXECUTION_DATE=2023-03-13T00:03:45+00:00
AIRFLOW_CTX_TRY_NUMBER=1
AIRFLOW_CTX_DAG_RUN_ID=scheduled__2023-03-13T00:03:45+00:00
[2023-03-13T22:45:04.896+0000] {subprocess.py:63} INFO - Tmp dir root location: 
 /tmp
[2023-03-13T22:45:04.897+0000] {subprocess.py:75} INFO - Running command: ['/usr/bin/bash', '-c', 'docker-compose -f /home/dev/soute/ELK/docker-compose.yml up -d']
[2023-03-13T22:45:04.905+0000] {subprocess.py:86} INFO - Output:
[2023-03-13T22:45:05.928+0000] {subprocess.py:93} INFO - elasticsearch is up-to-date
[2023-03-13T22:45:05.929+0000] {subprocess.py:93} INFO - kibana is up-to-date
[2023-03-13T22:45:05.993+0000] {subprocess.py:97} INFO - Command exited with return code 0
[2023-03-13T22:45:06.030+0000] {taskinstance.py:1318} INFO - Marking task as SUCCESS. dag_id=AUTOMATISATION, task_id=demarre_ELK, execution_date=20230313T000345, start_date=20230313T224504, end_date=20230313T224506
[2023-03-13T22:45:06.061+0000] {local_task_job.py:208} INFO - Task exited with return code 0
[2023-03-13T22:45:06.085+0000] {taskinstance.py:2578} INFO - 1 downstream tasks scheduled from follow-on schedule check
[2023-03-15T07:34:56.697+0000] {taskinstance.py:1083} INFO - Dependencies all met for <TaskInstance: AUTOMATISATION.demarre_ELK scheduled__2023-03-13T00:03:45+00:00 [queued]>
[2023-03-15T07:34:56.701+0000] {taskinstance.py:1083} INFO - Dependencies all met for <TaskInstance: AUTOMATISATION.demarre_ELK scheduled__2023-03-13T00:03:45+00:00 [queued]>
[2023-03-15T07:34:56.701+0000] {taskinstance.py:1279} INFO - 
--------------------------------------------------------------------------------
[2023-03-15T07:34:56.701+0000] {taskinstance.py:1280} INFO - Starting attempt 1 of 2
[2023-03-15T07:34:56.701+0000] {taskinstance.py:1281} INFO - 
--------------------------------------------------------------------------------
[2023-03-15T07:34:56.713+0000] {taskinstance.py:1300} INFO - Executing <Task(BashOperator): demarre_ELK> on 2023-03-13 00:03:45+00:00
[2023-03-15T07:34:56.714+0000] {standard_task_runner.py:55} INFO - Started process 133019 to run task
[2023-03-15T07:34:56.716+0000] {standard_task_runner.py:82} INFO - Running: ['airflow', 'tasks', 'run', 'AUTOMATISATION', 'demarre_ELK', 'scheduled__2023-03-13T00:03:45+00:00', '--job-id', '797', '--raw', '--subdir', 'DAGS_FOLDER/main.py', '--cfg-path', '/tmp/tmpn5hxuqix']
[2023-03-15T07:34:56.717+0000] {standard_task_runner.py:83} INFO - Job 797: Subtask demarre_ELK
[2023-03-15T07:34:56.747+0000] {task_command.py:388} INFO - Running <TaskInstance: AUTOMATISATION.demarre_ELK scheduled__2023-03-13T00:03:45+00:00 [running]> on host dev
[2023-03-15T07:34:56.783+0000] {taskinstance.py:1507} INFO - Exporting the following env vars:
AIRFLOW_CTX_DAG_OWNER=airflow
AIRFLOW_CTX_DAG_ID=AUTOMATISATION
AIRFLOW_CTX_TASK_ID=demarre_ELK
AIRFLOW_CTX_EXECUTION_DATE=2023-03-13T00:03:45+00:00
AIRFLOW_CTX_TRY_NUMBER=1
AIRFLOW_CTX_DAG_RUN_ID=scheduled__2023-03-13T00:03:45+00:00
[2023-03-15T07:34:56.783+0000] {subprocess.py:63} INFO - Tmp dir root location: 
 /tmp
[2023-03-15T07:34:56.784+0000] {subprocess.py:75} INFO - Running command: ['/usr/bin/bash', '-c', 'docker-compose -f /home/dev/soute/ELK/docker-compose.yml up -d']
[2023-03-15T07:34:56.787+0000] {subprocess.py:86} INFO - Output:
[2023-03-15T07:34:57.082+0000] {subprocess.py:93} INFO - elasticsearch is up-to-date
[2023-03-15T07:34:57.082+0000] {subprocess.py:93} INFO - kibana is up-to-date
[2023-03-15T07:34:57.104+0000] {subprocess.py:97} INFO - Command exited with return code 0
[2023-03-15T07:34:57.121+0000] {taskinstance.py:1318} INFO - Marking task as SUCCESS. dag_id=AUTOMATISATION, task_id=demarre_ELK, execution_date=20230313T000345, start_date=20230315T073456, end_date=20230315T073457
[2023-03-15T07:34:57.169+0000] {local_task_job.py:208} INFO - Task exited with return code 0
[2023-03-15T07:34:57.190+0000] {taskinstance.py:2578} INFO - 1 downstream tasks scheduled from follow-on schedule check
