[2023-03-13T23:24:14.920+0000] {taskinstance.py:1083} INFO - Dependencies all met for <TaskInstance: AUTOMATISATION.demarre_ELK scheduled__2023-03-13T00:04:42+00:00 [queued]>
[2023-03-13T23:24:14.932+0000] {taskinstance.py:1083} INFO - Dependencies all met for <TaskInstance: AUTOMATISATION.demarre_ELK scheduled__2023-03-13T00:04:42+00:00 [queued]>
[2023-03-13T23:24:14.932+0000] {taskinstance.py:1279} INFO - 
--------------------------------------------------------------------------------
[2023-03-13T23:24:14.932+0000] {taskinstance.py:1280} INFO - Starting attempt 1 of 2
[2023-03-13T23:24:14.932+0000] {taskinstance.py:1281} INFO - 
--------------------------------------------------------------------------------
[2023-03-13T23:24:14.956+0000] {taskinstance.py:1300} INFO - Executing <Task(BashOperator): demarre_ELK> on 2023-03-13 00:04:42+00:00
[2023-03-13T23:24:14.960+0000] {standard_task_runner.py:55} INFO - Started process 85520 to run task
[2023-03-13T23:24:14.964+0000] {standard_task_runner.py:82} INFO - Running: ['airflow', 'tasks', 'run', 'AUTOMATISATION', 'demarre_ELK', 'scheduled__2023-03-13T00:04:42+00:00', '--job-id', '464', '--raw', '--subdir', 'DAGS_FOLDER/main.py', '--cfg-path', '/tmp/tmpqcng3q6p']
[2023-03-13T23:24:14.966+0000] {standard_task_runner.py:83} INFO - Job 464: Subtask demarre_ELK
[2023-03-13T23:24:15.036+0000] {task_command.py:388} INFO - Running <TaskInstance: AUTOMATISATION.demarre_ELK scheduled__2023-03-13T00:04:42+00:00 [running]> on host dev
[2023-03-13T23:24:15.125+0000] {taskinstance.py:1507} INFO - Exporting the following env vars:
AIRFLOW_CTX_DAG_OWNER=airflow
AIRFLOW_CTX_DAG_ID=AUTOMATISATION
AIRFLOW_CTX_TASK_ID=demarre_ELK
AIRFLOW_CTX_EXECUTION_DATE=2023-03-13T00:04:42+00:00
AIRFLOW_CTX_TRY_NUMBER=1
AIRFLOW_CTX_DAG_RUN_ID=scheduled__2023-03-13T00:04:42+00:00
[2023-03-13T23:24:15.127+0000] {subprocess.py:63} INFO - Tmp dir root location: 
 /tmp
[2023-03-13T23:24:15.128+0000] {subprocess.py:75} INFO - Running command: ['/usr/bin/bash', '-c', 'docker-compose -f /home/dev/soute/ELK/docker-compose.yml up -d']
[2023-03-13T23:24:15.135+0000] {subprocess.py:86} INFO - Output:
[2023-03-13T23:24:15.906+0000] {subprocess.py:93} INFO - elasticsearch is up-to-date
[2023-03-13T23:24:15.907+0000] {subprocess.py:93} INFO - kibana is up-to-date
[2023-03-13T23:24:15.960+0000] {subprocess.py:97} INFO - Command exited with return code 0
[2023-03-13T23:24:15.996+0000] {taskinstance.py:1318} INFO - Marking task as SUCCESS. dag_id=AUTOMATISATION, task_id=demarre_ELK, execution_date=20230313T000442, start_date=20230313T232414, end_date=20230313T232415
[2023-03-13T23:24:16.059+0000] {local_task_job.py:208} INFO - Task exited with return code 0
[2023-03-13T23:24:16.086+0000] {taskinstance.py:2578} INFO - 1 downstream tasks scheduled from follow-on schedule check
[2023-03-15T07:41:10.637+0000] {taskinstance.py:1083} INFO - Dependencies all met for <TaskInstance: AUTOMATISATION.demarre_ELK scheduled__2023-03-13T00:04:42+00:00 [queued]>
[2023-03-15T07:41:10.642+0000] {taskinstance.py:1083} INFO - Dependencies all met for <TaskInstance: AUTOMATISATION.demarre_ELK scheduled__2023-03-13T00:04:42+00:00 [queued]>
[2023-03-15T07:41:10.642+0000] {taskinstance.py:1279} INFO - 
--------------------------------------------------------------------------------
[2023-03-15T07:41:10.642+0000] {taskinstance.py:1280} INFO - Starting attempt 1 of 2
[2023-03-15T07:41:10.642+0000] {taskinstance.py:1281} INFO - 
--------------------------------------------------------------------------------
[2023-03-15T07:41:10.652+0000] {taskinstance.py:1300} INFO - Executing <Task(BashOperator): demarre_ELK> on 2023-03-13 00:04:42+00:00
[2023-03-15T07:41:10.654+0000] {standard_task_runner.py:55} INFO - Started process 136546 to run task
[2023-03-15T07:41:10.655+0000] {standard_task_runner.py:82} INFO - Running: ['airflow', 'tasks', 'run', 'AUTOMATISATION', 'demarre_ELK', 'scheduled__2023-03-13T00:04:42+00:00', '--job-id', '835', '--raw', '--subdir', 'DAGS_FOLDER/main.py', '--cfg-path', '/tmp/tmp5dyhjnp1']
[2023-03-15T07:41:10.656+0000] {standard_task_runner.py:83} INFO - Job 835: Subtask demarre_ELK
[2023-03-15T07:41:10.686+0000] {task_command.py:388} INFO - Running <TaskInstance: AUTOMATISATION.demarre_ELK scheduled__2023-03-13T00:04:42+00:00 [running]> on host dev
[2023-03-15T07:41:10.747+0000] {taskinstance.py:1507} INFO - Exporting the following env vars:
AIRFLOW_CTX_DAG_OWNER=airflow
AIRFLOW_CTX_DAG_ID=AUTOMATISATION
AIRFLOW_CTX_TASK_ID=demarre_ELK
AIRFLOW_CTX_EXECUTION_DATE=2023-03-13T00:04:42+00:00
AIRFLOW_CTX_TRY_NUMBER=1
AIRFLOW_CTX_DAG_RUN_ID=scheduled__2023-03-13T00:04:42+00:00
[2023-03-15T07:41:10.748+0000] {subprocess.py:63} INFO - Tmp dir root location: 
 /tmp
[2023-03-15T07:41:10.748+0000] {subprocess.py:75} INFO - Running command: ['/usr/bin/bash', '-c', 'docker-compose -f /home/dev/soute/ELK/docker-compose.yml up -d']
[2023-03-15T07:41:10.753+0000] {subprocess.py:86} INFO - Output:
[2023-03-15T07:41:11.052+0000] {subprocess.py:93} INFO - elasticsearch is up-to-date
[2023-03-15T07:41:11.053+0000] {subprocess.py:93} INFO - kibana is up-to-date
[2023-03-15T07:41:11.075+0000] {subprocess.py:97} INFO - Command exited with return code 0
[2023-03-15T07:41:11.088+0000] {taskinstance.py:1318} INFO - Marking task as SUCCESS. dag_id=AUTOMATISATION, task_id=demarre_ELK, execution_date=20230313T000442, start_date=20230315T074110, end_date=20230315T074111
[2023-03-15T07:41:11.108+0000] {local_task_job.py:208} INFO - Task exited with return code 0
[2023-03-15T07:41:11.119+0000] {taskinstance.py:2578} INFO - 1 downstream tasks scheduled from follow-on schedule check
