[2023-03-13T22:50:54.942+0000] {taskinstance.py:1083} INFO - Dependencies all met for <TaskInstance: AUTOMATISATION.demarre_ELK scheduled__2023-03-13T00:03:54+00:00 [queued]>
[2023-03-13T22:50:54.953+0000] {taskinstance.py:1083} INFO - Dependencies all met for <TaskInstance: AUTOMATISATION.demarre_ELK scheduled__2023-03-13T00:03:54+00:00 [queued]>
[2023-03-13T22:50:54.953+0000] {taskinstance.py:1279} INFO - 
--------------------------------------------------------------------------------
[2023-03-13T22:50:54.953+0000] {taskinstance.py:1280} INFO - Starting attempt 1 of 2
[2023-03-13T22:50:54.954+0000] {taskinstance.py:1281} INFO - 
--------------------------------------------------------------------------------
[2023-03-13T22:50:54.977+0000] {taskinstance.py:1300} INFO - Executing <Task(BashOperator): demarre_ELK> on 2023-03-13 00:03:54+00:00
[2023-03-13T22:50:54.980+0000] {standard_task_runner.py:55} INFO - Started process 78395 to run task
[2023-03-13T22:50:54.984+0000] {standard_task_runner.py:82} INFO - Running: ['airflow', 'tasks', 'run', 'AUTOMATISATION', 'demarre_ELK', 'scheduled__2023-03-13T00:03:54+00:00', '--job-id', '432', '--raw', '--subdir', 'DAGS_FOLDER/main.py', '--cfg-path', '/tmp/tmp9z3wm54n']
[2023-03-13T22:50:54.986+0000] {standard_task_runner.py:83} INFO - Job 432: Subtask demarre_ELK
[2023-03-13T22:50:55.057+0000] {task_command.py:388} INFO - Running <TaskInstance: AUTOMATISATION.demarre_ELK scheduled__2023-03-13T00:03:54+00:00 [running]> on host dev
[2023-03-13T22:50:55.140+0000] {taskinstance.py:1507} INFO - Exporting the following env vars:
AIRFLOW_CTX_DAG_OWNER=airflow
AIRFLOW_CTX_DAG_ID=AUTOMATISATION
AIRFLOW_CTX_TASK_ID=demarre_ELK
AIRFLOW_CTX_EXECUTION_DATE=2023-03-13T00:03:54+00:00
AIRFLOW_CTX_TRY_NUMBER=1
AIRFLOW_CTX_DAG_RUN_ID=scheduled__2023-03-13T00:03:54+00:00
[2023-03-13T22:50:55.142+0000] {subprocess.py:63} INFO - Tmp dir root location: 
 /tmp
[2023-03-13T22:50:55.143+0000] {subprocess.py:75} INFO - Running command: ['/usr/bin/bash', '-c', 'docker-compose -f /home/dev/soute/ELK/docker-compose.yml up -d']
[2023-03-13T22:50:55.150+0000] {subprocess.py:86} INFO - Output:
[2023-03-13T22:50:55.909+0000] {subprocess.py:93} INFO - elasticsearch is up-to-date
[2023-03-13T22:50:55.909+0000] {subprocess.py:93} INFO - kibana is up-to-date
[2023-03-13T22:50:55.962+0000] {subprocess.py:97} INFO - Command exited with return code 0
[2023-03-13T22:50:55.992+0000] {taskinstance.py:1318} INFO - Marking task as SUCCESS. dag_id=AUTOMATISATION, task_id=demarre_ELK, execution_date=20230313T000354, start_date=20230313T225054, end_date=20230313T225055
[2023-03-13T22:50:56.039+0000] {local_task_job.py:208} INFO - Task exited with return code 0
[2023-03-13T22:50:56.066+0000] {taskinstance.py:2578} INFO - 1 downstream tasks scheduled from follow-on schedule check
[2023-03-15T07:35:56.262+0000] {taskinstance.py:1083} INFO - Dependencies all met for <TaskInstance: AUTOMATISATION.demarre_ELK scheduled__2023-03-13T00:03:54+00:00 [queued]>
[2023-03-15T07:35:56.266+0000] {taskinstance.py:1083} INFO - Dependencies all met for <TaskInstance: AUTOMATISATION.demarre_ELK scheduled__2023-03-13T00:03:54+00:00 [queued]>
[2023-03-15T07:35:56.266+0000] {taskinstance.py:1279} INFO - 
--------------------------------------------------------------------------------
[2023-03-15T07:35:56.266+0000] {taskinstance.py:1280} INFO - Starting attempt 1 of 2
[2023-03-15T07:35:56.266+0000] {taskinstance.py:1281} INFO - 
--------------------------------------------------------------------------------
[2023-03-15T07:35:56.277+0000] {taskinstance.py:1300} INFO - Executing <Task(BashOperator): demarre_ELK> on 2023-03-13 00:03:54+00:00
[2023-03-15T07:35:56.278+0000] {standard_task_runner.py:55} INFO - Started process 133622 to run task
[2023-03-15T07:35:56.280+0000] {standard_task_runner.py:82} INFO - Running: ['airflow', 'tasks', 'run', 'AUTOMATISATION', 'demarre_ELK', 'scheduled__2023-03-13T00:03:54+00:00', '--job-id', '803', '--raw', '--subdir', 'DAGS_FOLDER/main.py', '--cfg-path', '/tmp/tmp4jm6b00u']
[2023-03-15T07:35:56.281+0000] {standard_task_runner.py:83} INFO - Job 803: Subtask demarre_ELK
[2023-03-15T07:35:56.308+0000] {task_command.py:388} INFO - Running <TaskInstance: AUTOMATISATION.demarre_ELK scheduled__2023-03-13T00:03:54+00:00 [running]> on host dev
[2023-03-15T07:35:56.346+0000] {taskinstance.py:1507} INFO - Exporting the following env vars:
AIRFLOW_CTX_DAG_OWNER=airflow
AIRFLOW_CTX_DAG_ID=AUTOMATISATION
AIRFLOW_CTX_TASK_ID=demarre_ELK
AIRFLOW_CTX_EXECUTION_DATE=2023-03-13T00:03:54+00:00
AIRFLOW_CTX_TRY_NUMBER=1
AIRFLOW_CTX_DAG_RUN_ID=scheduled__2023-03-13T00:03:54+00:00
[2023-03-15T07:35:56.347+0000] {subprocess.py:63} INFO - Tmp dir root location: 
 /tmp
[2023-03-15T07:35:56.348+0000] {subprocess.py:75} INFO - Running command: ['/usr/bin/bash', '-c', 'docker-compose -f /home/dev/soute/ELK/docker-compose.yml up -d']
[2023-03-15T07:35:56.351+0000] {subprocess.py:86} INFO - Output:
[2023-03-15T07:35:56.660+0000] {subprocess.py:93} INFO - elasticsearch is up-to-date
[2023-03-15T07:35:56.660+0000] {subprocess.py:93} INFO - kibana is up-to-date
[2023-03-15T07:35:56.684+0000] {subprocess.py:97} INFO - Command exited with return code 0
[2023-03-15T07:35:56.699+0000] {taskinstance.py:1318} INFO - Marking task as SUCCESS. dag_id=AUTOMATISATION, task_id=demarre_ELK, execution_date=20230313T000354, start_date=20230315T073556, end_date=20230315T073556
[2023-03-15T07:35:56.733+0000] {local_task_job.py:208} INFO - Task exited with return code 0
[2023-03-15T07:35:56.757+0000] {taskinstance.py:2578} INFO - 1 downstream tasks scheduled from follow-on schedule check
