[2023-03-13T22:53:18.928+0000] {taskinstance.py:1083} INFO - Dependencies all met for <TaskInstance: AUTOMATISATION.demarre_ELK scheduled__2023-03-13T00:03:57+00:00 [queued]>
[2023-03-13T22:53:18.947+0000] {taskinstance.py:1083} INFO - Dependencies all met for <TaskInstance: AUTOMATISATION.demarre_ELK scheduled__2023-03-13T00:03:57+00:00 [queued]>
[2023-03-13T22:53:18.947+0000] {taskinstance.py:1279} INFO - 
--------------------------------------------------------------------------------
[2023-03-13T22:53:18.947+0000] {taskinstance.py:1280} INFO - Starting attempt 1 of 2
[2023-03-13T22:53:18.947+0000] {taskinstance.py:1281} INFO - 
--------------------------------------------------------------------------------
[2023-03-13T22:53:18.971+0000] {taskinstance.py:1300} INFO - Executing <Task(BashOperator): demarre_ELK> on 2023-03-13 00:03:57+00:00
[2023-03-13T22:53:18.974+0000] {standard_task_runner.py:55} INFO - Started process 79014 to run task
[2023-03-13T22:53:18.978+0000] {standard_task_runner.py:82} INFO - Running: ['airflow', 'tasks', 'run', 'AUTOMATISATION', 'demarre_ELK', 'scheduled__2023-03-13T00:03:57+00:00', '--job-id', '434', '--raw', '--subdir', 'DAGS_FOLDER/main.py', '--cfg-path', '/tmp/tmpk1e3ls8a']
[2023-03-13T22:53:18.980+0000] {standard_task_runner.py:83} INFO - Job 434: Subtask demarre_ELK
[2023-03-13T22:53:19.061+0000] {task_command.py:388} INFO - Running <TaskInstance: AUTOMATISATION.demarre_ELK scheduled__2023-03-13T00:03:57+00:00 [running]> on host dev
[2023-03-13T22:53:19.164+0000] {taskinstance.py:1507} INFO - Exporting the following env vars:
AIRFLOW_CTX_DAG_OWNER=airflow
AIRFLOW_CTX_DAG_ID=AUTOMATISATION
AIRFLOW_CTX_TASK_ID=demarre_ELK
AIRFLOW_CTX_EXECUTION_DATE=2023-03-13T00:03:57+00:00
AIRFLOW_CTX_TRY_NUMBER=1
AIRFLOW_CTX_DAG_RUN_ID=scheduled__2023-03-13T00:03:57+00:00
[2023-03-13T22:53:19.166+0000] {subprocess.py:63} INFO - Tmp dir root location: 
 /tmp
[2023-03-13T22:53:19.166+0000] {subprocess.py:75} INFO - Running command: ['/usr/bin/bash', '-c', 'docker-compose -f /home/dev/soute/ELK/docker-compose.yml up -d']
[2023-03-13T22:53:19.174+0000] {subprocess.py:86} INFO - Output:
[2023-03-13T22:53:19.990+0000] {subprocess.py:93} INFO - elasticsearch is up-to-date
[2023-03-13T22:53:19.991+0000] {subprocess.py:93} INFO - kibana is up-to-date
[2023-03-13T22:53:20.056+0000] {subprocess.py:97} INFO - Command exited with return code 0
[2023-03-13T22:53:20.088+0000] {taskinstance.py:1318} INFO - Marking task as SUCCESS. dag_id=AUTOMATISATION, task_id=demarre_ELK, execution_date=20230313T000357, start_date=20230313T225318, end_date=20230313T225320
[2023-03-13T22:53:20.152+0000] {local_task_job.py:208} INFO - Task exited with return code 0
[2023-03-13T22:53:20.179+0000] {taskinstance.py:2578} INFO - 1 downstream tasks scheduled from follow-on schedule check
[2023-03-15T07:36:15.987+0000] {taskinstance.py:1083} INFO - Dependencies all met for <TaskInstance: AUTOMATISATION.demarre_ELK scheduled__2023-03-13T00:03:57+00:00 [queued]>
[2023-03-15T07:36:15.992+0000] {taskinstance.py:1083} INFO - Dependencies all met for <TaskInstance: AUTOMATISATION.demarre_ELK scheduled__2023-03-13T00:03:57+00:00 [queued]>
[2023-03-15T07:36:15.992+0000] {taskinstance.py:1279} INFO - 
--------------------------------------------------------------------------------
[2023-03-15T07:36:15.992+0000] {taskinstance.py:1280} INFO - Starting attempt 1 of 2
[2023-03-15T07:36:15.992+0000] {taskinstance.py:1281} INFO - 
--------------------------------------------------------------------------------
[2023-03-15T07:36:16.003+0000] {taskinstance.py:1300} INFO - Executing <Task(BashOperator): demarre_ELK> on 2023-03-13 00:03:57+00:00
[2023-03-15T07:36:16.004+0000] {standard_task_runner.py:55} INFO - Started process 133823 to run task
[2023-03-15T07:36:16.006+0000] {standard_task_runner.py:82} INFO - Running: ['airflow', 'tasks', 'run', 'AUTOMATISATION', 'demarre_ELK', 'scheduled__2023-03-13T00:03:57+00:00', '--job-id', '805', '--raw', '--subdir', 'DAGS_FOLDER/main.py', '--cfg-path', '/tmp/tmp_va1rvhc']
[2023-03-15T07:36:16.007+0000] {standard_task_runner.py:83} INFO - Job 805: Subtask demarre_ELK
[2023-03-15T07:36:16.033+0000] {task_command.py:388} INFO - Running <TaskInstance: AUTOMATISATION.demarre_ELK scheduled__2023-03-13T00:03:57+00:00 [running]> on host dev
[2023-03-15T07:36:16.069+0000] {taskinstance.py:1507} INFO - Exporting the following env vars:
AIRFLOW_CTX_DAG_OWNER=airflow
AIRFLOW_CTX_DAG_ID=AUTOMATISATION
AIRFLOW_CTX_TASK_ID=demarre_ELK
AIRFLOW_CTX_EXECUTION_DATE=2023-03-13T00:03:57+00:00
AIRFLOW_CTX_TRY_NUMBER=1
AIRFLOW_CTX_DAG_RUN_ID=scheduled__2023-03-13T00:03:57+00:00
[2023-03-15T07:36:16.070+0000] {subprocess.py:63} INFO - Tmp dir root location: 
 /tmp
[2023-03-15T07:36:16.070+0000] {subprocess.py:75} INFO - Running command: ['/usr/bin/bash', '-c', 'docker-compose -f /home/dev/soute/ELK/docker-compose.yml up -d']
[2023-03-15T07:36:16.074+0000] {subprocess.py:86} INFO - Output:
[2023-03-15T07:36:16.381+0000] {subprocess.py:93} INFO - elasticsearch is up-to-date
[2023-03-15T07:36:16.382+0000] {subprocess.py:93} INFO - kibana is up-to-date
[2023-03-15T07:36:16.406+0000] {subprocess.py:97} INFO - Command exited with return code 0
[2023-03-15T07:36:16.424+0000] {taskinstance.py:1318} INFO - Marking task as SUCCESS. dag_id=AUTOMATISATION, task_id=demarre_ELK, execution_date=20230313T000357, start_date=20230315T073615, end_date=20230315T073616
[2023-03-15T07:36:16.459+0000] {local_task_job.py:208} INFO - Task exited with return code 0
[2023-03-15T07:36:16.472+0000] {taskinstance.py:2578} INFO - 1 downstream tasks scheduled from follow-on schedule check
