[2023-03-13T21:21:22.581+0000] {taskinstance.py:1083} INFO - Dependencies all met for <TaskInstance: AUTOMATISATION.demarre_ELK scheduled__2023-03-13T00:01:45+00:00 [queued]>
[2023-03-13T21:21:22.592+0000] {taskinstance.py:1083} INFO - Dependencies all met for <TaskInstance: AUTOMATISATION.demarre_ELK scheduled__2023-03-13T00:01:45+00:00 [queued]>
[2023-03-13T21:21:22.593+0000] {taskinstance.py:1279} INFO - 
--------------------------------------------------------------------------------
[2023-03-13T21:21:22.593+0000] {taskinstance.py:1280} INFO - Starting attempt 1 of 2
[2023-03-13T21:21:22.593+0000] {taskinstance.py:1281} INFO - 
--------------------------------------------------------------------------------
[2023-03-13T21:21:22.619+0000] {taskinstance.py:1300} INFO - Executing <Task(BashOperator): demarre_ELK> on 2023-03-13 00:01:45+00:00
[2023-03-13T21:21:22.623+0000] {standard_task_runner.py:55} INFO - Started process 57793 to run task
[2023-03-13T21:21:22.627+0000] {standard_task_runner.py:82} INFO - Running: ['airflow', 'tasks', 'run', 'AUTOMATISATION', 'demarre_ELK', 'scheduled__2023-03-13T00:01:45+00:00', '--job-id', '346', '--raw', '--subdir', 'DAGS_FOLDER/main.py', '--cfg-path', '/tmp/tmpl7v3ros_']
[2023-03-13T21:21:22.629+0000] {standard_task_runner.py:83} INFO - Job 346: Subtask demarre_ELK
[2023-03-13T21:21:22.700+0000] {task_command.py:388} INFO - Running <TaskInstance: AUTOMATISATION.demarre_ELK scheduled__2023-03-13T00:01:45+00:00 [running]> on host dev
[2023-03-13T21:21:22.795+0000] {taskinstance.py:1507} INFO - Exporting the following env vars:
AIRFLOW_CTX_DAG_OWNER=airflow
AIRFLOW_CTX_DAG_ID=AUTOMATISATION
AIRFLOW_CTX_TASK_ID=demarre_ELK
AIRFLOW_CTX_EXECUTION_DATE=2023-03-13T00:01:45+00:00
AIRFLOW_CTX_TRY_NUMBER=1
AIRFLOW_CTX_DAG_RUN_ID=scheduled__2023-03-13T00:01:45+00:00
[2023-03-13T21:21:22.796+0000] {subprocess.py:63} INFO - Tmp dir root location: 
 /tmp
[2023-03-13T21:21:22.797+0000] {subprocess.py:75} INFO - Running command: ['/usr/bin/bash', '-c', 'docker-compose -f /home/dev/soute/ELK/docker-compose.yml up -d']
[2023-03-13T21:21:22.805+0000] {subprocess.py:86} INFO - Output:
[2023-03-13T21:21:23.647+0000] {subprocess.py:93} INFO - elasticsearch is up-to-date
[2023-03-13T21:21:23.648+0000] {subprocess.py:93} INFO - kibana is up-to-date
[2023-03-13T21:21:23.700+0000] {subprocess.py:97} INFO - Command exited with return code 0
[2023-03-13T21:21:23.737+0000] {taskinstance.py:1318} INFO - Marking task as SUCCESS. dag_id=AUTOMATISATION, task_id=demarre_ELK, execution_date=20230313T000145, start_date=20230313T212122, end_date=20230313T212123
[2023-03-13T21:21:23.802+0000] {local_task_job.py:208} INFO - Task exited with return code 0
[2023-03-13T21:21:23.831+0000] {taskinstance.py:2578} INFO - 1 downstream tasks scheduled from follow-on schedule check
[2023-03-14T09:55:17.456+0000] {taskinstance.py:1083} INFO - Dependencies all met for <TaskInstance: AUTOMATISATION.demarre_ELK scheduled__2023-03-13T00:01:45+00:00 [queued]>
[2023-03-14T09:55:17.468+0000] {taskinstance.py:1083} INFO - Dependencies all met for <TaskInstance: AUTOMATISATION.demarre_ELK scheduled__2023-03-13T00:01:45+00:00 [queued]>
[2023-03-14T09:55:17.468+0000] {taskinstance.py:1279} INFO - 
--------------------------------------------------------------------------------
[2023-03-14T09:55:17.469+0000] {taskinstance.py:1280} INFO - Starting attempt 1 of 2
[2023-03-14T09:55:17.469+0000] {taskinstance.py:1281} INFO - 
--------------------------------------------------------------------------------
[2023-03-14T09:55:17.488+0000] {taskinstance.py:1300} INFO - Executing <Task(BashOperator): demarre_ELK> on 2023-03-13 00:01:45+00:00
[2023-03-14T09:55:17.491+0000] {standard_task_runner.py:55} INFO - Started process 32760 to run task
[2023-03-14T09:55:17.495+0000] {standard_task_runner.py:82} INFO - Running: ['airflow', 'tasks', 'run', 'AUTOMATISATION', 'demarre_ELK', 'scheduled__2023-03-13T00:01:45+00:00', '--job-id', '590', '--raw', '--subdir', 'DAGS_FOLDER/main.py', '--cfg-path', '/tmp/tmpfykdzcx4']
[2023-03-14T09:55:17.497+0000] {standard_task_runner.py:83} INFO - Job 590: Subtask demarre_ELK
[2023-03-14T09:55:17.564+0000] {task_command.py:388} INFO - Running <TaskInstance: AUTOMATISATION.demarre_ELK scheduled__2023-03-13T00:01:45+00:00 [running]> on host dev
[2023-03-14T09:55:17.636+0000] {taskinstance.py:1507} INFO - Exporting the following env vars:
AIRFLOW_CTX_DAG_OWNER=airflow
AIRFLOW_CTX_DAG_ID=AUTOMATISATION
AIRFLOW_CTX_TASK_ID=demarre_ELK
AIRFLOW_CTX_EXECUTION_DATE=2023-03-13T00:01:45+00:00
AIRFLOW_CTX_TRY_NUMBER=1
AIRFLOW_CTX_DAG_RUN_ID=scheduled__2023-03-13T00:01:45+00:00
[2023-03-14T09:55:17.637+0000] {subprocess.py:63} INFO - Tmp dir root location: 
 /tmp
[2023-03-14T09:55:17.638+0000] {subprocess.py:75} INFO - Running command: ['/usr/bin/bash', '-c', 'docker-compose -f /home/dev/soute/ELK/docker-compose.yml up -d']
[2023-03-14T09:55:17.646+0000] {subprocess.py:86} INFO - Output:
[2023-03-14T09:55:18.416+0000] {subprocess.py:93} INFO - elasticsearch is up-to-date
[2023-03-14T09:55:18.417+0000] {subprocess.py:93} INFO - kibana is up-to-date
[2023-03-14T09:55:18.466+0000] {subprocess.py:97} INFO - Command exited with return code 0
[2023-03-14T09:55:18.496+0000] {taskinstance.py:1318} INFO - Marking task as SUCCESS. dag_id=AUTOMATISATION, task_id=demarre_ELK, execution_date=20230313T000145, start_date=20230314T095517, end_date=20230314T095518
[2023-03-14T09:55:18.549+0000] {local_task_job.py:208} INFO - Task exited with return code 0
[2023-03-14T09:55:18.576+0000] {taskinstance.py:2578} INFO - 1 downstream tasks scheduled from follow-on schedule check
[2023-03-15T07:19:11.587+0000] {taskinstance.py:1083} INFO - Dependencies all met for <TaskInstance: AUTOMATISATION.demarre_ELK scheduled__2023-03-13T00:01:45+00:00 [queued]>
[2023-03-15T07:19:11.592+0000] {taskinstance.py:1083} INFO - Dependencies all met for <TaskInstance: AUTOMATISATION.demarre_ELK scheduled__2023-03-13T00:01:45+00:00 [queued]>
[2023-03-15T07:19:11.592+0000] {taskinstance.py:1279} INFO - 
--------------------------------------------------------------------------------
[2023-03-15T07:19:11.592+0000] {taskinstance.py:1280} INFO - Starting attempt 1 of 2
[2023-03-15T07:19:11.592+0000] {taskinstance.py:1281} INFO - 
--------------------------------------------------------------------------------
[2023-03-15T07:19:11.604+0000] {taskinstance.py:1300} INFO - Executing <Task(BashOperator): demarre_ELK> on 2023-03-13 00:01:45+00:00
[2023-03-15T07:19:11.605+0000] {standard_task_runner.py:55} INFO - Started process 122483 to run task
[2023-03-15T07:19:11.608+0000] {standard_task_runner.py:82} INFO - Running: ['airflow', 'tasks', 'run', 'AUTOMATISATION', 'demarre_ELK', 'scheduled__2023-03-13T00:01:45+00:00', '--job-id', '717', '--raw', '--subdir', 'DAGS_FOLDER/main.py', '--cfg-path', '/tmp/tmp3n1bw8ez']
[2023-03-15T07:19:11.608+0000] {standard_task_runner.py:83} INFO - Job 717: Subtask demarre_ELK
[2023-03-15T07:19:11.639+0000] {task_command.py:388} INFO - Running <TaskInstance: AUTOMATISATION.demarre_ELK scheduled__2023-03-13T00:01:45+00:00 [running]> on host dev
[2023-03-15T07:19:11.678+0000] {taskinstance.py:1507} INFO - Exporting the following env vars:
AIRFLOW_CTX_DAG_OWNER=airflow
AIRFLOW_CTX_DAG_ID=AUTOMATISATION
AIRFLOW_CTX_TASK_ID=demarre_ELK
AIRFLOW_CTX_EXECUTION_DATE=2023-03-13T00:01:45+00:00
AIRFLOW_CTX_TRY_NUMBER=1
AIRFLOW_CTX_DAG_RUN_ID=scheduled__2023-03-13T00:01:45+00:00
[2023-03-15T07:19:11.679+0000] {subprocess.py:63} INFO - Tmp dir root location: 
 /tmp
[2023-03-15T07:19:11.679+0000] {subprocess.py:75} INFO - Running command: ['/usr/bin/bash', '-c', 'docker-compose -f /home/dev/soute/ELK/docker-compose.yml up -d']
[2023-03-15T07:19:11.683+0000] {subprocess.py:86} INFO - Output:
[2023-03-15T07:19:12.009+0000] {subprocess.py:93} INFO - elasticsearch is up-to-date
[2023-03-15T07:19:12.009+0000] {subprocess.py:93} INFO - kibana is up-to-date
[2023-03-15T07:19:12.031+0000] {subprocess.py:97} INFO - Command exited with return code 0
[2023-03-15T07:19:12.046+0000] {taskinstance.py:1318} INFO - Marking task as SUCCESS. dag_id=AUTOMATISATION, task_id=demarre_ELK, execution_date=20230313T000145, start_date=20230315T071911, end_date=20230315T071912
[2023-03-15T07:19:12.060+0000] {local_task_job.py:208} INFO - Task exited with return code 0
[2023-03-15T07:19:12.071+0000] {taskinstance.py:2578} INFO - 1 downstream tasks scheduled from follow-on schedule check
