[2023-03-13T22:31:31.373+0000] {taskinstance.py:1083} INFO - Dependencies all met for <TaskInstance: AUTOMATISATION.demarre_ELK scheduled__2023-03-13T00:03:27+00:00 [queued]>
[2023-03-13T22:31:31.385+0000] {taskinstance.py:1083} INFO - Dependencies all met for <TaskInstance: AUTOMATISATION.demarre_ELK scheduled__2023-03-13T00:03:27+00:00 [queued]>
[2023-03-13T22:31:31.385+0000] {taskinstance.py:1279} INFO - 
--------------------------------------------------------------------------------
[2023-03-13T22:31:31.385+0000] {taskinstance.py:1280} INFO - Starting attempt 1 of 2
[2023-03-13T22:31:31.385+0000] {taskinstance.py:1281} INFO - 
--------------------------------------------------------------------------------
[2023-03-13T22:31:31.413+0000] {taskinstance.py:1300} INFO - Executing <Task(BashOperator): demarre_ELK> on 2023-03-13 00:03:27+00:00
[2023-03-13T22:31:31.417+0000] {standard_task_runner.py:55} INFO - Started process 73231 to run task
[2023-03-13T22:31:31.421+0000] {standard_task_runner.py:82} INFO - Running: ['airflow', 'tasks', 'run', 'AUTOMATISATION', 'demarre_ELK', 'scheduled__2023-03-13T00:03:27+00:00', '--job-id', '414', '--raw', '--subdir', 'DAGS_FOLDER/main.py', '--cfg-path', '/tmp/tmpifbt6ycf']
[2023-03-13T22:31:31.423+0000] {standard_task_runner.py:83} INFO - Job 414: Subtask demarre_ELK
[2023-03-13T22:31:31.491+0000] {task_command.py:388} INFO - Running <TaskInstance: AUTOMATISATION.demarre_ELK scheduled__2023-03-13T00:03:27+00:00 [running]> on host dev
[2023-03-13T22:31:31.582+0000] {taskinstance.py:1507} INFO - Exporting the following env vars:
AIRFLOW_CTX_DAG_OWNER=airflow
AIRFLOW_CTX_DAG_ID=AUTOMATISATION
AIRFLOW_CTX_TASK_ID=demarre_ELK
AIRFLOW_CTX_EXECUTION_DATE=2023-03-13T00:03:27+00:00
AIRFLOW_CTX_TRY_NUMBER=1
AIRFLOW_CTX_DAG_RUN_ID=scheduled__2023-03-13T00:03:27+00:00
[2023-03-13T22:31:31.583+0000] {subprocess.py:63} INFO - Tmp dir root location: 
 /tmp
[2023-03-13T22:31:31.584+0000] {subprocess.py:75} INFO - Running command: ['/usr/bin/bash', '-c', 'docker-compose -f /home/dev/soute/ELK/docker-compose.yml up -d']
[2023-03-13T22:31:31.592+0000] {subprocess.py:86} INFO - Output:
[2023-03-13T22:31:32.342+0000] {subprocess.py:93} INFO - elasticsearch is up-to-date
[2023-03-13T22:31:32.343+0000] {subprocess.py:93} INFO - kibana is up-to-date
[2023-03-13T22:31:32.396+0000] {subprocess.py:97} INFO - Command exited with return code 0
[2023-03-13T22:31:32.430+0000] {taskinstance.py:1318} INFO - Marking task as SUCCESS. dag_id=AUTOMATISATION, task_id=demarre_ELK, execution_date=20230313T000327, start_date=20230313T223131, end_date=20230313T223132
[2023-03-13T22:31:32.475+0000] {local_task_job.py:208} INFO - Task exited with return code 0
[2023-03-13T22:31:32.503+0000] {taskinstance.py:2578} INFO - 1 downstream tasks scheduled from follow-on schedule check
[2023-03-15T07:32:57.337+0000] {taskinstance.py:1083} INFO - Dependencies all met for <TaskInstance: AUTOMATISATION.demarre_ELK scheduled__2023-03-13T00:03:27+00:00 [queued]>
[2023-03-15T07:32:57.341+0000] {taskinstance.py:1083} INFO - Dependencies all met for <TaskInstance: AUTOMATISATION.demarre_ELK scheduled__2023-03-13T00:03:27+00:00 [queued]>
[2023-03-15T07:32:57.342+0000] {taskinstance.py:1279} INFO - 
--------------------------------------------------------------------------------
[2023-03-15T07:32:57.342+0000] {taskinstance.py:1280} INFO - Starting attempt 1 of 2
[2023-03-15T07:32:57.342+0000] {taskinstance.py:1281} INFO - 
--------------------------------------------------------------------------------
[2023-03-15T07:32:57.352+0000] {taskinstance.py:1300} INFO - Executing <Task(BashOperator): demarre_ELK> on 2023-03-13 00:03:27+00:00
[2023-03-15T07:32:57.353+0000] {standard_task_runner.py:55} INFO - Started process 131967 to run task
[2023-03-15T07:32:57.355+0000] {standard_task_runner.py:82} INFO - Running: ['airflow', 'tasks', 'run', 'AUTOMATISATION', 'demarre_ELK', 'scheduled__2023-03-13T00:03:27+00:00', '--job-id', '785', '--raw', '--subdir', 'DAGS_FOLDER/main.py', '--cfg-path', '/tmp/tmpzwamc5s7']
[2023-03-15T07:32:57.356+0000] {standard_task_runner.py:83} INFO - Job 785: Subtask demarre_ELK
[2023-03-15T07:32:57.385+0000] {task_command.py:388} INFO - Running <TaskInstance: AUTOMATISATION.demarre_ELK scheduled__2023-03-13T00:03:27+00:00 [running]> on host dev
[2023-03-15T07:32:57.421+0000] {taskinstance.py:1507} INFO - Exporting the following env vars:
AIRFLOW_CTX_DAG_OWNER=airflow
AIRFLOW_CTX_DAG_ID=AUTOMATISATION
AIRFLOW_CTX_TASK_ID=demarre_ELK
AIRFLOW_CTX_EXECUTION_DATE=2023-03-13T00:03:27+00:00
AIRFLOW_CTX_TRY_NUMBER=1
AIRFLOW_CTX_DAG_RUN_ID=scheduled__2023-03-13T00:03:27+00:00
[2023-03-15T07:32:57.422+0000] {subprocess.py:63} INFO - Tmp dir root location: 
 /tmp
[2023-03-15T07:32:57.422+0000] {subprocess.py:75} INFO - Running command: ['/usr/bin/bash', '-c', 'docker-compose -f /home/dev/soute/ELK/docker-compose.yml up -d']
[2023-03-15T07:32:57.426+0000] {subprocess.py:86} INFO - Output:
[2023-03-15T07:32:57.753+0000] {subprocess.py:93} INFO - elasticsearch is up-to-date
[2023-03-15T07:32:57.754+0000] {subprocess.py:93} INFO - kibana is up-to-date
[2023-03-15T07:32:57.781+0000] {subprocess.py:97} INFO - Command exited with return code 0
[2023-03-15T07:32:57.794+0000] {taskinstance.py:1318} INFO - Marking task as SUCCESS. dag_id=AUTOMATISATION, task_id=demarre_ELK, execution_date=20230313T000327, start_date=20230315T073257, end_date=20230315T073257
[2023-03-15T07:32:57.808+0000] {local_task_job.py:208} INFO - Task exited with return code 0
[2023-03-15T07:32:57.819+0000] {taskinstance.py:2578} INFO - 1 downstream tasks scheduled from follow-on schedule check
