[2023-03-13T19:31:25.946+0000] {taskinstance.py:1083} INFO - Dependencies all met for <TaskInstance: AUTOMATISATION.demarre_ELK scheduled__2023-03-13T00:00:39+00:00 [queued]>
[2023-03-13T19:31:25.959+0000] {taskinstance.py:1083} INFO - Dependencies all met for <TaskInstance: AUTOMATISATION.demarre_ELK scheduled__2023-03-13T00:00:39+00:00 [queued]>
[2023-03-13T19:31:25.959+0000] {taskinstance.py:1279} INFO - 
--------------------------------------------------------------------------------
[2023-03-13T19:31:25.959+0000] {taskinstance.py:1280} INFO - Starting attempt 1 of 2
[2023-03-13T19:31:25.960+0000] {taskinstance.py:1281} INFO - 
--------------------------------------------------------------------------------
[2023-03-13T19:31:25.983+0000] {taskinstance.py:1300} INFO - Executing <Task(BashOperator): demarre_ELK> on 2023-03-13 00:00:39+00:00
[2023-03-13T19:31:25.986+0000] {standard_task_runner.py:55} INFO - Started process 35293 to run task
[2023-03-13T19:31:25.991+0000] {standard_task_runner.py:82} INFO - Running: ['airflow', 'tasks', 'run', 'AUTOMATISATION', 'demarre_ELK', 'scheduled__2023-03-13T00:00:39+00:00', '--job-id', '30', '--raw', '--subdir', 'DAGS_FOLDER/main.py', '--cfg-path', '/tmp/tmpdwedttvl']
[2023-03-13T19:31:25.993+0000] {standard_task_runner.py:83} INFO - Job 30: Subtask demarre_ELK
[2023-03-13T19:31:26.059+0000] {task_command.py:388} INFO - Running <TaskInstance: AUTOMATISATION.demarre_ELK scheduled__2023-03-13T00:00:39+00:00 [running]> on host dev
[2023-03-13T19:31:26.129+0000] {taskinstance.py:1507} INFO - Exporting the following env vars:
AIRFLOW_CTX_DAG_OWNER=airflow
AIRFLOW_CTX_DAG_ID=AUTOMATISATION
AIRFLOW_CTX_TASK_ID=demarre_ELK
AIRFLOW_CTX_EXECUTION_DATE=2023-03-13T00:00:39+00:00
AIRFLOW_CTX_TRY_NUMBER=1
AIRFLOW_CTX_DAG_RUN_ID=scheduled__2023-03-13T00:00:39+00:00
[2023-03-13T19:31:26.131+0000] {subprocess.py:63} INFO - Tmp dir root location: 
 /tmp
[2023-03-13T19:31:26.132+0000] {subprocess.py:75} INFO - Running command: ['/usr/bin/bash', '-c', 'docker-compose -f /home/dev/soute/ELK/docker-compose.yml up -d']
[2023-03-13T19:31:26.140+0000] {subprocess.py:86} INFO - Output:
[2023-03-13T19:31:26.915+0000] {subprocess.py:93} INFO - elasticsearch is up-to-date
[2023-03-13T19:31:26.916+0000] {subprocess.py:93} INFO - kibana is up-to-date
[2023-03-13T19:31:26.975+0000] {subprocess.py:97} INFO - Command exited with return code 0
[2023-03-13T19:31:27.006+0000] {taskinstance.py:1318} INFO - Marking task as SUCCESS. dag_id=AUTOMATISATION, task_id=demarre_ELK, execution_date=20230313T000039, start_date=20230313T193125, end_date=20230313T193127
[2023-03-13T19:31:27.045+0000] {local_task_job.py:208} INFO - Task exited with return code 0
[2023-03-13T19:31:27.073+0000] {taskinstance.py:2578} INFO - 1 downstream tasks scheduled from follow-on schedule check
[2023-03-13T19:41:56.981+0000] {taskinstance.py:1083} INFO - Dependencies all met for <TaskInstance: AUTOMATISATION.demarre_ELK scheduled__2023-03-13T00:00:39+00:00 [queued]>
[2023-03-13T19:41:56.995+0000] {taskinstance.py:1083} INFO - Dependencies all met for <TaskInstance: AUTOMATISATION.demarre_ELK scheduled__2023-03-13T00:00:39+00:00 [queued]>
[2023-03-13T19:41:56.995+0000] {taskinstance.py:1279} INFO - 
--------------------------------------------------------------------------------
[2023-03-13T19:41:56.995+0000] {taskinstance.py:1280} INFO - Starting attempt 1 of 2
[2023-03-13T19:41:56.995+0000] {taskinstance.py:1281} INFO - 
--------------------------------------------------------------------------------
[2023-03-13T19:41:57.017+0000] {taskinstance.py:1300} INFO - Executing <Task(BashOperator): demarre_ELK> on 2023-03-13 00:00:39+00:00
[2023-03-13T19:41:57.021+0000] {standard_task_runner.py:55} INFO - Started process 37183 to run task
[2023-03-13T19:41:57.025+0000] {standard_task_runner.py:82} INFO - Running: ['airflow', 'tasks', 'run', 'AUTOMATISATION', 'demarre_ELK', 'scheduled__2023-03-13T00:00:39+00:00', '--job-id', '78', '--raw', '--subdir', 'DAGS_FOLDER/main.py', '--cfg-path', '/tmp/tmppj_86brr']
[2023-03-13T19:41:57.027+0000] {standard_task_runner.py:83} INFO - Job 78: Subtask demarre_ELK
[2023-03-13T19:41:57.100+0000] {task_command.py:388} INFO - Running <TaskInstance: AUTOMATISATION.demarre_ELK scheduled__2023-03-13T00:00:39+00:00 [running]> on host dev
[2023-03-13T19:41:57.174+0000] {taskinstance.py:1507} INFO - Exporting the following env vars:
AIRFLOW_CTX_DAG_OWNER=airflow
AIRFLOW_CTX_DAG_ID=AUTOMATISATION
AIRFLOW_CTX_TASK_ID=demarre_ELK
AIRFLOW_CTX_EXECUTION_DATE=2023-03-13T00:00:39+00:00
AIRFLOW_CTX_TRY_NUMBER=1
AIRFLOW_CTX_DAG_RUN_ID=scheduled__2023-03-13T00:00:39+00:00
[2023-03-13T19:41:57.176+0000] {subprocess.py:63} INFO - Tmp dir root location: 
 /tmp
[2023-03-13T19:41:57.177+0000] {subprocess.py:75} INFO - Running command: ['/usr/bin/bash', '-c', 'docker-compose -f /home/dev/soute/ELK/docker-compose.yml up -d']
[2023-03-13T19:41:57.186+0000] {subprocess.py:86} INFO - Output:
[2023-03-13T19:41:58.143+0000] {subprocess.py:93} INFO - elasticsearch is up-to-date
[2023-03-13T19:41:58.144+0000] {subprocess.py:93} INFO - kibana is up-to-date
[2023-03-13T19:41:58.206+0000] {subprocess.py:97} INFO - Command exited with return code 0
[2023-03-13T19:41:58.235+0000] {taskinstance.py:1318} INFO - Marking task as SUCCESS. dag_id=AUTOMATISATION, task_id=demarre_ELK, execution_date=20230313T000039, start_date=20230313T194156, end_date=20230313T194158
[2023-03-13T19:41:58.280+0000] {local_task_job.py:208} INFO - Task exited with return code 0
[2023-03-13T19:41:58.318+0000] {taskinstance.py:2578} INFO - 1 downstream tasks scheduled from follow-on schedule check
[2023-03-13T20:03:27.143+0000] {taskinstance.py:1083} INFO - Dependencies all met for <TaskInstance: AUTOMATISATION.demarre_ELK scheduled__2023-03-13T00:00:39+00:00 [queued]>
[2023-03-13T20:03:27.156+0000] {taskinstance.py:1083} INFO - Dependencies all met for <TaskInstance: AUTOMATISATION.demarre_ELK scheduled__2023-03-13T00:00:39+00:00 [queued]>
[2023-03-13T20:03:27.156+0000] {taskinstance.py:1279} INFO - 
--------------------------------------------------------------------------------
[2023-03-13T20:03:27.157+0000] {taskinstance.py:1280} INFO - Starting attempt 1 of 2
[2023-03-13T20:03:27.157+0000] {taskinstance.py:1281} INFO - 
--------------------------------------------------------------------------------
[2023-03-13T20:03:27.179+0000] {taskinstance.py:1300} INFO - Executing <Task(BashOperator): demarre_ELK> on 2023-03-13 00:00:39+00:00
[2023-03-13T20:03:27.182+0000] {standard_task_runner.py:55} INFO - Started process 40954 to run task
[2023-03-13T20:03:27.188+0000] {standard_task_runner.py:82} INFO - Running: ['airflow', 'tasks', 'run', 'AUTOMATISATION', 'demarre_ELK', 'scheduled__2023-03-13T00:00:39+00:00', '--job-id', '190', '--raw', '--subdir', 'DAGS_FOLDER/main.py', '--cfg-path', '/tmp/tmpsgve5p5q']
[2023-03-13T20:03:27.189+0000] {standard_task_runner.py:83} INFO - Job 190: Subtask demarre_ELK
[2023-03-13T20:03:27.261+0000] {task_command.py:388} INFO - Running <TaskInstance: AUTOMATISATION.demarre_ELK scheduled__2023-03-13T00:00:39+00:00 [running]> on host dev
[2023-03-13T20:03:27.333+0000] {taskinstance.py:1507} INFO - Exporting the following env vars:
AIRFLOW_CTX_DAG_OWNER=airflow
AIRFLOW_CTX_DAG_ID=AUTOMATISATION
AIRFLOW_CTX_TASK_ID=demarre_ELK
AIRFLOW_CTX_EXECUTION_DATE=2023-03-13T00:00:39+00:00
AIRFLOW_CTX_TRY_NUMBER=1
AIRFLOW_CTX_DAG_RUN_ID=scheduled__2023-03-13T00:00:39+00:00
[2023-03-13T20:03:27.335+0000] {subprocess.py:63} INFO - Tmp dir root location: 
 /tmp
[2023-03-13T20:03:27.336+0000] {subprocess.py:75} INFO - Running command: ['/usr/bin/bash', '-c', 'docker-compose -f /home/dev/soute/ELK/docker-compose.yml up -d']
[2023-03-13T20:03:27.345+0000] {subprocess.py:86} INFO - Output:
[2023-03-13T20:03:28.159+0000] {subprocess.py:93} INFO - elasticsearch is up-to-date
[2023-03-13T20:03:28.160+0000] {subprocess.py:93} INFO - kibana is up-to-date
[2023-03-13T20:03:28.218+0000] {subprocess.py:97} INFO - Command exited with return code 0
[2023-03-13T20:03:28.247+0000] {taskinstance.py:1318} INFO - Marking task as SUCCESS. dag_id=AUTOMATISATION, task_id=demarre_ELK, execution_date=20230313T000039, start_date=20230313T200327, end_date=20230313T200328
[2023-03-13T20:03:28.281+0000] {local_task_job.py:208} INFO - Task exited with return code 0
[2023-03-13T20:03:28.309+0000] {taskinstance.py:2578} INFO - 1 downstream tasks scheduled from follow-on schedule check
[2023-03-13T20:38:20.693+0000] {taskinstance.py:1083} INFO - Dependencies all met for <TaskInstance: AUTOMATISATION.demarre_ELK scheduled__2023-03-13T00:00:39+00:00 [queued]>
[2023-03-13T20:38:20.706+0000] {taskinstance.py:1083} INFO - Dependencies all met for <TaskInstance: AUTOMATISATION.demarre_ELK scheduled__2023-03-13T00:00:39+00:00 [queued]>
[2023-03-13T20:38:20.706+0000] {taskinstance.py:1279} INFO - 
--------------------------------------------------------------------------------
[2023-03-13T20:38:20.707+0000] {taskinstance.py:1280} INFO - Starting attempt 1 of 2
[2023-03-13T20:38:20.707+0000] {taskinstance.py:1281} INFO - 
--------------------------------------------------------------------------------
[2023-03-13T20:38:20.727+0000] {taskinstance.py:1300} INFO - Executing <Task(BashOperator): demarre_ELK> on 2023-03-13 00:00:39+00:00
[2023-03-13T20:38:20.730+0000] {standard_task_runner.py:55} INFO - Started process 48225 to run task
[2023-03-13T20:38:20.735+0000] {standard_task_runner.py:82} INFO - Running: ['airflow', 'tasks', 'run', 'AUTOMATISATION', 'demarre_ELK', 'scheduled__2023-03-13T00:00:39+00:00', '--job-id', '302', '--raw', '--subdir', 'DAGS_FOLDER/main.py', '--cfg-path', '/tmp/tmpxm8krif2']
[2023-03-13T20:38:20.737+0000] {standard_task_runner.py:83} INFO - Job 302: Subtask demarre_ELK
[2023-03-13T20:38:20.806+0000] {task_command.py:388} INFO - Running <TaskInstance: AUTOMATISATION.demarre_ELK scheduled__2023-03-13T00:00:39+00:00 [running]> on host dev
[2023-03-13T20:38:20.882+0000] {taskinstance.py:1507} INFO - Exporting the following env vars:
AIRFLOW_CTX_DAG_OWNER=airflow
AIRFLOW_CTX_DAG_ID=AUTOMATISATION
AIRFLOW_CTX_TASK_ID=demarre_ELK
AIRFLOW_CTX_EXECUTION_DATE=2023-03-13T00:00:39+00:00
AIRFLOW_CTX_TRY_NUMBER=1
AIRFLOW_CTX_DAG_RUN_ID=scheduled__2023-03-13T00:00:39+00:00
[2023-03-13T20:38:20.884+0000] {subprocess.py:63} INFO - Tmp dir root location: 
 /tmp
[2023-03-13T20:38:20.885+0000] {subprocess.py:75} INFO - Running command: ['/usr/bin/bash', '-c', 'docker-compose -f /home/dev/soute/ELK/docker-compose.yml up -d']
[2023-03-13T20:38:20.894+0000] {subprocess.py:86} INFO - Output:
[2023-03-13T20:38:21.751+0000] {subprocess.py:93} INFO - elasticsearch is up-to-date
[2023-03-13T20:38:21.752+0000] {subprocess.py:93} INFO - kibana is up-to-date
[2023-03-13T20:38:21.815+0000] {subprocess.py:97} INFO - Command exited with return code 0
[2023-03-13T20:38:21.847+0000] {taskinstance.py:1318} INFO - Marking task as SUCCESS. dag_id=AUTOMATISATION, task_id=demarre_ELK, execution_date=20230313T000039, start_date=20230313T203820, end_date=20230313T203821
[2023-03-13T20:38:21.908+0000] {local_task_job.py:208} INFO - Task exited with return code 0
[2023-03-13T20:38:21.935+0000] {taskinstance.py:2578} INFO - 1 downstream tasks scheduled from follow-on schedule check
[2023-03-14T09:32:03.297+0000] {taskinstance.py:1083} INFO - Dependencies all met for <TaskInstance: AUTOMATISATION.demarre_ELK scheduled__2023-03-13T00:00:39+00:00 [queued]>
[2023-03-14T09:32:03.308+0000] {taskinstance.py:1083} INFO - Dependencies all met for <TaskInstance: AUTOMATISATION.demarre_ELK scheduled__2023-03-13T00:00:39+00:00 [queued]>
[2023-03-14T09:32:03.308+0000] {taskinstance.py:1279} INFO - 
--------------------------------------------------------------------------------
[2023-03-14T09:32:03.308+0000] {taskinstance.py:1280} INFO - Starting attempt 1 of 2
[2023-03-14T09:32:03.309+0000] {taskinstance.py:1281} INFO - 
--------------------------------------------------------------------------------
[2023-03-14T09:32:03.329+0000] {taskinstance.py:1300} INFO - Executing <Task(BashOperator): demarre_ELK> on 2023-03-13 00:00:39+00:00
[2023-03-14T09:32:03.333+0000] {standard_task_runner.py:55} INFO - Started process 25939 to run task
[2023-03-14T09:32:03.337+0000] {standard_task_runner.py:82} INFO - Running: ['airflow', 'tasks', 'run', 'AUTOMATISATION', 'demarre_ELK', 'scheduled__2023-03-13T00:00:39+00:00', '--job-id', '546', '--raw', '--subdir', 'DAGS_FOLDER/main.py', '--cfg-path', '/tmp/tmp_i3j29s7']
[2023-03-14T09:32:03.339+0000] {standard_task_runner.py:83} INFO - Job 546: Subtask demarre_ELK
[2023-03-14T09:32:03.407+0000] {task_command.py:388} INFO - Running <TaskInstance: AUTOMATISATION.demarre_ELK scheduled__2023-03-13T00:00:39+00:00 [running]> on host dev
[2023-03-14T09:32:03.472+0000] {taskinstance.py:1507} INFO - Exporting the following env vars:
AIRFLOW_CTX_DAG_OWNER=airflow
AIRFLOW_CTX_DAG_ID=AUTOMATISATION
AIRFLOW_CTX_TASK_ID=demarre_ELK
AIRFLOW_CTX_EXECUTION_DATE=2023-03-13T00:00:39+00:00
AIRFLOW_CTX_TRY_NUMBER=1
AIRFLOW_CTX_DAG_RUN_ID=scheduled__2023-03-13T00:00:39+00:00
[2023-03-14T09:32:03.474+0000] {subprocess.py:63} INFO - Tmp dir root location: 
 /tmp
[2023-03-14T09:32:03.475+0000] {subprocess.py:75} INFO - Running command: ['/usr/bin/bash', '-c', 'docker-compose -f /home/dev/soute/ELK/docker-compose.yml up -d']
[2023-03-14T09:32:03.484+0000] {subprocess.py:86} INFO - Output:
[2023-03-14T09:32:04.263+0000] {subprocess.py:93} INFO - elasticsearch is up-to-date
[2023-03-14T09:32:04.263+0000] {subprocess.py:93} INFO - kibana is up-to-date
[2023-03-14T09:32:04.320+0000] {subprocess.py:97} INFO - Command exited with return code 0
[2023-03-14T09:32:04.347+0000] {taskinstance.py:1318} INFO - Marking task as SUCCESS. dag_id=AUTOMATISATION, task_id=demarre_ELK, execution_date=20230313T000039, start_date=20230314T093203, end_date=20230314T093204
[2023-03-14T09:32:04.390+0000] {local_task_job.py:208} INFO - Task exited with return code 0
[2023-03-14T09:32:04.417+0000] {taskinstance.py:2578} INFO - 1 downstream tasks scheduled from follow-on schedule check
[2023-03-15T07:11:21.569+0000] {taskinstance.py:1083} INFO - Dependencies all met for <TaskInstance: AUTOMATISATION.demarre_ELK scheduled__2023-03-13T00:00:39+00:00 [queued]>
[2023-03-15T07:11:21.573+0000] {taskinstance.py:1083} INFO - Dependencies all met for <TaskInstance: AUTOMATISATION.demarre_ELK scheduled__2023-03-13T00:00:39+00:00 [queued]>
[2023-03-15T07:11:21.573+0000] {taskinstance.py:1279} INFO - 
--------------------------------------------------------------------------------
[2023-03-15T07:11:21.573+0000] {taskinstance.py:1280} INFO - Starting attempt 1 of 2
[2023-03-15T07:11:21.573+0000] {taskinstance.py:1281} INFO - 
--------------------------------------------------------------------------------
[2023-03-15T07:11:21.585+0000] {taskinstance.py:1300} INFO - Executing <Task(BashOperator): demarre_ELK> on 2023-03-13 00:00:39+00:00
[2023-03-15T07:11:21.587+0000] {standard_task_runner.py:55} INFO - Started process 118380 to run task
[2023-03-15T07:11:21.589+0000] {standard_task_runner.py:82} INFO - Running: ['airflow', 'tasks', 'run', 'AUTOMATISATION', 'demarre_ELK', 'scheduled__2023-03-13T00:00:39+00:00', '--job-id', '671', '--raw', '--subdir', 'DAGS_FOLDER/main.py', '--cfg-path', '/tmp/tmpdzzgcm9n']
[2023-03-15T07:11:21.589+0000] {standard_task_runner.py:83} INFO - Job 671: Subtask demarre_ELK
[2023-03-15T07:11:21.617+0000] {task_command.py:388} INFO - Running <TaskInstance: AUTOMATISATION.demarre_ELK scheduled__2023-03-13T00:00:39+00:00 [running]> on host dev
[2023-03-15T07:11:21.651+0000] {taskinstance.py:1507} INFO - Exporting the following env vars:
AIRFLOW_CTX_DAG_OWNER=airflow
AIRFLOW_CTX_DAG_ID=AUTOMATISATION
AIRFLOW_CTX_TASK_ID=demarre_ELK
AIRFLOW_CTX_EXECUTION_DATE=2023-03-13T00:00:39+00:00
AIRFLOW_CTX_TRY_NUMBER=1
AIRFLOW_CTX_DAG_RUN_ID=scheduled__2023-03-13T00:00:39+00:00
[2023-03-15T07:11:21.652+0000] {subprocess.py:63} INFO - Tmp dir root location: 
 /tmp
[2023-03-15T07:11:21.652+0000] {subprocess.py:75} INFO - Running command: ['/usr/bin/bash', '-c', 'docker-compose -f /home/dev/soute/ELK/docker-compose.yml up -d']
[2023-03-15T07:11:21.656+0000] {subprocess.py:86} INFO - Output:
[2023-03-15T07:11:21.950+0000] {subprocess.py:93} INFO - elasticsearch is up-to-date
[2023-03-15T07:11:21.950+0000] {subprocess.py:93} INFO - kibana is up-to-date
[2023-03-15T07:11:21.971+0000] {subprocess.py:97} INFO - Command exited with return code 0
[2023-03-15T07:11:21.985+0000] {taskinstance.py:1318} INFO - Marking task as SUCCESS. dag_id=AUTOMATISATION, task_id=demarre_ELK, execution_date=20230313T000039, start_date=20230315T071121, end_date=20230315T071121
[2023-03-15T07:11:22.001+0000] {local_task_job.py:208} INFO - Task exited with return code 0
[2023-03-15T07:11:22.014+0000] {taskinstance.py:2578} INFO - 1 downstream tasks scheduled from follow-on schedule check
