[2023-03-13T23:33:37.249+0000] {taskinstance.py:1083} INFO - Dependencies all met for <TaskInstance: AUTOMATISATION.Chargement_des_données_in_ELK scheduled__2023-03-13T00:04:51+00:00 [queued]>
[2023-03-13T23:33:37.261+0000] {taskinstance.py:1083} INFO - Dependencies all met for <TaskInstance: AUTOMATISATION.Chargement_des_données_in_ELK scheduled__2023-03-13T00:04:51+00:00 [queued]>
[2023-03-13T23:33:37.262+0000] {taskinstance.py:1279} INFO - 
--------------------------------------------------------------------------------
[2023-03-13T23:33:37.262+0000] {taskinstance.py:1280} INFO - Starting attempt 1 of 4
[2023-03-13T23:33:37.262+0000] {taskinstance.py:1281} INFO - 
--------------------------------------------------------------------------------
[2023-03-13T23:33:37.285+0000] {taskinstance.py:1300} INFO - Executing <Task(BashOperator): Chargement_des_données_in_ELK> on 2023-03-13 00:04:51+00:00
[2023-03-13T23:33:37.288+0000] {standard_task_runner.py:55} INFO - Started process 87481 to run task
[2023-03-13T23:33:37.292+0000] {standard_task_runner.py:82} INFO - Running: ['airflow', 'tasks', 'run', 'AUTOMATISATION', 'Chargement_des_données_in_ELK', 'scheduled__2023-03-13T00:04:51+00:00', '--job-id', '473', '--raw', '--subdir', 'DAGS_FOLDER/main.py', '--cfg-path', '/tmp/tmp292bdupb']
[2023-03-13T23:33:37.294+0000] {standard_task_runner.py:83} INFO - Job 473: Subtask Chargement_des_données_in_ELK
[2023-03-13T23:33:37.363+0000] {task_command.py:388} INFO - Running <TaskInstance: AUTOMATISATION.Chargement_des_données_in_ELK scheduled__2023-03-13T00:04:51+00:00 [running]> on host dev
[2023-03-13T23:33:37.460+0000] {taskinstance.py:1507} INFO - Exporting the following env vars:
AIRFLOW_CTX_DAG_OWNER=airflow
AIRFLOW_CTX_DAG_ID=AUTOMATISATION
AIRFLOW_CTX_TASK_ID=Chargement_des_données_in_ELK
AIRFLOW_CTX_EXECUTION_DATE=2023-03-13T00:04:51+00:00
AIRFLOW_CTX_TRY_NUMBER=1
AIRFLOW_CTX_DAG_RUN_ID=scheduled__2023-03-13T00:04:51+00:00
[2023-03-13T23:33:37.462+0000] {subprocess.py:63} INFO - Tmp dir root location: 
 /tmp
[2023-03-13T23:33:37.462+0000] {subprocess.py:75} INFO - Running command: ['/usr/bin/bash', '-c', 'echo dev | sudo -S /usr/share/logstash/bin/logstash --path.settings=/etc/logstash/ -f /etc/logstash/conf.d/data.conf']
[2023-03-13T23:33:37.471+0000] {subprocess.py:86} INFO - Output:
[2023-03-13T23:33:37.571+0000] {subprocess.py:93} INFO - [sudo] Mot de passe de dev : Using bundled JDK: /usr/share/logstash/jdk
[2023-03-13T23:33:37.833+0000] {subprocess.py:93} INFO - OpenJDK 64-Bit Server VM warning: Option UseConcMarkSweepGC was deprecated in version 9.0 and will likely be removed in a future release.
[2023-03-13T23:34:03.556+0000] {subprocess.py:93} INFO - Sending Logstash logs to /var/log/logstash which is now configured via log4j2.properties
[2023-03-13T23:34:03.688+0000] {subprocess.py:93} INFO - [2023-03-13T23:34:03,685][INFO ][logstash.runner          ] Log4j configuration path used is: /etc/logstash/log4j2.properties
[2023-03-13T23:34:03.700+0000] {subprocess.py:93} INFO - [2023-03-13T23:34:03,700][INFO ][logstash.runner          ] Starting Logstash {"logstash.version"=>"7.15.2", "jruby.version"=>"jruby 9.2.19.0 (2.5.8) 2021-06-15 55810c552b OpenJDK 64-Bit Server VM 11.0.12+7 on 11.0.12+7 +indy +jit [linux-x86_64]"}
[2023-03-13T23:34:04.212+0000] {subprocess.py:93} INFO - [2023-03-13T23:34:04,212][WARN ][logstash.config.source.multilocal] Ignoring the 'pipelines.yml' file because modules or command line options are specified
[2023-03-13T23:34:06.221+0000] {subprocess.py:93} INFO - [2023-03-13T23:34:06,220][INFO ][logstash.agent           ] Successfully started Logstash API endpoint {:port=>9600}
[2023-03-13T23:34:07.239+0000] {subprocess.py:93} INFO - [2023-03-13T23:34:07,239][INFO ][org.reflections.Reflections] Reflections took 200 ms to scan 1 urls, producing 120 keys and 417 values
[2023-03-13T23:34:09.032+0000] {subprocess.py:93} INFO - [2023-03-13T23:34:09,031][INFO ][logstash.outputs.elasticsearch][main] New Elasticsearch output {:class=>"LogStash::Outputs::ElasticSearch", :hosts=>["//localhost:9200"]}
[2023-03-13T23:34:09.671+0000] {subprocess.py:93} INFO - [2023-03-13T23:34:09,656][INFO ][logstash.outputs.elasticsearch][main] Elasticsearch pool URLs updated {:changes=>{:removed=>[], :added=>[http://localhost:9200/]}}
[2023-03-13T23:34:10.059+0000] {subprocess.py:93} INFO - [2023-03-13T23:34:10,056][WARN ][logstash.outputs.elasticsearch][main] Restored connection to ES instance {:url=>"http://localhost:9200/"}
[2023-03-13T23:34:10.141+0000] {subprocess.py:93} INFO - [2023-03-13T23:34:10,141][INFO ][logstash.outputs.elasticsearch][main] Elasticsearch version determined (7.15.2) {:es_version=>7}
[2023-03-13T23:34:10.147+0000] {subprocess.py:93} INFO - [2023-03-13T23:34:10,147][WARN ][logstash.outputs.elasticsearch][main] Detected a 6.x and above cluster: the `type` event field won't be used to determine the document _type {:es_version=>7}
[2023-03-13T23:34:10.435+0000] {subprocess.py:93} INFO - [2023-03-13T23:34:10,435][INFO ][logstash.outputs.elasticsearch][main] Using a default mapping template {:es_version=>7, :ecs_compatibility=>:disabled}
[2023-03-13T23:34:10.522+0000] {subprocess.py:93} INFO - [2023-03-13T23:34:10,522][INFO ][logstash.javapipeline    ][main] Starting pipeline {:pipeline_id=>"main", "pipeline.workers"=>8, "pipeline.batch.size"=>125, "pipeline.batch.delay"=>50, "pipeline.max_inflight"=>1000, "pipeline.sources"=>["/etc/logstash/conf.d/data.conf"], :thread=>"#<Thread:0x5e990a50 run>"}
[2023-03-13T23:34:11.949+0000] {subprocess.py:93} INFO - [2023-03-13T23:34:11,949][INFO ][logstash.javapipeline    ][main] Pipeline Java execution initialization time {"seconds"=>1.42}
[2023-03-13T23:34:12.149+0000] {subprocess.py:93} INFO - [2023-03-13T23:34:12,148][INFO ][logstash.javapipeline    ][main] Pipeline started {"pipeline.id"=>"main"}
[2023-03-13T23:34:12.298+0000] {subprocess.py:93} INFO - [2023-03-13T23:34:12,297][INFO ][logstash.agent           ] Pipelines running {:count=>1, :running_pipelines=>[:main], :non_running_pipelines=>[]}
[2023-03-13T23:34:14.365+0000] {subprocess.py:93} INFO - [2023-03-13T23:34:14,364][INFO ][logstash.inputs.jdbc     ][main][afa454a497099ce3438919c7cfc7ae10a3b3980082608321cda443e0b5f70dbd] (0.032050s) SELECT CAST(current_setting('server_version_num') AS integer) AS v
[2023-03-13T23:34:14.699+0000] {subprocess.py:93} INFO - [2023-03-13T23:34:14,695][INFO ][logstash.inputs.jdbc     ][main][afa454a497099ce3438919c7cfc7ae10a3b3980082608321cda443e0b5f70dbd] (0.126309s) SELECT count(*) AS "count" FROM (SELECT * FROM customers) AS "t1" LIMIT 1
[2023-03-13T23:34:15.442+0000] {subprocess.py:93} INFO - [2023-03-13T23:34:15,442][INFO ][logstash.inputs.jdbc     ][main][afa454a497099ce3438919c7cfc7ae10a3b3980082608321cda443e0b5f70dbd] (0.704368s) SELECT * FROM (SELECT * FROM customers) AS "t1" LIMIT 50000 OFFSET 0
[2023-03-13T23:34:25.305+0000] {subprocess.py:93} INFO - [2023-03-13T23:34:25,304][INFO ][logstash.inputs.jdbc     ][main][afa454a497099ce3438919c7cfc7ae10a3b3980082608321cda443e0b5f70dbd] (0.414492s) SELECT * FROM (SELECT * FROM customers) AS "t1" LIMIT 50000 OFFSET 50000
[2023-03-13T23:34:33.447+0000] {subprocess.py:93} INFO - [2023-03-13T23:34:33,446][INFO ][logstash.inputs.jdbc     ][main][afa454a497099ce3438919c7cfc7ae10a3b3980082608321cda443e0b5f70dbd] (0.438993s) SELECT * FROM (SELECT * FROM customers) AS "t1" LIMIT 50000 OFFSET 100000
[2023-03-13T23:34:40.938+0000] {subprocess.py:93} INFO - [2023-03-13T23:34:40,938][INFO ][logstash.inputs.jdbc     ][main][afa454a497099ce3438919c7cfc7ae10a3b3980082608321cda443e0b5f70dbd] (0.380487s) SELECT * FROM (SELECT * FROM customers) AS "t1" LIMIT 50000 OFFSET 150000
[2023-03-13T23:34:47.705+0000] {subprocess.py:93} INFO - [2023-03-13T23:34:47,705][INFO ][logstash.inputs.jdbc     ][main][afa454a497099ce3438919c7cfc7ae10a3b3980082608321cda443e0b5f70dbd] (0.425171s) SELECT * FROM (SELECT * FROM customers) AS "t1" LIMIT 50000 OFFSET 200000
[2023-03-13T23:34:55.607+0000] {subprocess.py:93} INFO - [2023-03-13T23:34:55,607][INFO ][logstash.inputs.jdbc     ][main][afa454a497099ce3438919c7cfc7ae10a3b3980082608321cda443e0b5f70dbd] (0.737871s) SELECT * FROM (SELECT * FROM customers) AS "t1" LIMIT 50000 OFFSET 250000
[2023-03-13T23:34:59.484+0000] {subprocess.py:93} INFO - [2023-03-13T23:34:59,483][INFO ][logstash.inputs.jdbc     ][main][afa454a497099ce3438919c7cfc7ae10a3b3980082608321cda443e0b5f70dbd] (0.119500s) SELECT * FROM (SELECT * FROM customers) AS "t1" LIMIT 50000 OFFSET 300000
[2023-03-13T23:35:05.325+0000] {subprocess.py:93} INFO - [2023-03-13T23:35:05,324][INFO ][logstash.inputs.jdbc     ][main][afa454a497099ce3438919c7cfc7ae10a3b3980082608321cda443e0b5f70dbd] (0.152149s) SELECT * FROM (SELECT * FROM customers) AS "t1" LIMIT 50000 OFFSET 350000
[2023-03-13T23:35:07.943+0000] {subprocess.py:93} INFO - [2023-03-13T23:35:07,943][INFO ][logstash.inputs.jdbc     ][main][afa454a497099ce3438919c7cfc7ae10a3b3980082608321cda443e0b5f70dbd] (0.161047s) SELECT * FROM (SELECT * FROM customers) AS "t1" LIMIT 50000 OFFSET 400000
[2023-03-13T23:35:10.456+0000] {subprocess.py:93} INFO - [2023-03-13T23:35:10,456][INFO ][logstash.inputs.jdbc     ][main][afa454a497099ce3438919c7cfc7ae10a3b3980082608321cda443e0b5f70dbd] (0.156790s) SELECT * FROM (SELECT * FROM customers) AS "t1" LIMIT 50000 OFFSET 450000
[2023-03-13T23:35:13.795+0000] {subprocess.py:93} INFO - [2023-03-13T23:35:13,795][INFO ][logstash.inputs.jdbc     ][main][afa454a497099ce3438919c7cfc7ae10a3b3980082608321cda443e0b5f70dbd] (0.189616s) SELECT * FROM (SELECT * FROM customers) AS "t1" LIMIT 50000 OFFSET 500000
[2023-03-13T23:35:17.347+0000] {subprocess.py:93} INFO - [2023-03-13T23:35:17,347][INFO ][logstash.inputs.jdbc     ][main][afa454a497099ce3438919c7cfc7ae10a3b3980082608321cda443e0b5f70dbd] (0.218443s) SELECT * FROM (SELECT * FROM customers) AS "t1" LIMIT 50000 OFFSET 550000
[2023-03-13T23:35:20.448+0000] {subprocess.py:93} INFO - [2023-03-13T23:35:20,448][INFO ][logstash.inputs.jdbc     ][main][afa454a497099ce3438919c7cfc7ae10a3b3980082608321cda443e0b5f70dbd] (0.171655s) SELECT * FROM (SELECT * FROM customers) AS "t1" LIMIT 50000 OFFSET 600000
[2023-03-13T23:35:22.977+0000] {subprocess.py:93} INFO - [2023-03-13T23:35:22,976][INFO ][logstash.inputs.jdbc     ][main][afa454a497099ce3438919c7cfc7ae10a3b3980082608321cda443e0b5f70dbd] (0.134723s) SELECT * FROM (SELECT * FROM customers) AS "t1" LIMIT 50000 OFFSET 650000
[2023-03-13T23:35:25.776+0000] {subprocess.py:93} INFO - [2023-03-13T23:35:25,776][INFO ][logstash.inputs.jdbc     ][main][afa454a497099ce3438919c7cfc7ae10a3b3980082608321cda443e0b5f70dbd] (0.143819s) SELECT * FROM (SELECT * FROM customers) AS "t1" LIMIT 50000 OFFSET 700000
[2023-03-13T23:35:28.707+0000] {subprocess.py:93} INFO - [2023-03-13T23:35:28,707][INFO ][logstash.inputs.jdbc     ][main][afa454a497099ce3438919c7cfc7ae10a3b3980082608321cda443e0b5f70dbd] (0.158141s) SELECT * FROM (SELECT * FROM customers) AS "t1" LIMIT 50000 OFFSET 750000
[2023-03-13T23:35:31.182+0000] {subprocess.py:93} INFO - [2023-03-13T23:35:31,181][INFO ][logstash.inputs.jdbc     ][main][afa454a497099ce3438919c7cfc7ae10a3b3980082608321cda443e0b5f70dbd] (0.169251s) SELECT * FROM (SELECT * FROM customers) AS "t1" LIMIT 50000 OFFSET 800000
[2023-03-13T23:35:33.869+0000] {subprocess.py:93} INFO - [2023-03-13T23:35:33,869][INFO ][logstash.inputs.jdbc     ][main][afa454a497099ce3438919c7cfc7ae10a3b3980082608321cda443e0b5f70dbd] (0.181817s) SELECT * FROM (SELECT * FROM customers) AS "t1" LIMIT 50000 OFFSET 850000
[2023-03-13T23:35:36.410+0000] {subprocess.py:93} INFO - [2023-03-13T23:35:36,410][INFO ][logstash.inputs.jdbc     ][main][afa454a497099ce3438919c7cfc7ae10a3b3980082608321cda443e0b5f70dbd] (0.174533s) SELECT * FROM (SELECT * FROM customers) AS "t1" LIMIT 50000 OFFSET 900000
[2023-03-13T23:35:39.381+0000] {subprocess.py:93} INFO - [2023-03-13T23:35:39,380][INFO ][logstash.inputs.jdbc     ][main][afa454a497099ce3438919c7cfc7ae10a3b3980082608321cda443e0b5f70dbd] (0.154617s) SELECT * FROM (SELECT * FROM customers) AS "t1" LIMIT 50000 OFFSET 950000
[2023-03-13T23:35:42.574+0000] {subprocess.py:93} INFO - [2023-03-13T23:35:42,574][INFO ][logstash.inputs.jdbc     ][main][afa454a497099ce3438919c7cfc7ae10a3b3980082608321cda443e0b5f70dbd] (0.162126s) SELECT * FROM (SELECT * FROM customers) AS "t1" LIMIT 50000 OFFSET 1000000
[2023-03-13T23:35:45.588+0000] {subprocess.py:93} INFO - [2023-03-13T23:35:45,588][INFO ][logstash.inputs.jdbc     ][main][afa454a497099ce3438919c7cfc7ae10a3b3980082608321cda443e0b5f70dbd] (0.191810s) SELECT * FROM (SELECT * FROM customers) AS "t1" LIMIT 50000 OFFSET 1050000
[2023-03-13T23:35:48.763+0000] {subprocess.py:93} INFO - [2023-03-13T23:35:48,763][INFO ][logstash.inputs.jdbc     ][main][afa454a497099ce3438919c7cfc7ae10a3b3980082608321cda443e0b5f70dbd] (0.164229s) SELECT * FROM (SELECT * FROM customers) AS "t1" LIMIT 50000 OFFSET 1100000
[2023-03-13T23:35:51.560+0000] {subprocess.py:93} INFO - [2023-03-13T23:35:51,559][INFO ][logstash.inputs.jdbc     ][main][afa454a497099ce3438919c7cfc7ae10a3b3980082608321cda443e0b5f70dbd] (0.153613s) SELECT * FROM (SELECT * FROM customers) AS "t1" LIMIT 50000 OFFSET 1150000
[2023-03-13T23:35:54.430+0000] {subprocess.py:93} INFO - [2023-03-13T23:35:54,429][INFO ][logstash.javapipeline    ][main] Pipeline terminated {"pipeline.id"=>"main"}
[2023-03-13T23:35:54.527+0000] {subprocess.py:93} INFO - [2023-03-13T23:35:54,527][INFO ][logstash.pipelinesregistry] Removed pipeline from registry successfully {:pipeline_id=>:main}
[2023-03-13T23:35:54.572+0000] {subprocess.py:93} INFO - [2023-03-13T23:35:54,572][INFO ][logstash.runner          ] Logstash shut down.
[2023-03-13T23:35:54.809+0000] {subprocess.py:97} INFO - Command exited with return code 0
[2023-03-13T23:35:54.847+0000] {taskinstance.py:1318} INFO - Marking task as SUCCESS. dag_id=AUTOMATISATION, task_id=Chargement_des_données_in_ELK, execution_date=20230313T000451, start_date=20230313T233337, end_date=20230313T233554
[2023-03-13T23:35:54.927+0000] {local_task_job.py:208} INFO - Task exited with return code 0
[2023-03-13T23:35:54.940+0000] {taskinstance.py:2578} INFO - 0 downstream tasks scheduled from follow-on schedule check
[2023-03-15T07:42:11.646+0000] {taskinstance.py:1083} INFO - Dependencies all met for <TaskInstance: AUTOMATISATION.Chargement_des_données_in_ELK scheduled__2023-03-13T00:04:51+00:00 [queued]>
[2023-03-15T07:42:11.651+0000] {taskinstance.py:1083} INFO - Dependencies all met for <TaskInstance: AUTOMATISATION.Chargement_des_données_in_ELK scheduled__2023-03-13T00:04:51+00:00 [queued]>
[2023-03-15T07:42:11.651+0000] {taskinstance.py:1279} INFO - 
--------------------------------------------------------------------------------
[2023-03-15T07:42:11.651+0000] {taskinstance.py:1280} INFO - Starting attempt 1 of 4
[2023-03-15T07:42:11.651+0000] {taskinstance.py:1281} INFO - 
--------------------------------------------------------------------------------
[2023-03-15T07:42:11.661+0000] {taskinstance.py:1300} INFO - Executing <Task(BashOperator): Chargement_des_données_in_ELK> on 2023-03-13 00:04:51+00:00
[2023-03-15T07:42:11.663+0000] {standard_task_runner.py:55} INFO - Started process 137105 to run task
[2023-03-15T07:42:11.665+0000] {standard_task_runner.py:82} INFO - Running: ['airflow', 'tasks', 'run', 'AUTOMATISATION', 'Chargement_des_données_in_ELK', 'scheduled__2023-03-13T00:04:51+00:00', '--job-id', '843', '--raw', '--subdir', 'DAGS_FOLDER/main.py', '--cfg-path', '/tmp/tmppsxitz9t']
[2023-03-15T07:42:11.665+0000] {standard_task_runner.py:83} INFO - Job 843: Subtask Chargement_des_données_in_ELK
[2023-03-15T07:42:11.693+0000] {task_command.py:388} INFO - Running <TaskInstance: AUTOMATISATION.Chargement_des_données_in_ELK scheduled__2023-03-13T00:04:51+00:00 [running]> on host dev
[2023-03-15T07:42:11.728+0000] {taskinstance.py:1507} INFO - Exporting the following env vars:
AIRFLOW_CTX_DAG_OWNER=airflow
AIRFLOW_CTX_DAG_ID=AUTOMATISATION
AIRFLOW_CTX_TASK_ID=Chargement_des_données_in_ELK
AIRFLOW_CTX_EXECUTION_DATE=2023-03-13T00:04:51+00:00
AIRFLOW_CTX_TRY_NUMBER=1
AIRFLOW_CTX_DAG_RUN_ID=scheduled__2023-03-13T00:04:51+00:00
[2023-03-15T07:42:11.729+0000] {subprocess.py:63} INFO - Tmp dir root location: 
 /tmp
[2023-03-15T07:42:11.729+0000] {subprocess.py:75} INFO - Running command: ['/usr/bin/bash', '-c', 'echo dev | sudo -S /usr/share/logstash/bin/logstash --path.settings=/etc/logstash/ -f /etc/logstash/conf.d/data.conf']
[2023-03-15T07:42:11.733+0000] {subprocess.py:86} INFO - Output:
[2023-03-15T07:42:11.767+0000] {subprocess.py:93} INFO - [sudo] Mot de passe de dev : Using bundled JDK: /usr/share/logstash/jdk
[2023-03-15T07:42:11.893+0000] {subprocess.py:93} INFO - OpenJDK 64-Bit Server VM warning: Option UseConcMarkSweepGC was deprecated in version 9.0 and will likely be removed in a future release.
[2023-03-15T07:42:22.937+0000] {subprocess.py:93} INFO - Sending Logstash logs to /var/log/logstash which is now configured via log4j2.properties
[2023-03-15T07:42:22.990+0000] {subprocess.py:93} INFO - [2023-03-15T07:42:22,988][INFO ][logstash.runner          ] Log4j configuration path used is: /etc/logstash/log4j2.properties
[2023-03-15T07:42:22.995+0000] {subprocess.py:93} INFO - [2023-03-15T07:42:22,995][INFO ][logstash.runner          ] Starting Logstash {"logstash.version"=>"7.15.2", "jruby.version"=>"jruby 9.2.19.0 (2.5.8) 2021-06-15 55810c552b OpenJDK 64-Bit Server VM 11.0.12+7 on 11.0.12+7 +indy +jit [linux-x86_64]"}
[2023-03-15T07:42:23.243+0000] {subprocess.py:93} INFO - [2023-03-15T07:42:23,243][WARN ][logstash.config.source.multilocal] Ignoring the 'pipelines.yml' file because modules or command line options are specified
[2023-03-15T07:42:23.994+0000] {subprocess.py:93} INFO - [2023-03-15T07:42:23,993][INFO ][logstash.agent           ] Successfully started Logstash API endpoint {:port=>9600}
[2023-03-15T07:42:24.448+0000] {subprocess.py:93} INFO - [2023-03-15T07:42:24,448][INFO ][org.reflections.Reflections] Reflections took 61 ms to scan 1 urls, producing 120 keys and 417 values
[2023-03-15T07:42:25.308+0000] {subprocess.py:93} INFO - [2023-03-15T07:42:25,307][INFO ][logstash.outputs.elasticsearch][main] New Elasticsearch output {:class=>"LogStash::Outputs::ElasticSearch", :hosts=>["//localhost:9200"]}
[2023-03-15T07:42:25.530+0000] {subprocess.py:93} INFO - [2023-03-15T07:42:25,529][INFO ][logstash.outputs.elasticsearch][main] Elasticsearch pool URLs updated {:changes=>{:removed=>[], :added=>[http://localhost:9200/]}}
[2023-03-15T07:42:25.636+0000] {subprocess.py:93} INFO - [2023-03-15T07:42:25,635][WARN ][logstash.outputs.elasticsearch][main] Restored connection to ES instance {:url=>"http://localhost:9200/"}
[2023-03-15T07:42:25.674+0000] {subprocess.py:93} INFO - [2023-03-15T07:42:25,674][INFO ][logstash.outputs.elasticsearch][main] Elasticsearch version determined (7.15.2) {:es_version=>7}
[2023-03-15T07:42:25.676+0000] {subprocess.py:93} INFO - [2023-03-15T07:42:25,676][WARN ][logstash.outputs.elasticsearch][main] Detected a 6.x and above cluster: the `type` event field won't be used to determine the document _type {:es_version=>7}
[2023-03-15T07:42:25.759+0000] {subprocess.py:93} INFO - [2023-03-15T07:42:25,759][INFO ][logstash.outputs.elasticsearch][main] Using a default mapping template {:es_version=>7, :ecs_compatibility=>:disabled}
[2023-03-15T07:42:25.795+0000] {subprocess.py:93} INFO - [2023-03-15T07:42:25,795][INFO ][logstash.javapipeline    ][main] Starting pipeline {:pipeline_id=>"main", "pipeline.workers"=>8, "pipeline.batch.size"=>125, "pipeline.batch.delay"=>50, "pipeline.max_inflight"=>1000, "pipeline.sources"=>["/etc/logstash/conf.d/data.conf"], :thread=>"#<Thread:0x639e1bc3 run>"}
[2023-03-15T07:42:26.314+0000] {subprocess.py:93} INFO - [2023-03-15T07:42:26,314][INFO ][logstash.javapipeline    ][main] Pipeline Java execution initialization time {"seconds"=>0.52}
[2023-03-15T07:42:26.368+0000] {subprocess.py:93} INFO - [2023-03-15T07:42:26,368][INFO ][logstash.javapipeline    ][main] Pipeline started {"pipeline.id"=>"main"}
[2023-03-15T07:42:26.422+0000] {subprocess.py:93} INFO - [2023-03-15T07:42:26,422][INFO ][logstash.agent           ] Pipelines running {:count=>1, :running_pipelines=>[:main], :non_running_pipelines=>[]}
[2023-03-15T07:42:27.112+0000] {subprocess.py:93} INFO - [2023-03-15T07:42:27,112][INFO ][logstash.inputs.jdbc     ][main][afa454a497099ce3438919c7cfc7ae10a3b3980082608321cda443e0b5f70dbd] (0.012340s) SELECT CAST(current_setting('server_version_num') AS integer) AS v
[2023-03-15T07:42:27.198+0000] {subprocess.py:93} INFO - [2023-03-15T07:42:27,198][INFO ][logstash.inputs.jdbc     ][main][afa454a497099ce3438919c7cfc7ae10a3b3980082608321cda443e0b5f70dbd] (0.001852s) SELECT count(*) AS "count" FROM (SELECT * FROM customers) AS "t1" LIMIT 1
[2023-03-15T07:42:27.723+0000] {subprocess.py:93} INFO - [2023-03-15T07:42:27,722][INFO ][logstash.javapipeline    ][main] Pipeline terminated {"pipeline.id"=>"main"}
[2023-03-15T07:42:27.972+0000] {subprocess.py:93} INFO - [2023-03-15T07:42:27,972][INFO ][logstash.pipelinesregistry] Removed pipeline from registry successfully {:pipeline_id=>:main}
[2023-03-15T07:42:27.995+0000] {subprocess.py:93} INFO - [2023-03-15T07:42:27,995][INFO ][logstash.runner          ] Logstash shut down.
[2023-03-15T07:42:28.052+0000] {subprocess.py:97} INFO - Command exited with return code 0
[2023-03-15T07:42:28.064+0000] {taskinstance.py:1318} INFO - Marking task as SUCCESS. dag_id=AUTOMATISATION, task_id=Chargement_des_données_in_ELK, execution_date=20230313T000451, start_date=20230315T074211, end_date=20230315T074228
[2023-03-15T07:42:28.099+0000] {local_task_job.py:208} INFO - Task exited with return code 0
[2023-03-15T07:42:28.112+0000] {taskinstance.py:2578} INFO - 0 downstream tasks scheduled from follow-on schedule check
