[2023-03-13T19:36:00.793+0000] {taskinstance.py:1083} INFO - Dependencies all met for <TaskInstance: AUTOMATISATION.Chargement_des_données_in_ELK scheduled__2023-03-13T00:00:24+00:00 [queued]>
[2023-03-13T19:36:00.807+0000] {taskinstance.py:1083} INFO - Dependencies all met for <TaskInstance: AUTOMATISATION.Chargement_des_données_in_ELK scheduled__2023-03-13T00:00:24+00:00 [queued]>
[2023-03-13T19:36:00.808+0000] {taskinstance.py:1279} INFO - 
--------------------------------------------------------------------------------
[2023-03-13T19:36:00.808+0000] {taskinstance.py:1280} INFO - Starting attempt 2 of 4
[2023-03-13T19:36:00.808+0000] {taskinstance.py:1281} INFO - 
--------------------------------------------------------------------------------
[2023-03-13T19:36:00.830+0000] {taskinstance.py:1300} INFO - Executing <Task(BashOperator): Chargement_des_données_in_ELK> on 2023-03-13 00:00:24+00:00
[2023-03-13T19:36:00.834+0000] {standard_task_runner.py:55} INFO - Started process 35953 to run task
[2023-03-13T19:36:00.838+0000] {standard_task_runner.py:82} INFO - Running: ['airflow', 'tasks', 'run', 'AUTOMATISATION', 'Chargement_des_données_in_ELK', 'scheduled__2023-03-13T00:00:24+00:00', '--job-id', '44', '--raw', '--subdir', 'DAGS_FOLDER/main.py', '--cfg-path', '/tmp/tmpaoxul68v']
[2023-03-13T19:36:00.840+0000] {standard_task_runner.py:83} INFO - Job 44: Subtask Chargement_des_données_in_ELK
[2023-03-13T19:36:00.907+0000] {task_command.py:388} INFO - Running <TaskInstance: AUTOMATISATION.Chargement_des_données_in_ELK scheduled__2023-03-13T00:00:24+00:00 [running]> on host dev
[2023-03-13T19:36:00.972+0000] {taskinstance.py:1507} INFO - Exporting the following env vars:
AIRFLOW_CTX_DAG_OWNER=airflow
AIRFLOW_CTX_DAG_ID=AUTOMATISATION
AIRFLOW_CTX_TASK_ID=Chargement_des_données_in_ELK
AIRFLOW_CTX_EXECUTION_DATE=2023-03-13T00:00:24+00:00
AIRFLOW_CTX_TRY_NUMBER=2
AIRFLOW_CTX_DAG_RUN_ID=scheduled__2023-03-13T00:00:24+00:00
[2023-03-13T19:36:00.974+0000] {subprocess.py:63} INFO - Tmp dir root location: 
 /tmp
[2023-03-13T19:36:00.974+0000] {subprocess.py:75} INFO - Running command: ['/usr/bin/bash', '-c', '/usr/bin/logstash --path.config /etc/logstash/conf.d/data.conf']
[2023-03-13T19:36:00.983+0000] {subprocess.py:86} INFO - Output:
[2023-03-13T19:36:00.985+0000] {subprocess.py:93} INFO - /usr/bin/bash: ligne 1: /usr/bin/logstash: Aucun fichier ou dossier de ce type
[2023-03-13T19:36:00.985+0000] {subprocess.py:97} INFO - Command exited with return code 127
[2023-03-13T19:36:00.995+0000] {taskinstance.py:1768} ERROR - Task failed with exception
Traceback (most recent call last):
  File "/home/dev/airflow/airflow/lib/python3.10/site-packages/airflow/operators/bash.py", line 196, in execute
    raise AirflowException(
airflow.exceptions.AirflowException: Bash command failed. The command returned a non-zero exit code 127.
[2023-03-13T19:36:01.000+0000] {taskinstance.py:1318} INFO - Marking task as UP_FOR_RETRY. dag_id=AUTOMATISATION, task_id=Chargement_des_données_in_ELK, execution_date=20230313T000024, start_date=20230313T193600, end_date=20230313T193600
[2023-03-13T19:36:01.018+0000] {standard_task_runner.py:100} ERROR - Failed to execute job 44 for task Chargement_des_données_in_ELK (Bash command failed. The command returned a non-zero exit code 127.; 35953)
[2023-03-13T19:36:01.049+0000] {local_task_job.py:208} INFO - Task exited with return code 1
[2023-03-13T19:36:01.069+0000] {taskinstance.py:2578} INFO - 0 downstream tasks scheduled from follow-on schedule check
[2023-03-13T19:46:34.966+0000] {taskinstance.py:1083} INFO - Dependencies all met for <TaskInstance: AUTOMATISATION.Chargement_des_données_in_ELK scheduled__2023-03-13T00:00:24+00:00 [queued]>
[2023-03-13T19:46:34.983+0000] {taskinstance.py:1083} INFO - Dependencies all met for <TaskInstance: AUTOMATISATION.Chargement_des_données_in_ELK scheduled__2023-03-13T00:00:24+00:00 [queued]>
[2023-03-13T19:46:34.983+0000] {taskinstance.py:1279} INFO - 
--------------------------------------------------------------------------------
[2023-03-13T19:46:34.983+0000] {taskinstance.py:1280} INFO - Starting attempt 2 of 4
[2023-03-13T19:46:34.984+0000] {taskinstance.py:1281} INFO - 
--------------------------------------------------------------------------------
[2023-03-13T19:46:35.014+0000] {taskinstance.py:1300} INFO - Executing <Task(BashOperator): Chargement_des_données_in_ELK> on 2023-03-13 00:00:24+00:00
[2023-03-13T19:46:35.019+0000] {standard_task_runner.py:55} INFO - Started process 37872 to run task
[2023-03-13T19:46:35.024+0000] {standard_task_runner.py:82} INFO - Running: ['airflow', 'tasks', 'run', 'AUTOMATISATION', 'Chargement_des_données_in_ELK', 'scheduled__2023-03-13T00:00:24+00:00', '--job-id', '92', '--raw', '--subdir', 'DAGS_FOLDER/main.py', '--cfg-path', '/tmp/tmpb555f6es']
[2023-03-13T19:46:35.026+0000] {standard_task_runner.py:83} INFO - Job 92: Subtask Chargement_des_données_in_ELK
[2023-03-13T19:46:35.118+0000] {task_command.py:388} INFO - Running <TaskInstance: AUTOMATISATION.Chargement_des_données_in_ELK scheduled__2023-03-13T00:00:24+00:00 [running]> on host dev
[2023-03-13T19:46:35.190+0000] {taskinstance.py:1507} INFO - Exporting the following env vars:
AIRFLOW_CTX_DAG_OWNER=airflow
AIRFLOW_CTX_DAG_ID=AUTOMATISATION
AIRFLOW_CTX_TASK_ID=Chargement_des_données_in_ELK
AIRFLOW_CTX_EXECUTION_DATE=2023-03-13T00:00:24+00:00
AIRFLOW_CTX_TRY_NUMBER=2
AIRFLOW_CTX_DAG_RUN_ID=scheduled__2023-03-13T00:00:24+00:00
[2023-03-13T19:46:35.193+0000] {subprocess.py:63} INFO - Tmp dir root location: 
 /tmp
[2023-03-13T19:46:35.194+0000] {subprocess.py:75} INFO - Running command: ['/usr/bin/bash', '-c', 'bin/logstash --path.config /etc/logstash/conf.d/data.conf']
[2023-03-13T19:46:35.202+0000] {subprocess.py:86} INFO - Output:
[2023-03-13T19:46:35.204+0000] {subprocess.py:93} INFO - /usr/bin/bash: ligne 1: bin/logstash: Aucun fichier ou dossier de ce type
[2023-03-13T19:46:35.204+0000] {subprocess.py:97} INFO - Command exited with return code 127
[2023-03-13T19:46:35.217+0000] {taskinstance.py:1768} ERROR - Task failed with exception
Traceback (most recent call last):
  File "/home/dev/airflow/airflow/lib/python3.10/site-packages/airflow/operators/bash.py", line 196, in execute
    raise AirflowException(
airflow.exceptions.AirflowException: Bash command failed. The command returned a non-zero exit code 127.
[2023-03-13T19:46:35.224+0000] {taskinstance.py:1318} INFO - Marking task as UP_FOR_RETRY. dag_id=AUTOMATISATION, task_id=Chargement_des_données_in_ELK, execution_date=20230313T000024, start_date=20230313T194634, end_date=20230313T194635
[2023-03-13T19:46:35.249+0000] {standard_task_runner.py:100} ERROR - Failed to execute job 92 for task Chargement_des_données_in_ELK (Bash command failed. The command returned a non-zero exit code 127.; 37872)
[2023-03-13T19:46:35.275+0000] {local_task_job.py:208} INFO - Task exited with return code 1
[2023-03-13T19:46:35.296+0000] {taskinstance.py:2578} INFO - 0 downstream tasks scheduled from follow-on schedule check
[2023-03-13T20:08:01.922+0000] {taskinstance.py:1083} INFO - Dependencies all met for <TaskInstance: AUTOMATISATION.Chargement_des_données_in_ELK scheduled__2023-03-13T00:00:24+00:00 [queued]>
[2023-03-13T20:08:01.935+0000] {taskinstance.py:1083} INFO - Dependencies all met for <TaskInstance: AUTOMATISATION.Chargement_des_données_in_ELK scheduled__2023-03-13T00:00:24+00:00 [queued]>
[2023-03-13T20:08:01.935+0000] {taskinstance.py:1279} INFO - 
--------------------------------------------------------------------------------
[2023-03-13T20:08:01.935+0000] {taskinstance.py:1280} INFO - Starting attempt 2 of 4
[2023-03-13T20:08:01.936+0000] {taskinstance.py:1281} INFO - 
--------------------------------------------------------------------------------
[2023-03-13T20:08:01.956+0000] {taskinstance.py:1300} INFO - Executing <Task(BashOperator): Chargement_des_données_in_ELK> on 2023-03-13 00:00:24+00:00
[2023-03-13T20:08:01.960+0000] {standard_task_runner.py:55} INFO - Started process 41751 to run task
[2023-03-13T20:08:01.964+0000] {standard_task_runner.py:82} INFO - Running: ['airflow', 'tasks', 'run', 'AUTOMATISATION', 'Chargement_des_données_in_ELK', 'scheduled__2023-03-13T00:00:24+00:00', '--job-id', '204', '--raw', '--subdir', 'DAGS_FOLDER/main.py', '--cfg-path', '/tmp/tmpl7ou92qx']
[2023-03-13T20:08:01.967+0000] {standard_task_runner.py:83} INFO - Job 204: Subtask Chargement_des_données_in_ELK
[2023-03-13T20:08:02.033+0000] {task_command.py:388} INFO - Running <TaskInstance: AUTOMATISATION.Chargement_des_données_in_ELK scheduled__2023-03-13T00:00:24+00:00 [running]> on host dev
[2023-03-13T20:08:02.098+0000] {taskinstance.py:1507} INFO - Exporting the following env vars:
AIRFLOW_CTX_DAG_OWNER=airflow
AIRFLOW_CTX_DAG_ID=AUTOMATISATION
AIRFLOW_CTX_TASK_ID=Chargement_des_données_in_ELK
AIRFLOW_CTX_EXECUTION_DATE=2023-03-13T00:00:24+00:00
AIRFLOW_CTX_TRY_NUMBER=2
AIRFLOW_CTX_DAG_RUN_ID=scheduled__2023-03-13T00:00:24+00:00
[2023-03-13T20:08:02.100+0000] {subprocess.py:63} INFO - Tmp dir root location: 
 /tmp
[2023-03-13T20:08:02.101+0000] {subprocess.py:75} INFO - Running command: ['/usr/bin/bash', '-c', 'bin/logstash -f /home/dev/etc/logstash/conf.d/data.conf']
[2023-03-13T20:08:02.109+0000] {subprocess.py:86} INFO - Output:
[2023-03-13T20:08:02.111+0000] {subprocess.py:93} INFO - /usr/bin/bash: ligne 1: bin/logstash: Aucun fichier ou dossier de ce type
[2023-03-13T20:08:02.111+0000] {subprocess.py:97} INFO - Command exited with return code 127
[2023-03-13T20:08:02.122+0000] {taskinstance.py:1768} ERROR - Task failed with exception
Traceback (most recent call last):
  File "/home/dev/airflow/airflow/lib/python3.10/site-packages/airflow/operators/bash.py", line 196, in execute
    raise AirflowException(
airflow.exceptions.AirflowException: Bash command failed. The command returned a non-zero exit code 127.
[2023-03-13T20:08:02.127+0000] {taskinstance.py:1318} INFO - Marking task as UP_FOR_RETRY. dag_id=AUTOMATISATION, task_id=Chargement_des_données_in_ELK, execution_date=20230313T000024, start_date=20230313T200801, end_date=20230313T200802
[2023-03-13T20:08:02.146+0000] {standard_task_runner.py:100} ERROR - Failed to execute job 204 for task Chargement_des_données_in_ELK (Bash command failed. The command returned a non-zero exit code 127.; 41751)
[2023-03-13T20:08:02.175+0000] {local_task_job.py:208} INFO - Task exited with return code 1
[2023-03-13T20:08:02.195+0000] {taskinstance.py:2578} INFO - 0 downstream tasks scheduled from follow-on schedule check
