[2023-03-13T21:57:11.601+0000] {taskinstance.py:1083} INFO - Dependencies all met for <TaskInstance: AUTOMATISATION.demarre_ELK scheduled__2023-03-13T00:02:36+00:00 [queued]>
[2023-03-13T21:57:11.612+0000] {taskinstance.py:1083} INFO - Dependencies all met for <TaskInstance: AUTOMATISATION.demarre_ELK scheduled__2023-03-13T00:02:36+00:00 [queued]>
[2023-03-13T21:57:11.612+0000] {taskinstance.py:1279} INFO - 
--------------------------------------------------------------------------------
[2023-03-13T21:57:11.612+0000] {taskinstance.py:1280} INFO - Starting attempt 1 of 2
[2023-03-13T21:57:11.612+0000] {taskinstance.py:1281} INFO - 
--------------------------------------------------------------------------------
[2023-03-13T21:57:11.637+0000] {taskinstance.py:1300} INFO - Executing <Task(BashOperator): demarre_ELK> on 2023-03-13 00:02:36+00:00
[2023-03-13T21:57:11.640+0000] {standard_task_runner.py:55} INFO - Started process 66513 to run task
[2023-03-13T21:57:11.644+0000] {standard_task_runner.py:82} INFO - Running: ['airflow', 'tasks', 'run', 'AUTOMATISATION', 'demarre_ELK', 'scheduled__2023-03-13T00:02:36+00:00', '--job-id', '380', '--raw', '--subdir', 'DAGS_FOLDER/main.py', '--cfg-path', '/tmp/tmpx5b1u_v1']
[2023-03-13T21:57:11.646+0000] {standard_task_runner.py:83} INFO - Job 380: Subtask demarre_ELK
[2023-03-13T21:57:11.711+0000] {task_command.py:388} INFO - Running <TaskInstance: AUTOMATISATION.demarre_ELK scheduled__2023-03-13T00:02:36+00:00 [running]> on host dev
[2023-03-13T21:57:11.792+0000] {taskinstance.py:1507} INFO - Exporting the following env vars:
AIRFLOW_CTX_DAG_OWNER=airflow
AIRFLOW_CTX_DAG_ID=AUTOMATISATION
AIRFLOW_CTX_TASK_ID=demarre_ELK
AIRFLOW_CTX_EXECUTION_DATE=2023-03-13T00:02:36+00:00
AIRFLOW_CTX_TRY_NUMBER=1
AIRFLOW_CTX_DAG_RUN_ID=scheduled__2023-03-13T00:02:36+00:00
[2023-03-13T21:57:11.794+0000] {subprocess.py:63} INFO - Tmp dir root location: 
 /tmp
[2023-03-13T21:57:11.795+0000] {subprocess.py:75} INFO - Running command: ['/usr/bin/bash', '-c', 'docker-compose -f /home/dev/soute/ELK/docker-compose.yml up -d']
[2023-03-13T21:57:11.803+0000] {subprocess.py:86} INFO - Output:
[2023-03-13T21:57:12.589+0000] {subprocess.py:93} INFO - elasticsearch is up-to-date
[2023-03-13T21:57:12.589+0000] {subprocess.py:93} INFO - kibana is up-to-date
[2023-03-13T21:57:12.641+0000] {subprocess.py:97} INFO - Command exited with return code 0
[2023-03-13T21:57:12.671+0000] {taskinstance.py:1318} INFO - Marking task as SUCCESS. dag_id=AUTOMATISATION, task_id=demarre_ELK, execution_date=20230313T000236, start_date=20230313T215711, end_date=20230313T215712
[2023-03-13T21:57:12.699+0000] {local_task_job.py:208} INFO - Task exited with return code 0
[2023-03-13T21:57:12.724+0000] {taskinstance.py:2578} INFO - 1 downstream tasks scheduled from follow-on schedule check
[2023-03-14T10:06:30.539+0000] {taskinstance.py:1083} INFO - Dependencies all met for <TaskInstance: AUTOMATISATION.demarre_ELK scheduled__2023-03-13T00:02:36+00:00 [queued]>
[2023-03-14T10:06:30.551+0000] {taskinstance.py:1083} INFO - Dependencies all met for <TaskInstance: AUTOMATISATION.demarre_ELK scheduled__2023-03-13T00:02:36+00:00 [queued]>
[2023-03-14T10:06:30.551+0000] {taskinstance.py:1279} INFO - 
--------------------------------------------------------------------------------
[2023-03-14T10:06:30.551+0000] {taskinstance.py:1280} INFO - Starting attempt 1 of 2
[2023-03-14T10:06:30.551+0000] {taskinstance.py:1281} INFO - 
--------------------------------------------------------------------------------
[2023-03-14T10:06:30.572+0000] {taskinstance.py:1300} INFO - Executing <Task(BashOperator): demarre_ELK> on 2023-03-13 00:02:36+00:00
[2023-03-14T10:06:30.575+0000] {standard_task_runner.py:55} INFO - Started process 36549 to run task
[2023-03-14T10:06:30.579+0000] {standard_task_runner.py:82} INFO - Running: ['airflow', 'tasks', 'run', 'AUTOMATISATION', 'demarre_ELK', 'scheduled__2023-03-13T00:02:36+00:00', '--job-id', '624', '--raw', '--subdir', 'DAGS_FOLDER/main.py', '--cfg-path', '/tmp/tmpyrjachj9']
[2023-03-14T10:06:30.581+0000] {standard_task_runner.py:83} INFO - Job 624: Subtask demarre_ELK
[2023-03-14T10:06:30.645+0000] {task_command.py:388} INFO - Running <TaskInstance: AUTOMATISATION.demarre_ELK scheduled__2023-03-13T00:02:36+00:00 [running]> on host dev
[2023-03-14T10:06:30.720+0000] {taskinstance.py:1507} INFO - Exporting the following env vars:
AIRFLOW_CTX_DAG_OWNER=airflow
AIRFLOW_CTX_DAG_ID=AUTOMATISATION
AIRFLOW_CTX_TASK_ID=demarre_ELK
AIRFLOW_CTX_EXECUTION_DATE=2023-03-13T00:02:36+00:00
AIRFLOW_CTX_TRY_NUMBER=1
AIRFLOW_CTX_DAG_RUN_ID=scheduled__2023-03-13T00:02:36+00:00
[2023-03-14T10:06:30.722+0000] {subprocess.py:63} INFO - Tmp dir root location: 
 /tmp
[2023-03-14T10:06:30.722+0000] {subprocess.py:75} INFO - Running command: ['/usr/bin/bash', '-c', 'docker-compose -f /home/dev/soute/ELK/docker-compose.yml up -d']
[2023-03-14T10:06:30.731+0000] {subprocess.py:86} INFO - Output:
[2023-03-14T10:06:31.471+0000] {subprocess.py:93} INFO - elasticsearch is up-to-date
[2023-03-14T10:06:31.472+0000] {subprocess.py:93} INFO - kibana is up-to-date
[2023-03-14T10:06:31.522+0000] {subprocess.py:97} INFO - Command exited with return code 0
[2023-03-14T10:06:31.549+0000] {taskinstance.py:1318} INFO - Marking task as SUCCESS. dag_id=AUTOMATISATION, task_id=demarre_ELK, execution_date=20230313T000236, start_date=20230314T100630, end_date=20230314T100631
[2023-03-14T10:06:31.593+0000] {local_task_job.py:208} INFO - Task exited with return code 0
[2023-03-14T10:06:31.620+0000] {taskinstance.py:2578} INFO - 1 downstream tasks scheduled from follow-on schedule check
[2023-03-15T07:26:51.895+0000] {taskinstance.py:1083} INFO - Dependencies all met for <TaskInstance: AUTOMATISATION.demarre_ELK scheduled__2023-03-13T00:02:36+00:00 [queued]>
[2023-03-15T07:26:51.900+0000] {taskinstance.py:1083} INFO - Dependencies all met for <TaskInstance: AUTOMATISATION.demarre_ELK scheduled__2023-03-13T00:02:36+00:00 [queued]>
[2023-03-15T07:26:51.900+0000] {taskinstance.py:1279} INFO - 
--------------------------------------------------------------------------------
[2023-03-15T07:26:51.900+0000] {taskinstance.py:1280} INFO - Starting attempt 1 of 2
[2023-03-15T07:26:51.900+0000] {taskinstance.py:1281} INFO - 
--------------------------------------------------------------------------------
[2023-03-15T07:26:51.910+0000] {taskinstance.py:1300} INFO - Executing <Task(BashOperator): demarre_ELK> on 2023-03-13 00:02:36+00:00
[2023-03-15T07:26:51.911+0000] {standard_task_runner.py:55} INFO - Started process 127755 to run task
[2023-03-15T07:26:51.913+0000] {standard_task_runner.py:82} INFO - Running: ['airflow', 'tasks', 'run', 'AUTOMATISATION', 'demarre_ELK', 'scheduled__2023-03-13T00:02:36+00:00', '--job-id', '751', '--raw', '--subdir', 'DAGS_FOLDER/main.py', '--cfg-path', '/tmp/tmpgiy8b0b4']
[2023-03-15T07:26:51.914+0000] {standard_task_runner.py:83} INFO - Job 751: Subtask demarre_ELK
[2023-03-15T07:26:51.942+0000] {task_command.py:388} INFO - Running <TaskInstance: AUTOMATISATION.demarre_ELK scheduled__2023-03-13T00:02:36+00:00 [running]> on host dev
[2023-03-15T07:26:51.977+0000] {taskinstance.py:1507} INFO - Exporting the following env vars:
AIRFLOW_CTX_DAG_OWNER=airflow
AIRFLOW_CTX_DAG_ID=AUTOMATISATION
AIRFLOW_CTX_TASK_ID=demarre_ELK
AIRFLOW_CTX_EXECUTION_DATE=2023-03-13T00:02:36+00:00
AIRFLOW_CTX_TRY_NUMBER=1
AIRFLOW_CTX_DAG_RUN_ID=scheduled__2023-03-13T00:02:36+00:00
[2023-03-15T07:26:51.977+0000] {subprocess.py:63} INFO - Tmp dir root location: 
 /tmp
[2023-03-15T07:26:51.978+0000] {subprocess.py:75} INFO - Running command: ['/usr/bin/bash', '-c', 'docker-compose -f /home/dev/soute/ELK/docker-compose.yml up -d']
[2023-03-15T07:26:51.982+0000] {subprocess.py:86} INFO - Output:
[2023-03-15T07:26:52.281+0000] {subprocess.py:93} INFO - elasticsearch is up-to-date
[2023-03-15T07:26:52.281+0000] {subprocess.py:93} INFO - kibana is up-to-date
[2023-03-15T07:26:52.302+0000] {subprocess.py:97} INFO - Command exited with return code 0
[2023-03-15T07:26:52.394+0000] {taskinstance.py:1318} INFO - Marking task as SUCCESS. dag_id=AUTOMATISATION, task_id=demarre_ELK, execution_date=20230313T000236, start_date=20230315T072651, end_date=20230315T072652
[2023-03-15T07:26:52.527+0000] {local_task_job.py:208} INFO - Task exited with return code 0
[2023-03-15T07:26:52.550+0000] {taskinstance.py:2578} INFO - 1 downstream tasks scheduled from follow-on schedule check
