[2023-03-13T22:09:09.953+0000] {taskinstance.py:1083} INFO - Dependencies all met for <TaskInstance: AUTOMATISATION.demarre_ELK scheduled__2023-03-13T00:02:54+00:00 [queued]>
[2023-03-13T22:09:09.966+0000] {taskinstance.py:1083} INFO - Dependencies all met for <TaskInstance: AUTOMATISATION.demarre_ELK scheduled__2023-03-13T00:02:54+00:00 [queued]>
[2023-03-13T22:09:09.967+0000] {taskinstance.py:1279} INFO - 
--------------------------------------------------------------------------------
[2023-03-13T22:09:09.967+0000] {taskinstance.py:1280} INFO - Starting attempt 1 of 2
[2023-03-13T22:09:09.967+0000] {taskinstance.py:1281} INFO - 
--------------------------------------------------------------------------------
[2023-03-13T22:09:09.993+0000] {taskinstance.py:1300} INFO - Executing <Task(BashOperator): demarre_ELK> on 2023-03-13 00:02:54+00:00
[2023-03-13T22:09:09.996+0000] {standard_task_runner.py:55} INFO - Started process 68805 to run task
[2023-03-13T22:09:10.001+0000] {standard_task_runner.py:82} INFO - Running: ['airflow', 'tasks', 'run', 'AUTOMATISATION', 'demarre_ELK', 'scheduled__2023-03-13T00:02:54+00:00', '--job-id', '392', '--raw', '--subdir', 'DAGS_FOLDER/main.py', '--cfg-path', '/tmp/tmp_fou6z3m']
[2023-03-13T22:09:10.004+0000] {standard_task_runner.py:83} INFO - Job 392: Subtask demarre_ELK
[2023-03-13T22:09:10.080+0000] {task_command.py:388} INFO - Running <TaskInstance: AUTOMATISATION.demarre_ELK scheduled__2023-03-13T00:02:54+00:00 [running]> on host dev
[2023-03-13T22:09:10.185+0000] {taskinstance.py:1507} INFO - Exporting the following env vars:
AIRFLOW_CTX_DAG_OWNER=airflow
AIRFLOW_CTX_DAG_ID=AUTOMATISATION
AIRFLOW_CTX_TASK_ID=demarre_ELK
AIRFLOW_CTX_EXECUTION_DATE=2023-03-13T00:02:54+00:00
AIRFLOW_CTX_TRY_NUMBER=1
AIRFLOW_CTX_DAG_RUN_ID=scheduled__2023-03-13T00:02:54+00:00
[2023-03-13T22:09:10.187+0000] {subprocess.py:63} INFO - Tmp dir root location: 
 /tmp
[2023-03-13T22:09:10.187+0000] {subprocess.py:75} INFO - Running command: ['/usr/bin/bash', '-c', 'docker-compose -f /home/dev/soute/ELK/docker-compose.yml up -d']
[2023-03-13T22:09:10.197+0000] {subprocess.py:86} INFO - Output:
[2023-03-13T22:09:11.008+0000] {subprocess.py:93} INFO - elasticsearch is up-to-date
[2023-03-13T22:09:11.008+0000] {subprocess.py:93} INFO - kibana is up-to-date
[2023-03-13T22:09:11.060+0000] {subprocess.py:97} INFO - Command exited with return code 0
[2023-03-13T22:09:11.097+0000] {taskinstance.py:1318} INFO - Marking task as SUCCESS. dag_id=AUTOMATISATION, task_id=demarre_ELK, execution_date=20230313T000254, start_date=20230313T220909, end_date=20230313T220911
[2023-03-13T22:09:11.134+0000] {local_task_job.py:208} INFO - Task exited with return code 0
[2023-03-13T22:09:11.160+0000] {taskinstance.py:2578} INFO - 1 downstream tasks scheduled from follow-on schedule check
[2023-03-14T10:10:23.319+0000] {taskinstance.py:1083} INFO - Dependencies all met for <TaskInstance: AUTOMATISATION.demarre_ELK scheduled__2023-03-13T00:02:54+00:00 [queued]>
[2023-03-14T10:10:23.332+0000] {taskinstance.py:1083} INFO - Dependencies all met for <TaskInstance: AUTOMATISATION.demarre_ELK scheduled__2023-03-13T00:02:54+00:00 [queued]>
[2023-03-14T10:10:23.332+0000] {taskinstance.py:1279} INFO - 
--------------------------------------------------------------------------------
[2023-03-14T10:10:23.332+0000] {taskinstance.py:1280} INFO - Starting attempt 1 of 2
[2023-03-14T10:10:23.332+0000] {taskinstance.py:1281} INFO - 
--------------------------------------------------------------------------------
[2023-03-14T10:10:23.352+0000] {taskinstance.py:1300} INFO - Executing <Task(BashOperator): demarre_ELK> on 2023-03-13 00:02:54+00:00
[2023-03-14T10:10:23.355+0000] {standard_task_runner.py:55} INFO - Started process 37973 to run task
[2023-03-14T10:10:23.359+0000] {standard_task_runner.py:82} INFO - Running: ['airflow', 'tasks', 'run', 'AUTOMATISATION', 'demarre_ELK', 'scheduled__2023-03-13T00:02:54+00:00', '--job-id', '636', '--raw', '--subdir', 'DAGS_FOLDER/main.py', '--cfg-path', '/tmp/tmpmn5h1b_o']
[2023-03-14T10:10:23.361+0000] {standard_task_runner.py:83} INFO - Job 636: Subtask demarre_ELK
[2023-03-14T10:10:23.422+0000] {task_command.py:388} INFO - Running <TaskInstance: AUTOMATISATION.demarre_ELK scheduled__2023-03-13T00:02:54+00:00 [running]> on host dev
[2023-03-14T10:10:23.510+0000] {taskinstance.py:1507} INFO - Exporting the following env vars:
AIRFLOW_CTX_DAG_OWNER=airflow
AIRFLOW_CTX_DAG_ID=AUTOMATISATION
AIRFLOW_CTX_TASK_ID=demarre_ELK
AIRFLOW_CTX_EXECUTION_DATE=2023-03-13T00:02:54+00:00
AIRFLOW_CTX_TRY_NUMBER=1
AIRFLOW_CTX_DAG_RUN_ID=scheduled__2023-03-13T00:02:54+00:00
[2023-03-14T10:10:23.512+0000] {subprocess.py:63} INFO - Tmp dir root location: 
 /tmp
[2023-03-14T10:10:23.513+0000] {subprocess.py:75} INFO - Running command: ['/usr/bin/bash', '-c', 'docker-compose -f /home/dev/soute/ELK/docker-compose.yml up -d']
[2023-03-14T10:10:23.525+0000] {subprocess.py:86} INFO - Output:
[2023-03-14T10:10:24.326+0000] {subprocess.py:93} INFO - elasticsearch is up-to-date
[2023-03-14T10:10:24.326+0000] {subprocess.py:93} INFO - kibana is up-to-date
[2023-03-14T10:10:24.376+0000] {subprocess.py:97} INFO - Command exited with return code 0
[2023-03-14T10:10:24.407+0000] {taskinstance.py:1318} INFO - Marking task as SUCCESS. dag_id=AUTOMATISATION, task_id=demarre_ELK, execution_date=20230313T000254, start_date=20230314T101023, end_date=20230314T101024
[2023-03-14T10:10:24.453+0000] {local_task_job.py:208} INFO - Task exited with return code 0
[2023-03-14T10:10:24.477+0000] {taskinstance.py:2578} INFO - 1 downstream tasks scheduled from follow-on schedule check
[2023-03-15T07:29:13.717+0000] {taskinstance.py:1083} INFO - Dependencies all met for <TaskInstance: AUTOMATISATION.demarre_ELK scheduled__2023-03-13T00:02:54+00:00 [queued]>
[2023-03-15T07:29:13.721+0000] {taskinstance.py:1083} INFO - Dependencies all met for <TaskInstance: AUTOMATISATION.demarre_ELK scheduled__2023-03-13T00:02:54+00:00 [queued]>
[2023-03-15T07:29:13.721+0000] {taskinstance.py:1279} INFO - 
--------------------------------------------------------------------------------
[2023-03-15T07:29:13.721+0000] {taskinstance.py:1280} INFO - Starting attempt 1 of 2
[2023-03-15T07:29:13.721+0000] {taskinstance.py:1281} INFO - 
--------------------------------------------------------------------------------
[2023-03-15T07:29:13.731+0000] {taskinstance.py:1300} INFO - Executing <Task(BashOperator): demarre_ELK> on 2023-03-13 00:02:54+00:00
[2023-03-15T07:29:13.733+0000] {standard_task_runner.py:55} INFO - Started process 129542 to run task
[2023-03-15T07:29:13.734+0000] {standard_task_runner.py:82} INFO - Running: ['airflow', 'tasks', 'run', 'AUTOMATISATION', 'demarre_ELK', 'scheduled__2023-03-13T00:02:54+00:00', '--job-id', '763', '--raw', '--subdir', 'DAGS_FOLDER/main.py', '--cfg-path', '/tmp/tmpw0xi25pk']
[2023-03-15T07:29:13.735+0000] {standard_task_runner.py:83} INFO - Job 763: Subtask demarre_ELK
[2023-03-15T07:29:13.763+0000] {task_command.py:388} INFO - Running <TaskInstance: AUTOMATISATION.demarre_ELK scheduled__2023-03-13T00:02:54+00:00 [running]> on host dev
[2023-03-15T07:29:13.799+0000] {taskinstance.py:1507} INFO - Exporting the following env vars:
AIRFLOW_CTX_DAG_OWNER=airflow
AIRFLOW_CTX_DAG_ID=AUTOMATISATION
AIRFLOW_CTX_TASK_ID=demarre_ELK
AIRFLOW_CTX_EXECUTION_DATE=2023-03-13T00:02:54+00:00
AIRFLOW_CTX_TRY_NUMBER=1
AIRFLOW_CTX_DAG_RUN_ID=scheduled__2023-03-13T00:02:54+00:00
[2023-03-15T07:29:13.799+0000] {subprocess.py:63} INFO - Tmp dir root location: 
 /tmp
[2023-03-15T07:29:13.800+0000] {subprocess.py:75} INFO - Running command: ['/usr/bin/bash', '-c', 'docker-compose -f /home/dev/soute/ELK/docker-compose.yml up -d']
[2023-03-15T07:29:13.804+0000] {subprocess.py:86} INFO - Output:
[2023-03-15T07:29:14.091+0000] {subprocess.py:93} INFO - elasticsearch is up-to-date
[2023-03-15T07:29:14.091+0000] {subprocess.py:93} INFO - kibana is up-to-date
[2023-03-15T07:29:14.113+0000] {subprocess.py:97} INFO - Command exited with return code 0
[2023-03-15T07:29:14.128+0000] {taskinstance.py:1318} INFO - Marking task as SUCCESS. dag_id=AUTOMATISATION, task_id=demarre_ELK, execution_date=20230313T000254, start_date=20230315T072913, end_date=20230315T072914
[2023-03-15T07:29:14.147+0000] {local_task_job.py:208} INFO - Task exited with return code 0
[2023-03-15T07:29:14.168+0000] {taskinstance.py:2578} INFO - 1 downstream tasks scheduled from follow-on schedule check
