[2023-03-13T22:19:48.609+0000] {taskinstance.py:1083} INFO - Dependencies all met for <TaskInstance: AUTOMATISATION.demarre_ELK scheduled__2023-03-13T00:03:09+00:00 [queued]>
[2023-03-13T22:19:48.620+0000] {taskinstance.py:1083} INFO - Dependencies all met for <TaskInstance: AUTOMATISATION.demarre_ELK scheduled__2023-03-13T00:03:09+00:00 [queued]>
[2023-03-13T22:19:48.621+0000] {taskinstance.py:1279} INFO - 
--------------------------------------------------------------------------------
[2023-03-13T22:19:48.621+0000] {taskinstance.py:1280} INFO - Starting attempt 1 of 2
[2023-03-13T22:19:48.621+0000] {taskinstance.py:1281} INFO - 
--------------------------------------------------------------------------------
[2023-03-13T22:19:48.651+0000] {taskinstance.py:1300} INFO - Executing <Task(BashOperator): demarre_ELK> on 2023-03-13 00:03:09+00:00
[2023-03-13T22:19:48.654+0000] {standard_task_runner.py:55} INFO - Started process 70719 to run task
[2023-03-13T22:19:48.658+0000] {standard_task_runner.py:82} INFO - Running: ['airflow', 'tasks', 'run', 'AUTOMATISATION', 'demarre_ELK', 'scheduled__2023-03-13T00:03:09+00:00', '--job-id', '402', '--raw', '--subdir', 'DAGS_FOLDER/main.py', '--cfg-path', '/tmp/tmp0tnqyjzp']
[2023-03-13T22:19:48.660+0000] {standard_task_runner.py:83} INFO - Job 402: Subtask demarre_ELK
[2023-03-13T22:19:48.731+0000] {task_command.py:388} INFO - Running <TaskInstance: AUTOMATISATION.demarre_ELK scheduled__2023-03-13T00:03:09+00:00 [running]> on host dev
[2023-03-13T22:19:48.818+0000] {taskinstance.py:1507} INFO - Exporting the following env vars:
AIRFLOW_CTX_DAG_OWNER=airflow
AIRFLOW_CTX_DAG_ID=AUTOMATISATION
AIRFLOW_CTX_TASK_ID=demarre_ELK
AIRFLOW_CTX_EXECUTION_DATE=2023-03-13T00:03:09+00:00
AIRFLOW_CTX_TRY_NUMBER=1
AIRFLOW_CTX_DAG_RUN_ID=scheduled__2023-03-13T00:03:09+00:00
[2023-03-13T22:19:48.820+0000] {subprocess.py:63} INFO - Tmp dir root location: 
 /tmp
[2023-03-13T22:19:48.821+0000] {subprocess.py:75} INFO - Running command: ['/usr/bin/bash', '-c', 'docker-compose -f /home/dev/soute/ELK/docker-compose.yml up -d']
[2023-03-13T22:19:48.829+0000] {subprocess.py:86} INFO - Output:
[2023-03-13T22:19:49.604+0000] {subprocess.py:93} INFO - elasticsearch is up-to-date
[2023-03-13T22:19:49.605+0000] {subprocess.py:93} INFO - kibana is up-to-date
[2023-03-13T22:19:49.657+0000] {subprocess.py:97} INFO - Command exited with return code 0
[2023-03-13T22:19:49.693+0000] {taskinstance.py:1318} INFO - Marking task as SUCCESS. dag_id=AUTOMATISATION, task_id=demarre_ELK, execution_date=20230313T000309, start_date=20230313T221948, end_date=20230313T221949
[2023-03-13T22:19:49.753+0000] {local_task_job.py:208} INFO - Task exited with return code 0
[2023-03-13T22:19:49.780+0000] {taskinstance.py:2578} INFO - 1 downstream tasks scheduled from follow-on schedule check
[2023-03-15T07:30:56.342+0000] {taskinstance.py:1083} INFO - Dependencies all met for <TaskInstance: AUTOMATISATION.demarre_ELK scheduled__2023-03-13T00:03:09+00:00 [queued]>
[2023-03-15T07:30:56.347+0000] {taskinstance.py:1083} INFO - Dependencies all met for <TaskInstance: AUTOMATISATION.demarre_ELK scheduled__2023-03-13T00:03:09+00:00 [queued]>
[2023-03-15T07:30:56.347+0000] {taskinstance.py:1279} INFO - 
--------------------------------------------------------------------------------
[2023-03-15T07:30:56.347+0000] {taskinstance.py:1280} INFO - Starting attempt 1 of 2
[2023-03-15T07:30:56.347+0000] {taskinstance.py:1281} INFO - 
--------------------------------------------------------------------------------
[2023-03-15T07:30:56.357+0000] {taskinstance.py:1300} INFO - Executing <Task(BashOperator): demarre_ELK> on 2023-03-13 00:03:09+00:00
[2023-03-15T07:30:56.359+0000] {standard_task_runner.py:55} INFO - Started process 130877 to run task
[2023-03-15T07:30:56.360+0000] {standard_task_runner.py:82} INFO - Running: ['airflow', 'tasks', 'run', 'AUTOMATISATION', 'demarre_ELK', 'scheduled__2023-03-13T00:03:09+00:00', '--job-id', '773', '--raw', '--subdir', 'DAGS_FOLDER/main.py', '--cfg-path', '/tmp/tmpepe8qd6z']
[2023-03-15T07:30:56.361+0000] {standard_task_runner.py:83} INFO - Job 773: Subtask demarre_ELK
[2023-03-15T07:30:56.389+0000] {task_command.py:388} INFO - Running <TaskInstance: AUTOMATISATION.demarre_ELK scheduled__2023-03-13T00:03:09+00:00 [running]> on host dev
[2023-03-15T07:30:56.426+0000] {taskinstance.py:1507} INFO - Exporting the following env vars:
AIRFLOW_CTX_DAG_OWNER=airflow
AIRFLOW_CTX_DAG_ID=AUTOMATISATION
AIRFLOW_CTX_TASK_ID=demarre_ELK
AIRFLOW_CTX_EXECUTION_DATE=2023-03-13T00:03:09+00:00
AIRFLOW_CTX_TRY_NUMBER=1
AIRFLOW_CTX_DAG_RUN_ID=scheduled__2023-03-13T00:03:09+00:00
[2023-03-15T07:30:56.427+0000] {subprocess.py:63} INFO - Tmp dir root location: 
 /tmp
[2023-03-15T07:30:56.427+0000] {subprocess.py:75} INFO - Running command: ['/usr/bin/bash', '-c', 'docker-compose -f /home/dev/soute/ELK/docker-compose.yml up -d']
[2023-03-15T07:30:56.431+0000] {subprocess.py:86} INFO - Output:
[2023-03-15T07:30:56.730+0000] {subprocess.py:93} INFO - elasticsearch is up-to-date
[2023-03-15T07:30:56.730+0000] {subprocess.py:93} INFO - kibana is up-to-date
[2023-03-15T07:30:56.751+0000] {subprocess.py:97} INFO - Command exited with return code 0
[2023-03-15T07:30:56.765+0000] {taskinstance.py:1318} INFO - Marking task as SUCCESS. dag_id=AUTOMATISATION, task_id=demarre_ELK, execution_date=20230313T000309, start_date=20230315T073056, end_date=20230315T073056
[2023-03-15T07:30:56.813+0000] {local_task_job.py:208} INFO - Task exited with return code 0
[2023-03-15T07:30:56.837+0000] {taskinstance.py:2578} INFO - 1 downstream tasks scheduled from follow-on schedule check
