[2023-03-13T20:19:39.571+0000] {taskinstance.py:1083} INFO - Dependencies all met for <TaskInstance: AUTOMATISATION.demarre_ELK scheduled__2023-03-13T20:02:16.645643+00:00 [queued]>
[2023-03-13T20:19:39.583+0000] {taskinstance.py:1083} INFO - Dependencies all met for <TaskInstance: AUTOMATISATION.demarre_ELK scheduled__2023-03-13T20:02:16.645643+00:00 [queued]>
[2023-03-13T20:19:39.584+0000] {taskinstance.py:1279} INFO - 
--------------------------------------------------------------------------------
[2023-03-13T20:19:39.584+0000] {taskinstance.py:1280} INFO - Starting attempt 1 of 2
[2023-03-13T20:19:39.584+0000] {taskinstance.py:1281} INFO - 
--------------------------------------------------------------------------------
[2023-03-13T20:19:39.605+0000] {taskinstance.py:1300} INFO - Executing <Task(BashOperator): demarre_ELK> on 2023-03-13 20:02:16.645643+00:00
[2023-03-13T20:19:39.608+0000] {standard_task_runner.py:55} INFO - Started process 43567 to run task
[2023-03-13T20:19:39.612+0000] {standard_task_runner.py:82} INFO - Running: ['airflow', 'tasks', 'run', 'AUTOMATISATION', 'demarre_ELK', 'scheduled__2023-03-13T20:02:16.645643+00:00', '--job-id', '266', '--raw', '--subdir', 'DAGS_FOLDER/main.py', '--cfg-path', '/tmp/tmp8z8d__cx']
[2023-03-13T20:19:39.614+0000] {standard_task_runner.py:83} INFO - Job 266: Subtask demarre_ELK
[2023-03-13T20:19:39.682+0000] {task_command.py:388} INFO - Running <TaskInstance: AUTOMATISATION.demarre_ELK scheduled__2023-03-13T20:02:16.645643+00:00 [running]> on host dev
[2023-03-13T20:19:39.755+0000] {taskinstance.py:1507} INFO - Exporting the following env vars:
AIRFLOW_CTX_DAG_OWNER=airflow
AIRFLOW_CTX_DAG_ID=AUTOMATISATION
AIRFLOW_CTX_TASK_ID=demarre_ELK
AIRFLOW_CTX_EXECUTION_DATE=2023-03-13T20:02:16.645643+00:00
AIRFLOW_CTX_TRY_NUMBER=1
AIRFLOW_CTX_DAG_RUN_ID=scheduled__2023-03-13T20:02:16.645643+00:00
[2023-03-13T20:19:39.757+0000] {subprocess.py:63} INFO - Tmp dir root location: 
 /tmp
[2023-03-13T20:19:39.758+0000] {subprocess.py:75} INFO - Running command: ['/usr/bin/bash', '-c', 'docker-compose -f /home/dev/soute/ELK/docker-compose.yml up -d']
[2023-03-13T20:19:39.766+0000] {subprocess.py:86} INFO - Output:
[2023-03-13T20:19:40.558+0000] {subprocess.py:93} INFO - elasticsearch is up-to-date
[2023-03-13T20:19:40.559+0000] {subprocess.py:93} INFO - kibana is up-to-date
[2023-03-13T20:19:40.615+0000] {subprocess.py:97} INFO - Command exited with return code 0
[2023-03-13T20:19:40.643+0000] {taskinstance.py:1318} INFO - Marking task as SUCCESS. dag_id=AUTOMATISATION, task_id=demarre_ELK, execution_date=20230313T200216, start_date=20230313T201939, end_date=20230313T201940
[2023-03-13T20:19:40.666+0000] {local_task_job.py:208} INFO - Task exited with return code 0
[2023-03-13T20:19:40.694+0000] {taskinstance.py:2578} INFO - 1 downstream tasks scheduled from follow-on schedule check
