[2023-03-13T20:59:47.961+0000] {taskinstance.py:1083} INFO - Dependencies all met for <TaskInstance: AUTOMATISATION.demarre_ELK scheduled__2023-03-13T00:01:15+00:00 [queued]>
[2023-03-13T20:59:47.974+0000] {taskinstance.py:1083} INFO - Dependencies all met for <TaskInstance: AUTOMATISATION.demarre_ELK scheduled__2023-03-13T00:01:15+00:00 [queued]>
[2023-03-13T20:59:47.974+0000] {taskinstance.py:1279} INFO - 
--------------------------------------------------------------------------------
[2023-03-13T20:59:47.975+0000] {taskinstance.py:1280} INFO - Starting attempt 1 of 2
[2023-03-13T20:59:47.975+0000] {taskinstance.py:1281} INFO - 
--------------------------------------------------------------------------------
[2023-03-13T20:59:47.998+0000] {taskinstance.py:1300} INFO - Executing <Task(BashOperator): demarre_ELK> on 2023-03-13 00:01:15+00:00
[2023-03-13T20:59:48.002+0000] {standard_task_runner.py:55} INFO - Started process 53026 to run task
[2023-03-13T20:59:48.006+0000] {standard_task_runner.py:82} INFO - Running: ['airflow', 'tasks', 'run', 'AUTOMATISATION', 'demarre_ELK', 'scheduled__2023-03-13T00:01:15+00:00', '--job-id', '326', '--raw', '--subdir', 'DAGS_FOLDER/main.py', '--cfg-path', '/tmp/tmpelxtoait']
[2023-03-13T20:59:48.008+0000] {standard_task_runner.py:83} INFO - Job 326: Subtask demarre_ELK
[2023-03-13T20:59:48.081+0000] {task_command.py:388} INFO - Running <TaskInstance: AUTOMATISATION.demarre_ELK scheduled__2023-03-13T00:01:15+00:00 [running]> on host dev
[2023-03-13T20:59:48.161+0000] {taskinstance.py:1507} INFO - Exporting the following env vars:
AIRFLOW_CTX_DAG_OWNER=airflow
AIRFLOW_CTX_DAG_ID=AUTOMATISATION
AIRFLOW_CTX_TASK_ID=demarre_ELK
AIRFLOW_CTX_EXECUTION_DATE=2023-03-13T00:01:15+00:00
AIRFLOW_CTX_TRY_NUMBER=1
AIRFLOW_CTX_DAG_RUN_ID=scheduled__2023-03-13T00:01:15+00:00
[2023-03-13T20:59:48.162+0000] {subprocess.py:63} INFO - Tmp dir root location: 
 /tmp
[2023-03-13T20:59:48.163+0000] {subprocess.py:75} INFO - Running command: ['/usr/bin/bash', '-c', 'docker-compose -f /home/dev/soute/ELK/docker-compose.yml up -d']
[2023-03-13T20:59:48.172+0000] {subprocess.py:86} INFO - Output:
[2023-03-13T20:59:49.023+0000] {subprocess.py:93} INFO - elasticsearch is up-to-date
[2023-03-13T20:59:49.024+0000] {subprocess.py:93} INFO - kibana is up-to-date
[2023-03-13T20:59:49.084+0000] {subprocess.py:97} INFO - Command exited with return code 0
[2023-03-13T20:59:49.112+0000] {taskinstance.py:1318} INFO - Marking task as SUCCESS. dag_id=AUTOMATISATION, task_id=demarre_ELK, execution_date=20230313T000115, start_date=20230313T205947, end_date=20230313T205949
[2023-03-13T20:59:49.140+0000] {local_task_job.py:208} INFO - Task exited with return code 0
[2023-03-13T20:59:49.168+0000] {taskinstance.py:2578} INFO - 1 downstream tasks scheduled from follow-on schedule check
[2023-03-14T09:48:44.754+0000] {taskinstance.py:1083} INFO - Dependencies all met for <TaskInstance: AUTOMATISATION.demarre_ELK scheduled__2023-03-13T00:01:15+00:00 [queued]>
[2023-03-14T09:48:44.765+0000] {taskinstance.py:1083} INFO - Dependencies all met for <TaskInstance: AUTOMATISATION.demarre_ELK scheduled__2023-03-13T00:01:15+00:00 [queued]>
[2023-03-14T09:48:44.765+0000] {taskinstance.py:1279} INFO - 
--------------------------------------------------------------------------------
[2023-03-14T09:48:44.765+0000] {taskinstance.py:1280} INFO - Starting attempt 1 of 2
[2023-03-14T09:48:44.765+0000] {taskinstance.py:1281} INFO - 
--------------------------------------------------------------------------------
[2023-03-14T09:48:44.784+0000] {taskinstance.py:1300} INFO - Executing <Task(BashOperator): demarre_ELK> on 2023-03-13 00:01:15+00:00
[2023-03-14T09:48:44.787+0000] {standard_task_runner.py:55} INFO - Started process 30611 to run task
[2023-03-14T09:48:44.791+0000] {standard_task_runner.py:82} INFO - Running: ['airflow', 'tasks', 'run', 'AUTOMATISATION', 'demarre_ELK', 'scheduled__2023-03-13T00:01:15+00:00', '--job-id', '570', '--raw', '--subdir', 'DAGS_FOLDER/main.py', '--cfg-path', '/tmp/tmphngugg4q']
[2023-03-14T09:48:44.793+0000] {standard_task_runner.py:83} INFO - Job 570: Subtask demarre_ELK
[2023-03-14T09:48:44.858+0000] {task_command.py:388} INFO - Running <TaskInstance: AUTOMATISATION.demarre_ELK scheduled__2023-03-13T00:01:15+00:00 [running]> on host dev
[2023-03-14T09:48:44.925+0000] {taskinstance.py:1507} INFO - Exporting the following env vars:
AIRFLOW_CTX_DAG_OWNER=airflow
AIRFLOW_CTX_DAG_ID=AUTOMATISATION
AIRFLOW_CTX_TASK_ID=demarre_ELK
AIRFLOW_CTX_EXECUTION_DATE=2023-03-13T00:01:15+00:00
AIRFLOW_CTX_TRY_NUMBER=1
AIRFLOW_CTX_DAG_RUN_ID=scheduled__2023-03-13T00:01:15+00:00
[2023-03-14T09:48:44.927+0000] {subprocess.py:63} INFO - Tmp dir root location: 
 /tmp
[2023-03-14T09:48:44.927+0000] {subprocess.py:75} INFO - Running command: ['/usr/bin/bash', '-c', 'docker-compose -f /home/dev/soute/ELK/docker-compose.yml up -d']
[2023-03-14T09:48:44.935+0000] {subprocess.py:86} INFO - Output:
[2023-03-14T09:48:45.759+0000] {subprocess.py:93} INFO - elasticsearch is up-to-date
[2023-03-14T09:48:45.760+0000] {subprocess.py:93} INFO - kibana is up-to-date
[2023-03-14T09:48:45.824+0000] {subprocess.py:97} INFO - Command exited with return code 0
[2023-03-14T09:48:45.858+0000] {taskinstance.py:1318} INFO - Marking task as SUCCESS. dag_id=AUTOMATISATION, task_id=demarre_ELK, execution_date=20230313T000115, start_date=20230314T094844, end_date=20230314T094845
[2023-03-14T09:48:45.925+0000] {local_task_job.py:208} INFO - Task exited with return code 0
[2023-03-14T09:48:45.952+0000] {taskinstance.py:2578} INFO - 1 downstream tasks scheduled from follow-on schedule check
[2023-03-15T07:15:53.661+0000] {taskinstance.py:1083} INFO - Dependencies all met for <TaskInstance: AUTOMATISATION.demarre_ELK scheduled__2023-03-13T00:01:15+00:00 [queued]>
[2023-03-15T07:15:53.665+0000] {taskinstance.py:1083} INFO - Dependencies all met for <TaskInstance: AUTOMATISATION.demarre_ELK scheduled__2023-03-13T00:01:15+00:00 [queued]>
[2023-03-15T07:15:53.665+0000] {taskinstance.py:1279} INFO - 
--------------------------------------------------------------------------------
[2023-03-15T07:15:53.665+0000] {taskinstance.py:1280} INFO - Starting attempt 1 of 2
[2023-03-15T07:15:53.665+0000] {taskinstance.py:1281} INFO - 
--------------------------------------------------------------------------------
[2023-03-15T07:15:53.676+0000] {taskinstance.py:1300} INFO - Executing <Task(BashOperator): demarre_ELK> on 2023-03-13 00:01:15+00:00
[2023-03-15T07:15:53.677+0000] {standard_task_runner.py:55} INFO - Started process 120848 to run task
[2023-03-15T07:15:53.679+0000] {standard_task_runner.py:82} INFO - Running: ['airflow', 'tasks', 'run', 'AUTOMATISATION', 'demarre_ELK', 'scheduled__2023-03-13T00:01:15+00:00', '--job-id', '697', '--raw', '--subdir', 'DAGS_FOLDER/main.py', '--cfg-path', '/tmp/tmprzg9mzh0']
[2023-03-15T07:15:53.680+0000] {standard_task_runner.py:83} INFO - Job 697: Subtask demarre_ELK
[2023-03-15T07:15:53.707+0000] {task_command.py:388} INFO - Running <TaskInstance: AUTOMATISATION.demarre_ELK scheduled__2023-03-13T00:01:15+00:00 [running]> on host dev
[2023-03-15T07:15:53.738+0000] {taskinstance.py:1507} INFO - Exporting the following env vars:
AIRFLOW_CTX_DAG_OWNER=airflow
AIRFLOW_CTX_DAG_ID=AUTOMATISATION
AIRFLOW_CTX_TASK_ID=demarre_ELK
AIRFLOW_CTX_EXECUTION_DATE=2023-03-13T00:01:15+00:00
AIRFLOW_CTX_TRY_NUMBER=1
AIRFLOW_CTX_DAG_RUN_ID=scheduled__2023-03-13T00:01:15+00:00
[2023-03-15T07:15:53.738+0000] {subprocess.py:63} INFO - Tmp dir root location: 
 /tmp
[2023-03-15T07:15:53.739+0000] {subprocess.py:75} INFO - Running command: ['/usr/bin/bash', '-c', 'docker-compose -f /home/dev/soute/ELK/docker-compose.yml up -d']
[2023-03-15T07:15:53.742+0000] {subprocess.py:86} INFO - Output:
[2023-03-15T07:15:54.040+0000] {subprocess.py:93} INFO - elasticsearch is up-to-date
[2023-03-15T07:15:54.040+0000] {subprocess.py:93} INFO - kibana is up-to-date
[2023-03-15T07:15:54.060+0000] {subprocess.py:97} INFO - Command exited with return code 0
[2023-03-15T07:15:54.074+0000] {taskinstance.py:1318} INFO - Marking task as SUCCESS. dag_id=AUTOMATISATION, task_id=demarre_ELK, execution_date=20230313T000115, start_date=20230315T071553, end_date=20230315T071554
[2023-03-15T07:15:54.091+0000] {local_task_job.py:208} INFO - Task exited with return code 0
[2023-03-15T07:15:54.111+0000] {taskinstance.py:2578} INFO - 1 downstream tasks scheduled from follow-on schedule check
