[2023-03-13T23:09:29.188+0000] {taskinstance.py:1083} INFO - Dependencies all met for <TaskInstance: AUTOMATISATION.Chargement_des_données_in_ELK scheduled__2023-03-13T00:04:18+00:00 [queued]>
[2023-03-13T23:09:29.199+0000] {taskinstance.py:1083} INFO - Dependencies all met for <TaskInstance: AUTOMATISATION.Chargement_des_données_in_ELK scheduled__2023-03-13T00:04:18+00:00 [queued]>
[2023-03-13T23:09:29.199+0000] {taskinstance.py:1279} INFO - 
--------------------------------------------------------------------------------
[2023-03-13T23:09:29.199+0000] {taskinstance.py:1280} INFO - Starting attempt 1 of 4
[2023-03-13T23:09:29.200+0000] {taskinstance.py:1281} INFO - 
--------------------------------------------------------------------------------
[2023-03-13T23:09:29.224+0000] {taskinstance.py:1300} INFO - Executing <Task(BashOperator): Chargement_des_données_in_ELK> on 2023-03-13 00:04:18+00:00
[2023-03-13T23:09:29.228+0000] {standard_task_runner.py:55} INFO - Started process 82819 to run task
[2023-03-13T23:09:29.232+0000] {standard_task_runner.py:82} INFO - Running: ['airflow', 'tasks', 'run', 'AUTOMATISATION', 'Chargement_des_données_in_ELK', 'scheduled__2023-03-13T00:04:18+00:00', '--job-id', '451', '--raw', '--subdir', 'DAGS_FOLDER/main.py', '--cfg-path', '/tmp/tmpf_h17tfz']
[2023-03-13T23:09:29.233+0000] {standard_task_runner.py:83} INFO - Job 451: Subtask Chargement_des_données_in_ELK
[2023-03-13T23:09:29.303+0000] {task_command.py:388} INFO - Running <TaskInstance: AUTOMATISATION.Chargement_des_données_in_ELK scheduled__2023-03-13T00:04:18+00:00 [running]> on host dev
[2023-03-13T23:09:29.399+0000] {taskinstance.py:1507} INFO - Exporting the following env vars:
AIRFLOW_CTX_DAG_OWNER=airflow
AIRFLOW_CTX_DAG_ID=AUTOMATISATION
AIRFLOW_CTX_TASK_ID=Chargement_des_données_in_ELK
AIRFLOW_CTX_EXECUTION_DATE=2023-03-13T00:04:18+00:00
AIRFLOW_CTX_TRY_NUMBER=1
AIRFLOW_CTX_DAG_RUN_ID=scheduled__2023-03-13T00:04:18+00:00
[2023-03-13T23:09:29.401+0000] {subprocess.py:63} INFO - Tmp dir root location: 
 /tmp
[2023-03-13T23:09:29.401+0000] {subprocess.py:75} INFO - Running command: ['/usr/bin/bash', '-c', 'echo dev | sudo -S /usr/share/logstash/bin/logstash --path.settings=/etc/logstash/ -f /etc/logstash/conf.d/data.conf']
[2023-03-13T23:09:29.409+0000] {subprocess.py:86} INFO - Output:
[2023-03-13T23:09:29.510+0000] {subprocess.py:93} INFO - [sudo] Mot de passe de dev : Using bundled JDK: /usr/share/logstash/jdk
[2023-03-13T23:09:29.782+0000] {subprocess.py:93} INFO - OpenJDK 64-Bit Server VM warning: Option UseConcMarkSweepGC was deprecated in version 9.0 and will likely be removed in a future release.
[2023-03-13T23:09:51.105+0000] {subprocess.py:93} INFO - Sending Logstash logs to /var/log/logstash which is now configured via log4j2.properties
[2023-03-13T23:09:51.224+0000] {subprocess.py:93} INFO - [2023-03-13T23:09:51,222][INFO ][logstash.runner          ] Log4j configuration path used is: /etc/logstash/log4j2.properties
[2023-03-13T23:09:51.234+0000] {subprocess.py:93} INFO - [2023-03-13T23:09:51,233][INFO ][logstash.runner          ] Starting Logstash {"logstash.version"=>"7.15.2", "jruby.version"=>"jruby 9.2.19.0 (2.5.8) 2021-06-15 55810c552b OpenJDK 64-Bit Server VM 11.0.12+7 on 11.0.12+7 +indy +jit [linux-x86_64]"}
[2023-03-13T23:09:51.659+0000] {subprocess.py:93} INFO - [2023-03-13T23:09:51,659][WARN ][logstash.config.source.multilocal] Ignoring the 'pipelines.yml' file because modules or command line options are specified
[2023-03-13T23:09:53.154+0000] {subprocess.py:93} INFO - [2023-03-13T23:09:53,153][INFO ][logstash.agent           ] Successfully started Logstash API endpoint {:port=>9600}
[2023-03-13T23:09:53.968+0000] {subprocess.py:93} INFO - [2023-03-13T23:09:53,967][INFO ][org.reflections.Reflections] Reflections took 144 ms to scan 1 urls, producing 120 keys and 417 values
[2023-03-13T23:09:55.341+0000] {subprocess.py:93} INFO - [2023-03-13T23:09:55,340][INFO ][logstash.outputs.elasticsearch][main] New Elasticsearch output {:class=>"LogStash::Outputs::ElasticSearch", :hosts=>["//localhost:9200"]}
[2023-03-13T23:09:55.809+0000] {subprocess.py:93} INFO - [2023-03-13T23:09:55,806][INFO ][logstash.outputs.elasticsearch][main] Elasticsearch pool URLs updated {:changes=>{:removed=>[], :added=>[http://localhost:9200/]}}
[2023-03-13T23:09:56.007+0000] {subprocess.py:93} INFO - [2023-03-13T23:09:56,006][WARN ][logstash.outputs.elasticsearch][main] Restored connection to ES instance {:url=>"http://localhost:9200/"}
[2023-03-13T23:09:56.065+0000] {subprocess.py:93} INFO - [2023-03-13T23:09:56,065][INFO ][logstash.outputs.elasticsearch][main] Elasticsearch version determined (7.15.2) {:es_version=>7}
[2023-03-13T23:09:56.068+0000] {subprocess.py:93} INFO - [2023-03-13T23:09:56,068][WARN ][logstash.outputs.elasticsearch][main] Detected a 6.x and above cluster: the `type` event field won't be used to determine the document _type {:es_version=>7}
[2023-03-13T23:09:56.262+0000] {subprocess.py:93} INFO - [2023-03-13T23:09:56,261][INFO ][logstash.outputs.elasticsearch][main] Using a default mapping template {:es_version=>7, :ecs_compatibility=>:disabled}
[2023-03-13T23:09:56.326+0000] {subprocess.py:93} INFO - [2023-03-13T23:09:56,325][INFO ][logstash.javapipeline    ][main] Starting pipeline {:pipeline_id=>"main", "pipeline.workers"=>8, "pipeline.batch.size"=>125, "pipeline.batch.delay"=>50, "pipeline.max_inflight"=>1000, "pipeline.sources"=>["/etc/logstash/conf.d/data.conf"], :thread=>"#<Thread:0x6386969d run>"}
[2023-03-13T23:09:57.493+0000] {subprocess.py:93} INFO - [2023-03-13T23:09:57,492][INFO ][logstash.javapipeline    ][main] Pipeline Java execution initialization time {"seconds"=>1.16}
[2023-03-13T23:09:57.626+0000] {subprocess.py:93} INFO - [2023-03-13T23:09:57,625][INFO ][logstash.javapipeline    ][main] Pipeline started {"pipeline.id"=>"main"}
[2023-03-13T23:09:57.721+0000] {subprocess.py:93} INFO - [2023-03-13T23:09:57,720][INFO ][logstash.agent           ] Pipelines running {:count=>1, :running_pipelines=>[:main], :non_running_pipelines=>[]}
[2023-03-13T23:09:59.315+0000] {subprocess.py:93} INFO - [2023-03-13T23:09:59,315][INFO ][logstash.inputs.jdbc     ][main][afa454a497099ce3438919c7cfc7ae10a3b3980082608321cda443e0b5f70dbd] (0.023770s) SELECT CAST(current_setting('server_version_num') AS integer) AS v
[2023-03-13T23:09:59.569+0000] {subprocess.py:93} INFO - [2023-03-13T23:09:59,569][INFO ][logstash.inputs.jdbc     ][main][afa454a497099ce3438919c7cfc7ae10a3b3980082608321cda443e0b5f70dbd] (0.100070s) SELECT count(*) AS "count" FROM (SELECT * FROM customers) AS "t1" LIMIT 1
[2023-03-13T23:10:00.005+0000] {subprocess.py:93} INFO - [2023-03-13T23:10:00,005][INFO ][logstash.inputs.jdbc     ][main][afa454a497099ce3438919c7cfc7ae10a3b3980082608321cda443e0b5f70dbd] (0.407126s) SELECT * FROM (SELECT * FROM customers) AS "t1" LIMIT 50000 OFFSET 0
[2023-03-13T23:10:07.086+0000] {subprocess.py:93} INFO - [2023-03-13T23:10:07,085][INFO ][logstash.inputs.jdbc     ][main][afa454a497099ce3438919c7cfc7ae10a3b3980082608321cda443e0b5f70dbd] (0.218663s) SELECT * FROM (SELECT * FROM customers) AS "t1" LIMIT 50000 OFFSET 50000
[2023-03-13T23:10:10.769+0000] {subprocess.py:93} INFO - [2023-03-13T23:10:10,769][INFO ][logstash.inputs.jdbc     ][main][afa454a497099ce3438919c7cfc7ae10a3b3980082608321cda443e0b5f70dbd] (0.155532s) SELECT * FROM (SELECT * FROM customers) AS "t1" LIMIT 50000 OFFSET 100000
[2023-03-13T23:10:13.403+0000] {subprocess.py:93} INFO - [2023-03-13T23:10:13,402][INFO ][logstash.inputs.jdbc     ][main][afa454a497099ce3438919c7cfc7ae10a3b3980082608321cda443e0b5f70dbd] (0.115830s) SELECT * FROM (SELECT * FROM customers) AS "t1" LIMIT 50000 OFFSET 150000
[2023-03-13T23:10:16.106+0000] {subprocess.py:93} INFO - [2023-03-13T23:10:16,105][INFO ][logstash.inputs.jdbc     ][main][afa454a497099ce3438919c7cfc7ae10a3b3980082608321cda443e0b5f70dbd] (0.104221s) SELECT * FROM (SELECT * FROM customers) AS "t1" LIMIT 50000 OFFSET 200000
[2023-03-13T23:10:18.696+0000] {subprocess.py:93} INFO - [2023-03-13T23:10:18,696][INFO ][logstash.inputs.jdbc     ][main][afa454a497099ce3438919c7cfc7ae10a3b3980082608321cda443e0b5f70dbd] (0.139093s) SELECT * FROM (SELECT * FROM customers) AS "t1" LIMIT 50000 OFFSET 250000
[2023-03-13T23:10:21.810+0000] {subprocess.py:93} INFO - [2023-03-13T23:10:21,810][INFO ][logstash.inputs.jdbc     ][main][afa454a497099ce3438919c7cfc7ae10a3b3980082608321cda443e0b5f70dbd] (0.107347s) SELECT * FROM (SELECT * FROM customers) AS "t1" LIMIT 50000 OFFSET 300000
[2023-03-13T23:10:24.127+0000] {subprocess.py:93} INFO - [2023-03-13T23:10:24,127][INFO ][logstash.inputs.jdbc     ][main][afa454a497099ce3438919c7cfc7ae10a3b3980082608321cda443e0b5f70dbd] (0.137455s) SELECT * FROM (SELECT * FROM customers) AS "t1" LIMIT 50000 OFFSET 350000
[2023-03-13T23:10:26.450+0000] {subprocess.py:93} INFO - [2023-03-13T23:10:26,450][INFO ][logstash.inputs.jdbc     ][main][afa454a497099ce3438919c7cfc7ae10a3b3980082608321cda443e0b5f70dbd] (0.109078s) SELECT * FROM (SELECT * FROM customers) AS "t1" LIMIT 50000 OFFSET 400000
[2023-03-13T23:10:28.854+0000] {subprocess.py:93} INFO - [2023-03-13T23:10:28,853][INFO ][logstash.inputs.jdbc     ][main][afa454a497099ce3438919c7cfc7ae10a3b3980082608321cda443e0b5f70dbd] (0.139077s) SELECT * FROM (SELECT * FROM customers) AS "t1" LIMIT 50000 OFFSET 450000
[2023-03-13T23:10:31.253+0000] {subprocess.py:93} INFO - [2023-03-13T23:10:31,252][INFO ][logstash.inputs.jdbc     ][main][afa454a497099ce3438919c7cfc7ae10a3b3980082608321cda443e0b5f70dbd] (0.142602s) SELECT * FROM (SELECT * FROM customers) AS "t1" LIMIT 50000 OFFSET 500000
[2023-03-13T23:10:36.504+0000] {subprocess.py:93} INFO - [2023-03-13T23:10:36,503][INFO ][logstash.inputs.jdbc     ][main][afa454a497099ce3438919c7cfc7ae10a3b3980082608321cda443e0b5f70dbd] (0.179186s) SELECT * FROM (SELECT * FROM customers) AS "t1" LIMIT 50000 OFFSET 550000
[2023-03-13T23:10:38.762+0000] {subprocess.py:93} INFO - [2023-03-13T23:10:38,762][INFO ][logstash.inputs.jdbc     ][main][afa454a497099ce3438919c7cfc7ae10a3b3980082608321cda443e0b5f70dbd] (0.126164s) SELECT * FROM (SELECT * FROM customers) AS "t1" LIMIT 50000 OFFSET 600000
[2023-03-13T23:10:50.426+0000] {subprocess.py:93} INFO - [2023-03-13T23:10:50,425][INFO ][logstash.inputs.jdbc     ][main][afa454a497099ce3438919c7cfc7ae10a3b3980082608321cda443e0b5f70dbd] (0.157682s) SELECT * FROM (SELECT * FROM customers) AS "t1" LIMIT 50000 OFFSET 650000
[2023-03-13T23:10:52.776+0000] {subprocess.py:93} INFO - [2023-03-13T23:10:52,776][INFO ][logstash.inputs.jdbc     ][main][afa454a497099ce3438919c7cfc7ae10a3b3980082608321cda443e0b5f70dbd] (0.170742s) SELECT * FROM (SELECT * FROM customers) AS "t1" LIMIT 50000 OFFSET 700000
[2023-03-13T23:10:57.267+0000] {subprocess.py:93} INFO - [2023-03-13T23:10:57,267][INFO ][logstash.inputs.jdbc     ][main][afa454a497099ce3438919c7cfc7ae10a3b3980082608321cda443e0b5f70dbd] (0.143764s) SELECT * FROM (SELECT * FROM customers) AS "t1" LIMIT 50000 OFFSET 750000
[2023-03-13T23:10:59.580+0000] {subprocess.py:93} INFO - [2023-03-13T23:10:59,580][INFO ][logstash.inputs.jdbc     ][main][afa454a497099ce3438919c7cfc7ae10a3b3980082608321cda443e0b5f70dbd] (0.150449s) SELECT * FROM (SELECT * FROM customers) AS "t1" LIMIT 50000 OFFSET 800000
[2023-03-13T23:11:02.012+0000] {subprocess.py:93} INFO - [2023-03-13T23:11:02,012][INFO ][logstash.inputs.jdbc     ][main][afa454a497099ce3438919c7cfc7ae10a3b3980082608321cda443e0b5f70dbd] (0.145774s) SELECT * FROM (SELECT * FROM customers) AS "t1" LIMIT 50000 OFFSET 850000
[2023-03-13T23:11:04.347+0000] {subprocess.py:93} INFO - [2023-03-13T23:11:04,346][INFO ][logstash.inputs.jdbc     ][main][afa454a497099ce3438919c7cfc7ae10a3b3980082608321cda443e0b5f70dbd] (0.178806s) SELECT * FROM (SELECT * FROM customers) AS "t1" LIMIT 50000 OFFSET 900000
[2023-03-13T23:11:06.938+0000] {subprocess.py:93} INFO - [2023-03-13T23:11:06,937][INFO ][logstash.inputs.jdbc     ][main][afa454a497099ce3438919c7cfc7ae10a3b3980082608321cda443e0b5f70dbd] (0.156671s) SELECT * FROM (SELECT * FROM customers) AS "t1" LIMIT 50000 OFFSET 950000
[2023-03-13T23:11:09.302+0000] {subprocess.py:93} INFO - [2023-03-13T23:11:09,302][INFO ][logstash.inputs.jdbc     ][main][afa454a497099ce3438919c7cfc7ae10a3b3980082608321cda443e0b5f70dbd] (0.155403s) SELECT * FROM (SELECT * FROM customers) AS "t1" LIMIT 50000 OFFSET 1000000
[2023-03-13T23:11:11.857+0000] {subprocess.py:93} INFO - [2023-03-13T23:11:11,857][INFO ][logstash.inputs.jdbc     ][main][afa454a497099ce3438919c7cfc7ae10a3b3980082608321cda443e0b5f70dbd] (0.175679s) SELECT * FROM (SELECT * FROM customers) AS "t1" LIMIT 50000 OFFSET 1050000
[2023-03-13T23:11:14.513+0000] {subprocess.py:93} INFO - [2023-03-13T23:11:14,513][INFO ][logstash.inputs.jdbc     ][main][afa454a497099ce3438919c7cfc7ae10a3b3980082608321cda443e0b5f70dbd] (0.147784s) SELECT * FROM (SELECT * FROM customers) AS "t1" LIMIT 50000 OFFSET 1100000
[2023-03-13T23:11:16.820+0000] {subprocess.py:93} INFO - [2023-03-13T23:11:16,820][INFO ][logstash.inputs.jdbc     ][main][afa454a497099ce3438919c7cfc7ae10a3b3980082608321cda443e0b5f70dbd] (0.154197s) SELECT * FROM (SELECT * FROM customers) AS "t1" LIMIT 50000 OFFSET 1150000
[2023-03-13T23:11:19.229+0000] {subprocess.py:93} INFO - [2023-03-13T23:11:19,229][INFO ][logstash.javapipeline    ][main] Pipeline terminated {"pipeline.id"=>"main"}
[2023-03-13T23:11:19.554+0000] {subprocess.py:93} INFO - [2023-03-13T23:11:19,553][INFO ][logstash.pipelinesregistry] Removed pipeline from registry successfully {:pipeline_id=>:main}
[2023-03-13T23:11:19.613+0000] {subprocess.py:93} INFO - [2023-03-13T23:11:19,613][INFO ][logstash.runner          ] Logstash shut down.
[2023-03-13T23:11:19.789+0000] {subprocess.py:97} INFO - Command exited with return code 0
[2023-03-13T23:11:19.821+0000] {taskinstance.py:1318} INFO - Marking task as SUCCESS. dag_id=AUTOMATISATION, task_id=Chargement_des_données_in_ELK, execution_date=20230313T000418, start_date=20230313T230929, end_date=20230313T231119
[2023-03-13T23:11:19.865+0000] {local_task_job.py:208} INFO - Task exited with return code 0
[2023-03-13T23:11:19.885+0000] {taskinstance.py:2578} INFO - 0 downstream tasks scheduled from follow-on schedule check
[2023-03-15T07:38:36.893+0000] {taskinstance.py:1083} INFO - Dependencies all met for <TaskInstance: AUTOMATISATION.Chargement_des_données_in_ELK scheduled__2023-03-13T00:04:18+00:00 [queued]>
[2023-03-15T07:38:36.897+0000] {taskinstance.py:1083} INFO - Dependencies all met for <TaskInstance: AUTOMATISATION.Chargement_des_données_in_ELK scheduled__2023-03-13T00:04:18+00:00 [queued]>
[2023-03-15T07:38:36.897+0000] {taskinstance.py:1279} INFO - 
--------------------------------------------------------------------------------
[2023-03-15T07:38:36.897+0000] {taskinstance.py:1280} INFO - Starting attempt 1 of 4
[2023-03-15T07:38:36.897+0000] {taskinstance.py:1281} INFO - 
--------------------------------------------------------------------------------
[2023-03-15T07:38:36.908+0000] {taskinstance.py:1300} INFO - Executing <Task(BashOperator): Chargement_des_données_in_ELK> on 2023-03-13 00:04:18+00:00
[2023-03-15T07:38:36.909+0000] {standard_task_runner.py:55} INFO - Started process 135078 to run task
[2023-03-15T07:38:36.911+0000] {standard_task_runner.py:82} INFO - Running: ['airflow', 'tasks', 'run', 'AUTOMATISATION', 'Chargement_des_données_in_ELK', 'scheduled__2023-03-13T00:04:18+00:00', '--job-id', '820', '--raw', '--subdir', 'DAGS_FOLDER/main.py', '--cfg-path', '/tmp/tmp6h8axy8d']
[2023-03-15T07:38:36.911+0000] {standard_task_runner.py:83} INFO - Job 820: Subtask Chargement_des_données_in_ELK
[2023-03-15T07:38:36.941+0000] {task_command.py:388} INFO - Running <TaskInstance: AUTOMATISATION.Chargement_des_données_in_ELK scheduled__2023-03-13T00:04:18+00:00 [running]> on host dev
[2023-03-15T07:38:36.980+0000] {taskinstance.py:1507} INFO - Exporting the following env vars:
AIRFLOW_CTX_DAG_OWNER=airflow
AIRFLOW_CTX_DAG_ID=AUTOMATISATION
AIRFLOW_CTX_TASK_ID=Chargement_des_données_in_ELK
AIRFLOW_CTX_EXECUTION_DATE=2023-03-13T00:04:18+00:00
AIRFLOW_CTX_TRY_NUMBER=1
AIRFLOW_CTX_DAG_RUN_ID=scheduled__2023-03-13T00:04:18+00:00
[2023-03-15T07:38:36.981+0000] {subprocess.py:63} INFO - Tmp dir root location: 
 /tmp
[2023-03-15T07:38:36.981+0000] {subprocess.py:75} INFO - Running command: ['/usr/bin/bash', '-c', 'echo dev | sudo -S /usr/share/logstash/bin/logstash --path.settings=/etc/logstash/ -f /etc/logstash/conf.d/data.conf']
[2023-03-15T07:38:36.985+0000] {subprocess.py:86} INFO - Output:
[2023-03-15T07:38:37.021+0000] {subprocess.py:93} INFO - [sudo] Mot de passe de dev : Using bundled JDK: /usr/share/logstash/jdk
[2023-03-15T07:38:37.146+0000] {subprocess.py:93} INFO - OpenJDK 64-Bit Server VM warning: Option UseConcMarkSweepGC was deprecated in version 9.0 and will likely be removed in a future release.
[2023-03-15T07:38:48.444+0000] {subprocess.py:93} INFO - Sending Logstash logs to /var/log/logstash which is now configured via log4j2.properties
[2023-03-15T07:38:48.502+0000] {subprocess.py:93} INFO - [2023-03-15T07:38:48,500][INFO ][logstash.runner          ] Log4j configuration path used is: /etc/logstash/log4j2.properties
[2023-03-15T07:38:48.510+0000] {subprocess.py:93} INFO - [2023-03-15T07:38:48,509][INFO ][logstash.runner          ] Starting Logstash {"logstash.version"=>"7.15.2", "jruby.version"=>"jruby 9.2.19.0 (2.5.8) 2021-06-15 55810c552b OpenJDK 64-Bit Server VM 11.0.12+7 on 11.0.12+7 +indy +jit [linux-x86_64]"}
[2023-03-15T07:38:48.737+0000] {subprocess.py:93} INFO - [2023-03-15T07:38:48,737][WARN ][logstash.config.source.multilocal] Ignoring the 'pipelines.yml' file because modules or command line options are specified
[2023-03-15T07:38:49.629+0000] {subprocess.py:93} INFO - [2023-03-15T07:38:49,629][INFO ][logstash.agent           ] Successfully started Logstash API endpoint {:port=>9600}
[2023-03-15T07:38:50.097+0000] {subprocess.py:93} INFO - [2023-03-15T07:38:50,097][INFO ][org.reflections.Reflections] Reflections took 61 ms to scan 1 urls, producing 120 keys and 417 values
[2023-03-15T07:38:51.009+0000] {subprocess.py:93} INFO - [2023-03-15T07:38:51,009][INFO ][logstash.outputs.elasticsearch][main] New Elasticsearch output {:class=>"LogStash::Outputs::ElasticSearch", :hosts=>["//localhost:9200"]}
[2023-03-15T07:38:51.271+0000] {subprocess.py:93} INFO - [2023-03-15T07:38:51,270][INFO ][logstash.outputs.elasticsearch][main] Elasticsearch pool URLs updated {:changes=>{:removed=>[], :added=>[http://localhost:9200/]}}
[2023-03-15T07:38:51.378+0000] {subprocess.py:93} INFO - [2023-03-15T07:38:51,378][WARN ][logstash.outputs.elasticsearch][main] Restored connection to ES instance {:url=>"http://localhost:9200/"}
[2023-03-15T07:38:51.409+0000] {subprocess.py:93} INFO - [2023-03-15T07:38:51,408][INFO ][logstash.outputs.elasticsearch][main] Elasticsearch version determined (7.15.2) {:es_version=>7}
[2023-03-15T07:38:51.411+0000] {subprocess.py:93} INFO - [2023-03-15T07:38:51,410][WARN ][logstash.outputs.elasticsearch][main] Detected a 6.x and above cluster: the `type` event field won't be used to determine the document _type {:es_version=>7}
[2023-03-15T07:38:51.509+0000] {subprocess.py:93} INFO - [2023-03-15T07:38:51,509][INFO ][logstash.outputs.elasticsearch][main] Using a default mapping template {:es_version=>7, :ecs_compatibility=>:disabled}
[2023-03-15T07:38:51.546+0000] {subprocess.py:93} INFO - [2023-03-15T07:38:51,546][INFO ][logstash.javapipeline    ][main] Starting pipeline {:pipeline_id=>"main", "pipeline.workers"=>8, "pipeline.batch.size"=>125, "pipeline.batch.delay"=>50, "pipeline.max_inflight"=>1000, "pipeline.sources"=>["/etc/logstash/conf.d/data.conf"], :thread=>"#<Thread:0x40a7d574 run>"}
[2023-03-15T07:38:52.074+0000] {subprocess.py:93} INFO - [2023-03-15T07:38:52,074][INFO ][logstash.javapipeline    ][main] Pipeline Java execution initialization time {"seconds"=>0.53}
[2023-03-15T07:38:52.132+0000] {subprocess.py:93} INFO - [2023-03-15T07:38:52,132][INFO ][logstash.javapipeline    ][main] Pipeline started {"pipeline.id"=>"main"}
[2023-03-15T07:38:52.198+0000] {subprocess.py:93} INFO - [2023-03-15T07:38:52,198][INFO ][logstash.agent           ] Pipelines running {:count=>1, :running_pipelines=>[:main], :non_running_pipelines=>[]}
[2023-03-15T07:38:52.913+0000] {subprocess.py:93} INFO - [2023-03-15T07:38:52,913][INFO ][logstash.inputs.jdbc     ][main][afa454a497099ce3438919c7cfc7ae10a3b3980082608321cda443e0b5f70dbd] (0.012503s) SELECT CAST(current_setting('server_version_num') AS integer) AS v
[2023-03-15T07:38:52.998+0000] {subprocess.py:93} INFO - [2023-03-15T07:38:52,998][INFO ][logstash.inputs.jdbc     ][main][afa454a497099ce3438919c7cfc7ae10a3b3980082608321cda443e0b5f70dbd] (0.001696s) SELECT count(*) AS "count" FROM (SELECT * FROM customers) AS "t1" LIMIT 1
[2023-03-15T07:38:53.469+0000] {subprocess.py:93} INFO - [2023-03-15T07:38:53,468][INFO ][logstash.javapipeline    ][main] Pipeline terminated {"pipeline.id"=>"main"}
[2023-03-15T07:38:53.747+0000] {subprocess.py:93} INFO - [2023-03-15T07:38:53,747][INFO ][logstash.pipelinesregistry] Removed pipeline from registry successfully {:pipeline_id=>:main}
[2023-03-15T07:38:53.767+0000] {subprocess.py:93} INFO - [2023-03-15T07:38:53,767][INFO ][logstash.runner          ] Logstash shut down.
[2023-03-15T07:38:53.819+0000] {subprocess.py:97} INFO - Command exited with return code 0
[2023-03-15T07:38:53.833+0000] {taskinstance.py:1318} INFO - Marking task as SUCCESS. dag_id=AUTOMATISATION, task_id=Chargement_des_données_in_ELK, execution_date=20230313T000418, start_date=20230315T073836, end_date=20230315T073853
[2023-03-15T07:38:53.852+0000] {local_task_job.py:208} INFO - Task exited with return code 0
[2023-03-15T07:38:53.857+0000] {taskinstance.py:2578} INFO - 0 downstream tasks scheduled from follow-on schedule check
