[2023-03-13T22:29:33.766+0000] {taskinstance.py:1083} INFO - Dependencies all met for <TaskInstance: AUTOMATISATION.demarre_ELK scheduled__2023-03-13T00:03:24+00:00 [queued]>
[2023-03-13T22:29:33.779+0000] {taskinstance.py:1083} INFO - Dependencies all met for <TaskInstance: AUTOMATISATION.demarre_ELK scheduled__2023-03-13T00:03:24+00:00 [queued]>
[2023-03-13T22:29:33.779+0000] {taskinstance.py:1279} INFO - 
--------------------------------------------------------------------------------
[2023-03-13T22:29:33.779+0000] {taskinstance.py:1280} INFO - Starting attempt 1 of 2
[2023-03-13T22:29:33.779+0000] {taskinstance.py:1281} INFO - 
--------------------------------------------------------------------------------
[2023-03-13T22:29:33.808+0000] {taskinstance.py:1300} INFO - Executing <Task(BashOperator): demarre_ELK> on 2023-03-13 00:03:24+00:00
[2023-03-13T22:29:33.811+0000] {standard_task_runner.py:55} INFO - Started process 72858 to run task
[2023-03-13T22:29:33.815+0000] {standard_task_runner.py:82} INFO - Running: ['airflow', 'tasks', 'run', 'AUTOMATISATION', 'demarre_ELK', 'scheduled__2023-03-13T00:03:24+00:00', '--job-id', '412', '--raw', '--subdir', 'DAGS_FOLDER/main.py', '--cfg-path', '/tmp/tmprjsf_nml']
[2023-03-13T22:29:33.817+0000] {standard_task_runner.py:83} INFO - Job 412: Subtask demarre_ELK
[2023-03-13T22:29:33.883+0000] {task_command.py:388} INFO - Running <TaskInstance: AUTOMATISATION.demarre_ELK scheduled__2023-03-13T00:03:24+00:00 [running]> on host dev
[2023-03-13T22:29:34.002+0000] {taskinstance.py:1507} INFO - Exporting the following env vars:
AIRFLOW_CTX_DAG_OWNER=airflow
AIRFLOW_CTX_DAG_ID=AUTOMATISATION
AIRFLOW_CTX_TASK_ID=demarre_ELK
AIRFLOW_CTX_EXECUTION_DATE=2023-03-13T00:03:24+00:00
AIRFLOW_CTX_TRY_NUMBER=1
AIRFLOW_CTX_DAG_RUN_ID=scheduled__2023-03-13T00:03:24+00:00
[2023-03-13T22:29:34.004+0000] {subprocess.py:63} INFO - Tmp dir root location: 
 /tmp
[2023-03-13T22:29:34.005+0000] {subprocess.py:75} INFO - Running command: ['/usr/bin/bash', '-c', 'docker-compose -f /home/dev/soute/ELK/docker-compose.yml up -d']
[2023-03-13T22:29:34.013+0000] {subprocess.py:86} INFO - Output:
[2023-03-13T22:29:34.865+0000] {subprocess.py:93} INFO - elasticsearch is up-to-date
[2023-03-13T22:29:34.865+0000] {subprocess.py:93} INFO - kibana is up-to-date
[2023-03-13T22:29:34.918+0000] {subprocess.py:97} INFO - Command exited with return code 0
[2023-03-13T22:29:34.953+0000] {taskinstance.py:1318} INFO - Marking task as SUCCESS. dag_id=AUTOMATISATION, task_id=demarre_ELK, execution_date=20230313T000324, start_date=20230313T222933, end_date=20230313T222934
[2023-03-13T22:29:34.990+0000] {local_task_job.py:208} INFO - Task exited with return code 0
[2023-03-13T22:29:35.017+0000] {taskinstance.py:2578} INFO - 1 downstream tasks scheduled from follow-on schedule check
[2023-03-15T07:32:36.671+0000] {taskinstance.py:1083} INFO - Dependencies all met for <TaskInstance: AUTOMATISATION.demarre_ELK scheduled__2023-03-13T00:03:24+00:00 [queued]>
[2023-03-15T07:32:36.675+0000] {taskinstance.py:1083} INFO - Dependencies all met for <TaskInstance: AUTOMATISATION.demarre_ELK scheduled__2023-03-13T00:03:24+00:00 [queued]>
[2023-03-15T07:32:36.675+0000] {taskinstance.py:1279} INFO - 
--------------------------------------------------------------------------------
[2023-03-15T07:32:36.675+0000] {taskinstance.py:1280} INFO - Starting attempt 1 of 2
[2023-03-15T07:32:36.675+0000] {taskinstance.py:1281} INFO - 
--------------------------------------------------------------------------------
[2023-03-15T07:32:36.685+0000] {taskinstance.py:1300} INFO - Executing <Task(BashOperator): demarre_ELK> on 2023-03-13 00:03:24+00:00
[2023-03-15T07:32:36.686+0000] {standard_task_runner.py:55} INFO - Started process 131793 to run task
[2023-03-15T07:32:36.688+0000] {standard_task_runner.py:82} INFO - Running: ['airflow', 'tasks', 'run', 'AUTOMATISATION', 'demarre_ELK', 'scheduled__2023-03-13T00:03:24+00:00', '--job-id', '783', '--raw', '--subdir', 'DAGS_FOLDER/main.py', '--cfg-path', '/tmp/tmpzzggm4zp']
[2023-03-15T07:32:36.689+0000] {standard_task_runner.py:83} INFO - Job 783: Subtask demarre_ELK
[2023-03-15T07:32:36.719+0000] {task_command.py:388} INFO - Running <TaskInstance: AUTOMATISATION.demarre_ELK scheduled__2023-03-13T00:03:24+00:00 [running]> on host dev
[2023-03-15T07:32:36.754+0000] {taskinstance.py:1507} INFO - Exporting the following env vars:
AIRFLOW_CTX_DAG_OWNER=airflow
AIRFLOW_CTX_DAG_ID=AUTOMATISATION
AIRFLOW_CTX_TASK_ID=demarre_ELK
AIRFLOW_CTX_EXECUTION_DATE=2023-03-13T00:03:24+00:00
AIRFLOW_CTX_TRY_NUMBER=1
AIRFLOW_CTX_DAG_RUN_ID=scheduled__2023-03-13T00:03:24+00:00
[2023-03-15T07:32:36.755+0000] {subprocess.py:63} INFO - Tmp dir root location: 
 /tmp
[2023-03-15T07:32:36.755+0000] {subprocess.py:75} INFO - Running command: ['/usr/bin/bash', '-c', 'docker-compose -f /home/dev/soute/ELK/docker-compose.yml up -d']
[2023-03-15T07:32:36.759+0000] {subprocess.py:86} INFO - Output:
[2023-03-15T07:32:37.054+0000] {subprocess.py:93} INFO - elasticsearch is up-to-date
[2023-03-15T07:32:37.054+0000] {subprocess.py:93} INFO - kibana is up-to-date
[2023-03-15T07:32:37.074+0000] {subprocess.py:97} INFO - Command exited with return code 0
[2023-03-15T07:32:37.088+0000] {taskinstance.py:1318} INFO - Marking task as SUCCESS. dag_id=AUTOMATISATION, task_id=demarre_ELK, execution_date=20230313T000324, start_date=20230315T073236, end_date=20230315T073237
[2023-03-15T07:32:37.140+0000] {local_task_job.py:208} INFO - Task exited with return code 0
[2023-03-15T07:32:37.165+0000] {taskinstance.py:2578} INFO - 1 downstream tasks scheduled from follow-on schedule check
