[2023-03-14T00:10:01.008+0000] {taskinstance.py:1083} INFO - Dependencies all met for <TaskInstance: AUTOMATISATION.demarre_ELK scheduled__2023-03-13T00:05:45+00:00 [queued]>
[2023-03-14T00:10:01.020+0000] {taskinstance.py:1083} INFO - Dependencies all met for <TaskInstance: AUTOMATISATION.demarre_ELK scheduled__2023-03-13T00:05:45+00:00 [queued]>
[2023-03-14T00:10:01.020+0000] {taskinstance.py:1279} INFO - 
--------------------------------------------------------------------------------
[2023-03-14T00:10:01.020+0000] {taskinstance.py:1280} INFO - Starting attempt 1 of 2
[2023-03-14T00:10:01.020+0000] {taskinstance.py:1281} INFO - 
--------------------------------------------------------------------------------
[2023-03-14T00:10:01.048+0000] {taskinstance.py:1300} INFO - Executing <Task(BashOperator): demarre_ELK> on 2023-03-13 00:05:45+00:00
[2023-03-14T00:10:01.051+0000] {standard_task_runner.py:55} INFO - Started process 95482 to run task
[2023-03-14T00:10:01.056+0000] {standard_task_runner.py:82} INFO - Running: ['airflow', 'tasks', 'run', 'AUTOMATISATION', 'demarre_ELK', 'scheduled__2023-03-13T00:05:45+00:00', '--job-id', '506', '--raw', '--subdir', 'DAGS_FOLDER/main.py', '--cfg-path', '/tmp/tmpaph7a880']
[2023-03-14T00:10:01.058+0000] {standard_task_runner.py:83} INFO - Job 506: Subtask demarre_ELK
[2023-03-14T00:10:01.128+0000] {task_command.py:388} INFO - Running <TaskInstance: AUTOMATISATION.demarre_ELK scheduled__2023-03-13T00:05:45+00:00 [running]> on host dev
[2023-03-14T00:10:01.215+0000] {taskinstance.py:1507} INFO - Exporting the following env vars:
AIRFLOW_CTX_DAG_OWNER=airflow
AIRFLOW_CTX_DAG_ID=AUTOMATISATION
AIRFLOW_CTX_TASK_ID=demarre_ELK
AIRFLOW_CTX_EXECUTION_DATE=2023-03-13T00:05:45+00:00
AIRFLOW_CTX_TRY_NUMBER=1
AIRFLOW_CTX_DAG_RUN_ID=scheduled__2023-03-13T00:05:45+00:00
[2023-03-14T00:10:01.217+0000] {subprocess.py:63} INFO - Tmp dir root location: 
 /tmp
[2023-03-14T00:10:01.218+0000] {subprocess.py:75} INFO - Running command: ['/usr/bin/bash', '-c', 'docker-compose -f /home/dev/soute/ELK/docker-compose.yml up -d']
[2023-03-14T00:10:01.226+0000] {subprocess.py:86} INFO - Output:
[2023-03-14T00:10:02.020+0000] {subprocess.py:93} INFO - elasticsearch is up-to-date
[2023-03-14T00:10:02.021+0000] {subprocess.py:93} INFO - kibana is up-to-date
[2023-03-14T00:10:02.073+0000] {subprocess.py:97} INFO - Command exited with return code 0
[2023-03-14T00:10:02.105+0000] {taskinstance.py:1318} INFO - Marking task as SUCCESS. dag_id=AUTOMATISATION, task_id=demarre_ELK, execution_date=20230313T000545, start_date=20230314T001001, end_date=20230314T001002
[2023-03-14T00:10:02.150+0000] {local_task_job.py:208} INFO - Task exited with return code 0
[2023-03-14T00:10:02.176+0000] {taskinstance.py:2578} INFO - 1 downstream tasks scheduled from follow-on schedule check
[2023-03-15T07:51:42.180+0000] {taskinstance.py:1083} INFO - Dependencies all met for <TaskInstance: AUTOMATISATION.demarre_ELK scheduled__2023-03-13T00:05:45+00:00 [queued]>
[2023-03-15T07:51:42.185+0000] {taskinstance.py:1083} INFO - Dependencies all met for <TaskInstance: AUTOMATISATION.demarre_ELK scheduled__2023-03-13T00:05:45+00:00 [queued]>
[2023-03-15T07:51:42.185+0000] {taskinstance.py:1279} INFO - 
--------------------------------------------------------------------------------
[2023-03-15T07:51:42.185+0000] {taskinstance.py:1280} INFO - Starting attempt 1 of 2
[2023-03-15T07:51:42.185+0000] {taskinstance.py:1281} INFO - 
--------------------------------------------------------------------------------
[2023-03-15T07:51:42.198+0000] {taskinstance.py:1300} INFO - Executing <Task(BashOperator): demarre_ELK> on 2023-03-13 00:05:45+00:00
[2023-03-15T07:51:42.200+0000] {standard_task_runner.py:55} INFO - Started process 142933 to run task
[2023-03-15T07:51:42.201+0000] {standard_task_runner.py:82} INFO - Running: ['airflow', 'tasks', 'run', 'AUTOMATISATION', 'demarre_ELK', 'scheduled__2023-03-13T00:05:45+00:00', '--job-id', '879', '--raw', '--subdir', 'DAGS_FOLDER/main.py', '--cfg-path', '/tmp/tmpbzx8py3a']
[2023-03-15T07:51:42.202+0000] {standard_task_runner.py:83} INFO - Job 879: Subtask demarre_ELK
[2023-03-15T07:51:42.232+0000] {task_command.py:388} INFO - Running <TaskInstance: AUTOMATISATION.demarre_ELK scheduled__2023-03-13T00:05:45+00:00 [running]> on host dev
[2023-03-15T07:51:42.270+0000] {taskinstance.py:1507} INFO - Exporting the following env vars:
AIRFLOW_CTX_DAG_OWNER=airflow
AIRFLOW_CTX_DAG_ID=AUTOMATISATION
AIRFLOW_CTX_TASK_ID=demarre_ELK
AIRFLOW_CTX_EXECUTION_DATE=2023-03-13T00:05:45+00:00
AIRFLOW_CTX_TRY_NUMBER=1
AIRFLOW_CTX_DAG_RUN_ID=scheduled__2023-03-13T00:05:45+00:00
[2023-03-15T07:51:42.271+0000] {subprocess.py:63} INFO - Tmp dir root location: 
 /tmp
[2023-03-15T07:51:42.271+0000] {subprocess.py:75} INFO - Running command: ['/usr/bin/bash', '-c', 'docker-compose -f /home/dev/soute/ELK/docker-compose.yml up -d']
[2023-03-15T07:51:42.276+0000] {subprocess.py:86} INFO - Output:
[2023-03-15T07:51:42.664+0000] {subprocess.py:93} INFO - elasticsearch is up-to-date
[2023-03-15T07:51:42.665+0000] {subprocess.py:93} INFO - kibana is up-to-date
[2023-03-15T07:51:42.693+0000] {subprocess.py:97} INFO - Command exited with return code 0
[2023-03-15T07:51:42.708+0000] {taskinstance.py:1318} INFO - Marking task as SUCCESS. dag_id=AUTOMATISATION, task_id=demarre_ELK, execution_date=20230313T000545, start_date=20230315T075142, end_date=20230315T075142
[2023-03-15T07:51:42.734+0000] {local_task_job.py:208} INFO - Task exited with return code 0
[2023-03-15T07:51:42.751+0000] {taskinstance.py:2578} INFO - 1 downstream tasks scheduled from follow-on schedule check
