[2023-03-13T19:31:00.859+0000] {taskinstance.py:1083} INFO - Dependencies all met for <TaskInstance: AUTOMATISATION.demarre_ELK scheduled__2023-03-13T00:00:30+00:00 [queued]>
[2023-03-13T19:31:00.873+0000] {taskinstance.py:1083} INFO - Dependencies all met for <TaskInstance: AUTOMATISATION.demarre_ELK scheduled__2023-03-13T00:00:30+00:00 [queued]>
[2023-03-13T19:31:00.874+0000] {taskinstance.py:1279} INFO - 
--------------------------------------------------------------------------------
[2023-03-13T19:31:00.874+0000] {taskinstance.py:1280} INFO - Starting attempt 1 of 2
[2023-03-13T19:31:00.874+0000] {taskinstance.py:1281} INFO - 
--------------------------------------------------------------------------------
[2023-03-13T19:31:00.896+0000] {taskinstance.py:1300} INFO - Executing <Task(BashOperator): demarre_ELK> on 2023-03-13 00:00:30+00:00
[2023-03-13T19:31:00.899+0000] {standard_task_runner.py:55} INFO - Started process 35059 to run task
[2023-03-13T19:31:00.904+0000] {standard_task_runner.py:82} INFO - Running: ['airflow', 'tasks', 'run', 'AUTOMATISATION', 'demarre_ELK', 'scheduled__2023-03-13T00:00:30+00:00', '--job-id', '24', '--raw', '--subdir', 'DAGS_FOLDER/main.py', '--cfg-path', '/tmp/tmpr_1owrc9']
[2023-03-13T19:31:00.905+0000] {standard_task_runner.py:83} INFO - Job 24: Subtask demarre_ELK
[2023-03-13T19:31:00.971+0000] {task_command.py:388} INFO - Running <TaskInstance: AUTOMATISATION.demarre_ELK scheduled__2023-03-13T00:00:30+00:00 [running]> on host dev
[2023-03-13T19:31:01.036+0000] {taskinstance.py:1507} INFO - Exporting the following env vars:
AIRFLOW_CTX_DAG_OWNER=airflow
AIRFLOW_CTX_DAG_ID=AUTOMATISATION
AIRFLOW_CTX_TASK_ID=demarre_ELK
AIRFLOW_CTX_EXECUTION_DATE=2023-03-13T00:00:30+00:00
AIRFLOW_CTX_TRY_NUMBER=1
AIRFLOW_CTX_DAG_RUN_ID=scheduled__2023-03-13T00:00:30+00:00
[2023-03-13T19:31:01.038+0000] {subprocess.py:63} INFO - Tmp dir root location: 
 /tmp
[2023-03-13T19:31:01.039+0000] {subprocess.py:75} INFO - Running command: ['/usr/bin/bash', '-c', 'docker-compose -f /home/dev/soute/ELK/docker-compose.yml up -d']
[2023-03-13T19:31:01.047+0000] {subprocess.py:86} INFO - Output:
[2023-03-13T19:31:01.828+0000] {subprocess.py:93} INFO - elasticsearch is up-to-date
[2023-03-13T19:31:01.828+0000] {subprocess.py:93} INFO - kibana is up-to-date
[2023-03-13T19:31:01.888+0000] {subprocess.py:97} INFO - Command exited with return code 0
[2023-03-13T19:31:01.916+0000] {taskinstance.py:1318} INFO - Marking task as SUCCESS. dag_id=AUTOMATISATION, task_id=demarre_ELK, execution_date=20230313T000030, start_date=20230313T193100, end_date=20230313T193101
[2023-03-13T19:31:01.957+0000] {local_task_job.py:208} INFO - Task exited with return code 0
[2023-03-13T19:31:01.985+0000] {taskinstance.py:2578} INFO - 1 downstream tasks scheduled from follow-on schedule check
[2023-03-13T19:41:35.034+0000] {taskinstance.py:1083} INFO - Dependencies all met for <TaskInstance: AUTOMATISATION.demarre_ELK scheduled__2023-03-13T00:00:30+00:00 [queued]>
[2023-03-13T19:41:35.047+0000] {taskinstance.py:1083} INFO - Dependencies all met for <TaskInstance: AUTOMATISATION.demarre_ELK scheduled__2023-03-13T00:00:30+00:00 [queued]>
[2023-03-13T19:41:35.047+0000] {taskinstance.py:1279} INFO - 
--------------------------------------------------------------------------------
[2023-03-13T19:41:35.047+0000] {taskinstance.py:1280} INFO - Starting attempt 1 of 2
[2023-03-13T19:41:35.047+0000] {taskinstance.py:1281} INFO - 
--------------------------------------------------------------------------------
[2023-03-13T19:41:35.068+0000] {taskinstance.py:1300} INFO - Executing <Task(BashOperator): demarre_ELK> on 2023-03-13 00:00:30+00:00
[2023-03-13T19:41:35.071+0000] {standard_task_runner.py:55} INFO - Started process 37080 to run task
[2023-03-13T19:41:35.075+0000] {standard_task_runner.py:82} INFO - Running: ['airflow', 'tasks', 'run', 'AUTOMATISATION', 'demarre_ELK', 'scheduled__2023-03-13T00:00:30+00:00', '--job-id', '72', '--raw', '--subdir', 'DAGS_FOLDER/main.py', '--cfg-path', '/tmp/tmpeotua15z']
[2023-03-13T19:41:35.077+0000] {standard_task_runner.py:83} INFO - Job 72: Subtask demarre_ELK
[2023-03-13T19:41:35.142+0000] {task_command.py:388} INFO - Running <TaskInstance: AUTOMATISATION.demarre_ELK scheduled__2023-03-13T00:00:30+00:00 [running]> on host dev
[2023-03-13T19:41:35.214+0000] {taskinstance.py:1507} INFO - Exporting the following env vars:
AIRFLOW_CTX_DAG_OWNER=airflow
AIRFLOW_CTX_DAG_ID=AUTOMATISATION
AIRFLOW_CTX_TASK_ID=demarre_ELK
AIRFLOW_CTX_EXECUTION_DATE=2023-03-13T00:00:30+00:00
AIRFLOW_CTX_TRY_NUMBER=1
AIRFLOW_CTX_DAG_RUN_ID=scheduled__2023-03-13T00:00:30+00:00
[2023-03-13T19:41:35.216+0000] {subprocess.py:63} INFO - Tmp dir root location: 
 /tmp
[2023-03-13T19:41:35.217+0000] {subprocess.py:75} INFO - Running command: ['/usr/bin/bash', '-c', 'docker-compose -f /home/dev/soute/ELK/docker-compose.yml up -d']
[2023-03-13T19:41:35.225+0000] {subprocess.py:86} INFO - Output:
[2023-03-13T19:41:35.993+0000] {subprocess.py:93} INFO - elasticsearch is up-to-date
[2023-03-13T19:41:35.994+0000] {subprocess.py:93} INFO - kibana is up-to-date
[2023-03-13T19:41:36.046+0000] {subprocess.py:97} INFO - Command exited with return code 0
[2023-03-13T19:41:36.073+0000] {taskinstance.py:1318} INFO - Marking task as SUCCESS. dag_id=AUTOMATISATION, task_id=demarre_ELK, execution_date=20230313T000030, start_date=20230313T194135, end_date=20230313T194136
[2023-03-13T19:41:36.129+0000] {local_task_job.py:208} INFO - Task exited with return code 0
[2023-03-13T19:41:36.156+0000] {taskinstance.py:2578} INFO - 1 downstream tasks scheduled from follow-on schedule check
[2023-03-13T20:03:01.973+0000] {taskinstance.py:1083} INFO - Dependencies all met for <TaskInstance: AUTOMATISATION.demarre_ELK scheduled__2023-03-13T00:00:30+00:00 [queued]>
[2023-03-13T20:03:01.987+0000] {taskinstance.py:1083} INFO - Dependencies all met for <TaskInstance: AUTOMATISATION.demarre_ELK scheduled__2023-03-13T00:00:30+00:00 [queued]>
[2023-03-13T20:03:01.988+0000] {taskinstance.py:1279} INFO - 
--------------------------------------------------------------------------------
[2023-03-13T20:03:01.988+0000] {taskinstance.py:1280} INFO - Starting attempt 1 of 2
[2023-03-13T20:03:01.988+0000] {taskinstance.py:1281} INFO - 
--------------------------------------------------------------------------------
[2023-03-13T20:03:02.009+0000] {taskinstance.py:1300} INFO - Executing <Task(BashOperator): demarre_ELK> on 2023-03-13 00:00:30+00:00
[2023-03-13T20:03:02.013+0000] {standard_task_runner.py:55} INFO - Started process 40843 to run task
[2023-03-13T20:03:02.017+0000] {standard_task_runner.py:82} INFO - Running: ['airflow', 'tasks', 'run', 'AUTOMATISATION', 'demarre_ELK', 'scheduled__2023-03-13T00:00:30+00:00', '--job-id', '184', '--raw', '--subdir', 'DAGS_FOLDER/main.py', '--cfg-path', '/tmp/tmpaa_qvoiv']
[2023-03-13T20:03:02.019+0000] {standard_task_runner.py:83} INFO - Job 184: Subtask demarre_ELK
[2023-03-13T20:03:02.088+0000] {task_command.py:388} INFO - Running <TaskInstance: AUTOMATISATION.demarre_ELK scheduled__2023-03-13T00:00:30+00:00 [running]> on host dev
[2023-03-13T20:03:02.158+0000] {taskinstance.py:1507} INFO - Exporting the following env vars:
AIRFLOW_CTX_DAG_OWNER=airflow
AIRFLOW_CTX_DAG_ID=AUTOMATISATION
AIRFLOW_CTX_TASK_ID=demarre_ELK
AIRFLOW_CTX_EXECUTION_DATE=2023-03-13T00:00:30+00:00
AIRFLOW_CTX_TRY_NUMBER=1
AIRFLOW_CTX_DAG_RUN_ID=scheduled__2023-03-13T00:00:30+00:00
[2023-03-13T20:03:02.160+0000] {subprocess.py:63} INFO - Tmp dir root location: 
 /tmp
[2023-03-13T20:03:02.161+0000] {subprocess.py:75} INFO - Running command: ['/usr/bin/bash', '-c', 'docker-compose -f /home/dev/soute/ELK/docker-compose.yml up -d']
[2023-03-13T20:03:02.169+0000] {subprocess.py:86} INFO - Output:
[2023-03-13T20:03:02.965+0000] {subprocess.py:93} INFO - elasticsearch is up-to-date
[2023-03-13T20:03:02.966+0000] {subprocess.py:93} INFO - kibana is up-to-date
[2023-03-13T20:03:03.021+0000] {subprocess.py:97} INFO - Command exited with return code 0
[2023-03-13T20:03:03.051+0000] {taskinstance.py:1318} INFO - Marking task as SUCCESS. dag_id=AUTOMATISATION, task_id=demarre_ELK, execution_date=20230313T000030, start_date=20230313T200301, end_date=20230313T200303
[2023-03-13T20:03:03.111+0000] {local_task_job.py:208} INFO - Task exited with return code 0
[2023-03-13T20:03:03.139+0000] {taskinstance.py:2578} INFO - 1 downstream tasks scheduled from follow-on schedule check
[2023-03-13T20:34:18.159+0000] {taskinstance.py:1083} INFO - Dependencies all met for <TaskInstance: AUTOMATISATION.demarre_ELK scheduled__2023-03-13T00:00:30+00:00 [queued]>
[2023-03-13T20:34:18.172+0000] {taskinstance.py:1083} INFO - Dependencies all met for <TaskInstance: AUTOMATISATION.demarre_ELK scheduled__2023-03-13T00:00:30+00:00 [queued]>
[2023-03-13T20:34:18.172+0000] {taskinstance.py:1279} INFO - 
--------------------------------------------------------------------------------
[2023-03-13T20:34:18.173+0000] {taskinstance.py:1280} INFO - Starting attempt 1 of 2
[2023-03-13T20:34:18.173+0000] {taskinstance.py:1281} INFO - 
--------------------------------------------------------------------------------
[2023-03-13T20:34:18.195+0000] {taskinstance.py:1300} INFO - Executing <Task(BashOperator): demarre_ELK> on 2023-03-13 00:00:30+00:00
[2023-03-13T20:34:18.198+0000] {standard_task_runner.py:55} INFO - Started process 47275 to run task
[2023-03-13T20:34:18.203+0000] {standard_task_runner.py:82} INFO - Running: ['airflow', 'tasks', 'run', 'AUTOMATISATION', 'demarre_ELK', 'scheduled__2023-03-13T00:00:30+00:00', '--job-id', '296', '--raw', '--subdir', 'DAGS_FOLDER/main.py', '--cfg-path', '/tmp/tmphjuatgj4']
[2023-03-13T20:34:18.205+0000] {standard_task_runner.py:83} INFO - Job 296: Subtask demarre_ELK
[2023-03-13T20:34:18.271+0000] {task_command.py:388} INFO - Running <TaskInstance: AUTOMATISATION.demarre_ELK scheduled__2023-03-13T00:00:30+00:00 [running]> on host dev
[2023-03-13T20:34:18.347+0000] {taskinstance.py:1507} INFO - Exporting the following env vars:
AIRFLOW_CTX_DAG_OWNER=airflow
AIRFLOW_CTX_DAG_ID=AUTOMATISATION
AIRFLOW_CTX_TASK_ID=demarre_ELK
AIRFLOW_CTX_EXECUTION_DATE=2023-03-13T00:00:30+00:00
AIRFLOW_CTX_TRY_NUMBER=1
AIRFLOW_CTX_DAG_RUN_ID=scheduled__2023-03-13T00:00:30+00:00
[2023-03-13T20:34:18.349+0000] {subprocess.py:63} INFO - Tmp dir root location: 
 /tmp
[2023-03-13T20:34:18.349+0000] {subprocess.py:75} INFO - Running command: ['/usr/bin/bash', '-c', 'docker-compose -f /home/dev/soute/ELK/docker-compose.yml up -d']
[2023-03-13T20:34:18.357+0000] {subprocess.py:86} INFO - Output:
[2023-03-13T20:34:19.207+0000] {subprocess.py:93} INFO - elasticsearch is up-to-date
[2023-03-13T20:34:19.208+0000] {subprocess.py:93} INFO - kibana is up-to-date
[2023-03-13T20:34:19.265+0000] {subprocess.py:97} INFO - Command exited with return code 0
[2023-03-13T20:34:19.296+0000] {taskinstance.py:1318} INFO - Marking task as SUCCESS. dag_id=AUTOMATISATION, task_id=demarre_ELK, execution_date=20230313T000030, start_date=20230313T203418, end_date=20230313T203419
[2023-03-13T20:34:19.336+0000] {local_task_job.py:208} INFO - Task exited with return code 0
[2023-03-13T20:34:19.362+0000] {taskinstance.py:2578} INFO - 1 downstream tasks scheduled from follow-on schedule check
[2023-03-14T09:28:06.432+0000] {taskinstance.py:1083} INFO - Dependencies all met for <TaskInstance: AUTOMATISATION.demarre_ELK scheduled__2023-03-13T00:00:30+00:00 [queued]>
[2023-03-14T09:28:06.445+0000] {taskinstance.py:1083} INFO - Dependencies all met for <TaskInstance: AUTOMATISATION.demarre_ELK scheduled__2023-03-13T00:00:30+00:00 [queued]>
[2023-03-14T09:28:06.445+0000] {taskinstance.py:1279} INFO - 
--------------------------------------------------------------------------------
[2023-03-14T09:28:06.445+0000] {taskinstance.py:1280} INFO - Starting attempt 1 of 2
[2023-03-14T09:28:06.446+0000] {taskinstance.py:1281} INFO - 
--------------------------------------------------------------------------------
[2023-03-14T09:28:06.468+0000] {taskinstance.py:1300} INFO - Executing <Task(BashOperator): demarre_ELK> on 2023-03-13 00:00:30+00:00
[2023-03-14T09:28:06.471+0000] {standard_task_runner.py:55} INFO - Started process 25016 to run task
[2023-03-14T09:28:06.475+0000] {standard_task_runner.py:82} INFO - Running: ['airflow', 'tasks', 'run', 'AUTOMATISATION', 'demarre_ELK', 'scheduled__2023-03-13T00:00:30+00:00', '--job-id', '540', '--raw', '--subdir', 'DAGS_FOLDER/main.py', '--cfg-path', '/tmp/tmpr2lwszql']
[2023-03-14T09:28:06.477+0000] {standard_task_runner.py:83} INFO - Job 540: Subtask demarre_ELK
[2023-03-14T09:28:06.548+0000] {task_command.py:388} INFO - Running <TaskInstance: AUTOMATISATION.demarre_ELK scheduled__2023-03-13T00:00:30+00:00 [running]> on host dev
[2023-03-14T09:28:06.622+0000] {taskinstance.py:1507} INFO - Exporting the following env vars:
AIRFLOW_CTX_DAG_OWNER=airflow
AIRFLOW_CTX_DAG_ID=AUTOMATISATION
AIRFLOW_CTX_TASK_ID=demarre_ELK
AIRFLOW_CTX_EXECUTION_DATE=2023-03-13T00:00:30+00:00
AIRFLOW_CTX_TRY_NUMBER=1
AIRFLOW_CTX_DAG_RUN_ID=scheduled__2023-03-13T00:00:30+00:00
[2023-03-14T09:28:06.624+0000] {subprocess.py:63} INFO - Tmp dir root location: 
 /tmp
[2023-03-14T09:28:06.624+0000] {subprocess.py:75} INFO - Running command: ['/usr/bin/bash', '-c', 'docker-compose -f /home/dev/soute/ELK/docker-compose.yml up -d']
[2023-03-14T09:28:06.633+0000] {subprocess.py:86} INFO - Output:
[2023-03-14T09:28:07.436+0000] {subprocess.py:93} INFO - elasticsearch is up-to-date
[2023-03-14T09:28:07.437+0000] {subprocess.py:93} INFO - kibana is up-to-date
[2023-03-14T09:28:07.487+0000] {subprocess.py:97} INFO - Command exited with return code 0
[2023-03-14T09:28:07.516+0000] {taskinstance.py:1318} INFO - Marking task as SUCCESS. dag_id=AUTOMATISATION, task_id=demarre_ELK, execution_date=20230313T000030, start_date=20230314T092806, end_date=20230314T092807
[2023-03-14T09:28:07.569+0000] {local_task_job.py:208} INFO - Task exited with return code 0
[2023-03-14T09:28:07.594+0000] {taskinstance.py:2578} INFO - 1 downstream tasks scheduled from follow-on schedule check
[2023-03-15T07:10:22.761+0000] {taskinstance.py:1083} INFO - Dependencies all met for <TaskInstance: AUTOMATISATION.demarre_ELK scheduled__2023-03-13T00:00:30+00:00 [queued]>
[2023-03-15T07:10:22.765+0000] {taskinstance.py:1083} INFO - Dependencies all met for <TaskInstance: AUTOMATISATION.demarre_ELK scheduled__2023-03-13T00:00:30+00:00 [queued]>
[2023-03-15T07:10:22.766+0000] {taskinstance.py:1279} INFO - 
--------------------------------------------------------------------------------
[2023-03-15T07:10:22.766+0000] {taskinstance.py:1280} INFO - Starting attempt 1 of 2
[2023-03-15T07:10:22.766+0000] {taskinstance.py:1281} INFO - 
--------------------------------------------------------------------------------
[2023-03-15T07:10:22.778+0000] {taskinstance.py:1300} INFO - Executing <Task(BashOperator): demarre_ELK> on 2023-03-13 00:00:30+00:00
[2023-03-15T07:10:22.780+0000] {standard_task_runner.py:55} INFO - Started process 117842 to run task
[2023-03-15T07:10:22.781+0000] {standard_task_runner.py:82} INFO - Running: ['airflow', 'tasks', 'run', 'AUTOMATISATION', 'demarre_ELK', 'scheduled__2023-03-13T00:00:30+00:00', '--job-id', '665', '--raw', '--subdir', 'DAGS_FOLDER/main.py', '--cfg-path', '/tmp/tmpe59xorlr']
[2023-03-15T07:10:22.782+0000] {standard_task_runner.py:83} INFO - Job 665: Subtask demarre_ELK
[2023-03-15T07:10:22.812+0000] {task_command.py:388} INFO - Running <TaskInstance: AUTOMATISATION.demarre_ELK scheduled__2023-03-13T00:00:30+00:00 [running]> on host dev
[2023-03-15T07:10:22.847+0000] {taskinstance.py:1507} INFO - Exporting the following env vars:
AIRFLOW_CTX_DAG_OWNER=airflow
AIRFLOW_CTX_DAG_ID=AUTOMATISATION
AIRFLOW_CTX_TASK_ID=demarre_ELK
AIRFLOW_CTX_EXECUTION_DATE=2023-03-13T00:00:30+00:00
AIRFLOW_CTX_TRY_NUMBER=1
AIRFLOW_CTX_DAG_RUN_ID=scheduled__2023-03-13T00:00:30+00:00
[2023-03-15T07:10:22.848+0000] {subprocess.py:63} INFO - Tmp dir root location: 
 /tmp
[2023-03-15T07:10:22.848+0000] {subprocess.py:75} INFO - Running command: ['/usr/bin/bash', '-c', 'docker-compose -f /home/dev/soute/ELK/docker-compose.yml up -d']
[2023-03-15T07:10:22.852+0000] {subprocess.py:86} INFO - Output:
[2023-03-15T07:10:23.139+0000] {subprocess.py:93} INFO - elasticsearch is up-to-date
[2023-03-15T07:10:23.140+0000] {subprocess.py:93} INFO - kibana is up-to-date
[2023-03-15T07:10:23.162+0000] {subprocess.py:97} INFO - Command exited with return code 0
[2023-03-15T07:10:23.175+0000] {taskinstance.py:1318} INFO - Marking task as SUCCESS. dag_id=AUTOMATISATION, task_id=demarre_ELK, execution_date=20230313T000030, start_date=20230315T071022, end_date=20230315T071023
[2023-03-15T07:10:23.194+0000] {local_task_job.py:208} INFO - Task exited with return code 0
[2023-03-15T07:10:23.213+0000] {taskinstance.py:2578} INFO - 1 downstream tasks scheduled from follow-on schedule check
