[2023-03-15T07:05:37.408+0000] {processor.py:153} INFO - Started process (PID=115508) to work on /home/dev/airflow/airflow/lib/python3.10/site-packages/airflow/example_dags/plugins/workday.py
[2023-03-15T07:05:37.408+0000] {processor.py:743} INFO - Processing file /home/dev/airflow/airflow/lib/python3.10/site-packages/airflow/example_dags/plugins/workday.py for tasks to queue
[2023-03-15T07:05:37.409+0000] {logging_mixin.py:137} INFO - [2023-03-15T07:05:37.408+0000] {dagbag.py:538} INFO - Filling up the DagBag from /home/dev/airflow/airflow/lib/python3.10/site-packages/airflow/example_dags/plugins/workday.py
[2023-03-15T07:05:37.409+0000] {processor.py:755} WARNING - No viable dags retrieved from /home/dev/airflow/airflow/lib/python3.10/site-packages/airflow/example_dags/plugins/workday.py
[2023-03-15T07:05:37.417+0000] {processor.py:175} INFO - Processing /home/dev/airflow/airflow/lib/python3.10/site-packages/airflow/example_dags/plugins/workday.py took 0.012 seconds
[2023-03-15T07:06:08.588+0000] {processor.py:153} INFO - Started process (PID=115819) to work on /home/dev/airflow/airflow/lib/python3.10/site-packages/airflow/example_dags/plugins/workday.py
[2023-03-15T07:06:08.588+0000] {processor.py:743} INFO - Processing file /home/dev/airflow/airflow/lib/python3.10/site-packages/airflow/example_dags/plugins/workday.py for tasks to queue
[2023-03-15T07:06:08.589+0000] {logging_mixin.py:137} INFO - [2023-03-15T07:06:08.589+0000] {dagbag.py:538} INFO - Filling up the DagBag from /home/dev/airflow/airflow/lib/python3.10/site-packages/airflow/example_dags/plugins/workday.py
[2023-03-15T07:06:08.590+0000] {processor.py:755} WARNING - No viable dags retrieved from /home/dev/airflow/airflow/lib/python3.10/site-packages/airflow/example_dags/plugins/workday.py
[2023-03-15T07:06:08.604+0000] {processor.py:175} INFO - Processing /home/dev/airflow/airflow/lib/python3.10/site-packages/airflow/example_dags/plugins/workday.py took 0.021 seconds
[2023-03-15T07:06:39.238+0000] {processor.py:153} INFO - Started process (PID=115923) to work on /home/dev/airflow/airflow/lib/python3.10/site-packages/airflow/example_dags/plugins/workday.py
[2023-03-15T07:06:39.239+0000] {processor.py:743} INFO - Processing file /home/dev/airflow/airflow/lib/python3.10/site-packages/airflow/example_dags/plugins/workday.py for tasks to queue
[2023-03-15T07:06:39.239+0000] {logging_mixin.py:137} INFO - [2023-03-15T07:06:39.239+0000] {dagbag.py:538} INFO - Filling up the DagBag from /home/dev/airflow/airflow/lib/python3.10/site-packages/airflow/example_dags/plugins/workday.py
[2023-03-15T07:06:39.241+0000] {processor.py:755} WARNING - No viable dags retrieved from /home/dev/airflow/airflow/lib/python3.10/site-packages/airflow/example_dags/plugins/workday.py
[2023-03-15T07:06:39.249+0000] {processor.py:175} INFO - Processing /home/dev/airflow/airflow/lib/python3.10/site-packages/airflow/example_dags/plugins/workday.py took 0.013 seconds
[2023-03-15T07:07:09.904+0000] {processor.py:153} INFO - Started process (PID=116142) to work on /home/dev/airflow/airflow/lib/python3.10/site-packages/airflow/example_dags/plugins/workday.py
[2023-03-15T07:07:09.905+0000] {processor.py:743} INFO - Processing file /home/dev/airflow/airflow/lib/python3.10/site-packages/airflow/example_dags/plugins/workday.py for tasks to queue
[2023-03-15T07:07:09.905+0000] {logging_mixin.py:137} INFO - [2023-03-15T07:07:09.905+0000] {dagbag.py:538} INFO - Filling up the DagBag from /home/dev/airflow/airflow/lib/python3.10/site-packages/airflow/example_dags/plugins/workday.py
[2023-03-15T07:07:09.906+0000] {processor.py:755} WARNING - No viable dags retrieved from /home/dev/airflow/airflow/lib/python3.10/site-packages/airflow/example_dags/plugins/workday.py
[2023-03-15T07:07:09.913+0000] {processor.py:175} INFO - Processing /home/dev/airflow/airflow/lib/python3.10/site-packages/airflow/example_dags/plugins/workday.py took 0.011 seconds
[2023-03-15T07:07:40.814+0000] {processor.py:153} INFO - Started process (PID=116385) to work on /home/dev/airflow/airflow/lib/python3.10/site-packages/airflow/example_dags/plugins/workday.py
[2023-03-15T07:07:40.816+0000] {processor.py:743} INFO - Processing file /home/dev/airflow/airflow/lib/python3.10/site-packages/airflow/example_dags/plugins/workday.py for tasks to queue
[2023-03-15T07:07:40.817+0000] {logging_mixin.py:137} INFO - [2023-03-15T07:07:40.817+0000] {dagbag.py:538} INFO - Filling up the DagBag from /home/dev/airflow/airflow/lib/python3.10/site-packages/airflow/example_dags/plugins/workday.py
[2023-03-15T07:07:40.818+0000] {processor.py:755} WARNING - No viable dags retrieved from /home/dev/airflow/airflow/lib/python3.10/site-packages/airflow/example_dags/plugins/workday.py
[2023-03-15T07:07:40.830+0000] {processor.py:175} INFO - Processing /home/dev/airflow/airflow/lib/python3.10/site-packages/airflow/example_dags/plugins/workday.py took 0.020 seconds
[2023-03-15T07:08:11.209+0000] {processor.py:153} INFO - Started process (PID=116697) to work on /home/dev/airflow/airflow/lib/python3.10/site-packages/airflow/example_dags/plugins/workday.py
[2023-03-15T07:08:11.210+0000] {processor.py:743} INFO - Processing file /home/dev/airflow/airflow/lib/python3.10/site-packages/airflow/example_dags/plugins/workday.py for tasks to queue
[2023-03-15T07:08:11.210+0000] {logging_mixin.py:137} INFO - [2023-03-15T07:08:11.210+0000] {dagbag.py:538} INFO - Filling up the DagBag from /home/dev/airflow/airflow/lib/python3.10/site-packages/airflow/example_dags/plugins/workday.py
[2023-03-15T07:08:11.212+0000] {processor.py:755} WARNING - No viable dags retrieved from /home/dev/airflow/airflow/lib/python3.10/site-packages/airflow/example_dags/plugins/workday.py
[2023-03-15T07:08:11.223+0000] {processor.py:175} INFO - Processing /home/dev/airflow/airflow/lib/python3.10/site-packages/airflow/example_dags/plugins/workday.py took 0.018 seconds
[2023-03-15T07:08:41.556+0000] {processor.py:153} INFO - Started process (PID=116916) to work on /home/dev/airflow/airflow/lib/python3.10/site-packages/airflow/example_dags/plugins/workday.py
[2023-03-15T07:08:41.557+0000] {processor.py:743} INFO - Processing file /home/dev/airflow/airflow/lib/python3.10/site-packages/airflow/example_dags/plugins/workday.py for tasks to queue
[2023-03-15T07:08:41.559+0000] {logging_mixin.py:137} INFO - [2023-03-15T07:08:41.559+0000] {dagbag.py:538} INFO - Filling up the DagBag from /home/dev/airflow/airflow/lib/python3.10/site-packages/airflow/example_dags/plugins/workday.py
[2023-03-15T07:08:41.561+0000] {processor.py:755} WARNING - No viable dags retrieved from /home/dev/airflow/airflow/lib/python3.10/site-packages/airflow/example_dags/plugins/workday.py
[2023-03-15T07:08:41.572+0000] {processor.py:175} INFO - Processing /home/dev/airflow/airflow/lib/python3.10/site-packages/airflow/example_dags/plugins/workday.py took 0.019 seconds
[2023-03-15T07:09:12.149+0000] {processor.py:153} INFO - Started process (PID=117248) to work on /home/dev/airflow/airflow/lib/python3.10/site-packages/airflow/example_dags/plugins/workday.py
[2023-03-15T07:09:12.150+0000] {processor.py:743} INFO - Processing file /home/dev/airflow/airflow/lib/python3.10/site-packages/airflow/example_dags/plugins/workday.py for tasks to queue
[2023-03-15T07:09:12.151+0000] {logging_mixin.py:137} INFO - [2023-03-15T07:09:12.151+0000] {dagbag.py:538} INFO - Filling up the DagBag from /home/dev/airflow/airflow/lib/python3.10/site-packages/airflow/example_dags/plugins/workday.py
[2023-03-15T07:09:12.152+0000] {processor.py:755} WARNING - No viable dags retrieved from /home/dev/airflow/airflow/lib/python3.10/site-packages/airflow/example_dags/plugins/workday.py
[2023-03-15T07:09:12.164+0000] {processor.py:175} INFO - Processing /home/dev/airflow/airflow/lib/python3.10/site-packages/airflow/example_dags/plugins/workday.py took 0.019 seconds
[2023-03-15T07:09:42.303+0000] {processor.py:153} INFO - Started process (PID=117470) to work on /home/dev/airflow/airflow/lib/python3.10/site-packages/airflow/example_dags/plugins/workday.py
[2023-03-15T07:09:42.303+0000] {processor.py:743} INFO - Processing file /home/dev/airflow/airflow/lib/python3.10/site-packages/airflow/example_dags/plugins/workday.py for tasks to queue
[2023-03-15T07:09:42.304+0000] {logging_mixin.py:137} INFO - [2023-03-15T07:09:42.304+0000] {dagbag.py:538} INFO - Filling up the DagBag from /home/dev/airflow/airflow/lib/python3.10/site-packages/airflow/example_dags/plugins/workday.py
[2023-03-15T07:09:42.305+0000] {processor.py:755} WARNING - No viable dags retrieved from /home/dev/airflow/airflow/lib/python3.10/site-packages/airflow/example_dags/plugins/workday.py
[2023-03-15T07:09:42.312+0000] {processor.py:175} INFO - Processing /home/dev/airflow/airflow/lib/python3.10/site-packages/airflow/example_dags/plugins/workday.py took 0.011 seconds
[2023-03-15T07:10:13.269+0000] {processor.py:153} INFO - Started process (PID=117722) to work on /home/dev/airflow/airflow/lib/python3.10/site-packages/airflow/example_dags/plugins/workday.py
[2023-03-15T07:10:13.271+0000] {processor.py:743} INFO - Processing file /home/dev/airflow/airflow/lib/python3.10/site-packages/airflow/example_dags/plugins/workday.py for tasks to queue
[2023-03-15T07:10:13.271+0000] {logging_mixin.py:137} INFO - [2023-03-15T07:10:13.271+0000] {dagbag.py:538} INFO - Filling up the DagBag from /home/dev/airflow/airflow/lib/python3.10/site-packages/airflow/example_dags/plugins/workday.py
[2023-03-15T07:10:13.273+0000] {processor.py:755} WARNING - No viable dags retrieved from /home/dev/airflow/airflow/lib/python3.10/site-packages/airflow/example_dags/plugins/workday.py
[2023-03-15T07:10:13.285+0000] {processor.py:175} INFO - Processing /home/dev/airflow/airflow/lib/python3.10/site-packages/airflow/example_dags/plugins/workday.py took 0.018 seconds
[2023-03-15T07:10:43.442+0000] {processor.py:153} INFO - Started process (PID=118011) to work on /home/dev/airflow/airflow/lib/python3.10/site-packages/airflow/example_dags/plugins/workday.py
[2023-03-15T07:10:43.443+0000] {processor.py:743} INFO - Processing file /home/dev/airflow/airflow/lib/python3.10/site-packages/airflow/example_dags/plugins/workday.py for tasks to queue
[2023-03-15T07:10:43.443+0000] {logging_mixin.py:137} INFO - [2023-03-15T07:10:43.443+0000] {dagbag.py:538} INFO - Filling up the DagBag from /home/dev/airflow/airflow/lib/python3.10/site-packages/airflow/example_dags/plugins/workday.py
[2023-03-15T07:10:43.444+0000] {processor.py:755} WARNING - No viable dags retrieved from /home/dev/airflow/airflow/lib/python3.10/site-packages/airflow/example_dags/plugins/workday.py
[2023-03-15T07:10:43.451+0000] {processor.py:175} INFO - Processing /home/dev/airflow/airflow/lib/python3.10/site-packages/airflow/example_dags/plugins/workday.py took 0.011 seconds
[2023-03-15T07:11:14.859+0000] {processor.py:153} INFO - Started process (PID=118253) to work on /home/dev/airflow/airflow/lib/python3.10/site-packages/airflow/example_dags/plugins/workday.py
[2023-03-15T07:11:14.860+0000] {processor.py:743} INFO - Processing file /home/dev/airflow/airflow/lib/python3.10/site-packages/airflow/example_dags/plugins/workday.py for tasks to queue
[2023-03-15T07:11:14.861+0000] {logging_mixin.py:137} INFO - [2023-03-15T07:11:14.860+0000] {dagbag.py:538} INFO - Filling up the DagBag from /home/dev/airflow/airflow/lib/python3.10/site-packages/airflow/example_dags/plugins/workday.py
[2023-03-15T07:11:14.862+0000] {processor.py:755} WARNING - No viable dags retrieved from /home/dev/airflow/airflow/lib/python3.10/site-packages/airflow/example_dags/plugins/workday.py
[2023-03-15T07:11:14.872+0000] {processor.py:175} INFO - Processing /home/dev/airflow/airflow/lib/python3.10/site-packages/airflow/example_dags/plugins/workday.py took 0.016 seconds
[2023-03-15T07:11:45.371+0000] {processor.py:153} INFO - Started process (PID=118615) to work on /home/dev/airflow/airflow/lib/python3.10/site-packages/airflow/example_dags/plugins/workday.py
[2023-03-15T07:11:45.372+0000] {processor.py:743} INFO - Processing file /home/dev/airflow/airflow/lib/python3.10/site-packages/airflow/example_dags/plugins/workday.py for tasks to queue
[2023-03-15T07:11:45.373+0000] {logging_mixin.py:137} INFO - [2023-03-15T07:11:45.373+0000] {dagbag.py:538} INFO - Filling up the DagBag from /home/dev/airflow/airflow/lib/python3.10/site-packages/airflow/example_dags/plugins/workday.py
[2023-03-15T07:11:45.375+0000] {processor.py:755} WARNING - No viable dags retrieved from /home/dev/airflow/airflow/lib/python3.10/site-packages/airflow/example_dags/plugins/workday.py
[2023-03-15T07:11:45.386+0000] {processor.py:175} INFO - Processing /home/dev/airflow/airflow/lib/python3.10/site-packages/airflow/example_dags/plugins/workday.py took 0.018 seconds
[2023-03-15T07:12:16.135+0000] {processor.py:153} INFO - Started process (PID=118880) to work on /home/dev/airflow/airflow/lib/python3.10/site-packages/airflow/example_dags/plugins/workday.py
[2023-03-15T07:12:16.140+0000] {processor.py:743} INFO - Processing file /home/dev/airflow/airflow/lib/python3.10/site-packages/airflow/example_dags/plugins/workday.py for tasks to queue
[2023-03-15T07:12:16.141+0000] {logging_mixin.py:137} INFO - [2023-03-15T07:12:16.141+0000] {dagbag.py:538} INFO - Filling up the DagBag from /home/dev/airflow/airflow/lib/python3.10/site-packages/airflow/example_dags/plugins/workday.py
[2023-03-15T07:12:16.143+0000] {processor.py:755} WARNING - No viable dags retrieved from /home/dev/airflow/airflow/lib/python3.10/site-packages/airflow/example_dags/plugins/workday.py
[2023-03-15T07:12:16.154+0000] {processor.py:175} INFO - Processing /home/dev/airflow/airflow/lib/python3.10/site-packages/airflow/example_dags/plugins/workday.py took 0.022 seconds
[2023-03-15T07:12:46.682+0000] {processor.py:153} INFO - Started process (PID=119180) to work on /home/dev/airflow/airflow/lib/python3.10/site-packages/airflow/example_dags/plugins/workday.py
[2023-03-15T07:12:46.683+0000] {processor.py:743} INFO - Processing file /home/dev/airflow/airflow/lib/python3.10/site-packages/airflow/example_dags/plugins/workday.py for tasks to queue
[2023-03-15T07:12:46.683+0000] {logging_mixin.py:137} INFO - [2023-03-15T07:12:46.683+0000] {dagbag.py:538} INFO - Filling up the DagBag from /home/dev/airflow/airflow/lib/python3.10/site-packages/airflow/example_dags/plugins/workday.py
[2023-03-15T07:12:46.684+0000] {processor.py:755} WARNING - No viable dags retrieved from /home/dev/airflow/airflow/lib/python3.10/site-packages/airflow/example_dags/plugins/workday.py
[2023-03-15T07:12:46.695+0000] {processor.py:175} INFO - Processing /home/dev/airflow/airflow/lib/python3.10/site-packages/airflow/example_dags/plugins/workday.py took 0.018 seconds
[2023-03-15T07:13:17.053+0000] {processor.py:153} INFO - Started process (PID=119476) to work on /home/dev/airflow/airflow/lib/python3.10/site-packages/airflow/example_dags/plugins/workday.py
[2023-03-15T07:13:17.053+0000] {processor.py:743} INFO - Processing file /home/dev/airflow/airflow/lib/python3.10/site-packages/airflow/example_dags/plugins/workday.py for tasks to queue
[2023-03-15T07:13:17.054+0000] {logging_mixin.py:137} INFO - [2023-03-15T07:13:17.054+0000] {dagbag.py:538} INFO - Filling up the DagBag from /home/dev/airflow/airflow/lib/python3.10/site-packages/airflow/example_dags/plugins/workday.py
[2023-03-15T07:13:17.055+0000] {processor.py:755} WARNING - No viable dags retrieved from /home/dev/airflow/airflow/lib/python3.10/site-packages/airflow/example_dags/plugins/workday.py
[2023-03-15T07:13:17.067+0000] {processor.py:175} INFO - Processing /home/dev/airflow/airflow/lib/python3.10/site-packages/airflow/example_dags/plugins/workday.py took 0.017 seconds
[2023-03-15T07:13:47.799+0000] {processor.py:153} INFO - Started process (PID=119744) to work on /home/dev/airflow/airflow/lib/python3.10/site-packages/airflow/example_dags/plugins/workday.py
[2023-03-15T07:13:47.800+0000] {processor.py:743} INFO - Processing file /home/dev/airflow/airflow/lib/python3.10/site-packages/airflow/example_dags/plugins/workday.py for tasks to queue
[2023-03-15T07:13:47.801+0000] {logging_mixin.py:137} INFO - [2023-03-15T07:13:47.801+0000] {dagbag.py:538} INFO - Filling up the DagBag from /home/dev/airflow/airflow/lib/python3.10/site-packages/airflow/example_dags/plugins/workday.py
[2023-03-15T07:13:47.803+0000] {processor.py:755} WARNING - No viable dags retrieved from /home/dev/airflow/airflow/lib/python3.10/site-packages/airflow/example_dags/plugins/workday.py
[2023-03-15T07:13:47.842+0000] {processor.py:175} INFO - Processing /home/dev/airflow/airflow/lib/python3.10/site-packages/airflow/example_dags/plugins/workday.py took 0.046 seconds
[2023-03-15T07:14:18.579+0000] {processor.py:153} INFO - Started process (PID=120017) to work on /home/dev/airflow/airflow/lib/python3.10/site-packages/airflow/example_dags/plugins/workday.py
[2023-03-15T07:14:18.580+0000] {processor.py:743} INFO - Processing file /home/dev/airflow/airflow/lib/python3.10/site-packages/airflow/example_dags/plugins/workday.py for tasks to queue
[2023-03-15T07:14:18.580+0000] {logging_mixin.py:137} INFO - [2023-03-15T07:14:18.580+0000] {dagbag.py:538} INFO - Filling up the DagBag from /home/dev/airflow/airflow/lib/python3.10/site-packages/airflow/example_dags/plugins/workday.py
[2023-03-15T07:14:18.582+0000] {processor.py:755} WARNING - No viable dags retrieved from /home/dev/airflow/airflow/lib/python3.10/site-packages/airflow/example_dags/plugins/workday.py
[2023-03-15T07:14:18.594+0000] {processor.py:175} INFO - Processing /home/dev/airflow/airflow/lib/python3.10/site-packages/airflow/example_dags/plugins/workday.py took 0.018 seconds
[2023-03-15T07:14:48.855+0000] {processor.py:153} INFO - Started process (PID=120278) to work on /home/dev/airflow/airflow/lib/python3.10/site-packages/airflow/example_dags/plugins/workday.py
[2023-03-15T07:14:48.855+0000] {processor.py:743} INFO - Processing file /home/dev/airflow/airflow/lib/python3.10/site-packages/airflow/example_dags/plugins/workday.py for tasks to queue
[2023-03-15T07:14:48.856+0000] {logging_mixin.py:137} INFO - [2023-03-15T07:14:48.856+0000] {dagbag.py:538} INFO - Filling up the DagBag from /home/dev/airflow/airflow/lib/python3.10/site-packages/airflow/example_dags/plugins/workday.py
[2023-03-15T07:14:48.857+0000] {processor.py:755} WARNING - No viable dags retrieved from /home/dev/airflow/airflow/lib/python3.10/site-packages/airflow/example_dags/plugins/workday.py
[2023-03-15T07:14:48.867+0000] {processor.py:175} INFO - Processing /home/dev/airflow/airflow/lib/python3.10/site-packages/airflow/example_dags/plugins/workday.py took 0.014 seconds
[2023-03-15T07:15:20.036+0000] {processor.py:153} INFO - Started process (PID=120602) to work on /home/dev/airflow/airflow/lib/python3.10/site-packages/airflow/example_dags/plugins/workday.py
[2023-03-15T07:15:20.037+0000] {processor.py:743} INFO - Processing file /home/dev/airflow/airflow/lib/python3.10/site-packages/airflow/example_dags/plugins/workday.py for tasks to queue
[2023-03-15T07:15:20.038+0000] {logging_mixin.py:137} INFO - [2023-03-15T07:15:20.037+0000] {dagbag.py:538} INFO - Filling up the DagBag from /home/dev/airflow/airflow/lib/python3.10/site-packages/airflow/example_dags/plugins/workday.py
[2023-03-15T07:15:20.040+0000] {processor.py:755} WARNING - No viable dags retrieved from /home/dev/airflow/airflow/lib/python3.10/site-packages/airflow/example_dags/plugins/workday.py
[2023-03-15T07:15:20.049+0000] {processor.py:175} INFO - Processing /home/dev/airflow/airflow/lib/python3.10/site-packages/airflow/example_dags/plugins/workday.py took 0.017 seconds
[2023-03-15T07:15:50.255+0000] {processor.py:153} INFO - Started process (PID=120799) to work on /home/dev/airflow/airflow/lib/python3.10/site-packages/airflow/example_dags/plugins/workday.py
[2023-03-15T07:15:50.256+0000] {processor.py:743} INFO - Processing file /home/dev/airflow/airflow/lib/python3.10/site-packages/airflow/example_dags/plugins/workday.py for tasks to queue
[2023-03-15T07:15:50.256+0000] {logging_mixin.py:137} INFO - [2023-03-15T07:15:50.256+0000] {dagbag.py:538} INFO - Filling up the DagBag from /home/dev/airflow/airflow/lib/python3.10/site-packages/airflow/example_dags/plugins/workday.py
[2023-03-15T07:15:50.257+0000] {processor.py:755} WARNING - No viable dags retrieved from /home/dev/airflow/airflow/lib/python3.10/site-packages/airflow/example_dags/plugins/workday.py
[2023-03-15T07:15:50.267+0000] {processor.py:175} INFO - Processing /home/dev/airflow/airflow/lib/python3.10/site-packages/airflow/example_dags/plugins/workday.py took 0.014 seconds
[2023-03-15T07:16:20.788+0000] {processor.py:153} INFO - Started process (PID=121077) to work on /home/dev/airflow/airflow/lib/python3.10/site-packages/airflow/example_dags/plugins/workday.py
[2023-03-15T07:16:20.789+0000] {processor.py:743} INFO - Processing file /home/dev/airflow/airflow/lib/python3.10/site-packages/airflow/example_dags/plugins/workday.py for tasks to queue
[2023-03-15T07:16:20.789+0000] {logging_mixin.py:137} INFO - [2023-03-15T07:16:20.789+0000] {dagbag.py:538} INFO - Filling up the DagBag from /home/dev/airflow/airflow/lib/python3.10/site-packages/airflow/example_dags/plugins/workday.py
[2023-03-15T07:16:20.791+0000] {processor.py:755} WARNING - No viable dags retrieved from /home/dev/airflow/airflow/lib/python3.10/site-packages/airflow/example_dags/plugins/workday.py
[2023-03-15T07:16:20.799+0000] {processor.py:175} INFO - Processing /home/dev/airflow/airflow/lib/python3.10/site-packages/airflow/example_dags/plugins/workday.py took 0.014 seconds
[2023-03-15T07:16:51.590+0000] {processor.py:153} INFO - Started process (PID=121307) to work on /home/dev/airflow/airflow/lib/python3.10/site-packages/airflow/example_dags/plugins/workday.py
[2023-03-15T07:16:51.591+0000] {processor.py:743} INFO - Processing file /home/dev/airflow/airflow/lib/python3.10/site-packages/airflow/example_dags/plugins/workday.py for tasks to queue
[2023-03-15T07:16:51.591+0000] {logging_mixin.py:137} INFO - [2023-03-15T07:16:51.591+0000] {dagbag.py:538} INFO - Filling up the DagBag from /home/dev/airflow/airflow/lib/python3.10/site-packages/airflow/example_dags/plugins/workday.py
[2023-03-15T07:16:51.592+0000] {processor.py:755} WARNING - No viable dags retrieved from /home/dev/airflow/airflow/lib/python3.10/site-packages/airflow/example_dags/plugins/workday.py
[2023-03-15T07:16:51.598+0000] {processor.py:175} INFO - Processing /home/dev/airflow/airflow/lib/python3.10/site-packages/airflow/example_dags/plugins/workday.py took 0.010 seconds
[2023-03-15T07:17:22.091+0000] {processor.py:153} INFO - Started process (PID=121569) to work on /home/dev/airflow/airflow/lib/python3.10/site-packages/airflow/example_dags/plugins/workday.py
[2023-03-15T07:17:22.092+0000] {processor.py:743} INFO - Processing file /home/dev/airflow/airflow/lib/python3.10/site-packages/airflow/example_dags/plugins/workday.py for tasks to queue
[2023-03-15T07:17:22.093+0000] {logging_mixin.py:137} INFO - [2023-03-15T07:17:22.093+0000] {dagbag.py:538} INFO - Filling up the DagBag from /home/dev/airflow/airflow/lib/python3.10/site-packages/airflow/example_dags/plugins/workday.py
[2023-03-15T07:17:22.095+0000] {processor.py:755} WARNING - No viable dags retrieved from /home/dev/airflow/airflow/lib/python3.10/site-packages/airflow/example_dags/plugins/workday.py
[2023-03-15T07:17:22.106+0000] {processor.py:175} INFO - Processing /home/dev/airflow/airflow/lib/python3.10/site-packages/airflow/example_dags/plugins/workday.py took 0.018 seconds
[2023-03-15T07:17:52.630+0000] {processor.py:153} INFO - Started process (PID=121816) to work on /home/dev/airflow/airflow/lib/python3.10/site-packages/airflow/example_dags/plugins/workday.py
[2023-03-15T07:17:52.631+0000] {processor.py:743} INFO - Processing file /home/dev/airflow/airflow/lib/python3.10/site-packages/airflow/example_dags/plugins/workday.py for tasks to queue
[2023-03-15T07:17:52.632+0000] {logging_mixin.py:137} INFO - [2023-03-15T07:17:52.632+0000] {dagbag.py:538} INFO - Filling up the DagBag from /home/dev/airflow/airflow/lib/python3.10/site-packages/airflow/example_dags/plugins/workday.py
[2023-03-15T07:17:52.633+0000] {processor.py:755} WARNING - No viable dags retrieved from /home/dev/airflow/airflow/lib/python3.10/site-packages/airflow/example_dags/plugins/workday.py
[2023-03-15T07:17:52.639+0000] {processor.py:175} INFO - Processing /home/dev/airflow/airflow/lib/python3.10/site-packages/airflow/example_dags/plugins/workday.py took 0.011 seconds
[2023-03-15T07:18:24.094+0000] {processor.py:153} INFO - Started process (PID=122092) to work on /home/dev/airflow/airflow/lib/python3.10/site-packages/airflow/example_dags/plugins/workday.py
[2023-03-15T07:18:24.096+0000] {processor.py:743} INFO - Processing file /home/dev/airflow/airflow/lib/python3.10/site-packages/airflow/example_dags/plugins/workday.py for tasks to queue
[2023-03-15T07:18:24.097+0000] {logging_mixin.py:137} INFO - [2023-03-15T07:18:24.097+0000] {dagbag.py:538} INFO - Filling up the DagBag from /home/dev/airflow/airflow/lib/python3.10/site-packages/airflow/example_dags/plugins/workday.py
[2023-03-15T07:18:24.099+0000] {processor.py:755} WARNING - No viable dags retrieved from /home/dev/airflow/airflow/lib/python3.10/site-packages/airflow/example_dags/plugins/workday.py
[2023-03-15T07:18:24.110+0000] {processor.py:175} INFO - Processing /home/dev/airflow/airflow/lib/python3.10/site-packages/airflow/example_dags/plugins/workday.py took 0.019 seconds
[2023-03-15T07:18:54.760+0000] {processor.py:153} INFO - Started process (PID=122367) to work on /home/dev/airflow/airflow/lib/python3.10/site-packages/airflow/example_dags/plugins/workday.py
[2023-03-15T07:18:54.761+0000] {processor.py:743} INFO - Processing file /home/dev/airflow/airflow/lib/python3.10/site-packages/airflow/example_dags/plugins/workday.py for tasks to queue
[2023-03-15T07:18:54.762+0000] {logging_mixin.py:137} INFO - [2023-03-15T07:18:54.762+0000] {dagbag.py:538} INFO - Filling up the DagBag from /home/dev/airflow/airflow/lib/python3.10/site-packages/airflow/example_dags/plugins/workday.py
[2023-03-15T07:18:54.763+0000] {processor.py:755} WARNING - No viable dags retrieved from /home/dev/airflow/airflow/lib/python3.10/site-packages/airflow/example_dags/plugins/workday.py
[2023-03-15T07:18:54.774+0000] {processor.py:175} INFO - Processing /home/dev/airflow/airflow/lib/python3.10/site-packages/airflow/example_dags/plugins/workday.py took 0.018 seconds
[2023-03-15T07:19:25.920+0000] {processor.py:153} INFO - Started process (PID=122583) to work on /home/dev/airflow/airflow/lib/python3.10/site-packages/airflow/example_dags/plugins/workday.py
[2023-03-15T07:19:25.921+0000] {processor.py:743} INFO - Processing file /home/dev/airflow/airflow/lib/python3.10/site-packages/airflow/example_dags/plugins/workday.py for tasks to queue
[2023-03-15T07:19:25.922+0000] {logging_mixin.py:137} INFO - [2023-03-15T07:19:25.922+0000] {dagbag.py:538} INFO - Filling up the DagBag from /home/dev/airflow/airflow/lib/python3.10/site-packages/airflow/example_dags/plugins/workday.py
[2023-03-15T07:19:25.924+0000] {processor.py:755} WARNING - No viable dags retrieved from /home/dev/airflow/airflow/lib/python3.10/site-packages/airflow/example_dags/plugins/workday.py
[2023-03-15T07:19:25.934+0000] {processor.py:175} INFO - Processing /home/dev/airflow/airflow/lib/python3.10/site-packages/airflow/example_dags/plugins/workday.py took 0.019 seconds
[2023-03-15T07:19:56.854+0000] {processor.py:153} INFO - Started process (PID=122933) to work on /home/dev/airflow/airflow/lib/python3.10/site-packages/airflow/example_dags/plugins/workday.py
[2023-03-15T07:19:56.855+0000] {processor.py:743} INFO - Processing file /home/dev/airflow/airflow/lib/python3.10/site-packages/airflow/example_dags/plugins/workday.py for tasks to queue
[2023-03-15T07:19:56.855+0000] {logging_mixin.py:137} INFO - [2023-03-15T07:19:56.855+0000] {dagbag.py:538} INFO - Filling up the DagBag from /home/dev/airflow/airflow/lib/python3.10/site-packages/airflow/example_dags/plugins/workday.py
[2023-03-15T07:19:56.857+0000] {processor.py:755} WARNING - No viable dags retrieved from /home/dev/airflow/airflow/lib/python3.10/site-packages/airflow/example_dags/plugins/workday.py
[2023-03-15T07:19:56.867+0000] {processor.py:175} INFO - Processing /home/dev/airflow/airflow/lib/python3.10/site-packages/airflow/example_dags/plugins/workday.py took 0.016 seconds
[2023-03-15T07:20:27.210+0000] {processor.py:153} INFO - Started process (PID=123309) to work on /home/dev/airflow/airflow/lib/python3.10/site-packages/airflow/example_dags/plugins/workday.py
[2023-03-15T07:20:27.211+0000] {processor.py:743} INFO - Processing file /home/dev/airflow/airflow/lib/python3.10/site-packages/airflow/example_dags/plugins/workday.py for tasks to queue
[2023-03-15T07:20:27.211+0000] {logging_mixin.py:137} INFO - [2023-03-15T07:20:27.211+0000] {dagbag.py:538} INFO - Filling up the DagBag from /home/dev/airflow/airflow/lib/python3.10/site-packages/airflow/example_dags/plugins/workday.py
[2023-03-15T07:20:27.212+0000] {processor.py:755} WARNING - No viable dags retrieved from /home/dev/airflow/airflow/lib/python3.10/site-packages/airflow/example_dags/plugins/workday.py
[2023-03-15T07:20:27.221+0000] {processor.py:175} INFO - Processing /home/dev/airflow/airflow/lib/python3.10/site-packages/airflow/example_dags/plugins/workday.py took 0.014 seconds
[2023-03-15T07:20:57.699+0000] {processor.py:153} INFO - Started process (PID=123693) to work on /home/dev/airflow/airflow/lib/python3.10/site-packages/airflow/example_dags/plugins/workday.py
[2023-03-15T07:20:57.700+0000] {processor.py:743} INFO - Processing file /home/dev/airflow/airflow/lib/python3.10/site-packages/airflow/example_dags/plugins/workday.py for tasks to queue
[2023-03-15T07:20:57.700+0000] {logging_mixin.py:137} INFO - [2023-03-15T07:20:57.700+0000] {dagbag.py:538} INFO - Filling up the DagBag from /home/dev/airflow/airflow/lib/python3.10/site-packages/airflow/example_dags/plugins/workday.py
[2023-03-15T07:20:57.702+0000] {processor.py:755} WARNING - No viable dags retrieved from /home/dev/airflow/airflow/lib/python3.10/site-packages/airflow/example_dags/plugins/workday.py
[2023-03-15T07:20:57.711+0000] {processor.py:175} INFO - Processing /home/dev/airflow/airflow/lib/python3.10/site-packages/airflow/example_dags/plugins/workday.py took 0.015 seconds
[2023-03-15T07:21:28.765+0000] {processor.py:153} INFO - Started process (PID=124086) to work on /home/dev/airflow/airflow/lib/python3.10/site-packages/airflow/example_dags/plugins/workday.py
[2023-03-15T07:21:28.766+0000] {processor.py:743} INFO - Processing file /home/dev/airflow/airflow/lib/python3.10/site-packages/airflow/example_dags/plugins/workday.py for tasks to queue
[2023-03-15T07:21:28.766+0000] {logging_mixin.py:137} INFO - [2023-03-15T07:21:28.766+0000] {dagbag.py:538} INFO - Filling up the DagBag from /home/dev/airflow/airflow/lib/python3.10/site-packages/airflow/example_dags/plugins/workday.py
[2023-03-15T07:21:28.768+0000] {processor.py:755} WARNING - No viable dags retrieved from /home/dev/airflow/airflow/lib/python3.10/site-packages/airflow/example_dags/plugins/workday.py
[2023-03-15T07:21:28.779+0000] {processor.py:175} INFO - Processing /home/dev/airflow/airflow/lib/python3.10/site-packages/airflow/example_dags/plugins/workday.py took 0.020 seconds
[2023-03-15T07:21:59.139+0000] {processor.py:153} INFO - Started process (PID=124467) to work on /home/dev/airflow/airflow/lib/python3.10/site-packages/airflow/example_dags/plugins/workday.py
[2023-03-15T07:21:59.141+0000] {processor.py:743} INFO - Processing file /home/dev/airflow/airflow/lib/python3.10/site-packages/airflow/example_dags/plugins/workday.py for tasks to queue
[2023-03-15T07:21:59.141+0000] {logging_mixin.py:137} INFO - [2023-03-15T07:21:59.141+0000] {dagbag.py:538} INFO - Filling up the DagBag from /home/dev/airflow/airflow/lib/python3.10/site-packages/airflow/example_dags/plugins/workday.py
[2023-03-15T07:21:59.143+0000] {processor.py:755} WARNING - No viable dags retrieved from /home/dev/airflow/airflow/lib/python3.10/site-packages/airflow/example_dags/plugins/workday.py
[2023-03-15T07:21:59.156+0000] {processor.py:175} INFO - Processing /home/dev/airflow/airflow/lib/python3.10/site-packages/airflow/example_dags/plugins/workday.py took 0.022 seconds
[2023-03-15T07:22:30.269+0000] {processor.py:153} INFO - Started process (PID=124810) to work on /home/dev/airflow/airflow/lib/python3.10/site-packages/airflow/example_dags/plugins/workday.py
[2023-03-15T07:22:30.271+0000] {processor.py:743} INFO - Processing file /home/dev/airflow/airflow/lib/python3.10/site-packages/airflow/example_dags/plugins/workday.py for tasks to queue
[2023-03-15T07:22:30.271+0000] {logging_mixin.py:137} INFO - [2023-03-15T07:22:30.271+0000] {dagbag.py:538} INFO - Filling up the DagBag from /home/dev/airflow/airflow/lib/python3.10/site-packages/airflow/example_dags/plugins/workday.py
[2023-03-15T07:22:30.273+0000] {processor.py:755} WARNING - No viable dags retrieved from /home/dev/airflow/airflow/lib/python3.10/site-packages/airflow/example_dags/plugins/workday.py
[2023-03-15T07:22:30.286+0000] {processor.py:175} INFO - Processing /home/dev/airflow/airflow/lib/python3.10/site-packages/airflow/example_dags/plugins/workday.py took 0.020 seconds
[2023-03-15T07:23:00.806+0000] {processor.py:153} INFO - Started process (PID=125195) to work on /home/dev/airflow/airflow/lib/python3.10/site-packages/airflow/example_dags/plugins/workday.py
[2023-03-15T07:23:00.807+0000] {processor.py:743} INFO - Processing file /home/dev/airflow/airflow/lib/python3.10/site-packages/airflow/example_dags/plugins/workday.py for tasks to queue
[2023-03-15T07:23:00.807+0000] {logging_mixin.py:137} INFO - [2023-03-15T07:23:00.807+0000] {dagbag.py:538} INFO - Filling up the DagBag from /home/dev/airflow/airflow/lib/python3.10/site-packages/airflow/example_dags/plugins/workday.py
[2023-03-15T07:23:00.808+0000] {processor.py:755} WARNING - No viable dags retrieved from /home/dev/airflow/airflow/lib/python3.10/site-packages/airflow/example_dags/plugins/workday.py
[2023-03-15T07:23:00.817+0000] {processor.py:175} INFO - Processing /home/dev/airflow/airflow/lib/python3.10/site-packages/airflow/example_dags/plugins/workday.py took 0.015 seconds
[2023-03-15T07:23:31.704+0000] {processor.py:153} INFO - Started process (PID=125542) to work on /home/dev/airflow/airflow/lib/python3.10/site-packages/airflow/example_dags/plugins/workday.py
[2023-03-15T07:23:31.705+0000] {processor.py:743} INFO - Processing file /home/dev/airflow/airflow/lib/python3.10/site-packages/airflow/example_dags/plugins/workday.py for tasks to queue
[2023-03-15T07:23:31.705+0000] {logging_mixin.py:137} INFO - [2023-03-15T07:23:31.705+0000] {dagbag.py:538} INFO - Filling up the DagBag from /home/dev/airflow/airflow/lib/python3.10/site-packages/airflow/example_dags/plugins/workday.py
[2023-03-15T07:23:31.707+0000] {processor.py:755} WARNING - No viable dags retrieved from /home/dev/airflow/airflow/lib/python3.10/site-packages/airflow/example_dags/plugins/workday.py
[2023-03-15T07:23:31.719+0000] {processor.py:175} INFO - Processing /home/dev/airflow/airflow/lib/python3.10/site-packages/airflow/example_dags/plugins/workday.py took 0.017 seconds
[2023-03-15T07:24:01.981+0000] {processor.py:153} INFO - Started process (PID=125875) to work on /home/dev/airflow/airflow/lib/python3.10/site-packages/airflow/example_dags/plugins/workday.py
[2023-03-15T07:24:01.992+0000] {processor.py:743} INFO - Processing file /home/dev/airflow/airflow/lib/python3.10/site-packages/airflow/example_dags/plugins/workday.py for tasks to queue
[2023-03-15T07:24:01.993+0000] {logging_mixin.py:137} INFO - [2023-03-15T07:24:01.993+0000] {dagbag.py:538} INFO - Filling up the DagBag from /home/dev/airflow/airflow/lib/python3.10/site-packages/airflow/example_dags/plugins/workday.py
[2023-03-15T07:24:01.995+0000] {processor.py:755} WARNING - No viable dags retrieved from /home/dev/airflow/airflow/lib/python3.10/site-packages/airflow/example_dags/plugins/workday.py
[2023-03-15T07:24:02.006+0000] {processor.py:175} INFO - Processing /home/dev/airflow/airflow/lib/python3.10/site-packages/airflow/example_dags/plugins/workday.py took 0.029 seconds
[2023-03-15T07:24:32.427+0000] {processor.py:153} INFO - Started process (PID=126173) to work on /home/dev/airflow/airflow/lib/python3.10/site-packages/airflow/example_dags/plugins/workday.py
[2023-03-15T07:24:32.428+0000] {processor.py:743} INFO - Processing file /home/dev/airflow/airflow/lib/python3.10/site-packages/airflow/example_dags/plugins/workday.py for tasks to queue
[2023-03-15T07:24:32.428+0000] {logging_mixin.py:137} INFO - [2023-03-15T07:24:32.428+0000] {dagbag.py:538} INFO - Filling up the DagBag from /home/dev/airflow/airflow/lib/python3.10/site-packages/airflow/example_dags/plugins/workday.py
[2023-03-15T07:24:32.430+0000] {processor.py:755} WARNING - No viable dags retrieved from /home/dev/airflow/airflow/lib/python3.10/site-packages/airflow/example_dags/plugins/workday.py
[2023-03-15T07:24:32.442+0000] {processor.py:175} INFO - Processing /home/dev/airflow/airflow/lib/python3.10/site-packages/airflow/example_dags/plugins/workday.py took 0.018 seconds
[2023-03-15T07:25:03.681+0000] {processor.py:153} INFO - Started process (PID=126457) to work on /home/dev/airflow/airflow/lib/python3.10/site-packages/airflow/example_dags/plugins/workday.py
[2023-03-15T07:25:03.683+0000] {processor.py:743} INFO - Processing file /home/dev/airflow/airflow/lib/python3.10/site-packages/airflow/example_dags/plugins/workday.py for tasks to queue
[2023-03-15T07:25:03.683+0000] {logging_mixin.py:137} INFO - [2023-03-15T07:25:03.683+0000] {dagbag.py:538} INFO - Filling up the DagBag from /home/dev/airflow/airflow/lib/python3.10/site-packages/airflow/example_dags/plugins/workday.py
[2023-03-15T07:25:03.685+0000] {processor.py:755} WARNING - No viable dags retrieved from /home/dev/airflow/airflow/lib/python3.10/site-packages/airflow/example_dags/plugins/workday.py
[2023-03-15T07:25:03.697+0000] {processor.py:175} INFO - Processing /home/dev/airflow/airflow/lib/python3.10/site-packages/airflow/example_dags/plugins/workday.py took 0.019 seconds
[2023-03-15T07:25:33.852+0000] {processor.py:153} INFO - Started process (PID=126837) to work on /home/dev/airflow/airflow/lib/python3.10/site-packages/airflow/example_dags/plugins/workday.py
[2023-03-15T07:25:33.853+0000] {processor.py:743} INFO - Processing file /home/dev/airflow/airflow/lib/python3.10/site-packages/airflow/example_dags/plugins/workday.py for tasks to queue
[2023-03-15T07:25:33.854+0000] {logging_mixin.py:137} INFO - [2023-03-15T07:25:33.854+0000] {dagbag.py:538} INFO - Filling up the DagBag from /home/dev/airflow/airflow/lib/python3.10/site-packages/airflow/example_dags/plugins/workday.py
[2023-03-15T07:25:33.855+0000] {processor.py:755} WARNING - No viable dags retrieved from /home/dev/airflow/airflow/lib/python3.10/site-packages/airflow/example_dags/plugins/workday.py
[2023-03-15T07:25:33.865+0000] {processor.py:175} INFO - Processing /home/dev/airflow/airflow/lib/python3.10/site-packages/airflow/example_dags/plugins/workday.py took 0.017 seconds
[2023-03-15T07:26:05.709+0000] {processor.py:153} INFO - Started process (PID=127146) to work on /home/dev/airflow/airflow/lib/python3.10/site-packages/airflow/example_dags/plugins/workday.py
[2023-03-15T07:26:05.709+0000] {processor.py:743} INFO - Processing file /home/dev/airflow/airflow/lib/python3.10/site-packages/airflow/example_dags/plugins/workday.py for tasks to queue
[2023-03-15T07:26:05.710+0000] {logging_mixin.py:137} INFO - [2023-03-15T07:26:05.710+0000] {dagbag.py:538} INFO - Filling up the DagBag from /home/dev/airflow/airflow/lib/python3.10/site-packages/airflow/example_dags/plugins/workday.py
[2023-03-15T07:26:05.712+0000] {processor.py:755} WARNING - No viable dags retrieved from /home/dev/airflow/airflow/lib/python3.10/site-packages/airflow/example_dags/plugins/workday.py
[2023-03-15T07:26:05.721+0000] {processor.py:175} INFO - Processing /home/dev/airflow/airflow/lib/python3.10/site-packages/airflow/example_dags/plugins/workday.py took 0.016 seconds
[2023-03-15T07:26:36.864+0000] {processor.py:153} INFO - Started process (PID=127591) to work on /home/dev/airflow/airflow/lib/python3.10/site-packages/airflow/example_dags/plugins/workday.py
[2023-03-15T07:26:36.865+0000] {processor.py:743} INFO - Processing file /home/dev/airflow/airflow/lib/python3.10/site-packages/airflow/example_dags/plugins/workday.py for tasks to queue
[2023-03-15T07:26:36.865+0000] {logging_mixin.py:137} INFO - [2023-03-15T07:26:36.865+0000] {dagbag.py:538} INFO - Filling up the DagBag from /home/dev/airflow/airflow/lib/python3.10/site-packages/airflow/example_dags/plugins/workday.py
[2023-03-15T07:26:36.867+0000] {processor.py:755} WARNING - No viable dags retrieved from /home/dev/airflow/airflow/lib/python3.10/site-packages/airflow/example_dags/plugins/workday.py
[2023-03-15T07:26:36.878+0000] {processor.py:175} INFO - Processing /home/dev/airflow/airflow/lib/python3.10/site-packages/airflow/example_dags/plugins/workday.py took 0.018 seconds
[2023-03-15T07:27:07.521+0000] {processor.py:153} INFO - Started process (PID=127938) to work on /home/dev/airflow/airflow/lib/python3.10/site-packages/airflow/example_dags/plugins/workday.py
[2023-03-15T07:27:07.522+0000] {processor.py:743} INFO - Processing file /home/dev/airflow/airflow/lib/python3.10/site-packages/airflow/example_dags/plugins/workday.py for tasks to queue
[2023-03-15T07:27:07.523+0000] {logging_mixin.py:137} INFO - [2023-03-15T07:27:07.523+0000] {dagbag.py:538} INFO - Filling up the DagBag from /home/dev/airflow/airflow/lib/python3.10/site-packages/airflow/example_dags/plugins/workday.py
[2023-03-15T07:27:07.525+0000] {processor.py:755} WARNING - No viable dags retrieved from /home/dev/airflow/airflow/lib/python3.10/site-packages/airflow/example_dags/plugins/workday.py
[2023-03-15T07:27:07.536+0000] {processor.py:175} INFO - Processing /home/dev/airflow/airflow/lib/python3.10/site-packages/airflow/example_dags/plugins/workday.py took 0.019 seconds
[2023-03-15T07:27:38.153+0000] {processor.py:153} INFO - Started process (PID=128340) to work on /home/dev/airflow/airflow/lib/python3.10/site-packages/airflow/example_dags/plugins/workday.py
[2023-03-15T07:27:38.154+0000] {processor.py:743} INFO - Processing file /home/dev/airflow/airflow/lib/python3.10/site-packages/airflow/example_dags/plugins/workday.py for tasks to queue
[2023-03-15T07:27:38.155+0000] {logging_mixin.py:137} INFO - [2023-03-15T07:27:38.154+0000] {dagbag.py:538} INFO - Filling up the DagBag from /home/dev/airflow/airflow/lib/python3.10/site-packages/airflow/example_dags/plugins/workday.py
[2023-03-15T07:27:38.156+0000] {processor.py:755} WARNING - No viable dags retrieved from /home/dev/airflow/airflow/lib/python3.10/site-packages/airflow/example_dags/plugins/workday.py
[2023-03-15T07:27:38.164+0000] {processor.py:175} INFO - Processing /home/dev/airflow/airflow/lib/python3.10/site-packages/airflow/example_dags/plugins/workday.py took 0.012 seconds
[2023-03-15T07:28:08.413+0000] {processor.py:153} INFO - Started process (PID=128767) to work on /home/dev/airflow/airflow/lib/python3.10/site-packages/airflow/example_dags/plugins/workday.py
[2023-03-15T07:28:08.415+0000] {processor.py:743} INFO - Processing file /home/dev/airflow/airflow/lib/python3.10/site-packages/airflow/example_dags/plugins/workday.py for tasks to queue
[2023-03-15T07:28:08.417+0000] {logging_mixin.py:137} INFO - [2023-03-15T07:28:08.416+0000] {dagbag.py:538} INFO - Filling up the DagBag from /home/dev/airflow/airflow/lib/python3.10/site-packages/airflow/example_dags/plugins/workday.py
[2023-03-15T07:28:08.419+0000] {processor.py:755} WARNING - No viable dags retrieved from /home/dev/airflow/airflow/lib/python3.10/site-packages/airflow/example_dags/plugins/workday.py
[2023-03-15T07:28:08.437+0000] {processor.py:175} INFO - Processing /home/dev/airflow/airflow/lib/python3.10/site-packages/airflow/example_dags/plugins/workday.py took 0.028 seconds
[2023-03-15T07:28:39.401+0000] {processor.py:153} INFO - Started process (PID=129117) to work on /home/dev/airflow/airflow/lib/python3.10/site-packages/airflow/example_dags/plugins/workday.py
[2023-03-15T07:28:39.402+0000] {processor.py:743} INFO - Processing file /home/dev/airflow/airflow/lib/python3.10/site-packages/airflow/example_dags/plugins/workday.py for tasks to queue
[2023-03-15T07:28:39.403+0000] {logging_mixin.py:137} INFO - [2023-03-15T07:28:39.403+0000] {dagbag.py:538} INFO - Filling up the DagBag from /home/dev/airflow/airflow/lib/python3.10/site-packages/airflow/example_dags/plugins/workday.py
[2023-03-15T07:28:39.404+0000] {processor.py:755} WARNING - No viable dags retrieved from /home/dev/airflow/airflow/lib/python3.10/site-packages/airflow/example_dags/plugins/workday.py
[2023-03-15T07:28:39.416+0000] {processor.py:175} INFO - Processing /home/dev/airflow/airflow/lib/python3.10/site-packages/airflow/example_dags/plugins/workday.py took 0.017 seconds
[2023-03-15T07:29:09.965+0000] {processor.py:153} INFO - Started process (PID=129497) to work on /home/dev/airflow/airflow/lib/python3.10/site-packages/airflow/example_dags/plugins/workday.py
[2023-03-15T07:29:09.966+0000] {processor.py:743} INFO - Processing file /home/dev/airflow/airflow/lib/python3.10/site-packages/airflow/example_dags/plugins/workday.py for tasks to queue
[2023-03-15T07:29:09.967+0000] {logging_mixin.py:137} INFO - [2023-03-15T07:29:09.967+0000] {dagbag.py:538} INFO - Filling up the DagBag from /home/dev/airflow/airflow/lib/python3.10/site-packages/airflow/example_dags/plugins/workday.py
[2023-03-15T07:29:09.968+0000] {processor.py:755} WARNING - No viable dags retrieved from /home/dev/airflow/airflow/lib/python3.10/site-packages/airflow/example_dags/plugins/workday.py
[2023-03-15T07:29:09.980+0000] {processor.py:175} INFO - Processing /home/dev/airflow/airflow/lib/python3.10/site-packages/airflow/example_dags/plugins/workday.py took 0.018 seconds
[2023-03-15T07:29:40.433+0000] {processor.py:153} INFO - Started process (PID=129905) to work on /home/dev/airflow/airflow/lib/python3.10/site-packages/airflow/example_dags/plugins/workday.py
[2023-03-15T07:29:40.433+0000] {processor.py:743} INFO - Processing file /home/dev/airflow/airflow/lib/python3.10/site-packages/airflow/example_dags/plugins/workday.py for tasks to queue
[2023-03-15T07:29:40.434+0000] {logging_mixin.py:137} INFO - [2023-03-15T07:29:40.434+0000] {dagbag.py:538} INFO - Filling up the DagBag from /home/dev/airflow/airflow/lib/python3.10/site-packages/airflow/example_dags/plugins/workday.py
[2023-03-15T07:29:40.435+0000] {processor.py:755} WARNING - No viable dags retrieved from /home/dev/airflow/airflow/lib/python3.10/site-packages/airflow/example_dags/plugins/workday.py
[2023-03-15T07:29:40.444+0000] {processor.py:175} INFO - Processing /home/dev/airflow/airflow/lib/python3.10/site-packages/airflow/example_dags/plugins/workday.py took 0.014 seconds
[2023-03-15T07:30:10.754+0000] {processor.py:153} INFO - Started process (PID=130245) to work on /home/dev/airflow/airflow/lib/python3.10/site-packages/airflow/example_dags/plugins/workday.py
[2023-03-15T07:30:10.756+0000] {processor.py:743} INFO - Processing file /home/dev/airflow/airflow/lib/python3.10/site-packages/airflow/example_dags/plugins/workday.py for tasks to queue
[2023-03-15T07:30:10.757+0000] {logging_mixin.py:137} INFO - [2023-03-15T07:30:10.757+0000] {dagbag.py:538} INFO - Filling up the DagBag from /home/dev/airflow/airflow/lib/python3.10/site-packages/airflow/example_dags/plugins/workday.py
[2023-03-15T07:30:10.759+0000] {processor.py:755} WARNING - No viable dags retrieved from /home/dev/airflow/airflow/lib/python3.10/site-packages/airflow/example_dags/plugins/workday.py
[2023-03-15T07:30:10.772+0000] {processor.py:175} INFO - Processing /home/dev/airflow/airflow/lib/python3.10/site-packages/airflow/example_dags/plugins/workday.py took 0.021 seconds
[2023-03-15T07:30:41.030+0000] {processor.py:153} INFO - Started process (PID=130706) to work on /home/dev/airflow/airflow/lib/python3.10/site-packages/airflow/example_dags/plugins/workday.py
[2023-03-15T07:30:41.031+0000] {processor.py:743} INFO - Processing file /home/dev/airflow/airflow/lib/python3.10/site-packages/airflow/example_dags/plugins/workday.py for tasks to queue
[2023-03-15T07:30:41.032+0000] {logging_mixin.py:137} INFO - [2023-03-15T07:30:41.032+0000] {dagbag.py:538} INFO - Filling up the DagBag from /home/dev/airflow/airflow/lib/python3.10/site-packages/airflow/example_dags/plugins/workday.py
[2023-03-15T07:30:41.033+0000] {processor.py:755} WARNING - No viable dags retrieved from /home/dev/airflow/airflow/lib/python3.10/site-packages/airflow/example_dags/plugins/workday.py
[2023-03-15T07:30:41.042+0000] {processor.py:175} INFO - Processing /home/dev/airflow/airflow/lib/python3.10/site-packages/airflow/example_dags/plugins/workday.py took 0.015 seconds
[2023-03-15T07:31:11.418+0000] {processor.py:153} INFO - Started process (PID=131061) to work on /home/dev/airflow/airflow/lib/python3.10/site-packages/airflow/example_dags/plugins/workday.py
[2023-03-15T07:31:11.419+0000] {processor.py:743} INFO - Processing file /home/dev/airflow/airflow/lib/python3.10/site-packages/airflow/example_dags/plugins/workday.py for tasks to queue
[2023-03-15T07:31:11.420+0000] {logging_mixin.py:137} INFO - [2023-03-15T07:31:11.420+0000] {dagbag.py:538} INFO - Filling up the DagBag from /home/dev/airflow/airflow/lib/python3.10/site-packages/airflow/example_dags/plugins/workday.py
[2023-03-15T07:31:11.421+0000] {processor.py:755} WARNING - No viable dags retrieved from /home/dev/airflow/airflow/lib/python3.10/site-packages/airflow/example_dags/plugins/workday.py
[2023-03-15T07:31:11.429+0000] {processor.py:175} INFO - Processing /home/dev/airflow/airflow/lib/python3.10/site-packages/airflow/example_dags/plugins/workday.py took 0.014 seconds
[2023-03-15T07:31:41.728+0000] {processor.py:153} INFO - Started process (PID=131353) to work on /home/dev/airflow/airflow/lib/python3.10/site-packages/airflow/example_dags/plugins/workday.py
[2023-03-15T07:31:41.729+0000] {processor.py:743} INFO - Processing file /home/dev/airflow/airflow/lib/python3.10/site-packages/airflow/example_dags/plugins/workday.py for tasks to queue
[2023-03-15T07:31:41.730+0000] {logging_mixin.py:137} INFO - [2023-03-15T07:31:41.729+0000] {dagbag.py:538} INFO - Filling up the DagBag from /home/dev/airflow/airflow/lib/python3.10/site-packages/airflow/example_dags/plugins/workday.py
[2023-03-15T07:31:41.732+0000] {processor.py:755} WARNING - No viable dags retrieved from /home/dev/airflow/airflow/lib/python3.10/site-packages/airflow/example_dags/plugins/workday.py
[2023-03-15T07:31:41.743+0000] {processor.py:175} INFO - Processing /home/dev/airflow/airflow/lib/python3.10/site-packages/airflow/example_dags/plugins/workday.py took 0.018 seconds
[2023-03-15T07:32:12.175+0000] {processor.py:153} INFO - Started process (PID=131566) to work on /home/dev/airflow/airflow/lib/python3.10/site-packages/airflow/example_dags/plugins/workday.py
[2023-03-15T07:32:12.180+0000] {processor.py:743} INFO - Processing file /home/dev/airflow/airflow/lib/python3.10/site-packages/airflow/example_dags/plugins/workday.py for tasks to queue
[2023-03-15T07:32:12.181+0000] {logging_mixin.py:137} INFO - [2023-03-15T07:32:12.181+0000] {dagbag.py:538} INFO - Filling up the DagBag from /home/dev/airflow/airflow/lib/python3.10/site-packages/airflow/example_dags/plugins/workday.py
[2023-03-15T07:32:12.183+0000] {processor.py:755} WARNING - No viable dags retrieved from /home/dev/airflow/airflow/lib/python3.10/site-packages/airflow/example_dags/plugins/workday.py
[2023-03-15T07:32:12.195+0000] {processor.py:175} INFO - Processing /home/dev/airflow/airflow/lib/python3.10/site-packages/airflow/example_dags/plugins/workday.py took 0.024 seconds
[2023-03-15T07:32:42.585+0000] {processor.py:153} INFO - Started process (PID=131892) to work on /home/dev/airflow/airflow/lib/python3.10/site-packages/airflow/example_dags/plugins/workday.py
[2023-03-15T07:32:42.588+0000] {processor.py:743} INFO - Processing file /home/dev/airflow/airflow/lib/python3.10/site-packages/airflow/example_dags/plugins/workday.py for tasks to queue
[2023-03-15T07:32:42.588+0000] {logging_mixin.py:137} INFO - [2023-03-15T07:32:42.588+0000] {dagbag.py:538} INFO - Filling up the DagBag from /home/dev/airflow/airflow/lib/python3.10/site-packages/airflow/example_dags/plugins/workday.py
[2023-03-15T07:32:42.590+0000] {processor.py:755} WARNING - No viable dags retrieved from /home/dev/airflow/airflow/lib/python3.10/site-packages/airflow/example_dags/plugins/workday.py
[2023-03-15T07:32:42.605+0000] {processor.py:175} INFO - Processing /home/dev/airflow/airflow/lib/python3.10/site-packages/airflow/example_dags/plugins/workday.py took 0.024 seconds
[2023-03-15T07:33:13.180+0000] {processor.py:153} INFO - Started process (PID=132111) to work on /home/dev/airflow/airflow/lib/python3.10/site-packages/airflow/example_dags/plugins/workday.py
[2023-03-15T07:33:13.193+0000] {processor.py:743} INFO - Processing file /home/dev/airflow/airflow/lib/python3.10/site-packages/airflow/example_dags/plugins/workday.py for tasks to queue
[2023-03-15T07:33:13.193+0000] {logging_mixin.py:137} INFO - [2023-03-15T07:33:13.193+0000] {dagbag.py:538} INFO - Filling up the DagBag from /home/dev/airflow/airflow/lib/python3.10/site-packages/airflow/example_dags/plugins/workday.py
[2023-03-15T07:33:13.196+0000] {processor.py:755} WARNING - No viable dags retrieved from /home/dev/airflow/airflow/lib/python3.10/site-packages/airflow/example_dags/plugins/workday.py
[2023-03-15T07:33:13.208+0000] {processor.py:175} INFO - Processing /home/dev/airflow/airflow/lib/python3.10/site-packages/airflow/example_dags/plugins/workday.py took 0.031 seconds
[2023-03-15T07:33:43.544+0000] {processor.py:153} INFO - Started process (PID=132429) to work on /home/dev/airflow/airflow/lib/python3.10/site-packages/airflow/example_dags/plugins/workday.py
[2023-03-15T07:33:43.545+0000] {processor.py:743} INFO - Processing file /home/dev/airflow/airflow/lib/python3.10/site-packages/airflow/example_dags/plugins/workday.py for tasks to queue
[2023-03-15T07:33:43.545+0000] {logging_mixin.py:137} INFO - [2023-03-15T07:33:43.545+0000] {dagbag.py:538} INFO - Filling up the DagBag from /home/dev/airflow/airflow/lib/python3.10/site-packages/airflow/example_dags/plugins/workday.py
[2023-03-15T07:33:43.547+0000] {processor.py:755} WARNING - No viable dags retrieved from /home/dev/airflow/airflow/lib/python3.10/site-packages/airflow/example_dags/plugins/workday.py
[2023-03-15T07:33:43.558+0000] {processor.py:175} INFO - Processing /home/dev/airflow/airflow/lib/python3.10/site-packages/airflow/example_dags/plugins/workday.py took 0.018 seconds
[2023-03-15T07:34:13.836+0000] {processor.py:153} INFO - Started process (PID=132641) to work on /home/dev/airflow/airflow/lib/python3.10/site-packages/airflow/example_dags/plugins/workday.py
[2023-03-15T07:34:13.837+0000] {processor.py:743} INFO - Processing file /home/dev/airflow/airflow/lib/python3.10/site-packages/airflow/example_dags/plugins/workday.py for tasks to queue
[2023-03-15T07:34:13.837+0000] {logging_mixin.py:137} INFO - [2023-03-15T07:34:13.837+0000] {dagbag.py:538} INFO - Filling up the DagBag from /home/dev/airflow/airflow/lib/python3.10/site-packages/airflow/example_dags/plugins/workday.py
[2023-03-15T07:34:13.839+0000] {processor.py:755} WARNING - No viable dags retrieved from /home/dev/airflow/airflow/lib/python3.10/site-packages/airflow/example_dags/plugins/workday.py
[2023-03-15T07:34:13.852+0000] {processor.py:175} INFO - Processing /home/dev/airflow/airflow/lib/python3.10/site-packages/airflow/example_dags/plugins/workday.py took 0.020 seconds
[2023-03-15T07:34:44.147+0000] {processor.py:153} INFO - Started process (PID=132943) to work on /home/dev/airflow/airflow/lib/python3.10/site-packages/airflow/example_dags/plugins/workday.py
[2023-03-15T07:34:44.148+0000] {processor.py:743} INFO - Processing file /home/dev/airflow/airflow/lib/python3.10/site-packages/airflow/example_dags/plugins/workday.py for tasks to queue
[2023-03-15T07:34:44.148+0000] {logging_mixin.py:137} INFO - [2023-03-15T07:34:44.148+0000] {dagbag.py:538} INFO - Filling up the DagBag from /home/dev/airflow/airflow/lib/python3.10/site-packages/airflow/example_dags/plugins/workday.py
[2023-03-15T07:34:44.149+0000] {processor.py:755} WARNING - No viable dags retrieved from /home/dev/airflow/airflow/lib/python3.10/site-packages/airflow/example_dags/plugins/workday.py
[2023-03-15T07:34:44.155+0000] {processor.py:175} INFO - Processing /home/dev/airflow/airflow/lib/python3.10/site-packages/airflow/example_dags/plugins/workday.py took 0.011 seconds
[2023-03-15T07:35:14.467+0000] {processor.py:153} INFO - Started process (PID=133275) to work on /home/dev/airflow/airflow/lib/python3.10/site-packages/airflow/example_dags/plugins/workday.py
[2023-03-15T07:35:14.468+0000] {processor.py:743} INFO - Processing file /home/dev/airflow/airflow/lib/python3.10/site-packages/airflow/example_dags/plugins/workday.py for tasks to queue
[2023-03-15T07:35:14.469+0000] {logging_mixin.py:137} INFO - [2023-03-15T07:35:14.468+0000] {dagbag.py:538} INFO - Filling up the DagBag from /home/dev/airflow/airflow/lib/python3.10/site-packages/airflow/example_dags/plugins/workday.py
[2023-03-15T07:35:14.470+0000] {processor.py:755} WARNING - No viable dags retrieved from /home/dev/airflow/airflow/lib/python3.10/site-packages/airflow/example_dags/plugins/workday.py
[2023-03-15T07:35:14.479+0000] {processor.py:175} INFO - Processing /home/dev/airflow/airflow/lib/python3.10/site-packages/airflow/example_dags/plugins/workday.py took 0.015 seconds
[2023-03-15T07:35:45.499+0000] {processor.py:153} INFO - Started process (PID=133548) to work on /home/dev/airflow/airflow/lib/python3.10/site-packages/airflow/example_dags/plugins/workday.py
[2023-03-15T07:35:45.500+0000] {processor.py:743} INFO - Processing file /home/dev/airflow/airflow/lib/python3.10/site-packages/airflow/example_dags/plugins/workday.py for tasks to queue
[2023-03-15T07:35:45.501+0000] {logging_mixin.py:137} INFO - [2023-03-15T07:35:45.501+0000] {dagbag.py:538} INFO - Filling up the DagBag from /home/dev/airflow/airflow/lib/python3.10/site-packages/airflow/example_dags/plugins/workday.py
[2023-03-15T07:35:45.502+0000] {processor.py:755} WARNING - No viable dags retrieved from /home/dev/airflow/airflow/lib/python3.10/site-packages/airflow/example_dags/plugins/workday.py
[2023-03-15T07:35:45.512+0000] {processor.py:175} INFO - Processing /home/dev/airflow/airflow/lib/python3.10/site-packages/airflow/example_dags/plugins/workday.py took 0.017 seconds
[2023-03-15T07:36:16.523+0000] {processor.py:153} INFO - Started process (PID=133840) to work on /home/dev/airflow/airflow/lib/python3.10/site-packages/airflow/example_dags/plugins/workday.py
[2023-03-15T07:36:16.524+0000] {processor.py:743} INFO - Processing file /home/dev/airflow/airflow/lib/python3.10/site-packages/airflow/example_dags/plugins/workday.py for tasks to queue
[2023-03-15T07:36:16.524+0000] {logging_mixin.py:137} INFO - [2023-03-15T07:36:16.524+0000] {dagbag.py:538} INFO - Filling up the DagBag from /home/dev/airflow/airflow/lib/python3.10/site-packages/airflow/example_dags/plugins/workday.py
[2023-03-15T07:36:16.525+0000] {processor.py:755} WARNING - No viable dags retrieved from /home/dev/airflow/airflow/lib/python3.10/site-packages/airflow/example_dags/plugins/workday.py
[2023-03-15T07:36:16.531+0000] {processor.py:175} INFO - Processing /home/dev/airflow/airflow/lib/python3.10/site-packages/airflow/example_dags/plugins/workday.py took 0.010 seconds
[2023-03-15T07:36:47.394+0000] {processor.py:153} INFO - Started process (PID=134068) to work on /home/dev/airflow/airflow/lib/python3.10/site-packages/airflow/example_dags/plugins/workday.py
[2023-03-15T07:36:47.395+0000] {processor.py:743} INFO - Processing file /home/dev/airflow/airflow/lib/python3.10/site-packages/airflow/example_dags/plugins/workday.py for tasks to queue
[2023-03-15T07:36:47.395+0000] {logging_mixin.py:137} INFO - [2023-03-15T07:36:47.395+0000] {dagbag.py:538} INFO - Filling up the DagBag from /home/dev/airflow/airflow/lib/python3.10/site-packages/airflow/example_dags/plugins/workday.py
[2023-03-15T07:36:47.396+0000] {processor.py:755} WARNING - No viable dags retrieved from /home/dev/airflow/airflow/lib/python3.10/site-packages/airflow/example_dags/plugins/workday.py
[2023-03-15T07:36:47.406+0000] {processor.py:175} INFO - Processing /home/dev/airflow/airflow/lib/python3.10/site-packages/airflow/example_dags/plugins/workday.py took 0.015 seconds
[2023-03-15T07:37:17.475+0000] {processor.py:153} INFO - Started process (PID=134379) to work on /home/dev/airflow/airflow/lib/python3.10/site-packages/airflow/example_dags/plugins/workday.py
[2023-03-15T07:37:17.475+0000] {processor.py:743} INFO - Processing file /home/dev/airflow/airflow/lib/python3.10/site-packages/airflow/example_dags/plugins/workday.py for tasks to queue
[2023-03-15T07:37:17.476+0000] {logging_mixin.py:137} INFO - [2023-03-15T07:37:17.476+0000] {dagbag.py:538} INFO - Filling up the DagBag from /home/dev/airflow/airflow/lib/python3.10/site-packages/airflow/example_dags/plugins/workday.py
[2023-03-15T07:37:17.477+0000] {processor.py:755} WARNING - No viable dags retrieved from /home/dev/airflow/airflow/lib/python3.10/site-packages/airflow/example_dags/plugins/workday.py
[2023-03-15T07:37:17.484+0000] {processor.py:175} INFO - Processing /home/dev/airflow/airflow/lib/python3.10/site-packages/airflow/example_dags/plugins/workday.py took 0.011 seconds
[2023-03-15T07:37:48.389+0000] {processor.py:153} INFO - Started process (PID=134622) to work on /home/dev/airflow/airflow/lib/python3.10/site-packages/airflow/example_dags/plugins/workday.py
[2023-03-15T07:37:48.390+0000] {processor.py:743} INFO - Processing file /home/dev/airflow/airflow/lib/python3.10/site-packages/airflow/example_dags/plugins/workday.py for tasks to queue
[2023-03-15T07:37:48.391+0000] {logging_mixin.py:137} INFO - [2023-03-15T07:37:48.391+0000] {dagbag.py:538} INFO - Filling up the DagBag from /home/dev/airflow/airflow/lib/python3.10/site-packages/airflow/example_dags/plugins/workday.py
[2023-03-15T07:37:48.392+0000] {processor.py:755} WARNING - No viable dags retrieved from /home/dev/airflow/airflow/lib/python3.10/site-packages/airflow/example_dags/plugins/workday.py
[2023-03-15T07:37:48.404+0000] {processor.py:175} INFO - Processing /home/dev/airflow/airflow/lib/python3.10/site-packages/airflow/example_dags/plugins/workday.py took 0.017 seconds
[2023-03-15T07:38:18.617+0000] {processor.py:153} INFO - Started process (PID=134979) to work on /home/dev/airflow/airflow/lib/python3.10/site-packages/airflow/example_dags/plugins/workday.py
[2023-03-15T07:38:18.618+0000] {processor.py:743} INFO - Processing file /home/dev/airflow/airflow/lib/python3.10/site-packages/airflow/example_dags/plugins/workday.py for tasks to queue
[2023-03-15T07:38:18.619+0000] {logging_mixin.py:137} INFO - [2023-03-15T07:38:18.619+0000] {dagbag.py:538} INFO - Filling up the DagBag from /home/dev/airflow/airflow/lib/python3.10/site-packages/airflow/example_dags/plugins/workday.py
[2023-03-15T07:38:18.620+0000] {processor.py:755} WARNING - No viable dags retrieved from /home/dev/airflow/airflow/lib/python3.10/site-packages/airflow/example_dags/plugins/workday.py
[2023-03-15T07:38:18.629+0000] {processor.py:175} INFO - Processing /home/dev/airflow/airflow/lib/python3.10/site-packages/airflow/example_dags/plugins/workday.py took 0.014 seconds
[2023-03-15T07:38:49.032+0000] {processor.py:153} INFO - Started process (PID=135167) to work on /home/dev/airflow/airflow/lib/python3.10/site-packages/airflow/example_dags/plugins/workday.py
[2023-03-15T07:38:49.032+0000] {processor.py:743} INFO - Processing file /home/dev/airflow/airflow/lib/python3.10/site-packages/airflow/example_dags/plugins/workday.py for tasks to queue
[2023-03-15T07:38:49.033+0000] {logging_mixin.py:137} INFO - [2023-03-15T07:38:49.033+0000] {dagbag.py:538} INFO - Filling up the DagBag from /home/dev/airflow/airflow/lib/python3.10/site-packages/airflow/example_dags/plugins/workday.py
[2023-03-15T07:38:49.034+0000] {processor.py:755} WARNING - No viable dags retrieved from /home/dev/airflow/airflow/lib/python3.10/site-packages/airflow/example_dags/plugins/workday.py
[2023-03-15T07:38:49.042+0000] {processor.py:175} INFO - Processing /home/dev/airflow/airflow/lib/python3.10/site-packages/airflow/example_dags/plugins/workday.py took 0.013 seconds
[2023-03-15T07:39:19.978+0000] {processor.py:153} INFO - Started process (PID=135574) to work on /home/dev/airflow/airflow/lib/python3.10/site-packages/airflow/example_dags/plugins/workday.py
[2023-03-15T07:39:19.979+0000] {processor.py:743} INFO - Processing file /home/dev/airflow/airflow/lib/python3.10/site-packages/airflow/example_dags/plugins/workday.py for tasks to queue
[2023-03-15T07:39:19.980+0000] {logging_mixin.py:137} INFO - [2023-03-15T07:39:19.979+0000] {dagbag.py:538} INFO - Filling up the DagBag from /home/dev/airflow/airflow/lib/python3.10/site-packages/airflow/example_dags/plugins/workday.py
[2023-03-15T07:39:19.981+0000] {processor.py:755} WARNING - No viable dags retrieved from /home/dev/airflow/airflow/lib/python3.10/site-packages/airflow/example_dags/plugins/workday.py
[2023-03-15T07:39:19.991+0000] {processor.py:175} INFO - Processing /home/dev/airflow/airflow/lib/python3.10/site-packages/airflow/example_dags/plugins/workday.py took 0.016 seconds
[2023-03-15T07:39:50.182+0000] {processor.py:153} INFO - Started process (PID=135792) to work on /home/dev/airflow/airflow/lib/python3.10/site-packages/airflow/example_dags/plugins/workday.py
[2023-03-15T07:39:50.183+0000] {processor.py:743} INFO - Processing file /home/dev/airflow/airflow/lib/python3.10/site-packages/airflow/example_dags/plugins/workday.py for tasks to queue
[2023-03-15T07:39:50.184+0000] {logging_mixin.py:137} INFO - [2023-03-15T07:39:50.184+0000] {dagbag.py:538} INFO - Filling up the DagBag from /home/dev/airflow/airflow/lib/python3.10/site-packages/airflow/example_dags/plugins/workday.py
[2023-03-15T07:39:50.185+0000] {processor.py:755} WARNING - No viable dags retrieved from /home/dev/airflow/airflow/lib/python3.10/site-packages/airflow/example_dags/plugins/workday.py
[2023-03-15T07:39:50.193+0000] {processor.py:175} INFO - Processing /home/dev/airflow/airflow/lib/python3.10/site-packages/airflow/example_dags/plugins/workday.py took 0.014 seconds
[2023-03-15T07:40:20.294+0000] {processor.py:153} INFO - Started process (PID=136140) to work on /home/dev/airflow/airflow/lib/python3.10/site-packages/airflow/example_dags/plugins/workday.py
[2023-03-15T07:40:20.295+0000] {processor.py:743} INFO - Processing file /home/dev/airflow/airflow/lib/python3.10/site-packages/airflow/example_dags/plugins/workday.py for tasks to queue
[2023-03-15T07:40:20.296+0000] {logging_mixin.py:137} INFO - [2023-03-15T07:40:20.296+0000] {dagbag.py:538} INFO - Filling up the DagBag from /home/dev/airflow/airflow/lib/python3.10/site-packages/airflow/example_dags/plugins/workday.py
[2023-03-15T07:40:20.298+0000] {processor.py:755} WARNING - No viable dags retrieved from /home/dev/airflow/airflow/lib/python3.10/site-packages/airflow/example_dags/plugins/workday.py
[2023-03-15T07:40:20.309+0000] {processor.py:175} INFO - Processing /home/dev/airflow/airflow/lib/python3.10/site-packages/airflow/example_dags/plugins/workday.py took 0.018 seconds
[2023-03-15T07:40:50.442+0000] {processor.py:153} INFO - Started process (PID=136362) to work on /home/dev/airflow/airflow/lib/python3.10/site-packages/airflow/example_dags/plugins/workday.py
[2023-03-15T07:40:50.442+0000] {processor.py:743} INFO - Processing file /home/dev/airflow/airflow/lib/python3.10/site-packages/airflow/example_dags/plugins/workday.py for tasks to queue
[2023-03-15T07:40:50.443+0000] {logging_mixin.py:137} INFO - [2023-03-15T07:40:50.443+0000] {dagbag.py:538} INFO - Filling up the DagBag from /home/dev/airflow/airflow/lib/python3.10/site-packages/airflow/example_dags/plugins/workday.py
[2023-03-15T07:40:50.444+0000] {processor.py:755} WARNING - No viable dags retrieved from /home/dev/airflow/airflow/lib/python3.10/site-packages/airflow/example_dags/plugins/workday.py
[2023-03-15T07:40:50.450+0000] {processor.py:175} INFO - Processing /home/dev/airflow/airflow/lib/python3.10/site-packages/airflow/example_dags/plugins/workday.py took 0.010 seconds
[2023-03-15T07:41:21.384+0000] {processor.py:153} INFO - Started process (PID=136666) to work on /home/dev/airflow/airflow/lib/python3.10/site-packages/airflow/example_dags/plugins/workday.py
[2023-03-15T07:41:21.385+0000] {processor.py:743} INFO - Processing file /home/dev/airflow/airflow/lib/python3.10/site-packages/airflow/example_dags/plugins/workday.py for tasks to queue
[2023-03-15T07:41:21.386+0000] {logging_mixin.py:137} INFO - [2023-03-15T07:41:21.385+0000] {dagbag.py:538} INFO - Filling up the DagBag from /home/dev/airflow/airflow/lib/python3.10/site-packages/airflow/example_dags/plugins/workday.py
[2023-03-15T07:41:21.387+0000] {processor.py:755} WARNING - No viable dags retrieved from /home/dev/airflow/airflow/lib/python3.10/site-packages/airflow/example_dags/plugins/workday.py
[2023-03-15T07:41:21.396+0000] {processor.py:175} INFO - Processing /home/dev/airflow/airflow/lib/python3.10/site-packages/airflow/example_dags/plugins/workday.py took 0.015 seconds
[2023-03-15T07:41:51.418+0000] {processor.py:153} INFO - Started process (PID=136927) to work on /home/dev/airflow/airflow/lib/python3.10/site-packages/airflow/example_dags/plugins/workday.py
[2023-03-15T07:41:51.418+0000] {processor.py:743} INFO - Processing file /home/dev/airflow/airflow/lib/python3.10/site-packages/airflow/example_dags/plugins/workday.py for tasks to queue
[2023-03-15T07:41:51.419+0000] {logging_mixin.py:137} INFO - [2023-03-15T07:41:51.419+0000] {dagbag.py:538} INFO - Filling up the DagBag from /home/dev/airflow/airflow/lib/python3.10/site-packages/airflow/example_dags/plugins/workday.py
[2023-03-15T07:41:51.420+0000] {processor.py:755} WARNING - No viable dags retrieved from /home/dev/airflow/airflow/lib/python3.10/site-packages/airflow/example_dags/plugins/workday.py
[2023-03-15T07:41:51.426+0000] {processor.py:175} INFO - Processing /home/dev/airflow/airflow/lib/python3.10/site-packages/airflow/example_dags/plugins/workday.py took 0.011 seconds
[2023-03-15T07:42:22.012+0000] {processor.py:153} INFO - Started process (PID=137201) to work on /home/dev/airflow/airflow/lib/python3.10/site-packages/airflow/example_dags/plugins/workday.py
[2023-03-15T07:42:22.013+0000] {processor.py:743} INFO - Processing file /home/dev/airflow/airflow/lib/python3.10/site-packages/airflow/example_dags/plugins/workday.py for tasks to queue
[2023-03-15T07:42:22.013+0000] {logging_mixin.py:137} INFO - [2023-03-15T07:42:22.013+0000] {dagbag.py:538} INFO - Filling up the DagBag from /home/dev/airflow/airflow/lib/python3.10/site-packages/airflow/example_dags/plugins/workday.py
[2023-03-15T07:42:22.015+0000] {processor.py:755} WARNING - No viable dags retrieved from /home/dev/airflow/airflow/lib/python3.10/site-packages/airflow/example_dags/plugins/workday.py
[2023-03-15T07:42:22.026+0000] {processor.py:175} INFO - Processing /home/dev/airflow/airflow/lib/python3.10/site-packages/airflow/example_dags/plugins/workday.py took 0.017 seconds
[2023-03-15T07:42:52.224+0000] {processor.py:153} INFO - Started process (PID=137483) to work on /home/dev/airflow/airflow/lib/python3.10/site-packages/airflow/example_dags/plugins/workday.py
[2023-03-15T07:42:52.225+0000] {processor.py:743} INFO - Processing file /home/dev/airflow/airflow/lib/python3.10/site-packages/airflow/example_dags/plugins/workday.py for tasks to queue
[2023-03-15T07:42:52.225+0000] {logging_mixin.py:137} INFO - [2023-03-15T07:42:52.225+0000] {dagbag.py:538} INFO - Filling up the DagBag from /home/dev/airflow/airflow/lib/python3.10/site-packages/airflow/example_dags/plugins/workday.py
[2023-03-15T07:42:52.227+0000] {processor.py:755} WARNING - No viable dags retrieved from /home/dev/airflow/airflow/lib/python3.10/site-packages/airflow/example_dags/plugins/workday.py
[2023-03-15T07:42:52.239+0000] {processor.py:175} INFO - Processing /home/dev/airflow/airflow/lib/python3.10/site-packages/airflow/example_dags/plugins/workday.py took 0.018 seconds
[2023-03-15T07:43:22.749+0000] {processor.py:153} INFO - Started process (PID=137780) to work on /home/dev/airflow/airflow/lib/python3.10/site-packages/airflow/example_dags/plugins/workday.py
[2023-03-15T07:43:22.750+0000] {processor.py:743} INFO - Processing file /home/dev/airflow/airflow/lib/python3.10/site-packages/airflow/example_dags/plugins/workday.py for tasks to queue
[2023-03-15T07:43:22.751+0000] {logging_mixin.py:137} INFO - [2023-03-15T07:43:22.751+0000] {dagbag.py:538} INFO - Filling up the DagBag from /home/dev/airflow/airflow/lib/python3.10/site-packages/airflow/example_dags/plugins/workday.py
[2023-03-15T07:43:22.752+0000] {processor.py:755} WARNING - No viable dags retrieved from /home/dev/airflow/airflow/lib/python3.10/site-packages/airflow/example_dags/plugins/workday.py
[2023-03-15T07:43:22.764+0000] {processor.py:175} INFO - Processing /home/dev/airflow/airflow/lib/python3.10/site-packages/airflow/example_dags/plugins/workday.py took 0.018 seconds
[2023-03-15T07:43:53.137+0000] {processor.py:153} INFO - Started process (PID=138161) to work on /home/dev/airflow/airflow/lib/python3.10/site-packages/airflow/example_dags/plugins/workday.py
[2023-03-15T07:43:53.138+0000] {processor.py:743} INFO - Processing file /home/dev/airflow/airflow/lib/python3.10/site-packages/airflow/example_dags/plugins/workday.py for tasks to queue
[2023-03-15T07:43:53.138+0000] {logging_mixin.py:137} INFO - [2023-03-15T07:43:53.138+0000] {dagbag.py:538} INFO - Filling up the DagBag from /home/dev/airflow/airflow/lib/python3.10/site-packages/airflow/example_dags/plugins/workday.py
[2023-03-15T07:43:53.139+0000] {processor.py:755} WARNING - No viable dags retrieved from /home/dev/airflow/airflow/lib/python3.10/site-packages/airflow/example_dags/plugins/workday.py
[2023-03-15T07:43:53.146+0000] {processor.py:175} INFO - Processing /home/dev/airflow/airflow/lib/python3.10/site-packages/airflow/example_dags/plugins/workday.py took 0.011 seconds
[2023-03-15T07:44:23.961+0000] {processor.py:153} INFO - Started process (PID=138585) to work on /home/dev/airflow/airflow/lib/python3.10/site-packages/airflow/example_dags/plugins/workday.py
[2023-03-15T07:44:23.964+0000] {processor.py:743} INFO - Processing file /home/dev/airflow/airflow/lib/python3.10/site-packages/airflow/example_dags/plugins/workday.py for tasks to queue
[2023-03-15T07:44:23.965+0000] {logging_mixin.py:137} INFO - [2023-03-15T07:44:23.965+0000] {dagbag.py:538} INFO - Filling up the DagBag from /home/dev/airflow/airflow/lib/python3.10/site-packages/airflow/example_dags/plugins/workday.py
[2023-03-15T07:44:23.969+0000] {processor.py:755} WARNING - No viable dags retrieved from /home/dev/airflow/airflow/lib/python3.10/site-packages/airflow/example_dags/plugins/workday.py
[2023-03-15T07:44:23.993+0000] {processor.py:175} INFO - Processing /home/dev/airflow/airflow/lib/python3.10/site-packages/airflow/example_dags/plugins/workday.py took 0.036 seconds
[2023-03-15T07:44:54.391+0000] {processor.py:153} INFO - Started process (PID=138965) to work on /home/dev/airflow/airflow/lib/python3.10/site-packages/airflow/example_dags/plugins/workday.py
[2023-03-15T07:44:54.393+0000] {processor.py:743} INFO - Processing file /home/dev/airflow/airflow/lib/python3.10/site-packages/airflow/example_dags/plugins/workday.py for tasks to queue
[2023-03-15T07:44:54.394+0000] {logging_mixin.py:137} INFO - [2023-03-15T07:44:54.393+0000] {dagbag.py:538} INFO - Filling up the DagBag from /home/dev/airflow/airflow/lib/python3.10/site-packages/airflow/example_dags/plugins/workday.py
[2023-03-15T07:44:54.395+0000] {processor.py:755} WARNING - No viable dags retrieved from /home/dev/airflow/airflow/lib/python3.10/site-packages/airflow/example_dags/plugins/workday.py
[2023-03-15T07:44:54.406+0000] {processor.py:175} INFO - Processing /home/dev/airflow/airflow/lib/python3.10/site-packages/airflow/example_dags/plugins/workday.py took 0.018 seconds
[2023-03-15T07:45:25.410+0000] {processor.py:153} INFO - Started process (PID=139315) to work on /home/dev/airflow/airflow/lib/python3.10/site-packages/airflow/example_dags/plugins/workday.py
[2023-03-15T07:45:25.412+0000] {processor.py:743} INFO - Processing file /home/dev/airflow/airflow/lib/python3.10/site-packages/airflow/example_dags/plugins/workday.py for tasks to queue
[2023-03-15T07:45:25.413+0000] {logging_mixin.py:137} INFO - [2023-03-15T07:45:25.412+0000] {dagbag.py:538} INFO - Filling up the DagBag from /home/dev/airflow/airflow/lib/python3.10/site-packages/airflow/example_dags/plugins/workday.py
[2023-03-15T07:45:25.415+0000] {processor.py:755} WARNING - No viable dags retrieved from /home/dev/airflow/airflow/lib/python3.10/site-packages/airflow/example_dags/plugins/workday.py
[2023-03-15T07:45:25.428+0000] {processor.py:175} INFO - Processing /home/dev/airflow/airflow/lib/python3.10/site-packages/airflow/example_dags/plugins/workday.py took 0.021 seconds
[2023-03-15T07:45:56.247+0000] {processor.py:153} INFO - Started process (PID=139657) to work on /home/dev/airflow/airflow/lib/python3.10/site-packages/airflow/example_dags/plugins/workday.py
[2023-03-15T07:45:56.249+0000] {processor.py:743} INFO - Processing file /home/dev/airflow/airflow/lib/python3.10/site-packages/airflow/example_dags/plugins/workday.py for tasks to queue
[2023-03-15T07:45:56.251+0000] {logging_mixin.py:137} INFO - [2023-03-15T07:45:56.251+0000] {dagbag.py:538} INFO - Filling up the DagBag from /home/dev/airflow/airflow/lib/python3.10/site-packages/airflow/example_dags/plugins/workday.py
[2023-03-15T07:45:56.254+0000] {processor.py:755} WARNING - No viable dags retrieved from /home/dev/airflow/airflow/lib/python3.10/site-packages/airflow/example_dags/plugins/workday.py
[2023-03-15T07:45:56.301+0000] {processor.py:175} INFO - Processing /home/dev/airflow/airflow/lib/python3.10/site-packages/airflow/example_dags/plugins/workday.py took 0.060 seconds
[2023-03-15T07:46:27.185+0000] {processor.py:153} INFO - Started process (PID=139953) to work on /home/dev/airflow/airflow/lib/python3.10/site-packages/airflow/example_dags/plugins/workday.py
[2023-03-15T07:46:27.187+0000] {processor.py:743} INFO - Processing file /home/dev/airflow/airflow/lib/python3.10/site-packages/airflow/example_dags/plugins/workday.py for tasks to queue
[2023-03-15T07:46:27.188+0000] {logging_mixin.py:137} INFO - [2023-03-15T07:46:27.188+0000] {dagbag.py:538} INFO - Filling up the DagBag from /home/dev/airflow/airflow/lib/python3.10/site-packages/airflow/example_dags/plugins/workday.py
[2023-03-15T07:46:27.191+0000] {processor.py:755} WARNING - No viable dags retrieved from /home/dev/airflow/airflow/lib/python3.10/site-packages/airflow/example_dags/plugins/workday.py
[2023-03-15T07:46:27.202+0000] {processor.py:175} INFO - Processing /home/dev/airflow/airflow/lib/python3.10/site-packages/airflow/example_dags/plugins/workday.py took 0.020 seconds
[2023-03-15T07:46:57.559+0000] {processor.py:153} INFO - Started process (PID=140249) to work on /home/dev/airflow/airflow/lib/python3.10/site-packages/airflow/example_dags/plugins/workday.py
[2023-03-15T07:46:57.561+0000] {processor.py:743} INFO - Processing file /home/dev/airflow/airflow/lib/python3.10/site-packages/airflow/example_dags/plugins/workday.py for tasks to queue
[2023-03-15T07:46:57.562+0000] {logging_mixin.py:137} INFO - [2023-03-15T07:46:57.562+0000] {dagbag.py:538} INFO - Filling up the DagBag from /home/dev/airflow/airflow/lib/python3.10/site-packages/airflow/example_dags/plugins/workday.py
[2023-03-15T07:46:57.565+0000] {processor.py:755} WARNING - No viable dags retrieved from /home/dev/airflow/airflow/lib/python3.10/site-packages/airflow/example_dags/plugins/workday.py
[2023-03-15T07:46:57.582+0000] {processor.py:175} INFO - Processing /home/dev/airflow/airflow/lib/python3.10/site-packages/airflow/example_dags/plugins/workday.py took 0.027 seconds
[2023-03-15T07:47:27.958+0000] {processor.py:153} INFO - Started process (PID=140555) to work on /home/dev/airflow/airflow/lib/python3.10/site-packages/airflow/example_dags/plugins/workday.py
[2023-03-15T07:47:27.959+0000] {processor.py:743} INFO - Processing file /home/dev/airflow/airflow/lib/python3.10/site-packages/airflow/example_dags/plugins/workday.py for tasks to queue
[2023-03-15T07:47:27.959+0000] {logging_mixin.py:137} INFO - [2023-03-15T07:47:27.959+0000] {dagbag.py:538} INFO - Filling up the DagBag from /home/dev/airflow/airflow/lib/python3.10/site-packages/airflow/example_dags/plugins/workday.py
[2023-03-15T07:47:27.962+0000] {processor.py:755} WARNING - No viable dags retrieved from /home/dev/airflow/airflow/lib/python3.10/site-packages/airflow/example_dags/plugins/workday.py
[2023-03-15T07:47:27.977+0000] {processor.py:175} INFO - Processing /home/dev/airflow/airflow/lib/python3.10/site-packages/airflow/example_dags/plugins/workday.py took 0.022 seconds
[2023-03-15T07:47:58.036+0000] {processor.py:153} INFO - Started process (PID=140770) to work on /home/dev/airflow/airflow/lib/python3.10/site-packages/airflow/example_dags/plugins/workday.py
[2023-03-15T07:47:58.038+0000] {processor.py:743} INFO - Processing file /home/dev/airflow/airflow/lib/python3.10/site-packages/airflow/example_dags/plugins/workday.py for tasks to queue
[2023-03-15T07:47:58.038+0000] {logging_mixin.py:137} INFO - [2023-03-15T07:47:58.038+0000] {dagbag.py:538} INFO - Filling up the DagBag from /home/dev/airflow/airflow/lib/python3.10/site-packages/airflow/example_dags/plugins/workday.py
[2023-03-15T07:47:58.040+0000] {processor.py:755} WARNING - No viable dags retrieved from /home/dev/airflow/airflow/lib/python3.10/site-packages/airflow/example_dags/plugins/workday.py
[2023-03-15T07:47:58.048+0000] {processor.py:175} INFO - Processing /home/dev/airflow/airflow/lib/python3.10/site-packages/airflow/example_dags/plugins/workday.py took 0.014 seconds
[2023-03-15T07:48:29.233+0000] {processor.py:153} INFO - Started process (PID=141063) to work on /home/dev/airflow/airflow/lib/python3.10/site-packages/airflow/example_dags/plugins/workday.py
[2023-03-15T07:48:29.240+0000] {processor.py:743} INFO - Processing file /home/dev/airflow/airflow/lib/python3.10/site-packages/airflow/example_dags/plugins/workday.py for tasks to queue
[2023-03-15T07:48:29.241+0000] {logging_mixin.py:137} INFO - [2023-03-15T07:48:29.240+0000] {dagbag.py:538} INFO - Filling up the DagBag from /home/dev/airflow/airflow/lib/python3.10/site-packages/airflow/example_dags/plugins/workday.py
[2023-03-15T07:48:29.243+0000] {processor.py:755} WARNING - No viable dags retrieved from /home/dev/airflow/airflow/lib/python3.10/site-packages/airflow/example_dags/plugins/workday.py
[2023-03-15T07:48:29.264+0000] {processor.py:175} INFO - Processing /home/dev/airflow/airflow/lib/python3.10/site-packages/airflow/example_dags/plugins/workday.py took 0.034 seconds
[2023-03-15T07:49:00.101+0000] {processor.py:153} INFO - Started process (PID=141358) to work on /home/dev/airflow/airflow/lib/python3.10/site-packages/airflow/example_dags/plugins/workday.py
[2023-03-15T07:49:00.119+0000] {processor.py:743} INFO - Processing file /home/dev/airflow/airflow/lib/python3.10/site-packages/airflow/example_dags/plugins/workday.py for tasks to queue
[2023-03-15T07:49:00.129+0000] {logging_mixin.py:137} INFO - [2023-03-15T07:49:00.129+0000] {dagbag.py:538} INFO - Filling up the DagBag from /home/dev/airflow/airflow/lib/python3.10/site-packages/airflow/example_dags/plugins/workday.py
[2023-03-15T07:49:00.134+0000] {processor.py:755} WARNING - No viable dags retrieved from /home/dev/airflow/airflow/lib/python3.10/site-packages/airflow/example_dags/plugins/workday.py
[2023-03-15T07:49:00.200+0000] {processor.py:175} INFO - Processing /home/dev/airflow/airflow/lib/python3.10/site-packages/airflow/example_dags/plugins/workday.py took 0.103 seconds
[2023-03-15T07:49:30.583+0000] {processor.py:153} INFO - Started process (PID=141661) to work on /home/dev/airflow/airflow/lib/python3.10/site-packages/airflow/example_dags/plugins/workday.py
[2023-03-15T07:49:30.584+0000] {processor.py:743} INFO - Processing file /home/dev/airflow/airflow/lib/python3.10/site-packages/airflow/example_dags/plugins/workday.py for tasks to queue
[2023-03-15T07:49:30.585+0000] {logging_mixin.py:137} INFO - [2023-03-15T07:49:30.585+0000] {dagbag.py:538} INFO - Filling up the DagBag from /home/dev/airflow/airflow/lib/python3.10/site-packages/airflow/example_dags/plugins/workday.py
[2023-03-15T07:49:30.587+0000] {processor.py:755} WARNING - No viable dags retrieved from /home/dev/airflow/airflow/lib/python3.10/site-packages/airflow/example_dags/plugins/workday.py
[2023-03-15T07:49:30.608+0000] {processor.py:175} INFO - Processing /home/dev/airflow/airflow/lib/python3.10/site-packages/airflow/example_dags/plugins/workday.py took 0.029 seconds
[2023-03-15T07:50:01.614+0000] {processor.py:153} INFO - Started process (PID=141996) to work on /home/dev/airflow/airflow/lib/python3.10/site-packages/airflow/example_dags/plugins/workday.py
[2023-03-15T07:50:01.615+0000] {processor.py:743} INFO - Processing file /home/dev/airflow/airflow/lib/python3.10/site-packages/airflow/example_dags/plugins/workday.py for tasks to queue
[2023-03-15T07:50:01.616+0000] {logging_mixin.py:137} INFO - [2023-03-15T07:50:01.615+0000] {dagbag.py:538} INFO - Filling up the DagBag from /home/dev/airflow/airflow/lib/python3.10/site-packages/airflow/example_dags/plugins/workday.py
[2023-03-15T07:50:01.617+0000] {processor.py:755} WARNING - No viable dags retrieved from /home/dev/airflow/airflow/lib/python3.10/site-packages/airflow/example_dags/plugins/workday.py
[2023-03-15T07:50:01.630+0000] {processor.py:175} INFO - Processing /home/dev/airflow/airflow/lib/python3.10/site-packages/airflow/example_dags/plugins/workday.py took 0.019 seconds
[2023-03-15T07:50:31.968+0000] {processor.py:153} INFO - Started process (PID=142288) to work on /home/dev/airflow/airflow/lib/python3.10/site-packages/airflow/example_dags/plugins/workday.py
[2023-03-15T07:50:31.969+0000] {processor.py:743} INFO - Processing file /home/dev/airflow/airflow/lib/python3.10/site-packages/airflow/example_dags/plugins/workday.py for tasks to queue
[2023-03-15T07:50:31.970+0000] {logging_mixin.py:137} INFO - [2023-03-15T07:50:31.970+0000] {dagbag.py:538} INFO - Filling up the DagBag from /home/dev/airflow/airflow/lib/python3.10/site-packages/airflow/example_dags/plugins/workday.py
[2023-03-15T07:50:31.971+0000] {processor.py:755} WARNING - No viable dags retrieved from /home/dev/airflow/airflow/lib/python3.10/site-packages/airflow/example_dags/plugins/workday.py
[2023-03-15T07:50:31.983+0000] {processor.py:175} INFO - Processing /home/dev/airflow/airflow/lib/python3.10/site-packages/airflow/example_dags/plugins/workday.py took 0.017 seconds
[2023-03-15T07:51:02.729+0000] {processor.py:153} INFO - Started process (PID=142512) to work on /home/dev/airflow/airflow/lib/python3.10/site-packages/airflow/example_dags/plugins/workday.py
[2023-03-15T07:51:02.729+0000] {processor.py:743} INFO - Processing file /home/dev/airflow/airflow/lib/python3.10/site-packages/airflow/example_dags/plugins/workday.py for tasks to queue
[2023-03-15T07:51:02.730+0000] {logging_mixin.py:137} INFO - [2023-03-15T07:51:02.730+0000] {dagbag.py:538} INFO - Filling up the DagBag from /home/dev/airflow/airflow/lib/python3.10/site-packages/airflow/example_dags/plugins/workday.py
[2023-03-15T07:51:02.731+0000] {processor.py:755} WARNING - No viable dags retrieved from /home/dev/airflow/airflow/lib/python3.10/site-packages/airflow/example_dags/plugins/workday.py
[2023-03-15T07:51:02.740+0000] {processor.py:175} INFO - Processing /home/dev/airflow/airflow/lib/python3.10/site-packages/airflow/example_dags/plugins/workday.py took 0.016 seconds
[2023-03-15T07:51:33.712+0000] {processor.py:153} INFO - Started process (PID=142849) to work on /home/dev/airflow/airflow/lib/python3.10/site-packages/airflow/example_dags/plugins/workday.py
[2023-03-15T07:51:33.713+0000] {processor.py:743} INFO - Processing file /home/dev/airflow/airflow/lib/python3.10/site-packages/airflow/example_dags/plugins/workday.py for tasks to queue
[2023-03-15T07:51:33.715+0000] {logging_mixin.py:137} INFO - [2023-03-15T07:51:33.715+0000] {dagbag.py:538} INFO - Filling up the DagBag from /home/dev/airflow/airflow/lib/python3.10/site-packages/airflow/example_dags/plugins/workday.py
[2023-03-15T07:51:33.720+0000] {processor.py:755} WARNING - No viable dags retrieved from /home/dev/airflow/airflow/lib/python3.10/site-packages/airflow/example_dags/plugins/workday.py
[2023-03-15T07:51:33.751+0000] {processor.py:175} INFO - Processing /home/dev/airflow/airflow/lib/python3.10/site-packages/airflow/example_dags/plugins/workday.py took 0.043 seconds
[2023-03-15T07:52:04.494+0000] {processor.py:153} INFO - Started process (PID=143189) to work on /home/dev/airflow/airflow/lib/python3.10/site-packages/airflow/example_dags/plugins/workday.py
[2023-03-15T07:52:04.500+0000] {processor.py:743} INFO - Processing file /home/dev/airflow/airflow/lib/python3.10/site-packages/airflow/example_dags/plugins/workday.py for tasks to queue
[2023-03-15T07:52:04.501+0000] {logging_mixin.py:137} INFO - [2023-03-15T07:52:04.501+0000] {dagbag.py:538} INFO - Filling up the DagBag from /home/dev/airflow/airflow/lib/python3.10/site-packages/airflow/example_dags/plugins/workday.py
[2023-03-15T07:52:04.516+0000] {processor.py:755} WARNING - No viable dags retrieved from /home/dev/airflow/airflow/lib/python3.10/site-packages/airflow/example_dags/plugins/workday.py
[2023-03-15T07:52:04.563+0000] {processor.py:175} INFO - Processing /home/dev/airflow/airflow/lib/python3.10/site-packages/airflow/example_dags/plugins/workday.py took 0.080 seconds
[2023-03-15T07:52:34.676+0000] {processor.py:153} INFO - Started process (PID=143482) to work on /home/dev/airflow/airflow/lib/python3.10/site-packages/airflow/example_dags/plugins/workday.py
[2023-03-15T07:52:34.680+0000] {processor.py:743} INFO - Processing file /home/dev/airflow/airflow/lib/python3.10/site-packages/airflow/example_dags/plugins/workday.py for tasks to queue
[2023-03-15T07:52:34.680+0000] {logging_mixin.py:137} INFO - [2023-03-15T07:52:34.680+0000] {dagbag.py:538} INFO - Filling up the DagBag from /home/dev/airflow/airflow/lib/python3.10/site-packages/airflow/example_dags/plugins/workday.py
[2023-03-15T07:52:34.682+0000] {processor.py:755} WARNING - No viable dags retrieved from /home/dev/airflow/airflow/lib/python3.10/site-packages/airflow/example_dags/plugins/workday.py
[2023-03-15T07:52:34.695+0000] {processor.py:175} INFO - Processing /home/dev/airflow/airflow/lib/python3.10/site-packages/airflow/example_dags/plugins/workday.py took 0.022 seconds
[2023-03-15T07:53:05.177+0000] {processor.py:153} INFO - Started process (PID=143796) to work on /home/dev/airflow/airflow/lib/python3.10/site-packages/airflow/example_dags/plugins/workday.py
[2023-03-15T07:53:05.204+0000] {processor.py:743} INFO - Processing file /home/dev/airflow/airflow/lib/python3.10/site-packages/airflow/example_dags/plugins/workday.py for tasks to queue
[2023-03-15T07:53:05.204+0000] {logging_mixin.py:137} INFO - [2023-03-15T07:53:05.204+0000] {dagbag.py:538} INFO - Filling up the DagBag from /home/dev/airflow/airflow/lib/python3.10/site-packages/airflow/example_dags/plugins/workday.py
[2023-03-15T07:53:05.205+0000] {processor.py:755} WARNING - No viable dags retrieved from /home/dev/airflow/airflow/lib/python3.10/site-packages/airflow/example_dags/plugins/workday.py
[2023-03-15T07:53:05.212+0000] {processor.py:175} INFO - Processing /home/dev/airflow/airflow/lib/python3.10/site-packages/airflow/example_dags/plugins/workday.py took 0.037 seconds
[2023-03-15T07:53:36.210+0000] {processor.py:153} INFO - Started process (PID=144170) to work on /home/dev/airflow/airflow/lib/python3.10/site-packages/airflow/example_dags/plugins/workday.py
[2023-03-15T07:53:36.217+0000] {processor.py:743} INFO - Processing file /home/dev/airflow/airflow/lib/python3.10/site-packages/airflow/example_dags/plugins/workday.py for tasks to queue
[2023-03-15T07:53:36.219+0000] {logging_mixin.py:137} INFO - [2023-03-15T07:53:36.218+0000] {dagbag.py:538} INFO - Filling up the DagBag from /home/dev/airflow/airflow/lib/python3.10/site-packages/airflow/example_dags/plugins/workday.py
[2023-03-15T07:53:36.221+0000] {processor.py:755} WARNING - No viable dags retrieved from /home/dev/airflow/airflow/lib/python3.10/site-packages/airflow/example_dags/plugins/workday.py
[2023-03-15T07:53:36.234+0000] {processor.py:175} INFO - Processing /home/dev/airflow/airflow/lib/python3.10/site-packages/airflow/example_dags/plugins/workday.py took 0.027 seconds
[2023-03-15T07:54:06.279+0000] {processor.py:153} INFO - Started process (PID=144491) to work on /home/dev/airflow/airflow/lib/python3.10/site-packages/airflow/example_dags/plugins/workday.py
[2023-03-15T07:54:06.280+0000] {processor.py:743} INFO - Processing file /home/dev/airflow/airflow/lib/python3.10/site-packages/airflow/example_dags/plugins/workday.py for tasks to queue
[2023-03-15T07:54:06.281+0000] {logging_mixin.py:137} INFO - [2023-03-15T07:54:06.281+0000] {dagbag.py:538} INFO - Filling up the DagBag from /home/dev/airflow/airflow/lib/python3.10/site-packages/airflow/example_dags/plugins/workday.py
[2023-03-15T07:54:06.283+0000] {processor.py:755} WARNING - No viable dags retrieved from /home/dev/airflow/airflow/lib/python3.10/site-packages/airflow/example_dags/plugins/workday.py
[2023-03-15T07:54:06.294+0000] {processor.py:175} INFO - Processing /home/dev/airflow/airflow/lib/python3.10/site-packages/airflow/example_dags/plugins/workday.py took 0.019 seconds
