[2023-03-13T19:51:08.709+0000] {taskinstance.py:1083} INFO - Dependencies all met for <TaskInstance: AUTOMATISATION.Chargement_des_données_in_ELK scheduled__2023-03-13T00:00:12+00:00 [queued]>
[2023-03-13T19:51:08.720+0000] {taskinstance.py:1083} INFO - Dependencies all met for <TaskInstance: AUTOMATISATION.Chargement_des_données_in_ELK scheduled__2023-03-13T00:00:12+00:00 [queued]>
[2023-03-13T19:51:08.720+0000] {taskinstance.py:1279} INFO - 
--------------------------------------------------------------------------------
[2023-03-13T19:51:08.721+0000] {taskinstance.py:1280} INFO - Starting attempt 3 of 4
[2023-03-13T19:51:08.721+0000] {taskinstance.py:1281} INFO - 
--------------------------------------------------------------------------------
[2023-03-13T19:51:08.740+0000] {taskinstance.py:1300} INFO - Executing <Task(BashOperator): Chargement_des_données_in_ELK> on 2023-03-13 00:00:12+00:00
[2023-03-13T19:51:08.743+0000] {standard_task_runner.py:55} INFO - Started process 38532 to run task
[2023-03-13T19:51:08.748+0000] {standard_task_runner.py:82} INFO - Running: ['airflow', 'tasks', 'run', 'AUTOMATISATION', 'Chargement_des_données_in_ELK', 'scheduled__2023-03-13T00:00:12+00:00', '--job-id', '104', '--raw', '--subdir', 'DAGS_FOLDER/main.py', '--cfg-path', '/tmp/tmpe47ihedf']
[2023-03-13T19:51:08.750+0000] {standard_task_runner.py:83} INFO - Job 104: Subtask Chargement_des_données_in_ELK
[2023-03-13T19:51:08.814+0000] {task_command.py:388} INFO - Running <TaskInstance: AUTOMATISATION.Chargement_des_données_in_ELK scheduled__2023-03-13T00:00:12+00:00 [running]> on host dev
[2023-03-13T19:51:08.891+0000] {taskinstance.py:1507} INFO - Exporting the following env vars:
AIRFLOW_CTX_DAG_OWNER=airflow
AIRFLOW_CTX_DAG_ID=AUTOMATISATION
AIRFLOW_CTX_TASK_ID=Chargement_des_données_in_ELK
AIRFLOW_CTX_EXECUTION_DATE=2023-03-13T00:00:12+00:00
AIRFLOW_CTX_TRY_NUMBER=3
AIRFLOW_CTX_DAG_RUN_ID=scheduled__2023-03-13T00:00:12+00:00
[2023-03-13T19:51:08.894+0000] {subprocess.py:63} INFO - Tmp dir root location: 
 /tmp
[2023-03-13T19:51:08.895+0000] {subprocess.py:75} INFO - Running command: ['/usr/bin/bash', '-c', 'bin/logstash --path.config /etc/logstash/conf.d/data.conf']
[2023-03-13T19:51:08.905+0000] {subprocess.py:86} INFO - Output:
[2023-03-13T19:51:08.907+0000] {subprocess.py:93} INFO - /usr/bin/bash: ligne 1: bin/logstash: Aucun fichier ou dossier de ce type
[2023-03-13T19:51:08.908+0000] {subprocess.py:97} INFO - Command exited with return code 127
[2023-03-13T19:51:08.922+0000] {taskinstance.py:1768} ERROR - Task failed with exception
Traceback (most recent call last):
  File "/home/dev/airflow/airflow/lib/python3.10/site-packages/airflow/operators/bash.py", line 196, in execute
    raise AirflowException(
airflow.exceptions.AirflowException: Bash command failed. The command returned a non-zero exit code 127.
[2023-03-13T19:51:08.928+0000] {taskinstance.py:1318} INFO - Marking task as UP_FOR_RETRY. dag_id=AUTOMATISATION, task_id=Chargement_des_données_in_ELK, execution_date=20230313T000012, start_date=20230313T195108, end_date=20230313T195108
[2023-03-13T19:51:08.953+0000] {standard_task_runner.py:100} ERROR - Failed to execute job 104 for task Chargement_des_données_in_ELK (Bash command failed. The command returned a non-zero exit code 127.; 38532)
[2023-03-13T19:51:09.000+0000] {local_task_job.py:208} INFO - Task exited with return code 1
[2023-03-13T19:51:09.024+0000] {taskinstance.py:2578} INFO - 0 downstream tasks scheduled from follow-on schedule check
[2023-03-13T20:12:33.864+0000] {taskinstance.py:1083} INFO - Dependencies all met for <TaskInstance: AUTOMATISATION.Chargement_des_données_in_ELK scheduled__2023-03-13T00:00:12+00:00 [queued]>
[2023-03-13T20:12:33.878+0000] {taskinstance.py:1083} INFO - Dependencies all met for <TaskInstance: AUTOMATISATION.Chargement_des_données_in_ELK scheduled__2023-03-13T00:00:12+00:00 [queued]>
[2023-03-13T20:12:33.878+0000] {taskinstance.py:1279} INFO - 
--------------------------------------------------------------------------------
[2023-03-13T20:12:33.879+0000] {taskinstance.py:1280} INFO - Starting attempt 3 of 4
[2023-03-13T20:12:33.879+0000] {taskinstance.py:1281} INFO - 
--------------------------------------------------------------------------------
[2023-03-13T20:12:33.901+0000] {taskinstance.py:1300} INFO - Executing <Task(BashOperator): Chargement_des_données_in_ELK> on 2023-03-13 00:00:12+00:00
[2023-03-13T20:12:33.905+0000] {standard_task_runner.py:55} INFO - Started process 42437 to run task
[2023-03-13T20:12:33.909+0000] {standard_task_runner.py:82} INFO - Running: ['airflow', 'tasks', 'run', 'AUTOMATISATION', 'Chargement_des_données_in_ELK', 'scheduled__2023-03-13T00:00:12+00:00', '--job-id', '216', '--raw', '--subdir', 'DAGS_FOLDER/main.py', '--cfg-path', '/tmp/tmpbiq9p7vd']
[2023-03-13T20:12:33.911+0000] {standard_task_runner.py:83} INFO - Job 216: Subtask Chargement_des_données_in_ELK
[2023-03-13T20:12:33.981+0000] {task_command.py:388} INFO - Running <TaskInstance: AUTOMATISATION.Chargement_des_données_in_ELK scheduled__2023-03-13T00:00:12+00:00 [running]> on host dev
[2023-03-13T20:12:34.048+0000] {taskinstance.py:1507} INFO - Exporting the following env vars:
AIRFLOW_CTX_DAG_OWNER=airflow
AIRFLOW_CTX_DAG_ID=AUTOMATISATION
AIRFLOW_CTX_TASK_ID=Chargement_des_données_in_ELK
AIRFLOW_CTX_EXECUTION_DATE=2023-03-13T00:00:12+00:00
AIRFLOW_CTX_TRY_NUMBER=3
AIRFLOW_CTX_DAG_RUN_ID=scheduled__2023-03-13T00:00:12+00:00
[2023-03-13T20:12:34.050+0000] {subprocess.py:63} INFO - Tmp dir root location: 
 /tmp
[2023-03-13T20:12:34.051+0000] {subprocess.py:75} INFO - Running command: ['/usr/bin/bash', '-c', 'bin/logstash -f /home/dev/etc/logstash/conf.d/data.conf']
[2023-03-13T20:12:34.060+0000] {subprocess.py:86} INFO - Output:
[2023-03-13T20:12:34.062+0000] {subprocess.py:93} INFO - /usr/bin/bash: ligne 1: bin/logstash: Aucun fichier ou dossier de ce type
[2023-03-13T20:12:34.062+0000] {subprocess.py:97} INFO - Command exited with return code 127
[2023-03-13T20:12:34.073+0000] {taskinstance.py:1768} ERROR - Task failed with exception
Traceback (most recent call last):
  File "/home/dev/airflow/airflow/lib/python3.10/site-packages/airflow/operators/bash.py", line 196, in execute
    raise AirflowException(
airflow.exceptions.AirflowException: Bash command failed. The command returned a non-zero exit code 127.
[2023-03-13T20:12:34.078+0000] {taskinstance.py:1318} INFO - Marking task as UP_FOR_RETRY. dag_id=AUTOMATISATION, task_id=Chargement_des_données_in_ELK, execution_date=20230313T000012, start_date=20230313T201233, end_date=20230313T201234
[2023-03-13T20:12:34.098+0000] {standard_task_runner.py:100} ERROR - Failed to execute job 216 for task Chargement_des_données_in_ELK (Bash command failed. The command returned a non-zero exit code 127.; 42437)
[2023-03-13T20:12:34.120+0000] {local_task_job.py:208} INFO - Task exited with return code 1
[2023-03-13T20:12:34.141+0000] {taskinstance.py:2578} INFO - 0 downstream tasks scheduled from follow-on schedule check
