[2023-03-13T20:57:44.822+0000] {taskinstance.py:1083} INFO - Dependencies all met for <TaskInstance: AUTOMATISATION.demarre_ELK scheduled__2023-03-13T00:01:12+00:00 [queued]>
[2023-03-13T20:57:44.835+0000] {taskinstance.py:1083} INFO - Dependencies all met for <TaskInstance: AUTOMATISATION.demarre_ELK scheduled__2023-03-13T00:01:12+00:00 [queued]>
[2023-03-13T20:57:44.836+0000] {taskinstance.py:1279} INFO - 
--------------------------------------------------------------------------------
[2023-03-13T20:57:44.836+0000] {taskinstance.py:1280} INFO - Starting attempt 1 of 2
[2023-03-13T20:57:44.836+0000] {taskinstance.py:1281} INFO - 
--------------------------------------------------------------------------------
[2023-03-13T20:57:44.861+0000] {taskinstance.py:1300} INFO - Executing <Task(BashOperator): demarre_ELK> on 2023-03-13 00:01:12+00:00
[2023-03-13T20:57:44.864+0000] {standard_task_runner.py:55} INFO - Started process 52679 to run task
[2023-03-13T20:57:44.868+0000] {standard_task_runner.py:82} INFO - Running: ['airflow', 'tasks', 'run', 'AUTOMATISATION', 'demarre_ELK', 'scheduled__2023-03-13T00:01:12+00:00', '--job-id', '324', '--raw', '--subdir', 'DAGS_FOLDER/main.py', '--cfg-path', '/tmp/tmptmkq115m']
[2023-03-13T20:57:44.871+0000] {standard_task_runner.py:83} INFO - Job 324: Subtask demarre_ELK
[2023-03-13T20:57:44.953+0000] {task_command.py:388} INFO - Running <TaskInstance: AUTOMATISATION.demarre_ELK scheduled__2023-03-13T00:01:12+00:00 [running]> on host dev
[2023-03-13T20:57:45.032+0000] {taskinstance.py:1507} INFO - Exporting the following env vars:
AIRFLOW_CTX_DAG_OWNER=airflow
AIRFLOW_CTX_DAG_ID=AUTOMATISATION
AIRFLOW_CTX_TASK_ID=demarre_ELK
AIRFLOW_CTX_EXECUTION_DATE=2023-03-13T00:01:12+00:00
AIRFLOW_CTX_TRY_NUMBER=1
AIRFLOW_CTX_DAG_RUN_ID=scheduled__2023-03-13T00:01:12+00:00
[2023-03-13T20:57:45.034+0000] {subprocess.py:63} INFO - Tmp dir root location: 
 /tmp
[2023-03-13T20:57:45.035+0000] {subprocess.py:75} INFO - Running command: ['/usr/bin/bash', '-c', 'docker-compose -f /home/dev/soute/ELK/docker-compose.yml up -d']
[2023-03-13T20:57:45.044+0000] {subprocess.py:86} INFO - Output:
[2023-03-13T20:57:45.994+0000] {subprocess.py:93} INFO - elasticsearch is up-to-date
[2023-03-13T20:57:45.994+0000] {subprocess.py:93} INFO - kibana is up-to-date
[2023-03-13T20:57:46.054+0000] {subprocess.py:97} INFO - Command exited with return code 0
[2023-03-13T20:57:46.081+0000] {taskinstance.py:1318} INFO - Marking task as SUCCESS. dag_id=AUTOMATISATION, task_id=demarre_ELK, execution_date=20230313T000112, start_date=20230313T205744, end_date=20230313T205746
[2023-03-13T20:57:46.123+0000] {local_task_job.py:208} INFO - Task exited with return code 0
[2023-03-13T20:57:46.150+0000] {taskinstance.py:2578} INFO - 1 downstream tasks scheduled from follow-on schedule check
[2023-03-14T09:48:05.637+0000] {taskinstance.py:1083} INFO - Dependencies all met for <TaskInstance: AUTOMATISATION.demarre_ELK scheduled__2023-03-13T00:01:12+00:00 [queued]>
[2023-03-14T09:48:05.648+0000] {taskinstance.py:1083} INFO - Dependencies all met for <TaskInstance: AUTOMATISATION.demarre_ELK scheduled__2023-03-13T00:01:12+00:00 [queued]>
[2023-03-14T09:48:05.649+0000] {taskinstance.py:1279} INFO - 
--------------------------------------------------------------------------------
[2023-03-14T09:48:05.649+0000] {taskinstance.py:1280} INFO - Starting attempt 1 of 2
[2023-03-14T09:48:05.649+0000] {taskinstance.py:1281} INFO - 
--------------------------------------------------------------------------------
[2023-03-14T09:48:05.668+0000] {taskinstance.py:1300} INFO - Executing <Task(BashOperator): demarre_ELK> on 2023-03-13 00:01:12+00:00
[2023-03-14T09:48:05.671+0000] {standard_task_runner.py:55} INFO - Started process 30413 to run task
[2023-03-14T09:48:05.675+0000] {standard_task_runner.py:82} INFO - Running: ['airflow', 'tasks', 'run', 'AUTOMATISATION', 'demarre_ELK', 'scheduled__2023-03-13T00:01:12+00:00', '--job-id', '568', '--raw', '--subdir', 'DAGS_FOLDER/main.py', '--cfg-path', '/tmp/tmpw0ltxbym']
[2023-03-14T09:48:05.677+0000] {standard_task_runner.py:83} INFO - Job 568: Subtask demarre_ELK
[2023-03-14T09:48:05.743+0000] {task_command.py:388} INFO - Running <TaskInstance: AUTOMATISATION.demarre_ELK scheduled__2023-03-13T00:01:12+00:00 [running]> on host dev
[2023-03-14T09:48:05.810+0000] {taskinstance.py:1507} INFO - Exporting the following env vars:
AIRFLOW_CTX_DAG_OWNER=airflow
AIRFLOW_CTX_DAG_ID=AUTOMATISATION
AIRFLOW_CTX_TASK_ID=demarre_ELK
AIRFLOW_CTX_EXECUTION_DATE=2023-03-13T00:01:12+00:00
AIRFLOW_CTX_TRY_NUMBER=1
AIRFLOW_CTX_DAG_RUN_ID=scheduled__2023-03-13T00:01:12+00:00
[2023-03-14T09:48:05.811+0000] {subprocess.py:63} INFO - Tmp dir root location: 
 /tmp
[2023-03-14T09:48:05.812+0000] {subprocess.py:75} INFO - Running command: ['/usr/bin/bash', '-c', 'docker-compose -f /home/dev/soute/ELK/docker-compose.yml up -d']
[2023-03-14T09:48:05.820+0000] {subprocess.py:86} INFO - Output:
[2023-03-14T09:48:06.559+0000] {subprocess.py:93} INFO - elasticsearch is up-to-date
[2023-03-14T09:48:06.559+0000] {subprocess.py:93} INFO - kibana is up-to-date
[2023-03-14T09:48:06.610+0000] {subprocess.py:97} INFO - Command exited with return code 0
[2023-03-14T09:48:06.635+0000] {taskinstance.py:1318} INFO - Marking task as SUCCESS. dag_id=AUTOMATISATION, task_id=demarre_ELK, execution_date=20230313T000112, start_date=20230314T094805, end_date=20230314T094806
[2023-03-14T09:48:06.690+0000] {local_task_job.py:208} INFO - Task exited with return code 0
[2023-03-14T09:48:06.715+0000] {taskinstance.py:2578} INFO - 1 downstream tasks scheduled from follow-on schedule check
[2023-03-15T07:15:34.205+0000] {taskinstance.py:1083} INFO - Dependencies all met for <TaskInstance: AUTOMATISATION.demarre_ELK scheduled__2023-03-13T00:01:12+00:00 [queued]>
[2023-03-15T07:15:34.209+0000] {taskinstance.py:1083} INFO - Dependencies all met for <TaskInstance: AUTOMATISATION.demarre_ELK scheduled__2023-03-13T00:01:12+00:00 [queued]>
[2023-03-15T07:15:34.209+0000] {taskinstance.py:1279} INFO - 
--------------------------------------------------------------------------------
[2023-03-15T07:15:34.209+0000] {taskinstance.py:1280} INFO - Starting attempt 1 of 2
[2023-03-15T07:15:34.209+0000] {taskinstance.py:1281} INFO - 
--------------------------------------------------------------------------------
[2023-03-15T07:15:34.220+0000] {taskinstance.py:1300} INFO - Executing <Task(BashOperator): demarre_ELK> on 2023-03-13 00:01:12+00:00
[2023-03-15T07:15:34.222+0000] {standard_task_runner.py:55} INFO - Started process 120672 to run task
[2023-03-15T07:15:34.223+0000] {standard_task_runner.py:82} INFO - Running: ['airflow', 'tasks', 'run', 'AUTOMATISATION', 'demarre_ELK', 'scheduled__2023-03-13T00:01:12+00:00', '--job-id', '695', '--raw', '--subdir', 'DAGS_FOLDER/main.py', '--cfg-path', '/tmp/tmpuzhecu6t']
[2023-03-15T07:15:34.224+0000] {standard_task_runner.py:83} INFO - Job 695: Subtask demarre_ELK
[2023-03-15T07:15:34.253+0000] {task_command.py:388} INFO - Running <TaskInstance: AUTOMATISATION.demarre_ELK scheduled__2023-03-13T00:01:12+00:00 [running]> on host dev
[2023-03-15T07:15:34.296+0000] {taskinstance.py:1507} INFO - Exporting the following env vars:
AIRFLOW_CTX_DAG_OWNER=airflow
AIRFLOW_CTX_DAG_ID=AUTOMATISATION
AIRFLOW_CTX_TASK_ID=demarre_ELK
AIRFLOW_CTX_EXECUTION_DATE=2023-03-13T00:01:12+00:00
AIRFLOW_CTX_TRY_NUMBER=1
AIRFLOW_CTX_DAG_RUN_ID=scheduled__2023-03-13T00:01:12+00:00
[2023-03-15T07:15:34.296+0000] {subprocess.py:63} INFO - Tmp dir root location: 
 /tmp
[2023-03-15T07:15:34.297+0000] {subprocess.py:75} INFO - Running command: ['/usr/bin/bash', '-c', 'docker-compose -f /home/dev/soute/ELK/docker-compose.yml up -d']
[2023-03-15T07:15:34.301+0000] {subprocess.py:86} INFO - Output:
[2023-03-15T07:15:34.587+0000] {subprocess.py:93} INFO - elasticsearch is up-to-date
[2023-03-15T07:15:34.587+0000] {subprocess.py:93} INFO - kibana is up-to-date
[2023-03-15T07:15:34.607+0000] {subprocess.py:97} INFO - Command exited with return code 0
[2023-03-15T07:15:34.624+0000] {taskinstance.py:1318} INFO - Marking task as SUCCESS. dag_id=AUTOMATISATION, task_id=demarre_ELK, execution_date=20230313T000112, start_date=20230315T071534, end_date=20230315T071534
[2023-03-15T07:15:34.676+0000] {local_task_job.py:208} INFO - Task exited with return code 0
[2023-03-15T07:15:34.698+0000] {taskinstance.py:2578} INFO - 1 downstream tasks scheduled from follow-on schedule check
