[2023-03-13T21:01:56.451+0000] {taskinstance.py:1083} INFO - Dependencies all met for <TaskInstance: AUTOMATISATION.demarre_ELK scheduled__2023-03-13T00:01:18+00:00 [queued]>
[2023-03-13T21:01:56.466+0000] {taskinstance.py:1083} INFO - Dependencies all met for <TaskInstance: AUTOMATISATION.demarre_ELK scheduled__2023-03-13T00:01:18+00:00 [queued]>
[2023-03-13T21:01:56.466+0000] {taskinstance.py:1279} INFO - 
--------------------------------------------------------------------------------
[2023-03-13T21:01:56.466+0000] {taskinstance.py:1280} INFO - Starting attempt 1 of 2
[2023-03-13T21:01:56.466+0000] {taskinstance.py:1281} INFO - 
--------------------------------------------------------------------------------
[2023-03-13T21:01:56.493+0000] {taskinstance.py:1300} INFO - Executing <Task(BashOperator): demarre_ELK> on 2023-03-13 00:01:18+00:00
[2023-03-13T21:01:56.498+0000] {standard_task_runner.py:55} INFO - Started process 53458 to run task
[2023-03-13T21:01:56.504+0000] {standard_task_runner.py:82} INFO - Running: ['airflow', 'tasks', 'run', 'AUTOMATISATION', 'demarre_ELK', 'scheduled__2023-03-13T00:01:18+00:00', '--job-id', '328', '--raw', '--subdir', 'DAGS_FOLDER/main.py', '--cfg-path', '/tmp/tmp2u_wocws']
[2023-03-13T21:01:56.507+0000] {standard_task_runner.py:83} INFO - Job 328: Subtask demarre_ELK
[2023-03-13T21:01:56.580+0000] {task_command.py:388} INFO - Running <TaskInstance: AUTOMATISATION.demarre_ELK scheduled__2023-03-13T00:01:18+00:00 [running]> on host dev
[2023-03-13T21:01:56.659+0000] {taskinstance.py:1507} INFO - Exporting the following env vars:
AIRFLOW_CTX_DAG_OWNER=airflow
AIRFLOW_CTX_DAG_ID=AUTOMATISATION
AIRFLOW_CTX_TASK_ID=demarre_ELK
AIRFLOW_CTX_EXECUTION_DATE=2023-03-13T00:01:18+00:00
AIRFLOW_CTX_TRY_NUMBER=1
AIRFLOW_CTX_DAG_RUN_ID=scheduled__2023-03-13T00:01:18+00:00
[2023-03-13T21:01:56.661+0000] {subprocess.py:63} INFO - Tmp dir root location: 
 /tmp
[2023-03-13T21:01:56.661+0000] {subprocess.py:75} INFO - Running command: ['/usr/bin/bash', '-c', 'docker-compose -f /home/dev/soute/ELK/docker-compose.yml up -d']
[2023-03-13T21:01:56.671+0000] {subprocess.py:86} INFO - Output:
[2023-03-13T21:01:57.531+0000] {subprocess.py:93} INFO - elasticsearch is up-to-date
[2023-03-13T21:01:57.532+0000] {subprocess.py:93} INFO - kibana is up-to-date
[2023-03-13T21:01:57.599+0000] {subprocess.py:97} INFO - Command exited with return code 0
[2023-03-13T21:01:57.632+0000] {taskinstance.py:1318} INFO - Marking task as SUCCESS. dag_id=AUTOMATISATION, task_id=demarre_ELK, execution_date=20230313T000118, start_date=20230313T210156, end_date=20230313T210157
[2023-03-13T21:01:57.677+0000] {local_task_job.py:208} INFO - Task exited with return code 0
[2023-03-13T21:01:57.710+0000] {taskinstance.py:2578} INFO - 1 downstream tasks scheduled from follow-on schedule check
[2023-03-14T09:49:22.320+0000] {taskinstance.py:1083} INFO - Dependencies all met for <TaskInstance: AUTOMATISATION.demarre_ELK scheduled__2023-03-13T00:01:18+00:00 [queued]>
[2023-03-14T09:49:22.330+0000] {taskinstance.py:1083} INFO - Dependencies all met for <TaskInstance: AUTOMATISATION.demarre_ELK scheduled__2023-03-13T00:01:18+00:00 [queued]>
[2023-03-14T09:49:22.331+0000] {taskinstance.py:1279} INFO - 
--------------------------------------------------------------------------------
[2023-03-14T09:49:22.331+0000] {taskinstance.py:1280} INFO - Starting attempt 1 of 2
[2023-03-14T09:49:22.331+0000] {taskinstance.py:1281} INFO - 
--------------------------------------------------------------------------------
[2023-03-14T09:49:22.351+0000] {taskinstance.py:1300} INFO - Executing <Task(BashOperator): demarre_ELK> on 2023-03-13 00:01:18+00:00
[2023-03-14T09:49:22.354+0000] {standard_task_runner.py:55} INFO - Started process 30825 to run task
[2023-03-14T09:49:22.358+0000] {standard_task_runner.py:82} INFO - Running: ['airflow', 'tasks', 'run', 'AUTOMATISATION', 'demarre_ELK', 'scheduled__2023-03-13T00:01:18+00:00', '--job-id', '572', '--raw', '--subdir', 'DAGS_FOLDER/main.py', '--cfg-path', '/tmp/tmp_olzezah']
[2023-03-14T09:49:22.359+0000] {standard_task_runner.py:83} INFO - Job 572: Subtask demarre_ELK
[2023-03-14T09:49:22.424+0000] {task_command.py:388} INFO - Running <TaskInstance: AUTOMATISATION.demarre_ELK scheduled__2023-03-13T00:01:18+00:00 [running]> on host dev
[2023-03-14T09:49:22.490+0000] {taskinstance.py:1507} INFO - Exporting the following env vars:
AIRFLOW_CTX_DAG_OWNER=airflow
AIRFLOW_CTX_DAG_ID=AUTOMATISATION
AIRFLOW_CTX_TASK_ID=demarre_ELK
AIRFLOW_CTX_EXECUTION_DATE=2023-03-13T00:01:18+00:00
AIRFLOW_CTX_TRY_NUMBER=1
AIRFLOW_CTX_DAG_RUN_ID=scheduled__2023-03-13T00:01:18+00:00
[2023-03-14T09:49:22.492+0000] {subprocess.py:63} INFO - Tmp dir root location: 
 /tmp
[2023-03-14T09:49:22.493+0000] {subprocess.py:75} INFO - Running command: ['/usr/bin/bash', '-c', 'docker-compose -f /home/dev/soute/ELK/docker-compose.yml up -d']
[2023-03-14T09:49:22.501+0000] {subprocess.py:86} INFO - Output:
[2023-03-14T09:49:23.245+0000] {subprocess.py:93} INFO - elasticsearch is up-to-date
[2023-03-14T09:49:23.245+0000] {subprocess.py:93} INFO - kibana is up-to-date
[2023-03-14T09:49:23.296+0000] {subprocess.py:97} INFO - Command exited with return code 0
[2023-03-14T09:49:23.324+0000] {taskinstance.py:1318} INFO - Marking task as SUCCESS. dag_id=AUTOMATISATION, task_id=demarre_ELK, execution_date=20230313T000118, start_date=20230314T094922, end_date=20230314T094923
[2023-03-14T09:49:23.372+0000] {local_task_job.py:208} INFO - Task exited with return code 0
[2023-03-14T09:49:23.399+0000] {taskinstance.py:2578} INFO - 1 downstream tasks scheduled from follow-on schedule check
[2023-03-15T07:16:13.367+0000] {taskinstance.py:1083} INFO - Dependencies all met for <TaskInstance: AUTOMATISATION.demarre_ELK scheduled__2023-03-13T00:01:18+00:00 [queued]>
[2023-03-15T07:16:13.372+0000] {taskinstance.py:1083} INFO - Dependencies all met for <TaskInstance: AUTOMATISATION.demarre_ELK scheduled__2023-03-13T00:01:18+00:00 [queued]>
[2023-03-15T07:16:13.372+0000] {taskinstance.py:1279} INFO - 
--------------------------------------------------------------------------------
[2023-03-15T07:16:13.372+0000] {taskinstance.py:1280} INFO - Starting attempt 1 of 2
[2023-03-15T07:16:13.372+0000] {taskinstance.py:1281} INFO - 
--------------------------------------------------------------------------------
[2023-03-15T07:16:13.382+0000] {taskinstance.py:1300} INFO - Executing <Task(BashOperator): demarre_ELK> on 2023-03-13 00:01:18+00:00
[2023-03-15T07:16:13.384+0000] {standard_task_runner.py:55} INFO - Started process 120980 to run task
[2023-03-15T07:16:13.385+0000] {standard_task_runner.py:82} INFO - Running: ['airflow', 'tasks', 'run', 'AUTOMATISATION', 'demarre_ELK', 'scheduled__2023-03-13T00:01:18+00:00', '--job-id', '699', '--raw', '--subdir', 'DAGS_FOLDER/main.py', '--cfg-path', '/tmp/tmptji6or67']
[2023-03-15T07:16:13.386+0000] {standard_task_runner.py:83} INFO - Job 699: Subtask demarre_ELK
[2023-03-15T07:16:13.415+0000] {task_command.py:388} INFO - Running <TaskInstance: AUTOMATISATION.demarre_ELK scheduled__2023-03-13T00:01:18+00:00 [running]> on host dev
[2023-03-15T07:16:13.446+0000] {taskinstance.py:1507} INFO - Exporting the following env vars:
AIRFLOW_CTX_DAG_OWNER=airflow
AIRFLOW_CTX_DAG_ID=AUTOMATISATION
AIRFLOW_CTX_TASK_ID=demarre_ELK
AIRFLOW_CTX_EXECUTION_DATE=2023-03-13T00:01:18+00:00
AIRFLOW_CTX_TRY_NUMBER=1
AIRFLOW_CTX_DAG_RUN_ID=scheduled__2023-03-13T00:01:18+00:00
[2023-03-15T07:16:13.446+0000] {subprocess.py:63} INFO - Tmp dir root location: 
 /tmp
[2023-03-15T07:16:13.447+0000] {subprocess.py:75} INFO - Running command: ['/usr/bin/bash', '-c', 'docker-compose -f /home/dev/soute/ELK/docker-compose.yml up -d']
[2023-03-15T07:16:13.450+0000] {subprocess.py:86} INFO - Output:
[2023-03-15T07:16:13.746+0000] {subprocess.py:93} INFO - elasticsearch is up-to-date
[2023-03-15T07:16:13.746+0000] {subprocess.py:93} INFO - kibana is up-to-date
[2023-03-15T07:16:13.766+0000] {subprocess.py:97} INFO - Command exited with return code 0
[2023-03-15T07:16:13.779+0000] {taskinstance.py:1318} INFO - Marking task as SUCCESS. dag_id=AUTOMATISATION, task_id=demarre_ELK, execution_date=20230313T000118, start_date=20230315T071613, end_date=20230315T071613
[2023-03-15T07:16:13.798+0000] {local_task_job.py:208} INFO - Task exited with return code 0
[2023-03-15T07:16:13.809+0000] {taskinstance.py:2578} INFO - 1 downstream tasks scheduled from follow-on schedule check
