[2023-03-13T19:34:57.459+0000] {taskinstance.py:1083} INFO - Dependencies all met for <TaskInstance: AUTOMATISATION.Chargement_des_données_in_ELK scheduled__2023-03-13T00:00:00+00:00 [queued]>
[2023-03-13T19:34:57.472+0000] {taskinstance.py:1083} INFO - Dependencies all met for <TaskInstance: AUTOMATISATION.Chargement_des_données_in_ELK scheduled__2023-03-13T00:00:00+00:00 [queued]>
[2023-03-13T19:34:57.472+0000] {taskinstance.py:1279} INFO - 
--------------------------------------------------------------------------------
[2023-03-13T19:34:57.472+0000] {taskinstance.py:1280} INFO - Starting attempt 2 of 4
[2023-03-13T19:34:57.472+0000] {taskinstance.py:1281} INFO - 
--------------------------------------------------------------------------------
[2023-03-13T19:34:57.494+0000] {taskinstance.py:1300} INFO - Executing <Task(BashOperator): Chargement_des_données_in_ELK> on 2023-03-13 00:00:00+00:00
[2023-03-13T19:34:57.498+0000] {standard_task_runner.py:55} INFO - Started process 35769 to run task
[2023-03-13T19:34:57.502+0000] {standard_task_runner.py:82} INFO - Running: ['airflow', 'tasks', 'run', 'AUTOMATISATION', 'Chargement_des_données_in_ELK', 'scheduled__2023-03-13T00:00:00+00:00', '--job-id', '35', '--raw', '--subdir', 'DAGS_FOLDER/main.py', '--cfg-path', '/tmp/tmpncgqog_v']
[2023-03-13T19:34:57.504+0000] {standard_task_runner.py:83} INFO - Job 35: Subtask Chargement_des_données_in_ELK
[2023-03-13T19:34:57.573+0000] {task_command.py:388} INFO - Running <TaskInstance: AUTOMATISATION.Chargement_des_données_in_ELK scheduled__2023-03-13T00:00:00+00:00 [running]> on host dev
[2023-03-13T19:34:57.649+0000] {taskinstance.py:1507} INFO - Exporting the following env vars:
AIRFLOW_CTX_DAG_OWNER=airflow
AIRFLOW_CTX_DAG_ID=AUTOMATISATION
AIRFLOW_CTX_TASK_ID=Chargement_des_données_in_ELK
AIRFLOW_CTX_EXECUTION_DATE=2023-03-13T00:00:00+00:00
AIRFLOW_CTX_TRY_NUMBER=2
AIRFLOW_CTX_DAG_RUN_ID=scheduled__2023-03-13T00:00:00+00:00
[2023-03-13T19:34:57.651+0000] {subprocess.py:63} INFO - Tmp dir root location: 
 /tmp
[2023-03-13T19:34:57.651+0000] {subprocess.py:75} INFO - Running command: ['/usr/bin/bash', '-c', '/usr/bin/logstash --path.config /etc/logstash/conf.d/data.conf']
[2023-03-13T19:34:57.660+0000] {subprocess.py:86} INFO - Output:
[2023-03-13T19:34:57.661+0000] {subprocess.py:93} INFO - /usr/bin/bash: ligne 1: /usr/bin/logstash: Aucun fichier ou dossier de ce type
[2023-03-13T19:34:57.662+0000] {subprocess.py:97} INFO - Command exited with return code 127
[2023-03-13T19:34:57.672+0000] {taskinstance.py:1768} ERROR - Task failed with exception
Traceback (most recent call last):
  File "/home/dev/airflow/airflow/lib/python3.10/site-packages/airflow/operators/bash.py", line 196, in execute
    raise AirflowException(
airflow.exceptions.AirflowException: Bash command failed. The command returned a non-zero exit code 127.
[2023-03-13T19:34:57.677+0000] {taskinstance.py:1318} INFO - Marking task as UP_FOR_RETRY. dag_id=AUTOMATISATION, task_id=Chargement_des_données_in_ELK, execution_date=20230313T000000, start_date=20230313T193457, end_date=20230313T193457
[2023-03-13T19:34:57.695+0000] {standard_task_runner.py:100} ERROR - Failed to execute job 35 for task Chargement_des_données_in_ELK (Bash command failed. The command returned a non-zero exit code 127.; 35769)
[2023-03-13T19:34:57.713+0000] {local_task_job.py:208} INFO - Task exited with return code 1
[2023-03-13T19:34:57.734+0000] {taskinstance.py:2578} INFO - 0 downstream tasks scheduled from follow-on schedule check
[2023-03-13T19:45:31.541+0000] {taskinstance.py:1083} INFO - Dependencies all met for <TaskInstance: AUTOMATISATION.Chargement_des_données_in_ELK scheduled__2023-03-13T00:00:00+00:00 [queued]>
[2023-03-13T19:45:31.556+0000] {taskinstance.py:1083} INFO - Dependencies all met for <TaskInstance: AUTOMATISATION.Chargement_des_données_in_ELK scheduled__2023-03-13T00:00:00+00:00 [queued]>
[2023-03-13T19:45:31.557+0000] {taskinstance.py:1279} INFO - 
--------------------------------------------------------------------------------
[2023-03-13T19:45:31.557+0000] {taskinstance.py:1280} INFO - Starting attempt 2 of 4
[2023-03-13T19:45:31.557+0000] {taskinstance.py:1281} INFO - 
--------------------------------------------------------------------------------
[2023-03-13T19:45:31.583+0000] {taskinstance.py:1300} INFO - Executing <Task(BashOperator): Chargement_des_données_in_ELK> on 2023-03-13 00:00:00+00:00
[2023-03-13T19:45:31.586+0000] {standard_task_runner.py:55} INFO - Started process 37705 to run task
[2023-03-13T19:45:31.592+0000] {standard_task_runner.py:82} INFO - Running: ['airflow', 'tasks', 'run', 'AUTOMATISATION', 'Chargement_des_données_in_ELK', 'scheduled__2023-03-13T00:00:00+00:00', '--job-id', '83', '--raw', '--subdir', 'DAGS_FOLDER/main.py', '--cfg-path', '/tmp/tmpxkfy2ql_']
[2023-03-13T19:45:31.594+0000] {standard_task_runner.py:83} INFO - Job 83: Subtask Chargement_des_données_in_ELK
[2023-03-13T19:45:31.666+0000] {task_command.py:388} INFO - Running <TaskInstance: AUTOMATISATION.Chargement_des_données_in_ELK scheduled__2023-03-13T00:00:00+00:00 [running]> on host dev
[2023-03-13T19:45:31.742+0000] {taskinstance.py:1507} INFO - Exporting the following env vars:
AIRFLOW_CTX_DAG_OWNER=airflow
AIRFLOW_CTX_DAG_ID=AUTOMATISATION
AIRFLOW_CTX_TASK_ID=Chargement_des_données_in_ELK
AIRFLOW_CTX_EXECUTION_DATE=2023-03-13T00:00:00+00:00
AIRFLOW_CTX_TRY_NUMBER=2
AIRFLOW_CTX_DAG_RUN_ID=scheduled__2023-03-13T00:00:00+00:00
[2023-03-13T19:45:31.744+0000] {subprocess.py:63} INFO - Tmp dir root location: 
 /tmp
[2023-03-13T19:45:31.745+0000] {subprocess.py:75} INFO - Running command: ['/usr/bin/bash', '-c', 'bin/logstash --path.config /etc/logstash/conf.d/data.conf']
[2023-03-13T19:45:31.756+0000] {subprocess.py:86} INFO - Output:
[2023-03-13T19:45:31.757+0000] {subprocess.py:93} INFO - /usr/bin/bash: ligne 1: bin/logstash: Aucun fichier ou dossier de ce type
[2023-03-13T19:45:31.758+0000] {subprocess.py:97} INFO - Command exited with return code 127
[2023-03-13T19:45:31.772+0000] {taskinstance.py:1768} ERROR - Task failed with exception
Traceback (most recent call last):
  File "/home/dev/airflow/airflow/lib/python3.10/site-packages/airflow/operators/bash.py", line 196, in execute
    raise AirflowException(
airflow.exceptions.AirflowException: Bash command failed. The command returned a non-zero exit code 127.
[2023-03-13T19:45:31.778+0000] {taskinstance.py:1318} INFO - Marking task as UP_FOR_RETRY. dag_id=AUTOMATISATION, task_id=Chargement_des_données_in_ELK, execution_date=20230313T000000, start_date=20230313T194531, end_date=20230313T194531
[2023-03-13T19:45:31.804+0000] {standard_task_runner.py:100} ERROR - Failed to execute job 83 for task Chargement_des_données_in_ELK (Bash command failed. The command returned a non-zero exit code 127.; 37705)
[2023-03-13T19:45:31.842+0000] {local_task_job.py:208} INFO - Task exited with return code 1
[2023-03-13T19:45:31.864+0000] {taskinstance.py:2578} INFO - 0 downstream tasks scheduled from follow-on schedule check
[2023-03-13T20:06:56.886+0000] {taskinstance.py:1083} INFO - Dependencies all met for <TaskInstance: AUTOMATISATION.Chargement_des_données_in_ELK scheduled__2023-03-13T00:00:00+00:00 [queued]>
[2023-03-13T20:06:56.899+0000] {taskinstance.py:1083} INFO - Dependencies all met for <TaskInstance: AUTOMATISATION.Chargement_des_données_in_ELK scheduled__2023-03-13T00:00:00+00:00 [queued]>
[2023-03-13T20:06:56.899+0000] {taskinstance.py:1279} INFO - 
--------------------------------------------------------------------------------
[2023-03-13T20:06:56.899+0000] {taskinstance.py:1280} INFO - Starting attempt 2 of 4
[2023-03-13T20:06:56.899+0000] {taskinstance.py:1281} INFO - 
--------------------------------------------------------------------------------
[2023-03-13T20:06:56.921+0000] {taskinstance.py:1300} INFO - Executing <Task(BashOperator): Chargement_des_données_in_ELK> on 2023-03-13 00:00:00+00:00
[2023-03-13T20:06:56.924+0000] {standard_task_runner.py:55} INFO - Started process 41593 to run task
[2023-03-13T20:06:56.929+0000] {standard_task_runner.py:82} INFO - Running: ['airflow', 'tasks', 'run', 'AUTOMATISATION', 'Chargement_des_données_in_ELK', 'scheduled__2023-03-13T00:00:00+00:00', '--job-id', '195', '--raw', '--subdir', 'DAGS_FOLDER/main.py', '--cfg-path', '/tmp/tmpwyyjhzqp']
[2023-03-13T20:06:56.931+0000] {standard_task_runner.py:83} INFO - Job 195: Subtask Chargement_des_données_in_ELK
[2023-03-13T20:06:56.999+0000] {task_command.py:388} INFO - Running <TaskInstance: AUTOMATISATION.Chargement_des_données_in_ELK scheduled__2023-03-13T00:00:00+00:00 [running]> on host dev
[2023-03-13T20:06:57.064+0000] {taskinstance.py:1507} INFO - Exporting the following env vars:
AIRFLOW_CTX_DAG_OWNER=airflow
AIRFLOW_CTX_DAG_ID=AUTOMATISATION
AIRFLOW_CTX_TASK_ID=Chargement_des_données_in_ELK
AIRFLOW_CTX_EXECUTION_DATE=2023-03-13T00:00:00+00:00
AIRFLOW_CTX_TRY_NUMBER=2
AIRFLOW_CTX_DAG_RUN_ID=scheduled__2023-03-13T00:00:00+00:00
[2023-03-13T20:06:57.066+0000] {subprocess.py:63} INFO - Tmp dir root location: 
 /tmp
[2023-03-13T20:06:57.067+0000] {subprocess.py:75} INFO - Running command: ['/usr/bin/bash', '-c', 'bin/logstash -f /home/dev/etc/logstash/conf.d/data.conf']
[2023-03-13T20:06:57.075+0000] {subprocess.py:86} INFO - Output:
[2023-03-13T20:06:57.077+0000] {subprocess.py:93} INFO - /usr/bin/bash: ligne 1: bin/logstash: Aucun fichier ou dossier de ce type
[2023-03-13T20:06:57.077+0000] {subprocess.py:97} INFO - Command exited with return code 127
[2023-03-13T20:06:57.087+0000] {taskinstance.py:1768} ERROR - Task failed with exception
Traceback (most recent call last):
  File "/home/dev/airflow/airflow/lib/python3.10/site-packages/airflow/operators/bash.py", line 196, in execute
    raise AirflowException(
airflow.exceptions.AirflowException: Bash command failed. The command returned a non-zero exit code 127.
[2023-03-13T20:06:57.091+0000] {taskinstance.py:1318} INFO - Marking task as UP_FOR_RETRY. dag_id=AUTOMATISATION, task_id=Chargement_des_données_in_ELK, execution_date=20230313T000000, start_date=20230313T200656, end_date=20230313T200657
[2023-03-13T20:06:57.111+0000] {standard_task_runner.py:100} ERROR - Failed to execute job 195 for task Chargement_des_données_in_ELK (Bash command failed. The command returned a non-zero exit code 127.; 41593)
[2023-03-13T20:06:57.140+0000] {local_task_job.py:208} INFO - Task exited with return code 1
[2023-03-13T20:06:57.160+0000] {taskinstance.py:2578} INFO - 0 downstream tasks scheduled from follow-on schedule check
