[2023-03-13T19:55:37.799+0000] {taskinstance.py:1083} INFO - Dependencies all met for <TaskInstance: AUTOMATISATION.Chargement_des_données_in_ELK scheduled__2023-03-13T00:00:00+00:00 [queued]>
[2023-03-13T19:55:37.812+0000] {taskinstance.py:1083} INFO - Dependencies all met for <TaskInstance: AUTOMATISATION.Chargement_des_données_in_ELK scheduled__2023-03-13T00:00:00+00:00 [queued]>
[2023-03-13T19:55:37.812+0000] {taskinstance.py:1279} INFO - 
--------------------------------------------------------------------------------
[2023-03-13T19:55:37.813+0000] {taskinstance.py:1280} INFO - Starting attempt 4 of 4
[2023-03-13T19:55:37.813+0000] {taskinstance.py:1281} INFO - 
--------------------------------------------------------------------------------
[2023-03-13T19:55:37.834+0000] {taskinstance.py:1300} INFO - Executing <Task(BashOperator): Chargement_des_données_in_ELK> on 2023-03-13 00:00:00+00:00
[2023-03-13T19:55:37.838+0000] {standard_task_runner.py:55} INFO - Started process 39114 to run task
[2023-03-13T19:55:37.843+0000] {standard_task_runner.py:82} INFO - Running: ['airflow', 'tasks', 'run', 'AUTOMATISATION', 'Chargement_des_données_in_ELK', 'scheduled__2023-03-13T00:00:00+00:00', '--job-id', '115', '--raw', '--subdir', 'DAGS_FOLDER/main.py', '--cfg-path', '/tmp/tmp5f8eoh3j']
[2023-03-13T19:55:37.845+0000] {standard_task_runner.py:83} INFO - Job 115: Subtask Chargement_des_données_in_ELK
[2023-03-13T19:55:37.912+0000] {task_command.py:388} INFO - Running <TaskInstance: AUTOMATISATION.Chargement_des_données_in_ELK scheduled__2023-03-13T00:00:00+00:00 [running]> on host dev
[2023-03-13T19:55:37.976+0000] {taskinstance.py:1507} INFO - Exporting the following env vars:
AIRFLOW_CTX_DAG_OWNER=airflow
AIRFLOW_CTX_DAG_ID=AUTOMATISATION
AIRFLOW_CTX_TASK_ID=Chargement_des_données_in_ELK
AIRFLOW_CTX_EXECUTION_DATE=2023-03-13T00:00:00+00:00
AIRFLOW_CTX_TRY_NUMBER=4
AIRFLOW_CTX_DAG_RUN_ID=scheduled__2023-03-13T00:00:00+00:00
[2023-03-13T19:55:37.978+0000] {subprocess.py:63} INFO - Tmp dir root location: 
 /tmp
[2023-03-13T19:55:37.979+0000] {subprocess.py:75} INFO - Running command: ['/usr/bin/bash', '-c', 'bin/logstash --path.config /etc/logstash/conf.d/data.conf']
[2023-03-13T19:55:37.986+0000] {subprocess.py:86} INFO - Output:
[2023-03-13T19:55:37.988+0000] {subprocess.py:93} INFO - /usr/bin/bash: ligne 1: bin/logstash: Aucun fichier ou dossier de ce type
[2023-03-13T19:55:37.989+0000] {subprocess.py:97} INFO - Command exited with return code 127
[2023-03-13T19:55:37.998+0000] {taskinstance.py:1768} ERROR - Task failed with exception
Traceback (most recent call last):
  File "/home/dev/airflow/airflow/lib/python3.10/site-packages/airflow/operators/bash.py", line 196, in execute
    raise AirflowException(
airflow.exceptions.AirflowException: Bash command failed. The command returned a non-zero exit code 127.
[2023-03-13T19:55:38.003+0000] {taskinstance.py:1318} INFO - Marking task as FAILED. dag_id=AUTOMATISATION, task_id=Chargement_des_données_in_ELK, execution_date=20230313T000000, start_date=20230313T195537, end_date=20230313T195538
[2023-03-13T19:55:38.024+0000] {standard_task_runner.py:100} ERROR - Failed to execute job 115 for task Chargement_des_données_in_ELK (Bash command failed. The command returned a non-zero exit code 127.; 39114)
[2023-03-13T19:55:38.054+0000] {local_task_job.py:208} INFO - Task exited with return code 1
[2023-03-13T19:55:38.075+0000] {taskinstance.py:2578} INFO - 0 downstream tasks scheduled from follow-on schedule check
[2023-03-13T20:17:03.712+0000] {taskinstance.py:1083} INFO - Dependencies all met for <TaskInstance: AUTOMATISATION.Chargement_des_données_in_ELK scheduled__2023-03-13T00:00:00+00:00 [queued]>
[2023-03-13T20:17:03.726+0000] {taskinstance.py:1083} INFO - Dependencies all met for <TaskInstance: AUTOMATISATION.Chargement_des_données_in_ELK scheduled__2023-03-13T00:00:00+00:00 [queued]>
[2023-03-13T20:17:03.726+0000] {taskinstance.py:1279} INFO - 
--------------------------------------------------------------------------------
[2023-03-13T20:17:03.726+0000] {taskinstance.py:1280} INFO - Starting attempt 4 of 4
[2023-03-13T20:17:03.726+0000] {taskinstance.py:1281} INFO - 
--------------------------------------------------------------------------------
[2023-03-13T20:17:03.747+0000] {taskinstance.py:1300} INFO - Executing <Task(BashOperator): Chargement_des_données_in_ELK> on 2023-03-13 00:00:00+00:00
[2023-03-13T20:17:03.751+0000] {standard_task_runner.py:55} INFO - Started process 43008 to run task
[2023-03-13T20:17:03.755+0000] {standard_task_runner.py:82} INFO - Running: ['airflow', 'tasks', 'run', 'AUTOMATISATION', 'Chargement_des_données_in_ELK', 'scheduled__2023-03-13T00:00:00+00:00', '--job-id', '227', '--raw', '--subdir', 'DAGS_FOLDER/main.py', '--cfg-path', '/tmp/tmpzr7nm3r5']
[2023-03-13T20:17:03.757+0000] {standard_task_runner.py:83} INFO - Job 227: Subtask Chargement_des_données_in_ELK
[2023-03-13T20:17:03.823+0000] {task_command.py:388} INFO - Running <TaskInstance: AUTOMATISATION.Chargement_des_données_in_ELK scheduled__2023-03-13T00:00:00+00:00 [running]> on host dev
[2023-03-13T20:17:03.890+0000] {taskinstance.py:1507} INFO - Exporting the following env vars:
AIRFLOW_CTX_DAG_OWNER=airflow
AIRFLOW_CTX_DAG_ID=AUTOMATISATION
AIRFLOW_CTX_TASK_ID=Chargement_des_données_in_ELK
AIRFLOW_CTX_EXECUTION_DATE=2023-03-13T00:00:00+00:00
AIRFLOW_CTX_TRY_NUMBER=4
AIRFLOW_CTX_DAG_RUN_ID=scheduled__2023-03-13T00:00:00+00:00
[2023-03-13T20:17:03.892+0000] {subprocess.py:63} INFO - Tmp dir root location: 
 /tmp
[2023-03-13T20:17:03.893+0000] {subprocess.py:75} INFO - Running command: ['/usr/bin/bash', '-c', 'bin/logstash -f /home/dev/etc/logstash/conf.d/data.conf']
[2023-03-13T20:17:03.901+0000] {subprocess.py:86} INFO - Output:
[2023-03-13T20:17:03.903+0000] {subprocess.py:93} INFO - /usr/bin/bash: ligne 1: bin/logstash: Aucun fichier ou dossier de ce type
[2023-03-13T20:17:03.903+0000] {subprocess.py:97} INFO - Command exited with return code 127
[2023-03-13T20:17:03.913+0000] {taskinstance.py:1768} ERROR - Task failed with exception
Traceback (most recent call last):
  File "/home/dev/airflow/airflow/lib/python3.10/site-packages/airflow/operators/bash.py", line 196, in execute
    raise AirflowException(
airflow.exceptions.AirflowException: Bash command failed. The command returned a non-zero exit code 127.
[2023-03-13T20:17:03.918+0000] {taskinstance.py:1318} INFO - Marking task as FAILED. dag_id=AUTOMATISATION, task_id=Chargement_des_données_in_ELK, execution_date=20230313T000000, start_date=20230313T201703, end_date=20230313T201703
[2023-03-13T20:17:03.938+0000] {standard_task_runner.py:100} ERROR - Failed to execute job 227 for task Chargement_des_données_in_ELK (Bash command failed. The command returned a non-zero exit code 127.; 43008)
[2023-03-13T20:17:03.966+0000] {local_task_job.py:208} INFO - Task exited with return code 1
[2023-03-13T20:17:03.986+0000] {taskinstance.py:2578} INFO - 0 downstream tasks scheduled from follow-on schedule check
