[2023-03-13T22:03:12.258+0000] {taskinstance.py:1083} INFO - Dependencies all met for <TaskInstance: AUTOMATISATION.demarre_ELK scheduled__2023-03-13T00:02:45+00:00 [queued]>
[2023-03-13T22:03:12.269+0000] {taskinstance.py:1083} INFO - Dependencies all met for <TaskInstance: AUTOMATISATION.demarre_ELK scheduled__2023-03-13T00:02:45+00:00 [queued]>
[2023-03-13T22:03:12.269+0000] {taskinstance.py:1279} INFO - 
--------------------------------------------------------------------------------
[2023-03-13T22:03:12.269+0000] {taskinstance.py:1280} INFO - Starting attempt 1 of 2
[2023-03-13T22:03:12.270+0000] {taskinstance.py:1281} INFO - 
--------------------------------------------------------------------------------
[2023-03-13T22:03:12.294+0000] {taskinstance.py:1300} INFO - Executing <Task(BashOperator): demarre_ELK> on 2023-03-13 00:02:45+00:00
[2023-03-13T22:03:12.297+0000] {standard_task_runner.py:55} INFO - Started process 67648 to run task
[2023-03-13T22:03:12.301+0000] {standard_task_runner.py:82} INFO - Running: ['airflow', 'tasks', 'run', 'AUTOMATISATION', 'demarre_ELK', 'scheduled__2023-03-13T00:02:45+00:00', '--job-id', '386', '--raw', '--subdir', 'DAGS_FOLDER/main.py', '--cfg-path', '/tmp/tmpoga2fq3g']
[2023-03-13T22:03:12.302+0000] {standard_task_runner.py:83} INFO - Job 386: Subtask demarre_ELK
[2023-03-13T22:03:12.488+0000] {task_command.py:388} INFO - Running <TaskInstance: AUTOMATISATION.demarre_ELK scheduled__2023-03-13T00:02:45+00:00 [running]> on host dev
[2023-03-13T22:03:13.348+0000] {taskinstance.py:1507} INFO - Exporting the following env vars:
AIRFLOW_CTX_DAG_OWNER=airflow
AIRFLOW_CTX_DAG_ID=AUTOMATISATION
AIRFLOW_CTX_TASK_ID=demarre_ELK
AIRFLOW_CTX_EXECUTION_DATE=2023-03-13T00:02:45+00:00
AIRFLOW_CTX_TRY_NUMBER=1
AIRFLOW_CTX_DAG_RUN_ID=scheduled__2023-03-13T00:02:45+00:00
[2023-03-13T22:03:13.349+0000] {subprocess.py:63} INFO - Tmp dir root location: 
 /tmp
[2023-03-13T22:03:13.350+0000] {subprocess.py:75} INFO - Running command: ['/usr/bin/bash', '-c', 'docker-compose -f /home/dev/soute/ELK/docker-compose.yml up -d']
[2023-03-13T22:03:13.359+0000] {subprocess.py:86} INFO - Output:
[2023-03-13T22:03:14.140+0000] {subprocess.py:93} INFO - elasticsearch is up-to-date
[2023-03-13T22:03:14.140+0000] {subprocess.py:93} INFO - kibana is up-to-date
[2023-03-13T22:03:14.192+0000] {subprocess.py:97} INFO - Command exited with return code 0
[2023-03-13T22:03:14.221+0000] {taskinstance.py:1318} INFO - Marking task as SUCCESS. dag_id=AUTOMATISATION, task_id=demarre_ELK, execution_date=20230313T000245, start_date=20230313T220312, end_date=20230313T220314
[2023-03-13T22:03:14.277+0000] {local_task_job.py:208} INFO - Task exited with return code 0
[2023-03-13T22:03:14.311+0000] {taskinstance.py:2578} INFO - 1 downstream tasks scheduled from follow-on schedule check
[2023-03-14T10:08:25.644+0000] {taskinstance.py:1083} INFO - Dependencies all met for <TaskInstance: AUTOMATISATION.demarre_ELK scheduled__2023-03-13T00:02:45+00:00 [queued]>
[2023-03-14T10:08:25.655+0000] {taskinstance.py:1083} INFO - Dependencies all met for <TaskInstance: AUTOMATISATION.demarre_ELK scheduled__2023-03-13T00:02:45+00:00 [queued]>
[2023-03-14T10:08:25.656+0000] {taskinstance.py:1279} INFO - 
--------------------------------------------------------------------------------
[2023-03-14T10:08:25.656+0000] {taskinstance.py:1280} INFO - Starting attempt 1 of 2
[2023-03-14T10:08:25.656+0000] {taskinstance.py:1281} INFO - 
--------------------------------------------------------------------------------
[2023-03-14T10:08:25.681+0000] {taskinstance.py:1300} INFO - Executing <Task(BashOperator): demarre_ELK> on 2023-03-13 00:02:45+00:00
[2023-03-14T10:08:25.684+0000] {standard_task_runner.py:55} INFO - Started process 37172 to run task
[2023-03-14T10:08:25.689+0000] {standard_task_runner.py:82} INFO - Running: ['airflow', 'tasks', 'run', 'AUTOMATISATION', 'demarre_ELK', 'scheduled__2023-03-13T00:02:45+00:00', '--job-id', '630', '--raw', '--subdir', 'DAGS_FOLDER/main.py', '--cfg-path', '/tmp/tmpeg1jirsr']
[2023-03-14T10:08:25.691+0000] {standard_task_runner.py:83} INFO - Job 630: Subtask demarre_ELK
[2023-03-14T10:08:25.756+0000] {task_command.py:388} INFO - Running <TaskInstance: AUTOMATISATION.demarre_ELK scheduled__2023-03-13T00:02:45+00:00 [running]> on host dev
[2023-03-14T10:08:25.827+0000] {taskinstance.py:1507} INFO - Exporting the following env vars:
AIRFLOW_CTX_DAG_OWNER=airflow
AIRFLOW_CTX_DAG_ID=AUTOMATISATION
AIRFLOW_CTX_TASK_ID=demarre_ELK
AIRFLOW_CTX_EXECUTION_DATE=2023-03-13T00:02:45+00:00
AIRFLOW_CTX_TRY_NUMBER=1
AIRFLOW_CTX_DAG_RUN_ID=scheduled__2023-03-13T00:02:45+00:00
[2023-03-14T10:08:25.829+0000] {subprocess.py:63} INFO - Tmp dir root location: 
 /tmp
[2023-03-14T10:08:25.830+0000] {subprocess.py:75} INFO - Running command: ['/usr/bin/bash', '-c', 'docker-compose -f /home/dev/soute/ELK/docker-compose.yml up -d']
[2023-03-14T10:08:25.837+0000] {subprocess.py:86} INFO - Output:
[2023-03-14T10:08:26.582+0000] {subprocess.py:93} INFO - elasticsearch is up-to-date
[2023-03-14T10:08:26.583+0000] {subprocess.py:93} INFO - kibana is up-to-date
[2023-03-14T10:08:26.644+0000] {subprocess.py:97} INFO - Command exited with return code 0
[2023-03-14T10:08:26.670+0000] {taskinstance.py:1318} INFO - Marking task as SUCCESS. dag_id=AUTOMATISATION, task_id=demarre_ELK, execution_date=20230313T000245, start_date=20230314T100825, end_date=20230314T100826
[2023-03-14T10:08:26.703+0000] {local_task_job.py:208} INFO - Task exited with return code 0
[2023-03-14T10:08:26.729+0000] {taskinstance.py:2578} INFO - 1 downstream tasks scheduled from follow-on schedule check
[2023-03-15T07:28:02.673+0000] {taskinstance.py:1083} INFO - Dependencies all met for <TaskInstance: AUTOMATISATION.demarre_ELK scheduled__2023-03-13T00:02:45+00:00 [queued]>
[2023-03-15T07:28:02.677+0000] {taskinstance.py:1083} INFO - Dependencies all met for <TaskInstance: AUTOMATISATION.demarre_ELK scheduled__2023-03-13T00:02:45+00:00 [queued]>
[2023-03-15T07:28:02.677+0000] {taskinstance.py:1279} INFO - 
--------------------------------------------------------------------------------
[2023-03-15T07:28:02.677+0000] {taskinstance.py:1280} INFO - Starting attempt 1 of 2
[2023-03-15T07:28:02.677+0000] {taskinstance.py:1281} INFO - 
--------------------------------------------------------------------------------
[2023-03-15T07:28:02.690+0000] {taskinstance.py:1300} INFO - Executing <Task(BashOperator): demarre_ELK> on 2023-03-13 00:02:45+00:00
[2023-03-15T07:28:02.692+0000] {standard_task_runner.py:55} INFO - Started process 128647 to run task
[2023-03-15T07:28:02.693+0000] {standard_task_runner.py:82} INFO - Running: ['airflow', 'tasks', 'run', 'AUTOMATISATION', 'demarre_ELK', 'scheduled__2023-03-13T00:02:45+00:00', '--job-id', '757', '--raw', '--subdir', 'DAGS_FOLDER/main.py', '--cfg-path', '/tmp/tmpu2nvp8jf']
[2023-03-15T07:28:02.694+0000] {standard_task_runner.py:83} INFO - Job 757: Subtask demarre_ELK
[2023-03-15T07:28:02.727+0000] {task_command.py:388} INFO - Running <TaskInstance: AUTOMATISATION.demarre_ELK scheduled__2023-03-13T00:02:45+00:00 [running]> on host dev
[2023-03-15T07:28:02.772+0000] {taskinstance.py:1507} INFO - Exporting the following env vars:
AIRFLOW_CTX_DAG_OWNER=airflow
AIRFLOW_CTX_DAG_ID=AUTOMATISATION
AIRFLOW_CTX_TASK_ID=demarre_ELK
AIRFLOW_CTX_EXECUTION_DATE=2023-03-13T00:02:45+00:00
AIRFLOW_CTX_TRY_NUMBER=1
AIRFLOW_CTX_DAG_RUN_ID=scheduled__2023-03-13T00:02:45+00:00
[2023-03-15T07:28:02.773+0000] {subprocess.py:63} INFO - Tmp dir root location: 
 /tmp
[2023-03-15T07:28:02.773+0000] {subprocess.py:75} INFO - Running command: ['/usr/bin/bash', '-c', 'docker-compose -f /home/dev/soute/ELK/docker-compose.yml up -d']
[2023-03-15T07:28:02.778+0000] {subprocess.py:86} INFO - Output:
[2023-03-15T07:28:03.155+0000] {subprocess.py:93} INFO - elasticsearch is up-to-date
[2023-03-15T07:28:03.156+0000] {subprocess.py:93} INFO - kibana is up-to-date
[2023-03-15T07:28:03.190+0000] {subprocess.py:97} INFO - Command exited with return code 0
[2023-03-15T07:28:03.204+0000] {taskinstance.py:1318} INFO - Marking task as SUCCESS. dag_id=AUTOMATISATION, task_id=demarre_ELK, execution_date=20230313T000245, start_date=20230315T072802, end_date=20230315T072803
[2023-03-15T07:28:03.226+0000] {local_task_job.py:208} INFO - Task exited with return code 0
[2023-03-15T07:28:03.238+0000] {taskinstance.py:2578} INFO - 1 downstream tasks scheduled from follow-on schedule check
