[2023-03-13T19:58:29.892+0000] {taskinstance.py:1083} INFO - Dependencies all met for <TaskInstance: AUTOMATISATION.demarre_ELK scheduled__2023-03-13T19:40:38.026613+00:00 [queued]>
[2023-03-13T19:58:29.904+0000] {taskinstance.py:1083} INFO - Dependencies all met for <TaskInstance: AUTOMATISATION.demarre_ELK scheduled__2023-03-13T19:40:38.026613+00:00 [queued]>
[2023-03-13T19:58:29.904+0000] {taskinstance.py:1279} INFO - 
--------------------------------------------------------------------------------
[2023-03-13T19:58:29.904+0000] {taskinstance.py:1280} INFO - Starting attempt 1 of 2
[2023-03-13T19:58:29.905+0000] {taskinstance.py:1281} INFO - 
--------------------------------------------------------------------------------
[2023-03-13T19:58:29.925+0000] {taskinstance.py:1300} INFO - Executing <Task(BashOperator): demarre_ELK> on 2023-03-13 19:40:38.026613+00:00
[2023-03-13T19:58:29.928+0000] {standard_task_runner.py:55} INFO - Started process 39803 to run task
[2023-03-13T19:58:29.933+0000] {standard_task_runner.py:82} INFO - Running: ['airflow', 'tasks', 'run', 'AUTOMATISATION', 'demarre_ELK', 'scheduled__2023-03-13T19:40:38.026613+00:00', '--job-id', '156', '--raw', '--subdir', 'DAGS_FOLDER/main.py', '--cfg-path', '/tmp/tmp2tkip5t4']
[2023-03-13T19:58:29.935+0000] {standard_task_runner.py:83} INFO - Job 156: Subtask demarre_ELK
[2023-03-13T19:58:29.997+0000] {task_command.py:388} INFO - Running <TaskInstance: AUTOMATISATION.demarre_ELK scheduled__2023-03-13T19:40:38.026613+00:00 [running]> on host dev
[2023-03-13T19:58:30.067+0000] {taskinstance.py:1507} INFO - Exporting the following env vars:
AIRFLOW_CTX_DAG_OWNER=airflow
AIRFLOW_CTX_DAG_ID=AUTOMATISATION
AIRFLOW_CTX_TASK_ID=demarre_ELK
AIRFLOW_CTX_EXECUTION_DATE=2023-03-13T19:40:38.026613+00:00
AIRFLOW_CTX_TRY_NUMBER=1
AIRFLOW_CTX_DAG_RUN_ID=scheduled__2023-03-13T19:40:38.026613+00:00
[2023-03-13T19:58:30.070+0000] {subprocess.py:63} INFO - Tmp dir root location: 
 /tmp
[2023-03-13T19:58:30.071+0000] {subprocess.py:75} INFO - Running command: ['/usr/bin/bash', '-c', 'docker-compose -f /home/dev/soute/ELK/docker-compose.yml up -d']
[2023-03-13T19:58:30.079+0000] {subprocess.py:86} INFO - Output:
[2023-03-13T19:58:30.846+0000] {subprocess.py:93} INFO - elasticsearch is up-to-date
[2023-03-13T19:58:30.847+0000] {subprocess.py:93} INFO - kibana is up-to-date
[2023-03-13T19:58:30.899+0000] {subprocess.py:97} INFO - Command exited with return code 0
[2023-03-13T19:58:30.927+0000] {taskinstance.py:1318} INFO - Marking task as SUCCESS. dag_id=AUTOMATISATION, task_id=demarre_ELK, execution_date=20230313T194038, start_date=20230313T195829, end_date=20230313T195830
[2023-03-13T19:58:30.987+0000] {local_task_job.py:208} INFO - Task exited with return code 0
[2023-03-13T19:58:31.013+0000] {taskinstance.py:2578} INFO - 1 downstream tasks scheduled from follow-on schedule check
