[2023-03-13T21:36:16.519+0000] {taskinstance.py:1083} INFO - Dependencies all met for <TaskInstance: AUTOMATISATION.demarre_ELK scheduled__2023-03-13T00:02:06+00:00 [queued]>
[2023-03-13T21:36:16.534+0000] {taskinstance.py:1083} INFO - Dependencies all met for <TaskInstance: AUTOMATISATION.demarre_ELK scheduled__2023-03-13T00:02:06+00:00 [queued]>
[2023-03-13T21:36:16.534+0000] {taskinstance.py:1279} INFO - 
--------------------------------------------------------------------------------
[2023-03-13T21:36:16.535+0000] {taskinstance.py:1280} INFO - Starting attempt 1 of 2
[2023-03-13T21:36:16.535+0000] {taskinstance.py:1281} INFO - 
--------------------------------------------------------------------------------
[2023-03-13T21:36:16.567+0000] {taskinstance.py:1300} INFO - Executing <Task(BashOperator): demarre_ELK> on 2023-03-13 00:02:06+00:00
[2023-03-13T21:36:16.570+0000] {standard_task_runner.py:55} INFO - Started process 61548 to run task
[2023-03-13T21:36:16.574+0000] {standard_task_runner.py:82} INFO - Running: ['airflow', 'tasks', 'run', 'AUTOMATISATION', 'demarre_ELK', 'scheduled__2023-03-13T00:02:06+00:00', '--job-id', '360', '--raw', '--subdir', 'DAGS_FOLDER/main.py', '--cfg-path', '/tmp/tmpiwkmu85q']
[2023-03-13T21:36:16.575+0000] {standard_task_runner.py:83} INFO - Job 360: Subtask demarre_ELK
[2023-03-13T21:36:16.645+0000] {task_command.py:388} INFO - Running <TaskInstance: AUTOMATISATION.demarre_ELK scheduled__2023-03-13T00:02:06+00:00 [running]> on host dev
[2023-03-13T21:36:16.728+0000] {taskinstance.py:1507} INFO - Exporting the following env vars:
AIRFLOW_CTX_DAG_OWNER=airflow
AIRFLOW_CTX_DAG_ID=AUTOMATISATION
AIRFLOW_CTX_TASK_ID=demarre_ELK
AIRFLOW_CTX_EXECUTION_DATE=2023-03-13T00:02:06+00:00
AIRFLOW_CTX_TRY_NUMBER=1
AIRFLOW_CTX_DAG_RUN_ID=scheduled__2023-03-13T00:02:06+00:00
[2023-03-13T21:36:16.730+0000] {subprocess.py:63} INFO - Tmp dir root location: 
 /tmp
[2023-03-13T21:36:16.731+0000] {subprocess.py:75} INFO - Running command: ['/usr/bin/bash', '-c', 'docker-compose -f /home/dev/soute/ELK/docker-compose.yml up -d']
[2023-03-13T21:36:16.738+0000] {subprocess.py:86} INFO - Output:
[2023-03-13T21:36:17.513+0000] {subprocess.py:93} INFO - elasticsearch is up-to-date
[2023-03-13T21:36:17.514+0000] {subprocess.py:93} INFO - kibana is up-to-date
[2023-03-13T21:36:17.563+0000] {subprocess.py:97} INFO - Command exited with return code 0
[2023-03-13T21:36:17.594+0000] {taskinstance.py:1318} INFO - Marking task as SUCCESS. dag_id=AUTOMATISATION, task_id=demarre_ELK, execution_date=20230313T000206, start_date=20230313T213616, end_date=20230313T213617
[2023-03-13T21:36:17.628+0000] {local_task_job.py:208} INFO - Task exited with return code 0
[2023-03-13T21:36:17.652+0000] {taskinstance.py:2578} INFO - 1 downstream tasks scheduled from follow-on schedule check
[2023-03-14T09:59:57.438+0000] {taskinstance.py:1083} INFO - Dependencies all met for <TaskInstance: AUTOMATISATION.demarre_ELK scheduled__2023-03-13T00:02:06+00:00 [queued]>
[2023-03-14T09:59:57.450+0000] {taskinstance.py:1083} INFO - Dependencies all met for <TaskInstance: AUTOMATISATION.demarre_ELK scheduled__2023-03-13T00:02:06+00:00 [queued]>
[2023-03-14T09:59:57.450+0000] {taskinstance.py:1279} INFO - 
--------------------------------------------------------------------------------
[2023-03-14T09:59:57.450+0000] {taskinstance.py:1280} INFO - Starting attempt 1 of 2
[2023-03-14T09:59:57.450+0000] {taskinstance.py:1281} INFO - 
--------------------------------------------------------------------------------
[2023-03-14T09:59:57.469+0000] {taskinstance.py:1300} INFO - Executing <Task(BashOperator): demarre_ELK> on 2023-03-13 00:02:06+00:00
[2023-03-14T09:59:57.472+0000] {standard_task_runner.py:55} INFO - Started process 34262 to run task
[2023-03-14T09:59:57.476+0000] {standard_task_runner.py:82} INFO - Running: ['airflow', 'tasks', 'run', 'AUTOMATISATION', 'demarre_ELK', 'scheduled__2023-03-13T00:02:06+00:00', '--job-id', '604', '--raw', '--subdir', 'DAGS_FOLDER/main.py', '--cfg-path', '/tmp/tmpepfysxa1']
[2023-03-14T09:59:57.478+0000] {standard_task_runner.py:83} INFO - Job 604: Subtask demarre_ELK
[2023-03-14T09:59:57.541+0000] {task_command.py:388} INFO - Running <TaskInstance: AUTOMATISATION.demarre_ELK scheduled__2023-03-13T00:02:06+00:00 [running]> on host dev
[2023-03-14T09:59:57.616+0000] {taskinstance.py:1507} INFO - Exporting the following env vars:
AIRFLOW_CTX_DAG_OWNER=airflow
AIRFLOW_CTX_DAG_ID=AUTOMATISATION
AIRFLOW_CTX_TASK_ID=demarre_ELK
AIRFLOW_CTX_EXECUTION_DATE=2023-03-13T00:02:06+00:00
AIRFLOW_CTX_TRY_NUMBER=1
AIRFLOW_CTX_DAG_RUN_ID=scheduled__2023-03-13T00:02:06+00:00
[2023-03-14T09:59:57.618+0000] {subprocess.py:63} INFO - Tmp dir root location: 
 /tmp
[2023-03-14T09:59:57.619+0000] {subprocess.py:75} INFO - Running command: ['/usr/bin/bash', '-c', 'docker-compose -f /home/dev/soute/ELK/docker-compose.yml up -d']
[2023-03-14T09:59:57.626+0000] {subprocess.py:86} INFO - Output:
[2023-03-14T09:59:58.387+0000] {subprocess.py:93} INFO - elasticsearch is up-to-date
[2023-03-14T09:59:58.388+0000] {subprocess.py:93} INFO - kibana is up-to-date
[2023-03-14T09:59:58.442+0000] {subprocess.py:97} INFO - Command exited with return code 0
[2023-03-14T09:59:58.472+0000] {taskinstance.py:1318} INFO - Marking task as SUCCESS. dag_id=AUTOMATISATION, task_id=demarre_ELK, execution_date=20230313T000206, start_date=20230314T095957, end_date=20230314T095958
[2023-03-14T09:59:58.531+0000] {local_task_job.py:208} INFO - Task exited with return code 0
[2023-03-14T09:59:58.558+0000] {taskinstance.py:2578} INFO - 1 downstream tasks scheduled from follow-on schedule check
[2023-03-15T07:21:46.801+0000] {taskinstance.py:1083} INFO - Dependencies all met for <TaskInstance: AUTOMATISATION.demarre_ELK scheduled__2023-03-13T00:02:06+00:00 [queued]>
[2023-03-15T07:21:46.807+0000] {taskinstance.py:1083} INFO - Dependencies all met for <TaskInstance: AUTOMATISATION.demarre_ELK scheduled__2023-03-13T00:02:06+00:00 [queued]>
[2023-03-15T07:21:46.807+0000] {taskinstance.py:1279} INFO - 
--------------------------------------------------------------------------------
[2023-03-15T07:21:46.807+0000] {taskinstance.py:1280} INFO - Starting attempt 1 of 2
[2023-03-15T07:21:46.807+0000] {taskinstance.py:1281} INFO - 
--------------------------------------------------------------------------------
[2023-03-15T07:21:46.821+0000] {taskinstance.py:1300} INFO - Executing <Task(BashOperator): demarre_ELK> on 2023-03-13 00:02:06+00:00
[2023-03-15T07:21:46.823+0000] {standard_task_runner.py:55} INFO - Started process 124308 to run task
[2023-03-15T07:21:46.825+0000] {standard_task_runner.py:82} INFO - Running: ['airflow', 'tasks', 'run', 'AUTOMATISATION', 'demarre_ELK', 'scheduled__2023-03-13T00:02:06+00:00', '--job-id', '731', '--raw', '--subdir', 'DAGS_FOLDER/main.py', '--cfg-path', '/tmp/tmp9ru1x1c1']
[2023-03-15T07:21:46.826+0000] {standard_task_runner.py:83} INFO - Job 731: Subtask demarre_ELK
[2023-03-15T07:21:46.862+0000] {task_command.py:388} INFO - Running <TaskInstance: AUTOMATISATION.demarre_ELK scheduled__2023-03-13T00:02:06+00:00 [running]> on host dev
[2023-03-15T07:21:46.907+0000] {taskinstance.py:1507} INFO - Exporting the following env vars:
AIRFLOW_CTX_DAG_OWNER=airflow
AIRFLOW_CTX_DAG_ID=AUTOMATISATION
AIRFLOW_CTX_TASK_ID=demarre_ELK
AIRFLOW_CTX_EXECUTION_DATE=2023-03-13T00:02:06+00:00
AIRFLOW_CTX_TRY_NUMBER=1
AIRFLOW_CTX_DAG_RUN_ID=scheduled__2023-03-13T00:02:06+00:00
[2023-03-15T07:21:46.908+0000] {subprocess.py:63} INFO - Tmp dir root location: 
 /tmp
[2023-03-15T07:21:46.908+0000] {subprocess.py:75} INFO - Running command: ['/usr/bin/bash', '-c', 'docker-compose -f /home/dev/soute/ELK/docker-compose.yml up -d']
[2023-03-15T07:21:46.913+0000] {subprocess.py:86} INFO - Output:
[2023-03-15T07:21:47.244+0000] {subprocess.py:93} INFO - elasticsearch is up-to-date
[2023-03-15T07:21:47.245+0000] {subprocess.py:93} INFO - kibana is up-to-date
[2023-03-15T07:21:47.266+0000] {subprocess.py:97} INFO - Command exited with return code 0
[2023-03-15T07:21:47.280+0000] {taskinstance.py:1318} INFO - Marking task as SUCCESS. dag_id=AUTOMATISATION, task_id=demarre_ELK, execution_date=20230313T000206, start_date=20230315T072146, end_date=20230315T072147
[2023-03-15T07:21:47.317+0000] {local_task_job.py:208} INFO - Task exited with return code 0
[2023-03-15T07:21:47.327+0000] {taskinstance.py:2578} INFO - 1 downstream tasks scheduled from follow-on schedule check
