[2023-03-13T21:40:15.568+0000] {taskinstance.py:1083} INFO - Dependencies all met for <TaskInstance: AUTOMATISATION.demarre_ELK scheduled__2023-03-13T00:02:12+00:00 [queued]>
[2023-03-13T21:40:15.580+0000] {taskinstance.py:1083} INFO - Dependencies all met for <TaskInstance: AUTOMATISATION.demarre_ELK scheduled__2023-03-13T00:02:12+00:00 [queued]>
[2023-03-13T21:40:15.581+0000] {taskinstance.py:1279} INFO - 
--------------------------------------------------------------------------------
[2023-03-13T21:40:15.581+0000] {taskinstance.py:1280} INFO - Starting attempt 1 of 2
[2023-03-13T21:40:15.581+0000] {taskinstance.py:1281} INFO - 
--------------------------------------------------------------------------------
[2023-03-13T21:40:15.605+0000] {taskinstance.py:1300} INFO - Executing <Task(BashOperator): demarre_ELK> on 2023-03-13 00:02:12+00:00
[2023-03-13T21:40:15.608+0000] {standard_task_runner.py:55} INFO - Started process 62377 to run task
[2023-03-13T21:40:15.612+0000] {standard_task_runner.py:82} INFO - Running: ['airflow', 'tasks', 'run', 'AUTOMATISATION', 'demarre_ELK', 'scheduled__2023-03-13T00:02:12+00:00', '--job-id', '364', '--raw', '--subdir', 'DAGS_FOLDER/main.py', '--cfg-path', '/tmp/tmpfoujas5q']
[2023-03-13T21:40:15.614+0000] {standard_task_runner.py:83} INFO - Job 364: Subtask demarre_ELK
[2023-03-13T21:40:15.684+0000] {task_command.py:388} INFO - Running <TaskInstance: AUTOMATISATION.demarre_ELK scheduled__2023-03-13T00:02:12+00:00 [running]> on host dev
[2023-03-13T21:40:15.779+0000] {taskinstance.py:1507} INFO - Exporting the following env vars:
AIRFLOW_CTX_DAG_OWNER=airflow
AIRFLOW_CTX_DAG_ID=AUTOMATISATION
AIRFLOW_CTX_TASK_ID=demarre_ELK
AIRFLOW_CTX_EXECUTION_DATE=2023-03-13T00:02:12+00:00
AIRFLOW_CTX_TRY_NUMBER=1
AIRFLOW_CTX_DAG_RUN_ID=scheduled__2023-03-13T00:02:12+00:00
[2023-03-13T21:40:15.781+0000] {subprocess.py:63} INFO - Tmp dir root location: 
 /tmp
[2023-03-13T21:40:15.782+0000] {subprocess.py:75} INFO - Running command: ['/usr/bin/bash', '-c', 'docker-compose -f /home/dev/soute/ELK/docker-compose.yml up -d']
[2023-03-13T21:40:15.790+0000] {subprocess.py:86} INFO - Output:
[2023-03-13T21:40:16.550+0000] {subprocess.py:93} INFO - elasticsearch is up-to-date
[2023-03-13T21:40:16.551+0000] {subprocess.py:93} INFO - kibana is up-to-date
[2023-03-13T21:40:16.607+0000] {subprocess.py:97} INFO - Command exited with return code 0
[2023-03-13T21:40:16.643+0000] {taskinstance.py:1318} INFO - Marking task as SUCCESS. dag_id=AUTOMATISATION, task_id=demarre_ELK, execution_date=20230313T000212, start_date=20230313T214015, end_date=20230313T214016
[2023-03-13T21:40:16.707+0000] {local_task_job.py:208} INFO - Task exited with return code 0
[2023-03-13T21:40:16.735+0000] {taskinstance.py:2578} INFO - 1 downstream tasks scheduled from follow-on schedule check
[2023-03-14T10:01:16.806+0000] {taskinstance.py:1083} INFO - Dependencies all met for <TaskInstance: AUTOMATISATION.demarre_ELK scheduled__2023-03-13T00:02:12+00:00 [queued]>
[2023-03-14T10:01:16.817+0000] {taskinstance.py:1083} INFO - Dependencies all met for <TaskInstance: AUTOMATISATION.demarre_ELK scheduled__2023-03-13T00:02:12+00:00 [queued]>
[2023-03-14T10:01:16.818+0000] {taskinstance.py:1279} INFO - 
--------------------------------------------------------------------------------
[2023-03-14T10:01:16.818+0000] {taskinstance.py:1280} INFO - Starting attempt 1 of 2
[2023-03-14T10:01:16.818+0000] {taskinstance.py:1281} INFO - 
--------------------------------------------------------------------------------
[2023-03-14T10:01:16.837+0000] {taskinstance.py:1300} INFO - Executing <Task(BashOperator): demarre_ELK> on 2023-03-13 00:02:12+00:00
[2023-03-14T10:01:16.840+0000] {standard_task_runner.py:55} INFO - Started process 34771 to run task
[2023-03-14T10:01:16.844+0000] {standard_task_runner.py:82} INFO - Running: ['airflow', 'tasks', 'run', 'AUTOMATISATION', 'demarre_ELK', 'scheduled__2023-03-13T00:02:12+00:00', '--job-id', '608', '--raw', '--subdir', 'DAGS_FOLDER/main.py', '--cfg-path', '/tmp/tmprv24d1ur']
[2023-03-14T10:01:16.845+0000] {standard_task_runner.py:83} INFO - Job 608: Subtask demarre_ELK
[2023-03-14T10:01:16.908+0000] {task_command.py:388} INFO - Running <TaskInstance: AUTOMATISATION.demarre_ELK scheduled__2023-03-13T00:02:12+00:00 [running]> on host dev
[2023-03-14T10:01:16.985+0000] {taskinstance.py:1507} INFO - Exporting the following env vars:
AIRFLOW_CTX_DAG_OWNER=airflow
AIRFLOW_CTX_DAG_ID=AUTOMATISATION
AIRFLOW_CTX_TASK_ID=demarre_ELK
AIRFLOW_CTX_EXECUTION_DATE=2023-03-13T00:02:12+00:00
AIRFLOW_CTX_TRY_NUMBER=1
AIRFLOW_CTX_DAG_RUN_ID=scheduled__2023-03-13T00:02:12+00:00
[2023-03-14T10:01:16.987+0000] {subprocess.py:63} INFO - Tmp dir root location: 
 /tmp
[2023-03-14T10:01:16.987+0000] {subprocess.py:75} INFO - Running command: ['/usr/bin/bash', '-c', 'docker-compose -f /home/dev/soute/ELK/docker-compose.yml up -d']
[2023-03-14T10:01:16.995+0000] {subprocess.py:86} INFO - Output:
[2023-03-14T10:01:17.723+0000] {subprocess.py:93} INFO - elasticsearch is up-to-date
[2023-03-14T10:01:17.724+0000] {subprocess.py:93} INFO - kibana is up-to-date
[2023-03-14T10:01:17.777+0000] {subprocess.py:97} INFO - Command exited with return code 0
[2023-03-14T10:01:17.805+0000] {taskinstance.py:1318} INFO - Marking task as SUCCESS. dag_id=AUTOMATISATION, task_id=demarre_ELK, execution_date=20230313T000212, start_date=20230314T100116, end_date=20230314T100117
[2023-03-14T10:01:17.857+0000] {local_task_job.py:208} INFO - Task exited with return code 0
[2023-03-14T10:01:17.884+0000] {taskinstance.py:2578} INFO - 1 downstream tasks scheduled from follow-on schedule check
[2023-03-15T07:22:48.696+0000] {taskinstance.py:1083} INFO - Dependencies all met for <TaskInstance: AUTOMATISATION.demarre_ELK scheduled__2023-03-13T00:02:12+00:00 [queued]>
[2023-03-15T07:22:48.704+0000] {taskinstance.py:1083} INFO - Dependencies all met for <TaskInstance: AUTOMATISATION.demarre_ELK scheduled__2023-03-13T00:02:12+00:00 [queued]>
[2023-03-15T07:22:48.704+0000] {taskinstance.py:1279} INFO - 
--------------------------------------------------------------------------------
[2023-03-15T07:22:48.704+0000] {taskinstance.py:1280} INFO - Starting attempt 1 of 2
[2023-03-15T07:22:48.704+0000] {taskinstance.py:1281} INFO - 
--------------------------------------------------------------------------------
[2023-03-15T07:22:48.717+0000] {taskinstance.py:1300} INFO - Executing <Task(BashOperator): demarre_ELK> on 2023-03-13 00:02:12+00:00
[2023-03-15T07:22:48.719+0000] {standard_task_runner.py:55} INFO - Started process 124988 to run task
[2023-03-15T07:22:48.721+0000] {standard_task_runner.py:82} INFO - Running: ['airflow', 'tasks', 'run', 'AUTOMATISATION', 'demarre_ELK', 'scheduled__2023-03-13T00:02:12+00:00', '--job-id', '735', '--raw', '--subdir', 'DAGS_FOLDER/main.py', '--cfg-path', '/tmp/tmpv4_9bq74']
[2023-03-15T07:22:48.722+0000] {standard_task_runner.py:83} INFO - Job 735: Subtask demarre_ELK
[2023-03-15T07:22:48.770+0000] {task_command.py:388} INFO - Running <TaskInstance: AUTOMATISATION.demarre_ELK scheduled__2023-03-13T00:02:12+00:00 [running]> on host dev
[2023-03-15T07:22:48.840+0000] {taskinstance.py:1507} INFO - Exporting the following env vars:
AIRFLOW_CTX_DAG_OWNER=airflow
AIRFLOW_CTX_DAG_ID=AUTOMATISATION
AIRFLOW_CTX_TASK_ID=demarre_ELK
AIRFLOW_CTX_EXECUTION_DATE=2023-03-13T00:02:12+00:00
AIRFLOW_CTX_TRY_NUMBER=1
AIRFLOW_CTX_DAG_RUN_ID=scheduled__2023-03-13T00:02:12+00:00
[2023-03-15T07:22:48.841+0000] {subprocess.py:63} INFO - Tmp dir root location: 
 /tmp
[2023-03-15T07:22:48.841+0000] {subprocess.py:75} INFO - Running command: ['/usr/bin/bash', '-c', 'docker-compose -f /home/dev/soute/ELK/docker-compose.yml up -d']
[2023-03-15T07:22:48.846+0000] {subprocess.py:86} INFO - Output:
[2023-03-15T07:22:49.230+0000] {subprocess.py:93} INFO - elasticsearch is up-to-date
[2023-03-15T07:22:49.231+0000] {subprocess.py:93} INFO - kibana is up-to-date
[2023-03-15T07:22:49.260+0000] {subprocess.py:97} INFO - Command exited with return code 0
[2023-03-15T07:22:49.280+0000] {taskinstance.py:1318} INFO - Marking task as SUCCESS. dag_id=AUTOMATISATION, task_id=demarre_ELK, execution_date=20230313T000212, start_date=20230315T072248, end_date=20230315T072249
[2023-03-15T07:22:49.334+0000] {local_task_job.py:208} INFO - Task exited with return code 0
[2023-03-15T07:22:49.347+0000] {taskinstance.py:2578} INFO - 1 downstream tasks scheduled from follow-on schedule check
