[2023-03-13T23:31:27.223+0000] {taskinstance.py:1083} INFO - Dependencies all met for <TaskInstance: AUTOMATISATION.demarre_ELK scheduled__2023-03-13T00:04:51+00:00 [queued]>
[2023-03-13T23:31:27.239+0000] {taskinstance.py:1083} INFO - Dependencies all met for <TaskInstance: AUTOMATISATION.demarre_ELK scheduled__2023-03-13T00:04:51+00:00 [queued]>
[2023-03-13T23:31:27.240+0000] {taskinstance.py:1279} INFO - 
--------------------------------------------------------------------------------
[2023-03-13T23:31:27.240+0000] {taskinstance.py:1280} INFO - Starting attempt 1 of 2
[2023-03-13T23:31:27.240+0000] {taskinstance.py:1281} INFO - 
--------------------------------------------------------------------------------
[2023-03-13T23:31:27.272+0000] {taskinstance.py:1300} INFO - Executing <Task(BashOperator): demarre_ELK> on 2023-03-13 00:04:51+00:00
[2023-03-13T23:31:27.276+0000] {standard_task_runner.py:55} INFO - Started process 87070 to run task
[2023-03-13T23:31:27.281+0000] {standard_task_runner.py:82} INFO - Running: ['airflow', 'tasks', 'run', 'AUTOMATISATION', 'demarre_ELK', 'scheduled__2023-03-13T00:04:51+00:00', '--job-id', '470', '--raw', '--subdir', 'DAGS_FOLDER/main.py', '--cfg-path', '/tmp/tmpk43h4ut1']
[2023-03-13T23:31:27.283+0000] {standard_task_runner.py:83} INFO - Job 470: Subtask demarre_ELK
[2023-03-13T23:31:27.363+0000] {task_command.py:388} INFO - Running <TaskInstance: AUTOMATISATION.demarre_ELK scheduled__2023-03-13T00:04:51+00:00 [running]> on host dev
[2023-03-13T23:31:27.464+0000] {taskinstance.py:1507} INFO - Exporting the following env vars:
AIRFLOW_CTX_DAG_OWNER=airflow
AIRFLOW_CTX_DAG_ID=AUTOMATISATION
AIRFLOW_CTX_TASK_ID=demarre_ELK
AIRFLOW_CTX_EXECUTION_DATE=2023-03-13T00:04:51+00:00
AIRFLOW_CTX_TRY_NUMBER=1
AIRFLOW_CTX_DAG_RUN_ID=scheduled__2023-03-13T00:04:51+00:00
[2023-03-13T23:31:27.466+0000] {subprocess.py:63} INFO - Tmp dir root location: 
 /tmp
[2023-03-13T23:31:27.467+0000] {subprocess.py:75} INFO - Running command: ['/usr/bin/bash', '-c', 'docker-compose -f /home/dev/soute/ELK/docker-compose.yml up -d']
[2023-03-13T23:31:27.478+0000] {subprocess.py:86} INFO - Output:
[2023-03-13T23:31:28.576+0000] {subprocess.py:93} INFO - elasticsearch is up-to-date
[2023-03-13T23:31:28.577+0000] {subprocess.py:93} INFO - kibana is up-to-date
[2023-03-13T23:31:28.638+0000] {subprocess.py:97} INFO - Command exited with return code 0
[2023-03-13T23:31:28.881+0000] {taskinstance.py:1318} INFO - Marking task as SUCCESS. dag_id=AUTOMATISATION, task_id=demarre_ELK, execution_date=20230313T000451, start_date=20230313T233127, end_date=20230313T233128
[2023-03-13T23:31:29.017+0000] {local_task_job.py:208} INFO - Task exited with return code 0
[2023-03-13T23:31:29.046+0000] {taskinstance.py:2578} INFO - 1 downstream tasks scheduled from follow-on schedule check
[2023-03-15T07:41:50.949+0000] {taskinstance.py:1083} INFO - Dependencies all met for <TaskInstance: AUTOMATISATION.demarre_ELK scheduled__2023-03-13T00:04:51+00:00 [queued]>
[2023-03-15T07:41:50.955+0000] {taskinstance.py:1083} INFO - Dependencies all met for <TaskInstance: AUTOMATISATION.demarre_ELK scheduled__2023-03-13T00:04:51+00:00 [queued]>
[2023-03-15T07:41:50.956+0000] {taskinstance.py:1279} INFO - 
--------------------------------------------------------------------------------
[2023-03-15T07:41:50.956+0000] {taskinstance.py:1280} INFO - Starting attempt 1 of 2
[2023-03-15T07:41:50.956+0000] {taskinstance.py:1281} INFO - 
--------------------------------------------------------------------------------
[2023-03-15T07:41:50.969+0000] {taskinstance.py:1300} INFO - Executing <Task(BashOperator): demarre_ELK> on 2023-03-13 00:04:51+00:00
[2023-03-15T07:41:50.971+0000] {standard_task_runner.py:55} INFO - Started process 136903 to run task
[2023-03-15T07:41:50.973+0000] {standard_task_runner.py:82} INFO - Running: ['airflow', 'tasks', 'run', 'AUTOMATISATION', 'demarre_ELK', 'scheduled__2023-03-13T00:04:51+00:00', '--job-id', '840', '--raw', '--subdir', 'DAGS_FOLDER/main.py', '--cfg-path', '/tmp/tmpyc0ocwll']
[2023-03-15T07:41:50.974+0000] {standard_task_runner.py:83} INFO - Job 840: Subtask demarre_ELK
[2023-03-15T07:41:51.011+0000] {task_command.py:388} INFO - Running <TaskInstance: AUTOMATISATION.demarre_ELK scheduled__2023-03-13T00:04:51+00:00 [running]> on host dev
[2023-03-15T07:41:51.050+0000] {taskinstance.py:1507} INFO - Exporting the following env vars:
AIRFLOW_CTX_DAG_OWNER=airflow
AIRFLOW_CTX_DAG_ID=AUTOMATISATION
AIRFLOW_CTX_TASK_ID=demarre_ELK
AIRFLOW_CTX_EXECUTION_DATE=2023-03-13T00:04:51+00:00
AIRFLOW_CTX_TRY_NUMBER=1
AIRFLOW_CTX_DAG_RUN_ID=scheduled__2023-03-13T00:04:51+00:00
[2023-03-15T07:41:51.051+0000] {subprocess.py:63} INFO - Tmp dir root location: 
 /tmp
[2023-03-15T07:41:51.052+0000] {subprocess.py:75} INFO - Running command: ['/usr/bin/bash', '-c', 'docker-compose -f /home/dev/soute/ELK/docker-compose.yml up -d']
[2023-03-15T07:41:51.057+0000] {subprocess.py:86} INFO - Output:
[2023-03-15T07:41:51.395+0000] {subprocess.py:93} INFO - elasticsearch is up-to-date
[2023-03-15T07:41:51.396+0000] {subprocess.py:93} INFO - kibana is up-to-date
[2023-03-15T07:41:51.428+0000] {subprocess.py:97} INFO - Command exited with return code 0
[2023-03-15T07:41:51.444+0000] {taskinstance.py:1318} INFO - Marking task as SUCCESS. dag_id=AUTOMATISATION, task_id=demarre_ELK, execution_date=20230313T000451, start_date=20230315T074150, end_date=20230315T074151
[2023-03-15T07:41:51.465+0000] {local_task_job.py:208} INFO - Task exited with return code 0
[2023-03-15T07:41:51.476+0000] {taskinstance.py:2578} INFO - 1 downstream tasks scheduled from follow-on schedule check
