[2023-03-13T21:46:24.535+0000] {taskinstance.py:1083} INFO - Dependencies all met for <TaskInstance: AUTOMATISATION.demarre_ELK scheduled__2023-03-13T00:02:21+00:00 [queued]>
[2023-03-13T21:46:24.546+0000] {taskinstance.py:1083} INFO - Dependencies all met for <TaskInstance: AUTOMATISATION.demarre_ELK scheduled__2023-03-13T00:02:21+00:00 [queued]>
[2023-03-13T21:46:24.546+0000] {taskinstance.py:1279} INFO - 
--------------------------------------------------------------------------------
[2023-03-13T21:46:24.546+0000] {taskinstance.py:1280} INFO - Starting attempt 1 of 2
[2023-03-13T21:46:24.546+0000] {taskinstance.py:1281} INFO - 
--------------------------------------------------------------------------------
[2023-03-13T21:46:24.570+0000] {taskinstance.py:1300} INFO - Executing <Task(BashOperator): demarre_ELK> on 2023-03-13 00:02:21+00:00
[2023-03-13T21:46:24.573+0000] {standard_task_runner.py:55} INFO - Started process 64005 to run task
[2023-03-13T21:46:24.577+0000] {standard_task_runner.py:82} INFO - Running: ['airflow', 'tasks', 'run', 'AUTOMATISATION', 'demarre_ELK', 'scheduled__2023-03-13T00:02:21+00:00', '--job-id', '370', '--raw', '--subdir', 'DAGS_FOLDER/main.py', '--cfg-path', '/tmp/tmpc59d4g53']
[2023-03-13T21:46:24.579+0000] {standard_task_runner.py:83} INFO - Job 370: Subtask demarre_ELK
[2023-03-13T21:46:24.654+0000] {task_command.py:388} INFO - Running <TaskInstance: AUTOMATISATION.demarre_ELK scheduled__2023-03-13T00:02:21+00:00 [running]> on host dev
[2023-03-13T21:46:24.738+0000] {taskinstance.py:1507} INFO - Exporting the following env vars:
AIRFLOW_CTX_DAG_OWNER=airflow
AIRFLOW_CTX_DAG_ID=AUTOMATISATION
AIRFLOW_CTX_TASK_ID=demarre_ELK
AIRFLOW_CTX_EXECUTION_DATE=2023-03-13T00:02:21+00:00
AIRFLOW_CTX_TRY_NUMBER=1
AIRFLOW_CTX_DAG_RUN_ID=scheduled__2023-03-13T00:02:21+00:00
[2023-03-13T21:46:24.740+0000] {subprocess.py:63} INFO - Tmp dir root location: 
 /tmp
[2023-03-13T21:46:24.740+0000] {subprocess.py:75} INFO - Running command: ['/usr/bin/bash', '-c', 'docker-compose -f /home/dev/soute/ELK/docker-compose.yml up -d']
[2023-03-13T21:46:24.748+0000] {subprocess.py:86} INFO - Output:
[2023-03-13T21:46:25.532+0000] {subprocess.py:93} INFO - elasticsearch is up-to-date
[2023-03-13T21:46:25.533+0000] {subprocess.py:93} INFO - kibana is up-to-date
[2023-03-13T21:46:25.589+0000] {subprocess.py:97} INFO - Command exited with return code 0
[2023-03-13T21:46:25.620+0000] {taskinstance.py:1318} INFO - Marking task as SUCCESS. dag_id=AUTOMATISATION, task_id=demarre_ELK, execution_date=20230313T000221, start_date=20230313T214624, end_date=20230313T214625
[2023-03-13T21:46:25.672+0000] {local_task_job.py:208} INFO - Task exited with return code 0
[2023-03-13T21:46:25.699+0000] {taskinstance.py:2578} INFO - 1 downstream tasks scheduled from follow-on schedule check
[2023-03-14T10:03:18.583+0000] {taskinstance.py:1083} INFO - Dependencies all met for <TaskInstance: AUTOMATISATION.demarre_ELK scheduled__2023-03-13T00:02:21+00:00 [queued]>
[2023-03-14T10:03:18.595+0000] {taskinstance.py:1083} INFO - Dependencies all met for <TaskInstance: AUTOMATISATION.demarre_ELK scheduled__2023-03-13T00:02:21+00:00 [queued]>
[2023-03-14T10:03:18.596+0000] {taskinstance.py:1279} INFO - 
--------------------------------------------------------------------------------
[2023-03-14T10:03:18.596+0000] {taskinstance.py:1280} INFO - Starting attempt 1 of 2
[2023-03-14T10:03:18.596+0000] {taskinstance.py:1281} INFO - 
--------------------------------------------------------------------------------
[2023-03-14T10:03:18.616+0000] {taskinstance.py:1300} INFO - Executing <Task(BashOperator): demarre_ELK> on 2023-03-13 00:02:21+00:00
[2023-03-14T10:03:18.619+0000] {standard_task_runner.py:55} INFO - Started process 35484 to run task
[2023-03-14T10:03:18.624+0000] {standard_task_runner.py:82} INFO - Running: ['airflow', 'tasks', 'run', 'AUTOMATISATION', 'demarre_ELK', 'scheduled__2023-03-13T00:02:21+00:00', '--job-id', '614', '--raw', '--subdir', 'DAGS_FOLDER/main.py', '--cfg-path', '/tmp/tmp1r4povpc']
[2023-03-14T10:03:18.626+0000] {standard_task_runner.py:83} INFO - Job 614: Subtask demarre_ELK
[2023-03-14T10:03:18.698+0000] {task_command.py:388} INFO - Running <TaskInstance: AUTOMATISATION.demarre_ELK scheduled__2023-03-13T00:02:21+00:00 [running]> on host dev
[2023-03-14T10:03:18.775+0000] {taskinstance.py:1507} INFO - Exporting the following env vars:
AIRFLOW_CTX_DAG_OWNER=airflow
AIRFLOW_CTX_DAG_ID=AUTOMATISATION
AIRFLOW_CTX_TASK_ID=demarre_ELK
AIRFLOW_CTX_EXECUTION_DATE=2023-03-13T00:02:21+00:00
AIRFLOW_CTX_TRY_NUMBER=1
AIRFLOW_CTX_DAG_RUN_ID=scheduled__2023-03-13T00:02:21+00:00
[2023-03-14T10:03:18.777+0000] {subprocess.py:63} INFO - Tmp dir root location: 
 /tmp
[2023-03-14T10:03:18.778+0000] {subprocess.py:75} INFO - Running command: ['/usr/bin/bash', '-c', 'docker-compose -f /home/dev/soute/ELK/docker-compose.yml up -d']
[2023-03-14T10:03:18.785+0000] {subprocess.py:86} INFO - Output:
[2023-03-14T10:03:19.525+0000] {subprocess.py:93} INFO - elasticsearch is up-to-date
[2023-03-14T10:03:19.526+0000] {subprocess.py:93} INFO - kibana is up-to-date
[2023-03-14T10:03:19.581+0000] {subprocess.py:97} INFO - Command exited with return code 0
[2023-03-14T10:03:19.609+0000] {taskinstance.py:1318} INFO - Marking task as SUCCESS. dag_id=AUTOMATISATION, task_id=demarre_ELK, execution_date=20230313T000221, start_date=20230314T100318, end_date=20230314T100319
[2023-03-14T10:03:19.638+0000] {local_task_job.py:208} INFO - Task exited with return code 0
[2023-03-14T10:03:19.665+0000] {taskinstance.py:2578} INFO - 1 downstream tasks scheduled from follow-on schedule check
[2023-03-15T07:24:19.873+0000] {taskinstance.py:1083} INFO - Dependencies all met for <TaskInstance: AUTOMATISATION.demarre_ELK scheduled__2023-03-13T00:02:21+00:00 [queued]>
[2023-03-15T07:24:19.878+0000] {taskinstance.py:1083} INFO - Dependencies all met for <TaskInstance: AUTOMATISATION.demarre_ELK scheduled__2023-03-13T00:02:21+00:00 [queued]>
[2023-03-15T07:24:19.878+0000] {taskinstance.py:1279} INFO - 
--------------------------------------------------------------------------------
[2023-03-15T07:24:19.878+0000] {taskinstance.py:1280} INFO - Starting attempt 1 of 2
[2023-03-15T07:24:19.878+0000] {taskinstance.py:1281} INFO - 
--------------------------------------------------------------------------------
[2023-03-15T07:24:19.892+0000] {taskinstance.py:1300} INFO - Executing <Task(BashOperator): demarre_ELK> on 2023-03-13 00:02:21+00:00
[2023-03-15T07:24:19.894+0000] {standard_task_runner.py:55} INFO - Started process 126057 to run task
[2023-03-15T07:24:19.896+0000] {standard_task_runner.py:82} INFO - Running: ['airflow', 'tasks', 'run', 'AUTOMATISATION', 'demarre_ELK', 'scheduled__2023-03-13T00:02:21+00:00', '--job-id', '741', '--raw', '--subdir', 'DAGS_FOLDER/main.py', '--cfg-path', '/tmp/tmp_359zm6j']
[2023-03-15T07:24:19.897+0000] {standard_task_runner.py:83} INFO - Job 741: Subtask demarre_ELK
[2023-03-15T07:24:19.931+0000] {task_command.py:388} INFO - Running <TaskInstance: AUTOMATISATION.demarre_ELK scheduled__2023-03-13T00:02:21+00:00 [running]> on host dev
[2023-03-15T07:24:19.974+0000] {taskinstance.py:1507} INFO - Exporting the following env vars:
AIRFLOW_CTX_DAG_OWNER=airflow
AIRFLOW_CTX_DAG_ID=AUTOMATISATION
AIRFLOW_CTX_TASK_ID=demarre_ELK
AIRFLOW_CTX_EXECUTION_DATE=2023-03-13T00:02:21+00:00
AIRFLOW_CTX_TRY_NUMBER=1
AIRFLOW_CTX_DAG_RUN_ID=scheduled__2023-03-13T00:02:21+00:00
[2023-03-15T07:24:19.975+0000] {subprocess.py:63} INFO - Tmp dir root location: 
 /tmp
[2023-03-15T07:24:19.975+0000] {subprocess.py:75} INFO - Running command: ['/usr/bin/bash', '-c', 'docker-compose -f /home/dev/soute/ELK/docker-compose.yml up -d']
[2023-03-15T07:24:19.980+0000] {subprocess.py:86} INFO - Output:
[2023-03-15T07:24:20.303+0000] {subprocess.py:93} INFO - elasticsearch is up-to-date
[2023-03-15T07:24:20.304+0000] {subprocess.py:93} INFO - kibana is up-to-date
[2023-03-15T07:24:20.327+0000] {subprocess.py:97} INFO - Command exited with return code 0
[2023-03-15T07:24:20.342+0000] {taskinstance.py:1318} INFO - Marking task as SUCCESS. dag_id=AUTOMATISATION, task_id=demarre_ELK, execution_date=20230313T000221, start_date=20230315T072419, end_date=20230315T072420
[2023-03-15T07:24:20.389+0000] {local_task_job.py:208} INFO - Task exited with return code 0
[2023-03-15T07:24:20.399+0000] {taskinstance.py:2578} INFO - 1 downstream tasks scheduled from follow-on schedule check
