[2023-03-13T20:53:25.072+0000] {taskinstance.py:1083} INFO - Dependencies all met for <TaskInstance: AUTOMATISATION.demarre_ELK scheduled__2023-03-13T00:01:06+00:00 [queued]>
[2023-03-13T20:53:25.086+0000] {taskinstance.py:1083} INFO - Dependencies all met for <TaskInstance: AUTOMATISATION.demarre_ELK scheduled__2023-03-13T00:01:06+00:00 [queued]>
[2023-03-13T20:53:25.086+0000] {taskinstance.py:1279} INFO - 
--------------------------------------------------------------------------------
[2023-03-13T20:53:25.086+0000] {taskinstance.py:1280} INFO - Starting attempt 1 of 2
[2023-03-13T20:53:25.087+0000] {taskinstance.py:1281} INFO - 
--------------------------------------------------------------------------------
[2023-03-13T20:53:25.111+0000] {taskinstance.py:1300} INFO - Executing <Task(BashOperator): demarre_ELK> on 2023-03-13 00:01:06+00:00
[2023-03-13T20:53:25.115+0000] {standard_task_runner.py:55} INFO - Started process 51663 to run task
[2023-03-13T20:53:25.120+0000] {standard_task_runner.py:82} INFO - Running: ['airflow', 'tasks', 'run', 'AUTOMATISATION', 'demarre_ELK', 'scheduled__2023-03-13T00:01:06+00:00', '--job-id', '320', '--raw', '--subdir', 'DAGS_FOLDER/main.py', '--cfg-path', '/tmp/tmp50j4uqvy']
[2023-03-13T20:53:25.122+0000] {standard_task_runner.py:83} INFO - Job 320: Subtask demarre_ELK
[2023-03-13T20:53:25.195+0000] {task_command.py:388} INFO - Running <TaskInstance: AUTOMATISATION.demarre_ELK scheduled__2023-03-13T00:01:06+00:00 [running]> on host dev
[2023-03-13T20:53:25.273+0000] {taskinstance.py:1507} INFO - Exporting the following env vars:
AIRFLOW_CTX_DAG_OWNER=airflow
AIRFLOW_CTX_DAG_ID=AUTOMATISATION
AIRFLOW_CTX_TASK_ID=demarre_ELK
AIRFLOW_CTX_EXECUTION_DATE=2023-03-13T00:01:06+00:00
AIRFLOW_CTX_TRY_NUMBER=1
AIRFLOW_CTX_DAG_RUN_ID=scheduled__2023-03-13T00:01:06+00:00
[2023-03-13T20:53:25.275+0000] {subprocess.py:63} INFO - Tmp dir root location: 
 /tmp
[2023-03-13T20:53:25.276+0000] {subprocess.py:75} INFO - Running command: ['/usr/bin/bash', '-c', 'docker-compose -f /home/dev/soute/ELK/docker-compose.yml up -d']
[2023-03-13T20:53:25.286+0000] {subprocess.py:86} INFO - Output:
[2023-03-13T20:53:26.259+0000] {subprocess.py:93} INFO - elasticsearch is up-to-date
[2023-03-13T20:53:26.259+0000] {subprocess.py:93} INFO - kibana is up-to-date
[2023-03-13T20:53:26.318+0000] {subprocess.py:97} INFO - Command exited with return code 0
[2023-03-13T20:53:26.349+0000] {taskinstance.py:1318} INFO - Marking task as SUCCESS. dag_id=AUTOMATISATION, task_id=demarre_ELK, execution_date=20230313T000106, start_date=20230313T205325, end_date=20230313T205326
[2023-03-13T20:53:26.373+0000] {local_task_job.py:208} INFO - Task exited with return code 0
[2023-03-13T20:53:26.406+0000] {taskinstance.py:2578} INFO - 1 downstream tasks scheduled from follow-on schedule check
[2023-03-14T09:46:07.531+0000] {taskinstance.py:1083} INFO - Dependencies all met for <TaskInstance: AUTOMATISATION.demarre_ELK scheduled__2023-03-13T00:01:06+00:00 [queued]>
[2023-03-14T09:46:07.542+0000] {taskinstance.py:1083} INFO - Dependencies all met for <TaskInstance: AUTOMATISATION.demarre_ELK scheduled__2023-03-13T00:01:06+00:00 [queued]>
[2023-03-14T09:46:07.542+0000] {taskinstance.py:1279} INFO - 
--------------------------------------------------------------------------------
[2023-03-14T09:46:07.543+0000] {taskinstance.py:1280} INFO - Starting attempt 1 of 2
[2023-03-14T09:46:07.543+0000] {taskinstance.py:1281} INFO - 
--------------------------------------------------------------------------------
[2023-03-14T09:46:07.562+0000] {taskinstance.py:1300} INFO - Executing <Task(BashOperator): demarre_ELK> on 2023-03-13 00:01:06+00:00
[2023-03-14T09:46:07.565+0000] {standard_task_runner.py:55} INFO - Started process 29520 to run task
[2023-03-14T09:46:07.569+0000] {standard_task_runner.py:82} INFO - Running: ['airflow', 'tasks', 'run', 'AUTOMATISATION', 'demarre_ELK', 'scheduled__2023-03-13T00:01:06+00:00', '--job-id', '564', '--raw', '--subdir', 'DAGS_FOLDER/main.py', '--cfg-path', '/tmp/tmpzzht6old']
[2023-03-14T09:46:07.571+0000] {standard_task_runner.py:83} INFO - Job 564: Subtask demarre_ELK
[2023-03-14T09:46:07.633+0000] {task_command.py:388} INFO - Running <TaskInstance: AUTOMATISATION.demarre_ELK scheduled__2023-03-13T00:01:06+00:00 [running]> on host dev
[2023-03-14T09:46:07.697+0000] {taskinstance.py:1507} INFO - Exporting the following env vars:
AIRFLOW_CTX_DAG_OWNER=airflow
AIRFLOW_CTX_DAG_ID=AUTOMATISATION
AIRFLOW_CTX_TASK_ID=demarre_ELK
AIRFLOW_CTX_EXECUTION_DATE=2023-03-13T00:01:06+00:00
AIRFLOW_CTX_TRY_NUMBER=1
AIRFLOW_CTX_DAG_RUN_ID=scheduled__2023-03-13T00:01:06+00:00
[2023-03-14T09:46:07.699+0000] {subprocess.py:63} INFO - Tmp dir root location: 
 /tmp
[2023-03-14T09:46:07.700+0000] {subprocess.py:75} INFO - Running command: ['/usr/bin/bash', '-c', 'docker-compose -f /home/dev/soute/ELK/docker-compose.yml up -d']
[2023-03-14T09:46:07.709+0000] {subprocess.py:86} INFO - Output:
[2023-03-14T09:46:08.771+0000] {subprocess.py:93} INFO - elasticsearch is up-to-date
[2023-03-14T09:46:08.772+0000] {subprocess.py:93} INFO - kibana is up-to-date
[2023-03-14T09:46:08.846+0000] {subprocess.py:97} INFO - Command exited with return code 0
[2023-03-14T09:46:08.881+0000] {taskinstance.py:1318} INFO - Marking task as SUCCESS. dag_id=AUTOMATISATION, task_id=demarre_ELK, execution_date=20230313T000106, start_date=20230314T094607, end_date=20230314T094608
[2023-03-14T09:46:08.944+0000] {local_task_job.py:208} INFO - Task exited with return code 0
[2023-03-14T09:46:08.987+0000] {taskinstance.py:2578} INFO - 1 downstream tasks scheduled from follow-on schedule check
[2023-03-15T07:14:53.564+0000] {taskinstance.py:1083} INFO - Dependencies all met for <TaskInstance: AUTOMATISATION.demarre_ELK scheduled__2023-03-13T00:01:06+00:00 [queued]>
[2023-03-15T07:14:53.568+0000] {taskinstance.py:1083} INFO - Dependencies all met for <TaskInstance: AUTOMATISATION.demarre_ELK scheduled__2023-03-13T00:01:06+00:00 [queued]>
[2023-03-15T07:14:53.568+0000] {taskinstance.py:1279} INFO - 
--------------------------------------------------------------------------------
[2023-03-15T07:14:53.568+0000] {taskinstance.py:1280} INFO - Starting attempt 1 of 2
[2023-03-15T07:14:53.569+0000] {taskinstance.py:1281} INFO - 
--------------------------------------------------------------------------------
[2023-03-15T07:14:53.578+0000] {taskinstance.py:1300} INFO - Executing <Task(BashOperator): demarre_ELK> on 2023-03-13 00:01:06+00:00
[2023-03-15T07:14:53.580+0000] {standard_task_runner.py:55} INFO - Started process 120347 to run task
[2023-03-15T07:14:53.582+0000] {standard_task_runner.py:82} INFO - Running: ['airflow', 'tasks', 'run', 'AUTOMATISATION', 'demarre_ELK', 'scheduled__2023-03-13T00:01:06+00:00', '--job-id', '691', '--raw', '--subdir', 'DAGS_FOLDER/main.py', '--cfg-path', '/tmp/tmpw_2i938n']
[2023-03-15T07:14:53.583+0000] {standard_task_runner.py:83} INFO - Job 691: Subtask demarre_ELK
[2023-03-15T07:14:53.611+0000] {task_command.py:388} INFO - Running <TaskInstance: AUTOMATISATION.demarre_ELK scheduled__2023-03-13T00:01:06+00:00 [running]> on host dev
[2023-03-15T07:14:53.643+0000] {taskinstance.py:1507} INFO - Exporting the following env vars:
AIRFLOW_CTX_DAG_OWNER=airflow
AIRFLOW_CTX_DAG_ID=AUTOMATISATION
AIRFLOW_CTX_TASK_ID=demarre_ELK
AIRFLOW_CTX_EXECUTION_DATE=2023-03-13T00:01:06+00:00
AIRFLOW_CTX_TRY_NUMBER=1
AIRFLOW_CTX_DAG_RUN_ID=scheduled__2023-03-13T00:01:06+00:00
[2023-03-15T07:14:53.644+0000] {subprocess.py:63} INFO - Tmp dir root location: 
 /tmp
[2023-03-15T07:14:53.644+0000] {subprocess.py:75} INFO - Running command: ['/usr/bin/bash', '-c', 'docker-compose -f /home/dev/soute/ELK/docker-compose.yml up -d']
[2023-03-15T07:14:53.648+0000] {subprocess.py:86} INFO - Output:
[2023-03-15T07:14:53.945+0000] {subprocess.py:93} INFO - elasticsearch is up-to-date
[2023-03-15T07:14:53.945+0000] {subprocess.py:93} INFO - kibana is up-to-date
[2023-03-15T07:14:53.966+0000] {subprocess.py:97} INFO - Command exited with return code 0
[2023-03-15T07:14:53.981+0000] {taskinstance.py:1318} INFO - Marking task as SUCCESS. dag_id=AUTOMATISATION, task_id=demarre_ELK, execution_date=20230313T000106, start_date=20230315T071453, end_date=20230315T071453
[2023-03-15T07:14:53.994+0000] {local_task_job.py:208} INFO - Task exited with return code 0
[2023-03-15T07:14:54.004+0000] {taskinstance.py:2578} INFO - 1 downstream tasks scheduled from follow-on schedule check
