[2023-03-14T00:07:54.853+0000] {taskinstance.py:1083} INFO - Dependencies all met for <TaskInstance: AUTOMATISATION.demarre_ELK scheduled__2023-03-13T00:05:42+00:00 [queued]>
[2023-03-14T00:07:54.864+0000] {taskinstance.py:1083} INFO - Dependencies all met for <TaskInstance: AUTOMATISATION.demarre_ELK scheduled__2023-03-13T00:05:42+00:00 [queued]>
[2023-03-14T00:07:54.865+0000] {taskinstance.py:1279} INFO - 
--------------------------------------------------------------------------------
[2023-03-14T00:07:54.865+0000] {taskinstance.py:1280} INFO - Starting attempt 1 of 2
[2023-03-14T00:07:54.865+0000] {taskinstance.py:1281} INFO - 
--------------------------------------------------------------------------------
[2023-03-14T00:07:54.889+0000] {taskinstance.py:1300} INFO - Executing <Task(BashOperator): demarre_ELK> on 2023-03-13 00:05:42+00:00
[2023-03-14T00:07:54.892+0000] {standard_task_runner.py:55} INFO - Started process 95041 to run task
[2023-03-14T00:07:54.896+0000] {standard_task_runner.py:82} INFO - Running: ['airflow', 'tasks', 'run', 'AUTOMATISATION', 'demarre_ELK', 'scheduled__2023-03-13T00:05:42+00:00', '--job-id', '504', '--raw', '--subdir', 'DAGS_FOLDER/main.py', '--cfg-path', '/tmp/tmpl2mv1kmm']
[2023-03-14T00:07:54.898+0000] {standard_task_runner.py:83} INFO - Job 504: Subtask demarre_ELK
[2023-03-14T00:07:54.971+0000] {task_command.py:388} INFO - Running <TaskInstance: AUTOMATISATION.demarre_ELK scheduled__2023-03-13T00:05:42+00:00 [running]> on host dev
[2023-03-14T00:07:55.053+0000] {taskinstance.py:1507} INFO - Exporting the following env vars:
AIRFLOW_CTX_DAG_OWNER=airflow
AIRFLOW_CTX_DAG_ID=AUTOMATISATION
AIRFLOW_CTX_TASK_ID=demarre_ELK
AIRFLOW_CTX_EXECUTION_DATE=2023-03-13T00:05:42+00:00
AIRFLOW_CTX_TRY_NUMBER=1
AIRFLOW_CTX_DAG_RUN_ID=scheduled__2023-03-13T00:05:42+00:00
[2023-03-14T00:07:55.055+0000] {subprocess.py:63} INFO - Tmp dir root location: 
 /tmp
[2023-03-14T00:07:55.055+0000] {subprocess.py:75} INFO - Running command: ['/usr/bin/bash', '-c', 'docker-compose -f /home/dev/soute/ELK/docker-compose.yml up -d']
[2023-03-14T00:07:55.063+0000] {subprocess.py:86} INFO - Output:
[2023-03-14T00:07:55.939+0000] {subprocess.py:93} INFO - elasticsearch is up-to-date
[2023-03-14T00:07:55.940+0000] {subprocess.py:93} INFO - kibana is up-to-date
[2023-03-14T00:07:56.001+0000] {subprocess.py:97} INFO - Command exited with return code 0
[2023-03-14T00:07:56.041+0000] {taskinstance.py:1318} INFO - Marking task as SUCCESS. dag_id=AUTOMATISATION, task_id=demarre_ELK, execution_date=20230313T000542, start_date=20230314T000754, end_date=20230314T000756
[2023-03-14T00:07:56.111+0000] {local_task_job.py:208} INFO - Task exited with return code 0
[2023-03-14T00:07:56.140+0000] {taskinstance.py:2578} INFO - 1 downstream tasks scheduled from follow-on schedule check
[2023-03-15T07:51:05.571+0000] {taskinstance.py:1083} INFO - Dependencies all met for <TaskInstance: AUTOMATISATION.demarre_ELK scheduled__2023-03-13T00:05:42+00:00 [queued]>
[2023-03-15T07:51:05.575+0000] {taskinstance.py:1083} INFO - Dependencies all met for <TaskInstance: AUTOMATISATION.demarre_ELK scheduled__2023-03-13T00:05:42+00:00 [queued]>
[2023-03-15T07:51:05.576+0000] {taskinstance.py:1279} INFO - 
--------------------------------------------------------------------------------
[2023-03-15T07:51:05.576+0000] {taskinstance.py:1280} INFO - Starting attempt 1 of 2
[2023-03-15T07:51:05.576+0000] {taskinstance.py:1281} INFO - 
--------------------------------------------------------------------------------
[2023-03-15T07:51:05.586+0000] {taskinstance.py:1300} INFO - Executing <Task(BashOperator): demarre_ELK> on 2023-03-13 00:05:42+00:00
[2023-03-15T07:51:05.588+0000] {standard_task_runner.py:55} INFO - Started process 142527 to run task
[2023-03-15T07:51:05.589+0000] {standard_task_runner.py:82} INFO - Running: ['airflow', 'tasks', 'run', 'AUTOMATISATION', 'demarre_ELK', 'scheduled__2023-03-13T00:05:42+00:00', '--job-id', '877', '--raw', '--subdir', 'DAGS_FOLDER/main.py', '--cfg-path', '/tmp/tmp_dr5eo2_']
[2023-03-15T07:51:05.590+0000] {standard_task_runner.py:83} INFO - Job 877: Subtask demarre_ELK
[2023-03-15T07:51:05.618+0000] {task_command.py:388} INFO - Running <TaskInstance: AUTOMATISATION.demarre_ELK scheduled__2023-03-13T00:05:42+00:00 [running]> on host dev
[2023-03-15T07:51:05.656+0000] {taskinstance.py:1507} INFO - Exporting the following env vars:
AIRFLOW_CTX_DAG_OWNER=airflow
AIRFLOW_CTX_DAG_ID=AUTOMATISATION
AIRFLOW_CTX_TASK_ID=demarre_ELK
AIRFLOW_CTX_EXECUTION_DATE=2023-03-13T00:05:42+00:00
AIRFLOW_CTX_TRY_NUMBER=1
AIRFLOW_CTX_DAG_RUN_ID=scheduled__2023-03-13T00:05:42+00:00
[2023-03-15T07:51:05.657+0000] {subprocess.py:63} INFO - Tmp dir root location: 
 /tmp
[2023-03-15T07:51:05.657+0000] {subprocess.py:75} INFO - Running command: ['/usr/bin/bash', '-c', 'docker-compose -f /home/dev/soute/ELK/docker-compose.yml up -d']
[2023-03-15T07:51:05.661+0000] {subprocess.py:86} INFO - Output:
[2023-03-15T07:51:06.022+0000] {subprocess.py:93} INFO - elasticsearch is up-to-date
[2023-03-15T07:51:06.023+0000] {subprocess.py:93} INFO - kibana is up-to-date
[2023-03-15T07:51:06.056+0000] {subprocess.py:97} INFO - Command exited with return code 0
[2023-03-15T07:51:06.073+0000] {taskinstance.py:1318} INFO - Marking task as SUCCESS. dag_id=AUTOMATISATION, task_id=demarre_ELK, execution_date=20230313T000542, start_date=20230315T075105, end_date=20230315T075106
[2023-03-15T07:51:06.122+0000] {local_task_job.py:208} INFO - Task exited with return code 0
[2023-03-15T07:51:06.135+0000] {taskinstance.py:2578} INFO - 1 downstream tasks scheduled from follow-on schedule check
