[2023-03-13T22:35:38.094+0000] {taskinstance.py:1083} INFO - Dependencies all met for <TaskInstance: AUTOMATISATION.demarre_ELK scheduled__2023-03-13T00:03:33+00:00 [queued]>
[2023-03-13T22:35:38.107+0000] {taskinstance.py:1083} INFO - Dependencies all met for <TaskInstance: AUTOMATISATION.demarre_ELK scheduled__2023-03-13T00:03:33+00:00 [queued]>
[2023-03-13T22:35:38.107+0000] {taskinstance.py:1279} INFO - 
--------------------------------------------------------------------------------
[2023-03-13T22:35:38.107+0000] {taskinstance.py:1280} INFO - Starting attempt 1 of 2
[2023-03-13T22:35:38.108+0000] {taskinstance.py:1281} INFO - 
--------------------------------------------------------------------------------
[2023-03-13T22:35:38.138+0000] {taskinstance.py:1300} INFO - Executing <Task(BashOperator): demarre_ELK> on 2023-03-13 00:03:33+00:00
[2023-03-13T22:35:38.141+0000] {standard_task_runner.py:55} INFO - Started process 74310 to run task
[2023-03-13T22:35:38.145+0000] {standard_task_runner.py:82} INFO - Running: ['airflow', 'tasks', 'run', 'AUTOMATISATION', 'demarre_ELK', 'scheduled__2023-03-13T00:03:33+00:00', '--job-id', '418', '--raw', '--subdir', 'DAGS_FOLDER/main.py', '--cfg-path', '/tmp/tmpercs8w3f']
[2023-03-13T22:35:38.147+0000] {standard_task_runner.py:83} INFO - Job 418: Subtask demarre_ELK
[2023-03-13T22:35:38.219+0000] {task_command.py:388} INFO - Running <TaskInstance: AUTOMATISATION.demarre_ELK scheduled__2023-03-13T00:03:33+00:00 [running]> on host dev
[2023-03-13T22:35:38.309+0000] {taskinstance.py:1507} INFO - Exporting the following env vars:
AIRFLOW_CTX_DAG_OWNER=airflow
AIRFLOW_CTX_DAG_ID=AUTOMATISATION
AIRFLOW_CTX_TASK_ID=demarre_ELK
AIRFLOW_CTX_EXECUTION_DATE=2023-03-13T00:03:33+00:00
AIRFLOW_CTX_TRY_NUMBER=1
AIRFLOW_CTX_DAG_RUN_ID=scheduled__2023-03-13T00:03:33+00:00
[2023-03-13T22:35:38.311+0000] {subprocess.py:63} INFO - Tmp dir root location: 
 /tmp
[2023-03-13T22:35:38.312+0000] {subprocess.py:75} INFO - Running command: ['/usr/bin/bash', '-c', 'docker-compose -f /home/dev/soute/ELK/docker-compose.yml up -d']
[2023-03-13T22:35:38.321+0000] {subprocess.py:86} INFO - Output:
[2023-03-13T22:35:39.185+0000] {subprocess.py:93} INFO - elasticsearch is up-to-date
[2023-03-13T22:35:39.186+0000] {subprocess.py:93} INFO - kibana is up-to-date
[2023-03-13T22:35:39.242+0000] {subprocess.py:97} INFO - Command exited with return code 0
[2023-03-13T22:35:39.275+0000] {taskinstance.py:1318} INFO - Marking task as SUCCESS. dag_id=AUTOMATISATION, task_id=demarre_ELK, execution_date=20230313T000333, start_date=20230313T223538, end_date=20230313T223539
[2023-03-13T22:35:39.320+0000] {local_task_job.py:208} INFO - Task exited with return code 0
[2023-03-13T22:35:39.346+0000] {taskinstance.py:2578} INFO - 1 downstream tasks scheduled from follow-on schedule check
[2023-03-15T07:33:37.281+0000] {taskinstance.py:1083} INFO - Dependencies all met for <TaskInstance: AUTOMATISATION.demarre_ELK scheduled__2023-03-13T00:03:33+00:00 [queued]>
[2023-03-15T07:33:37.285+0000] {taskinstance.py:1083} INFO - Dependencies all met for <TaskInstance: AUTOMATISATION.demarre_ELK scheduled__2023-03-13T00:03:33+00:00 [queued]>
[2023-03-15T07:33:37.286+0000] {taskinstance.py:1279} INFO - 
--------------------------------------------------------------------------------
[2023-03-15T07:33:37.286+0000] {taskinstance.py:1280} INFO - Starting attempt 1 of 2
[2023-03-15T07:33:37.286+0000] {taskinstance.py:1281} INFO - 
--------------------------------------------------------------------------------
[2023-03-15T07:33:37.295+0000] {taskinstance.py:1300} INFO - Executing <Task(BashOperator): demarre_ELK> on 2023-03-13 00:03:33+00:00
[2023-03-15T07:33:37.297+0000] {standard_task_runner.py:55} INFO - Started process 132337 to run task
[2023-03-15T07:33:37.298+0000] {standard_task_runner.py:82} INFO - Running: ['airflow', 'tasks', 'run', 'AUTOMATISATION', 'demarre_ELK', 'scheduled__2023-03-13T00:03:33+00:00', '--job-id', '789', '--raw', '--subdir', 'DAGS_FOLDER/main.py', '--cfg-path', '/tmp/tmpwuqhuohm']
[2023-03-15T07:33:37.299+0000] {standard_task_runner.py:83} INFO - Job 789: Subtask demarre_ELK
[2023-03-15T07:33:37.327+0000] {task_command.py:388} INFO - Running <TaskInstance: AUTOMATISATION.demarre_ELK scheduled__2023-03-13T00:03:33+00:00 [running]> on host dev
[2023-03-15T07:33:37.364+0000] {taskinstance.py:1507} INFO - Exporting the following env vars:
AIRFLOW_CTX_DAG_OWNER=airflow
AIRFLOW_CTX_DAG_ID=AUTOMATISATION
AIRFLOW_CTX_TASK_ID=demarre_ELK
AIRFLOW_CTX_EXECUTION_DATE=2023-03-13T00:03:33+00:00
AIRFLOW_CTX_TRY_NUMBER=1
AIRFLOW_CTX_DAG_RUN_ID=scheduled__2023-03-13T00:03:33+00:00
[2023-03-15T07:33:37.365+0000] {subprocess.py:63} INFO - Tmp dir root location: 
 /tmp
[2023-03-15T07:33:37.366+0000] {subprocess.py:75} INFO - Running command: ['/usr/bin/bash', '-c', 'docker-compose -f /home/dev/soute/ELK/docker-compose.yml up -d']
[2023-03-15T07:33:37.369+0000] {subprocess.py:86} INFO - Output:
[2023-03-15T07:33:37.670+0000] {subprocess.py:93} INFO - elasticsearch is up-to-date
[2023-03-15T07:33:37.670+0000] {subprocess.py:93} INFO - kibana is up-to-date
[2023-03-15T07:33:37.691+0000] {subprocess.py:97} INFO - Command exited with return code 0
[2023-03-15T07:33:37.704+0000] {taskinstance.py:1318} INFO - Marking task as SUCCESS. dag_id=AUTOMATISATION, task_id=demarre_ELK, execution_date=20230313T000333, start_date=20230315T073337, end_date=20230315T073337
[2023-03-15T07:33:37.751+0000] {local_task_job.py:208} INFO - Task exited with return code 0
[2023-03-15T07:33:37.774+0000] {taskinstance.py:2578} INFO - 1 downstream tasks scheduled from follow-on schedule check
