[2023-03-13T23:28:37.183+0000] {taskinstance.py:1083} INFO - Dependencies all met for <TaskInstance: AUTOMATISATION.demarre_ELK scheduled__2023-03-13T00:04:48+00:00 [queued]>
[2023-03-13T23:28:37.200+0000] {taskinstance.py:1083} INFO - Dependencies all met for <TaskInstance: AUTOMATISATION.demarre_ELK scheduled__2023-03-13T00:04:48+00:00 [queued]>
[2023-03-13T23:28:37.201+0000] {taskinstance.py:1279} INFO - 
--------------------------------------------------------------------------------
[2023-03-13T23:28:37.201+0000] {taskinstance.py:1280} INFO - Starting attempt 1 of 2
[2023-03-13T23:28:37.201+0000] {taskinstance.py:1281} INFO - 
--------------------------------------------------------------------------------
[2023-03-13T23:28:37.233+0000] {taskinstance.py:1300} INFO - Executing <Task(BashOperator): demarre_ELK> on 2023-03-13 00:04:48+00:00
[2023-03-13T23:28:37.237+0000] {standard_task_runner.py:55} INFO - Started process 86484 to run task
[2023-03-13T23:28:37.243+0000] {standard_task_runner.py:82} INFO - Running: ['airflow', 'tasks', 'run', 'AUTOMATISATION', 'demarre_ELK', 'scheduled__2023-03-13T00:04:48+00:00', '--job-id', '468', '--raw', '--subdir', 'DAGS_FOLDER/main.py', '--cfg-path', '/tmp/tmpaum_7lkk']
[2023-03-13T23:28:37.246+0000] {standard_task_runner.py:83} INFO - Job 468: Subtask demarre_ELK
[2023-03-13T23:28:37.355+0000] {task_command.py:388} INFO - Running <TaskInstance: AUTOMATISATION.demarre_ELK scheduled__2023-03-13T00:04:48+00:00 [running]> on host dev
[2023-03-13T23:28:37.644+0000] {taskinstance.py:1507} INFO - Exporting the following env vars:
AIRFLOW_CTX_DAG_OWNER=airflow
AIRFLOW_CTX_DAG_ID=AUTOMATISATION
AIRFLOW_CTX_TASK_ID=demarre_ELK
AIRFLOW_CTX_EXECUTION_DATE=2023-03-13T00:04:48+00:00
AIRFLOW_CTX_TRY_NUMBER=1
AIRFLOW_CTX_DAG_RUN_ID=scheduled__2023-03-13T00:04:48+00:00
[2023-03-13T23:28:37.646+0000] {subprocess.py:63} INFO - Tmp dir root location: 
 /tmp
[2023-03-13T23:28:37.647+0000] {subprocess.py:75} INFO - Running command: ['/usr/bin/bash', '-c', 'docker-compose -f /home/dev/soute/ELK/docker-compose.yml up -d']
[2023-03-13T23:28:37.658+0000] {subprocess.py:86} INFO - Output:
[2023-03-13T23:28:38.675+0000] {subprocess.py:93} INFO - elasticsearch is up-to-date
[2023-03-13T23:28:38.676+0000] {subprocess.py:93} INFO - kibana is up-to-date
[2023-03-13T23:28:38.759+0000] {subprocess.py:97} INFO - Command exited with return code 0
[2023-03-13T23:28:39.047+0000] {taskinstance.py:1318} INFO - Marking task as SUCCESS. dag_id=AUTOMATISATION, task_id=demarre_ELK, execution_date=20230313T000448, start_date=20230313T232837, end_date=20230313T232839
[2023-03-13T23:28:39.100+0000] {local_task_job.py:208} INFO - Task exited with return code 0
[2023-03-13T23:28:39.139+0000] {taskinstance.py:2578} INFO - 1 downstream tasks scheduled from follow-on schedule check
[2023-03-15T07:41:49.336+0000] {taskinstance.py:1083} INFO - Dependencies all met for <TaskInstance: AUTOMATISATION.demarre_ELK scheduled__2023-03-13T00:04:48+00:00 [queued]>
[2023-03-15T07:41:49.341+0000] {taskinstance.py:1083} INFO - Dependencies all met for <TaskInstance: AUTOMATISATION.demarre_ELK scheduled__2023-03-13T00:04:48+00:00 [queued]>
[2023-03-15T07:41:49.341+0000] {taskinstance.py:1279} INFO - 
--------------------------------------------------------------------------------
[2023-03-15T07:41:49.341+0000] {taskinstance.py:1280} INFO - Starting attempt 1 of 2
[2023-03-15T07:41:49.341+0000] {taskinstance.py:1281} INFO - 
--------------------------------------------------------------------------------
[2023-03-15T07:41:49.351+0000] {taskinstance.py:1300} INFO - Executing <Task(BashOperator): demarre_ELK> on 2023-03-13 00:04:48+00:00
[2023-03-15T07:41:49.352+0000] {standard_task_runner.py:55} INFO - Started process 136879 to run task
[2023-03-15T07:41:49.354+0000] {standard_task_runner.py:82} INFO - Running: ['airflow', 'tasks', 'run', 'AUTOMATISATION', 'demarre_ELK', 'scheduled__2023-03-13T00:04:48+00:00', '--job-id', '839', '--raw', '--subdir', 'DAGS_FOLDER/main.py', '--cfg-path', '/tmp/tmp5kjjhr3v']
[2023-03-15T07:41:49.355+0000] {standard_task_runner.py:83} INFO - Job 839: Subtask demarre_ELK
[2023-03-15T07:41:49.382+0000] {task_command.py:388} INFO - Running <TaskInstance: AUTOMATISATION.demarre_ELK scheduled__2023-03-13T00:04:48+00:00 [running]> on host dev
[2023-03-15T07:41:49.418+0000] {taskinstance.py:1507} INFO - Exporting the following env vars:
AIRFLOW_CTX_DAG_OWNER=airflow
AIRFLOW_CTX_DAG_ID=AUTOMATISATION
AIRFLOW_CTX_TASK_ID=demarre_ELK
AIRFLOW_CTX_EXECUTION_DATE=2023-03-13T00:04:48+00:00
AIRFLOW_CTX_TRY_NUMBER=1
AIRFLOW_CTX_DAG_RUN_ID=scheduled__2023-03-13T00:04:48+00:00
[2023-03-15T07:41:49.418+0000] {subprocess.py:63} INFO - Tmp dir root location: 
 /tmp
[2023-03-15T07:41:49.419+0000] {subprocess.py:75} INFO - Running command: ['/usr/bin/bash', '-c', 'docker-compose -f /home/dev/soute/ELK/docker-compose.yml up -d']
[2023-03-15T07:41:49.423+0000] {subprocess.py:86} INFO - Output:
[2023-03-15T07:41:49.716+0000] {subprocess.py:93} INFO - elasticsearch is up-to-date
[2023-03-15T07:41:49.716+0000] {subprocess.py:93} INFO - kibana is up-to-date
[2023-03-15T07:41:49.737+0000] {subprocess.py:97} INFO - Command exited with return code 0
[2023-03-15T07:41:49.751+0000] {taskinstance.py:1318} INFO - Marking task as SUCCESS. dag_id=AUTOMATISATION, task_id=demarre_ELK, execution_date=20230313T000448, start_date=20230315T074149, end_date=20230315T074149
[2023-03-15T07:41:49.767+0000] {local_task_job.py:208} INFO - Task exited with return code 0
[2023-03-15T07:41:49.778+0000] {taskinstance.py:2578} INFO - 1 downstream tasks scheduled from follow-on schedule check
