[2023-03-13T21:25:45.898+0000] {taskinstance.py:1083} INFO - Dependencies all met for <TaskInstance: AUTOMATISATION.demarre_ELK scheduled__2023-03-13T00:01:51+00:00 [queued]>
[2023-03-13T21:25:45.910+0000] {taskinstance.py:1083} INFO - Dependencies all met for <TaskInstance: AUTOMATISATION.demarre_ELK scheduled__2023-03-13T00:01:51+00:00 [queued]>
[2023-03-13T21:25:45.910+0000] {taskinstance.py:1279} INFO - 
--------------------------------------------------------------------------------
[2023-03-13T21:25:45.910+0000] {taskinstance.py:1280} INFO - Starting attempt 1 of 2
[2023-03-13T21:25:45.911+0000] {taskinstance.py:1281} INFO - 
--------------------------------------------------------------------------------
[2023-03-13T21:25:45.938+0000] {taskinstance.py:1300} INFO - Executing <Task(BashOperator): demarre_ELK> on 2023-03-13 00:01:51+00:00
[2023-03-13T21:25:45.942+0000] {standard_task_runner.py:55} INFO - Started process 59221 to run task
[2023-03-13T21:25:45.946+0000] {standard_task_runner.py:82} INFO - Running: ['airflow', 'tasks', 'run', 'AUTOMATISATION', 'demarre_ELK', 'scheduled__2023-03-13T00:01:51+00:00', '--job-id', '350', '--raw', '--subdir', 'DAGS_FOLDER/main.py', '--cfg-path', '/tmp/tmpt4s2b0tk']
[2023-03-13T21:25:45.948+0000] {standard_task_runner.py:83} INFO - Job 350: Subtask demarre_ELK
[2023-03-13T21:25:46.046+0000] {task_command.py:388} INFO - Running <TaskInstance: AUTOMATISATION.demarre_ELK scheduled__2023-03-13T00:01:51+00:00 [running]> on host dev
[2023-03-13T21:25:46.184+0000] {taskinstance.py:1507} INFO - Exporting the following env vars:
AIRFLOW_CTX_DAG_OWNER=airflow
AIRFLOW_CTX_DAG_ID=AUTOMATISATION
AIRFLOW_CTX_TASK_ID=demarre_ELK
AIRFLOW_CTX_EXECUTION_DATE=2023-03-13T00:01:51+00:00
AIRFLOW_CTX_TRY_NUMBER=1
AIRFLOW_CTX_DAG_RUN_ID=scheduled__2023-03-13T00:01:51+00:00
[2023-03-13T21:25:46.186+0000] {subprocess.py:63} INFO - Tmp dir root location: 
 /tmp
[2023-03-13T21:25:46.188+0000] {subprocess.py:75} INFO - Running command: ['/usr/bin/bash', '-c', 'docker-compose -f /home/dev/soute/ELK/docker-compose.yml up -d']
[2023-03-13T21:25:46.202+0000] {subprocess.py:86} INFO - Output:
[2023-03-13T21:25:47.135+0000] {subprocess.py:93} INFO - elasticsearch is up-to-date
[2023-03-13T21:25:47.136+0000] {subprocess.py:93} INFO - kibana is up-to-date
[2023-03-13T21:25:47.192+0000] {subprocess.py:97} INFO - Command exited with return code 0
[2023-03-13T21:25:47.224+0000] {taskinstance.py:1318} INFO - Marking task as SUCCESS. dag_id=AUTOMATISATION, task_id=demarre_ELK, execution_date=20230313T000151, start_date=20230313T212545, end_date=20230313T212547
[2023-03-13T21:25:47.281+0000] {local_task_job.py:208} INFO - Task exited with return code 0
[2023-03-13T21:25:47.306+0000] {taskinstance.py:2578} INFO - 1 downstream tasks scheduled from follow-on schedule check
[2023-03-14T09:56:41.162+0000] {taskinstance.py:1083} INFO - Dependencies all met for <TaskInstance: AUTOMATISATION.demarre_ELK scheduled__2023-03-13T00:01:51+00:00 [queued]>
[2023-03-14T09:56:41.173+0000] {taskinstance.py:1083} INFO - Dependencies all met for <TaskInstance: AUTOMATISATION.demarre_ELK scheduled__2023-03-13T00:01:51+00:00 [queued]>
[2023-03-14T09:56:41.174+0000] {taskinstance.py:1279} INFO - 
--------------------------------------------------------------------------------
[2023-03-14T09:56:41.174+0000] {taskinstance.py:1280} INFO - Starting attempt 1 of 2
[2023-03-14T09:56:41.174+0000] {taskinstance.py:1281} INFO - 
--------------------------------------------------------------------------------
[2023-03-14T09:56:41.195+0000] {taskinstance.py:1300} INFO - Executing <Task(BashOperator): demarre_ELK> on 2023-03-13 00:01:51+00:00
[2023-03-14T09:56:41.198+0000] {standard_task_runner.py:55} INFO - Started process 33271 to run task
[2023-03-14T09:56:41.202+0000] {standard_task_runner.py:82} INFO - Running: ['airflow', 'tasks', 'run', 'AUTOMATISATION', 'demarre_ELK', 'scheduled__2023-03-13T00:01:51+00:00', '--job-id', '594', '--raw', '--subdir', 'DAGS_FOLDER/main.py', '--cfg-path', '/tmp/tmp2xfsuy3l']
[2023-03-14T09:56:41.204+0000] {standard_task_runner.py:83} INFO - Job 594: Subtask demarre_ELK
[2023-03-14T09:56:41.270+0000] {task_command.py:388} INFO - Running <TaskInstance: AUTOMATISATION.demarre_ELK scheduled__2023-03-13T00:01:51+00:00 [running]> on host dev
[2023-03-14T09:56:41.346+0000] {taskinstance.py:1507} INFO - Exporting the following env vars:
AIRFLOW_CTX_DAG_OWNER=airflow
AIRFLOW_CTX_DAG_ID=AUTOMATISATION
AIRFLOW_CTX_TASK_ID=demarre_ELK
AIRFLOW_CTX_EXECUTION_DATE=2023-03-13T00:01:51+00:00
AIRFLOW_CTX_TRY_NUMBER=1
AIRFLOW_CTX_DAG_RUN_ID=scheduled__2023-03-13T00:01:51+00:00
[2023-03-14T09:56:41.348+0000] {subprocess.py:63} INFO - Tmp dir root location: 
 /tmp
[2023-03-14T09:56:41.348+0000] {subprocess.py:75} INFO - Running command: ['/usr/bin/bash', '-c', 'docker-compose -f /home/dev/soute/ELK/docker-compose.yml up -d']
[2023-03-14T09:56:41.356+0000] {subprocess.py:86} INFO - Output:
[2023-03-14T09:56:42.128+0000] {subprocess.py:93} INFO - elasticsearch is up-to-date
[2023-03-14T09:56:42.129+0000] {subprocess.py:93} INFO - kibana is up-to-date
[2023-03-14T09:56:42.188+0000] {subprocess.py:97} INFO - Command exited with return code 0
[2023-03-14T09:56:42.216+0000] {taskinstance.py:1318} INFO - Marking task as SUCCESS. dag_id=AUTOMATISATION, task_id=demarre_ELK, execution_date=20230313T000151, start_date=20230314T095641, end_date=20230314T095642
[2023-03-14T09:56:42.256+0000] {local_task_job.py:208} INFO - Task exited with return code 0
[2023-03-14T09:56:42.283+0000] {taskinstance.py:2578} INFO - 1 downstream tasks scheduled from follow-on schedule check
[2023-03-15T07:19:52.552+0000] {taskinstance.py:1083} INFO - Dependencies all met for <TaskInstance: AUTOMATISATION.demarre_ELK scheduled__2023-03-13T00:01:51+00:00 [queued]>
[2023-03-15T07:19:52.557+0000] {taskinstance.py:1083} INFO - Dependencies all met for <TaskInstance: AUTOMATISATION.demarre_ELK scheduled__2023-03-13T00:01:51+00:00 [queued]>
[2023-03-15T07:19:52.557+0000] {taskinstance.py:1279} INFO - 
--------------------------------------------------------------------------------
[2023-03-15T07:19:52.557+0000] {taskinstance.py:1280} INFO - Starting attempt 1 of 2
[2023-03-15T07:19:52.557+0000] {taskinstance.py:1281} INFO - 
--------------------------------------------------------------------------------
[2023-03-15T07:19:52.568+0000] {taskinstance.py:1300} INFO - Executing <Task(BashOperator): demarre_ELK> on 2023-03-13 00:01:51+00:00
[2023-03-15T07:19:52.569+0000] {standard_task_runner.py:55} INFO - Started process 122825 to run task
[2023-03-15T07:19:52.571+0000] {standard_task_runner.py:82} INFO - Running: ['airflow', 'tasks', 'run', 'AUTOMATISATION', 'demarre_ELK', 'scheduled__2023-03-13T00:01:51+00:00', '--job-id', '721', '--raw', '--subdir', 'DAGS_FOLDER/main.py', '--cfg-path', '/tmp/tmpre00y76j']
[2023-03-15T07:19:52.572+0000] {standard_task_runner.py:83} INFO - Job 721: Subtask demarre_ELK
[2023-03-15T07:19:52.600+0000] {task_command.py:388} INFO - Running <TaskInstance: AUTOMATISATION.demarre_ELK scheduled__2023-03-13T00:01:51+00:00 [running]> on host dev
[2023-03-15T07:19:52.635+0000] {taskinstance.py:1507} INFO - Exporting the following env vars:
AIRFLOW_CTX_DAG_OWNER=airflow
AIRFLOW_CTX_DAG_ID=AUTOMATISATION
AIRFLOW_CTX_TASK_ID=demarre_ELK
AIRFLOW_CTX_EXECUTION_DATE=2023-03-13T00:01:51+00:00
AIRFLOW_CTX_TRY_NUMBER=1
AIRFLOW_CTX_DAG_RUN_ID=scheduled__2023-03-13T00:01:51+00:00
[2023-03-15T07:19:52.636+0000] {subprocess.py:63} INFO - Tmp dir root location: 
 /tmp
[2023-03-15T07:19:52.636+0000] {subprocess.py:75} INFO - Running command: ['/usr/bin/bash', '-c', 'docker-compose -f /home/dev/soute/ELK/docker-compose.yml up -d']
[2023-03-15T07:19:52.640+0000] {subprocess.py:86} INFO - Output:
[2023-03-15T07:19:52.932+0000] {subprocess.py:93} INFO - elasticsearch is up-to-date
[2023-03-15T07:19:52.932+0000] {subprocess.py:93} INFO - kibana is up-to-date
[2023-03-15T07:19:52.954+0000] {subprocess.py:97} INFO - Command exited with return code 0
[2023-03-15T07:19:52.968+0000] {taskinstance.py:1318} INFO - Marking task as SUCCESS. dag_id=AUTOMATISATION, task_id=demarre_ELK, execution_date=20230313T000151, start_date=20230315T071952, end_date=20230315T071952
[2023-03-15T07:19:52.984+0000] {local_task_job.py:208} INFO - Task exited with return code 0
[2023-03-15T07:19:53.002+0000] {taskinstance.py:2578} INFO - 1 downstream tasks scheduled from follow-on schedule check
