[2023-03-14T00:05:50.875+0000] {taskinstance.py:1083} INFO - Dependencies all met for <TaskInstance: AUTOMATISATION.demarre_ELK scheduled__2023-03-13T00:05:39+00:00 [queued]>
[2023-03-14T00:05:50.886+0000] {taskinstance.py:1083} INFO - Dependencies all met for <TaskInstance: AUTOMATISATION.demarre_ELK scheduled__2023-03-13T00:05:39+00:00 [queued]>
[2023-03-14T00:05:50.887+0000] {taskinstance.py:1279} INFO - 
--------------------------------------------------------------------------------
[2023-03-14T00:05:50.887+0000] {taskinstance.py:1280} INFO - Starting attempt 1 of 2
[2023-03-14T00:05:50.887+0000] {taskinstance.py:1281} INFO - 
--------------------------------------------------------------------------------
[2023-03-14T00:05:50.917+0000] {taskinstance.py:1300} INFO - Executing <Task(BashOperator): demarre_ELK> on 2023-03-13 00:05:39+00:00
[2023-03-14T00:05:50.920+0000] {standard_task_runner.py:55} INFO - Started process 94522 to run task
[2023-03-14T00:05:50.925+0000] {standard_task_runner.py:82} INFO - Running: ['airflow', 'tasks', 'run', 'AUTOMATISATION', 'demarre_ELK', 'scheduled__2023-03-13T00:05:39+00:00', '--job-id', '502', '--raw', '--subdir', 'DAGS_FOLDER/main.py', '--cfg-path', '/tmp/tmpi31a1zqe']
[2023-03-14T00:05:50.926+0000] {standard_task_runner.py:83} INFO - Job 502: Subtask demarre_ELK
[2023-03-14T00:05:50.995+0000] {task_command.py:388} INFO - Running <TaskInstance: AUTOMATISATION.demarre_ELK scheduled__2023-03-13T00:05:39+00:00 [running]> on host dev
[2023-03-14T00:05:51.085+0000] {taskinstance.py:1507} INFO - Exporting the following env vars:
AIRFLOW_CTX_DAG_OWNER=airflow
AIRFLOW_CTX_DAG_ID=AUTOMATISATION
AIRFLOW_CTX_TASK_ID=demarre_ELK
AIRFLOW_CTX_EXECUTION_DATE=2023-03-13T00:05:39+00:00
AIRFLOW_CTX_TRY_NUMBER=1
AIRFLOW_CTX_DAG_RUN_ID=scheduled__2023-03-13T00:05:39+00:00
[2023-03-14T00:05:51.087+0000] {subprocess.py:63} INFO - Tmp dir root location: 
 /tmp
[2023-03-14T00:05:51.088+0000] {subprocess.py:75} INFO - Running command: ['/usr/bin/bash', '-c', 'docker-compose -f /home/dev/soute/ELK/docker-compose.yml up -d']
[2023-03-14T00:05:51.095+0000] {subprocess.py:86} INFO - Output:
[2023-03-14T00:05:51.838+0000] {subprocess.py:93} INFO - elasticsearch is up-to-date
[2023-03-14T00:05:51.838+0000] {subprocess.py:93} INFO - kibana is up-to-date
[2023-03-14T00:05:51.891+0000] {subprocess.py:97} INFO - Command exited with return code 0
[2023-03-14T00:05:51.924+0000] {taskinstance.py:1318} INFO - Marking task as SUCCESS. dag_id=AUTOMATISATION, task_id=demarre_ELK, execution_date=20230313T000539, start_date=20230314T000550, end_date=20230314T000551
[2023-03-14T00:05:51.979+0000] {local_task_job.py:208} INFO - Task exited with return code 0
[2023-03-14T00:05:52.005+0000] {taskinstance.py:2578} INFO - 1 downstream tasks scheduled from follow-on schedule check
[2023-03-15T07:50:26.726+0000] {taskinstance.py:1083} INFO - Dependencies all met for <TaskInstance: AUTOMATISATION.demarre_ELK scheduled__2023-03-13T00:05:39+00:00 [queued]>
[2023-03-15T07:50:26.731+0000] {taskinstance.py:1083} INFO - Dependencies all met for <TaskInstance: AUTOMATISATION.demarre_ELK scheduled__2023-03-13T00:05:39+00:00 [queued]>
[2023-03-15T07:50:26.731+0000] {taskinstance.py:1279} INFO - 
--------------------------------------------------------------------------------
[2023-03-15T07:50:26.731+0000] {taskinstance.py:1280} INFO - Starting attempt 1 of 2
[2023-03-15T07:50:26.731+0000] {taskinstance.py:1281} INFO - 
--------------------------------------------------------------------------------
[2023-03-15T07:50:26.743+0000] {taskinstance.py:1300} INFO - Executing <Task(BashOperator): demarre_ELK> on 2023-03-13 00:05:39+00:00
[2023-03-15T07:50:26.744+0000] {standard_task_runner.py:55} INFO - Started process 142178 to run task
[2023-03-15T07:50:26.747+0000] {standard_task_runner.py:82} INFO - Running: ['airflow', 'tasks', 'run', 'AUTOMATISATION', 'demarre_ELK', 'scheduled__2023-03-13T00:05:39+00:00', '--job-id', '875', '--raw', '--subdir', 'DAGS_FOLDER/main.py', '--cfg-path', '/tmp/tmpp0cmz73d']
[2023-03-15T07:50:26.747+0000] {standard_task_runner.py:83} INFO - Job 875: Subtask demarre_ELK
[2023-03-15T07:50:26.780+0000] {task_command.py:388} INFO - Running <TaskInstance: AUTOMATISATION.demarre_ELK scheduled__2023-03-13T00:05:39+00:00 [running]> on host dev
[2023-03-15T07:50:26.820+0000] {taskinstance.py:1507} INFO - Exporting the following env vars:
AIRFLOW_CTX_DAG_OWNER=airflow
AIRFLOW_CTX_DAG_ID=AUTOMATISATION
AIRFLOW_CTX_TASK_ID=demarre_ELK
AIRFLOW_CTX_EXECUTION_DATE=2023-03-13T00:05:39+00:00
AIRFLOW_CTX_TRY_NUMBER=1
AIRFLOW_CTX_DAG_RUN_ID=scheduled__2023-03-13T00:05:39+00:00
[2023-03-15T07:50:26.821+0000] {subprocess.py:63} INFO - Tmp dir root location: 
 /tmp
[2023-03-15T07:50:26.821+0000] {subprocess.py:75} INFO - Running command: ['/usr/bin/bash', '-c', 'docker-compose -f /home/dev/soute/ELK/docker-compose.yml up -d']
[2023-03-15T07:50:26.825+0000] {subprocess.py:86} INFO - Output:
[2023-03-15T07:50:27.186+0000] {subprocess.py:93} INFO - elasticsearch is up-to-date
[2023-03-15T07:50:27.187+0000] {subprocess.py:93} INFO - kibana is up-to-date
[2023-03-15T07:50:27.211+0000] {subprocess.py:97} INFO - Command exited with return code 0
[2023-03-15T07:50:27.225+0000] {taskinstance.py:1318} INFO - Marking task as SUCCESS. dag_id=AUTOMATISATION, task_id=demarre_ELK, execution_date=20230313T000539, start_date=20230315T075026, end_date=20230315T075027
[2023-03-15T07:50:27.239+0000] {local_task_job.py:208} INFO - Task exited with return code 0
[2023-03-15T07:50:27.249+0000] {taskinstance.py:2578} INFO - 1 downstream tasks scheduled from follow-on schedule check
