[2023-03-13T22:38:05.707+0000] {taskinstance.py:1083} INFO - Dependencies all met for <TaskInstance: AUTOMATISATION.demarre_ELK scheduled__2023-03-13T00:03:36+00:00 [queued]>
[2023-03-13T22:38:05.722+0000] {taskinstance.py:1083} INFO - Dependencies all met for <TaskInstance: AUTOMATISATION.demarre_ELK scheduled__2023-03-13T00:03:36+00:00 [queued]>
[2023-03-13T22:38:05.722+0000] {taskinstance.py:1279} INFO - 
--------------------------------------------------------------------------------
[2023-03-13T22:38:05.723+0000] {taskinstance.py:1280} INFO - Starting attempt 1 of 2
[2023-03-13T22:38:05.723+0000] {taskinstance.py:1281} INFO - 
--------------------------------------------------------------------------------
[2023-03-13T22:38:05.750+0000] {taskinstance.py:1300} INFO - Executing <Task(BashOperator): demarre_ELK> on 2023-03-13 00:03:36+00:00
[2023-03-13T22:38:05.753+0000] {standard_task_runner.py:55} INFO - Started process 75102 to run task
[2023-03-13T22:38:05.757+0000] {standard_task_runner.py:82} INFO - Running: ['airflow', 'tasks', 'run', 'AUTOMATISATION', 'demarre_ELK', 'scheduled__2023-03-13T00:03:36+00:00', '--job-id', '420', '--raw', '--subdir', 'DAGS_FOLDER/main.py', '--cfg-path', '/tmp/tmps6abttp1']
[2023-03-13T22:38:05.759+0000] {standard_task_runner.py:83} INFO - Job 420: Subtask demarre_ELK
[2023-03-13T22:38:05.834+0000] {task_command.py:388} INFO - Running <TaskInstance: AUTOMATISATION.demarre_ELK scheduled__2023-03-13T00:03:36+00:00 [running]> on host dev
[2023-03-13T22:38:05.922+0000] {taskinstance.py:1507} INFO - Exporting the following env vars:
AIRFLOW_CTX_DAG_OWNER=airflow
AIRFLOW_CTX_DAG_ID=AUTOMATISATION
AIRFLOW_CTX_TASK_ID=demarre_ELK
AIRFLOW_CTX_EXECUTION_DATE=2023-03-13T00:03:36+00:00
AIRFLOW_CTX_TRY_NUMBER=1
AIRFLOW_CTX_DAG_RUN_ID=scheduled__2023-03-13T00:03:36+00:00
[2023-03-13T22:38:05.924+0000] {subprocess.py:63} INFO - Tmp dir root location: 
 /tmp
[2023-03-13T22:38:05.925+0000] {subprocess.py:75} INFO - Running command: ['/usr/bin/bash', '-c', 'docker-compose -f /home/dev/soute/ELK/docker-compose.yml up -d']
[2023-03-13T22:38:05.933+0000] {subprocess.py:86} INFO - Output:
[2023-03-13T22:38:06.872+0000] {subprocess.py:93} INFO - elasticsearch is up-to-date
[2023-03-13T22:38:06.873+0000] {subprocess.py:93} INFO - kibana is up-to-date
[2023-03-13T22:38:06.938+0000] {subprocess.py:97} INFO - Command exited with return code 0
[2023-03-13T22:38:06.969+0000] {taskinstance.py:1318} INFO - Marking task as SUCCESS. dag_id=AUTOMATISATION, task_id=demarre_ELK, execution_date=20230313T000336, start_date=20230313T223805, end_date=20230313T223806
[2023-03-13T22:38:07.012+0000] {local_task_job.py:208} INFO - Task exited with return code 0
[2023-03-13T22:38:07.038+0000] {taskinstance.py:2578} INFO - 1 downstream tasks scheduled from follow-on schedule check
[2023-03-15T07:33:57.366+0000] {taskinstance.py:1083} INFO - Dependencies all met for <TaskInstance: AUTOMATISATION.demarre_ELK scheduled__2023-03-13T00:03:36+00:00 [queued]>
[2023-03-15T07:33:57.371+0000] {taskinstance.py:1083} INFO - Dependencies all met for <TaskInstance: AUTOMATISATION.demarre_ELK scheduled__2023-03-13T00:03:36+00:00 [queued]>
[2023-03-15T07:33:57.371+0000] {taskinstance.py:1279} INFO - 
--------------------------------------------------------------------------------
[2023-03-15T07:33:57.371+0000] {taskinstance.py:1280} INFO - Starting attempt 1 of 2
[2023-03-15T07:33:57.371+0000] {taskinstance.py:1281} INFO - 
--------------------------------------------------------------------------------
[2023-03-15T07:33:57.381+0000] {taskinstance.py:1300} INFO - Executing <Task(BashOperator): demarre_ELK> on 2023-03-13 00:03:36+00:00
[2023-03-15T07:33:57.383+0000] {standard_task_runner.py:55} INFO - Started process 132505 to run task
[2023-03-15T07:33:57.384+0000] {standard_task_runner.py:82} INFO - Running: ['airflow', 'tasks', 'run', 'AUTOMATISATION', 'demarre_ELK', 'scheduled__2023-03-13T00:03:36+00:00', '--job-id', '791', '--raw', '--subdir', 'DAGS_FOLDER/main.py', '--cfg-path', '/tmp/tmpw247q1xa']
[2023-03-15T07:33:57.385+0000] {standard_task_runner.py:83} INFO - Job 791: Subtask demarre_ELK
[2023-03-15T07:33:57.412+0000] {task_command.py:388} INFO - Running <TaskInstance: AUTOMATISATION.demarre_ELK scheduled__2023-03-13T00:03:36+00:00 [running]> on host dev
[2023-03-15T07:33:57.446+0000] {taskinstance.py:1507} INFO - Exporting the following env vars:
AIRFLOW_CTX_DAG_OWNER=airflow
AIRFLOW_CTX_DAG_ID=AUTOMATISATION
AIRFLOW_CTX_TASK_ID=demarre_ELK
AIRFLOW_CTX_EXECUTION_DATE=2023-03-13T00:03:36+00:00
AIRFLOW_CTX_TRY_NUMBER=1
AIRFLOW_CTX_DAG_RUN_ID=scheduled__2023-03-13T00:03:36+00:00
[2023-03-15T07:33:57.447+0000] {subprocess.py:63} INFO - Tmp dir root location: 
 /tmp
[2023-03-15T07:33:57.447+0000] {subprocess.py:75} INFO - Running command: ['/usr/bin/bash', '-c', 'docker-compose -f /home/dev/soute/ELK/docker-compose.yml up -d']
[2023-03-15T07:33:57.451+0000] {subprocess.py:86} INFO - Output:
[2023-03-15T07:33:57.745+0000] {subprocess.py:93} INFO - elasticsearch is up-to-date
[2023-03-15T07:33:57.745+0000] {subprocess.py:93} INFO - kibana is up-to-date
[2023-03-15T07:33:57.766+0000] {subprocess.py:97} INFO - Command exited with return code 0
[2023-03-15T07:33:57.780+0000] {taskinstance.py:1318} INFO - Marking task as SUCCESS. dag_id=AUTOMATISATION, task_id=demarre_ELK, execution_date=20230313T000336, start_date=20230315T073357, end_date=20230315T073357
[2023-03-15T07:33:57.797+0000] {local_task_job.py:208} INFO - Task exited with return code 0
[2023-03-15T07:33:57.807+0000] {taskinstance.py:2578} INFO - 1 downstream tasks scheduled from follow-on schedule check
