[2023-03-13T23:44:47.862+0000] {taskinstance.py:1083} INFO - Dependencies all met for <TaskInstance: AUTOMATISATION.Chargement_des_données_in_ELK scheduled__2023-03-13T00:05:06+00:00 [queued]>
[2023-03-13T23:44:47.874+0000] {taskinstance.py:1083} INFO - Dependencies all met for <TaskInstance: AUTOMATISATION.Chargement_des_données_in_ELK scheduled__2023-03-13T00:05:06+00:00 [queued]>
[2023-03-13T23:44:47.874+0000] {taskinstance.py:1279} INFO - 
--------------------------------------------------------------------------------
[2023-03-13T23:44:47.875+0000] {taskinstance.py:1280} INFO - Starting attempt 1 of 4
[2023-03-13T23:44:47.875+0000] {taskinstance.py:1281} INFO - 
--------------------------------------------------------------------------------
[2023-03-13T23:44:47.902+0000] {taskinstance.py:1300} INFO - Executing <Task(BashOperator): Chargement_des_données_in_ELK> on 2023-03-13 00:05:06+00:00
[2023-03-13T23:44:47.905+0000] {standard_task_runner.py:55} INFO - Started process 89882 to run task
[2023-03-13T23:44:47.910+0000] {standard_task_runner.py:82} INFO - Running: ['airflow', 'tasks', 'run', 'AUTOMATISATION', 'Chargement_des_données_in_ELK', 'scheduled__2023-03-13T00:05:06+00:00', '--job-id', '483', '--raw', '--subdir', 'DAGS_FOLDER/main.py', '--cfg-path', '/tmp/tmpsxi5rr1_']
[2023-03-13T23:44:47.911+0000] {standard_task_runner.py:83} INFO - Job 483: Subtask Chargement_des_données_in_ELK
[2023-03-13T23:44:47.977+0000] {task_command.py:388} INFO - Running <TaskInstance: AUTOMATISATION.Chargement_des_données_in_ELK scheduled__2023-03-13T00:05:06+00:00 [running]> on host dev
[2023-03-13T23:44:48.083+0000] {taskinstance.py:1507} INFO - Exporting the following env vars:
AIRFLOW_CTX_DAG_OWNER=airflow
AIRFLOW_CTX_DAG_ID=AUTOMATISATION
AIRFLOW_CTX_TASK_ID=Chargement_des_données_in_ELK
AIRFLOW_CTX_EXECUTION_DATE=2023-03-13T00:05:06+00:00
AIRFLOW_CTX_TRY_NUMBER=1
AIRFLOW_CTX_DAG_RUN_ID=scheduled__2023-03-13T00:05:06+00:00
[2023-03-13T23:44:48.087+0000] {subprocess.py:63} INFO - Tmp dir root location: 
 /tmp
[2023-03-13T23:44:48.090+0000] {subprocess.py:75} INFO - Running command: ['/usr/bin/bash', '-c', 'echo dev | sudo -S /usr/share/logstash/bin/logstash --path.settings=/etc/logstash/ -f /etc/logstash/conf.d/data.conf']
[2023-03-13T23:44:48.103+0000] {subprocess.py:86} INFO - Output:
[2023-03-13T23:44:48.198+0000] {subprocess.py:93} INFO - [sudo] Mot de passe de dev : Using bundled JDK: /usr/share/logstash/jdk
[2023-03-13T23:44:48.451+0000] {subprocess.py:93} INFO - OpenJDK 64-Bit Server VM warning: Option UseConcMarkSweepGC was deprecated in version 9.0 and will likely be removed in a future release.
[2023-03-13T23:45:13.379+0000] {subprocess.py:93} INFO - Sending Logstash logs to /var/log/logstash which is now configured via log4j2.properties
[2023-03-13T23:45:13.523+0000] {subprocess.py:93} INFO - [2023-03-13T23:45:13,519][INFO ][logstash.runner          ] Log4j configuration path used is: /etc/logstash/log4j2.properties
[2023-03-13T23:45:13.536+0000] {subprocess.py:93} INFO - [2023-03-13T23:45:13,536][INFO ][logstash.runner          ] Starting Logstash {"logstash.version"=>"7.15.2", "jruby.version"=>"jruby 9.2.19.0 (2.5.8) 2021-06-15 55810c552b OpenJDK 64-Bit Server VM 11.0.12+7 on 11.0.12+7 +indy +jit [linux-x86_64]"}
[2023-03-13T23:45:14.031+0000] {subprocess.py:93} INFO - [2023-03-13T23:45:14,030][WARN ][logstash.config.source.multilocal] Ignoring the 'pipelines.yml' file because modules or command line options are specified
[2023-03-13T23:45:15.623+0000] {subprocess.py:93} INFO - [2023-03-13T23:45:15,621][INFO ][logstash.agent           ] Successfully started Logstash API endpoint {:port=>9600}
[2023-03-13T23:45:16.434+0000] {subprocess.py:93} INFO - [2023-03-13T23:45:16,433][INFO ][org.reflections.Reflections] Reflections took 102 ms to scan 1 urls, producing 120 keys and 417 values
[2023-03-13T23:45:17.930+0000] {subprocess.py:93} INFO - [2023-03-13T23:45:17,929][INFO ][logstash.outputs.elasticsearch][main] New Elasticsearch output {:class=>"LogStash::Outputs::ElasticSearch", :hosts=>["//localhost:9200"]}
[2023-03-13T23:45:18.359+0000] {subprocess.py:93} INFO - [2023-03-13T23:45:18,357][INFO ][logstash.outputs.elasticsearch][main] Elasticsearch pool URLs updated {:changes=>{:removed=>[], :added=>[http://localhost:9200/]}}
[2023-03-13T23:45:18.549+0000] {subprocess.py:93} INFO - [2023-03-13T23:45:18,548][WARN ][logstash.outputs.elasticsearch][main] Restored connection to ES instance {:url=>"http://localhost:9200/"}
[2023-03-13T23:45:18.609+0000] {subprocess.py:93} INFO - [2023-03-13T23:45:18,609][INFO ][logstash.outputs.elasticsearch][main] Elasticsearch version determined (7.15.2) {:es_version=>7}
[2023-03-13T23:45:18.613+0000] {subprocess.py:93} INFO - [2023-03-13T23:45:18,613][WARN ][logstash.outputs.elasticsearch][main] Detected a 6.x and above cluster: the `type` event field won't be used to determine the document _type {:es_version=>7}
[2023-03-13T23:45:18.810+0000] {subprocess.py:93} INFO - [2023-03-13T23:45:18,809][INFO ][logstash.outputs.elasticsearch][main] Using a default mapping template {:es_version=>7, :ecs_compatibility=>:disabled}
[2023-03-13T23:45:18.865+0000] {subprocess.py:93} INFO - [2023-03-13T23:45:18,864][INFO ][logstash.javapipeline    ][main] Starting pipeline {:pipeline_id=>"main", "pipeline.workers"=>8, "pipeline.batch.size"=>125, "pipeline.batch.delay"=>50, "pipeline.max_inflight"=>1000, "pipeline.sources"=>["/etc/logstash/conf.d/data.conf"], :thread=>"#<Thread:0x324d3d7f run>"}
[2023-03-13T23:45:20.119+0000] {subprocess.py:93} INFO - [2023-03-13T23:45:20,118][INFO ][logstash.javapipeline    ][main] Pipeline Java execution initialization time {"seconds"=>1.25}
[2023-03-13T23:45:20.242+0000] {subprocess.py:93} INFO - [2023-03-13T23:45:20,241][INFO ][logstash.javapipeline    ][main] Pipeline started {"pipeline.id"=>"main"}
[2023-03-13T23:45:20.353+0000] {subprocess.py:93} INFO - [2023-03-13T23:45:20,353][INFO ][logstash.agent           ] Pipelines running {:count=>1, :running_pipelines=>[:main], :non_running_pipelines=>[]}
[2023-03-13T23:45:21.744+0000] {subprocess.py:93} INFO - [2023-03-13T23:45:21,743][INFO ][logstash.inputs.jdbc     ][main][afa454a497099ce3438919c7cfc7ae10a3b3980082608321cda443e0b5f70dbd] (0.023240s) SELECT CAST(current_setting('server_version_num') AS integer) AS v
[2023-03-13T23:45:22.037+0000] {subprocess.py:93} INFO - [2023-03-13T23:45:22,037][INFO ][logstash.inputs.jdbc     ][main][afa454a497099ce3438919c7cfc7ae10a3b3980082608321cda443e0b5f70dbd] (0.083720s) SELECT count(*) AS "count" FROM (SELECT * FROM customers) AS "t1" LIMIT 1
[2023-03-13T23:45:22.447+0000] {subprocess.py:93} INFO - [2023-03-13T23:45:22,447][INFO ][logstash.inputs.jdbc     ][main][afa454a497099ce3438919c7cfc7ae10a3b3980082608321cda443e0b5f70dbd] (0.380226s) SELECT * FROM (SELECT * FROM customers) AS "t1" LIMIT 50000 OFFSET 0
[2023-03-13T23:45:33.244+0000] {subprocess.py:93} INFO - [2023-03-13T23:45:33,244][INFO ][logstash.inputs.jdbc     ][main][afa454a497099ce3438919c7cfc7ae10a3b3980082608321cda443e0b5f70dbd] (0.328183s) SELECT * FROM (SELECT * FROM customers) AS "t1" LIMIT 50000 OFFSET 50000
[2023-03-13T23:45:38.835+0000] {subprocess.py:93} INFO - [2023-03-13T23:45:38,835][INFO ][logstash.inputs.jdbc     ][main][afa454a497099ce3438919c7cfc7ae10a3b3980082608321cda443e0b5f70dbd] (0.347250s) SELECT * FROM (SELECT * FROM customers) AS "t1" LIMIT 50000 OFFSET 100000
[2023-03-13T23:45:42.848+0000] {subprocess.py:93} INFO - [2023-03-13T23:45:42,847][INFO ][logstash.inputs.jdbc     ][main][afa454a497099ce3438919c7cfc7ae10a3b3980082608321cda443e0b5f70dbd] (0.205910s) SELECT * FROM (SELECT * FROM customers) AS "t1" LIMIT 50000 OFFSET 150000
[2023-03-13T23:45:45.472+0000] {subprocess.py:93} INFO - [2023-03-13T23:45:45,472][INFO ][logstash.inputs.jdbc     ][main][afa454a497099ce3438919c7cfc7ae10a3b3980082608321cda443e0b5f70dbd] (0.116014s) SELECT * FROM (SELECT * FROM customers) AS "t1" LIMIT 50000 OFFSET 200000
[2023-03-13T23:45:47.991+0000] {subprocess.py:93} INFO - [2023-03-13T23:45:47,990][INFO ][logstash.inputs.jdbc     ][main][afa454a497099ce3438919c7cfc7ae10a3b3980082608321cda443e0b5f70dbd] (0.117804s) SELECT * FROM (SELECT * FROM customers) AS "t1" LIMIT 50000 OFFSET 250000
[2023-03-13T23:45:50.568+0000] {subprocess.py:93} INFO - [2023-03-13T23:45:50,568][INFO ][logstash.inputs.jdbc     ][main][afa454a497099ce3438919c7cfc7ae10a3b3980082608321cda443e0b5f70dbd] (0.138015s) SELECT * FROM (SELECT * FROM customers) AS "t1" LIMIT 50000 OFFSET 300000
[2023-03-13T23:45:52.895+0000] {subprocess.py:93} INFO - [2023-03-13T23:45:52,894][INFO ][logstash.inputs.jdbc     ][main][afa454a497099ce3438919c7cfc7ae10a3b3980082608321cda443e0b5f70dbd] (0.126844s) SELECT * FROM (SELECT * FROM customers) AS "t1" LIMIT 50000 OFFSET 350000
[2023-03-13T23:45:55.314+0000] {subprocess.py:93} INFO - [2023-03-13T23:45:55,314][INFO ][logstash.inputs.jdbc     ][main][afa454a497099ce3438919c7cfc7ae10a3b3980082608321cda443e0b5f70dbd] (0.132498s) SELECT * FROM (SELECT * FROM customers) AS "t1" LIMIT 50000 OFFSET 400000
[2023-03-13T23:45:58.383+0000] {subprocess.py:93} INFO - [2023-03-13T23:45:58,383][INFO ][logstash.inputs.jdbc     ][main][afa454a497099ce3438919c7cfc7ae10a3b3980082608321cda443e0b5f70dbd] (0.118624s) SELECT * FROM (SELECT * FROM customers) AS "t1" LIMIT 50000 OFFSET 450000
[2023-03-13T23:46:00.907+0000] {subprocess.py:93} INFO - [2023-03-13T23:46:00,907][INFO ][logstash.inputs.jdbc     ][main][afa454a497099ce3438919c7cfc7ae10a3b3980082608321cda443e0b5f70dbd] (0.163609s) SELECT * FROM (SELECT * FROM customers) AS "t1" LIMIT 50000 OFFSET 500000
[2023-03-13T23:46:03.915+0000] {subprocess.py:93} INFO - [2023-03-13T23:46:03,915][INFO ][logstash.inputs.jdbc     ][main][afa454a497099ce3438919c7cfc7ae10a3b3980082608321cda443e0b5f70dbd] (0.191622s) SELECT * FROM (SELECT * FROM customers) AS "t1" LIMIT 50000 OFFSET 550000
[2023-03-13T23:46:06.499+0000] {subprocess.py:93} INFO - [2023-03-13T23:46:06,499][INFO ][logstash.inputs.jdbc     ][main][afa454a497099ce3438919c7cfc7ae10a3b3980082608321cda443e0b5f70dbd] (0.151550s) SELECT * FROM (SELECT * FROM customers) AS "t1" LIMIT 50000 OFFSET 600000
[2023-03-13T23:46:08.823+0000] {subprocess.py:93} INFO - [2023-03-13T23:46:08,823][INFO ][logstash.inputs.jdbc     ][main][afa454a497099ce3438919c7cfc7ae10a3b3980082608321cda443e0b5f70dbd] (0.162614s) SELECT * FROM (SELECT * FROM customers) AS "t1" LIMIT 50000 OFFSET 650000
[2023-03-13T23:46:11.030+0000] {subprocess.py:93} INFO - [2023-03-13T23:46:11,030][INFO ][logstash.inputs.jdbc     ][main][afa454a497099ce3438919c7cfc7ae10a3b3980082608321cda443e0b5f70dbd] (0.139791s) SELECT * FROM (SELECT * FROM customers) AS "t1" LIMIT 50000 OFFSET 700000
[2023-03-13T23:46:13.549+0000] {subprocess.py:93} INFO - [2023-03-13T23:46:13,548][INFO ][logstash.inputs.jdbc     ][main][afa454a497099ce3438919c7cfc7ae10a3b3980082608321cda443e0b5f70dbd] (0.160607s) SELECT * FROM (SELECT * FROM customers) AS "t1" LIMIT 50000 OFFSET 750000
[2023-03-13T23:46:15.837+0000] {subprocess.py:93} INFO - [2023-03-13T23:46:15,836][INFO ][logstash.inputs.jdbc     ][main][afa454a497099ce3438919c7cfc7ae10a3b3980082608321cda443e0b5f70dbd] (0.143526s) SELECT * FROM (SELECT * FROM customers) AS "t1" LIMIT 50000 OFFSET 800000
[2023-03-13T23:46:18.092+0000] {subprocess.py:93} INFO - [2023-03-13T23:46:18,092][INFO ][logstash.inputs.jdbc     ][main][afa454a497099ce3438919c7cfc7ae10a3b3980082608321cda443e0b5f70dbd] (0.148376s) SELECT * FROM (SELECT * FROM customers) AS "t1" LIMIT 50000 OFFSET 850000
[2023-03-13T23:46:20.849+0000] {subprocess.py:93} INFO - [2023-03-13T23:46:20,848][INFO ][logstash.inputs.jdbc     ][main][afa454a497099ce3438919c7cfc7ae10a3b3980082608321cda443e0b5f70dbd] (0.164766s) SELECT * FROM (SELECT * FROM customers) AS "t1" LIMIT 50000 OFFSET 900000
[2023-03-13T23:46:23.311+0000] {subprocess.py:93} INFO - [2023-03-13T23:46:23,311][INFO ][logstash.inputs.jdbc     ][main][afa454a497099ce3438919c7cfc7ae10a3b3980082608321cda443e0b5f70dbd] (0.203313s) SELECT * FROM (SELECT * FROM customers) AS "t1" LIMIT 50000 OFFSET 950000
[2023-03-13T23:46:30.706+0000] {subprocess.py:93} INFO - [2023-03-13T23:46:30,705][INFO ][logstash.inputs.jdbc     ][main][afa454a497099ce3438919c7cfc7ae10a3b3980082608321cda443e0b5f70dbd] (0.369902s) SELECT * FROM (SELECT * FROM customers) AS "t1" LIMIT 50000 OFFSET 1000000
[2023-03-13T23:46:33.314+0000] {subprocess.py:93} INFO - [2023-03-13T23:46:33,314][INFO ][logstash.inputs.jdbc     ][main][afa454a497099ce3438919c7cfc7ae10a3b3980082608321cda443e0b5f70dbd] (0.191560s) SELECT * FROM (SELECT * FROM customers) AS "t1" LIMIT 50000 OFFSET 1050000
[2023-03-13T23:46:36.134+0000] {subprocess.py:93} INFO - [2023-03-13T23:46:36,134][INFO ][logstash.inputs.jdbc     ][main][afa454a497099ce3438919c7cfc7ae10a3b3980082608321cda443e0b5f70dbd] (0.202758s) SELECT * FROM (SELECT * FROM customers) AS "t1" LIMIT 50000 OFFSET 1100000
[2023-03-13T23:46:38.412+0000] {subprocess.py:93} INFO - [2023-03-13T23:46:38,411][INFO ][logstash.inputs.jdbc     ][main][afa454a497099ce3438919c7cfc7ae10a3b3980082608321cda443e0b5f70dbd] (0.209886s) SELECT * FROM (SELECT * FROM customers) AS "t1" LIMIT 50000 OFFSET 1150000
[2023-03-13T23:46:40.824+0000] {subprocess.py:93} INFO - [2023-03-13T23:46:40,824][INFO ][logstash.javapipeline    ][main] Pipeline terminated {"pipeline.id"=>"main"}
[2023-03-13T23:46:41.186+0000] {subprocess.py:93} INFO - [2023-03-13T23:46:41,185][INFO ][logstash.pipelinesregistry] Removed pipeline from registry successfully {:pipeline_id=>:main}
[2023-03-13T23:46:41.231+0000] {subprocess.py:93} INFO - [2023-03-13T23:46:41,231][INFO ][logstash.runner          ] Logstash shut down.
[2023-03-13T23:46:41.425+0000] {subprocess.py:97} INFO - Command exited with return code 0
[2023-03-13T23:46:41.464+0000] {taskinstance.py:1318} INFO - Marking task as SUCCESS. dag_id=AUTOMATISATION, task_id=Chargement_des_données_in_ELK, execution_date=20230313T000506, start_date=20230313T234447, end_date=20230313T234641
[2023-03-13T23:46:41.499+0000] {local_task_job.py:208} INFO - Task exited with return code 0
[2023-03-13T23:46:41.513+0000] {taskinstance.py:2578} INFO - 0 downstream tasks scheduled from follow-on schedule check
[2023-03-15T07:43:55.133+0000] {taskinstance.py:1083} INFO - Dependencies all met for <TaskInstance: AUTOMATISATION.Chargement_des_données_in_ELK scheduled__2023-03-13T00:05:06+00:00 [queued]>
[2023-03-15T07:43:55.140+0000] {taskinstance.py:1083} INFO - Dependencies all met for <TaskInstance: AUTOMATISATION.Chargement_des_données_in_ELK scheduled__2023-03-13T00:05:06+00:00 [queued]>
[2023-03-15T07:43:55.140+0000] {taskinstance.py:1279} INFO - 
--------------------------------------------------------------------------------
[2023-03-15T07:43:55.140+0000] {taskinstance.py:1280} INFO - Starting attempt 1 of 4
[2023-03-15T07:43:55.140+0000] {taskinstance.py:1281} INFO - 
--------------------------------------------------------------------------------
[2023-03-15T07:43:55.152+0000] {taskinstance.py:1300} INFO - Executing <Task(BashOperator): Chargement_des_données_in_ELK> on 2023-03-13 00:05:06+00:00
[2023-03-15T07:43:55.154+0000] {standard_task_runner.py:55} INFO - Started process 138203 to run task
[2023-03-15T07:43:55.156+0000] {standard_task_runner.py:82} INFO - Running: ['airflow', 'tasks', 'run', 'AUTOMATISATION', 'Chargement_des_données_in_ELK', 'scheduled__2023-03-13T00:05:06+00:00', '--job-id', '852', '--raw', '--subdir', 'DAGS_FOLDER/main.py', '--cfg-path', '/tmp/tmpzktd62zk']
[2023-03-15T07:43:55.157+0000] {standard_task_runner.py:83} INFO - Job 852: Subtask Chargement_des_données_in_ELK
[2023-03-15T07:43:55.195+0000] {task_command.py:388} INFO - Running <TaskInstance: AUTOMATISATION.Chargement_des_données_in_ELK scheduled__2023-03-13T00:05:06+00:00 [running]> on host dev
[2023-03-15T07:43:55.248+0000] {taskinstance.py:1507} INFO - Exporting the following env vars:
AIRFLOW_CTX_DAG_OWNER=airflow
AIRFLOW_CTX_DAG_ID=AUTOMATISATION
AIRFLOW_CTX_TASK_ID=Chargement_des_données_in_ELK
AIRFLOW_CTX_EXECUTION_DATE=2023-03-13T00:05:06+00:00
AIRFLOW_CTX_TRY_NUMBER=1
AIRFLOW_CTX_DAG_RUN_ID=scheduled__2023-03-13T00:05:06+00:00
[2023-03-15T07:43:55.249+0000] {subprocess.py:63} INFO - Tmp dir root location: 
 /tmp
[2023-03-15T07:43:55.249+0000] {subprocess.py:75} INFO - Running command: ['/usr/bin/bash', '-c', 'echo dev | sudo -S /usr/share/logstash/bin/logstash --path.settings=/etc/logstash/ -f /etc/logstash/conf.d/data.conf']
[2023-03-15T07:43:55.254+0000] {subprocess.py:86} INFO - Output:
[2023-03-15T07:43:55.293+0000] {subprocess.py:93} INFO - [sudo] Mot de passe de dev : Using bundled JDK: /usr/share/logstash/jdk
[2023-03-15T07:43:55.457+0000] {subprocess.py:93} INFO - OpenJDK 64-Bit Server VM warning: Option UseConcMarkSweepGC was deprecated in version 9.0 and will likely be removed in a future release.
[2023-03-15T07:44:07.910+0000] {subprocess.py:93} INFO - Sending Logstash logs to /var/log/logstash which is now configured via log4j2.properties
[2023-03-15T07:44:07.994+0000] {subprocess.py:93} INFO - [2023-03-15T07:44:07,992][INFO ][logstash.runner          ] Log4j configuration path used is: /etc/logstash/log4j2.properties
[2023-03-15T07:44:08.002+0000] {subprocess.py:93} INFO - [2023-03-15T07:44:08,001][INFO ][logstash.runner          ] Starting Logstash {"logstash.version"=>"7.15.2", "jruby.version"=>"jruby 9.2.19.0 (2.5.8) 2021-06-15 55810c552b OpenJDK 64-Bit Server VM 11.0.12+7 on 11.0.12+7 +indy +jit [linux-x86_64]"}
[2023-03-15T07:44:08.328+0000] {subprocess.py:93} INFO - [2023-03-15T07:44:08,327][WARN ][logstash.config.source.multilocal] Ignoring the 'pipelines.yml' file because modules or command line options are specified
[2023-03-15T07:44:09.491+0000] {subprocess.py:93} INFO - [2023-03-15T07:44:09,490][INFO ][logstash.agent           ] Successfully started Logstash API endpoint {:port=>9600}
[2023-03-15T07:44:09.953+0000] {subprocess.py:93} INFO - [2023-03-15T07:44:09,952][INFO ][org.reflections.Reflections] Reflections took 49 ms to scan 1 urls, producing 120 keys and 417 values
[2023-03-15T07:44:10.873+0000] {subprocess.py:93} INFO - [2023-03-15T07:44:10,873][INFO ][logstash.outputs.elasticsearch][main] New Elasticsearch output {:class=>"LogStash::Outputs::ElasticSearch", :hosts=>["//localhost:9200"]}
[2023-03-15T07:44:11.174+0000] {subprocess.py:93} INFO - [2023-03-15T07:44:11,172][INFO ][logstash.outputs.elasticsearch][main] Elasticsearch pool URLs updated {:changes=>{:removed=>[], :added=>[http://localhost:9200/]}}
[2023-03-15T07:44:11.323+0000] {subprocess.py:93} INFO - [2023-03-15T07:44:11,322][WARN ][logstash.outputs.elasticsearch][main] Restored connection to ES instance {:url=>"http://localhost:9200/"}
[2023-03-15T07:44:11.360+0000] {subprocess.py:93} INFO - [2023-03-15T07:44:11,360][INFO ][logstash.outputs.elasticsearch][main] Elasticsearch version determined (7.15.2) {:es_version=>7}
[2023-03-15T07:44:11.362+0000] {subprocess.py:93} INFO - [2023-03-15T07:44:11,362][WARN ][logstash.outputs.elasticsearch][main] Detected a 6.x and above cluster: the `type` event field won't be used to determine the document _type {:es_version=>7}
[2023-03-15T07:44:11.472+0000] {subprocess.py:93} INFO - [2023-03-15T07:44:11,472][INFO ][logstash.outputs.elasticsearch][main] Using a default mapping template {:es_version=>7, :ecs_compatibility=>:disabled}
[2023-03-15T07:44:11.499+0000] {subprocess.py:93} INFO - [2023-03-15T07:44:11,498][INFO ][logstash.javapipeline    ][main] Starting pipeline {:pipeline_id=>"main", "pipeline.workers"=>8, "pipeline.batch.size"=>125, "pipeline.batch.delay"=>50, "pipeline.max_inflight"=>1000, "pipeline.sources"=>["/etc/logstash/conf.d/data.conf"], :thread=>"#<Thread:0x627b9aea run>"}
[2023-03-15T07:44:12.090+0000] {subprocess.py:93} INFO - [2023-03-15T07:44:12,090][INFO ][logstash.javapipeline    ][main] Pipeline Java execution initialization time {"seconds"=>0.59}
[2023-03-15T07:44:12.173+0000] {subprocess.py:93} INFO - [2023-03-15T07:44:12,173][INFO ][logstash.javapipeline    ][main] Pipeline started {"pipeline.id"=>"main"}
[2023-03-15T07:44:12.216+0000] {subprocess.py:93} INFO - [2023-03-15T07:44:12,215][INFO ][logstash.agent           ] Pipelines running {:count=>1, :running_pipelines=>[:main], :non_running_pipelines=>[]}
[2023-03-15T07:44:13.065+0000] {subprocess.py:93} INFO - [2023-03-15T07:44:13,064][INFO ][logstash.inputs.jdbc     ][main][afa454a497099ce3438919c7cfc7ae10a3b3980082608321cda443e0b5f70dbd] (0.013921s) SELECT CAST(current_setting('server_version_num') AS integer) AS v
[2023-03-15T07:44:13.152+0000] {subprocess.py:93} INFO - [2023-03-15T07:44:13,151][INFO ][logstash.inputs.jdbc     ][main][afa454a497099ce3438919c7cfc7ae10a3b3980082608321cda443e0b5f70dbd] (0.001484s) SELECT count(*) AS "count" FROM (SELECT * FROM customers) AS "t1" LIMIT 1
[2023-03-15T07:44:13.406+0000] {subprocess.py:93} INFO - [2023-03-15T07:44:13,406][INFO ][logstash.javapipeline    ][main] Pipeline terminated {"pipeline.id"=>"main"}
[2023-03-15T07:44:13.770+0000] {subprocess.py:93} INFO - [2023-03-15T07:44:13,769][INFO ][logstash.pipelinesregistry] Removed pipeline from registry successfully {:pipeline_id=>:main}
[2023-03-15T07:44:13.793+0000] {subprocess.py:93} INFO - [2023-03-15T07:44:13,792][INFO ][logstash.runner          ] Logstash shut down.
[2023-03-15T07:44:13.856+0000] {subprocess.py:97} INFO - Command exited with return code 0
[2023-03-15T07:44:13.872+0000] {taskinstance.py:1318} INFO - Marking task as SUCCESS. dag_id=AUTOMATISATION, task_id=Chargement_des_données_in_ELK, execution_date=20230313T000506, start_date=20230315T074355, end_date=20230315T074413
[2023-03-15T07:44:13.916+0000] {local_task_job.py:208} INFO - Task exited with return code 0
[2023-03-15T07:44:13.924+0000] {taskinstance.py:2578} INFO - 0 downstream tasks scheduled from follow-on schedule check
