[2023-03-13T22:49:08.563+0000] {taskinstance.py:1083} INFO - Dependencies all met for <TaskInstance: AUTOMATISATION.demarre_ELK scheduled__2023-03-13T00:03:51+00:00 [queued]>
[2023-03-13T22:49:08.576+0000] {taskinstance.py:1083} INFO - Dependencies all met for <TaskInstance: AUTOMATISATION.demarre_ELK scheduled__2023-03-13T00:03:51+00:00 [queued]>
[2023-03-13T22:49:08.576+0000] {taskinstance.py:1279} INFO - 
--------------------------------------------------------------------------------
[2023-03-13T22:49:08.576+0000] {taskinstance.py:1280} INFO - Starting attempt 1 of 2
[2023-03-13T22:49:08.576+0000] {taskinstance.py:1281} INFO - 
--------------------------------------------------------------------------------
[2023-03-13T22:49:08.604+0000] {taskinstance.py:1300} INFO - Executing <Task(BashOperator): demarre_ELK> on 2023-03-13 00:03:51+00:00
[2023-03-13T22:49:08.607+0000] {standard_task_runner.py:55} INFO - Started process 77996 to run task
[2023-03-13T22:49:08.611+0000] {standard_task_runner.py:82} INFO - Running: ['airflow', 'tasks', 'run', 'AUTOMATISATION', 'demarre_ELK', 'scheduled__2023-03-13T00:03:51+00:00', '--job-id', '430', '--raw', '--subdir', 'DAGS_FOLDER/main.py', '--cfg-path', '/tmp/tmpz9k4sn_q']
[2023-03-13T22:49:08.613+0000] {standard_task_runner.py:83} INFO - Job 430: Subtask demarre_ELK
[2023-03-13T22:49:08.688+0000] {task_command.py:388} INFO - Running <TaskInstance: AUTOMATISATION.demarre_ELK scheduled__2023-03-13T00:03:51+00:00 [running]> on host dev
[2023-03-13T22:49:08.775+0000] {taskinstance.py:1507} INFO - Exporting the following env vars:
AIRFLOW_CTX_DAG_OWNER=airflow
AIRFLOW_CTX_DAG_ID=AUTOMATISATION
AIRFLOW_CTX_TASK_ID=demarre_ELK
AIRFLOW_CTX_EXECUTION_DATE=2023-03-13T00:03:51+00:00
AIRFLOW_CTX_TRY_NUMBER=1
AIRFLOW_CTX_DAG_RUN_ID=scheduled__2023-03-13T00:03:51+00:00
[2023-03-13T22:49:08.776+0000] {subprocess.py:63} INFO - Tmp dir root location: 
 /tmp
[2023-03-13T22:49:08.777+0000] {subprocess.py:75} INFO - Running command: ['/usr/bin/bash', '-c', 'docker-compose -f /home/dev/soute/ELK/docker-compose.yml up -d']
[2023-03-13T22:49:08.786+0000] {subprocess.py:86} INFO - Output:
[2023-03-13T22:49:09.587+0000] {subprocess.py:93} INFO - elasticsearch is up-to-date
[2023-03-13T22:49:09.588+0000] {subprocess.py:93} INFO - kibana is up-to-date
[2023-03-13T22:49:09.656+0000] {subprocess.py:97} INFO - Command exited with return code 0
[2023-03-13T22:49:09.697+0000] {taskinstance.py:1318} INFO - Marking task as SUCCESS. dag_id=AUTOMATISATION, task_id=demarre_ELK, execution_date=20230313T000351, start_date=20230313T224908, end_date=20230313T224909
[2023-03-13T22:49:09.746+0000] {local_task_job.py:208} INFO - Task exited with return code 0
[2023-03-13T22:49:09.776+0000] {taskinstance.py:2578} INFO - 1 downstream tasks scheduled from follow-on schedule check
[2023-03-15T07:35:36.353+0000] {taskinstance.py:1083} INFO - Dependencies all met for <TaskInstance: AUTOMATISATION.demarre_ELK scheduled__2023-03-13T00:03:51+00:00 [queued]>
[2023-03-15T07:35:36.358+0000] {taskinstance.py:1083} INFO - Dependencies all met for <TaskInstance: AUTOMATISATION.demarre_ELK scheduled__2023-03-13T00:03:51+00:00 [queued]>
[2023-03-15T07:35:36.358+0000] {taskinstance.py:1279} INFO - 
--------------------------------------------------------------------------------
[2023-03-15T07:35:36.358+0000] {taskinstance.py:1280} INFO - Starting attempt 1 of 2
[2023-03-15T07:35:36.358+0000] {taskinstance.py:1281} INFO - 
--------------------------------------------------------------------------------
[2023-03-15T07:35:36.368+0000] {taskinstance.py:1300} INFO - Executing <Task(BashOperator): demarre_ELK> on 2023-03-13 00:03:51+00:00
[2023-03-15T07:35:36.370+0000] {standard_task_runner.py:55} INFO - Started process 133450 to run task
[2023-03-15T07:35:36.371+0000] {standard_task_runner.py:82} INFO - Running: ['airflow', 'tasks', 'run', 'AUTOMATISATION', 'demarre_ELK', 'scheduled__2023-03-13T00:03:51+00:00', '--job-id', '801', '--raw', '--subdir', 'DAGS_FOLDER/main.py', '--cfg-path', '/tmp/tmp2f77acq1']
[2023-03-15T07:35:36.372+0000] {standard_task_runner.py:83} INFO - Job 801: Subtask demarre_ELK
[2023-03-15T07:35:36.399+0000] {task_command.py:388} INFO - Running <TaskInstance: AUTOMATISATION.demarre_ELK scheduled__2023-03-13T00:03:51+00:00 [running]> on host dev
[2023-03-15T07:35:36.434+0000] {taskinstance.py:1507} INFO - Exporting the following env vars:
AIRFLOW_CTX_DAG_OWNER=airflow
AIRFLOW_CTX_DAG_ID=AUTOMATISATION
AIRFLOW_CTX_TASK_ID=demarre_ELK
AIRFLOW_CTX_EXECUTION_DATE=2023-03-13T00:03:51+00:00
AIRFLOW_CTX_TRY_NUMBER=1
AIRFLOW_CTX_DAG_RUN_ID=scheduled__2023-03-13T00:03:51+00:00
[2023-03-15T07:35:36.435+0000] {subprocess.py:63} INFO - Tmp dir root location: 
 /tmp
[2023-03-15T07:35:36.435+0000] {subprocess.py:75} INFO - Running command: ['/usr/bin/bash', '-c', 'docker-compose -f /home/dev/soute/ELK/docker-compose.yml up -d']
[2023-03-15T07:35:36.440+0000] {subprocess.py:86} INFO - Output:
[2023-03-15T07:35:36.743+0000] {subprocess.py:93} INFO - elasticsearch is up-to-date
[2023-03-15T07:35:36.744+0000] {subprocess.py:93} INFO - kibana is up-to-date
[2023-03-15T07:35:36.767+0000] {subprocess.py:97} INFO - Command exited with return code 0
[2023-03-15T07:35:36.786+0000] {taskinstance.py:1318} INFO - Marking task as SUCCESS. dag_id=AUTOMATISATION, task_id=demarre_ELK, execution_date=20230313T000351, start_date=20230315T073536, end_date=20230315T073536
[2023-03-15T07:35:36.824+0000] {local_task_job.py:208} INFO - Task exited with return code 0
[2023-03-15T07:35:36.846+0000] {taskinstance.py:2578} INFO - 1 downstream tasks scheduled from follow-on schedule check
