[2023-03-13T19:50:41.589+0000] {taskinstance.py:1083} INFO - Dependencies all met for <TaskInstance: AUTOMATISATION.Chargement_des_données_in_ELK scheduled__2023-03-13T00:00:03+00:00 [queued]>
[2023-03-13T19:50:41.601+0000] {taskinstance.py:1083} INFO - Dependencies all met for <TaskInstance: AUTOMATISATION.Chargement_des_données_in_ELK scheduled__2023-03-13T00:00:03+00:00 [queued]>
[2023-03-13T19:50:41.601+0000] {taskinstance.py:1279} INFO - 
--------------------------------------------------------------------------------
[2023-03-13T19:50:41.601+0000] {taskinstance.py:1280} INFO - Starting attempt 3 of 4
[2023-03-13T19:50:41.601+0000] {taskinstance.py:1281} INFO - 
--------------------------------------------------------------------------------
[2023-03-13T19:50:41.621+0000] {taskinstance.py:1300} INFO - Executing <Task(BashOperator): Chargement_des_données_in_ELK> on 2023-03-13 00:00:03+00:00
[2023-03-13T19:50:41.624+0000] {standard_task_runner.py:55} INFO - Started process 38469 to run task
[2023-03-13T19:50:41.628+0000] {standard_task_runner.py:82} INFO - Running: ['airflow', 'tasks', 'run', 'AUTOMATISATION', 'Chargement_des_données_in_ELK', 'scheduled__2023-03-13T00:00:03+00:00', '--job-id', '100', '--raw', '--subdir', 'DAGS_FOLDER/main.py', '--cfg-path', '/tmp/tmpz8slvhj8']
[2023-03-13T19:50:41.630+0000] {standard_task_runner.py:83} INFO - Job 100: Subtask Chargement_des_données_in_ELK
[2023-03-13T19:50:41.690+0000] {task_command.py:388} INFO - Running <TaskInstance: AUTOMATISATION.Chargement_des_données_in_ELK scheduled__2023-03-13T00:00:03+00:00 [running]> on host dev
[2023-03-13T19:50:41.750+0000] {taskinstance.py:1507} INFO - Exporting the following env vars:
AIRFLOW_CTX_DAG_OWNER=airflow
AIRFLOW_CTX_DAG_ID=AUTOMATISATION
AIRFLOW_CTX_TASK_ID=Chargement_des_données_in_ELK
AIRFLOW_CTX_EXECUTION_DATE=2023-03-13T00:00:03+00:00
AIRFLOW_CTX_TRY_NUMBER=3
AIRFLOW_CTX_DAG_RUN_ID=scheduled__2023-03-13T00:00:03+00:00
[2023-03-13T19:50:41.751+0000] {subprocess.py:63} INFO - Tmp dir root location: 
 /tmp
[2023-03-13T19:50:41.752+0000] {subprocess.py:75} INFO - Running command: ['/usr/bin/bash', '-c', 'bin/logstash --path.config /etc/logstash/conf.d/data.conf']
[2023-03-13T19:50:41.759+0000] {subprocess.py:86} INFO - Output:
[2023-03-13T19:50:41.761+0000] {subprocess.py:93} INFO - /usr/bin/bash: ligne 1: bin/logstash: Aucun fichier ou dossier de ce type
[2023-03-13T19:50:41.761+0000] {subprocess.py:97} INFO - Command exited with return code 127
[2023-03-13T19:50:41.771+0000] {taskinstance.py:1768} ERROR - Task failed with exception
Traceback (most recent call last):
  File "/home/dev/airflow/airflow/lib/python3.10/site-packages/airflow/operators/bash.py", line 196, in execute
    raise AirflowException(
airflow.exceptions.AirflowException: Bash command failed. The command returned a non-zero exit code 127.
[2023-03-13T19:50:41.775+0000] {taskinstance.py:1318} INFO - Marking task as UP_FOR_RETRY. dag_id=AUTOMATISATION, task_id=Chargement_des_données_in_ELK, execution_date=20230313T000003, start_date=20230313T195041, end_date=20230313T195041
[2023-03-13T19:50:41.791+0000] {standard_task_runner.py:100} ERROR - Failed to execute job 100 for task Chargement_des_données_in_ELK (Bash command failed. The command returned a non-zero exit code 127.; 38469)
[2023-03-13T19:50:41.799+0000] {local_task_job.py:208} INFO - Task exited with return code 1
[2023-03-13T19:50:41.818+0000] {taskinstance.py:2578} INFO - 0 downstream tasks scheduled from follow-on schedule check
[2023-03-13T20:12:07.169+0000] {taskinstance.py:1083} INFO - Dependencies all met for <TaskInstance: AUTOMATISATION.Chargement_des_données_in_ELK scheduled__2023-03-13T00:00:03+00:00 [queued]>
[2023-03-13T20:12:07.184+0000] {taskinstance.py:1083} INFO - Dependencies all met for <TaskInstance: AUTOMATISATION.Chargement_des_données_in_ELK scheduled__2023-03-13T00:00:03+00:00 [queued]>
[2023-03-13T20:12:07.184+0000] {taskinstance.py:1279} INFO - 
--------------------------------------------------------------------------------
[2023-03-13T20:12:07.184+0000] {taskinstance.py:1280} INFO - Starting attempt 3 of 4
[2023-03-13T20:12:07.184+0000] {taskinstance.py:1281} INFO - 
--------------------------------------------------------------------------------
[2023-03-13T20:12:07.207+0000] {taskinstance.py:1300} INFO - Executing <Task(BashOperator): Chargement_des_données_in_ELK> on 2023-03-13 00:00:03+00:00
[2023-03-13T20:12:07.211+0000] {standard_task_runner.py:55} INFO - Started process 42363 to run task
[2023-03-13T20:12:07.215+0000] {standard_task_runner.py:82} INFO - Running: ['airflow', 'tasks', 'run', 'AUTOMATISATION', 'Chargement_des_données_in_ELK', 'scheduled__2023-03-13T00:00:03+00:00', '--job-id', '212', '--raw', '--subdir', 'DAGS_FOLDER/main.py', '--cfg-path', '/tmp/tmpapo98rig']
[2023-03-13T20:12:07.217+0000] {standard_task_runner.py:83} INFO - Job 212: Subtask Chargement_des_données_in_ELK
[2023-03-13T20:12:07.285+0000] {task_command.py:388} INFO - Running <TaskInstance: AUTOMATISATION.Chargement_des_données_in_ELK scheduled__2023-03-13T00:00:03+00:00 [running]> on host dev
[2023-03-13T20:12:07.353+0000] {taskinstance.py:1507} INFO - Exporting the following env vars:
AIRFLOW_CTX_DAG_OWNER=airflow
AIRFLOW_CTX_DAG_ID=AUTOMATISATION
AIRFLOW_CTX_TASK_ID=Chargement_des_données_in_ELK
AIRFLOW_CTX_EXECUTION_DATE=2023-03-13T00:00:03+00:00
AIRFLOW_CTX_TRY_NUMBER=3
AIRFLOW_CTX_DAG_RUN_ID=scheduled__2023-03-13T00:00:03+00:00
[2023-03-13T20:12:07.355+0000] {subprocess.py:63} INFO - Tmp dir root location: 
 /tmp
[2023-03-13T20:12:07.356+0000] {subprocess.py:75} INFO - Running command: ['/usr/bin/bash', '-c', 'bin/logstash -f /home/dev/etc/logstash/conf.d/data.conf']
[2023-03-13T20:12:07.365+0000] {subprocess.py:86} INFO - Output:
[2023-03-13T20:12:07.367+0000] {subprocess.py:93} INFO - /usr/bin/bash: ligne 1: bin/logstash: Aucun fichier ou dossier de ce type
[2023-03-13T20:12:07.367+0000] {subprocess.py:97} INFO - Command exited with return code 127
[2023-03-13T20:12:07.378+0000] {taskinstance.py:1768} ERROR - Task failed with exception
Traceback (most recent call last):
  File "/home/dev/airflow/airflow/lib/python3.10/site-packages/airflow/operators/bash.py", line 196, in execute
    raise AirflowException(
airflow.exceptions.AirflowException: Bash command failed. The command returned a non-zero exit code 127.
[2023-03-13T20:12:07.382+0000] {taskinstance.py:1318} INFO - Marking task as UP_FOR_RETRY. dag_id=AUTOMATISATION, task_id=Chargement_des_données_in_ELK, execution_date=20230313T000003, start_date=20230313T201207, end_date=20230313T201207
[2023-03-13T20:12:07.401+0000] {standard_task_runner.py:100} ERROR - Failed to execute job 212 for task Chargement_des_données_in_ELK (Bash command failed. The command returned a non-zero exit code 127.; 42363)
[2023-03-13T20:12:07.426+0000] {local_task_job.py:208} INFO - Task exited with return code 1
[2023-03-13T20:12:07.446+0000] {taskinstance.py:2578} INFO - 0 downstream tasks scheduled from follow-on schedule check
