[2023-03-13T21:44:25.356+0000] {taskinstance.py:1083} INFO - Dependencies all met for <TaskInstance: AUTOMATISATION.demarre_ELK scheduled__2023-03-13T00:02:18+00:00 [queued]>
[2023-03-13T21:44:25.368+0000] {taskinstance.py:1083} INFO - Dependencies all met for <TaskInstance: AUTOMATISATION.demarre_ELK scheduled__2023-03-13T00:02:18+00:00 [queued]>
[2023-03-13T21:44:25.368+0000] {taskinstance.py:1279} INFO - 
--------------------------------------------------------------------------------
[2023-03-13T21:44:25.368+0000] {taskinstance.py:1280} INFO - Starting attempt 1 of 2
[2023-03-13T21:44:25.368+0000] {taskinstance.py:1281} INFO - 
--------------------------------------------------------------------------------
[2023-03-13T21:44:25.392+0000] {taskinstance.py:1300} INFO - Executing <Task(BashOperator): demarre_ELK> on 2023-03-13 00:02:18+00:00
[2023-03-13T21:44:25.395+0000] {standard_task_runner.py:55} INFO - Started process 63596 to run task
[2023-03-13T21:44:25.399+0000] {standard_task_runner.py:82} INFO - Running: ['airflow', 'tasks', 'run', 'AUTOMATISATION', 'demarre_ELK', 'scheduled__2023-03-13T00:02:18+00:00', '--job-id', '368', '--raw', '--subdir', 'DAGS_FOLDER/main.py', '--cfg-path', '/tmp/tmp1imgzzp4']
[2023-03-13T21:44:25.401+0000] {standard_task_runner.py:83} INFO - Job 368: Subtask demarre_ELK
[2023-03-13T21:44:25.478+0000] {task_command.py:388} INFO - Running <TaskInstance: AUTOMATISATION.demarre_ELK scheduled__2023-03-13T00:02:18+00:00 [running]> on host dev
[2023-03-13T21:44:25.565+0000] {taskinstance.py:1507} INFO - Exporting the following env vars:
AIRFLOW_CTX_DAG_OWNER=airflow
AIRFLOW_CTX_DAG_ID=AUTOMATISATION
AIRFLOW_CTX_TASK_ID=demarre_ELK
AIRFLOW_CTX_EXECUTION_DATE=2023-03-13T00:02:18+00:00
AIRFLOW_CTX_TRY_NUMBER=1
AIRFLOW_CTX_DAG_RUN_ID=scheduled__2023-03-13T00:02:18+00:00
[2023-03-13T21:44:25.566+0000] {subprocess.py:63} INFO - Tmp dir root location: 
 /tmp
[2023-03-13T21:44:25.567+0000] {subprocess.py:75} INFO - Running command: ['/usr/bin/bash', '-c', 'docker-compose -f /home/dev/soute/ELK/docker-compose.yml up -d']
[2023-03-13T21:44:25.575+0000] {subprocess.py:86} INFO - Output:
[2023-03-13T21:44:26.325+0000] {subprocess.py:93} INFO - elasticsearch is up-to-date
[2023-03-13T21:44:26.326+0000] {subprocess.py:93} INFO - kibana is up-to-date
[2023-03-13T21:44:26.381+0000] {subprocess.py:97} INFO - Command exited with return code 0
[2023-03-13T21:44:26.415+0000] {taskinstance.py:1318} INFO - Marking task as SUCCESS. dag_id=AUTOMATISATION, task_id=demarre_ELK, execution_date=20230313T000218, start_date=20230313T214425, end_date=20230313T214426
[2023-03-13T21:44:26.454+0000] {local_task_job.py:208} INFO - Task exited with return code 0
[2023-03-13T21:44:26.480+0000] {taskinstance.py:2578} INFO - 1 downstream tasks scheduled from follow-on schedule check
[2023-03-14T10:02:39.634+0000] {taskinstance.py:1083} INFO - Dependencies all met for <TaskInstance: AUTOMATISATION.demarre_ELK scheduled__2023-03-13T00:02:18+00:00 [queued]>
[2023-03-14T10:02:39.646+0000] {taskinstance.py:1083} INFO - Dependencies all met for <TaskInstance: AUTOMATISATION.demarre_ELK scheduled__2023-03-13T00:02:18+00:00 [queued]>
[2023-03-14T10:02:39.646+0000] {taskinstance.py:1279} INFO - 
--------------------------------------------------------------------------------
[2023-03-14T10:02:39.646+0000] {taskinstance.py:1280} INFO - Starting attempt 1 of 2
[2023-03-14T10:02:39.647+0000] {taskinstance.py:1281} INFO - 
--------------------------------------------------------------------------------
[2023-03-14T10:02:39.666+0000] {taskinstance.py:1300} INFO - Executing <Task(BashOperator): demarre_ELK> on 2023-03-13 00:02:18+00:00
[2023-03-14T10:02:39.669+0000] {standard_task_runner.py:55} INFO - Started process 35298 to run task
[2023-03-14T10:02:39.673+0000] {standard_task_runner.py:82} INFO - Running: ['airflow', 'tasks', 'run', 'AUTOMATISATION', 'demarre_ELK', 'scheduled__2023-03-13T00:02:18+00:00', '--job-id', '612', '--raw', '--subdir', 'DAGS_FOLDER/main.py', '--cfg-path', '/tmp/tmp3oaios58']
[2023-03-14T10:02:39.675+0000] {standard_task_runner.py:83} INFO - Job 612: Subtask demarre_ELK
[2023-03-14T10:02:39.743+0000] {task_command.py:388} INFO - Running <TaskInstance: AUTOMATISATION.demarre_ELK scheduled__2023-03-13T00:02:18+00:00 [running]> on host dev
[2023-03-14T10:02:39.816+0000] {taskinstance.py:1507} INFO - Exporting the following env vars:
AIRFLOW_CTX_DAG_OWNER=airflow
AIRFLOW_CTX_DAG_ID=AUTOMATISATION
AIRFLOW_CTX_TASK_ID=demarre_ELK
AIRFLOW_CTX_EXECUTION_DATE=2023-03-13T00:02:18+00:00
AIRFLOW_CTX_TRY_NUMBER=1
AIRFLOW_CTX_DAG_RUN_ID=scheduled__2023-03-13T00:02:18+00:00
[2023-03-14T10:02:39.818+0000] {subprocess.py:63} INFO - Tmp dir root location: 
 /tmp
[2023-03-14T10:02:39.819+0000] {subprocess.py:75} INFO - Running command: ['/usr/bin/bash', '-c', 'docker-compose -f /home/dev/soute/ELK/docker-compose.yml up -d']
[2023-03-14T10:02:39.827+0000] {subprocess.py:86} INFO - Output:
[2023-03-14T10:02:40.578+0000] {subprocess.py:93} INFO - elasticsearch is up-to-date
[2023-03-14T10:02:40.579+0000] {subprocess.py:93} INFO - kibana is up-to-date
[2023-03-14T10:02:40.631+0000] {subprocess.py:97} INFO - Command exited with return code 0
[2023-03-14T10:02:40.659+0000] {taskinstance.py:1318} INFO - Marking task as SUCCESS. dag_id=AUTOMATISATION, task_id=demarre_ELK, execution_date=20230313T000218, start_date=20230314T100239, end_date=20230314T100240
[2023-03-14T10:02:40.687+0000] {local_task_job.py:208} INFO - Task exited with return code 0
[2023-03-14T10:02:40.714+0000] {taskinstance.py:2578} INFO - 1 downstream tasks scheduled from follow-on schedule check
[2023-03-15T07:23:47.771+0000] {taskinstance.py:1083} INFO - Dependencies all met for <TaskInstance: AUTOMATISATION.demarre_ELK scheduled__2023-03-13T00:02:18+00:00 [queued]>
[2023-03-15T07:23:47.777+0000] {taskinstance.py:1083} INFO - Dependencies all met for <TaskInstance: AUTOMATISATION.demarre_ELK scheduled__2023-03-13T00:02:18+00:00 [queued]>
[2023-03-15T07:23:47.777+0000] {taskinstance.py:1279} INFO - 
--------------------------------------------------------------------------------
[2023-03-15T07:23:47.777+0000] {taskinstance.py:1280} INFO - Starting attempt 1 of 2
[2023-03-15T07:23:47.778+0000] {taskinstance.py:1281} INFO - 
--------------------------------------------------------------------------------
[2023-03-15T07:23:47.790+0000] {taskinstance.py:1300} INFO - Executing <Task(BashOperator): demarre_ELK> on 2023-03-13 00:02:18+00:00
[2023-03-15T07:23:47.792+0000] {standard_task_runner.py:55} INFO - Started process 125701 to run task
[2023-03-15T07:23:47.794+0000] {standard_task_runner.py:82} INFO - Running: ['airflow', 'tasks', 'run', 'AUTOMATISATION', 'demarre_ELK', 'scheduled__2023-03-13T00:02:18+00:00', '--job-id', '739', '--raw', '--subdir', 'DAGS_FOLDER/main.py', '--cfg-path', '/tmp/tmp6ouys3__']
[2023-03-15T07:23:47.795+0000] {standard_task_runner.py:83} INFO - Job 739: Subtask demarre_ELK
[2023-03-15T07:23:47.824+0000] {task_command.py:388} INFO - Running <TaskInstance: AUTOMATISATION.demarre_ELK scheduled__2023-03-13T00:02:18+00:00 [running]> on host dev
[2023-03-15T07:23:47.867+0000] {taskinstance.py:1507} INFO - Exporting the following env vars:
AIRFLOW_CTX_DAG_OWNER=airflow
AIRFLOW_CTX_DAG_ID=AUTOMATISATION
AIRFLOW_CTX_TASK_ID=demarre_ELK
AIRFLOW_CTX_EXECUTION_DATE=2023-03-13T00:02:18+00:00
AIRFLOW_CTX_TRY_NUMBER=1
AIRFLOW_CTX_DAG_RUN_ID=scheduled__2023-03-13T00:02:18+00:00
[2023-03-15T07:23:47.867+0000] {subprocess.py:63} INFO - Tmp dir root location: 
 /tmp
[2023-03-15T07:23:47.868+0000] {subprocess.py:75} INFO - Running command: ['/usr/bin/bash', '-c', 'docker-compose -f /home/dev/soute/ELK/docker-compose.yml up -d']
[2023-03-15T07:23:47.872+0000] {subprocess.py:86} INFO - Output:
[2023-03-15T07:23:48.208+0000] {subprocess.py:93} INFO - elasticsearch is up-to-date
[2023-03-15T07:23:48.208+0000] {subprocess.py:93} INFO - kibana is up-to-date
[2023-03-15T07:23:48.231+0000] {subprocess.py:97} INFO - Command exited with return code 0
[2023-03-15T07:23:48.247+0000] {taskinstance.py:1318} INFO - Marking task as SUCCESS. dag_id=AUTOMATISATION, task_id=demarre_ELK, execution_date=20230313T000218, start_date=20230315T072347, end_date=20230315T072348
[2023-03-15T07:23:48.287+0000] {local_task_job.py:208} INFO - Task exited with return code 0
[2023-03-15T07:23:48.297+0000] {taskinstance.py:2578} INFO - 1 downstream tasks scheduled from follow-on schedule check
