[2023-03-13T23:26:15.996+0000] {taskinstance.py:1083} INFO - Dependencies all met for <TaskInstance: AUTOMATISATION.demarre_ELK scheduled__2023-03-13T00:04:45+00:00 [queued]>
[2023-03-13T23:26:16.017+0000] {taskinstance.py:1083} INFO - Dependencies all met for <TaskInstance: AUTOMATISATION.demarre_ELK scheduled__2023-03-13T00:04:45+00:00 [queued]>
[2023-03-13T23:26:16.017+0000] {taskinstance.py:1279} INFO - 
--------------------------------------------------------------------------------
[2023-03-13T23:26:16.017+0000] {taskinstance.py:1280} INFO - Starting attempt 1 of 2
[2023-03-13T23:26:16.017+0000] {taskinstance.py:1281} INFO - 
--------------------------------------------------------------------------------
[2023-03-13T23:26:16.138+0000] {taskinstance.py:1300} INFO - Executing <Task(BashOperator): demarre_ELK> on 2023-03-13 00:04:45+00:00
[2023-03-13T23:26:16.141+0000] {standard_task_runner.py:55} INFO - Started process 85969 to run task
[2023-03-13T23:26:16.145+0000] {standard_task_runner.py:82} INFO - Running: ['airflow', 'tasks', 'run', 'AUTOMATISATION', 'demarre_ELK', 'scheduled__2023-03-13T00:04:45+00:00', '--job-id', '466', '--raw', '--subdir', 'DAGS_FOLDER/main.py', '--cfg-path', '/tmp/tmp25at1lva']
[2023-03-13T23:26:16.147+0000] {standard_task_runner.py:83} INFO - Job 466: Subtask demarre_ELK
[2023-03-13T23:26:16.328+0000] {task_command.py:388} INFO - Running <TaskInstance: AUTOMATISATION.demarre_ELK scheduled__2023-03-13T00:04:45+00:00 [running]> on host dev
[2023-03-13T23:26:17.294+0000] {taskinstance.py:1507} INFO - Exporting the following env vars:
AIRFLOW_CTX_DAG_OWNER=airflow
AIRFLOW_CTX_DAG_ID=AUTOMATISATION
AIRFLOW_CTX_TASK_ID=demarre_ELK
AIRFLOW_CTX_EXECUTION_DATE=2023-03-13T00:04:45+00:00
AIRFLOW_CTX_TRY_NUMBER=1
AIRFLOW_CTX_DAG_RUN_ID=scheduled__2023-03-13T00:04:45+00:00
[2023-03-13T23:26:17.295+0000] {subprocess.py:63} INFO - Tmp dir root location: 
 /tmp
[2023-03-13T23:26:17.296+0000] {subprocess.py:75} INFO - Running command: ['/usr/bin/bash', '-c', 'docker-compose -f /home/dev/soute/ELK/docker-compose.yml up -d']
[2023-03-13T23:26:17.314+0000] {subprocess.py:86} INFO - Output:
[2023-03-13T23:26:18.250+0000] {subprocess.py:93} INFO - elasticsearch is up-to-date
[2023-03-13T23:26:18.250+0000] {subprocess.py:93} INFO - kibana is up-to-date
[2023-03-13T23:26:18.303+0000] {subprocess.py:97} INFO - Command exited with return code 0
[2023-03-13T23:26:18.338+0000] {taskinstance.py:1318} INFO - Marking task as SUCCESS. dag_id=AUTOMATISATION, task_id=demarre_ELK, execution_date=20230313T000445, start_date=20230313T232616, end_date=20230313T232618
[2023-03-13T23:26:18.404+0000] {local_task_job.py:208} INFO - Task exited with return code 0
[2023-03-13T23:26:18.432+0000] {taskinstance.py:2578} INFO - 1 downstream tasks scheduled from follow-on schedule check
[2023-03-15T07:41:30.078+0000] {taskinstance.py:1083} INFO - Dependencies all met for <TaskInstance: AUTOMATISATION.demarre_ELK scheduled__2023-03-13T00:04:45+00:00 [queued]>
[2023-03-15T07:41:30.083+0000] {taskinstance.py:1083} INFO - Dependencies all met for <TaskInstance: AUTOMATISATION.demarre_ELK scheduled__2023-03-13T00:04:45+00:00 [queued]>
[2023-03-15T07:41:30.084+0000] {taskinstance.py:1279} INFO - 
--------------------------------------------------------------------------------
[2023-03-15T07:41:30.084+0000] {taskinstance.py:1280} INFO - Starting attempt 1 of 2
[2023-03-15T07:41:30.084+0000] {taskinstance.py:1281} INFO - 
--------------------------------------------------------------------------------
[2023-03-15T07:41:30.096+0000] {taskinstance.py:1300} INFO - Executing <Task(BashOperator): demarre_ELK> on 2023-03-13 00:04:45+00:00
[2023-03-15T07:41:30.098+0000] {standard_task_runner.py:55} INFO - Started process 136737 to run task
[2023-03-15T07:41:30.099+0000] {standard_task_runner.py:82} INFO - Running: ['airflow', 'tasks', 'run', 'AUTOMATISATION', 'demarre_ELK', 'scheduled__2023-03-13T00:04:45+00:00', '--job-id', '837', '--raw', '--subdir', 'DAGS_FOLDER/main.py', '--cfg-path', '/tmp/tmpyqdwz5yd']
[2023-03-15T07:41:30.100+0000] {standard_task_runner.py:83} INFO - Job 837: Subtask demarre_ELK
[2023-03-15T07:41:30.127+0000] {task_command.py:388} INFO - Running <TaskInstance: AUTOMATISATION.demarre_ELK scheduled__2023-03-13T00:04:45+00:00 [running]> on host dev
[2023-03-15T07:41:30.161+0000] {taskinstance.py:1507} INFO - Exporting the following env vars:
AIRFLOW_CTX_DAG_OWNER=airflow
AIRFLOW_CTX_DAG_ID=AUTOMATISATION
AIRFLOW_CTX_TASK_ID=demarre_ELK
AIRFLOW_CTX_EXECUTION_DATE=2023-03-13T00:04:45+00:00
AIRFLOW_CTX_TRY_NUMBER=1
AIRFLOW_CTX_DAG_RUN_ID=scheduled__2023-03-13T00:04:45+00:00
[2023-03-15T07:41:30.162+0000] {subprocess.py:63} INFO - Tmp dir root location: 
 /tmp
[2023-03-15T07:41:30.163+0000] {subprocess.py:75} INFO - Running command: ['/usr/bin/bash', '-c', 'docker-compose -f /home/dev/soute/ELK/docker-compose.yml up -d']
[2023-03-15T07:41:30.166+0000] {subprocess.py:86} INFO - Output:
[2023-03-15T07:41:30.458+0000] {subprocess.py:93} INFO - elasticsearch is up-to-date
[2023-03-15T07:41:30.458+0000] {subprocess.py:93} INFO - kibana is up-to-date
[2023-03-15T07:41:30.480+0000] {subprocess.py:97} INFO - Command exited with return code 0
[2023-03-15T07:41:30.494+0000] {taskinstance.py:1318} INFO - Marking task as SUCCESS. dag_id=AUTOMATISATION, task_id=demarre_ELK, execution_date=20230313T000445, start_date=20230315T074130, end_date=20230315T074130
[2023-03-15T07:41:30.512+0000] {local_task_job.py:208} INFO - Task exited with return code 0
[2023-03-15T07:41:30.531+0000] {taskinstance.py:2578} INFO - 1 downstream tasks scheduled from follow-on schedule check
