[2023-03-13T22:01:11.654+0000] {taskinstance.py:1083} INFO - Dependencies all met for <TaskInstance: AUTOMATISATION.demarre_ELK scheduled__2023-03-13T00:02:42+00:00 [queued]>
[2023-03-13T22:01:11.667+0000] {taskinstance.py:1083} INFO - Dependencies all met for <TaskInstance: AUTOMATISATION.demarre_ELK scheduled__2023-03-13T00:02:42+00:00 [queued]>
[2023-03-13T22:01:11.668+0000] {taskinstance.py:1279} INFO - 
--------------------------------------------------------------------------------
[2023-03-13T22:01:11.668+0000] {taskinstance.py:1280} INFO - Starting attempt 1 of 2
[2023-03-13T22:01:11.668+0000] {taskinstance.py:1281} INFO - 
--------------------------------------------------------------------------------
[2023-03-13T22:01:11.693+0000] {taskinstance.py:1300} INFO - Executing <Task(BashOperator): demarre_ELK> on 2023-03-13 00:02:42+00:00
[2023-03-13T22:01:11.698+0000] {standard_task_runner.py:55} INFO - Started process 67264 to run task
[2023-03-13T22:01:11.702+0000] {standard_task_runner.py:82} INFO - Running: ['airflow', 'tasks', 'run', 'AUTOMATISATION', 'demarre_ELK', 'scheduled__2023-03-13T00:02:42+00:00', '--job-id', '384', '--raw', '--subdir', 'DAGS_FOLDER/main.py', '--cfg-path', '/tmp/tmpcdnvue5q']
[2023-03-13T22:01:11.704+0000] {standard_task_runner.py:83} INFO - Job 384: Subtask demarre_ELK
[2023-03-13T22:01:11.790+0000] {task_command.py:388} INFO - Running <TaskInstance: AUTOMATISATION.demarre_ELK scheduled__2023-03-13T00:02:42+00:00 [running]> on host dev
[2023-03-13T22:01:11.880+0000] {taskinstance.py:1507} INFO - Exporting the following env vars:
AIRFLOW_CTX_DAG_OWNER=airflow
AIRFLOW_CTX_DAG_ID=AUTOMATISATION
AIRFLOW_CTX_TASK_ID=demarre_ELK
AIRFLOW_CTX_EXECUTION_DATE=2023-03-13T00:02:42+00:00
AIRFLOW_CTX_TRY_NUMBER=1
AIRFLOW_CTX_DAG_RUN_ID=scheduled__2023-03-13T00:02:42+00:00
[2023-03-13T22:01:11.882+0000] {subprocess.py:63} INFO - Tmp dir root location: 
 /tmp
[2023-03-13T22:01:11.883+0000] {subprocess.py:75} INFO - Running command: ['/usr/bin/bash', '-c', 'docker-compose -f /home/dev/soute/ELK/docker-compose.yml up -d']
[2023-03-13T22:01:11.891+0000] {subprocess.py:86} INFO - Output:
[2023-03-13T22:01:12.747+0000] {subprocess.py:93} INFO - elasticsearch is up-to-date
[2023-03-13T22:01:12.747+0000] {subprocess.py:93} INFO - kibana is up-to-date
[2023-03-13T22:01:12.800+0000] {subprocess.py:97} INFO - Command exited with return code 0
[2023-03-13T22:01:12.834+0000] {taskinstance.py:1318} INFO - Marking task as SUCCESS. dag_id=AUTOMATISATION, task_id=demarre_ELK, execution_date=20230313T000242, start_date=20230313T220111, end_date=20230313T220112
[2023-03-13T22:01:12.878+0000] {local_task_job.py:208} INFO - Task exited with return code 0
[2023-03-13T22:01:12.904+0000] {taskinstance.py:2578} INFO - 1 downstream tasks scheduled from follow-on schedule check
[2023-03-14T10:07:47.079+0000] {taskinstance.py:1083} INFO - Dependencies all met for <TaskInstance: AUTOMATISATION.demarre_ELK scheduled__2023-03-13T00:02:42+00:00 [queued]>
[2023-03-14T10:07:47.090+0000] {taskinstance.py:1083} INFO - Dependencies all met for <TaskInstance: AUTOMATISATION.demarre_ELK scheduled__2023-03-13T00:02:42+00:00 [queued]>
[2023-03-14T10:07:47.090+0000] {taskinstance.py:1279} INFO - 
--------------------------------------------------------------------------------
[2023-03-14T10:07:47.090+0000] {taskinstance.py:1280} INFO - Starting attempt 1 of 2
[2023-03-14T10:07:47.090+0000] {taskinstance.py:1281} INFO - 
--------------------------------------------------------------------------------
[2023-03-14T10:07:47.110+0000] {taskinstance.py:1300} INFO - Executing <Task(BashOperator): demarre_ELK> on 2023-03-13 00:02:42+00:00
[2023-03-14T10:07:47.113+0000] {standard_task_runner.py:55} INFO - Started process 36961 to run task
[2023-03-14T10:07:47.117+0000] {standard_task_runner.py:82} INFO - Running: ['airflow', 'tasks', 'run', 'AUTOMATISATION', 'demarre_ELK', 'scheduled__2023-03-13T00:02:42+00:00', '--job-id', '628', '--raw', '--subdir', 'DAGS_FOLDER/main.py', '--cfg-path', '/tmp/tmpy161gssx']
[2023-03-14T10:07:47.119+0000] {standard_task_runner.py:83} INFO - Job 628: Subtask demarre_ELK
[2023-03-14T10:07:47.185+0000] {task_command.py:388} INFO - Running <TaskInstance: AUTOMATISATION.demarre_ELK scheduled__2023-03-13T00:02:42+00:00 [running]> on host dev
[2023-03-14T10:07:47.259+0000] {taskinstance.py:1507} INFO - Exporting the following env vars:
AIRFLOW_CTX_DAG_OWNER=airflow
AIRFLOW_CTX_DAG_ID=AUTOMATISATION
AIRFLOW_CTX_TASK_ID=demarre_ELK
AIRFLOW_CTX_EXECUTION_DATE=2023-03-13T00:02:42+00:00
AIRFLOW_CTX_TRY_NUMBER=1
AIRFLOW_CTX_DAG_RUN_ID=scheduled__2023-03-13T00:02:42+00:00
[2023-03-14T10:07:47.260+0000] {subprocess.py:63} INFO - Tmp dir root location: 
 /tmp
[2023-03-14T10:07:47.261+0000] {subprocess.py:75} INFO - Running command: ['/usr/bin/bash', '-c', 'docker-compose -f /home/dev/soute/ELK/docker-compose.yml up -d']
[2023-03-14T10:07:47.269+0000] {subprocess.py:86} INFO - Output:
[2023-03-14T10:07:48.003+0000] {subprocess.py:93} INFO - elasticsearch is up-to-date
[2023-03-14T10:07:48.003+0000] {subprocess.py:93} INFO - kibana is up-to-date
[2023-03-14T10:07:48.055+0000] {subprocess.py:97} INFO - Command exited with return code 0
[2023-03-14T10:07:48.082+0000] {taskinstance.py:1318} INFO - Marking task as SUCCESS. dag_id=AUTOMATISATION, task_id=demarre_ELK, execution_date=20230313T000242, start_date=20230314T100747, end_date=20230314T100748
[2023-03-14T10:07:48.131+0000] {local_task_job.py:208} INFO - Task exited with return code 0
[2023-03-14T10:07:48.158+0000] {taskinstance.py:2578} INFO - 1 downstream tasks scheduled from follow-on schedule check
[2023-03-15T07:27:40.398+0000] {taskinstance.py:1083} INFO - Dependencies all met for <TaskInstance: AUTOMATISATION.demarre_ELK scheduled__2023-03-13T00:02:42+00:00 [queued]>
[2023-03-15T07:27:40.403+0000] {taskinstance.py:1083} INFO - Dependencies all met for <TaskInstance: AUTOMATISATION.demarre_ELK scheduled__2023-03-13T00:02:42+00:00 [queued]>
[2023-03-15T07:27:40.403+0000] {taskinstance.py:1279} INFO - 
--------------------------------------------------------------------------------
[2023-03-15T07:27:40.403+0000] {taskinstance.py:1280} INFO - Starting attempt 1 of 2
[2023-03-15T07:27:40.403+0000] {taskinstance.py:1281} INFO - 
--------------------------------------------------------------------------------
[2023-03-15T07:27:40.414+0000] {taskinstance.py:1300} INFO - Executing <Task(BashOperator): demarre_ELK> on 2023-03-13 00:02:42+00:00
[2023-03-15T07:27:40.416+0000] {standard_task_runner.py:55} INFO - Started process 128388 to run task
[2023-03-15T07:27:40.417+0000] {standard_task_runner.py:82} INFO - Running: ['airflow', 'tasks', 'run', 'AUTOMATISATION', 'demarre_ELK', 'scheduled__2023-03-13T00:02:42+00:00', '--job-id', '755', '--raw', '--subdir', 'DAGS_FOLDER/main.py', '--cfg-path', '/tmp/tmp_wi8vux9']
[2023-03-15T07:27:40.418+0000] {standard_task_runner.py:83} INFO - Job 755: Subtask demarre_ELK
[2023-03-15T07:27:40.446+0000] {task_command.py:388} INFO - Running <TaskInstance: AUTOMATISATION.demarre_ELK scheduled__2023-03-13T00:02:42+00:00 [running]> on host dev
[2023-03-15T07:27:40.482+0000] {taskinstance.py:1507} INFO - Exporting the following env vars:
AIRFLOW_CTX_DAG_OWNER=airflow
AIRFLOW_CTX_DAG_ID=AUTOMATISATION
AIRFLOW_CTX_TASK_ID=demarre_ELK
AIRFLOW_CTX_EXECUTION_DATE=2023-03-13T00:02:42+00:00
AIRFLOW_CTX_TRY_NUMBER=1
AIRFLOW_CTX_DAG_RUN_ID=scheduled__2023-03-13T00:02:42+00:00
[2023-03-15T07:27:40.483+0000] {subprocess.py:63} INFO - Tmp dir root location: 
 /tmp
[2023-03-15T07:27:40.483+0000] {subprocess.py:75} INFO - Running command: ['/usr/bin/bash', '-c', 'docker-compose -f /home/dev/soute/ELK/docker-compose.yml up -d']
[2023-03-15T07:27:40.487+0000] {subprocess.py:86} INFO - Output:
[2023-03-15T07:27:40.831+0000] {subprocess.py:93} INFO - elasticsearch is up-to-date
[2023-03-15T07:27:40.831+0000] {subprocess.py:93} INFO - kibana is up-to-date
[2023-03-15T07:27:40.868+0000] {subprocess.py:97} INFO - Command exited with return code 0
[2023-03-15T07:27:40.887+0000] {taskinstance.py:1318} INFO - Marking task as SUCCESS. dag_id=AUTOMATISATION, task_id=demarre_ELK, execution_date=20230313T000242, start_date=20230315T072740, end_date=20230315T072740
[2023-03-15T07:27:40.910+0000] {local_task_job.py:208} INFO - Task exited with return code 0
[2023-03-15T07:27:40.928+0000] {taskinstance.py:2578} INFO - 1 downstream tasks scheduled from follow-on schedule check
