[2023-03-13T23:05:31.522+0000] {taskinstance.py:1083} INFO - Dependencies all met for <TaskInstance: AUTOMATISATION.demarre_ELK scheduled__2023-03-13T00:04:15+00:00 [queued]>
[2023-03-13T23:05:31.533+0000] {taskinstance.py:1083} INFO - Dependencies all met for <TaskInstance: AUTOMATISATION.demarre_ELK scheduled__2023-03-13T00:04:15+00:00 [queued]>
[2023-03-13T23:05:31.533+0000] {taskinstance.py:1279} INFO - 
--------------------------------------------------------------------------------
[2023-03-13T23:05:31.533+0000] {taskinstance.py:1280} INFO - Starting attempt 1 of 2
[2023-03-13T23:05:31.534+0000] {taskinstance.py:1281} INFO - 
--------------------------------------------------------------------------------
[2023-03-13T23:05:31.561+0000] {taskinstance.py:1300} INFO - Executing <Task(BashOperator): demarre_ELK> on 2023-03-13 00:04:15+00:00
[2023-03-13T23:05:31.565+0000] {standard_task_runner.py:55} INFO - Started process 81962 to run task
[2023-03-13T23:05:31.569+0000] {standard_task_runner.py:82} INFO - Running: ['airflow', 'tasks', 'run', 'AUTOMATISATION', 'demarre_ELK', 'scheduled__2023-03-13T00:04:15+00:00', '--job-id', '446', '--raw', '--subdir', 'DAGS_FOLDER/main.py', '--cfg-path', '/tmp/tmppvz5t_x7']
[2023-03-13T23:05:31.571+0000] {standard_task_runner.py:83} INFO - Job 446: Subtask demarre_ELK
[2023-03-13T23:05:31.640+0000] {task_command.py:388} INFO - Running <TaskInstance: AUTOMATISATION.demarre_ELK scheduled__2023-03-13T00:04:15+00:00 [running]> on host dev
[2023-03-13T23:05:31.748+0000] {taskinstance.py:1507} INFO - Exporting the following env vars:
AIRFLOW_CTX_DAG_OWNER=airflow
AIRFLOW_CTX_DAG_ID=AUTOMATISATION
AIRFLOW_CTX_TASK_ID=demarre_ELK
AIRFLOW_CTX_EXECUTION_DATE=2023-03-13T00:04:15+00:00
AIRFLOW_CTX_TRY_NUMBER=1
AIRFLOW_CTX_DAG_RUN_ID=scheduled__2023-03-13T00:04:15+00:00
[2023-03-13T23:05:31.750+0000] {subprocess.py:63} INFO - Tmp dir root location: 
 /tmp
[2023-03-13T23:05:31.751+0000] {subprocess.py:75} INFO - Running command: ['/usr/bin/bash', '-c', 'docker-compose -f /home/dev/soute/ELK/docker-compose.yml up -d']
[2023-03-13T23:05:31.758+0000] {subprocess.py:86} INFO - Output:
[2023-03-13T23:05:32.520+0000] {subprocess.py:93} INFO - elasticsearch is up-to-date
[2023-03-13T23:05:32.521+0000] {subprocess.py:93} INFO - kibana is up-to-date
[2023-03-13T23:05:32.574+0000] {subprocess.py:97} INFO - Command exited with return code 0
[2023-03-13T23:05:32.609+0000] {taskinstance.py:1318} INFO - Marking task as SUCCESS. dag_id=AUTOMATISATION, task_id=demarre_ELK, execution_date=20230313T000415, start_date=20230313T230531, end_date=20230313T230532
[2023-03-13T23:05:32.663+0000] {local_task_job.py:208} INFO - Task exited with return code 0
[2023-03-13T23:05:32.690+0000] {taskinstance.py:2578} INFO - 1 downstream tasks scheduled from follow-on schedule check
[2023-03-15T07:37:56.909+0000] {taskinstance.py:1083} INFO - Dependencies all met for <TaskInstance: AUTOMATISATION.demarre_ELK scheduled__2023-03-13T00:04:15+00:00 [queued]>
[2023-03-15T07:37:56.913+0000] {taskinstance.py:1083} INFO - Dependencies all met for <TaskInstance: AUTOMATISATION.demarre_ELK scheduled__2023-03-13T00:04:15+00:00 [queued]>
[2023-03-15T07:37:56.914+0000] {taskinstance.py:1279} INFO - 
--------------------------------------------------------------------------------
[2023-03-15T07:37:56.914+0000] {taskinstance.py:1280} INFO - Starting attempt 1 of 2
[2023-03-15T07:37:56.914+0000] {taskinstance.py:1281} INFO - 
--------------------------------------------------------------------------------
[2023-03-15T07:37:56.925+0000] {taskinstance.py:1300} INFO - Executing <Task(BashOperator): demarre_ELK> on 2023-03-13 00:04:15+00:00
[2023-03-15T07:37:56.927+0000] {standard_task_runner.py:55} INFO - Started process 134698 to run task
[2023-03-15T07:37:56.929+0000] {standard_task_runner.py:82} INFO - Running: ['airflow', 'tasks', 'run', 'AUTOMATISATION', 'demarre_ELK', 'scheduled__2023-03-13T00:04:15+00:00', '--job-id', '816', '--raw', '--subdir', 'DAGS_FOLDER/main.py', '--cfg-path', '/tmp/tmpr_kla_sb']
[2023-03-15T07:37:56.929+0000] {standard_task_runner.py:83} INFO - Job 816: Subtask demarre_ELK
[2023-03-15T07:37:56.958+0000] {task_command.py:388} INFO - Running <TaskInstance: AUTOMATISATION.demarre_ELK scheduled__2023-03-13T00:04:15+00:00 [running]> on host dev
[2023-03-15T07:37:56.995+0000] {taskinstance.py:1507} INFO - Exporting the following env vars:
AIRFLOW_CTX_DAG_OWNER=airflow
AIRFLOW_CTX_DAG_ID=AUTOMATISATION
AIRFLOW_CTX_TASK_ID=demarre_ELK
AIRFLOW_CTX_EXECUTION_DATE=2023-03-13T00:04:15+00:00
AIRFLOW_CTX_TRY_NUMBER=1
AIRFLOW_CTX_DAG_RUN_ID=scheduled__2023-03-13T00:04:15+00:00
[2023-03-15T07:37:56.995+0000] {subprocess.py:63} INFO - Tmp dir root location: 
 /tmp
[2023-03-15T07:37:56.996+0000] {subprocess.py:75} INFO - Running command: ['/usr/bin/bash', '-c', 'docker-compose -f /home/dev/soute/ELK/docker-compose.yml up -d']
[2023-03-15T07:37:57.000+0000] {subprocess.py:86} INFO - Output:
[2023-03-15T07:37:57.289+0000] {subprocess.py:93} INFO - elasticsearch is up-to-date
[2023-03-15T07:37:57.290+0000] {subprocess.py:93} INFO - kibana is up-to-date
[2023-03-15T07:37:57.314+0000] {subprocess.py:97} INFO - Command exited with return code 0
[2023-03-15T07:37:57.328+0000] {taskinstance.py:1318} INFO - Marking task as SUCCESS. dag_id=AUTOMATISATION, task_id=demarre_ELK, execution_date=20230313T000415, start_date=20230315T073756, end_date=20230315T073757
[2023-03-15T07:37:57.341+0000] {local_task_job.py:208} INFO - Task exited with return code 0
[2023-03-15T07:37:57.352+0000] {taskinstance.py:2578} INFO - 1 downstream tasks scheduled from follow-on schedule check
