[2023-03-13T19:57:11.927+0000] {taskinstance.py:1083} INFO - Dependencies all met for <TaskInstance: AUTOMATISATION.demarre_ELK scheduled__2023-03-13T00:00:48+00:00 [queued]>
[2023-03-13T19:57:11.940+0000] {taskinstance.py:1083} INFO - Dependencies all met for <TaskInstance: AUTOMATISATION.demarre_ELK scheduled__2023-03-13T00:00:48+00:00 [queued]>
[2023-03-13T19:57:11.940+0000] {taskinstance.py:1279} INFO - 
--------------------------------------------------------------------------------
[2023-03-13T19:57:11.941+0000] {taskinstance.py:1280} INFO - Starting attempt 1 of 2
[2023-03-13T19:57:11.941+0000] {taskinstance.py:1281} INFO - 
--------------------------------------------------------------------------------
[2023-03-13T19:57:11.964+0000] {taskinstance.py:1300} INFO - Executing <Task(BashOperator): demarre_ELK> on 2023-03-13 00:00:48+00:00
[2023-03-13T19:57:11.967+0000] {standard_task_runner.py:55} INFO - Started process 39466 to run task
[2023-03-13T19:57:11.971+0000] {standard_task_runner.py:82} INFO - Running: ['airflow', 'tasks', 'run', 'AUTOMATISATION', 'demarre_ELK', 'scheduled__2023-03-13T00:00:48+00:00', '--job-id', '136', '--raw', '--subdir', 'DAGS_FOLDER/main.py', '--cfg-path', '/tmp/tmpai9wej38']
[2023-03-13T19:57:11.973+0000] {standard_task_runner.py:83} INFO - Job 136: Subtask demarre_ELK
[2023-03-13T19:57:12.043+0000] {task_command.py:388} INFO - Running <TaskInstance: AUTOMATISATION.demarre_ELK scheduled__2023-03-13T00:00:48+00:00 [running]> on host dev
[2023-03-13T19:57:12.113+0000] {taskinstance.py:1507} INFO - Exporting the following env vars:
AIRFLOW_CTX_DAG_OWNER=airflow
AIRFLOW_CTX_DAG_ID=AUTOMATISATION
AIRFLOW_CTX_TASK_ID=demarre_ELK
AIRFLOW_CTX_EXECUTION_DATE=2023-03-13T00:00:48+00:00
AIRFLOW_CTX_TRY_NUMBER=1
AIRFLOW_CTX_DAG_RUN_ID=scheduled__2023-03-13T00:00:48+00:00
[2023-03-13T19:57:12.114+0000] {subprocess.py:63} INFO - Tmp dir root location: 
 /tmp
[2023-03-13T19:57:12.115+0000] {subprocess.py:75} INFO - Running command: ['/usr/bin/bash', '-c', 'docker-compose -f /home/dev/soute/ELK/docker-compose.yml up -d']
[2023-03-13T19:57:12.124+0000] {subprocess.py:86} INFO - Output:
[2023-03-13T19:57:12.936+0000] {subprocess.py:93} INFO - elasticsearch is up-to-date
[2023-03-13T19:57:12.936+0000] {subprocess.py:93} INFO - kibana is up-to-date
[2023-03-13T19:57:12.996+0000] {subprocess.py:97} INFO - Command exited with return code 0
[2023-03-13T19:57:13.025+0000] {taskinstance.py:1318} INFO - Marking task as SUCCESS. dag_id=AUTOMATISATION, task_id=demarre_ELK, execution_date=20230313T000048, start_date=20230313T195711, end_date=20230313T195713
[2023-03-13T19:57:13.065+0000] {local_task_job.py:208} INFO - Task exited with return code 0
[2023-03-13T19:57:13.092+0000] {taskinstance.py:2578} INFO - 1 downstream tasks scheduled from follow-on schedule check
[2023-03-13T20:43:03.616+0000] {taskinstance.py:1083} INFO - Dependencies all met for <TaskInstance: AUTOMATISATION.demarre_ELK scheduled__2023-03-13T00:00:48+00:00 [queued]>
[2023-03-13T20:43:03.629+0000] {taskinstance.py:1083} INFO - Dependencies all met for <TaskInstance: AUTOMATISATION.demarre_ELK scheduled__2023-03-13T00:00:48+00:00 [queued]>
[2023-03-13T20:43:03.629+0000] {taskinstance.py:1279} INFO - 
--------------------------------------------------------------------------------
[2023-03-13T20:43:03.629+0000] {taskinstance.py:1280} INFO - Starting attempt 1 of 2
[2023-03-13T20:43:03.629+0000] {taskinstance.py:1281} INFO - 
--------------------------------------------------------------------------------
[2023-03-13T20:43:03.651+0000] {taskinstance.py:1300} INFO - Executing <Task(BashOperator): demarre_ELK> on 2023-03-13 00:00:48+00:00
[2023-03-13T20:43:03.654+0000] {standard_task_runner.py:55} INFO - Started process 49353 to run task
[2023-03-13T20:43:03.658+0000] {standard_task_runner.py:82} INFO - Running: ['airflow', 'tasks', 'run', 'AUTOMATISATION', 'demarre_ELK', 'scheduled__2023-03-13T00:00:48+00:00', '--job-id', '308', '--raw', '--subdir', 'DAGS_FOLDER/main.py', '--cfg-path', '/tmp/tmpizawlnaj']
[2023-03-13T20:43:03.660+0000] {standard_task_runner.py:83} INFO - Job 308: Subtask demarre_ELK
[2023-03-13T20:43:03.734+0000] {task_command.py:388} INFO - Running <TaskInstance: AUTOMATISATION.demarre_ELK scheduled__2023-03-13T00:00:48+00:00 [running]> on host dev
[2023-03-13T20:43:03.816+0000] {taskinstance.py:1507} INFO - Exporting the following env vars:
AIRFLOW_CTX_DAG_OWNER=airflow
AIRFLOW_CTX_DAG_ID=AUTOMATISATION
AIRFLOW_CTX_TASK_ID=demarre_ELK
AIRFLOW_CTX_EXECUTION_DATE=2023-03-13T00:00:48+00:00
AIRFLOW_CTX_TRY_NUMBER=1
AIRFLOW_CTX_DAG_RUN_ID=scheduled__2023-03-13T00:00:48+00:00
[2023-03-13T20:43:03.818+0000] {subprocess.py:63} INFO - Tmp dir root location: 
 /tmp
[2023-03-13T20:43:03.819+0000] {subprocess.py:75} INFO - Running command: ['/usr/bin/bash', '-c', 'docker-compose -f /home/dev/soute/ELK/docker-compose.yml up -d']
[2023-03-13T20:43:03.828+0000] {subprocess.py:86} INFO - Output:
[2023-03-13T20:43:04.704+0000] {subprocess.py:93} INFO - elasticsearch is up-to-date
[2023-03-13T20:43:04.705+0000] {subprocess.py:93} INFO - kibana is up-to-date
[2023-03-13T20:43:04.779+0000] {subprocess.py:97} INFO - Command exited with return code 0
[2023-03-13T20:43:04.813+0000] {taskinstance.py:1318} INFO - Marking task as SUCCESS. dag_id=AUTOMATISATION, task_id=demarre_ELK, execution_date=20230313T000048, start_date=20230313T204303, end_date=20230313T204304
[2023-03-13T20:43:04.872+0000] {local_task_job.py:208} INFO - Task exited with return code 0
[2023-03-13T20:43:04.914+0000] {taskinstance.py:2578} INFO - 1 downstream tasks scheduled from follow-on schedule check
[2023-03-14T09:36:24.340+0000] {taskinstance.py:1083} INFO - Dependencies all met for <TaskInstance: AUTOMATISATION.demarre_ELK scheduled__2023-03-13T00:00:48+00:00 [queued]>
[2023-03-14T09:36:24.352+0000] {taskinstance.py:1083} INFO - Dependencies all met for <TaskInstance: AUTOMATISATION.demarre_ELK scheduled__2023-03-13T00:00:48+00:00 [queued]>
[2023-03-14T09:36:24.352+0000] {taskinstance.py:1279} INFO - 
--------------------------------------------------------------------------------
[2023-03-14T09:36:24.352+0000] {taskinstance.py:1280} INFO - Starting attempt 1 of 2
[2023-03-14T09:36:24.352+0000] {taskinstance.py:1281} INFO - 
--------------------------------------------------------------------------------
[2023-03-14T09:36:24.373+0000] {taskinstance.py:1300} INFO - Executing <Task(BashOperator): demarre_ELK> on 2023-03-13 00:00:48+00:00
[2023-03-14T09:36:24.377+0000] {standard_task_runner.py:55} INFO - Started process 26905 to run task
[2023-03-14T09:36:24.381+0000] {standard_task_runner.py:82} INFO - Running: ['airflow', 'tasks', 'run', 'AUTOMATISATION', 'demarre_ELK', 'scheduled__2023-03-13T00:00:48+00:00', '--job-id', '552', '--raw', '--subdir', 'DAGS_FOLDER/main.py', '--cfg-path', '/tmp/tmp8g9mn5xu']
[2023-03-14T09:36:24.383+0000] {standard_task_runner.py:83} INFO - Job 552: Subtask demarre_ELK
[2023-03-14T09:36:24.464+0000] {task_command.py:388} INFO - Running <TaskInstance: AUTOMATISATION.demarre_ELK scheduled__2023-03-13T00:00:48+00:00 [running]> on host dev
[2023-03-14T09:36:24.563+0000] {taskinstance.py:1507} INFO - Exporting the following env vars:
AIRFLOW_CTX_DAG_OWNER=airflow
AIRFLOW_CTX_DAG_ID=AUTOMATISATION
AIRFLOW_CTX_TASK_ID=demarre_ELK
AIRFLOW_CTX_EXECUTION_DATE=2023-03-13T00:00:48+00:00
AIRFLOW_CTX_TRY_NUMBER=1
AIRFLOW_CTX_DAG_RUN_ID=scheduled__2023-03-13T00:00:48+00:00
[2023-03-14T09:36:24.565+0000] {subprocess.py:63} INFO - Tmp dir root location: 
 /tmp
[2023-03-14T09:36:24.565+0000] {subprocess.py:75} INFO - Running command: ['/usr/bin/bash', '-c', 'docker-compose -f /home/dev/soute/ELK/docker-compose.yml up -d']
[2023-03-14T09:36:24.573+0000] {subprocess.py:86} INFO - Output:
[2023-03-14T09:36:25.518+0000] {subprocess.py:93} INFO - elasticsearch is up-to-date
[2023-03-14T09:36:25.519+0000] {subprocess.py:93} INFO - kibana is up-to-date
[2023-03-14T09:36:25.577+0000] {subprocess.py:97} INFO - Command exited with return code 0
[2023-03-14T09:36:25.724+0000] {taskinstance.py:1318} INFO - Marking task as SUCCESS. dag_id=AUTOMATISATION, task_id=demarre_ELK, execution_date=20230313T000048, start_date=20230314T093624, end_date=20230314T093625
[2023-03-14T09:36:25.916+0000] {local_task_job.py:208} INFO - Task exited with return code 0
[2023-03-14T09:36:25.942+0000] {taskinstance.py:2578} INFO - 1 downstream tasks scheduled from follow-on schedule check
[2023-03-15T07:12:21.330+0000] {taskinstance.py:1083} INFO - Dependencies all met for <TaskInstance: AUTOMATISATION.demarre_ELK scheduled__2023-03-13T00:00:48+00:00 [queued]>
[2023-03-15T07:12:21.335+0000] {taskinstance.py:1083} INFO - Dependencies all met for <TaskInstance: AUTOMATISATION.demarre_ELK scheduled__2023-03-13T00:00:48+00:00 [queued]>
[2023-03-15T07:12:21.335+0000] {taskinstance.py:1279} INFO - 
--------------------------------------------------------------------------------
[2023-03-15T07:12:21.335+0000] {taskinstance.py:1280} INFO - Starting attempt 1 of 2
[2023-03-15T07:12:21.335+0000] {taskinstance.py:1281} INFO - 
--------------------------------------------------------------------------------
[2023-03-15T07:12:21.346+0000] {taskinstance.py:1300} INFO - Executing <Task(BashOperator): demarre_ELK> on 2023-03-13 00:00:48+00:00
[2023-03-15T07:12:21.348+0000] {standard_task_runner.py:55} INFO - Started process 118952 to run task
[2023-03-15T07:12:21.350+0000] {standard_task_runner.py:82} INFO - Running: ['airflow', 'tasks', 'run', 'AUTOMATISATION', 'demarre_ELK', 'scheduled__2023-03-13T00:00:48+00:00', '--job-id', '677', '--raw', '--subdir', 'DAGS_FOLDER/main.py', '--cfg-path', '/tmp/tmptctctpmc']
[2023-03-15T07:12:21.351+0000] {standard_task_runner.py:83} INFO - Job 677: Subtask demarre_ELK
[2023-03-15T07:12:21.380+0000] {task_command.py:388} INFO - Running <TaskInstance: AUTOMATISATION.demarre_ELK scheduled__2023-03-13T00:00:48+00:00 [running]> on host dev
[2023-03-15T07:12:21.412+0000] {taskinstance.py:1507} INFO - Exporting the following env vars:
AIRFLOW_CTX_DAG_OWNER=airflow
AIRFLOW_CTX_DAG_ID=AUTOMATISATION
AIRFLOW_CTX_TASK_ID=demarre_ELK
AIRFLOW_CTX_EXECUTION_DATE=2023-03-13T00:00:48+00:00
AIRFLOW_CTX_TRY_NUMBER=1
AIRFLOW_CTX_DAG_RUN_ID=scheduled__2023-03-13T00:00:48+00:00
[2023-03-15T07:12:21.412+0000] {subprocess.py:63} INFO - Tmp dir root location: 
 /tmp
[2023-03-15T07:12:21.413+0000] {subprocess.py:75} INFO - Running command: ['/usr/bin/bash', '-c', 'docker-compose -f /home/dev/soute/ELK/docker-compose.yml up -d']
[2023-03-15T07:12:21.416+0000] {subprocess.py:86} INFO - Output:
[2023-03-15T07:12:21.718+0000] {subprocess.py:93} INFO - elasticsearch is up-to-date
[2023-03-15T07:12:21.718+0000] {subprocess.py:93} INFO - kibana is up-to-date
[2023-03-15T07:12:21.741+0000] {subprocess.py:97} INFO - Command exited with return code 0
[2023-03-15T07:12:21.753+0000] {taskinstance.py:1318} INFO - Marking task as SUCCESS. dag_id=AUTOMATISATION, task_id=demarre_ELK, execution_date=20230313T000048, start_date=20230315T071221, end_date=20230315T071221
[2023-03-15T07:12:21.803+0000] {local_task_job.py:208} INFO - Task exited with return code 0
[2023-03-15T07:12:21.813+0000] {taskinstance.py:2578} INFO - 1 downstream tasks scheduled from follow-on schedule check
