[2023-03-13T21:11:04.861+0000] {taskinstance.py:1083} INFO - Dependencies all met for <TaskInstance: AUTOMATISATION.demarre_ELK scheduled__2023-03-13T00:01:30+00:00 [queued]>
[2023-03-13T21:11:04.874+0000] {taskinstance.py:1083} INFO - Dependencies all met for <TaskInstance: AUTOMATISATION.demarre_ELK scheduled__2023-03-13T00:01:30+00:00 [queued]>
[2023-03-13T21:11:04.874+0000] {taskinstance.py:1279} INFO - 
--------------------------------------------------------------------------------
[2023-03-13T21:11:04.874+0000] {taskinstance.py:1280} INFO - Starting attempt 1 of 2
[2023-03-13T21:11:04.875+0000] {taskinstance.py:1281} INFO - 
--------------------------------------------------------------------------------
[2023-03-13T21:11:04.904+0000] {taskinstance.py:1300} INFO - Executing <Task(BashOperator): demarre_ELK> on 2023-03-13 00:01:30+00:00
[2023-03-13T21:11:04.907+0000] {standard_task_runner.py:55} INFO - Started process 55526 to run task
[2023-03-13T21:11:04.912+0000] {standard_task_runner.py:82} INFO - Running: ['airflow', 'tasks', 'run', 'AUTOMATISATION', 'demarre_ELK', 'scheduled__2023-03-13T00:01:30+00:00', '--job-id', '336', '--raw', '--subdir', 'DAGS_FOLDER/main.py', '--cfg-path', '/tmp/tmppozin6kq']
[2023-03-13T21:11:04.914+0000] {standard_task_runner.py:83} INFO - Job 336: Subtask demarre_ELK
[2023-03-13T21:11:04.986+0000] {task_command.py:388} INFO - Running <TaskInstance: AUTOMATISATION.demarre_ELK scheduled__2023-03-13T00:01:30+00:00 [running]> on host dev
[2023-03-13T21:11:05.078+0000] {taskinstance.py:1507} INFO - Exporting the following env vars:
AIRFLOW_CTX_DAG_OWNER=airflow
AIRFLOW_CTX_DAG_ID=AUTOMATISATION
AIRFLOW_CTX_TASK_ID=demarre_ELK
AIRFLOW_CTX_EXECUTION_DATE=2023-03-13T00:01:30+00:00
AIRFLOW_CTX_TRY_NUMBER=1
AIRFLOW_CTX_DAG_RUN_ID=scheduled__2023-03-13T00:01:30+00:00
[2023-03-13T21:11:05.079+0000] {subprocess.py:63} INFO - Tmp dir root location: 
 /tmp
[2023-03-13T21:11:05.080+0000] {subprocess.py:75} INFO - Running command: ['/usr/bin/bash', '-c', 'docker-compose -f /home/dev/soute/ELK/docker-compose.yml up -d']
[2023-03-13T21:11:05.089+0000] {subprocess.py:86} INFO - Output:
[2023-03-13T21:11:05.940+0000] {subprocess.py:93} INFO - elasticsearch is up-to-date
[2023-03-13T21:11:05.941+0000] {subprocess.py:93} INFO - kibana is up-to-date
[2023-03-13T21:11:05.994+0000] {subprocess.py:97} INFO - Command exited with return code 0
[2023-03-13T21:11:06.027+0000] {taskinstance.py:1318} INFO - Marking task as SUCCESS. dag_id=AUTOMATISATION, task_id=demarre_ELK, execution_date=20230313T000130, start_date=20230313T211104, end_date=20230313T211106
[2023-03-13T21:11:06.086+0000] {local_task_job.py:208} INFO - Task exited with return code 0
[2023-03-13T21:11:06.113+0000] {taskinstance.py:2578} INFO - 1 downstream tasks scheduled from follow-on schedule check
[2023-03-14T09:52:05.548+0000] {taskinstance.py:1083} INFO - Dependencies all met for <TaskInstance: AUTOMATISATION.demarre_ELK scheduled__2023-03-13T00:01:30+00:00 [queued]>
[2023-03-14T09:52:05.559+0000] {taskinstance.py:1083} INFO - Dependencies all met for <TaskInstance: AUTOMATISATION.demarre_ELK scheduled__2023-03-13T00:01:30+00:00 [queued]>
[2023-03-14T09:52:05.560+0000] {taskinstance.py:1279} INFO - 
--------------------------------------------------------------------------------
[2023-03-14T09:52:05.560+0000] {taskinstance.py:1280} INFO - Starting attempt 1 of 2
[2023-03-14T09:52:05.560+0000] {taskinstance.py:1281} INFO - 
--------------------------------------------------------------------------------
[2023-03-14T09:52:05.579+0000] {taskinstance.py:1300} INFO - Executing <Task(BashOperator): demarre_ELK> on 2023-03-13 00:01:30+00:00
[2023-03-14T09:52:05.582+0000] {standard_task_runner.py:55} INFO - Started process 31699 to run task
[2023-03-14T09:52:05.586+0000] {standard_task_runner.py:82} INFO - Running: ['airflow', 'tasks', 'run', 'AUTOMATISATION', 'demarre_ELK', 'scheduled__2023-03-13T00:01:30+00:00', '--job-id', '580', '--raw', '--subdir', 'DAGS_FOLDER/main.py', '--cfg-path', '/tmp/tmpwa5xtn9b']
[2023-03-14T09:52:05.588+0000] {standard_task_runner.py:83} INFO - Job 580: Subtask demarre_ELK
[2023-03-14T09:52:05.651+0000] {task_command.py:388} INFO - Running <TaskInstance: AUTOMATISATION.demarre_ELK scheduled__2023-03-13T00:01:30+00:00 [running]> on host dev
[2023-03-14T09:52:05.724+0000] {taskinstance.py:1507} INFO - Exporting the following env vars:
AIRFLOW_CTX_DAG_OWNER=airflow
AIRFLOW_CTX_DAG_ID=AUTOMATISATION
AIRFLOW_CTX_TASK_ID=demarre_ELK
AIRFLOW_CTX_EXECUTION_DATE=2023-03-13T00:01:30+00:00
AIRFLOW_CTX_TRY_NUMBER=1
AIRFLOW_CTX_DAG_RUN_ID=scheduled__2023-03-13T00:01:30+00:00
[2023-03-14T09:52:05.726+0000] {subprocess.py:63} INFO - Tmp dir root location: 
 /tmp
[2023-03-14T09:52:05.727+0000] {subprocess.py:75} INFO - Running command: ['/usr/bin/bash', '-c', 'docker-compose -f /home/dev/soute/ELK/docker-compose.yml up -d']
[2023-03-14T09:52:05.734+0000] {subprocess.py:86} INFO - Output:
[2023-03-14T09:52:06.468+0000] {subprocess.py:93} INFO - elasticsearch is up-to-date
[2023-03-14T09:52:06.468+0000] {subprocess.py:93} INFO - kibana is up-to-date
[2023-03-14T09:52:06.519+0000] {subprocess.py:97} INFO - Command exited with return code 0
[2023-03-14T09:52:06.547+0000] {taskinstance.py:1318} INFO - Marking task as SUCCESS. dag_id=AUTOMATISATION, task_id=demarre_ELK, execution_date=20230313T000130, start_date=20230314T095205, end_date=20230314T095206
[2023-03-14T09:52:06.600+0000] {local_task_job.py:208} INFO - Task exited with return code 0
[2023-03-14T09:52:06.626+0000] {taskinstance.py:2578} INFO - 1 downstream tasks scheduled from follow-on schedule check
[2023-03-15T07:17:32.702+0000] {taskinstance.py:1083} INFO - Dependencies all met for <TaskInstance: AUTOMATISATION.demarre_ELK scheduled__2023-03-13T00:01:30+00:00 [queued]>
[2023-03-15T07:17:32.707+0000] {taskinstance.py:1083} INFO - Dependencies all met for <TaskInstance: AUTOMATISATION.demarre_ELK scheduled__2023-03-13T00:01:30+00:00 [queued]>
[2023-03-15T07:17:32.707+0000] {taskinstance.py:1279} INFO - 
--------------------------------------------------------------------------------
[2023-03-15T07:17:32.707+0000] {taskinstance.py:1280} INFO - Starting attempt 1 of 2
[2023-03-15T07:17:32.708+0000] {taskinstance.py:1281} INFO - 
--------------------------------------------------------------------------------
[2023-03-15T07:17:32.717+0000] {taskinstance.py:1300} INFO - Executing <Task(BashOperator): demarre_ELK> on 2023-03-13 00:01:30+00:00
[2023-03-15T07:17:32.720+0000] {standard_task_runner.py:55} INFO - Started process 121641 to run task
[2023-03-15T07:17:32.722+0000] {standard_task_runner.py:82} INFO - Running: ['airflow', 'tasks', 'run', 'AUTOMATISATION', 'demarre_ELK', 'scheduled__2023-03-13T00:01:30+00:00', '--job-id', '707', '--raw', '--subdir', 'DAGS_FOLDER/main.py', '--cfg-path', '/tmp/tmpoxd8azau']
[2023-03-15T07:17:32.722+0000] {standard_task_runner.py:83} INFO - Job 707: Subtask demarre_ELK
[2023-03-15T07:17:32.751+0000] {task_command.py:388} INFO - Running <TaskInstance: AUTOMATISATION.demarre_ELK scheduled__2023-03-13T00:01:30+00:00 [running]> on host dev
[2023-03-15T07:17:32.786+0000] {taskinstance.py:1507} INFO - Exporting the following env vars:
AIRFLOW_CTX_DAG_OWNER=airflow
AIRFLOW_CTX_DAG_ID=AUTOMATISATION
AIRFLOW_CTX_TASK_ID=demarre_ELK
AIRFLOW_CTX_EXECUTION_DATE=2023-03-13T00:01:30+00:00
AIRFLOW_CTX_TRY_NUMBER=1
AIRFLOW_CTX_DAG_RUN_ID=scheduled__2023-03-13T00:01:30+00:00
[2023-03-15T07:17:32.786+0000] {subprocess.py:63} INFO - Tmp dir root location: 
 /tmp
[2023-03-15T07:17:32.787+0000] {subprocess.py:75} INFO - Running command: ['/usr/bin/bash', '-c', 'docker-compose -f /home/dev/soute/ELK/docker-compose.yml up -d']
[2023-03-15T07:17:32.791+0000] {subprocess.py:86} INFO - Output:
[2023-03-15T07:17:33.085+0000] {subprocess.py:93} INFO - elasticsearch is up-to-date
[2023-03-15T07:17:33.085+0000] {subprocess.py:93} INFO - kibana is up-to-date
[2023-03-15T07:17:33.105+0000] {subprocess.py:97} INFO - Command exited with return code 0
[2023-03-15T07:17:33.118+0000] {taskinstance.py:1318} INFO - Marking task as SUCCESS. dag_id=AUTOMATISATION, task_id=demarre_ELK, execution_date=20230313T000130, start_date=20230315T071732, end_date=20230315T071733
[2023-03-15T07:17:33.134+0000] {local_task_job.py:208} INFO - Task exited with return code 0
[2023-03-15T07:17:33.147+0000] {taskinstance.py:2578} INFO - 1 downstream tasks scheduled from follow-on schedule check
