[2023-03-13T19:52:19.473+0000] {taskinstance.py:1083} INFO - Dependencies all met for <TaskInstance: AUTOMATISATION.Chargement_des_données_in_ELK scheduled__2023-03-13T00:00:42+00:00 [queued]>
[2023-03-13T19:52:19.485+0000] {taskinstance.py:1083} INFO - Dependencies all met for <TaskInstance: AUTOMATISATION.Chargement_des_données_in_ELK scheduled__2023-03-13T00:00:42+00:00 [queued]>
[2023-03-13T19:52:19.485+0000] {taskinstance.py:1279} INFO - 
--------------------------------------------------------------------------------
[2023-03-13T19:52:19.485+0000] {taskinstance.py:1280} INFO - Starting attempt 3 of 4
[2023-03-13T19:52:19.485+0000] {taskinstance.py:1281} INFO - 
--------------------------------------------------------------------------------
[2023-03-13T19:52:19.506+0000] {taskinstance.py:1300} INFO - Executing <Task(BashOperator): Chargement_des_données_in_ELK> on 2023-03-13 00:00:42+00:00
[2023-03-13T19:52:19.509+0000] {standard_task_runner.py:55} INFO - Started process 38738 to run task
[2023-03-13T19:52:19.513+0000] {standard_task_runner.py:82} INFO - Running: ['airflow', 'tasks', 'run', 'AUTOMATISATION', 'Chargement_des_données_in_ELK', 'scheduled__2023-03-13T00:00:42+00:00', '--job-id', '114', '--raw', '--subdir', 'DAGS_FOLDER/main.py', '--cfg-path', '/tmp/tmpy85sxjqz']
[2023-03-13T19:52:19.514+0000] {standard_task_runner.py:83} INFO - Job 114: Subtask Chargement_des_données_in_ELK
[2023-03-13T19:52:19.577+0000] {task_command.py:388} INFO - Running <TaskInstance: AUTOMATISATION.Chargement_des_données_in_ELK scheduled__2023-03-13T00:00:42+00:00 [running]> on host dev
[2023-03-13T19:52:19.639+0000] {taskinstance.py:1507} INFO - Exporting the following env vars:
AIRFLOW_CTX_DAG_OWNER=airflow
AIRFLOW_CTX_DAG_ID=AUTOMATISATION
AIRFLOW_CTX_TASK_ID=Chargement_des_données_in_ELK
AIRFLOW_CTX_EXECUTION_DATE=2023-03-13T00:00:42+00:00
AIRFLOW_CTX_TRY_NUMBER=3
AIRFLOW_CTX_DAG_RUN_ID=scheduled__2023-03-13T00:00:42+00:00
[2023-03-13T19:52:19.640+0000] {subprocess.py:63} INFO - Tmp dir root location: 
 /tmp
[2023-03-13T19:52:19.641+0000] {subprocess.py:75} INFO - Running command: ['/usr/bin/bash', '-c', 'bin/logstash --path.config /etc/logstash/conf.d/data.conf']
[2023-03-13T19:52:19.649+0000] {subprocess.py:86} INFO - Output:
[2023-03-13T19:52:19.650+0000] {subprocess.py:93} INFO - /usr/bin/bash: ligne 1: bin/logstash: Aucun fichier ou dossier de ce type
[2023-03-13T19:52:19.650+0000] {subprocess.py:97} INFO - Command exited with return code 127
[2023-03-13T19:52:19.660+0000] {taskinstance.py:1768} ERROR - Task failed with exception
Traceback (most recent call last):
  File "/home/dev/airflow/airflow/lib/python3.10/site-packages/airflow/operators/bash.py", line 196, in execute
    raise AirflowException(
airflow.exceptions.AirflowException: Bash command failed. The command returned a non-zero exit code 127.
[2023-03-13T19:52:19.664+0000] {taskinstance.py:1318} INFO - Marking task as UP_FOR_RETRY. dag_id=AUTOMATISATION, task_id=Chargement_des_données_in_ELK, execution_date=20230313T000042, start_date=20230313T195219, end_date=20230313T195219
[2023-03-13T19:52:19.684+0000] {standard_task_runner.py:100} ERROR - Failed to execute job 114 for task Chargement_des_données_in_ELK (Bash command failed. The command returned a non-zero exit code 127.; 38738)
[2023-03-13T19:52:19.724+0000] {local_task_job.py:208} INFO - Task exited with return code 1
[2023-03-13T19:52:19.745+0000] {taskinstance.py:2578} INFO - 0 downstream tasks scheduled from follow-on schedule check
[2023-03-13T20:13:49.606+0000] {taskinstance.py:1083} INFO - Dependencies all met for <TaskInstance: AUTOMATISATION.Chargement_des_données_in_ELK scheduled__2023-03-13T00:00:42+00:00 [queued]>
[2023-03-13T20:13:49.620+0000] {taskinstance.py:1083} INFO - Dependencies all met for <TaskInstance: AUTOMATISATION.Chargement_des_données_in_ELK scheduled__2023-03-13T00:00:42+00:00 [queued]>
[2023-03-13T20:13:49.621+0000] {taskinstance.py:1279} INFO - 
--------------------------------------------------------------------------------
[2023-03-13T20:13:49.621+0000] {taskinstance.py:1280} INFO - Starting attempt 3 of 4
[2023-03-13T20:13:49.621+0000] {taskinstance.py:1281} INFO - 
--------------------------------------------------------------------------------
[2023-03-13T20:13:49.642+0000] {taskinstance.py:1300} INFO - Executing <Task(BashOperator): Chargement_des_données_in_ELK> on 2023-03-13 00:00:42+00:00
[2023-03-13T20:13:49.646+0000] {standard_task_runner.py:55} INFO - Started process 42586 to run task
[2023-03-13T20:13:49.651+0000] {standard_task_runner.py:82} INFO - Running: ['airflow', 'tasks', 'run', 'AUTOMATISATION', 'Chargement_des_données_in_ELK', 'scheduled__2023-03-13T00:00:42+00:00', '--job-id', '226', '--raw', '--subdir', 'DAGS_FOLDER/main.py', '--cfg-path', '/tmp/tmppqjtpjfz']
[2023-03-13T20:13:49.652+0000] {standard_task_runner.py:83} INFO - Job 226: Subtask Chargement_des_données_in_ELK
[2023-03-13T20:13:49.718+0000] {task_command.py:388} INFO - Running <TaskInstance: AUTOMATISATION.Chargement_des_données_in_ELK scheduled__2023-03-13T00:00:42+00:00 [running]> on host dev
[2023-03-13T20:13:49.783+0000] {taskinstance.py:1507} INFO - Exporting the following env vars:
AIRFLOW_CTX_DAG_OWNER=airflow
AIRFLOW_CTX_DAG_ID=AUTOMATISATION
AIRFLOW_CTX_TASK_ID=Chargement_des_données_in_ELK
AIRFLOW_CTX_EXECUTION_DATE=2023-03-13T00:00:42+00:00
AIRFLOW_CTX_TRY_NUMBER=3
AIRFLOW_CTX_DAG_RUN_ID=scheduled__2023-03-13T00:00:42+00:00
[2023-03-13T20:13:49.784+0000] {subprocess.py:63} INFO - Tmp dir root location: 
 /tmp
[2023-03-13T20:13:49.785+0000] {subprocess.py:75} INFO - Running command: ['/usr/bin/bash', '-c', 'bin/logstash -f /home/dev/etc/logstash/conf.d/data.conf']
[2023-03-13T20:13:49.793+0000] {subprocess.py:86} INFO - Output:
[2023-03-13T20:13:49.795+0000] {subprocess.py:93} INFO - /usr/bin/bash: ligne 1: bin/logstash: Aucun fichier ou dossier de ce type
[2023-03-13T20:13:49.796+0000] {subprocess.py:97} INFO - Command exited with return code 127
[2023-03-13T20:13:49.806+0000] {taskinstance.py:1768} ERROR - Task failed with exception
Traceback (most recent call last):
  File "/home/dev/airflow/airflow/lib/python3.10/site-packages/airflow/operators/bash.py", line 196, in execute
    raise AirflowException(
airflow.exceptions.AirflowException: Bash command failed. The command returned a non-zero exit code 127.
[2023-03-13T20:13:49.811+0000] {taskinstance.py:1318} INFO - Marking task as UP_FOR_RETRY. dag_id=AUTOMATISATION, task_id=Chargement_des_données_in_ELK, execution_date=20230313T000042, start_date=20230313T201349, end_date=20230313T201349
[2023-03-13T20:13:49.831+0000] {standard_task_runner.py:100} ERROR - Failed to execute job 226 for task Chargement_des_données_in_ELK (Bash command failed. The command returned a non-zero exit code 127.; 42586)
[2023-03-13T20:13:49.861+0000] {local_task_job.py:208} INFO - Task exited with return code 1
[2023-03-13T20:13:49.881+0000] {taskinstance.py:2578} INFO - 0 downstream tasks scheduled from follow-on schedule check
