[2023-03-13T21:15:25.124+0000] {taskinstance.py:1083} INFO - Dependencies all met for <TaskInstance: AUTOMATISATION.Chargement_des_données_in_ELK scheduled__2023-03-13T00:01:33+00:00 [queued]>
[2023-03-13T21:15:25.136+0000] {taskinstance.py:1083} INFO - Dependencies all met for <TaskInstance: AUTOMATISATION.Chargement_des_données_in_ELK scheduled__2023-03-13T00:01:33+00:00 [queued]>
[2023-03-13T21:15:25.136+0000] {taskinstance.py:1279} INFO - 
--------------------------------------------------------------------------------
[2023-03-13T21:15:25.136+0000] {taskinstance.py:1280} INFO - Starting attempt 1 of 4
[2023-03-13T21:15:25.137+0000] {taskinstance.py:1281} INFO - 
--------------------------------------------------------------------------------
[2023-03-13T21:15:25.158+0000] {taskinstance.py:1300} INFO - Executing <Task(BashOperator): Chargement_des_données_in_ELK> on 2023-03-13 00:01:33+00:00
[2023-03-13T21:15:25.161+0000] {standard_task_runner.py:55} INFO - Started process 56548 to run task
[2023-03-13T21:15:25.166+0000] {standard_task_runner.py:82} INFO - Running: ['airflow', 'tasks', 'run', 'AUTOMATISATION', 'Chargement_des_données_in_ELK', 'scheduled__2023-03-13T00:01:33+00:00', '--job-id', '341', '--raw', '--subdir', 'DAGS_FOLDER/main.py', '--cfg-path', '/tmp/tmp37pk1jwg']
[2023-03-13T21:15:25.168+0000] {standard_task_runner.py:83} INFO - Job 341: Subtask Chargement_des_données_in_ELK
[2023-03-13T21:15:25.241+0000] {task_command.py:388} INFO - Running <TaskInstance: AUTOMATISATION.Chargement_des_données_in_ELK scheduled__2023-03-13T00:01:33+00:00 [running]> on host dev
[2023-03-13T21:15:25.325+0000] {taskinstance.py:1507} INFO - Exporting the following env vars:
AIRFLOW_CTX_DAG_OWNER=airflow
AIRFLOW_CTX_DAG_ID=AUTOMATISATION
AIRFLOW_CTX_TASK_ID=Chargement_des_données_in_ELK
AIRFLOW_CTX_EXECUTION_DATE=2023-03-13T00:01:33+00:00
AIRFLOW_CTX_TRY_NUMBER=1
AIRFLOW_CTX_DAG_RUN_ID=scheduled__2023-03-13T00:01:33+00:00
[2023-03-13T21:15:25.327+0000] {subprocess.py:63} INFO - Tmp dir root location: 
 /tmp
[2023-03-13T21:15:25.328+0000] {subprocess.py:75} INFO - Running command: ['/usr/bin/bash', '-c', 'echo dev | sudo -S /usr/share/logstash/bin/logstash --path.settings=/etc/logstash/ -f /etc/logstash/conf.d/data.conf']
[2023-03-13T21:15:25.336+0000] {subprocess.py:86} INFO - Output:
[2023-03-13T21:15:25.431+0000] {subprocess.py:93} INFO - [sudo] Mot de passe de dev : Using bundled JDK: /usr/share/logstash/jdk
[2023-03-13T21:15:25.724+0000] {subprocess.py:93} INFO - OpenJDK 64-Bit Server VM warning: Option UseConcMarkSweepGC was deprecated in version 9.0 and will likely be removed in a future release.
[2023-03-13T21:15:55.501+0000] {subprocess.py:93} INFO - Sending Logstash logs to /var/log/logstash which is now configured via log4j2.properties
[2023-03-13T21:15:55.674+0000] {subprocess.py:93} INFO - [2023-03-13T21:15:55,671][INFO ][logstash.runner          ] Log4j configuration path used is: /etc/logstash/log4j2.properties
[2023-03-13T21:15:55.687+0000] {subprocess.py:93} INFO - [2023-03-13T21:15:55,687][INFO ][logstash.runner          ] Starting Logstash {"logstash.version"=>"7.15.2", "jruby.version"=>"jruby 9.2.19.0 (2.5.8) 2021-06-15 55810c552b OpenJDK 64-Bit Server VM 11.0.12+7 on 11.0.12+7 +indy +jit [linux-x86_64]"}
[2023-03-13T21:15:56.233+0000] {subprocess.py:93} INFO - [2023-03-13T21:15:56,233][WARN ][logstash.config.source.multilocal] Ignoring the 'pipelines.yml' file because modules or command line options are specified
[2023-03-13T21:15:58.116+0000] {subprocess.py:93} INFO - [2023-03-13T21:15:58,115][INFO ][logstash.agent           ] Successfully started Logstash API endpoint {:port=>9600}
[2023-03-13T21:15:58.901+0000] {subprocess.py:93} INFO - [2023-03-13T21:15:58,900][INFO ][org.reflections.Reflections] Reflections took 143 ms to scan 1 urls, producing 120 keys and 417 values
[2023-03-13T21:16:00.568+0000] {subprocess.py:93} INFO - [2023-03-13T21:16:00,568][INFO ][logstash.outputs.elasticsearch][main] New Elasticsearch output {:class=>"LogStash::Outputs::ElasticSearch", :hosts=>["//localhost:9200"]}
[2023-03-13T21:16:01.046+0000] {subprocess.py:93} INFO - [2023-03-13T21:16:01,044][INFO ][logstash.outputs.elasticsearch][main] Elasticsearch pool URLs updated {:changes=>{:removed=>[], :added=>[http://localhost:9200/]}}
[2023-03-13T21:16:01.309+0000] {subprocess.py:93} INFO - [2023-03-13T21:16:01,309][WARN ][logstash.outputs.elasticsearch][main] Restored connection to ES instance {:url=>"http://localhost:9200/"}
[2023-03-13T21:16:01.378+0000] {subprocess.py:93} INFO - [2023-03-13T21:16:01,378][INFO ][logstash.outputs.elasticsearch][main] Elasticsearch version determined (7.15.2) {:es_version=>7}
[2023-03-13T21:16:01.384+0000] {subprocess.py:93} INFO - [2023-03-13T21:16:01,383][WARN ][logstash.outputs.elasticsearch][main] Detected a 6.x and above cluster: the `type` event field won't be used to determine the document _type {:es_version=>7}
[2023-03-13T21:16:01.608+0000] {subprocess.py:93} INFO - [2023-03-13T21:16:01,607][INFO ][logstash.outputs.elasticsearch][main] Using a default mapping template {:es_version=>7, :ecs_compatibility=>:disabled}
[2023-03-13T21:16:01.650+0000] {subprocess.py:93} INFO - [2023-03-13T21:16:01,650][INFO ][logstash.javapipeline    ][main] Starting pipeline {:pipeline_id=>"main", "pipeline.workers"=>8, "pipeline.batch.size"=>125, "pipeline.batch.delay"=>50, "pipeline.max_inflight"=>1000, "pipeline.sources"=>["/etc/logstash/conf.d/data.conf"], :thread=>"#<Thread:0x5b43aee8 run>"}
[2023-03-13T21:16:02.978+0000] {subprocess.py:93} INFO - [2023-03-13T21:16:02,977][INFO ][logstash.javapipeline    ][main] Pipeline Java execution initialization time {"seconds"=>1.32}
[2023-03-13T21:16:03.137+0000] {subprocess.py:93} INFO - [2023-03-13T21:16:03,136][INFO ][logstash.javapipeline    ][main] Pipeline started {"pipeline.id"=>"main"}
[2023-03-13T21:16:03.307+0000] {subprocess.py:93} INFO - [2023-03-13T21:16:03,306][INFO ][logstash.agent           ] Pipelines running {:count=>1, :running_pipelines=>[:main], :non_running_pipelines=>[]}
[2023-03-13T21:16:04.996+0000] {subprocess.py:93} INFO - [2023-03-13T21:16:04,995][INFO ][logstash.inputs.jdbc     ][main][afa454a497099ce3438919c7cfc7ae10a3b3980082608321cda443e0b5f70dbd] (0.028043s) SELECT CAST(current_setting('server_version_num') AS integer) AS v
[2023-03-13T21:16:05.292+0000] {subprocess.py:93} INFO - [2023-03-13T21:16:05,292][INFO ][logstash.inputs.jdbc     ][main][afa454a497099ce3438919c7cfc7ae10a3b3980082608321cda443e0b5f70dbd] (0.101979s) SELECT count(*) AS "count" FROM (SELECT * FROM customers) AS "t1" LIMIT 1
[2023-03-13T21:16:05.735+0000] {subprocess.py:93} INFO - [2023-03-13T21:16:05,735][INFO ][logstash.inputs.jdbc     ][main][afa454a497099ce3438919c7cfc7ae10a3b3980082608321cda443e0b5f70dbd] (0.402716s) SELECT * FROM (SELECT * FROM customers) AS "t1" LIMIT 50000 OFFSET 0
[2023-03-13T21:16:13.379+0000] {subprocess.py:93} INFO - [2023-03-13T21:16:13,379][INFO ][logstash.inputs.jdbc     ][main][afa454a497099ce3438919c7cfc7ae10a3b3980082608321cda443e0b5f70dbd] (0.292366s) SELECT * FROM (SELECT * FROM customers) AS "t1" LIMIT 50000 OFFSET 50000
[2023-03-13T21:16:19.270+0000] {subprocess.py:93} INFO - [2023-03-13T21:16:19,270][INFO ][logstash.inputs.jdbc     ][main][afa454a497099ce3438919c7cfc7ae10a3b3980082608321cda443e0b5f70dbd] (0.101181s) SELECT * FROM (SELECT * FROM customers) AS "t1" LIMIT 50000 OFFSET 100000
[2023-03-13T21:16:24.303+0000] {subprocess.py:93} INFO - [2023-03-13T21:16:24,303][INFO ][logstash.inputs.jdbc     ][main][afa454a497099ce3438919c7cfc7ae10a3b3980082608321cda443e0b5f70dbd] (0.145243s) SELECT * FROM (SELECT * FROM customers) AS "t1" LIMIT 50000 OFFSET 150000
[2023-03-13T21:16:27.104+0000] {subprocess.py:93} INFO - [2023-03-13T21:16:27,104][INFO ][logstash.inputs.jdbc     ][main][afa454a497099ce3438919c7cfc7ae10a3b3980082608321cda443e0b5f70dbd] (0.143590s) SELECT * FROM (SELECT * FROM customers) AS "t1" LIMIT 50000 OFFSET 200000
[2023-03-13T21:16:29.680+0000] {subprocess.py:93} INFO - [2023-03-13T21:16:29,679][INFO ][logstash.inputs.jdbc     ][main][afa454a497099ce3438919c7cfc7ae10a3b3980082608321cda443e0b5f70dbd] (0.108665s) SELECT * FROM (SELECT * FROM customers) AS "t1" LIMIT 50000 OFFSET 250000
[2023-03-13T21:16:32.295+0000] {subprocess.py:93} INFO - [2023-03-13T21:16:32,295][INFO ][logstash.inputs.jdbc     ][main][afa454a497099ce3438919c7cfc7ae10a3b3980082608321cda443e0b5f70dbd] (0.151169s) SELECT * FROM (SELECT * FROM customers) AS "t1" LIMIT 50000 OFFSET 300000
[2023-03-13T21:16:34.980+0000] {subprocess.py:93} INFO - [2023-03-13T21:16:34,980][INFO ][logstash.inputs.jdbc     ][main][afa454a497099ce3438919c7cfc7ae10a3b3980082608321cda443e0b5f70dbd] (0.137878s) SELECT * FROM (SELECT * FROM customers) AS "t1" LIMIT 50000 OFFSET 350000
[2023-03-13T21:16:37.760+0000] {subprocess.py:93} INFO - [2023-03-13T21:16:37,760][INFO ][logstash.inputs.jdbc     ][main][afa454a497099ce3438919c7cfc7ae10a3b3980082608321cda443e0b5f70dbd] (0.140009s) SELECT * FROM (SELECT * FROM customers) AS "t1" LIMIT 50000 OFFSET 400000
[2023-03-13T21:16:40.437+0000] {subprocess.py:93} INFO - [2023-03-13T21:16:40,436][INFO ][logstash.inputs.jdbc     ][main][afa454a497099ce3438919c7cfc7ae10a3b3980082608321cda443e0b5f70dbd] (0.121796s) SELECT * FROM (SELECT * FROM customers) AS "t1" LIMIT 50000 OFFSET 450000
[2023-03-13T21:16:43.473+0000] {subprocess.py:93} INFO - [2023-03-13T21:16:43,472][INFO ][logstash.inputs.jdbc     ][main][afa454a497099ce3438919c7cfc7ae10a3b3980082608321cda443e0b5f70dbd] (0.130684s) SELECT * FROM (SELECT * FROM customers) AS "t1" LIMIT 50000 OFFSET 500000
[2023-03-13T21:16:45.936+0000] {subprocess.py:93} INFO - [2023-03-13T21:16:45,935][INFO ][logstash.inputs.jdbc     ][main][afa454a497099ce3438919c7cfc7ae10a3b3980082608321cda443e0b5f70dbd] (0.139480s) SELECT * FROM (SELECT * FROM customers) AS "t1" LIMIT 50000 OFFSET 550000
[2023-03-13T21:16:48.460+0000] {subprocess.py:93} INFO - [2023-03-13T21:16:48,460][INFO ][logstash.inputs.jdbc     ][main][afa454a497099ce3438919c7cfc7ae10a3b3980082608321cda443e0b5f70dbd] (0.139850s) SELECT * FROM (SELECT * FROM customers) AS "t1" LIMIT 50000 OFFSET 600000
[2023-03-13T21:16:50.792+0000] {subprocess.py:93} INFO - [2023-03-13T21:16:50,792][INFO ][logstash.inputs.jdbc     ][main][afa454a497099ce3438919c7cfc7ae10a3b3980082608321cda443e0b5f70dbd] (0.140014s) SELECT * FROM (SELECT * FROM customers) AS "t1" LIMIT 50000 OFFSET 650000
[2023-03-13T21:16:53.417+0000] {subprocess.py:93} INFO - [2023-03-13T21:16:53,417][INFO ][logstash.inputs.jdbc     ][main][afa454a497099ce3438919c7cfc7ae10a3b3980082608321cda443e0b5f70dbd] (0.226184s) SELECT * FROM (SELECT * FROM customers) AS "t1" LIMIT 50000 OFFSET 700000
[2023-03-13T21:16:56.084+0000] {subprocess.py:93} INFO - [2023-03-13T21:16:56,083][INFO ][logstash.inputs.jdbc     ][main][afa454a497099ce3438919c7cfc7ae10a3b3980082608321cda443e0b5f70dbd] (0.147871s) SELECT * FROM (SELECT * FROM customers) AS "t1" LIMIT 50000 OFFSET 750000
[2023-03-13T21:16:58.468+0000] {subprocess.py:93} INFO - [2023-03-13T21:16:58,468][INFO ][logstash.inputs.jdbc     ][main][afa454a497099ce3438919c7cfc7ae10a3b3980082608321cda443e0b5f70dbd] (0.164183s) SELECT * FROM (SELECT * FROM customers) AS "t1" LIMIT 50000 OFFSET 800000
[2023-03-13T21:17:02.656+0000] {subprocess.py:93} INFO - [2023-03-13T21:17:02,656][INFO ][logstash.inputs.jdbc     ][main][afa454a497099ce3438919c7cfc7ae10a3b3980082608321cda443e0b5f70dbd] (0.160506s) SELECT * FROM (SELECT * FROM customers) AS "t1" LIMIT 50000 OFFSET 850000
[2023-03-13T21:17:05.438+0000] {subprocess.py:93} INFO - [2023-03-13T21:17:05,437][INFO ][logstash.inputs.jdbc     ][main][afa454a497099ce3438919c7cfc7ae10a3b3980082608321cda443e0b5f70dbd] (0.156903s) SELECT * FROM (SELECT * FROM customers) AS "t1" LIMIT 50000 OFFSET 900000
[2023-03-13T21:17:08.093+0000] {subprocess.py:93} INFO - [2023-03-13T21:17:08,092][INFO ][logstash.inputs.jdbc     ][main][afa454a497099ce3438919c7cfc7ae10a3b3980082608321cda443e0b5f70dbd] (0.158754s) SELECT * FROM (SELECT * FROM customers) AS "t1" LIMIT 50000 OFFSET 950000
[2023-03-13T21:17:12.061+0000] {subprocess.py:93} INFO - [2023-03-13T21:17:12,061][INFO ][logstash.inputs.jdbc     ][main][afa454a497099ce3438919c7cfc7ae10a3b3980082608321cda443e0b5f70dbd] (0.174171s) SELECT * FROM (SELECT * FROM customers) AS "t1" LIMIT 50000 OFFSET 1000000
[2023-03-13T21:17:14.347+0000] {subprocess.py:93} INFO - [2023-03-13T21:17:14,347][INFO ][logstash.inputs.jdbc     ][main][afa454a497099ce3438919c7cfc7ae10a3b3980082608321cda443e0b5f70dbd] (0.173544s) SELECT * FROM (SELECT * FROM customers) AS "t1" LIMIT 50000 OFFSET 1050000
[2023-03-13T21:17:17.029+0000] {subprocess.py:93} INFO - [2023-03-13T21:17:17,029][INFO ][logstash.inputs.jdbc     ][main][afa454a497099ce3438919c7cfc7ae10a3b3980082608321cda443e0b5f70dbd] (0.171899s) SELECT * FROM (SELECT * FROM customers) AS "t1" LIMIT 50000 OFFSET 1100000
[2023-03-13T21:17:19.487+0000] {subprocess.py:93} INFO - [2023-03-13T21:17:19,487][INFO ][logstash.inputs.jdbc     ][main][afa454a497099ce3438919c7cfc7ae10a3b3980082608321cda443e0b5f70dbd] (0.185615s) SELECT * FROM (SELECT * FROM customers) AS "t1" LIMIT 50000 OFFSET 1150000
[2023-03-13T21:17:21.632+0000] {subprocess.py:93} INFO - [2023-03-13T21:17:21,632][INFO ][logstash.javapipeline    ][main] Pipeline terminated {"pipeline.id"=>"main"}
[2023-03-13T21:17:21.754+0000] {subprocess.py:93} INFO - [2023-03-13T21:17:21,753][INFO ][logstash.pipelinesregistry] Removed pipeline from registry successfully {:pipeline_id=>:main}
[2023-03-13T21:17:21.802+0000] {subprocess.py:93} INFO - [2023-03-13T21:17:21,802][INFO ][logstash.runner          ] Logstash shut down.
[2023-03-13T21:17:22.025+0000] {subprocess.py:97} INFO - Command exited with return code 0
[2023-03-13T21:17:22.056+0000] {taskinstance.py:1318} INFO - Marking task as SUCCESS. dag_id=AUTOMATISATION, task_id=Chargement_des_données_in_ELK, execution_date=20230313T000133, start_date=20230313T211525, end_date=20230313T211722
[2023-03-13T21:17:22.114+0000] {local_task_job.py:208} INFO - Task exited with return code 0
[2023-03-13T21:17:22.129+0000] {taskinstance.py:2578} INFO - 0 downstream tasks scheduled from follow-on schedule check
[2023-03-14T09:53:26.394+0000] {taskinstance.py:1083} INFO - Dependencies all met for <TaskInstance: AUTOMATISATION.Chargement_des_données_in_ELK scheduled__2023-03-13T00:01:33+00:00 [queued]>
[2023-03-14T09:53:26.406+0000] {taskinstance.py:1083} INFO - Dependencies all met for <TaskInstance: AUTOMATISATION.Chargement_des_données_in_ELK scheduled__2023-03-13T00:01:33+00:00 [queued]>
[2023-03-14T09:53:26.407+0000] {taskinstance.py:1279} INFO - 
--------------------------------------------------------------------------------
[2023-03-14T09:53:26.407+0000] {taskinstance.py:1280} INFO - Starting attempt 1 of 4
[2023-03-14T09:53:26.407+0000] {taskinstance.py:1281} INFO - 
--------------------------------------------------------------------------------
[2023-03-14T09:53:26.425+0000] {taskinstance.py:1300} INFO - Executing <Task(BashOperator): Chargement_des_données_in_ELK> on 2023-03-13 00:01:33+00:00
[2023-03-14T09:53:26.428+0000] {standard_task_runner.py:55} INFO - Started process 32136 to run task
[2023-03-14T09:53:26.432+0000] {standard_task_runner.py:82} INFO - Running: ['airflow', 'tasks', 'run', 'AUTOMATISATION', 'Chargement_des_données_in_ELK', 'scheduled__2023-03-13T00:01:33+00:00', '--job-id', '585', '--raw', '--subdir', 'DAGS_FOLDER/main.py', '--cfg-path', '/tmp/tmpj3mb0aqx']
[2023-03-14T09:53:26.434+0000] {standard_task_runner.py:83} INFO - Job 585: Subtask Chargement_des_données_in_ELK
[2023-03-14T09:53:26.498+0000] {task_command.py:388} INFO - Running <TaskInstance: AUTOMATISATION.Chargement_des_données_in_ELK scheduled__2023-03-13T00:01:33+00:00 [running]> on host dev
[2023-03-14T09:53:26.569+0000] {taskinstance.py:1507} INFO - Exporting the following env vars:
AIRFLOW_CTX_DAG_OWNER=airflow
AIRFLOW_CTX_DAG_ID=AUTOMATISATION
AIRFLOW_CTX_TASK_ID=Chargement_des_données_in_ELK
AIRFLOW_CTX_EXECUTION_DATE=2023-03-13T00:01:33+00:00
AIRFLOW_CTX_TRY_NUMBER=1
AIRFLOW_CTX_DAG_RUN_ID=scheduled__2023-03-13T00:01:33+00:00
[2023-03-14T09:53:26.571+0000] {subprocess.py:63} INFO - Tmp dir root location: 
 /tmp
[2023-03-14T09:53:26.571+0000] {subprocess.py:75} INFO - Running command: ['/usr/bin/bash', '-c', 'echo dev | sudo -S /usr/share/logstash/bin/logstash --path.settings=/etc/logstash/ -f /etc/logstash/conf.d/data.conf']
[2023-03-14T09:53:26.579+0000] {subprocess.py:86} INFO - Output:
[2023-03-14T09:53:26.667+0000] {subprocess.py:93} INFO - [sudo] Mot de passe de dev : Using bundled JDK: /usr/share/logstash/jdk
[2023-03-14T09:53:26.920+0000] {subprocess.py:93} INFO - OpenJDK 64-Bit Server VM warning: Option UseConcMarkSweepGC was deprecated in version 9.0 and will likely be removed in a future release.
[2023-03-14T09:53:47.958+0000] {subprocess.py:93} INFO - Sending Logstash logs to /var/log/logstash which is now configured via log4j2.properties
[2023-03-14T09:53:48.183+0000] {subprocess.py:93} INFO - [2023-03-14T09:53:48,175][INFO ][logstash.runner          ] Log4j configuration path used is: /etc/logstash/log4j2.properties
[2023-03-14T09:53:48.201+0000] {subprocess.py:93} INFO - [2023-03-14T09:53:48,200][INFO ][logstash.runner          ] Starting Logstash {"logstash.version"=>"7.15.2", "jruby.version"=>"jruby 9.2.19.0 (2.5.8) 2021-06-15 55810c552b OpenJDK 64-Bit Server VM 11.0.12+7 on 11.0.12+7 +indy +jit [linux-x86_64]"}
[2023-03-14T09:53:48.769+0000] {subprocess.py:93} INFO - [2023-03-14T09:53:48,768][WARN ][logstash.config.source.multilocal] Ignoring the 'pipelines.yml' file because modules or command line options are specified
[2023-03-14T09:53:50.560+0000] {subprocess.py:93} INFO - [2023-03-14T09:53:50,559][INFO ][logstash.agent           ] Successfully started Logstash API endpoint {:port=>9600}
[2023-03-14T09:53:51.446+0000] {subprocess.py:93} INFO - [2023-03-14T09:53:51,445][INFO ][org.reflections.Reflections] Reflections took 129 ms to scan 1 urls, producing 120 keys and 417 values
[2023-03-14T09:53:53.080+0000] {subprocess.py:93} INFO - [2023-03-14T09:53:53,079][INFO ][logstash.outputs.elasticsearch][main] New Elasticsearch output {:class=>"LogStash::Outputs::ElasticSearch", :hosts=>["//localhost:9200"]}
[2023-03-14T09:53:53.598+0000] {subprocess.py:93} INFO - [2023-03-14T09:53:53,596][INFO ][logstash.outputs.elasticsearch][main] Elasticsearch pool URLs updated {:changes=>{:removed=>[], :added=>[http://localhost:9200/]}}
[2023-03-14T09:53:53.782+0000] {subprocess.py:93} INFO - [2023-03-14T09:53:53,782][WARN ][logstash.outputs.elasticsearch][main] Restored connection to ES instance {:url=>"http://localhost:9200/"}
[2023-03-14T09:53:53.849+0000] {subprocess.py:93} INFO - [2023-03-14T09:53:53,848][INFO ][logstash.outputs.elasticsearch][main] Elasticsearch version determined (7.15.2) {:es_version=>7}
[2023-03-14T09:53:53.853+0000] {subprocess.py:93} INFO - [2023-03-14T09:53:53,852][WARN ][logstash.outputs.elasticsearch][main] Detected a 6.x and above cluster: the `type` event field won't be used to determine the document _type {:es_version=>7}
[2023-03-14T09:53:54.040+0000] {subprocess.py:93} INFO - [2023-03-14T09:53:54,040][INFO ][logstash.outputs.elasticsearch][main] Using a default mapping template {:es_version=>7, :ecs_compatibility=>:disabled}
[2023-03-14T09:53:54.080+0000] {subprocess.py:93} INFO - [2023-03-14T09:53:54,080][INFO ][logstash.javapipeline    ][main] Starting pipeline {:pipeline_id=>"main", "pipeline.workers"=>8, "pipeline.batch.size"=>125, "pipeline.batch.delay"=>50, "pipeline.max_inflight"=>1000, "pipeline.sources"=>["/etc/logstash/conf.d/data.conf"], :thread=>"#<Thread:0x44bcb2dc run>"}
[2023-03-14T09:53:55.387+0000] {subprocess.py:93} INFO - [2023-03-14T09:53:55,386][INFO ][logstash.javapipeline    ][main] Pipeline Java execution initialization time {"seconds"=>1.3}
[2023-03-14T09:53:55.537+0000] {subprocess.py:93} INFO - [2023-03-14T09:53:55,537][INFO ][logstash.javapipeline    ][main] Pipeline started {"pipeline.id"=>"main"}
[2023-03-14T09:53:55.628+0000] {subprocess.py:93} INFO - [2023-03-14T09:53:55,627][INFO ][logstash.agent           ] Pipelines running {:count=>1, :running_pipelines=>[:main], :non_running_pipelines=>[]}
[2023-03-14T09:53:57.032+0000] {subprocess.py:93} INFO - [2023-03-14T09:53:57,032][INFO ][logstash.inputs.jdbc     ][main][afa454a497099ce3438919c7cfc7ae10a3b3980082608321cda443e0b5f70dbd] (0.020576s) SELECT CAST(current_setting('server_version_num') AS integer) AS v
[2023-03-14T09:53:57.244+0000] {subprocess.py:93} INFO - [2023-03-14T09:53:57,244][ERROR][logstash.inputs.jdbc     ][main][afa454a497099ce3438919c7cfc7ae10a3b3980082608321cda443e0b5f70dbd] Java::OrgPostgresqlUtil::PSQLException: ERROR: relation "customers" does not exist
[2023-03-14T09:53:57.245+0000] {subprocess.py:93} INFO -   Position : 48: SELECT count(*) AS "count" FROM (SELECT * FROM customers) AS "t1" LIMIT 1
[2023-03-14T09:53:57.273+0000] {subprocess.py:93} INFO - [2023-03-14T09:53:57,273][WARN ][logstash.inputs.jdbc     ][main][afa454a497099ce3438919c7cfc7ae10a3b3980082608321cda443e0b5f70dbd] Exception when executing JDBC query {:exception=>"Java::OrgPostgresqlUtil::PSQLException: ERROR: relation \"customers\" does not exist\n  Position : 48"}
[2023-03-14T09:53:57.948+0000] {subprocess.py:93} INFO - [2023-03-14T09:53:57,947][INFO ][logstash.javapipeline    ][main] Pipeline terminated {"pipeline.id"=>"main"}
[2023-03-14T09:53:58.200+0000] {subprocess.py:93} INFO - [2023-03-14T09:53:58,199][INFO ][logstash.pipelinesregistry] Removed pipeline from registry successfully {:pipeline_id=>:main}
[2023-03-14T09:53:58.254+0000] {subprocess.py:93} INFO - [2023-03-14T09:53:58,254][INFO ][logstash.runner          ] Logstash shut down.
[2023-03-14T09:53:58.371+0000] {subprocess.py:97} INFO - Command exited with return code 0
[2023-03-14T09:53:58.399+0000] {taskinstance.py:1318} INFO - Marking task as SUCCESS. dag_id=AUTOMATISATION, task_id=Chargement_des_données_in_ELK, execution_date=20230313T000133, start_date=20230314T095326, end_date=20230314T095358
[2023-03-14T09:53:58.456+0000] {local_task_job.py:208} INFO - Task exited with return code 0
[2023-03-14T09:53:58.471+0000] {taskinstance.py:2578} INFO - 0 downstream tasks scheduled from follow-on schedule check
[2023-03-15T07:17:54.713+0000] {taskinstance.py:1083} INFO - Dependencies all met for <TaskInstance: AUTOMATISATION.Chargement_des_données_in_ELK scheduled__2023-03-13T00:01:33+00:00 [queued]>
[2023-03-15T07:17:54.718+0000] {taskinstance.py:1083} INFO - Dependencies all met for <TaskInstance: AUTOMATISATION.Chargement_des_données_in_ELK scheduled__2023-03-13T00:01:33+00:00 [queued]>
[2023-03-15T07:17:54.718+0000] {taskinstance.py:1279} INFO - 
--------------------------------------------------------------------------------
[2023-03-15T07:17:54.718+0000] {taskinstance.py:1280} INFO - Starting attempt 1 of 4
[2023-03-15T07:17:54.718+0000] {taskinstance.py:1281} INFO - 
--------------------------------------------------------------------------------
[2023-03-15T07:17:54.729+0000] {taskinstance.py:1300} INFO - Executing <Task(BashOperator): Chargement_des_données_in_ELK> on 2023-03-13 00:01:33+00:00
[2023-03-15T07:17:54.730+0000] {standard_task_runner.py:55} INFO - Started process 121845 to run task
[2023-03-15T07:17:54.732+0000] {standard_task_runner.py:82} INFO - Running: ['airflow', 'tasks', 'run', 'AUTOMATISATION', 'Chargement_des_données_in_ELK', 'scheduled__2023-03-13T00:01:33+00:00', '--job-id', '711', '--raw', '--subdir', 'DAGS_FOLDER/main.py', '--cfg-path', '/tmp/tmpe2y0vx_1']
[2023-03-15T07:17:54.733+0000] {standard_task_runner.py:83} INFO - Job 711: Subtask Chargement_des_données_in_ELK
[2023-03-15T07:17:54.762+0000] {task_command.py:388} INFO - Running <TaskInstance: AUTOMATISATION.Chargement_des_données_in_ELK scheduled__2023-03-13T00:01:33+00:00 [running]> on host dev
[2023-03-15T07:17:54.801+0000] {taskinstance.py:1507} INFO - Exporting the following env vars:
AIRFLOW_CTX_DAG_OWNER=airflow
AIRFLOW_CTX_DAG_ID=AUTOMATISATION
AIRFLOW_CTX_TASK_ID=Chargement_des_données_in_ELK
AIRFLOW_CTX_EXECUTION_DATE=2023-03-13T00:01:33+00:00
AIRFLOW_CTX_TRY_NUMBER=1
AIRFLOW_CTX_DAG_RUN_ID=scheduled__2023-03-13T00:01:33+00:00
[2023-03-15T07:17:54.802+0000] {subprocess.py:63} INFO - Tmp dir root location: 
 /tmp
[2023-03-15T07:17:54.802+0000] {subprocess.py:75} INFO - Running command: ['/usr/bin/bash', '-c', 'echo dev | sudo -S /usr/share/logstash/bin/logstash --path.settings=/etc/logstash/ -f /etc/logstash/conf.d/data.conf']
[2023-03-15T07:17:54.806+0000] {subprocess.py:86} INFO - Output:
[2023-03-15T07:17:54.847+0000] {subprocess.py:93} INFO - [sudo] Mot de passe de dev : Using bundled JDK: /usr/share/logstash/jdk
[2023-03-15T07:17:54.975+0000] {subprocess.py:93} INFO - OpenJDK 64-Bit Server VM warning: Option UseConcMarkSweepGC was deprecated in version 9.0 and will likely be removed in a future release.
[2023-03-15T07:18:06.227+0000] {subprocess.py:93} INFO - Sending Logstash logs to /var/log/logstash which is now configured via log4j2.properties
[2023-03-15T07:18:06.283+0000] {subprocess.py:93} INFO - [2023-03-15T07:18:06,281][INFO ][logstash.runner          ] Log4j configuration path used is: /etc/logstash/log4j2.properties
[2023-03-15T07:18:06.288+0000] {subprocess.py:93} INFO - [2023-03-15T07:18:06,288][INFO ][logstash.runner          ] Starting Logstash {"logstash.version"=>"7.15.2", "jruby.version"=>"jruby 9.2.19.0 (2.5.8) 2021-06-15 55810c552b OpenJDK 64-Bit Server VM 11.0.12+7 on 11.0.12+7 +indy +jit [linux-x86_64]"}
[2023-03-15T07:18:06.500+0000] {subprocess.py:93} INFO - [2023-03-15T07:18:06,500][WARN ][logstash.config.source.multilocal] Ignoring the 'pipelines.yml' file because modules or command line options are specified
[2023-03-15T07:18:07.256+0000] {subprocess.py:93} INFO - [2023-03-15T07:18:07,255][INFO ][logstash.agent           ] Successfully started Logstash API endpoint {:port=>9600}
[2023-03-15T07:18:07.579+0000] {subprocess.py:93} INFO - [2023-03-15T07:18:07,578][INFO ][org.reflections.Reflections] Reflections took 48 ms to scan 1 urls, producing 120 keys and 417 values
[2023-03-15T07:18:08.263+0000] {subprocess.py:93} INFO - [2023-03-15T07:18:08,262][INFO ][logstash.outputs.elasticsearch][main] New Elasticsearch output {:class=>"LogStash::Outputs::ElasticSearch", :hosts=>["//localhost:9200"]}
[2023-03-15T07:18:08.501+0000] {subprocess.py:93} INFO - [2023-03-15T07:18:08,500][INFO ][logstash.outputs.elasticsearch][main] Elasticsearch pool URLs updated {:changes=>{:removed=>[], :added=>[http://localhost:9200/]}}
[2023-03-15T07:18:08.598+0000] {subprocess.py:93} INFO - [2023-03-15T07:18:08,597][WARN ][logstash.outputs.elasticsearch][main] Restored connection to ES instance {:url=>"http://localhost:9200/"}
[2023-03-15T07:18:08.626+0000] {subprocess.py:93} INFO - [2023-03-15T07:18:08,626][INFO ][logstash.outputs.elasticsearch][main] Elasticsearch version determined (7.15.2) {:es_version=>7}
[2023-03-15T07:18:08.628+0000] {subprocess.py:93} INFO - [2023-03-15T07:18:08,628][WARN ][logstash.outputs.elasticsearch][main] Detected a 6.x and above cluster: the `type` event field won't be used to determine the document _type {:es_version=>7}
[2023-03-15T07:18:08.720+0000] {subprocess.py:93} INFO - [2023-03-15T07:18:08,719][INFO ][logstash.outputs.elasticsearch][main] Using a default mapping template {:es_version=>7, :ecs_compatibility=>:disabled}
[2023-03-15T07:18:08.746+0000] {subprocess.py:93} INFO - [2023-03-15T07:18:08,746][INFO ][logstash.javapipeline    ][main] Starting pipeline {:pipeline_id=>"main", "pipeline.workers"=>8, "pipeline.batch.size"=>125, "pipeline.batch.delay"=>50, "pipeline.max_inflight"=>1000, "pipeline.sources"=>["/etc/logstash/conf.d/data.conf"], :thread=>"#<Thread:0x16fd2975 run>"}
[2023-03-15T07:18:09.221+0000] {subprocess.py:93} INFO - [2023-03-15T07:18:09,221][INFO ][logstash.javapipeline    ][main] Pipeline Java execution initialization time {"seconds"=>0.47}
[2023-03-15T07:18:09.279+0000] {subprocess.py:93} INFO - [2023-03-15T07:18:09,279][INFO ][logstash.javapipeline    ][main] Pipeline started {"pipeline.id"=>"main"}
[2023-03-15T07:18:09.318+0000] {subprocess.py:93} INFO - [2023-03-15T07:18:09,318][INFO ][logstash.agent           ] Pipelines running {:count=>1, :running_pipelines=>[:main], :non_running_pipelines=>[]}
[2023-03-15T07:18:10.073+0000] {subprocess.py:93} INFO - [2023-03-15T07:18:10,073][INFO ][logstash.inputs.jdbc     ][main][afa454a497099ce3438919c7cfc7ae10a3b3980082608321cda443e0b5f70dbd] (0.012501s) SELECT CAST(current_setting('server_version_num') AS integer) AS v
[2023-03-15T07:18:10.152+0000] {subprocess.py:93} INFO - [2023-03-15T07:18:10,152][INFO ][logstash.inputs.jdbc     ][main][afa454a497099ce3438919c7cfc7ae10a3b3980082608321cda443e0b5f70dbd] (0.001712s) SELECT count(*) AS "count" FROM (SELECT * FROM customers) AS "t1" LIMIT 1
[2023-03-15T07:18:10.675+0000] {subprocess.py:93} INFO - [2023-03-15T07:18:10,675][INFO ][logstash.javapipeline    ][main] Pipeline terminated {"pipeline.id"=>"main"}
[2023-03-15T07:18:10.883+0000] {subprocess.py:93} INFO - [2023-03-15T07:18:10,882][INFO ][logstash.pipelinesregistry] Removed pipeline from registry successfully {:pipeline_id=>:main}
[2023-03-15T07:18:10.904+0000] {subprocess.py:93} INFO - [2023-03-15T07:18:10,904][INFO ][logstash.runner          ] Logstash shut down.
[2023-03-15T07:18:10.950+0000] {subprocess.py:97} INFO - Command exited with return code 0
[2023-03-15T07:18:10.963+0000] {taskinstance.py:1318} INFO - Marking task as SUCCESS. dag_id=AUTOMATISATION, task_id=Chargement_des_données_in_ELK, execution_date=20230313T000133, start_date=20230315T071754, end_date=20230315T071810
[2023-03-15T07:18:10.992+0000] {local_task_job.py:208} INFO - Task exited with return code 0
[2023-03-15T07:18:11.005+0000] {taskinstance.py:2578} INFO - 0 downstream tasks scheduled from follow-on schedule check
