[2023-03-13T19:31:17.416+0000] {taskinstance.py:1083} INFO - Dependencies all met for <TaskInstance: AUTOMATISATION.demarre_ELK scheduled__2023-03-13T00:00:36+00:00 [queued]>
[2023-03-13T19:31:17.431+0000] {taskinstance.py:1083} INFO - Dependencies all met for <TaskInstance: AUTOMATISATION.demarre_ELK scheduled__2023-03-13T00:00:36+00:00 [queued]>
[2023-03-13T19:31:17.431+0000] {taskinstance.py:1279} INFO - 
--------------------------------------------------------------------------------
[2023-03-13T19:31:17.432+0000] {taskinstance.py:1280} INFO - Starting attempt 1 of 2
[2023-03-13T19:31:17.432+0000] {taskinstance.py:1281} INFO - 
--------------------------------------------------------------------------------
[2023-03-13T19:31:17.452+0000] {taskinstance.py:1300} INFO - Executing <Task(BashOperator): demarre_ELK> on 2023-03-13 00:00:36+00:00
[2023-03-13T19:31:17.455+0000] {standard_task_runner.py:55} INFO - Started process 35261 to run task
[2023-03-13T19:31:17.461+0000] {standard_task_runner.py:82} INFO - Running: ['airflow', 'tasks', 'run', 'AUTOMATISATION', 'demarre_ELK', 'scheduled__2023-03-13T00:00:36+00:00', '--job-id', '28', '--raw', '--subdir', 'DAGS_FOLDER/main.py', '--cfg-path', '/tmp/tmpvuh0g956']
[2023-03-13T19:31:17.463+0000] {standard_task_runner.py:83} INFO - Job 28: Subtask demarre_ELK
[2023-03-13T19:31:17.541+0000] {task_command.py:388} INFO - Running <TaskInstance: AUTOMATISATION.demarre_ELK scheduled__2023-03-13T00:00:36+00:00 [running]> on host dev
[2023-03-13T19:31:17.609+0000] {taskinstance.py:1507} INFO - Exporting the following env vars:
AIRFLOW_CTX_DAG_OWNER=airflow
AIRFLOW_CTX_DAG_ID=AUTOMATISATION
AIRFLOW_CTX_TASK_ID=demarre_ELK
AIRFLOW_CTX_EXECUTION_DATE=2023-03-13T00:00:36+00:00
AIRFLOW_CTX_TRY_NUMBER=1
AIRFLOW_CTX_DAG_RUN_ID=scheduled__2023-03-13T00:00:36+00:00
[2023-03-13T19:31:17.611+0000] {subprocess.py:63} INFO - Tmp dir root location: 
 /tmp
[2023-03-13T19:31:17.611+0000] {subprocess.py:75} INFO - Running command: ['/usr/bin/bash', '-c', 'docker-compose -f /home/dev/soute/ELK/docker-compose.yml up -d']
[2023-03-13T19:31:17.620+0000] {subprocess.py:86} INFO - Output:
[2023-03-13T19:31:18.582+0000] {subprocess.py:93} INFO - elasticsearch is up-to-date
[2023-03-13T19:31:18.582+0000] {subprocess.py:93} INFO - kibana is up-to-date
[2023-03-13T19:31:18.648+0000] {subprocess.py:97} INFO - Command exited with return code 0
[2023-03-13T19:31:18.679+0000] {taskinstance.py:1318} INFO - Marking task as SUCCESS. dag_id=AUTOMATISATION, task_id=demarre_ELK, execution_date=20230313T000036, start_date=20230313T193117, end_date=20230313T193118
[2023-03-13T19:31:18.715+0000] {local_task_job.py:208} INFO - Task exited with return code 0
[2023-03-13T19:31:18.744+0000] {taskinstance.py:2578} INFO - 1 downstream tasks scheduled from follow-on schedule check
[2023-03-13T19:41:49.345+0000] {taskinstance.py:1083} INFO - Dependencies all met for <TaskInstance: AUTOMATISATION.demarre_ELK scheduled__2023-03-13T00:00:36+00:00 [queued]>
[2023-03-13T19:41:49.356+0000] {taskinstance.py:1083} INFO - Dependencies all met for <TaskInstance: AUTOMATISATION.demarre_ELK scheduled__2023-03-13T00:00:36+00:00 [queued]>
[2023-03-13T19:41:49.357+0000] {taskinstance.py:1279} INFO - 
--------------------------------------------------------------------------------
[2023-03-13T19:41:49.357+0000] {taskinstance.py:1280} INFO - Starting attempt 1 of 2
[2023-03-13T19:41:49.357+0000] {taskinstance.py:1281} INFO - 
--------------------------------------------------------------------------------
[2023-03-13T19:41:49.378+0000] {taskinstance.py:1300} INFO - Executing <Task(BashOperator): demarre_ELK> on 2023-03-13 00:00:36+00:00
[2023-03-13T19:41:49.381+0000] {standard_task_runner.py:55} INFO - Started process 37124 to run task
[2023-03-13T19:41:49.386+0000] {standard_task_runner.py:82} INFO - Running: ['airflow', 'tasks', 'run', 'AUTOMATISATION', 'demarre_ELK', 'scheduled__2023-03-13T00:00:36+00:00', '--job-id', '76', '--raw', '--subdir', 'DAGS_FOLDER/main.py', '--cfg-path', '/tmp/tmpwzundp1z']
[2023-03-13T19:41:49.388+0000] {standard_task_runner.py:83} INFO - Job 76: Subtask demarre_ELK
[2023-03-13T19:41:49.452+0000] {task_command.py:388} INFO - Running <TaskInstance: AUTOMATISATION.demarre_ELK scheduled__2023-03-13T00:00:36+00:00 [running]> on host dev
[2023-03-13T19:41:49.521+0000] {taskinstance.py:1507} INFO - Exporting the following env vars:
AIRFLOW_CTX_DAG_OWNER=airflow
AIRFLOW_CTX_DAG_ID=AUTOMATISATION
AIRFLOW_CTX_TASK_ID=demarre_ELK
AIRFLOW_CTX_EXECUTION_DATE=2023-03-13T00:00:36+00:00
AIRFLOW_CTX_TRY_NUMBER=1
AIRFLOW_CTX_DAG_RUN_ID=scheduled__2023-03-13T00:00:36+00:00
[2023-03-13T19:41:49.522+0000] {subprocess.py:63} INFO - Tmp dir root location: 
 /tmp
[2023-03-13T19:41:49.523+0000] {subprocess.py:75} INFO - Running command: ['/usr/bin/bash', '-c', 'docker-compose -f /home/dev/soute/ELK/docker-compose.yml up -d']
[2023-03-13T19:41:49.531+0000] {subprocess.py:86} INFO - Output:
[2023-03-13T19:41:50.286+0000] {subprocess.py:93} INFO - elasticsearch is up-to-date
[2023-03-13T19:41:50.287+0000] {subprocess.py:93} INFO - kibana is up-to-date
[2023-03-13T19:41:50.340+0000] {subprocess.py:97} INFO - Command exited with return code 0
[2023-03-13T19:41:50.368+0000] {taskinstance.py:1318} INFO - Marking task as SUCCESS. dag_id=AUTOMATISATION, task_id=demarre_ELK, execution_date=20230313T000036, start_date=20230313T194149, end_date=20230313T194150
[2023-03-13T19:41:50.400+0000] {local_task_job.py:208} INFO - Task exited with return code 0
[2023-03-13T19:41:50.428+0000] {taskinstance.py:2578} INFO - 1 downstream tasks scheduled from follow-on schedule check
[2023-03-13T20:03:19.406+0000] {taskinstance.py:1083} INFO - Dependencies all met for <TaskInstance: AUTOMATISATION.demarre_ELK scheduled__2023-03-13T00:00:36+00:00 [queued]>
[2023-03-13T20:03:19.418+0000] {taskinstance.py:1083} INFO - Dependencies all met for <TaskInstance: AUTOMATISATION.demarre_ELK scheduled__2023-03-13T00:00:36+00:00 [queued]>
[2023-03-13T20:03:19.418+0000] {taskinstance.py:1279} INFO - 
--------------------------------------------------------------------------------
[2023-03-13T20:03:19.419+0000] {taskinstance.py:1280} INFO - Starting attempt 1 of 2
[2023-03-13T20:03:19.419+0000] {taskinstance.py:1281} INFO - 
--------------------------------------------------------------------------------
[2023-03-13T20:03:19.440+0000] {taskinstance.py:1300} INFO - Executing <Task(BashOperator): demarre_ELK> on 2023-03-13 00:00:36+00:00
[2023-03-13T20:03:19.444+0000] {standard_task_runner.py:55} INFO - Started process 40911 to run task
[2023-03-13T20:03:19.448+0000] {standard_task_runner.py:82} INFO - Running: ['airflow', 'tasks', 'run', 'AUTOMATISATION', 'demarre_ELK', 'scheduled__2023-03-13T00:00:36+00:00', '--job-id', '188', '--raw', '--subdir', 'DAGS_FOLDER/main.py', '--cfg-path', '/tmp/tmpih1mavhq']
[2023-03-13T20:03:19.450+0000] {standard_task_runner.py:83} INFO - Job 188: Subtask demarre_ELK
[2023-03-13T20:03:19.515+0000] {task_command.py:388} INFO - Running <TaskInstance: AUTOMATISATION.demarre_ELK scheduled__2023-03-13T00:00:36+00:00 [running]> on host dev
[2023-03-13T20:03:19.593+0000] {taskinstance.py:1507} INFO - Exporting the following env vars:
AIRFLOW_CTX_DAG_OWNER=airflow
AIRFLOW_CTX_DAG_ID=AUTOMATISATION
AIRFLOW_CTX_TASK_ID=demarre_ELK
AIRFLOW_CTX_EXECUTION_DATE=2023-03-13T00:00:36+00:00
AIRFLOW_CTX_TRY_NUMBER=1
AIRFLOW_CTX_DAG_RUN_ID=scheduled__2023-03-13T00:00:36+00:00
[2023-03-13T20:03:19.595+0000] {subprocess.py:63} INFO - Tmp dir root location: 
 /tmp
[2023-03-13T20:03:19.596+0000] {subprocess.py:75} INFO - Running command: ['/usr/bin/bash', '-c', 'docker-compose -f /home/dev/soute/ELK/docker-compose.yml up -d']
[2023-03-13T20:03:19.605+0000] {subprocess.py:86} INFO - Output:
[2023-03-13T20:03:20.429+0000] {subprocess.py:93} INFO - elasticsearch is up-to-date
[2023-03-13T20:03:20.430+0000] {subprocess.py:93} INFO - kibana is up-to-date
[2023-03-13T20:03:20.491+0000] {subprocess.py:97} INFO - Command exited with return code 0
[2023-03-13T20:03:20.519+0000] {taskinstance.py:1318} INFO - Marking task as SUCCESS. dag_id=AUTOMATISATION, task_id=demarre_ELK, execution_date=20230313T000036, start_date=20230313T200319, end_date=20230313T200320
[2023-03-13T20:03:20.542+0000] {local_task_job.py:208} INFO - Task exited with return code 0
[2023-03-13T20:03:20.576+0000] {taskinstance.py:2578} INFO - 1 downstream tasks scheduled from follow-on schedule check
[2023-03-13T20:36:56.000+0000] {taskinstance.py:1083} INFO - Dependencies all met for <TaskInstance: AUTOMATISATION.demarre_ELK scheduled__2023-03-13T00:00:36+00:00 [queued]>
[2023-03-13T20:36:56.015+0000] {taskinstance.py:1083} INFO - Dependencies all met for <TaskInstance: AUTOMATISATION.demarre_ELK scheduled__2023-03-13T00:00:36+00:00 [queued]>
[2023-03-13T20:36:56.015+0000] {taskinstance.py:1279} INFO - 
--------------------------------------------------------------------------------
[2023-03-13T20:36:56.015+0000] {taskinstance.py:1280} INFO - Starting attempt 1 of 2
[2023-03-13T20:36:56.015+0000] {taskinstance.py:1281} INFO - 
--------------------------------------------------------------------------------
[2023-03-13T20:36:56.042+0000] {taskinstance.py:1300} INFO - Executing <Task(BashOperator): demarre_ELK> on 2023-03-13 00:00:36+00:00
[2023-03-13T20:36:56.047+0000] {standard_task_runner.py:55} INFO - Started process 47912 to run task
[2023-03-13T20:36:56.051+0000] {standard_task_runner.py:82} INFO - Running: ['airflow', 'tasks', 'run', 'AUTOMATISATION', 'demarre_ELK', 'scheduled__2023-03-13T00:00:36+00:00', '--job-id', '300', '--raw', '--subdir', 'DAGS_FOLDER/main.py', '--cfg-path', '/tmp/tmpx1mjcvwj']
[2023-03-13T20:36:56.053+0000] {standard_task_runner.py:83} INFO - Job 300: Subtask demarre_ELK
[2023-03-13T20:36:56.124+0000] {task_command.py:388} INFO - Running <TaskInstance: AUTOMATISATION.demarre_ELK scheduled__2023-03-13T00:00:36+00:00 [running]> on host dev
[2023-03-13T20:36:56.199+0000] {taskinstance.py:1507} INFO - Exporting the following env vars:
AIRFLOW_CTX_DAG_OWNER=airflow
AIRFLOW_CTX_DAG_ID=AUTOMATISATION
AIRFLOW_CTX_TASK_ID=demarre_ELK
AIRFLOW_CTX_EXECUTION_DATE=2023-03-13T00:00:36+00:00
AIRFLOW_CTX_TRY_NUMBER=1
AIRFLOW_CTX_DAG_RUN_ID=scheduled__2023-03-13T00:00:36+00:00
[2023-03-13T20:36:56.201+0000] {subprocess.py:63} INFO - Tmp dir root location: 
 /tmp
[2023-03-13T20:36:56.202+0000] {subprocess.py:75} INFO - Running command: ['/usr/bin/bash', '-c', 'docker-compose -f /home/dev/soute/ELK/docker-compose.yml up -d']
[2023-03-13T20:36:56.212+0000] {subprocess.py:86} INFO - Output:
[2023-03-13T20:36:57.000+0000] {subprocess.py:93} INFO - elasticsearch is up-to-date
[2023-03-13T20:36:57.001+0000] {subprocess.py:93} INFO - kibana is up-to-date
[2023-03-13T20:36:57.055+0000] {subprocess.py:97} INFO - Command exited with return code 0
[2023-03-13T20:36:57.084+0000] {taskinstance.py:1318} INFO - Marking task as SUCCESS. dag_id=AUTOMATISATION, task_id=demarre_ELK, execution_date=20230313T000036, start_date=20230313T203656, end_date=20230313T203657
[2023-03-13T20:36:57.145+0000] {local_task_job.py:208} INFO - Task exited with return code 0
[2023-03-13T20:36:57.173+0000] {taskinstance.py:2578} INFO - 1 downstream tasks scheduled from follow-on schedule check
[2023-03-14T09:30:40.846+0000] {taskinstance.py:1083} INFO - Dependencies all met for <TaskInstance: AUTOMATISATION.demarre_ELK scheduled__2023-03-13T00:00:36+00:00 [queued]>
[2023-03-14T09:30:40.860+0000] {taskinstance.py:1083} INFO - Dependencies all met for <TaskInstance: AUTOMATISATION.demarre_ELK scheduled__2023-03-13T00:00:36+00:00 [queued]>
[2023-03-14T09:30:40.860+0000] {taskinstance.py:1279} INFO - 
--------------------------------------------------------------------------------
[2023-03-14T09:30:40.860+0000] {taskinstance.py:1280} INFO - Starting attempt 1 of 2
[2023-03-14T09:30:40.860+0000] {taskinstance.py:1281} INFO - 
--------------------------------------------------------------------------------
[2023-03-14T09:30:40.882+0000] {taskinstance.py:1300} INFO - Executing <Task(BashOperator): demarre_ELK> on 2023-03-13 00:00:36+00:00
[2023-03-14T09:30:40.885+0000] {standard_task_runner.py:55} INFO - Started process 25662 to run task
[2023-03-14T09:30:40.889+0000] {standard_task_runner.py:82} INFO - Running: ['airflow', 'tasks', 'run', 'AUTOMATISATION', 'demarre_ELK', 'scheduled__2023-03-13T00:00:36+00:00', '--job-id', '544', '--raw', '--subdir', 'DAGS_FOLDER/main.py', '--cfg-path', '/tmp/tmp0rhojw3_']
[2023-03-14T09:30:40.891+0000] {standard_task_runner.py:83} INFO - Job 544: Subtask demarre_ELK
[2023-03-14T09:30:40.960+0000] {task_command.py:388} INFO - Running <TaskInstance: AUTOMATISATION.demarre_ELK scheduled__2023-03-13T00:00:36+00:00 [running]> on host dev
[2023-03-14T09:30:41.034+0000] {taskinstance.py:1507} INFO - Exporting the following env vars:
AIRFLOW_CTX_DAG_OWNER=airflow
AIRFLOW_CTX_DAG_ID=AUTOMATISATION
AIRFLOW_CTX_TASK_ID=demarre_ELK
AIRFLOW_CTX_EXECUTION_DATE=2023-03-13T00:00:36+00:00
AIRFLOW_CTX_TRY_NUMBER=1
AIRFLOW_CTX_DAG_RUN_ID=scheduled__2023-03-13T00:00:36+00:00
[2023-03-14T09:30:41.036+0000] {subprocess.py:63} INFO - Tmp dir root location: 
 /tmp
[2023-03-14T09:30:41.036+0000] {subprocess.py:75} INFO - Running command: ['/usr/bin/bash', '-c', 'docker-compose -f /home/dev/soute/ELK/docker-compose.yml up -d']
[2023-03-14T09:30:41.044+0000] {subprocess.py:86} INFO - Output:
[2023-03-14T09:30:41.846+0000] {subprocess.py:93} INFO - elasticsearch is up-to-date
[2023-03-14T09:30:41.847+0000] {subprocess.py:93} INFO - kibana is up-to-date
[2023-03-14T09:30:41.915+0000] {subprocess.py:97} INFO - Command exited with return code 0
[2023-03-14T09:30:41.944+0000] {taskinstance.py:1318} INFO - Marking task as SUCCESS. dag_id=AUTOMATISATION, task_id=demarre_ELK, execution_date=20230313T000036, start_date=20230314T093040, end_date=20230314T093041
[2023-03-14T09:30:41.983+0000] {local_task_job.py:208} INFO - Task exited with return code 0
[2023-03-14T09:30:42.011+0000] {taskinstance.py:2578} INFO - 1 downstream tasks scheduled from follow-on schedule check
[2023-03-15T07:11:01.212+0000] {taskinstance.py:1083} INFO - Dependencies all met for <TaskInstance: AUTOMATISATION.demarre_ELK scheduled__2023-03-13T00:00:36+00:00 [queued]>
[2023-03-15T07:11:01.216+0000] {taskinstance.py:1083} INFO - Dependencies all met for <TaskInstance: AUTOMATISATION.demarre_ELK scheduled__2023-03-13T00:00:36+00:00 [queued]>
[2023-03-15T07:11:01.216+0000] {taskinstance.py:1279} INFO - 
--------------------------------------------------------------------------------
[2023-03-15T07:11:01.216+0000] {taskinstance.py:1280} INFO - Starting attempt 1 of 2
[2023-03-15T07:11:01.216+0000] {taskinstance.py:1281} INFO - 
--------------------------------------------------------------------------------
[2023-03-15T07:11:01.226+0000] {taskinstance.py:1300} INFO - Executing <Task(BashOperator): demarre_ELK> on 2023-03-13 00:00:36+00:00
[2023-03-15T07:11:01.228+0000] {standard_task_runner.py:55} INFO - Started process 118151 to run task
[2023-03-15T07:11:01.229+0000] {standard_task_runner.py:82} INFO - Running: ['airflow', 'tasks', 'run', 'AUTOMATISATION', 'demarre_ELK', 'scheduled__2023-03-13T00:00:36+00:00', '--job-id', '669', '--raw', '--subdir', 'DAGS_FOLDER/main.py', '--cfg-path', '/tmp/tmp7w1f3knf']
[2023-03-15T07:11:01.230+0000] {standard_task_runner.py:83} INFO - Job 669: Subtask demarre_ELK
[2023-03-15T07:11:01.259+0000] {task_command.py:388} INFO - Running <TaskInstance: AUTOMATISATION.demarre_ELK scheduled__2023-03-13T00:00:36+00:00 [running]> on host dev
[2023-03-15T07:11:01.292+0000] {taskinstance.py:1507} INFO - Exporting the following env vars:
AIRFLOW_CTX_DAG_OWNER=airflow
AIRFLOW_CTX_DAG_ID=AUTOMATISATION
AIRFLOW_CTX_TASK_ID=demarre_ELK
AIRFLOW_CTX_EXECUTION_DATE=2023-03-13T00:00:36+00:00
AIRFLOW_CTX_TRY_NUMBER=1
AIRFLOW_CTX_DAG_RUN_ID=scheduled__2023-03-13T00:00:36+00:00
[2023-03-15T07:11:01.293+0000] {subprocess.py:63} INFO - Tmp dir root location: 
 /tmp
[2023-03-15T07:11:01.293+0000] {subprocess.py:75} INFO - Running command: ['/usr/bin/bash', '-c', 'docker-compose -f /home/dev/soute/ELK/docker-compose.yml up -d']
[2023-03-15T07:11:01.297+0000] {subprocess.py:86} INFO - Output:
[2023-03-15T07:11:01.598+0000] {subprocess.py:93} INFO - elasticsearch is up-to-date
[2023-03-15T07:11:01.598+0000] {subprocess.py:93} INFO - kibana is up-to-date
[2023-03-15T07:11:01.619+0000] {subprocess.py:97} INFO - Command exited with return code 0
[2023-03-15T07:11:01.634+0000] {taskinstance.py:1318} INFO - Marking task as SUCCESS. dag_id=AUTOMATISATION, task_id=demarre_ELK, execution_date=20230313T000036, start_date=20230315T071101, end_date=20230315T071101
[2023-03-15T07:11:01.682+0000] {local_task_job.py:208} INFO - Task exited with return code 0
[2023-03-15T07:11:01.706+0000] {taskinstance.py:2578} INFO - 1 downstream tasks scheduled from follow-on schedule check
