[2023-03-13T21:13:13.406+0000] {taskinstance.py:1083} INFO - Dependencies all met for <TaskInstance: AUTOMATISATION.demarre_ELK scheduled__2023-03-13T00:01:33+00:00 [queued]>
[2023-03-13T21:13:13.419+0000] {taskinstance.py:1083} INFO - Dependencies all met for <TaskInstance: AUTOMATISATION.demarre_ELK scheduled__2023-03-13T00:01:33+00:00 [queued]>
[2023-03-13T21:13:13.419+0000] {taskinstance.py:1279} INFO - 
--------------------------------------------------------------------------------
[2023-03-13T21:13:13.420+0000] {taskinstance.py:1280} INFO - Starting attempt 1 of 2
[2023-03-13T21:13:13.420+0000] {taskinstance.py:1281} INFO - 
--------------------------------------------------------------------------------
[2023-03-13T21:13:13.443+0000] {taskinstance.py:1300} INFO - Executing <Task(BashOperator): demarre_ELK> on 2023-03-13 00:01:33+00:00
[2023-03-13T21:13:13.447+0000] {standard_task_runner.py:55} INFO - Started process 56107 to run task
[2023-03-13T21:13:13.452+0000] {standard_task_runner.py:82} INFO - Running: ['airflow', 'tasks', 'run', 'AUTOMATISATION', 'demarre_ELK', 'scheduled__2023-03-13T00:01:33+00:00', '--job-id', '338', '--raw', '--subdir', 'DAGS_FOLDER/main.py', '--cfg-path', '/tmp/tmp27ab1l5m']
[2023-03-13T21:13:13.454+0000] {standard_task_runner.py:83} INFO - Job 338: Subtask demarre_ELK
[2023-03-13T21:13:13.531+0000] {task_command.py:388} INFO - Running <TaskInstance: AUTOMATISATION.demarre_ELK scheduled__2023-03-13T00:01:33+00:00 [running]> on host dev
[2023-03-13T21:13:13.618+0000] {taskinstance.py:1507} INFO - Exporting the following env vars:
AIRFLOW_CTX_DAG_OWNER=airflow
AIRFLOW_CTX_DAG_ID=AUTOMATISATION
AIRFLOW_CTX_TASK_ID=demarre_ELK
AIRFLOW_CTX_EXECUTION_DATE=2023-03-13T00:01:33+00:00
AIRFLOW_CTX_TRY_NUMBER=1
AIRFLOW_CTX_DAG_RUN_ID=scheduled__2023-03-13T00:01:33+00:00
[2023-03-13T21:13:13.620+0000] {subprocess.py:63} INFO - Tmp dir root location: 
 /tmp
[2023-03-13T21:13:13.621+0000] {subprocess.py:75} INFO - Running command: ['/usr/bin/bash', '-c', 'docker-compose -f /home/dev/soute/ELK/docker-compose.yml up -d']
[2023-03-13T21:13:13.631+0000] {subprocess.py:86} INFO - Output:
[2023-03-13T21:13:14.514+0000] {subprocess.py:93} INFO - elasticsearch is up-to-date
[2023-03-13T21:13:14.514+0000] {subprocess.py:93} INFO - kibana is up-to-date
[2023-03-13T21:13:14.574+0000] {subprocess.py:97} INFO - Command exited with return code 0
[2023-03-13T21:13:14.606+0000] {taskinstance.py:1318} INFO - Marking task as SUCCESS. dag_id=AUTOMATISATION, task_id=demarre_ELK, execution_date=20230313T000133, start_date=20230313T211313, end_date=20230313T211314
[2023-03-13T21:13:14.666+0000] {local_task_job.py:208} INFO - Task exited with return code 0
[2023-03-13T21:13:14.692+0000] {taskinstance.py:2578} INFO - 1 downstream tasks scheduled from follow-on schedule check
[2023-03-14T09:52:44.318+0000] {taskinstance.py:1083} INFO - Dependencies all met for <TaskInstance: AUTOMATISATION.demarre_ELK scheduled__2023-03-13T00:01:33+00:00 [queued]>
[2023-03-14T09:52:44.331+0000] {taskinstance.py:1083} INFO - Dependencies all met for <TaskInstance: AUTOMATISATION.demarre_ELK scheduled__2023-03-13T00:01:33+00:00 [queued]>
[2023-03-14T09:52:44.331+0000] {taskinstance.py:1279} INFO - 
--------------------------------------------------------------------------------
[2023-03-14T09:52:44.332+0000] {taskinstance.py:1280} INFO - Starting attempt 1 of 2
[2023-03-14T09:52:44.332+0000] {taskinstance.py:1281} INFO - 
--------------------------------------------------------------------------------
[2023-03-14T09:52:44.351+0000] {taskinstance.py:1300} INFO - Executing <Task(BashOperator): demarre_ELK> on 2023-03-13 00:01:33+00:00
[2023-03-14T09:52:44.354+0000] {standard_task_runner.py:55} INFO - Started process 31888 to run task
[2023-03-14T09:52:44.359+0000] {standard_task_runner.py:82} INFO - Running: ['airflow', 'tasks', 'run', 'AUTOMATISATION', 'demarre_ELK', 'scheduled__2023-03-13T00:01:33+00:00', '--job-id', '582', '--raw', '--subdir', 'DAGS_FOLDER/main.py', '--cfg-path', '/tmp/tmpp3pz7snu']
[2023-03-14T09:52:44.360+0000] {standard_task_runner.py:83} INFO - Job 582: Subtask demarre_ELK
[2023-03-14T09:52:44.460+0000] {task_command.py:388} INFO - Running <TaskInstance: AUTOMATISATION.demarre_ELK scheduled__2023-03-13T00:01:33+00:00 [running]> on host dev
[2023-03-14T09:52:44.536+0000] {taskinstance.py:1507} INFO - Exporting the following env vars:
AIRFLOW_CTX_DAG_OWNER=airflow
AIRFLOW_CTX_DAG_ID=AUTOMATISATION
AIRFLOW_CTX_TASK_ID=demarre_ELK
AIRFLOW_CTX_EXECUTION_DATE=2023-03-13T00:01:33+00:00
AIRFLOW_CTX_TRY_NUMBER=1
AIRFLOW_CTX_DAG_RUN_ID=scheduled__2023-03-13T00:01:33+00:00
[2023-03-14T09:52:44.538+0000] {subprocess.py:63} INFO - Tmp dir root location: 
 /tmp
[2023-03-14T09:52:44.539+0000] {subprocess.py:75} INFO - Running command: ['/usr/bin/bash', '-c', 'docker-compose -f /home/dev/soute/ELK/docker-compose.yml up -d']
[2023-03-14T09:52:44.549+0000] {subprocess.py:86} INFO - Output:
[2023-03-14T09:52:45.297+0000] {subprocess.py:93} INFO - elasticsearch is up-to-date
[2023-03-14T09:52:45.299+0000] {subprocess.py:93} INFO - kibana is up-to-date
[2023-03-14T09:52:45.347+0000] {subprocess.py:97} INFO - Command exited with return code 0
[2023-03-14T09:52:45.380+0000] {taskinstance.py:1318} INFO - Marking task as SUCCESS. dag_id=AUTOMATISATION, task_id=demarre_ELK, execution_date=20230313T000133, start_date=20230314T095244, end_date=20230314T095245
[2023-03-14T09:52:45.413+0000] {local_task_job.py:208} INFO - Task exited with return code 0
[2023-03-14T09:52:45.440+0000] {taskinstance.py:2578} INFO - 1 downstream tasks scheduled from follow-on schedule check
[2023-03-15T07:17:51.146+0000] {taskinstance.py:1083} INFO - Dependencies all met for <TaskInstance: AUTOMATISATION.demarre_ELK scheduled__2023-03-13T00:01:33+00:00 [queued]>
[2023-03-15T07:17:51.152+0000] {taskinstance.py:1083} INFO - Dependencies all met for <TaskInstance: AUTOMATISATION.demarre_ELK scheduled__2023-03-13T00:01:33+00:00 [queued]>
[2023-03-15T07:17:51.152+0000] {taskinstance.py:1279} INFO - 
--------------------------------------------------------------------------------
[2023-03-15T07:17:51.152+0000] {taskinstance.py:1280} INFO - Starting attempt 1 of 2
[2023-03-15T07:17:51.152+0000] {taskinstance.py:1281} INFO - 
--------------------------------------------------------------------------------
[2023-03-15T07:17:51.163+0000] {taskinstance.py:1300} INFO - Executing <Task(BashOperator): demarre_ELK> on 2023-03-13 00:01:33+00:00
[2023-03-15T07:17:51.164+0000] {standard_task_runner.py:55} INFO - Started process 121784 to run task
[2023-03-15T07:17:51.166+0000] {standard_task_runner.py:82} INFO - Running: ['airflow', 'tasks', 'run', 'AUTOMATISATION', 'demarre_ELK', 'scheduled__2023-03-13T00:01:33+00:00', '--job-id', '709', '--raw', '--subdir', 'DAGS_FOLDER/main.py', '--cfg-path', '/tmp/tmpcy9we_s_']
[2023-03-15T07:17:51.167+0000] {standard_task_runner.py:83} INFO - Job 709: Subtask demarre_ELK
[2023-03-15T07:17:51.196+0000] {task_command.py:388} INFO - Running <TaskInstance: AUTOMATISATION.demarre_ELK scheduled__2023-03-13T00:01:33+00:00 [running]> on host dev
[2023-03-15T07:17:51.230+0000] {taskinstance.py:1507} INFO - Exporting the following env vars:
AIRFLOW_CTX_DAG_OWNER=airflow
AIRFLOW_CTX_DAG_ID=AUTOMATISATION
AIRFLOW_CTX_TASK_ID=demarre_ELK
AIRFLOW_CTX_EXECUTION_DATE=2023-03-13T00:01:33+00:00
AIRFLOW_CTX_TRY_NUMBER=1
AIRFLOW_CTX_DAG_RUN_ID=scheduled__2023-03-13T00:01:33+00:00
[2023-03-15T07:17:51.231+0000] {subprocess.py:63} INFO - Tmp dir root location: 
 /tmp
[2023-03-15T07:17:51.231+0000] {subprocess.py:75} INFO - Running command: ['/usr/bin/bash', '-c', 'docker-compose -f /home/dev/soute/ELK/docker-compose.yml up -d']
[2023-03-15T07:17:51.235+0000] {subprocess.py:86} INFO - Output:
[2023-03-15T07:17:51.540+0000] {subprocess.py:93} INFO - elasticsearch is up-to-date
[2023-03-15T07:17:51.540+0000] {subprocess.py:93} INFO - kibana is up-to-date
[2023-03-15T07:17:51.570+0000] {subprocess.py:97} INFO - Command exited with return code 0
[2023-03-15T07:17:51.590+0000] {taskinstance.py:1318} INFO - Marking task as SUCCESS. dag_id=AUTOMATISATION, task_id=demarre_ELK, execution_date=20230313T000133, start_date=20230315T071751, end_date=20230315T071751
[2023-03-15T07:17:51.619+0000] {local_task_job.py:208} INFO - Task exited with return code 0
[2023-03-15T07:17:51.634+0000] {taskinstance.py:2578} INFO - 1 downstream tasks scheduled from follow-on schedule check
