[2023-03-13T19:50:46.015+0000] {taskinstance.py:1083} INFO - Dependencies all met for <TaskInstance: AUTOMATISATION.Chargement_des_données_in_ELK manual__2023-03-13T19:40:11.026613+00:00 [queued]>
[2023-03-13T19:50:46.027+0000] {taskinstance.py:1083} INFO - Dependencies all met for <TaskInstance: AUTOMATISATION.Chargement_des_données_in_ELK manual__2023-03-13T19:40:11.026613+00:00 [queued]>
[2023-03-13T19:50:46.027+0000] {taskinstance.py:1279} INFO - 
--------------------------------------------------------------------------------
[2023-03-13T19:50:46.028+0000] {taskinstance.py:1280} INFO - Starting attempt 3 of 4
[2023-03-13T19:50:46.028+0000] {taskinstance.py:1281} INFO - 
--------------------------------------------------------------------------------
[2023-03-13T19:50:46.050+0000] {taskinstance.py:1300} INFO - Executing <Task(BashOperator): Chargement_des_données_in_ELK> on 2023-03-13 19:40:11.026613+00:00
[2023-03-13T19:50:46.053+0000] {standard_task_runner.py:55} INFO - Started process 38475 to run task
[2023-03-13T19:50:46.057+0000] {standard_task_runner.py:82} INFO - Running: ['airflow', 'tasks', 'run', 'AUTOMATISATION', 'Chargement_des_données_in_ELK', 'manual__2023-03-13T19:40:11.026613+00:00', '--job-id', '101', '--raw', '--subdir', 'DAGS_FOLDER/main.py', '--cfg-path', '/tmp/tmpdjunm4xb']
[2023-03-13T19:50:46.059+0000] {standard_task_runner.py:83} INFO - Job 101: Subtask Chargement_des_données_in_ELK
[2023-03-13T19:50:46.119+0000] {task_command.py:388} INFO - Running <TaskInstance: AUTOMATISATION.Chargement_des_données_in_ELK manual__2023-03-13T19:40:11.026613+00:00 [running]> on host dev
[2023-03-13T19:50:46.179+0000] {taskinstance.py:1507} INFO - Exporting the following env vars:
AIRFLOW_CTX_DAG_OWNER=airflow
AIRFLOW_CTX_DAG_ID=AUTOMATISATION
AIRFLOW_CTX_TASK_ID=Chargement_des_données_in_ELK
AIRFLOW_CTX_EXECUTION_DATE=2023-03-13T19:40:11.026613+00:00
AIRFLOW_CTX_TRY_NUMBER=3
AIRFLOW_CTX_DAG_RUN_ID=manual__2023-03-13T19:40:11.026613+00:00
[2023-03-13T19:50:46.181+0000] {subprocess.py:63} INFO - Tmp dir root location: 
 /tmp
[2023-03-13T19:50:46.182+0000] {subprocess.py:75} INFO - Running command: ['/usr/bin/bash', '-c', 'bin/logstash --path.config /etc/logstash/conf.d/data.conf']
[2023-03-13T19:50:46.190+0000] {subprocess.py:86} INFO - Output:
[2023-03-13T19:50:46.192+0000] {subprocess.py:93} INFO - /usr/bin/bash: ligne 1: bin/logstash: Aucun fichier ou dossier de ce type
[2023-03-13T19:50:46.192+0000] {subprocess.py:97} INFO - Command exited with return code 127
[2023-03-13T19:50:46.202+0000] {taskinstance.py:1768} ERROR - Task failed with exception
Traceback (most recent call last):
  File "/home/dev/airflow/airflow/lib/python3.10/site-packages/airflow/operators/bash.py", line 196, in execute
    raise AirflowException(
airflow.exceptions.AirflowException: Bash command failed. The command returned a non-zero exit code 127.
[2023-03-13T19:50:46.206+0000] {taskinstance.py:1318} INFO - Marking task as UP_FOR_RETRY. dag_id=AUTOMATISATION, task_id=Chargement_des_données_in_ELK, execution_date=20230313T194011, start_date=20230313T195046, end_date=20230313T195046
[2023-03-13T19:50:46.223+0000] {standard_task_runner.py:100} ERROR - Failed to execute job 101 for task Chargement_des_données_in_ELK (Bash command failed. The command returned a non-zero exit code 127.; 38475)
[2023-03-13T19:50:46.268+0000] {local_task_job.py:208} INFO - Task exited with return code 1
[2023-03-13T19:50:46.289+0000] {taskinstance.py:2578} INFO - 0 downstream tasks scheduled from follow-on schedule check
