[2023-03-13T23:18:18.468+0000] {taskinstance.py:1083} INFO - Dependencies all met for <TaskInstance: AUTOMATISATION.Chargement_des_données_in_ELK scheduled__2023-03-13T00:04:30+00:00 [queued]>
[2023-03-13T23:18:18.481+0000] {taskinstance.py:1083} INFO - Dependencies all met for <TaskInstance: AUTOMATISATION.Chargement_des_données_in_ELK scheduled__2023-03-13T00:04:30+00:00 [queued]>
[2023-03-13T23:18:18.482+0000] {taskinstance.py:1279} INFO - 
--------------------------------------------------------------------------------
[2023-03-13T23:18:18.482+0000] {taskinstance.py:1280} INFO - Starting attempt 1 of 4
[2023-03-13T23:18:18.482+0000] {taskinstance.py:1281} INFO - 
--------------------------------------------------------------------------------
[2023-03-13T23:18:18.510+0000] {taskinstance.py:1300} INFO - Executing <Task(BashOperator): Chargement_des_données_in_ELK> on 2023-03-13 00:04:30+00:00
[2023-03-13T23:18:18.513+0000] {standard_task_runner.py:55} INFO - Started process 84437 to run task
[2023-03-13T23:18:18.518+0000] {standard_task_runner.py:82} INFO - Running: ['airflow', 'tasks', 'run', 'AUTOMATISATION', 'Chargement_des_données_in_ELK', 'scheduled__2023-03-13T00:04:30+00:00', '--job-id', '459', '--raw', '--subdir', 'DAGS_FOLDER/main.py', '--cfg-path', '/tmp/tmp943bgi6f']
[2023-03-13T23:18:18.520+0000] {standard_task_runner.py:83} INFO - Job 459: Subtask Chargement_des_données_in_ELK
[2023-03-13T23:18:18.593+0000] {task_command.py:388} INFO - Running <TaskInstance: AUTOMATISATION.Chargement_des_données_in_ELK scheduled__2023-03-13T00:04:30+00:00 [running]> on host dev
[2023-03-13T23:18:18.679+0000] {taskinstance.py:1507} INFO - Exporting the following env vars:
AIRFLOW_CTX_DAG_OWNER=airflow
AIRFLOW_CTX_DAG_ID=AUTOMATISATION
AIRFLOW_CTX_TASK_ID=Chargement_des_données_in_ELK
AIRFLOW_CTX_EXECUTION_DATE=2023-03-13T00:04:30+00:00
AIRFLOW_CTX_TRY_NUMBER=1
AIRFLOW_CTX_DAG_RUN_ID=scheduled__2023-03-13T00:04:30+00:00
[2023-03-13T23:18:18.680+0000] {subprocess.py:63} INFO - Tmp dir root location: 
 /tmp
[2023-03-13T23:18:18.681+0000] {subprocess.py:75} INFO - Running command: ['/usr/bin/bash', '-c', 'echo dev | sudo -S /usr/share/logstash/bin/logstash --path.settings=/etc/logstash/ -f /etc/logstash/conf.d/data.conf']
[2023-03-13T23:18:18.689+0000] {subprocess.py:86} INFO - Output:
[2023-03-13T23:18:18.783+0000] {subprocess.py:93} INFO - [sudo] Mot de passe de dev : Using bundled JDK: /usr/share/logstash/jdk
[2023-03-13T23:18:19.073+0000] {subprocess.py:93} INFO - OpenJDK 64-Bit Server VM warning: Option UseConcMarkSweepGC was deprecated in version 9.0 and will likely be removed in a future release.
[2023-03-13T23:18:40.990+0000] {subprocess.py:93} INFO - Sending Logstash logs to /var/log/logstash which is now configured via log4j2.properties
[2023-03-13T23:18:41.100+0000] {subprocess.py:93} INFO - [2023-03-13T23:18:41,097][INFO ][logstash.runner          ] Log4j configuration path used is: /etc/logstash/log4j2.properties
[2023-03-13T23:18:41.110+0000] {subprocess.py:93} INFO - [2023-03-13T23:18:41,110][INFO ][logstash.runner          ] Starting Logstash {"logstash.version"=>"7.15.2", "jruby.version"=>"jruby 9.2.19.0 (2.5.8) 2021-06-15 55810c552b OpenJDK 64-Bit Server VM 11.0.12+7 on 11.0.12+7 +indy +jit [linux-x86_64]"}
[2023-03-13T23:18:41.502+0000] {subprocess.py:93} INFO - [2023-03-13T23:18:41,502][WARN ][logstash.config.source.multilocal] Ignoring the 'pipelines.yml' file because modules or command line options are specified
[2023-03-13T23:18:43.224+0000] {subprocess.py:93} INFO - [2023-03-13T23:18:43,223][INFO ][logstash.agent           ] Successfully started Logstash API endpoint {:port=>9600}
[2023-03-13T23:18:43.994+0000] {subprocess.py:93} INFO - [2023-03-13T23:18:43,993][INFO ][org.reflections.Reflections] Reflections took 122 ms to scan 1 urls, producing 120 keys and 417 values
[2023-03-13T23:18:45.380+0000] {subprocess.py:93} INFO - [2023-03-13T23:18:45,379][INFO ][logstash.outputs.elasticsearch][main] New Elasticsearch output {:class=>"LogStash::Outputs::ElasticSearch", :hosts=>["//localhost:9200"]}
[2023-03-13T23:18:45.852+0000] {subprocess.py:93} INFO - [2023-03-13T23:18:45,850][INFO ][logstash.outputs.elasticsearch][main] Elasticsearch pool URLs updated {:changes=>{:removed=>[], :added=>[http://localhost:9200/]}}
[2023-03-13T23:18:46.070+0000] {subprocess.py:93} INFO - [2023-03-13T23:18:46,070][WARN ][logstash.outputs.elasticsearch][main] Restored connection to ES instance {:url=>"http://localhost:9200/"}
[2023-03-13T23:18:46.126+0000] {subprocess.py:93} INFO - [2023-03-13T23:18:46,126][INFO ][logstash.outputs.elasticsearch][main] Elasticsearch version determined (7.15.2) {:es_version=>7}
[2023-03-13T23:18:46.130+0000] {subprocess.py:93} INFO - [2023-03-13T23:18:46,129][WARN ][logstash.outputs.elasticsearch][main] Detected a 6.x and above cluster: the `type` event field won't be used to determine the document _type {:es_version=>7}
[2023-03-13T23:18:46.336+0000] {subprocess.py:93} INFO - [2023-03-13T23:18:46,336][INFO ][logstash.outputs.elasticsearch][main] Using a default mapping template {:es_version=>7, :ecs_compatibility=>:disabled}
[2023-03-13T23:18:46.400+0000] {subprocess.py:93} INFO - [2023-03-13T23:18:46,399][INFO ][logstash.javapipeline    ][main] Starting pipeline {:pipeline_id=>"main", "pipeline.workers"=>8, "pipeline.batch.size"=>125, "pipeline.batch.delay"=>50, "pipeline.max_inflight"=>1000, "pipeline.sources"=>["/etc/logstash/conf.d/data.conf"], :thread=>"#<Thread:0x21033760 run>"}
[2023-03-13T23:18:47.632+0000] {subprocess.py:93} INFO - [2023-03-13T23:18:47,631][INFO ][logstash.javapipeline    ][main] Pipeline Java execution initialization time {"seconds"=>1.23}
[2023-03-13T23:18:47.746+0000] {subprocess.py:93} INFO - [2023-03-13T23:18:47,745][INFO ][logstash.javapipeline    ][main] Pipeline started {"pipeline.id"=>"main"}
[2023-03-13T23:18:47.850+0000] {subprocess.py:93} INFO - [2023-03-13T23:18:47,849][INFO ][logstash.agent           ] Pipelines running {:count=>1, :running_pipelines=>[:main], :non_running_pipelines=>[]}
[2023-03-13T23:18:49.216+0000] {subprocess.py:93} INFO - [2023-03-13T23:18:49,215][INFO ][logstash.inputs.jdbc     ][main][afa454a497099ce3438919c7cfc7ae10a3b3980082608321cda443e0b5f70dbd] (0.024208s) SELECT CAST(current_setting('server_version_num') AS integer) AS v
[2023-03-13T23:18:49.552+0000] {subprocess.py:93} INFO - [2023-03-13T23:18:49,552][INFO ][logstash.inputs.jdbc     ][main][afa454a497099ce3438919c7cfc7ae10a3b3980082608321cda443e0b5f70dbd] (0.162546s) SELECT count(*) AS "count" FROM (SELECT * FROM customers) AS "t1" LIMIT 1
[2023-03-13T23:18:50.026+0000] {subprocess.py:93} INFO - [2023-03-13T23:18:50,026][INFO ][logstash.inputs.jdbc     ][main][afa454a497099ce3438919c7cfc7ae10a3b3980082608321cda443e0b5f70dbd] (0.445422s) SELECT * FROM (SELECT * FROM customers) AS "t1" LIMIT 50000 OFFSET 0
[2023-03-13T23:18:58.033+0000] {subprocess.py:93} INFO - [2023-03-13T23:18:58,033][INFO ][logstash.inputs.jdbc     ][main][afa454a497099ce3438919c7cfc7ae10a3b3980082608321cda443e0b5f70dbd] (0.446823s) SELECT * FROM (SELECT * FROM customers) AS "t1" LIMIT 50000 OFFSET 50000
[2023-03-13T23:19:03.415+0000] {subprocess.py:93} INFO - [2023-03-13T23:19:03,415][INFO ][logstash.inputs.jdbc     ][main][afa454a497099ce3438919c7cfc7ae10a3b3980082608321cda443e0b5f70dbd] (0.235336s) SELECT * FROM (SELECT * FROM customers) AS "t1" LIMIT 50000 OFFSET 100000
[2023-03-13T23:19:06.079+0000] {subprocess.py:93} INFO - [2023-03-13T23:19:06,078][INFO ][logstash.inputs.jdbc     ][main][afa454a497099ce3438919c7cfc7ae10a3b3980082608321cda443e0b5f70dbd] (0.110972s) SELECT * FROM (SELECT * FROM customers) AS "t1" LIMIT 50000 OFFSET 150000
[2023-03-13T23:19:09.363+0000] {subprocess.py:93} INFO - [2023-03-13T23:19:09,363][INFO ][logstash.inputs.jdbc     ][main][afa454a497099ce3438919c7cfc7ae10a3b3980082608321cda443e0b5f70dbd] (0.106625s) SELECT * FROM (SELECT * FROM customers) AS "t1" LIMIT 50000 OFFSET 200000
[2023-03-13T23:19:11.645+0000] {subprocess.py:93} INFO - [2023-03-13T23:19:11,645][INFO ][logstash.inputs.jdbc     ][main][afa454a497099ce3438919c7cfc7ae10a3b3980082608321cda443e0b5f70dbd] (0.126765s) SELECT * FROM (SELECT * FROM customers) AS "t1" LIMIT 50000 OFFSET 250000
[2023-03-13T23:19:14.268+0000] {subprocess.py:93} INFO - [2023-03-13T23:19:14,268][INFO ][logstash.inputs.jdbc     ][main][afa454a497099ce3438919c7cfc7ae10a3b3980082608321cda443e0b5f70dbd] (0.163282s) SELECT * FROM (SELECT * FROM customers) AS "t1" LIMIT 50000 OFFSET 300000
[2023-03-13T23:19:16.692+0000] {subprocess.py:93} INFO - [2023-03-13T23:19:16,691][INFO ][logstash.inputs.jdbc     ][main][afa454a497099ce3438919c7cfc7ae10a3b3980082608321cda443e0b5f70dbd] (0.149111s) SELECT * FROM (SELECT * FROM customers) AS "t1" LIMIT 50000 OFFSET 350000
[2023-03-13T23:19:18.973+0000] {subprocess.py:93} INFO - [2023-03-13T23:19:18,973][INFO ][logstash.inputs.jdbc     ][main][afa454a497099ce3438919c7cfc7ae10a3b3980082608321cda443e0b5f70dbd] (0.116006s) SELECT * FROM (SELECT * FROM customers) AS "t1" LIMIT 50000 OFFSET 400000
[2023-03-13T23:19:21.416+0000] {subprocess.py:93} INFO - [2023-03-13T23:19:21,416][INFO ][logstash.inputs.jdbc     ][main][afa454a497099ce3438919c7cfc7ae10a3b3980082608321cda443e0b5f70dbd] (0.194581s) SELECT * FROM (SELECT * FROM customers) AS "t1" LIMIT 50000 OFFSET 450000
[2023-03-13T23:19:29.983+0000] {subprocess.py:93} INFO - [2023-03-13T23:19:29,982][INFO ][logstash.inputs.jdbc     ][main][afa454a497099ce3438919c7cfc7ae10a3b3980082608321cda443e0b5f70dbd] (0.112271s) SELECT * FROM (SELECT * FROM customers) AS "t1" LIMIT 50000 OFFSET 500000
[2023-03-13T23:19:32.726+0000] {subprocess.py:93} INFO - [2023-03-13T23:19:32,725][INFO ][logstash.inputs.jdbc     ][main][afa454a497099ce3438919c7cfc7ae10a3b3980082608321cda443e0b5f70dbd] (0.180916s) SELECT * FROM (SELECT * FROM customers) AS "t1" LIMIT 50000 OFFSET 550000
[2023-03-13T23:19:35.123+0000] {subprocess.py:93} INFO - [2023-03-13T23:19:35,122][INFO ][logstash.inputs.jdbc     ][main][afa454a497099ce3438919c7cfc7ae10a3b3980082608321cda443e0b5f70dbd] (0.168480s) SELECT * FROM (SELECT * FROM customers) AS "t1" LIMIT 50000 OFFSET 600000
[2023-03-13T23:19:37.256+0000] {subprocess.py:93} INFO - [2023-03-13T23:19:37,256][INFO ][logstash.inputs.jdbc     ][main][afa454a497099ce3438919c7cfc7ae10a3b3980082608321cda443e0b5f70dbd] (0.134614s) SELECT * FROM (SELECT * FROM customers) AS "t1" LIMIT 50000 OFFSET 650000
[2023-03-13T23:19:41.788+0000] {subprocess.py:93} INFO - [2023-03-13T23:19:41,788][INFO ][logstash.inputs.jdbc     ][main][afa454a497099ce3438919c7cfc7ae10a3b3980082608321cda443e0b5f70dbd] (0.144425s) SELECT * FROM (SELECT * FROM customers) AS "t1" LIMIT 50000 OFFSET 700000
[2023-03-13T23:19:44.189+0000] {subprocess.py:93} INFO - [2023-03-13T23:19:44,189][INFO ][logstash.inputs.jdbc     ][main][afa454a497099ce3438919c7cfc7ae10a3b3980082608321cda443e0b5f70dbd] (0.163324s) SELECT * FROM (SELECT * FROM customers) AS "t1" LIMIT 50000 OFFSET 750000
[2023-03-13T23:19:48.777+0000] {subprocess.py:93} INFO - [2023-03-13T23:19:48,777][INFO ][logstash.inputs.jdbc     ][main][afa454a497099ce3438919c7cfc7ae10a3b3980082608321cda443e0b5f70dbd] (0.152296s) SELECT * FROM (SELECT * FROM customers) AS "t1" LIMIT 50000 OFFSET 800000
[2023-03-13T23:19:51.021+0000] {subprocess.py:93} INFO - [2023-03-13T23:19:51,021][INFO ][logstash.inputs.jdbc     ][main][afa454a497099ce3438919c7cfc7ae10a3b3980082608321cda443e0b5f70dbd] (0.153447s) SELECT * FROM (SELECT * FROM customers) AS "t1" LIMIT 50000 OFFSET 850000
[2023-03-13T23:19:53.759+0000] {subprocess.py:93} INFO - [2023-03-13T23:19:53,759][INFO ][logstash.inputs.jdbc     ][main][afa454a497099ce3438919c7cfc7ae10a3b3980082608321cda443e0b5f70dbd] (0.165782s) SELECT * FROM (SELECT * FROM customers) AS "t1" LIMIT 50000 OFFSET 900000
[2023-03-13T23:19:56.412+0000] {subprocess.py:93} INFO - [2023-03-13T23:19:56,412][INFO ][logstash.inputs.jdbc     ][main][afa454a497099ce3438919c7cfc7ae10a3b3980082608321cda443e0b5f70dbd] (0.145854s) SELECT * FROM (SELECT * FROM customers) AS "t1" LIMIT 50000 OFFSET 950000
[2023-03-13T23:19:58.802+0000] {subprocess.py:93} INFO - [2023-03-13T23:19:58,802][INFO ][logstash.inputs.jdbc     ][main][afa454a497099ce3438919c7cfc7ae10a3b3980082608321cda443e0b5f70dbd] (0.192758s) SELECT * FROM (SELECT * FROM customers) AS "t1" LIMIT 50000 OFFSET 1000000
[2023-03-13T23:20:04.718+0000] {subprocess.py:93} INFO - [2023-03-13T23:20:04,718][INFO ][logstash.inputs.jdbc     ][main][afa454a497099ce3438919c7cfc7ae10a3b3980082608321cda443e0b5f70dbd] (0.178274s) SELECT * FROM (SELECT * FROM customers) AS "t1" LIMIT 50000 OFFSET 1050000
[2023-03-13T23:20:07.913+0000] {subprocess.py:93} INFO - [2023-03-13T23:20:07,913][INFO ][logstash.inputs.jdbc     ][main][afa454a497099ce3438919c7cfc7ae10a3b3980082608321cda443e0b5f70dbd] (0.182826s) SELECT * FROM (SELECT * FROM customers) AS "t1" LIMIT 50000 OFFSET 1100000
[2023-03-13T23:20:10.455+0000] {subprocess.py:93} INFO - [2023-03-13T23:20:10,454][INFO ][logstash.inputs.jdbc     ][main][afa454a497099ce3438919c7cfc7ae10a3b3980082608321cda443e0b5f70dbd] (0.162861s) SELECT * FROM (SELECT * FROM customers) AS "t1" LIMIT 50000 OFFSET 1150000
[2023-03-13T23:20:13.363+0000] {subprocess.py:93} INFO - [2023-03-13T23:20:13,363][INFO ][logstash.javapipeline    ][main] Pipeline terminated {"pipeline.id"=>"main"}
[2023-03-13T23:20:13.729+0000] {subprocess.py:93} INFO - [2023-03-13T23:20:13,728][INFO ][logstash.pipelinesregistry] Removed pipeline from registry successfully {:pipeline_id=>:main}
[2023-03-13T23:20:13.792+0000] {subprocess.py:93} INFO - [2023-03-13T23:20:13,792][INFO ][logstash.runner          ] Logstash shut down.
[2023-03-13T23:20:13.999+0000] {subprocess.py:97} INFO - Command exited with return code 0
[2023-03-13T23:20:14.359+0000] {taskinstance.py:1318} INFO - Marking task as SUCCESS. dag_id=AUTOMATISATION, task_id=Chargement_des_données_in_ELK, execution_date=20230313T000430, start_date=20230313T231818, end_date=20230313T232014
[2023-03-13T23:20:14.644+0000] {local_task_job.py:208} INFO - Task exited with return code 0
[2023-03-13T23:20:14.658+0000] {taskinstance.py:2578} INFO - 0 downstream tasks scheduled from follow-on schedule check
[2023-03-15T07:39:55.325+0000] {taskinstance.py:1083} INFO - Dependencies all met for <TaskInstance: AUTOMATISATION.Chargement_des_données_in_ELK scheduled__2023-03-13T00:04:30+00:00 [queued]>
[2023-03-15T07:39:55.329+0000] {taskinstance.py:1083} INFO - Dependencies all met for <TaskInstance: AUTOMATISATION.Chargement_des_données_in_ELK scheduled__2023-03-13T00:04:30+00:00 [queued]>
[2023-03-15T07:39:55.330+0000] {taskinstance.py:1279} INFO - 
--------------------------------------------------------------------------------
[2023-03-15T07:39:55.330+0000] {taskinstance.py:1280} INFO - Starting attempt 1 of 4
[2023-03-15T07:39:55.330+0000] {taskinstance.py:1281} INFO - 
--------------------------------------------------------------------------------
[2023-03-15T07:39:55.341+0000] {taskinstance.py:1300} INFO - Executing <Task(BashOperator): Chargement_des_données_in_ELK> on 2023-03-13 00:04:30+00:00
[2023-03-15T07:39:55.342+0000] {standard_task_runner.py:55} INFO - Started process 135858 to run task
[2023-03-15T07:39:55.344+0000] {standard_task_runner.py:82} INFO - Running: ['airflow', 'tasks', 'run', 'AUTOMATISATION', 'Chargement_des_données_in_ELK', 'scheduled__2023-03-13T00:04:30+00:00', '--job-id', '828', '--raw', '--subdir', 'DAGS_FOLDER/main.py', '--cfg-path', '/tmp/tmpadta3feq']
[2023-03-15T07:39:55.345+0000] {standard_task_runner.py:83} INFO - Job 828: Subtask Chargement_des_données_in_ELK
[2023-03-15T07:39:55.376+0000] {task_command.py:388} INFO - Running <TaskInstance: AUTOMATISATION.Chargement_des_données_in_ELK scheduled__2023-03-13T00:04:30+00:00 [running]> on host dev
[2023-03-15T07:39:55.412+0000] {taskinstance.py:1507} INFO - Exporting the following env vars:
AIRFLOW_CTX_DAG_OWNER=airflow
AIRFLOW_CTX_DAG_ID=AUTOMATISATION
AIRFLOW_CTX_TASK_ID=Chargement_des_données_in_ELK
AIRFLOW_CTX_EXECUTION_DATE=2023-03-13T00:04:30+00:00
AIRFLOW_CTX_TRY_NUMBER=1
AIRFLOW_CTX_DAG_RUN_ID=scheduled__2023-03-13T00:04:30+00:00
[2023-03-15T07:39:55.413+0000] {subprocess.py:63} INFO - Tmp dir root location: 
 /tmp
[2023-03-15T07:39:55.414+0000] {subprocess.py:75} INFO - Running command: ['/usr/bin/bash', '-c', 'echo dev | sudo -S /usr/share/logstash/bin/logstash --path.settings=/etc/logstash/ -f /etc/logstash/conf.d/data.conf']
[2023-03-15T07:39:55.418+0000] {subprocess.py:86} INFO - Output:
[2023-03-15T07:39:55.454+0000] {subprocess.py:93} INFO - [sudo] Mot de passe de dev : Using bundled JDK: /usr/share/logstash/jdk
[2023-03-15T07:39:55.580+0000] {subprocess.py:93} INFO - OpenJDK 64-Bit Server VM warning: Option UseConcMarkSweepGC was deprecated in version 9.0 and will likely be removed in a future release.
[2023-03-15T07:40:06.633+0000] {subprocess.py:93} INFO - Sending Logstash logs to /var/log/logstash which is now configured via log4j2.properties
[2023-03-15T07:40:06.703+0000] {subprocess.py:93} INFO - [2023-03-15T07:40:06,701][INFO ][logstash.runner          ] Log4j configuration path used is: /etc/logstash/log4j2.properties
[2023-03-15T07:40:06.710+0000] {subprocess.py:93} INFO - [2023-03-15T07:40:06,709][INFO ][logstash.runner          ] Starting Logstash {"logstash.version"=>"7.15.2", "jruby.version"=>"jruby 9.2.19.0 (2.5.8) 2021-06-15 55810c552b OpenJDK 64-Bit Server VM 11.0.12+7 on 11.0.12+7 +indy +jit [linux-x86_64]"}
[2023-03-15T07:40:06.917+0000] {subprocess.py:93} INFO - [2023-03-15T07:40:06,916][WARN ][logstash.config.source.multilocal] Ignoring the 'pipelines.yml' file because modules or command line options are specified
[2023-03-15T07:40:07.803+0000] {subprocess.py:93} INFO - [2023-03-15T07:40:07,802][INFO ][logstash.agent           ] Successfully started Logstash API endpoint {:port=>9600}
[2023-03-15T07:40:08.259+0000] {subprocess.py:93} INFO - [2023-03-15T07:40:08,259][INFO ][org.reflections.Reflections] Reflections took 40 ms to scan 1 urls, producing 120 keys and 417 values
[2023-03-15T07:40:09.072+0000] {subprocess.py:93} INFO - [2023-03-15T07:40:09,071][INFO ][logstash.outputs.elasticsearch][main] New Elasticsearch output {:class=>"LogStash::Outputs::ElasticSearch", :hosts=>["//localhost:9200"]}
[2023-03-15T07:40:09.265+0000] {subprocess.py:93} INFO - [2023-03-15T07:40:09,264][INFO ][logstash.outputs.elasticsearch][main] Elasticsearch pool URLs updated {:changes=>{:removed=>[], :added=>[http://localhost:9200/]}}
[2023-03-15T07:40:09.365+0000] {subprocess.py:93} INFO - [2023-03-15T07:40:09,364][WARN ][logstash.outputs.elasticsearch][main] Restored connection to ES instance {:url=>"http://localhost:9200/"}
[2023-03-15T07:40:09.412+0000] {subprocess.py:93} INFO - [2023-03-15T07:40:09,412][INFO ][logstash.outputs.elasticsearch][main] Elasticsearch version determined (7.15.2) {:es_version=>7}
[2023-03-15T07:40:09.415+0000] {subprocess.py:93} INFO - [2023-03-15T07:40:09,414][WARN ][logstash.outputs.elasticsearch][main] Detected a 6.x and above cluster: the `type` event field won't be used to determine the document _type {:es_version=>7}
[2023-03-15T07:40:09.579+0000] {subprocess.py:93} INFO - [2023-03-15T07:40:09,578][INFO ][logstash.outputs.elasticsearch][main] Using a default mapping template {:es_version=>7, :ecs_compatibility=>:disabled}
[2023-03-15T07:40:09.623+0000] {subprocess.py:93} INFO - [2023-03-15T07:40:09,622][INFO ][logstash.javapipeline    ][main] Starting pipeline {:pipeline_id=>"main", "pipeline.workers"=>8, "pipeline.batch.size"=>125, "pipeline.batch.delay"=>50, "pipeline.max_inflight"=>1000, "pipeline.sources"=>["/etc/logstash/conf.d/data.conf"], :thread=>"#<Thread:0x25cebe4b run>"}
[2023-03-15T07:40:10.202+0000] {subprocess.py:93} INFO - [2023-03-15T07:40:10,202][INFO ][logstash.javapipeline    ][main] Pipeline Java execution initialization time {"seconds"=>0.58}
[2023-03-15T07:40:10.261+0000] {subprocess.py:93} INFO - [2023-03-15T07:40:10,261][INFO ][logstash.javapipeline    ][main] Pipeline started {"pipeline.id"=>"main"}
[2023-03-15T07:40:10.327+0000] {subprocess.py:93} INFO - [2023-03-15T07:40:10,326][INFO ][logstash.agent           ] Pipelines running {:count=>1, :running_pipelines=>[:main], :non_running_pipelines=>[]}
[2023-03-15T07:40:11.043+0000] {subprocess.py:93} INFO - [2023-03-15T07:40:11,042][INFO ][logstash.inputs.jdbc     ][main][afa454a497099ce3438919c7cfc7ae10a3b3980082608321cda443e0b5f70dbd] (0.016878s) SELECT CAST(current_setting('server_version_num') AS integer) AS v
[2023-03-15T07:40:11.129+0000] {subprocess.py:93} INFO - [2023-03-15T07:40:11,129][INFO ][logstash.inputs.jdbc     ][main][afa454a497099ce3438919c7cfc7ae10a3b3980082608321cda443e0b5f70dbd] (0.001831s) SELECT count(*) AS "count" FROM (SELECT * FROM customers) AS "t1" LIMIT 1
[2023-03-15T07:40:11.474+0000] {subprocess.py:93} INFO - [2023-03-15T07:40:11,474][INFO ][logstash.javapipeline    ][main] Pipeline terminated {"pipeline.id"=>"main"}
[2023-03-15T07:40:11.879+0000] {subprocess.py:93} INFO - [2023-03-15T07:40:11,879][INFO ][logstash.pipelinesregistry] Removed pipeline from registry successfully {:pipeline_id=>:main}
[2023-03-15T07:40:11.900+0000] {subprocess.py:93} INFO - [2023-03-15T07:40:11,899][INFO ][logstash.runner          ] Logstash shut down.
[2023-03-15T07:40:11.951+0000] {subprocess.py:97} INFO - Command exited with return code 0
[2023-03-15T07:40:11.964+0000] {taskinstance.py:1318} INFO - Marking task as SUCCESS. dag_id=AUTOMATISATION, task_id=Chargement_des_données_in_ELK, execution_date=20230313T000430, start_date=20230315T073955, end_date=20230315T074011
[2023-03-15T07:40:12.007+0000] {local_task_job.py:208} INFO - Task exited with return code 0
[2023-03-15T07:40:12.021+0000] {taskinstance.py:2578} INFO - 0 downstream tasks scheduled from follow-on schedule check
