[2023-03-13T21:48:19.142+0000] {taskinstance.py:1083} INFO - Dependencies all met for <TaskInstance: AUTOMATISATION.demarre_ELK scheduled__2023-03-13T00:02:24+00:00 [queued]>
[2023-03-13T21:48:19.153+0000] {taskinstance.py:1083} INFO - Dependencies all met for <TaskInstance: AUTOMATISATION.demarre_ELK scheduled__2023-03-13T00:02:24+00:00 [queued]>
[2023-03-13T21:48:19.153+0000] {taskinstance.py:1279} INFO - 
--------------------------------------------------------------------------------
[2023-03-13T21:48:19.153+0000] {taskinstance.py:1280} INFO - Starting attempt 1 of 2
[2023-03-13T21:48:19.153+0000] {taskinstance.py:1281} INFO - 
--------------------------------------------------------------------------------
[2023-03-13T21:48:19.181+0000] {taskinstance.py:1300} INFO - Executing <Task(BashOperator): demarre_ELK> on 2023-03-13 00:02:24+00:00
[2023-03-13T21:48:19.184+0000] {standard_task_runner.py:55} INFO - Started process 64365 to run task
[2023-03-13T21:48:19.188+0000] {standard_task_runner.py:82} INFO - Running: ['airflow', 'tasks', 'run', 'AUTOMATISATION', 'demarre_ELK', 'scheduled__2023-03-13T00:02:24+00:00', '--job-id', '372', '--raw', '--subdir', 'DAGS_FOLDER/main.py', '--cfg-path', '/tmp/tmpu1xx9icj']
[2023-03-13T21:48:19.190+0000] {standard_task_runner.py:83} INFO - Job 372: Subtask demarre_ELK
[2023-03-13T21:48:19.260+0000] {task_command.py:388} INFO - Running <TaskInstance: AUTOMATISATION.demarre_ELK scheduled__2023-03-13T00:02:24+00:00 [running]> on host dev
[2023-03-13T21:48:19.349+0000] {taskinstance.py:1507} INFO - Exporting the following env vars:
AIRFLOW_CTX_DAG_OWNER=airflow
AIRFLOW_CTX_DAG_ID=AUTOMATISATION
AIRFLOW_CTX_TASK_ID=demarre_ELK
AIRFLOW_CTX_EXECUTION_DATE=2023-03-13T00:02:24+00:00
AIRFLOW_CTX_TRY_NUMBER=1
AIRFLOW_CTX_DAG_RUN_ID=scheduled__2023-03-13T00:02:24+00:00
[2023-03-13T21:48:19.351+0000] {subprocess.py:63} INFO - Tmp dir root location: 
 /tmp
[2023-03-13T21:48:19.351+0000] {subprocess.py:75} INFO - Running command: ['/usr/bin/bash', '-c', 'docker-compose -f /home/dev/soute/ELK/docker-compose.yml up -d']
[2023-03-13T21:48:19.359+0000] {subprocess.py:86} INFO - Output:
[2023-03-13T21:48:20.186+0000] {subprocess.py:93} INFO - elasticsearch is up-to-date
[2023-03-13T21:48:20.187+0000] {subprocess.py:93} INFO - kibana is up-to-date
[2023-03-13T21:48:20.246+0000] {subprocess.py:97} INFO - Command exited with return code 0
[2023-03-13T21:48:20.276+0000] {taskinstance.py:1318} INFO - Marking task as SUCCESS. dag_id=AUTOMATISATION, task_id=demarre_ELK, execution_date=20230313T000224, start_date=20230313T214819, end_date=20230313T214820
[2023-03-13T21:48:20.322+0000] {local_task_job.py:208} INFO - Task exited with return code 0
[2023-03-13T21:48:20.351+0000] {taskinstance.py:2578} INFO - 1 downstream tasks scheduled from follow-on schedule check
[2023-03-14T10:03:56.783+0000] {taskinstance.py:1083} INFO - Dependencies all met for <TaskInstance: AUTOMATISATION.demarre_ELK scheduled__2023-03-13T00:02:24+00:00 [queued]>
[2023-03-14T10:03:56.795+0000] {taskinstance.py:1083} INFO - Dependencies all met for <TaskInstance: AUTOMATISATION.demarre_ELK scheduled__2023-03-13T00:02:24+00:00 [queued]>
[2023-03-14T10:03:56.795+0000] {taskinstance.py:1279} INFO - 
--------------------------------------------------------------------------------
[2023-03-14T10:03:56.795+0000] {taskinstance.py:1280} INFO - Starting attempt 1 of 2
[2023-03-14T10:03:56.795+0000] {taskinstance.py:1281} INFO - 
--------------------------------------------------------------------------------
[2023-03-14T10:03:56.815+0000] {taskinstance.py:1300} INFO - Executing <Task(BashOperator): demarre_ELK> on 2023-03-13 00:02:24+00:00
[2023-03-14T10:03:56.818+0000] {standard_task_runner.py:55} INFO - Started process 35668 to run task
[2023-03-14T10:03:56.822+0000] {standard_task_runner.py:82} INFO - Running: ['airflow', 'tasks', 'run', 'AUTOMATISATION', 'demarre_ELK', 'scheduled__2023-03-13T00:02:24+00:00', '--job-id', '616', '--raw', '--subdir', 'DAGS_FOLDER/main.py', '--cfg-path', '/tmp/tmpkxgomuzv']
[2023-03-14T10:03:56.824+0000] {standard_task_runner.py:83} INFO - Job 616: Subtask demarre_ELK
[2023-03-14T10:03:56.895+0000] {task_command.py:388} INFO - Running <TaskInstance: AUTOMATISATION.demarre_ELK scheduled__2023-03-13T00:02:24+00:00 [running]> on host dev
[2023-03-14T10:03:56.970+0000] {taskinstance.py:1507} INFO - Exporting the following env vars:
AIRFLOW_CTX_DAG_OWNER=airflow
AIRFLOW_CTX_DAG_ID=AUTOMATISATION
AIRFLOW_CTX_TASK_ID=demarre_ELK
AIRFLOW_CTX_EXECUTION_DATE=2023-03-13T00:02:24+00:00
AIRFLOW_CTX_TRY_NUMBER=1
AIRFLOW_CTX_DAG_RUN_ID=scheduled__2023-03-13T00:02:24+00:00
[2023-03-14T10:03:56.972+0000] {subprocess.py:63} INFO - Tmp dir root location: 
 /tmp
[2023-03-14T10:03:56.972+0000] {subprocess.py:75} INFO - Running command: ['/usr/bin/bash', '-c', 'docker-compose -f /home/dev/soute/ELK/docker-compose.yml up -d']
[2023-03-14T10:03:56.980+0000] {subprocess.py:86} INFO - Output:
[2023-03-14T10:03:57.807+0000] {subprocess.py:93} INFO - elasticsearch is up-to-date
[2023-03-14T10:03:57.807+0000] {subprocess.py:93} INFO - kibana is up-to-date
[2023-03-14T10:03:57.859+0000] {subprocess.py:97} INFO - Command exited with return code 0
[2023-03-14T10:03:57.887+0000] {taskinstance.py:1318} INFO - Marking task as SUCCESS. dag_id=AUTOMATISATION, task_id=demarre_ELK, execution_date=20230313T000224, start_date=20230314T100356, end_date=20230314T100357
[2023-03-14T10:03:57.916+0000] {local_task_job.py:208} INFO - Task exited with return code 0
[2023-03-14T10:03:57.944+0000] {taskinstance.py:2578} INFO - 1 downstream tasks scheduled from follow-on schedule check
[2023-03-15T07:24:51.797+0000] {taskinstance.py:1083} INFO - Dependencies all met for <TaskInstance: AUTOMATISATION.demarre_ELK scheduled__2023-03-13T00:02:24+00:00 [queued]>
[2023-03-15T07:24:51.803+0000] {taskinstance.py:1083} INFO - Dependencies all met for <TaskInstance: AUTOMATISATION.demarre_ELK scheduled__2023-03-13T00:02:24+00:00 [queued]>
[2023-03-15T07:24:51.803+0000] {taskinstance.py:1279} INFO - 
--------------------------------------------------------------------------------
[2023-03-15T07:24:51.803+0000] {taskinstance.py:1280} INFO - Starting attempt 1 of 2
[2023-03-15T07:24:51.803+0000] {taskinstance.py:1281} INFO - 
--------------------------------------------------------------------------------
[2023-03-15T07:24:51.815+0000] {taskinstance.py:1300} INFO - Executing <Task(BashOperator): demarre_ELK> on 2023-03-13 00:02:24+00:00
[2023-03-15T07:24:51.817+0000] {standard_task_runner.py:55} INFO - Started process 126291 to run task
[2023-03-15T07:24:51.819+0000] {standard_task_runner.py:82} INFO - Running: ['airflow', 'tasks', 'run', 'AUTOMATISATION', 'demarre_ELK', 'scheduled__2023-03-13T00:02:24+00:00', '--job-id', '743', '--raw', '--subdir', 'DAGS_FOLDER/main.py', '--cfg-path', '/tmp/tmpk2e0c2ns']
[2023-03-15T07:24:51.820+0000] {standard_task_runner.py:83} INFO - Job 743: Subtask demarre_ELK
[2023-03-15T07:24:51.855+0000] {task_command.py:388} INFO - Running <TaskInstance: AUTOMATISATION.demarre_ELK scheduled__2023-03-13T00:02:24+00:00 [running]> on host dev
[2023-03-15T07:24:51.898+0000] {taskinstance.py:1507} INFO - Exporting the following env vars:
AIRFLOW_CTX_DAG_OWNER=airflow
AIRFLOW_CTX_DAG_ID=AUTOMATISATION
AIRFLOW_CTX_TASK_ID=demarre_ELK
AIRFLOW_CTX_EXECUTION_DATE=2023-03-13T00:02:24+00:00
AIRFLOW_CTX_TRY_NUMBER=1
AIRFLOW_CTX_DAG_RUN_ID=scheduled__2023-03-13T00:02:24+00:00
[2023-03-15T07:24:51.899+0000] {subprocess.py:63} INFO - Tmp dir root location: 
 /tmp
[2023-03-15T07:24:51.899+0000] {subprocess.py:75} INFO - Running command: ['/usr/bin/bash', '-c', 'docker-compose -f /home/dev/soute/ELK/docker-compose.yml up -d']
[2023-03-15T07:24:51.904+0000] {subprocess.py:86} INFO - Output:
[2023-03-15T07:24:52.259+0000] {subprocess.py:93} INFO - elasticsearch is up-to-date
[2023-03-15T07:24:52.260+0000] {subprocess.py:93} INFO - kibana is up-to-date
[2023-03-15T07:24:52.293+0000] {subprocess.py:97} INFO - Command exited with return code 0
[2023-03-15T07:24:52.308+0000] {taskinstance.py:1318} INFO - Marking task as SUCCESS. dag_id=AUTOMATISATION, task_id=demarre_ELK, execution_date=20230313T000224, start_date=20230315T072451, end_date=20230315T072452
[2023-03-15T07:24:52.352+0000] {local_task_job.py:208} INFO - Task exited with return code 0
[2023-03-15T07:24:52.373+0000] {taskinstance.py:2578} INFO - 1 downstream tasks scheduled from follow-on schedule check
