[2023-03-13T22:47:12.626+0000] {taskinstance.py:1083} INFO - Dependencies all met for <TaskInstance: AUTOMATISATION.demarre_ELK scheduled__2023-03-13T00:03:48+00:00 [queued]>
[2023-03-13T22:47:12.638+0000] {taskinstance.py:1083} INFO - Dependencies all met for <TaskInstance: AUTOMATISATION.demarre_ELK scheduled__2023-03-13T00:03:48+00:00 [queued]>
[2023-03-13T22:47:12.639+0000] {taskinstance.py:1279} INFO - 
--------------------------------------------------------------------------------
[2023-03-13T22:47:12.639+0000] {taskinstance.py:1280} INFO - Starting attempt 1 of 2
[2023-03-13T22:47:12.639+0000] {taskinstance.py:1281} INFO - 
--------------------------------------------------------------------------------
[2023-03-13T22:47:12.674+0000] {taskinstance.py:1300} INFO - Executing <Task(BashOperator): demarre_ELK> on 2023-03-13 00:03:48+00:00
[2023-03-13T22:47:12.677+0000] {standard_task_runner.py:55} INFO - Started process 77610 to run task
[2023-03-13T22:47:12.682+0000] {standard_task_runner.py:82} INFO - Running: ['airflow', 'tasks', 'run', 'AUTOMATISATION', 'demarre_ELK', 'scheduled__2023-03-13T00:03:48+00:00', '--job-id', '428', '--raw', '--subdir', 'DAGS_FOLDER/main.py', '--cfg-path', '/tmp/tmpnn2zphwp']
[2023-03-13T22:47:12.684+0000] {standard_task_runner.py:83} INFO - Job 428: Subtask demarre_ELK
[2023-03-13T22:47:12.760+0000] {task_command.py:388} INFO - Running <TaskInstance: AUTOMATISATION.demarre_ELK scheduled__2023-03-13T00:03:48+00:00 [running]> on host dev
[2023-03-13T22:47:12.873+0000] {taskinstance.py:1507} INFO - Exporting the following env vars:
AIRFLOW_CTX_DAG_OWNER=airflow
AIRFLOW_CTX_DAG_ID=AUTOMATISATION
AIRFLOW_CTX_TASK_ID=demarre_ELK
AIRFLOW_CTX_EXECUTION_DATE=2023-03-13T00:03:48+00:00
AIRFLOW_CTX_TRY_NUMBER=1
AIRFLOW_CTX_DAG_RUN_ID=scheduled__2023-03-13T00:03:48+00:00
[2023-03-13T22:47:12.875+0000] {subprocess.py:63} INFO - Tmp dir root location: 
 /tmp
[2023-03-13T22:47:12.876+0000] {subprocess.py:75} INFO - Running command: ['/usr/bin/bash', '-c', 'docker-compose -f /home/dev/soute/ELK/docker-compose.yml up -d']
[2023-03-13T22:47:12.884+0000] {subprocess.py:86} INFO - Output:
[2023-03-13T22:47:13.654+0000] {subprocess.py:93} INFO - elasticsearch is up-to-date
[2023-03-13T22:47:13.655+0000] {subprocess.py:93} INFO - kibana is up-to-date
[2023-03-13T22:47:13.706+0000] {subprocess.py:97} INFO - Command exited with return code 0
[2023-03-13T22:47:13.740+0000] {taskinstance.py:1318} INFO - Marking task as SUCCESS. dag_id=AUTOMATISATION, task_id=demarre_ELK, execution_date=20230313T000348, start_date=20230313T224712, end_date=20230313T224713
[2023-03-13T22:47:13.776+0000] {local_task_job.py:208} INFO - Task exited with return code 0
[2023-03-13T22:47:13.802+0000] {taskinstance.py:2578} INFO - 1 downstream tasks scheduled from follow-on schedule check
[2023-03-15T07:35:16.513+0000] {taskinstance.py:1083} INFO - Dependencies all met for <TaskInstance: AUTOMATISATION.demarre_ELK scheduled__2023-03-13T00:03:48+00:00 [queued]>
[2023-03-15T07:35:16.519+0000] {taskinstance.py:1083} INFO - Dependencies all met for <TaskInstance: AUTOMATISATION.demarre_ELK scheduled__2023-03-13T00:03:48+00:00 [queued]>
[2023-03-15T07:35:16.519+0000] {taskinstance.py:1279} INFO - 
--------------------------------------------------------------------------------
[2023-03-15T07:35:16.519+0000] {taskinstance.py:1280} INFO - Starting attempt 1 of 2
[2023-03-15T07:35:16.519+0000] {taskinstance.py:1281} INFO - 
--------------------------------------------------------------------------------
[2023-03-15T07:35:16.531+0000] {taskinstance.py:1300} INFO - Executing <Task(BashOperator): demarre_ELK> on 2023-03-13 00:03:48+00:00
[2023-03-15T07:35:16.533+0000] {standard_task_runner.py:55} INFO - Started process 133319 to run task
[2023-03-15T07:35:16.535+0000] {standard_task_runner.py:82} INFO - Running: ['airflow', 'tasks', 'run', 'AUTOMATISATION', 'demarre_ELK', 'scheduled__2023-03-13T00:03:48+00:00', '--job-id', '799', '--raw', '--subdir', 'DAGS_FOLDER/main.py', '--cfg-path', '/tmp/tmpx2lbn6ut']
[2023-03-15T07:35:16.535+0000] {standard_task_runner.py:83} INFO - Job 799: Subtask demarre_ELK
[2023-03-15T07:35:16.563+0000] {task_command.py:388} INFO - Running <TaskInstance: AUTOMATISATION.demarre_ELK scheduled__2023-03-13T00:03:48+00:00 [running]> on host dev
[2023-03-15T07:35:16.600+0000] {taskinstance.py:1507} INFO - Exporting the following env vars:
AIRFLOW_CTX_DAG_OWNER=airflow
AIRFLOW_CTX_DAG_ID=AUTOMATISATION
AIRFLOW_CTX_TASK_ID=demarre_ELK
AIRFLOW_CTX_EXECUTION_DATE=2023-03-13T00:03:48+00:00
AIRFLOW_CTX_TRY_NUMBER=1
AIRFLOW_CTX_DAG_RUN_ID=scheduled__2023-03-13T00:03:48+00:00
[2023-03-15T07:35:16.600+0000] {subprocess.py:63} INFO - Tmp dir root location: 
 /tmp
[2023-03-15T07:35:16.601+0000] {subprocess.py:75} INFO - Running command: ['/usr/bin/bash', '-c', 'docker-compose -f /home/dev/soute/ELK/docker-compose.yml up -d']
[2023-03-15T07:35:16.604+0000] {subprocess.py:86} INFO - Output:
[2023-03-15T07:35:16.945+0000] {subprocess.py:93} INFO - elasticsearch is up-to-date
[2023-03-15T07:35:16.946+0000] {subprocess.py:93} INFO - kibana is up-to-date
[2023-03-15T07:35:16.978+0000] {subprocess.py:97} INFO - Command exited with return code 0
[2023-03-15T07:35:16.990+0000] {taskinstance.py:1318} INFO - Marking task as SUCCESS. dag_id=AUTOMATISATION, task_id=demarre_ELK, execution_date=20230313T000348, start_date=20230315T073516, end_date=20230315T073516
[2023-03-15T07:35:17.027+0000] {local_task_job.py:208} INFO - Task exited with return code 0
[2023-03-15T07:35:17.039+0000] {taskinstance.py:2578} INFO - 1 downstream tasks scheduled from follow-on schedule check
