[2023-03-13T19:57:51.560+0000] {taskinstance.py:1083} INFO - Dependencies all met for <TaskInstance: AUTOMATISATION.demarre_ELK scheduled__2023-03-13T00:00:57+00:00 [queued]>
[2023-03-13T19:57:51.572+0000] {taskinstance.py:1083} INFO - Dependencies all met for <TaskInstance: AUTOMATISATION.demarre_ELK scheduled__2023-03-13T00:00:57+00:00 [queued]>
[2023-03-13T19:57:51.572+0000] {taskinstance.py:1279} INFO - 
--------------------------------------------------------------------------------
[2023-03-13T19:57:51.573+0000] {taskinstance.py:1280} INFO - Starting attempt 1 of 2
[2023-03-13T19:57:51.573+0000] {taskinstance.py:1281} INFO - 
--------------------------------------------------------------------------------
[2023-03-13T19:57:51.595+0000] {taskinstance.py:1300} INFO - Executing <Task(BashOperator): demarre_ELK> on 2023-03-13 00:00:57+00:00
[2023-03-13T19:57:51.600+0000] {standard_task_runner.py:55} INFO - Started process 39642 to run task
[2023-03-13T19:57:51.604+0000] {standard_task_runner.py:82} INFO - Running: ['airflow', 'tasks', 'run', 'AUTOMATISATION', 'demarre_ELK', 'scheduled__2023-03-13T00:00:57+00:00', '--job-id', '146', '--raw', '--subdir', 'DAGS_FOLDER/main.py', '--cfg-path', '/tmp/tmp5pcn6cof']
[2023-03-13T19:57:51.606+0000] {standard_task_runner.py:83} INFO - Job 146: Subtask demarre_ELK
[2023-03-13T19:57:51.672+0000] {task_command.py:388} INFO - Running <TaskInstance: AUTOMATISATION.demarre_ELK scheduled__2023-03-13T00:00:57+00:00 [running]> on host dev
[2023-03-13T19:57:51.741+0000] {taskinstance.py:1507} INFO - Exporting the following env vars:
AIRFLOW_CTX_DAG_OWNER=airflow
AIRFLOW_CTX_DAG_ID=AUTOMATISATION
AIRFLOW_CTX_TASK_ID=demarre_ELK
AIRFLOW_CTX_EXECUTION_DATE=2023-03-13T00:00:57+00:00
AIRFLOW_CTX_TRY_NUMBER=1
AIRFLOW_CTX_DAG_RUN_ID=scheduled__2023-03-13T00:00:57+00:00
[2023-03-13T19:57:51.743+0000] {subprocess.py:63} INFO - Tmp dir root location: 
 /tmp
[2023-03-13T19:57:51.744+0000] {subprocess.py:75} INFO - Running command: ['/usr/bin/bash', '-c', 'docker-compose -f /home/dev/soute/ELK/docker-compose.yml up -d']
[2023-03-13T19:57:51.753+0000] {subprocess.py:86} INFO - Output:
[2023-03-13T19:57:52.559+0000] {subprocess.py:93} INFO - elasticsearch is up-to-date
[2023-03-13T19:57:52.560+0000] {subprocess.py:93} INFO - kibana is up-to-date
[2023-03-13T19:57:52.615+0000] {subprocess.py:97} INFO - Command exited with return code 0
[2023-03-13T19:57:52.644+0000] {taskinstance.py:1318} INFO - Marking task as SUCCESS. dag_id=AUTOMATISATION, task_id=demarre_ELK, execution_date=20230313T000057, start_date=20230313T195751, end_date=20230313T195752
[2023-03-13T19:57:52.698+0000] {local_task_job.py:208} INFO - Task exited with return code 0
[2023-03-13T19:57:52.725+0000] {taskinstance.py:2578} INFO - 1 downstream tasks scheduled from follow-on schedule check
[2023-03-13T20:47:55.841+0000] {taskinstance.py:1083} INFO - Dependencies all met for <TaskInstance: AUTOMATISATION.demarre_ELK scheduled__2023-03-13T00:00:57+00:00 [queued]>
[2023-03-13T20:47:55.856+0000] {taskinstance.py:1083} INFO - Dependencies all met for <TaskInstance: AUTOMATISATION.demarre_ELK scheduled__2023-03-13T00:00:57+00:00 [queued]>
[2023-03-13T20:47:55.856+0000] {taskinstance.py:1279} INFO - 
--------------------------------------------------------------------------------
[2023-03-13T20:47:55.856+0000] {taskinstance.py:1280} INFO - Starting attempt 1 of 2
[2023-03-13T20:47:55.856+0000] {taskinstance.py:1281} INFO - 
--------------------------------------------------------------------------------
[2023-03-13T20:47:55.879+0000] {taskinstance.py:1300} INFO - Executing <Task(BashOperator): demarre_ELK> on 2023-03-13 00:00:57+00:00
[2023-03-13T20:47:55.882+0000] {standard_task_runner.py:55} INFO - Started process 50474 to run task
[2023-03-13T20:47:55.887+0000] {standard_task_runner.py:82} INFO - Running: ['airflow', 'tasks', 'run', 'AUTOMATISATION', 'demarre_ELK', 'scheduled__2023-03-13T00:00:57+00:00', '--job-id', '314', '--raw', '--subdir', 'DAGS_FOLDER/main.py', '--cfg-path', '/tmp/tmp123o67k6']
[2023-03-13T20:47:55.889+0000] {standard_task_runner.py:83} INFO - Job 314: Subtask demarre_ELK
[2023-03-13T20:47:55.959+0000] {task_command.py:388} INFO - Running <TaskInstance: AUTOMATISATION.demarre_ELK scheduled__2023-03-13T00:00:57+00:00 [running]> on host dev
[2023-03-13T20:47:56.033+0000] {taskinstance.py:1507} INFO - Exporting the following env vars:
AIRFLOW_CTX_DAG_OWNER=airflow
AIRFLOW_CTX_DAG_ID=AUTOMATISATION
AIRFLOW_CTX_TASK_ID=demarre_ELK
AIRFLOW_CTX_EXECUTION_DATE=2023-03-13T00:00:57+00:00
AIRFLOW_CTX_TRY_NUMBER=1
AIRFLOW_CTX_DAG_RUN_ID=scheduled__2023-03-13T00:00:57+00:00
[2023-03-13T20:47:56.035+0000] {subprocess.py:63} INFO - Tmp dir root location: 
 /tmp
[2023-03-13T20:47:56.036+0000] {subprocess.py:75} INFO - Running command: ['/usr/bin/bash', '-c', 'docker-compose -f /home/dev/soute/ELK/docker-compose.yml up -d']
[2023-03-13T20:47:56.046+0000] {subprocess.py:86} INFO - Output:
[2023-03-13T20:47:56.859+0000] {subprocess.py:93} INFO - elasticsearch is up-to-date
[2023-03-13T20:47:56.860+0000] {subprocess.py:93} INFO - kibana is up-to-date
[2023-03-13T20:47:56.913+0000] {subprocess.py:97} INFO - Command exited with return code 0
[2023-03-13T20:47:56.945+0000] {taskinstance.py:1318} INFO - Marking task as SUCCESS. dag_id=AUTOMATISATION, task_id=demarre_ELK, execution_date=20230313T000057, start_date=20230313T204755, end_date=20230313T204756
[2023-03-13T20:47:56.981+0000] {local_task_job.py:208} INFO - Task exited with return code 0
[2023-03-13T20:47:57.007+0000] {taskinstance.py:2578} INFO - 1 downstream tasks scheduled from follow-on schedule check
[2023-03-14T09:41:09.323+0000] {taskinstance.py:1083} INFO - Dependencies all met for <TaskInstance: AUTOMATISATION.demarre_ELK scheduled__2023-03-13T00:00:57+00:00 [queued]>
[2023-03-14T09:41:09.335+0000] {taskinstance.py:1083} INFO - Dependencies all met for <TaskInstance: AUTOMATISATION.demarre_ELK scheduled__2023-03-13T00:00:57+00:00 [queued]>
[2023-03-14T09:41:09.336+0000] {taskinstance.py:1279} INFO - 
--------------------------------------------------------------------------------
[2023-03-14T09:41:09.336+0000] {taskinstance.py:1280} INFO - Starting attempt 1 of 2
[2023-03-14T09:41:09.336+0000] {taskinstance.py:1281} INFO - 
--------------------------------------------------------------------------------
[2023-03-14T09:41:09.356+0000] {taskinstance.py:1300} INFO - Executing <Task(BashOperator): demarre_ELK> on 2023-03-13 00:00:57+00:00
[2023-03-14T09:41:09.359+0000] {standard_task_runner.py:55} INFO - Started process 28009 to run task
[2023-03-14T09:41:09.363+0000] {standard_task_runner.py:82} INFO - Running: ['airflow', 'tasks', 'run', 'AUTOMATISATION', 'demarre_ELK', 'scheduled__2023-03-13T00:00:57+00:00', '--job-id', '558', '--raw', '--subdir', 'DAGS_FOLDER/main.py', '--cfg-path', '/tmp/tmp21ln2f9j']
[2023-03-14T09:41:09.365+0000] {standard_task_runner.py:83} INFO - Job 558: Subtask demarre_ELK
[2023-03-14T09:41:09.428+0000] {task_command.py:388} INFO - Running <TaskInstance: AUTOMATISATION.demarre_ELK scheduled__2023-03-13T00:00:57+00:00 [running]> on host dev
[2023-03-14T09:41:09.497+0000] {taskinstance.py:1507} INFO - Exporting the following env vars:
AIRFLOW_CTX_DAG_OWNER=airflow
AIRFLOW_CTX_DAG_ID=AUTOMATISATION
AIRFLOW_CTX_TASK_ID=demarre_ELK
AIRFLOW_CTX_EXECUTION_DATE=2023-03-13T00:00:57+00:00
AIRFLOW_CTX_TRY_NUMBER=1
AIRFLOW_CTX_DAG_RUN_ID=scheduled__2023-03-13T00:00:57+00:00
[2023-03-14T09:41:09.499+0000] {subprocess.py:63} INFO - Tmp dir root location: 
 /tmp
[2023-03-14T09:41:09.500+0000] {subprocess.py:75} INFO - Running command: ['/usr/bin/bash', '-c', 'docker-compose -f /home/dev/soute/ELK/docker-compose.yml up -d']
[2023-03-14T09:41:09.508+0000] {subprocess.py:86} INFO - Output:
[2023-03-14T09:41:10.314+0000] {subprocess.py:93} INFO - elasticsearch is up-to-date
[2023-03-14T09:41:10.314+0000] {subprocess.py:93} INFO - kibana is up-to-date
[2023-03-14T09:41:10.365+0000] {subprocess.py:97} INFO - Command exited with return code 0
[2023-03-14T09:41:10.392+0000] {taskinstance.py:1318} INFO - Marking task as SUCCESS. dag_id=AUTOMATISATION, task_id=demarre_ELK, execution_date=20230313T000057, start_date=20230314T094109, end_date=20230314T094110
[2023-03-14T09:41:10.417+0000] {local_task_job.py:208} INFO - Task exited with return code 0
[2023-03-14T09:41:10.443+0000] {taskinstance.py:2578} INFO - 1 downstream tasks scheduled from follow-on schedule check
[2023-03-15T07:13:28.989+0000] {taskinstance.py:1083} INFO - Dependencies all met for <TaskInstance: AUTOMATISATION.demarre_ELK scheduled__2023-03-13T00:00:57+00:00 [queued]>
[2023-03-15T07:13:28.994+0000] {taskinstance.py:1083} INFO - Dependencies all met for <TaskInstance: AUTOMATISATION.demarre_ELK scheduled__2023-03-13T00:00:57+00:00 [queued]>
[2023-03-15T07:13:28.994+0000] {taskinstance.py:1279} INFO - 
--------------------------------------------------------------------------------
[2023-03-15T07:13:28.994+0000] {taskinstance.py:1280} INFO - Starting attempt 1 of 2
[2023-03-15T07:13:28.994+0000] {taskinstance.py:1281} INFO - 
--------------------------------------------------------------------------------
[2023-03-15T07:13:29.004+0000] {taskinstance.py:1300} INFO - Executing <Task(BashOperator): demarre_ELK> on 2023-03-13 00:00:57+00:00
[2023-03-15T07:13:29.006+0000] {standard_task_runner.py:55} INFO - Started process 119573 to run task
[2023-03-15T07:13:29.008+0000] {standard_task_runner.py:82} INFO - Running: ['airflow', 'tasks', 'run', 'AUTOMATISATION', 'demarre_ELK', 'scheduled__2023-03-13T00:00:57+00:00', '--job-id', '683', '--raw', '--subdir', 'DAGS_FOLDER/main.py', '--cfg-path', '/tmp/tmp3tomyzpv']
[2023-03-15T07:13:29.008+0000] {standard_task_runner.py:83} INFO - Job 683: Subtask demarre_ELK
[2023-03-15T07:13:29.036+0000] {task_command.py:388} INFO - Running <TaskInstance: AUTOMATISATION.demarre_ELK scheduled__2023-03-13T00:00:57+00:00 [running]> on host dev
[2023-03-15T07:13:29.068+0000] {taskinstance.py:1507} INFO - Exporting the following env vars:
AIRFLOW_CTX_DAG_OWNER=airflow
AIRFLOW_CTX_DAG_ID=AUTOMATISATION
AIRFLOW_CTX_TASK_ID=demarre_ELK
AIRFLOW_CTX_EXECUTION_DATE=2023-03-13T00:00:57+00:00
AIRFLOW_CTX_TRY_NUMBER=1
AIRFLOW_CTX_DAG_RUN_ID=scheduled__2023-03-13T00:00:57+00:00
[2023-03-15T07:13:29.068+0000] {subprocess.py:63} INFO - Tmp dir root location: 
 /tmp
[2023-03-15T07:13:29.069+0000] {subprocess.py:75} INFO - Running command: ['/usr/bin/bash', '-c', 'docker-compose -f /home/dev/soute/ELK/docker-compose.yml up -d']
[2023-03-15T07:13:29.072+0000] {subprocess.py:86} INFO - Output:
[2023-03-15T07:13:29.395+0000] {subprocess.py:93} INFO - elasticsearch is up-to-date
[2023-03-15T07:13:29.395+0000] {subprocess.py:93} INFO - kibana is up-to-date
[2023-03-15T07:13:29.418+0000] {subprocess.py:97} INFO - Command exited with return code 0
[2023-03-15T07:13:29.433+0000] {taskinstance.py:1318} INFO - Marking task as SUCCESS. dag_id=AUTOMATISATION, task_id=demarre_ELK, execution_date=20230313T000057, start_date=20230315T071328, end_date=20230315T071329
[2023-03-15T07:13:29.460+0000] {local_task_job.py:208} INFO - Task exited with return code 0
[2023-03-15T07:13:29.473+0000] {taskinstance.py:2578} INFO - 1 downstream tasks scheduled from follow-on schedule check
