[2023-03-13T22:11:21.861+0000] {taskinstance.py:1083} INFO - Dependencies all met for <TaskInstance: AUTOMATISATION.demarre_ELK scheduled__2023-03-13T00:02:57+00:00 [queued]>
[2023-03-13T22:11:21.878+0000] {taskinstance.py:1083} INFO - Dependencies all met for <TaskInstance: AUTOMATISATION.demarre_ELK scheduled__2023-03-13T00:02:57+00:00 [queued]>
[2023-03-13T22:11:21.879+0000] {taskinstance.py:1279} INFO - 
--------------------------------------------------------------------------------
[2023-03-13T22:11:21.879+0000] {taskinstance.py:1280} INFO - Starting attempt 1 of 2
[2023-03-13T22:11:21.879+0000] {taskinstance.py:1281} INFO - 
--------------------------------------------------------------------------------
[2023-03-13T22:11:21.911+0000] {taskinstance.py:1300} INFO - Executing <Task(BashOperator): demarre_ELK> on 2023-03-13 00:02:57+00:00
[2023-03-13T22:11:21.915+0000] {standard_task_runner.py:55} INFO - Started process 69212 to run task
[2023-03-13T22:11:21.919+0000] {standard_task_runner.py:82} INFO - Running: ['airflow', 'tasks', 'run', 'AUTOMATISATION', 'demarre_ELK', 'scheduled__2023-03-13T00:02:57+00:00', '--job-id', '394', '--raw', '--subdir', 'DAGS_FOLDER/main.py', '--cfg-path', '/tmp/tmppgd_3byr']
[2023-03-13T22:11:21.921+0000] {standard_task_runner.py:83} INFO - Job 394: Subtask demarre_ELK
[2023-03-13T22:11:21.995+0000] {task_command.py:388} INFO - Running <TaskInstance: AUTOMATISATION.demarre_ELK scheduled__2023-03-13T00:02:57+00:00 [running]> on host dev
[2023-03-13T22:11:22.110+0000] {taskinstance.py:1507} INFO - Exporting the following env vars:
AIRFLOW_CTX_DAG_OWNER=airflow
AIRFLOW_CTX_DAG_ID=AUTOMATISATION
AIRFLOW_CTX_TASK_ID=demarre_ELK
AIRFLOW_CTX_EXECUTION_DATE=2023-03-13T00:02:57+00:00
AIRFLOW_CTX_TRY_NUMBER=1
AIRFLOW_CTX_DAG_RUN_ID=scheduled__2023-03-13T00:02:57+00:00
[2023-03-13T22:11:22.113+0000] {subprocess.py:63} INFO - Tmp dir root location: 
 /tmp
[2023-03-13T22:11:22.114+0000] {subprocess.py:75} INFO - Running command: ['/usr/bin/bash', '-c', 'docker-compose -f /home/dev/soute/ELK/docker-compose.yml up -d']
[2023-03-13T22:11:22.124+0000] {subprocess.py:86} INFO - Output:
[2023-03-13T22:11:22.972+0000] {subprocess.py:93} INFO - elasticsearch is up-to-date
[2023-03-13T22:11:22.972+0000] {subprocess.py:93} INFO - kibana is up-to-date
[2023-03-13T22:11:23.025+0000] {subprocess.py:97} INFO - Command exited with return code 0
[2023-03-13T22:11:23.062+0000] {taskinstance.py:1318} INFO - Marking task as SUCCESS. dag_id=AUTOMATISATION, task_id=demarre_ELK, execution_date=20230313T000257, start_date=20230313T221121, end_date=20230313T221123
[2023-03-13T22:11:23.093+0000] {local_task_job.py:208} INFO - Task exited with return code 0
[2023-03-13T22:11:23.120+0000] {taskinstance.py:2578} INFO - 1 downstream tasks scheduled from follow-on schedule check
[2023-03-14T10:11:09.567+0000] {taskinstance.py:1083} INFO - Dependencies all met for <TaskInstance: AUTOMATISATION.demarre_ELK scheduled__2023-03-13T00:02:57+00:00 [queued]>
[2023-03-14T10:11:09.582+0000] {taskinstance.py:1083} INFO - Dependencies all met for <TaskInstance: AUTOMATISATION.demarre_ELK scheduled__2023-03-13T00:02:57+00:00 [queued]>
[2023-03-14T10:11:09.582+0000] {taskinstance.py:1279} INFO - 
--------------------------------------------------------------------------------
[2023-03-14T10:11:09.582+0000] {taskinstance.py:1280} INFO - Starting attempt 1 of 2
[2023-03-14T10:11:09.582+0000] {taskinstance.py:1281} INFO - 
--------------------------------------------------------------------------------
[2023-03-14T10:11:09.604+0000] {taskinstance.py:1300} INFO - Executing <Task(BashOperator): demarre_ELK> on 2023-03-13 00:02:57+00:00
[2023-03-14T10:11:09.607+0000] {standard_task_runner.py:55} INFO - Started process 38229 to run task
[2023-03-14T10:11:09.611+0000] {standard_task_runner.py:82} INFO - Running: ['airflow', 'tasks', 'run', 'AUTOMATISATION', 'demarre_ELK', 'scheduled__2023-03-13T00:02:57+00:00', '--job-id', '638', '--raw', '--subdir', 'DAGS_FOLDER/main.py', '--cfg-path', '/tmp/tmpjhgptv88']
[2023-03-14T10:11:09.613+0000] {standard_task_runner.py:83} INFO - Job 638: Subtask demarre_ELK
[2023-03-14T10:11:09.686+0000] {task_command.py:388} INFO - Running <TaskInstance: AUTOMATISATION.demarre_ELK scheduled__2023-03-13T00:02:57+00:00 [running]> on host dev
[2023-03-14T10:11:09.767+0000] {taskinstance.py:1507} INFO - Exporting the following env vars:
AIRFLOW_CTX_DAG_OWNER=airflow
AIRFLOW_CTX_DAG_ID=AUTOMATISATION
AIRFLOW_CTX_TASK_ID=demarre_ELK
AIRFLOW_CTX_EXECUTION_DATE=2023-03-13T00:02:57+00:00
AIRFLOW_CTX_TRY_NUMBER=1
AIRFLOW_CTX_DAG_RUN_ID=scheduled__2023-03-13T00:02:57+00:00
[2023-03-14T10:11:09.769+0000] {subprocess.py:63} INFO - Tmp dir root location: 
 /tmp
[2023-03-14T10:11:09.770+0000] {subprocess.py:75} INFO - Running command: ['/usr/bin/bash', '-c', 'docker-compose -f /home/dev/soute/ELK/docker-compose.yml up -d']
[2023-03-14T10:11:09.778+0000] {subprocess.py:86} INFO - Output:
[2023-03-14T10:11:10.592+0000] {subprocess.py:93} INFO - elasticsearch is up-to-date
[2023-03-14T10:11:10.592+0000] {subprocess.py:93} INFO - kibana is up-to-date
[2023-03-14T10:11:10.646+0000] {subprocess.py:97} INFO - Command exited with return code 0
[2023-03-14T10:11:10.682+0000] {taskinstance.py:1318} INFO - Marking task as SUCCESS. dag_id=AUTOMATISATION, task_id=demarre_ELK, execution_date=20230313T000257, start_date=20230314T101109, end_date=20230314T101110
[2023-03-14T10:11:10.746+0000] {local_task_job.py:208} INFO - Task exited with return code 0
[2023-03-14T10:11:10.774+0000] {taskinstance.py:2578} INFO - 1 downstream tasks scheduled from follow-on schedule check
[2023-03-15T07:29:33.854+0000] {taskinstance.py:1083} INFO - Dependencies all met for <TaskInstance: AUTOMATISATION.demarre_ELK scheduled__2023-03-13T00:02:57+00:00 [queued]>
[2023-03-15T07:29:33.858+0000] {taskinstance.py:1083} INFO - Dependencies all met for <TaskInstance: AUTOMATISATION.demarre_ELK scheduled__2023-03-13T00:02:57+00:00 [queued]>
[2023-03-15T07:29:33.858+0000] {taskinstance.py:1279} INFO - 
--------------------------------------------------------------------------------
[2023-03-15T07:29:33.858+0000] {taskinstance.py:1280} INFO - Starting attempt 1 of 2
[2023-03-15T07:29:33.858+0000] {taskinstance.py:1281} INFO - 
--------------------------------------------------------------------------------
[2023-03-15T07:29:33.869+0000] {taskinstance.py:1300} INFO - Executing <Task(BashOperator): demarre_ELK> on 2023-03-13 00:02:57+00:00
[2023-03-15T07:29:33.871+0000] {standard_task_runner.py:55} INFO - Started process 129772 to run task
[2023-03-15T07:29:33.873+0000] {standard_task_runner.py:82} INFO - Running: ['airflow', 'tasks', 'run', 'AUTOMATISATION', 'demarre_ELK', 'scheduled__2023-03-13T00:02:57+00:00', '--job-id', '765', '--raw', '--subdir', 'DAGS_FOLDER/main.py', '--cfg-path', '/tmp/tmpk34o7_31']
[2023-03-15T07:29:33.873+0000] {standard_task_runner.py:83} INFO - Job 765: Subtask demarre_ELK
[2023-03-15T07:29:33.902+0000] {task_command.py:388} INFO - Running <TaskInstance: AUTOMATISATION.demarre_ELK scheduled__2023-03-13T00:02:57+00:00 [running]> on host dev
[2023-03-15T07:29:33.938+0000] {taskinstance.py:1507} INFO - Exporting the following env vars:
AIRFLOW_CTX_DAG_OWNER=airflow
AIRFLOW_CTX_DAG_ID=AUTOMATISATION
AIRFLOW_CTX_TASK_ID=demarre_ELK
AIRFLOW_CTX_EXECUTION_DATE=2023-03-13T00:02:57+00:00
AIRFLOW_CTX_TRY_NUMBER=1
AIRFLOW_CTX_DAG_RUN_ID=scheduled__2023-03-13T00:02:57+00:00
[2023-03-15T07:29:33.938+0000] {subprocess.py:63} INFO - Tmp dir root location: 
 /tmp
[2023-03-15T07:29:33.939+0000] {subprocess.py:75} INFO - Running command: ['/usr/bin/bash', '-c', 'docker-compose -f /home/dev/soute/ELK/docker-compose.yml up -d']
[2023-03-15T07:29:33.942+0000] {subprocess.py:86} INFO - Output:
[2023-03-15T07:29:34.243+0000] {subprocess.py:93} INFO - elasticsearch is up-to-date
[2023-03-15T07:29:34.243+0000] {subprocess.py:93} INFO - kibana is up-to-date
[2023-03-15T07:29:34.264+0000] {subprocess.py:97} INFO - Command exited with return code 0
[2023-03-15T07:29:34.282+0000] {taskinstance.py:1318} INFO - Marking task as SUCCESS. dag_id=AUTOMATISATION, task_id=demarre_ELK, execution_date=20230313T000257, start_date=20230315T072933, end_date=20230315T072934
[2023-03-15T07:29:34.326+0000] {local_task_job.py:208} INFO - Task exited with return code 0
[2023-03-15T07:29:34.350+0000] {taskinstance.py:2578} INFO - 1 downstream tasks scheduled from follow-on schedule check
