[2023-03-13T22:40:28.229+0000] {taskinstance.py:1083} INFO - Dependencies all met for <TaskInstance: AUTOMATISATION.demarre_ELK scheduled__2023-03-13T00:03:39+00:00 [queued]>
[2023-03-13T22:40:28.242+0000] {taskinstance.py:1083} INFO - Dependencies all met for <TaskInstance: AUTOMATISATION.demarre_ELK scheduled__2023-03-13T00:03:39+00:00 [queued]>
[2023-03-13T22:40:28.243+0000] {taskinstance.py:1279} INFO - 
--------------------------------------------------------------------------------
[2023-03-13T22:40:28.243+0000] {taskinstance.py:1280} INFO - Starting attempt 1 of 2
[2023-03-13T22:40:28.243+0000] {taskinstance.py:1281} INFO - 
--------------------------------------------------------------------------------
[2023-03-13T22:40:28.281+0000] {taskinstance.py:1300} INFO - Executing <Task(BashOperator): demarre_ELK> on 2023-03-13 00:03:39+00:00
[2023-03-13T22:40:28.284+0000] {standard_task_runner.py:55} INFO - Started process 75727 to run task
[2023-03-13T22:40:28.289+0000] {standard_task_runner.py:82} INFO - Running: ['airflow', 'tasks', 'run', 'AUTOMATISATION', 'demarre_ELK', 'scheduled__2023-03-13T00:03:39+00:00', '--job-id', '422', '--raw', '--subdir', 'DAGS_FOLDER/main.py', '--cfg-path', '/tmp/tmp0kx_86nj']
[2023-03-13T22:40:28.291+0000] {standard_task_runner.py:83} INFO - Job 422: Subtask demarre_ELK
[2023-03-13T22:40:28.387+0000] {task_command.py:388} INFO - Running <TaskInstance: AUTOMATISATION.demarre_ELK scheduled__2023-03-13T00:03:39+00:00 [running]> on host dev
[2023-03-13T22:40:28.498+0000] {taskinstance.py:1507} INFO - Exporting the following env vars:
AIRFLOW_CTX_DAG_OWNER=airflow
AIRFLOW_CTX_DAG_ID=AUTOMATISATION
AIRFLOW_CTX_TASK_ID=demarre_ELK
AIRFLOW_CTX_EXECUTION_DATE=2023-03-13T00:03:39+00:00
AIRFLOW_CTX_TRY_NUMBER=1
AIRFLOW_CTX_DAG_RUN_ID=scheduled__2023-03-13T00:03:39+00:00
[2023-03-13T22:40:28.500+0000] {subprocess.py:63} INFO - Tmp dir root location: 
 /tmp
[2023-03-13T22:40:28.501+0000] {subprocess.py:75} INFO - Running command: ['/usr/bin/bash', '-c', 'docker-compose -f /home/dev/soute/ELK/docker-compose.yml up -d']
[2023-03-13T22:40:28.511+0000] {subprocess.py:86} INFO - Output:
[2023-03-13T22:40:29.390+0000] {subprocess.py:93} INFO - elasticsearch is up-to-date
[2023-03-13T22:40:29.391+0000] {subprocess.py:93} INFO - kibana is up-to-date
[2023-03-13T22:40:29.449+0000] {subprocess.py:97} INFO - Command exited with return code 0
[2023-03-13T22:40:29.487+0000] {taskinstance.py:1318} INFO - Marking task as SUCCESS. dag_id=AUTOMATISATION, task_id=demarre_ELK, execution_date=20230313T000339, start_date=20230313T224028, end_date=20230313T224029
[2023-03-13T22:40:29.543+0000] {local_task_job.py:208} INFO - Task exited with return code 0
[2023-03-13T22:40:29.571+0000] {taskinstance.py:2578} INFO - 1 downstream tasks scheduled from follow-on schedule check
[2023-03-15T07:34:18.238+0000] {taskinstance.py:1083} INFO - Dependencies all met for <TaskInstance: AUTOMATISATION.demarre_ELK scheduled__2023-03-13T00:03:39+00:00 [queued]>
[2023-03-15T07:34:18.243+0000] {taskinstance.py:1083} INFO - Dependencies all met for <TaskInstance: AUTOMATISATION.demarre_ELK scheduled__2023-03-13T00:03:39+00:00 [queued]>
[2023-03-15T07:34:18.243+0000] {taskinstance.py:1279} INFO - 
--------------------------------------------------------------------------------
[2023-03-15T07:34:18.243+0000] {taskinstance.py:1280} INFO - Starting attempt 1 of 2
[2023-03-15T07:34:18.243+0000] {taskinstance.py:1281} INFO - 
--------------------------------------------------------------------------------
[2023-03-15T07:34:18.253+0000] {taskinstance.py:1300} INFO - Executing <Task(BashOperator): demarre_ELK> on 2023-03-13 00:03:39+00:00
[2023-03-15T07:34:18.254+0000] {standard_task_runner.py:55} INFO - Started process 132721 to run task
[2023-03-15T07:34:18.256+0000] {standard_task_runner.py:82} INFO - Running: ['airflow', 'tasks', 'run', 'AUTOMATISATION', 'demarre_ELK', 'scheduled__2023-03-13T00:03:39+00:00', '--job-id', '793', '--raw', '--subdir', 'DAGS_FOLDER/main.py', '--cfg-path', '/tmp/tmps70w47n9']
[2023-03-15T07:34:18.256+0000] {standard_task_runner.py:83} INFO - Job 793: Subtask demarre_ELK
[2023-03-15T07:34:18.284+0000] {task_command.py:388} INFO - Running <TaskInstance: AUTOMATISATION.demarre_ELK scheduled__2023-03-13T00:03:39+00:00 [running]> on host dev
[2023-03-15T07:34:18.318+0000] {taskinstance.py:1507} INFO - Exporting the following env vars:
AIRFLOW_CTX_DAG_OWNER=airflow
AIRFLOW_CTX_DAG_ID=AUTOMATISATION
AIRFLOW_CTX_TASK_ID=demarre_ELK
AIRFLOW_CTX_EXECUTION_DATE=2023-03-13T00:03:39+00:00
AIRFLOW_CTX_TRY_NUMBER=1
AIRFLOW_CTX_DAG_RUN_ID=scheduled__2023-03-13T00:03:39+00:00
[2023-03-15T07:34:18.318+0000] {subprocess.py:63} INFO - Tmp dir root location: 
 /tmp
[2023-03-15T07:34:18.319+0000] {subprocess.py:75} INFO - Running command: ['/usr/bin/bash', '-c', 'docker-compose -f /home/dev/soute/ELK/docker-compose.yml up -d']
[2023-03-15T07:34:18.322+0000] {subprocess.py:86} INFO - Output:
[2023-03-15T07:34:18.617+0000] {subprocess.py:93} INFO - elasticsearch is up-to-date
[2023-03-15T07:34:18.617+0000] {subprocess.py:93} INFO - kibana is up-to-date
[2023-03-15T07:34:18.638+0000] {subprocess.py:97} INFO - Command exited with return code 0
[2023-03-15T07:34:18.651+0000] {taskinstance.py:1318} INFO - Marking task as SUCCESS. dag_id=AUTOMATISATION, task_id=demarre_ELK, execution_date=20230313T000339, start_date=20230315T073418, end_date=20230315T073418
[2023-03-15T07:34:18.668+0000] {local_task_job.py:208} INFO - Task exited with return code 0
[2023-03-15T07:34:18.679+0000] {taskinstance.py:2578} INFO - 1 downstream tasks scheduled from follow-on schedule check
