[2023-03-13T23:50:31.015+0000] {taskinstance.py:1083} INFO - Dependencies all met for <TaskInstance: AUTOMATISATION.demarre_ELK scheduled__2023-03-13T00:05:18+00:00 [queued]>
[2023-03-13T23:50:31.028+0000] {taskinstance.py:1083} INFO - Dependencies all met for <TaskInstance: AUTOMATISATION.demarre_ELK scheduled__2023-03-13T00:05:18+00:00 [queued]>
[2023-03-13T23:50:31.029+0000] {taskinstance.py:1279} INFO - 
--------------------------------------------------------------------------------
[2023-03-13T23:50:31.029+0000] {taskinstance.py:1280} INFO - Starting attempt 1 of 2
[2023-03-13T23:50:31.029+0000] {taskinstance.py:1281} INFO - 
--------------------------------------------------------------------------------
[2023-03-13T23:50:31.058+0000] {taskinstance.py:1300} INFO - Executing <Task(BashOperator): demarre_ELK> on 2023-03-13 00:05:18+00:00
[2023-03-13T23:50:31.061+0000] {standard_task_runner.py:55} INFO - Started process 91030 to run task
[2023-03-13T23:50:31.066+0000] {standard_task_runner.py:82} INFO - Running: ['airflow', 'tasks', 'run', 'AUTOMATISATION', 'demarre_ELK', 'scheduled__2023-03-13T00:05:18+00:00', '--job-id', '488', '--raw', '--subdir', 'DAGS_FOLDER/main.py', '--cfg-path', '/tmp/tmp2futh3w2']
[2023-03-13T23:50:31.068+0000] {standard_task_runner.py:83} INFO - Job 488: Subtask demarre_ELK
[2023-03-13T23:50:31.151+0000] {task_command.py:388} INFO - Running <TaskInstance: AUTOMATISATION.demarre_ELK scheduled__2023-03-13T00:05:18+00:00 [running]> on host dev
[2023-03-13T23:50:31.245+0000] {taskinstance.py:1507} INFO - Exporting the following env vars:
AIRFLOW_CTX_DAG_OWNER=airflow
AIRFLOW_CTX_DAG_ID=AUTOMATISATION
AIRFLOW_CTX_TASK_ID=demarre_ELK
AIRFLOW_CTX_EXECUTION_DATE=2023-03-13T00:05:18+00:00
AIRFLOW_CTX_TRY_NUMBER=1
AIRFLOW_CTX_DAG_RUN_ID=scheduled__2023-03-13T00:05:18+00:00
[2023-03-13T23:50:31.246+0000] {subprocess.py:63} INFO - Tmp dir root location: 
 /tmp
[2023-03-13T23:50:31.247+0000] {subprocess.py:75} INFO - Running command: ['/usr/bin/bash', '-c', 'docker-compose -f /home/dev/soute/ELK/docker-compose.yml up -d']
[2023-03-13T23:50:31.256+0000] {subprocess.py:86} INFO - Output:
[2023-03-13T23:50:32.147+0000] {subprocess.py:93} INFO - elasticsearch is up-to-date
[2023-03-13T23:50:32.148+0000] {subprocess.py:93} INFO - kibana is up-to-date
[2023-03-13T23:50:32.201+0000] {subprocess.py:97} INFO - Command exited with return code 0
[2023-03-13T23:50:32.232+0000] {taskinstance.py:1318} INFO - Marking task as SUCCESS. dag_id=AUTOMATISATION, task_id=demarre_ELK, execution_date=20230313T000518, start_date=20230313T235031, end_date=20230313T235032
[2023-03-13T23:50:32.280+0000] {local_task_job.py:208} INFO - Task exited with return code 0
[2023-03-13T23:50:32.308+0000] {taskinstance.py:2578} INFO - 1 downstream tasks scheduled from follow-on schedule check
[2023-03-15T07:46:13.478+0000] {taskinstance.py:1083} INFO - Dependencies all met for <TaskInstance: AUTOMATISATION.demarre_ELK scheduled__2023-03-13T00:05:18+00:00 [queued]>
[2023-03-15T07:46:13.484+0000] {taskinstance.py:1083} INFO - Dependencies all met for <TaskInstance: AUTOMATISATION.demarre_ELK scheduled__2023-03-13T00:05:18+00:00 [queued]>
[2023-03-15T07:46:13.485+0000] {taskinstance.py:1279} INFO - 
--------------------------------------------------------------------------------
[2023-03-15T07:46:13.485+0000] {taskinstance.py:1280} INFO - Starting attempt 1 of 2
[2023-03-15T07:46:13.485+0000] {taskinstance.py:1281} INFO - 
--------------------------------------------------------------------------------
[2023-03-15T07:46:13.498+0000] {taskinstance.py:1300} INFO - Executing <Task(BashOperator): demarre_ELK> on 2023-03-13 00:05:18+00:00
[2023-03-15T07:46:13.500+0000] {standard_task_runner.py:55} INFO - Started process 139818 to run task
[2023-03-15T07:46:13.502+0000] {standard_task_runner.py:82} INFO - Running: ['airflow', 'tasks', 'run', 'AUTOMATISATION', 'demarre_ELK', 'scheduled__2023-03-13T00:05:18+00:00', '--job-id', '861', '--raw', '--subdir', 'DAGS_FOLDER/main.py', '--cfg-path', '/tmp/tmpywikwt6z']
[2023-03-15T07:46:13.503+0000] {standard_task_runner.py:83} INFO - Job 861: Subtask demarre_ELK
[2023-03-15T07:46:13.536+0000] {task_command.py:388} INFO - Running <TaskInstance: AUTOMATISATION.demarre_ELK scheduled__2023-03-13T00:05:18+00:00 [running]> on host dev
[2023-03-15T07:46:13.581+0000] {taskinstance.py:1507} INFO - Exporting the following env vars:
AIRFLOW_CTX_DAG_OWNER=airflow
AIRFLOW_CTX_DAG_ID=AUTOMATISATION
AIRFLOW_CTX_TASK_ID=demarre_ELK
AIRFLOW_CTX_EXECUTION_DATE=2023-03-13T00:05:18+00:00
AIRFLOW_CTX_TRY_NUMBER=1
AIRFLOW_CTX_DAG_RUN_ID=scheduled__2023-03-13T00:05:18+00:00
[2023-03-15T07:46:13.582+0000] {subprocess.py:63} INFO - Tmp dir root location: 
 /tmp
[2023-03-15T07:46:13.582+0000] {subprocess.py:75} INFO - Running command: ['/usr/bin/bash', '-c', 'docker-compose -f /home/dev/soute/ELK/docker-compose.yml up -d']
[2023-03-15T07:46:13.586+0000] {subprocess.py:86} INFO - Output:
[2023-03-15T07:46:13.946+0000] {subprocess.py:93} INFO - elasticsearch is up-to-date
[2023-03-15T07:46:13.947+0000] {subprocess.py:93} INFO - kibana is up-to-date
[2023-03-15T07:46:13.974+0000] {subprocess.py:97} INFO - Command exited with return code 0
[2023-03-15T07:46:13.991+0000] {taskinstance.py:1318} INFO - Marking task as SUCCESS. dag_id=AUTOMATISATION, task_id=demarre_ELK, execution_date=20230313T000518, start_date=20230315T074613, end_date=20230315T074613
[2023-03-15T07:46:14.035+0000] {local_task_job.py:208} INFO - Task exited with return code 0
[2023-03-15T07:46:14.047+0000] {taskinstance.py:2578} INFO - 1 downstream tasks scheduled from follow-on schedule check
