[2023-03-13T20:19:08.735+0000] {taskinstance.py:1083} INFO - Dependencies all met for <TaskInstance: AUTOMATISATION.demarre_ELK scheduled__2023-03-13T20:02:04.645643+00:00 [queued]>
[2023-03-13T20:19:08.747+0000] {taskinstance.py:1083} INFO - Dependencies all met for <TaskInstance: AUTOMATISATION.demarre_ELK scheduled__2023-03-13T20:02:04.645643+00:00 [queued]>
[2023-03-13T20:19:08.748+0000] {taskinstance.py:1279} INFO - 
--------------------------------------------------------------------------------
[2023-03-13T20:19:08.748+0000] {taskinstance.py:1280} INFO - Starting attempt 1 of 2
[2023-03-13T20:19:08.748+0000] {taskinstance.py:1281} INFO - 
--------------------------------------------------------------------------------
[2023-03-13T20:19:08.770+0000] {taskinstance.py:1300} INFO - Executing <Task(BashOperator): demarre_ELK> on 2023-03-13 20:02:04.645643+00:00
[2023-03-13T20:19:08.773+0000] {standard_task_runner.py:55} INFO - Started process 43444 to run task
[2023-03-13T20:19:08.778+0000] {standard_task_runner.py:82} INFO - Running: ['airflow', 'tasks', 'run', 'AUTOMATISATION', 'demarre_ELK', 'scheduled__2023-03-13T20:02:04.645643+00:00', '--job-id', '258', '--raw', '--subdir', 'DAGS_FOLDER/main.py', '--cfg-path', '/tmp/tmpts04ctox']
[2023-03-13T20:19:08.780+0000] {standard_task_runner.py:83} INFO - Job 258: Subtask demarre_ELK
[2023-03-13T20:19:08.847+0000] {task_command.py:388} INFO - Running <TaskInstance: AUTOMATISATION.demarre_ELK scheduled__2023-03-13T20:02:04.645643+00:00 [running]> on host dev
[2023-03-13T20:19:08.919+0000] {taskinstance.py:1507} INFO - Exporting the following env vars:
AIRFLOW_CTX_DAG_OWNER=airflow
AIRFLOW_CTX_DAG_ID=AUTOMATISATION
AIRFLOW_CTX_TASK_ID=demarre_ELK
AIRFLOW_CTX_EXECUTION_DATE=2023-03-13T20:02:04.645643+00:00
AIRFLOW_CTX_TRY_NUMBER=1
AIRFLOW_CTX_DAG_RUN_ID=scheduled__2023-03-13T20:02:04.645643+00:00
[2023-03-13T20:19:08.921+0000] {subprocess.py:63} INFO - Tmp dir root location: 
 /tmp
[2023-03-13T20:19:08.922+0000] {subprocess.py:75} INFO - Running command: ['/usr/bin/bash', '-c', 'docker-compose -f /home/dev/soute/ELK/docker-compose.yml up -d']
[2023-03-13T20:19:08.930+0000] {subprocess.py:86} INFO - Output:
[2023-03-13T20:19:09.750+0000] {subprocess.py:93} INFO - elasticsearch is up-to-date
[2023-03-13T20:19:09.751+0000] {subprocess.py:93} INFO - kibana is up-to-date
[2023-03-13T20:19:09.807+0000] {subprocess.py:97} INFO - Command exited with return code 0
[2023-03-13T20:19:09.835+0000] {taskinstance.py:1318} INFO - Marking task as SUCCESS. dag_id=AUTOMATISATION, task_id=demarre_ELK, execution_date=20230313T200204, start_date=20230313T201908, end_date=20230313T201909
[2023-03-13T20:19:09.872+0000] {local_task_job.py:208} INFO - Task exited with return code 0
[2023-03-13T20:19:09.899+0000] {taskinstance.py:2578} INFO - 1 downstream tasks scheduled from follow-on schedule check
