[2023-03-13T23:09:25.250+0000] {taskinstance.py:1083} INFO - Dependencies all met for <TaskInstance: AUTOMATISATION.demarre_ELK scheduled__2023-03-13T00:04:21+00:00 [queued]>
[2023-03-13T23:09:25.261+0000] {taskinstance.py:1083} INFO - Dependencies all met for <TaskInstance: AUTOMATISATION.demarre_ELK scheduled__2023-03-13T00:04:21+00:00 [queued]>
[2023-03-13T23:09:25.262+0000] {taskinstance.py:1279} INFO - 
--------------------------------------------------------------------------------
[2023-03-13T23:09:25.262+0000] {taskinstance.py:1280} INFO - Starting attempt 1 of 2
[2023-03-13T23:09:25.262+0000] {taskinstance.py:1281} INFO - 
--------------------------------------------------------------------------------
[2023-03-13T23:09:25.293+0000] {taskinstance.py:1300} INFO - Executing <Task(BashOperator): demarre_ELK> on 2023-03-13 00:04:21+00:00
[2023-03-13T23:09:25.296+0000] {standard_task_runner.py:55} INFO - Started process 82801 to run task
[2023-03-13T23:09:25.300+0000] {standard_task_runner.py:82} INFO - Running: ['airflow', 'tasks', 'run', 'AUTOMATISATION', 'demarre_ELK', 'scheduled__2023-03-13T00:04:21+00:00', '--job-id', '450', '--raw', '--subdir', 'DAGS_FOLDER/main.py', '--cfg-path', '/tmp/tmpd_gyud4r']
[2023-03-13T23:09:25.302+0000] {standard_task_runner.py:83} INFO - Job 450: Subtask demarre_ELK
[2023-03-13T23:09:25.378+0000] {task_command.py:388} INFO - Running <TaskInstance: AUTOMATISATION.demarre_ELK scheduled__2023-03-13T00:04:21+00:00 [running]> on host dev
[2023-03-13T23:09:25.467+0000] {taskinstance.py:1507} INFO - Exporting the following env vars:
AIRFLOW_CTX_DAG_OWNER=airflow
AIRFLOW_CTX_DAG_ID=AUTOMATISATION
AIRFLOW_CTX_TASK_ID=demarre_ELK
AIRFLOW_CTX_EXECUTION_DATE=2023-03-13T00:04:21+00:00
AIRFLOW_CTX_TRY_NUMBER=1
AIRFLOW_CTX_DAG_RUN_ID=scheduled__2023-03-13T00:04:21+00:00
[2023-03-13T23:09:25.469+0000] {subprocess.py:63} INFO - Tmp dir root location: 
 /tmp
[2023-03-13T23:09:25.469+0000] {subprocess.py:75} INFO - Running command: ['/usr/bin/bash', '-c', 'docker-compose -f /home/dev/soute/ELK/docker-compose.yml up -d']
[2023-03-13T23:09:25.477+0000] {subprocess.py:86} INFO - Output:
[2023-03-13T23:09:26.258+0000] {subprocess.py:93} INFO - elasticsearch is up-to-date
[2023-03-13T23:09:26.258+0000] {subprocess.py:93} INFO - kibana is up-to-date
[2023-03-13T23:09:26.310+0000] {subprocess.py:97} INFO - Command exited with return code 0
[2023-03-13T23:09:26.351+0000] {taskinstance.py:1318} INFO - Marking task as SUCCESS. dag_id=AUTOMATISATION, task_id=demarre_ELK, execution_date=20230313T000421, start_date=20230313T230925, end_date=20230313T230926
[2023-03-13T23:09:26.395+0000] {local_task_job.py:208} INFO - Task exited with return code 0
[2023-03-13T23:09:26.421+0000] {taskinstance.py:2578} INFO - 1 downstream tasks scheduled from follow-on schedule check
[2023-03-15T07:38:55.141+0000] {taskinstance.py:1083} INFO - Dependencies all met for <TaskInstance: AUTOMATISATION.demarre_ELK scheduled__2023-03-13T00:04:21+00:00 [queued]>
[2023-03-15T07:38:55.146+0000] {taskinstance.py:1083} INFO - Dependencies all met for <TaskInstance: AUTOMATISATION.demarre_ELK scheduled__2023-03-13T00:04:21+00:00 [queued]>
[2023-03-15T07:38:55.146+0000] {taskinstance.py:1279} INFO - 
--------------------------------------------------------------------------------
[2023-03-15T07:38:55.147+0000] {taskinstance.py:1280} INFO - Starting attempt 1 of 2
[2023-03-15T07:38:55.147+0000] {taskinstance.py:1281} INFO - 
--------------------------------------------------------------------------------
[2023-03-15T07:38:55.159+0000] {taskinstance.py:1300} INFO - Executing <Task(BashOperator): demarre_ELK> on 2023-03-13 00:04:21+00:00
[2023-03-15T07:38:55.161+0000] {standard_task_runner.py:55} INFO - Started process 135235 to run task
[2023-03-15T07:38:55.163+0000] {standard_task_runner.py:82} INFO - Running: ['airflow', 'tasks', 'run', 'AUTOMATISATION', 'demarre_ELK', 'scheduled__2023-03-13T00:04:21+00:00', '--job-id', '821', '--raw', '--subdir', 'DAGS_FOLDER/main.py', '--cfg-path', '/tmp/tmp9vaiqtj6']
[2023-03-15T07:38:55.163+0000] {standard_task_runner.py:83} INFO - Job 821: Subtask demarre_ELK
[2023-03-15T07:38:55.194+0000] {task_command.py:388} INFO - Running <TaskInstance: AUTOMATISATION.demarre_ELK scheduled__2023-03-13T00:04:21+00:00 [running]> on host dev
[2023-03-15T07:38:55.230+0000] {taskinstance.py:1507} INFO - Exporting the following env vars:
AIRFLOW_CTX_DAG_OWNER=airflow
AIRFLOW_CTX_DAG_ID=AUTOMATISATION
AIRFLOW_CTX_TASK_ID=demarre_ELK
AIRFLOW_CTX_EXECUTION_DATE=2023-03-13T00:04:21+00:00
AIRFLOW_CTX_TRY_NUMBER=1
AIRFLOW_CTX_DAG_RUN_ID=scheduled__2023-03-13T00:04:21+00:00
[2023-03-15T07:38:55.231+0000] {subprocess.py:63} INFO - Tmp dir root location: 
 /tmp
[2023-03-15T07:38:55.231+0000] {subprocess.py:75} INFO - Running command: ['/usr/bin/bash', '-c', 'docker-compose -f /home/dev/soute/ELK/docker-compose.yml up -d']
[2023-03-15T07:38:55.235+0000] {subprocess.py:86} INFO - Output:
[2023-03-15T07:38:55.534+0000] {subprocess.py:93} INFO - elasticsearch is up-to-date
[2023-03-15T07:38:55.534+0000] {subprocess.py:93} INFO - kibana is up-to-date
[2023-03-15T07:38:55.556+0000] {subprocess.py:97} INFO - Command exited with return code 0
[2023-03-15T07:38:55.571+0000] {taskinstance.py:1318} INFO - Marking task as SUCCESS. dag_id=AUTOMATISATION, task_id=demarre_ELK, execution_date=20230313T000421, start_date=20230315T073855, end_date=20230315T073855
[2023-03-15T07:38:55.615+0000] {local_task_job.py:208} INFO - Task exited with return code 0
[2023-03-15T07:38:55.637+0000] {taskinstance.py:2578} INFO - 1 downstream tasks scheduled from follow-on schedule check
