[2023-03-13T23:26:21.346+0000] {taskinstance.py:1083} INFO - Dependencies all met for <TaskInstance: AUTOMATISATION.Chargement_des_données_in_ELK scheduled__2023-03-13T00:04:42+00:00 [queued]>
[2023-03-13T23:26:21.359+0000] {taskinstance.py:1083} INFO - Dependencies all met for <TaskInstance: AUTOMATISATION.Chargement_des_données_in_ELK scheduled__2023-03-13T00:04:42+00:00 [queued]>
[2023-03-13T23:26:21.359+0000] {taskinstance.py:1279} INFO - 
--------------------------------------------------------------------------------
[2023-03-13T23:26:21.359+0000] {taskinstance.py:1280} INFO - Starting attempt 1 of 4
[2023-03-13T23:26:21.359+0000] {taskinstance.py:1281} INFO - 
--------------------------------------------------------------------------------
[2023-03-13T23:26:21.390+0000] {taskinstance.py:1300} INFO - Executing <Task(BashOperator): Chargement_des_données_in_ELK> on 2023-03-13 00:04:42+00:00
[2023-03-13T23:26:21.393+0000] {standard_task_runner.py:55} INFO - Started process 85988 to run task
[2023-03-13T23:26:21.398+0000] {standard_task_runner.py:82} INFO - Running: ['airflow', 'tasks', 'run', 'AUTOMATISATION', 'Chargement_des_données_in_ELK', 'scheduled__2023-03-13T00:04:42+00:00', '--job-id', '467', '--raw', '--subdir', 'DAGS_FOLDER/main.py', '--cfg-path', '/tmp/tmpwuowx607']
[2023-03-13T23:26:21.400+0000] {standard_task_runner.py:83} INFO - Job 467: Subtask Chargement_des_données_in_ELK
[2023-03-13T23:26:21.472+0000] {task_command.py:388} INFO - Running <TaskInstance: AUTOMATISATION.Chargement_des_données_in_ELK scheduled__2023-03-13T00:04:42+00:00 [running]> on host dev
[2023-03-13T23:26:21.562+0000] {taskinstance.py:1507} INFO - Exporting the following env vars:
AIRFLOW_CTX_DAG_OWNER=airflow
AIRFLOW_CTX_DAG_ID=AUTOMATISATION
AIRFLOW_CTX_TASK_ID=Chargement_des_données_in_ELK
AIRFLOW_CTX_EXECUTION_DATE=2023-03-13T00:04:42+00:00
AIRFLOW_CTX_TRY_NUMBER=1
AIRFLOW_CTX_DAG_RUN_ID=scheduled__2023-03-13T00:04:42+00:00
[2023-03-13T23:26:21.563+0000] {subprocess.py:63} INFO - Tmp dir root location: 
 /tmp
[2023-03-13T23:26:21.564+0000] {subprocess.py:75} INFO - Running command: ['/usr/bin/bash', '-c', 'echo dev | sudo -S /usr/share/logstash/bin/logstash --path.settings=/etc/logstash/ -f /etc/logstash/conf.d/data.conf']
[2023-03-13T23:26:21.572+0000] {subprocess.py:86} INFO - Output:
[2023-03-13T23:26:21.668+0000] {subprocess.py:93} INFO - [sudo] Mot de passe de dev : Using bundled JDK: /usr/share/logstash/jdk
[2023-03-13T23:26:21.958+0000] {subprocess.py:93} INFO - OpenJDK 64-Bit Server VM warning: Option UseConcMarkSweepGC was deprecated in version 9.0 and will likely be removed in a future release.
[2023-03-13T23:26:47.386+0000] {subprocess.py:93} INFO - Sending Logstash logs to /var/log/logstash which is now configured via log4j2.properties
[2023-03-13T23:26:47.528+0000] {subprocess.py:93} INFO - [2023-03-13T23:26:47,524][INFO ][logstash.runner          ] Log4j configuration path used is: /etc/logstash/log4j2.properties
[2023-03-13T23:26:47.539+0000] {subprocess.py:93} INFO - [2023-03-13T23:26:47,539][INFO ][logstash.runner          ] Starting Logstash {"logstash.version"=>"7.15.2", "jruby.version"=>"jruby 9.2.19.0 (2.5.8) 2021-06-15 55810c552b OpenJDK 64-Bit Server VM 11.0.12+7 on 11.0.12+7 +indy +jit [linux-x86_64]"}
[2023-03-13T23:26:48.036+0000] {subprocess.py:93} INFO - [2023-03-13T23:26:48,036][WARN ][logstash.config.source.multilocal] Ignoring the 'pipelines.yml' file because modules or command line options are specified
[2023-03-13T23:26:49.740+0000] {subprocess.py:93} INFO - [2023-03-13T23:26:49,737][INFO ][logstash.agent           ] Successfully started Logstash API endpoint {:port=>9600}
[2023-03-13T23:26:50.670+0000] {subprocess.py:93} INFO - [2023-03-13T23:26:50,669][INFO ][org.reflections.Reflections] Reflections took 149 ms to scan 1 urls, producing 120 keys and 417 values
[2023-03-13T23:26:52.093+0000] {subprocess.py:93} INFO - [2023-03-13T23:26:52,092][INFO ][logstash.outputs.elasticsearch][main] New Elasticsearch output {:class=>"LogStash::Outputs::ElasticSearch", :hosts=>["//localhost:9200"]}
[2023-03-13T23:26:52.614+0000] {subprocess.py:93} INFO - [2023-03-13T23:26:52,611][INFO ][logstash.outputs.elasticsearch][main] Elasticsearch pool URLs updated {:changes=>{:removed=>[], :added=>[http://localhost:9200/]}}
[2023-03-13T23:26:52.902+0000] {subprocess.py:93} INFO - [2023-03-13T23:26:52,902][WARN ][logstash.outputs.elasticsearch][main] Restored connection to ES instance {:url=>"http://localhost:9200/"}
[2023-03-13T23:26:52.990+0000] {subprocess.py:93} INFO - [2023-03-13T23:26:52,989][INFO ][logstash.outputs.elasticsearch][main] Elasticsearch version determined (7.15.2) {:es_version=>7}
[2023-03-13T23:26:52.995+0000] {subprocess.py:93} INFO - [2023-03-13T23:26:52,994][WARN ][logstash.outputs.elasticsearch][main] Detected a 6.x and above cluster: the `type` event field won't be used to determine the document _type {:es_version=>7}
[2023-03-13T23:26:53.200+0000] {subprocess.py:93} INFO - [2023-03-13T23:26:53,199][INFO ][logstash.outputs.elasticsearch][main] Using a default mapping template {:es_version=>7, :ecs_compatibility=>:disabled}
[2023-03-13T23:26:53.253+0000] {subprocess.py:93} INFO - [2023-03-13T23:26:53,253][INFO ][logstash.javapipeline    ][main] Starting pipeline {:pipeline_id=>"main", "pipeline.workers"=>8, "pipeline.batch.size"=>125, "pipeline.batch.delay"=>50, "pipeline.max_inflight"=>1000, "pipeline.sources"=>["/etc/logstash/conf.d/data.conf"], :thread=>"#<Thread:0x7265ef98 run>"}
[2023-03-13T23:26:54.526+0000] {subprocess.py:93} INFO - [2023-03-13T23:26:54,525][INFO ][logstash.javapipeline    ][main] Pipeline Java execution initialization time {"seconds"=>1.27}
[2023-03-13T23:26:54.655+0000] {subprocess.py:93} INFO - [2023-03-13T23:26:54,654][INFO ][logstash.javapipeline    ][main] Pipeline started {"pipeline.id"=>"main"}
[2023-03-13T23:26:54.773+0000] {subprocess.py:93} INFO - [2023-03-13T23:26:54,772][INFO ][logstash.agent           ] Pipelines running {:count=>1, :running_pipelines=>[:main], :non_running_pipelines=>[]}
[2023-03-13T23:26:56.354+0000] {subprocess.py:93} INFO - [2023-03-13T23:26:56,354][INFO ][logstash.inputs.jdbc     ][main][afa454a497099ce3438919c7cfc7ae10a3b3980082608321cda443e0b5f70dbd] (0.025629s) SELECT CAST(current_setting('server_version_num') AS integer) AS v
[2023-03-13T23:26:56.678+0000] {subprocess.py:93} INFO - [2023-03-13T23:26:56,677][INFO ][logstash.inputs.jdbc     ][main][afa454a497099ce3438919c7cfc7ae10a3b3980082608321cda443e0b5f70dbd] (0.103980s) SELECT count(*) AS "count" FROM (SELECT * FROM customers) AS "t1" LIMIT 1
[2023-03-13T23:26:57.147+0000] {subprocess.py:93} INFO - [2023-03-13T23:26:57,146][INFO ][logstash.inputs.jdbc     ][main][afa454a497099ce3438919c7cfc7ae10a3b3980082608321cda443e0b5f70dbd] (0.426727s) SELECT * FROM (SELECT * FROM customers) AS "t1" LIMIT 50000 OFFSET 0
[2023-03-13T23:27:07.419+0000] {subprocess.py:93} INFO - [2023-03-13T23:27:07,419][INFO ][logstash.inputs.jdbc     ][main][afa454a497099ce3438919c7cfc7ae10a3b3980082608321cda443e0b5f70dbd] (0.445750s) SELECT * FROM (SELECT * FROM customers) AS "t1" LIMIT 50000 OFFSET 50000
[2023-03-13T23:27:13.278+0000] {subprocess.py:93} INFO - [2023-03-13T23:27:13,278][INFO ][logstash.inputs.jdbc     ][main][afa454a497099ce3438919c7cfc7ae10a3b3980082608321cda443e0b5f70dbd] (0.365814s) SELECT * FROM (SELECT * FROM customers) AS "t1" LIMIT 50000 OFFSET 100000
[2023-03-13T23:27:18.458+0000] {subprocess.py:93} INFO - [2023-03-13T23:27:18,458][INFO ][logstash.inputs.jdbc     ][main][afa454a497099ce3438919c7cfc7ae10a3b3980082608321cda443e0b5f70dbd] (0.355583s) SELECT * FROM (SELECT * FROM customers) AS "t1" LIMIT 50000 OFFSET 150000
[2023-03-13T23:27:22.381+0000] {subprocess.py:93} INFO - [2023-03-13T23:27:22,381][INFO ][logstash.inputs.jdbc     ][main][afa454a497099ce3438919c7cfc7ae10a3b3980082608321cda443e0b5f70dbd] (0.361426s) SELECT * FROM (SELECT * FROM customers) AS "t1" LIMIT 50000 OFFSET 200000
[2023-03-13T23:27:26.036+0000] {subprocess.py:93} INFO - [2023-03-13T23:27:26,035][INFO ][logstash.inputs.jdbc     ][main][afa454a497099ce3438919c7cfc7ae10a3b3980082608321cda443e0b5f70dbd] (0.350805s) SELECT * FROM (SELECT * FROM customers) AS "t1" LIMIT 50000 OFFSET 250000
[2023-03-13T23:27:29.200+0000] {subprocess.py:93} INFO - [2023-03-13T23:27:29,200][INFO ][logstash.inputs.jdbc     ][main][afa454a497099ce3438919c7cfc7ae10a3b3980082608321cda443e0b5f70dbd] (0.125808s) SELECT * FROM (SELECT * FROM customers) AS "t1" LIMIT 50000 OFFSET 300000
[2023-03-13T23:27:32.137+0000] {subprocess.py:93} INFO - [2023-03-13T23:27:32,137][INFO ][logstash.inputs.jdbc     ][main][afa454a497099ce3438919c7cfc7ae10a3b3980082608321cda443e0b5f70dbd] (0.152077s) SELECT * FROM (SELECT * FROM customers) AS "t1" LIMIT 50000 OFFSET 350000
[2023-03-13T23:27:35.025+0000] {subprocess.py:93} INFO - [2023-03-13T23:27:35,024][INFO ][logstash.inputs.jdbc     ][main][afa454a497099ce3438919c7cfc7ae10a3b3980082608321cda443e0b5f70dbd] (0.142554s) SELECT * FROM (SELECT * FROM customers) AS "t1" LIMIT 50000 OFFSET 400000
[2023-03-13T23:27:38.168+0000] {subprocess.py:93} INFO - [2023-03-13T23:27:38,168][INFO ][logstash.inputs.jdbc     ][main][afa454a497099ce3438919c7cfc7ae10a3b3980082608321cda443e0b5f70dbd] (0.187751s) SELECT * FROM (SELECT * FROM customers) AS "t1" LIMIT 50000 OFFSET 450000
[2023-03-13T23:27:40.733+0000] {subprocess.py:93} INFO - [2023-03-13T23:27:40,733][INFO ][logstash.inputs.jdbc     ][main][afa454a497099ce3438919c7cfc7ae10a3b3980082608321cda443e0b5f70dbd] (0.143977s) SELECT * FROM (SELECT * FROM customers) AS "t1" LIMIT 50000 OFFSET 500000
[2023-03-13T23:27:44.005+0000] {subprocess.py:93} INFO - [2023-03-13T23:27:44,004][INFO ][logstash.inputs.jdbc     ][main][afa454a497099ce3438919c7cfc7ae10a3b3980082608321cda443e0b5f70dbd] (0.169461s) SELECT * FROM (SELECT * FROM customers) AS "t1" LIMIT 50000 OFFSET 550000
[2023-03-13T23:27:47.407+0000] {subprocess.py:93} INFO - [2023-03-13T23:27:47,407][INFO ][logstash.inputs.jdbc     ][main][afa454a497099ce3438919c7cfc7ae10a3b3980082608321cda443e0b5f70dbd] (0.162824s) SELECT * FROM (SELECT * FROM customers) AS "t1" LIMIT 50000 OFFSET 600000
[2023-03-13T23:27:57.127+0000] {subprocess.py:93} INFO - [2023-03-13T23:27:57,127][INFO ][logstash.inputs.jdbc     ][main][afa454a497099ce3438919c7cfc7ae10a3b3980082608321cda443e0b5f70dbd] (0.285386s) SELECT * FROM (SELECT * FROM customers) AS "t1" LIMIT 50000 OFFSET 650000
[2023-03-13T23:28:00.720+0000] {subprocess.py:93} INFO - [2023-03-13T23:28:00,719][INFO ][logstash.inputs.jdbc     ][main][afa454a497099ce3438919c7cfc7ae10a3b3980082608321cda443e0b5f70dbd] (0.179529s) SELECT * FROM (SELECT * FROM customers) AS "t1" LIMIT 50000 OFFSET 700000
[2023-03-13T23:28:03.574+0000] {subprocess.py:93} INFO - [2023-03-13T23:28:03,574][INFO ][logstash.inputs.jdbc     ][main][afa454a497099ce3438919c7cfc7ae10a3b3980082608321cda443e0b5f70dbd] (0.195392s) SELECT * FROM (SELECT * FROM customers) AS "t1" LIMIT 50000 OFFSET 750000
[2023-03-13T23:28:06.823+0000] {subprocess.py:93} INFO - [2023-03-13T23:28:06,823][INFO ][logstash.inputs.jdbc     ][main][afa454a497099ce3438919c7cfc7ae10a3b3980082608321cda443e0b5f70dbd] (0.176414s) SELECT * FROM (SELECT * FROM customers) AS "t1" LIMIT 50000 OFFSET 800000
[2023-03-13T23:28:09.967+0000] {subprocess.py:93} INFO - [2023-03-13T23:28:09,967][INFO ][logstash.inputs.jdbc     ][main][afa454a497099ce3438919c7cfc7ae10a3b3980082608321cda443e0b5f70dbd] (0.169911s) SELECT * FROM (SELECT * FROM customers) AS "t1" LIMIT 50000 OFFSET 850000
[2023-03-13T23:28:13.021+0000] {subprocess.py:93} INFO - [2023-03-13T23:28:13,021][INFO ][logstash.inputs.jdbc     ][main][afa454a497099ce3438919c7cfc7ae10a3b3980082608321cda443e0b5f70dbd] (0.191610s) SELECT * FROM (SELECT * FROM customers) AS "t1" LIMIT 50000 OFFSET 900000
[2023-03-13T23:28:16.483+0000] {subprocess.py:93} INFO - [2023-03-13T23:28:16,482][INFO ][logstash.inputs.jdbc     ][main][afa454a497099ce3438919c7cfc7ae10a3b3980082608321cda443e0b5f70dbd] (0.190811s) SELECT * FROM (SELECT * FROM customers) AS "t1" LIMIT 50000 OFFSET 950000
[2023-03-13T23:28:19.611+0000] {subprocess.py:93} INFO - [2023-03-13T23:28:19,610][INFO ][logstash.inputs.jdbc     ][main][afa454a497099ce3438919c7cfc7ae10a3b3980082608321cda443e0b5f70dbd] (0.228943s) SELECT * FROM (SELECT * FROM customers) AS "t1" LIMIT 50000 OFFSET 1000000
[2023-03-13T23:28:22.370+0000] {subprocess.py:93} INFO - [2023-03-13T23:28:22,370][INFO ][logstash.inputs.jdbc     ][main][afa454a497099ce3438919c7cfc7ae10a3b3980082608321cda443e0b5f70dbd] (0.212497s) SELECT * FROM (SELECT * FROM customers) AS "t1" LIMIT 50000 OFFSET 1050000
[2023-03-13T23:28:25.906+0000] {subprocess.py:93} INFO - [2023-03-13T23:28:25,906][INFO ][logstash.inputs.jdbc     ][main][afa454a497099ce3438919c7cfc7ae10a3b3980082608321cda443e0b5f70dbd] (0.242743s) SELECT * FROM (SELECT * FROM customers) AS "t1" LIMIT 50000 OFFSET 1100000
[2023-03-13T23:28:28.545+0000] {subprocess.py:93} INFO - [2023-03-13T23:28:28,545][INFO ][logstash.inputs.jdbc     ][main][afa454a497099ce3438919c7cfc7ae10a3b3980082608321cda443e0b5f70dbd] (0.175883s) SELECT * FROM (SELECT * FROM customers) AS "t1" LIMIT 50000 OFFSET 1150000
[2023-03-13T23:28:32.266+0000] {subprocess.py:93} INFO - [2023-03-13T23:28:32,265][INFO ][logstash.javapipeline    ][main] Pipeline terminated {"pipeline.id"=>"main"}
[2023-03-13T23:28:32.667+0000] {subprocess.py:93} INFO - [2023-03-13T23:28:32,666][INFO ][logstash.pipelinesregistry] Removed pipeline from registry successfully {:pipeline_id=>:main}
[2023-03-13T23:28:32.733+0000] {subprocess.py:93} INFO - [2023-03-13T23:28:32,732][INFO ][logstash.runner          ] Logstash shut down.
[2023-03-13T23:28:33.003+0000] {subprocess.py:97} INFO - Command exited with return code 0
[2023-03-13T23:28:33.234+0000] {taskinstance.py:1318} INFO - Marking task as SUCCESS. dag_id=AUTOMATISATION, task_id=Chargement_des_données_in_ELK, execution_date=20230313T000442, start_date=20230313T232621, end_date=20230313T232833
[2023-03-13T23:28:33.283+0000] {local_task_job.py:208} INFO - Task exited with return code 0
[2023-03-13T23:28:33.301+0000] {taskinstance.py:2578} INFO - 0 downstream tasks scheduled from follow-on schedule check
[2023-03-15T07:41:12.241+0000] {taskinstance.py:1083} INFO - Dependencies all met for <TaskInstance: AUTOMATISATION.Chargement_des_données_in_ELK scheduled__2023-03-13T00:04:42+00:00 [queued]>
[2023-03-15T07:41:12.245+0000] {taskinstance.py:1083} INFO - Dependencies all met for <TaskInstance: AUTOMATISATION.Chargement_des_données_in_ELK scheduled__2023-03-13T00:04:42+00:00 [queued]>
[2023-03-15T07:41:12.245+0000] {taskinstance.py:1279} INFO - 
--------------------------------------------------------------------------------
[2023-03-15T07:41:12.245+0000] {taskinstance.py:1280} INFO - Starting attempt 1 of 4
[2023-03-15T07:41:12.246+0000] {taskinstance.py:1281} INFO - 
--------------------------------------------------------------------------------
[2023-03-15T07:41:12.256+0000] {taskinstance.py:1300} INFO - Executing <Task(BashOperator): Chargement_des_données_in_ELK> on 2023-03-13 00:04:42+00:00
[2023-03-15T07:41:12.257+0000] {standard_task_runner.py:55} INFO - Started process 136562 to run task
[2023-03-15T07:41:12.259+0000] {standard_task_runner.py:82} INFO - Running: ['airflow', 'tasks', 'run', 'AUTOMATISATION', 'Chargement_des_données_in_ELK', 'scheduled__2023-03-13T00:04:42+00:00', '--job-id', '836', '--raw', '--subdir', 'DAGS_FOLDER/main.py', '--cfg-path', '/tmp/tmpy8wra3_l']
[2023-03-15T07:41:12.260+0000] {standard_task_runner.py:83} INFO - Job 836: Subtask Chargement_des_données_in_ELK
[2023-03-15T07:41:12.288+0000] {task_command.py:388} INFO - Running <TaskInstance: AUTOMATISATION.Chargement_des_données_in_ELK scheduled__2023-03-13T00:04:42+00:00 [running]> on host dev
[2023-03-15T07:41:12.322+0000] {taskinstance.py:1507} INFO - Exporting the following env vars:
AIRFLOW_CTX_DAG_OWNER=airflow
AIRFLOW_CTX_DAG_ID=AUTOMATISATION
AIRFLOW_CTX_TASK_ID=Chargement_des_données_in_ELK
AIRFLOW_CTX_EXECUTION_DATE=2023-03-13T00:04:42+00:00
AIRFLOW_CTX_TRY_NUMBER=1
AIRFLOW_CTX_DAG_RUN_ID=scheduled__2023-03-13T00:04:42+00:00
[2023-03-15T07:41:12.323+0000] {subprocess.py:63} INFO - Tmp dir root location: 
 /tmp
[2023-03-15T07:41:12.323+0000] {subprocess.py:75} INFO - Running command: ['/usr/bin/bash', '-c', 'echo dev | sudo -S /usr/share/logstash/bin/logstash --path.settings=/etc/logstash/ -f /etc/logstash/conf.d/data.conf']
[2023-03-15T07:41:12.327+0000] {subprocess.py:86} INFO - Output:
[2023-03-15T07:41:12.361+0000] {subprocess.py:93} INFO - [sudo] Mot de passe de dev : Using bundled JDK: /usr/share/logstash/jdk
[2023-03-15T07:41:12.491+0000] {subprocess.py:93} INFO - OpenJDK 64-Bit Server VM warning: Option UseConcMarkSweepGC was deprecated in version 9.0 and will likely be removed in a future release.
[2023-03-15T07:41:23.614+0000] {subprocess.py:93} INFO - Sending Logstash logs to /var/log/logstash which is now configured via log4j2.properties
[2023-03-15T07:41:23.695+0000] {subprocess.py:93} INFO - [2023-03-15T07:41:23,693][INFO ][logstash.runner          ] Log4j configuration path used is: /etc/logstash/log4j2.properties
[2023-03-15T07:41:23.703+0000] {subprocess.py:93} INFO - [2023-03-15T07:41:23,702][INFO ][logstash.runner          ] Starting Logstash {"logstash.version"=>"7.15.2", "jruby.version"=>"jruby 9.2.19.0 (2.5.8) 2021-06-15 55810c552b OpenJDK 64-Bit Server VM 11.0.12+7 on 11.0.12+7 +indy +jit [linux-x86_64]"}
[2023-03-15T07:41:24.019+0000] {subprocess.py:93} INFO - [2023-03-15T07:41:24,019][WARN ][logstash.config.source.multilocal] Ignoring the 'pipelines.yml' file because modules or command line options are specified
[2023-03-15T07:41:24.984+0000] {subprocess.py:93} INFO - [2023-03-15T07:41:24,983][INFO ][logstash.agent           ] Successfully started Logstash API endpoint {:port=>9600}
[2023-03-15T07:41:25.432+0000] {subprocess.py:93} INFO - [2023-03-15T07:41:25,432][INFO ][org.reflections.Reflections] Reflections took 68 ms to scan 1 urls, producing 120 keys and 417 values
[2023-03-15T07:41:26.130+0000] {subprocess.py:93} INFO - [2023-03-15T07:41:26,129][INFO ][logstash.outputs.elasticsearch][main] New Elasticsearch output {:class=>"LogStash::Outputs::ElasticSearch", :hosts=>["//localhost:9200"]}
[2023-03-15T07:41:26.328+0000] {subprocess.py:93} INFO - [2023-03-15T07:41:26,327][INFO ][logstash.outputs.elasticsearch][main] Elasticsearch pool URLs updated {:changes=>{:removed=>[], :added=>[http://localhost:9200/]}}
[2023-03-15T07:41:26.430+0000] {subprocess.py:93} INFO - [2023-03-15T07:41:26,429][WARN ][logstash.outputs.elasticsearch][main] Restored connection to ES instance {:url=>"http://localhost:9200/"}
[2023-03-15T07:41:26.457+0000] {subprocess.py:93} INFO - [2023-03-15T07:41:26,457][INFO ][logstash.outputs.elasticsearch][main] Elasticsearch version determined (7.15.2) {:es_version=>7}
[2023-03-15T07:41:26.458+0000] {subprocess.py:93} INFO - [2023-03-15T07:41:26,458][WARN ][logstash.outputs.elasticsearch][main] Detected a 6.x and above cluster: the `type` event field won't be used to determine the document _type {:es_version=>7}
[2023-03-15T07:41:26.543+0000] {subprocess.py:93} INFO - [2023-03-15T07:41:26,543][INFO ][logstash.outputs.elasticsearch][main] Using a default mapping template {:es_version=>7, :ecs_compatibility=>:disabled}
[2023-03-15T07:41:26.565+0000] {subprocess.py:93} INFO - [2023-03-15T07:41:26,565][INFO ][logstash.javapipeline    ][main] Starting pipeline {:pipeline_id=>"main", "pipeline.workers"=>8, "pipeline.batch.size"=>125, "pipeline.batch.delay"=>50, "pipeline.max_inflight"=>1000, "pipeline.sources"=>["/etc/logstash/conf.d/data.conf"], :thread=>"#<Thread:0x75db8c2 run>"}
[2023-03-15T07:41:27.089+0000] {subprocess.py:93} INFO - [2023-03-15T07:41:27,088][INFO ][logstash.javapipeline    ][main] Pipeline Java execution initialization time {"seconds"=>0.52}
[2023-03-15T07:41:27.155+0000] {subprocess.py:93} INFO - [2023-03-15T07:41:27,155][INFO ][logstash.javapipeline    ][main] Pipeline started {"pipeline.id"=>"main"}
[2023-03-15T07:41:27.207+0000] {subprocess.py:93} INFO - [2023-03-15T07:41:27,207][INFO ][logstash.agent           ] Pipelines running {:count=>1, :running_pipelines=>[:main], :non_running_pipelines=>[]}
[2023-03-15T07:41:27.854+0000] {subprocess.py:93} INFO - [2023-03-15T07:41:27,853][INFO ][logstash.inputs.jdbc     ][main][afa454a497099ce3438919c7cfc7ae10a3b3980082608321cda443e0b5f70dbd] (0.012935s) SELECT CAST(current_setting('server_version_num') AS integer) AS v
[2023-03-15T07:41:27.937+0000] {subprocess.py:93} INFO - [2023-03-15T07:41:27,937][INFO ][logstash.inputs.jdbc     ][main][afa454a497099ce3438919c7cfc7ae10a3b3980082608321cda443e0b5f70dbd] (0.001595s) SELECT count(*) AS "count" FROM (SELECT * FROM customers) AS "t1" LIMIT 1
[2023-03-15T07:41:28.498+0000] {subprocess.py:93} INFO - [2023-03-15T07:41:28,498][INFO ][logstash.javapipeline    ][main] Pipeline terminated {"pipeline.id"=>"main"}
[2023-03-15T07:41:28.759+0000] {subprocess.py:93} INFO - [2023-03-15T07:41:28,759][INFO ][logstash.pipelinesregistry] Removed pipeline from registry successfully {:pipeline_id=>:main}
[2023-03-15T07:41:28.779+0000] {subprocess.py:93} INFO - [2023-03-15T07:41:28,779][INFO ][logstash.runner          ] Logstash shut down.
[2023-03-15T07:41:28.833+0000] {subprocess.py:97} INFO - Command exited with return code 0
[2023-03-15T07:41:28.845+0000] {taskinstance.py:1318} INFO - Marking task as SUCCESS. dag_id=AUTOMATISATION, task_id=Chargement_des_données_in_ELK, execution_date=20230313T000442, start_date=20230315T074112, end_date=20230315T074128
[2023-03-15T07:41:28.882+0000] {local_task_job.py:208} INFO - Task exited with return code 0
[2023-03-15T07:41:28.895+0000] {taskinstance.py:2578} INFO - 0 downstream tasks scheduled from follow-on schedule check
