[2023-03-15T07:05:36.732+0000] {processor.py:153} INFO - Started process (PID=115490) to work on /home/dev/airflow/dags/main.py
[2023-03-15T07:05:36.733+0000] {processor.py:743} INFO - Processing file /home/dev/airflow/dags/main.py for tasks to queue
[2023-03-15T07:05:36.733+0000] {logging_mixin.py:137} INFO - [2023-03-15T07:05:36.733+0000] {dagbag.py:538} INFO - Filling up the DagBag from /home/dev/airflow/dags/main.py
[2023-03-15T07:05:36.744+0000] {processor.py:753} INFO - DAG(s) dict_keys(['AUTOMATISATION']) retrieved from /home/dev/airflow/dags/main.py
[2023-03-15T07:05:36.768+0000] {logging_mixin.py:137} INFO - [2023-03-15T07:05:36.768+0000] {dag.py:2690} INFO - Sync 1 DAGs
[2023-03-15T07:05:36.791+0000] {logging_mixin.py:137} INFO - [2023-03-15T07:05:36.791+0000] {dag.py:3437} INFO - Setting next_dagrun for AUTOMATISATION to 2023-03-13T00:03:00+00:00, run_after=2023-03-13T00:03:03+00:00
[2023-03-15T07:05:36.828+0000] {processor.py:175} INFO - Processing /home/dev/airflow/dags/main.py took 0.099 seconds
[2023-03-15T07:06:07.386+0000] {processor.py:153} INFO - Started process (PID=115801) to work on /home/dev/airflow/dags/main.py
[2023-03-15T07:06:07.391+0000] {processor.py:743} INFO - Processing file /home/dev/airflow/dags/main.py for tasks to queue
[2023-03-15T07:06:07.392+0000] {logging_mixin.py:137} INFO - [2023-03-15T07:06:07.392+0000] {dagbag.py:538} INFO - Filling up the DagBag from /home/dev/airflow/dags/main.py
[2023-03-15T07:06:07.414+0000] {processor.py:753} INFO - DAG(s) dict_keys(['AUTOMATISATION']) retrieved from /home/dev/airflow/dags/main.py
[2023-03-15T07:06:07.455+0000] {logging_mixin.py:137} INFO - [2023-03-15T07:06:07.454+0000] {dag.py:2690} INFO - Sync 1 DAGs
[2023-03-15T07:06:07.481+0000] {logging_mixin.py:137} INFO - [2023-03-15T07:06:07.481+0000] {dag.py:3437} INFO - Setting next_dagrun for AUTOMATISATION to 2023-03-13T00:03:00+00:00, run_after=2023-03-13T00:03:03+00:00
[2023-03-15T07:06:07.509+0000] {processor.py:175} INFO - Processing /home/dev/airflow/dags/main.py took 0.127 seconds
[2023-03-15T07:06:38.494+0000] {processor.py:153} INFO - Started process (PID=115906) to work on /home/dev/airflow/dags/main.py
[2023-03-15T07:06:38.496+0000] {processor.py:743} INFO - Processing file /home/dev/airflow/dags/main.py for tasks to queue
[2023-03-15T07:06:38.496+0000] {logging_mixin.py:137} INFO - [2023-03-15T07:06:38.496+0000] {dagbag.py:538} INFO - Filling up the DagBag from /home/dev/airflow/dags/main.py
[2023-03-15T07:06:38.506+0000] {processor.py:753} INFO - DAG(s) dict_keys(['AUTOMATISATION']) retrieved from /home/dev/airflow/dags/main.py
[2023-03-15T07:06:38.544+0000] {logging_mixin.py:137} INFO - [2023-03-15T07:06:38.543+0000] {dag.py:2690} INFO - Sync 1 DAGs
[2023-03-15T07:06:38.552+0000] {logging_mixin.py:137} INFO - [2023-03-15T07:06:38.552+0000] {dag.py:2711} INFO - Creating ORM DAG for AUTOMATISATION
[2023-03-15T07:06:38.560+0000] {logging_mixin.py:137} INFO - [2023-03-15T07:06:38.559+0000] {dag.py:3437} INFO - Setting next_dagrun for AUTOMATISATION to 2023-03-13T00:00:00+00:00, run_after=2023-03-13T00:00:03+00:00
[2023-03-15T07:06:38.580+0000] {processor.py:175} INFO - Processing /home/dev/airflow/dags/main.py took 0.089 seconds
[2023-03-15T07:07:09.389+0000] {processor.py:153} INFO - Started process (PID=116125) to work on /home/dev/airflow/dags/main.py
[2023-03-15T07:07:09.389+0000] {processor.py:743} INFO - Processing file /home/dev/airflow/dags/main.py for tasks to queue
[2023-03-15T07:07:09.390+0000] {logging_mixin.py:137} INFO - [2023-03-15T07:07:09.390+0000] {dagbag.py:538} INFO - Filling up the DagBag from /home/dev/airflow/dags/main.py
[2023-03-15T07:07:09.398+0000] {processor.py:753} INFO - DAG(s) dict_keys(['AUTOMATISATION']) retrieved from /home/dev/airflow/dags/main.py
[2023-03-15T07:07:09.410+0000] {logging_mixin.py:137} INFO - [2023-03-15T07:07:09.410+0000] {dag.py:2690} INFO - Sync 1 DAGs
[2023-03-15T07:07:09.424+0000] {logging_mixin.py:137} INFO - [2023-03-15T07:07:09.424+0000] {dag.py:3437} INFO - Setting next_dagrun for AUTOMATISATION to 2023-03-13T00:00:09+00:00, run_after=2023-03-13T00:00:12+00:00
[2023-03-15T07:07:09.439+0000] {processor.py:175} INFO - Processing /home/dev/airflow/dags/main.py took 0.052 seconds
[2023-03-15T07:07:39.951+0000] {processor.py:153} INFO - Started process (PID=116369) to work on /home/dev/airflow/dags/main.py
[2023-03-15T07:07:39.953+0000] {processor.py:743} INFO - Processing file /home/dev/airflow/dags/main.py for tasks to queue
[2023-03-15T07:07:39.953+0000] {logging_mixin.py:137} INFO - [2023-03-15T07:07:39.953+0000] {dagbag.py:538} INFO - Filling up the DagBag from /home/dev/airflow/dags/main.py
[2023-03-15T07:07:39.967+0000] {processor.py:753} INFO - DAG(s) dict_keys(['AUTOMATISATION']) retrieved from /home/dev/airflow/dags/main.py
[2023-03-15T07:07:39.990+0000] {logging_mixin.py:137} INFO - [2023-03-15T07:07:39.989+0000] {dag.py:2690} INFO - Sync 1 DAGs
[2023-03-15T07:07:40.015+0000] {logging_mixin.py:137} INFO - [2023-03-15T07:07:40.015+0000] {dag.py:3437} INFO - Setting next_dagrun for AUTOMATISATION to 2023-03-13T00:00:12+00:00, run_after=2023-03-13T00:00:15+00:00
[2023-03-15T07:07:40.039+0000] {processor.py:175} INFO - Processing /home/dev/airflow/dags/main.py took 0.091 seconds
[2023-03-15T07:08:10.246+0000] {processor.py:153} INFO - Started process (PID=116674) to work on /home/dev/airflow/dags/main.py
[2023-03-15T07:08:10.248+0000] {processor.py:743} INFO - Processing file /home/dev/airflow/dags/main.py for tasks to queue
[2023-03-15T07:08:10.249+0000] {logging_mixin.py:137} INFO - [2023-03-15T07:08:10.249+0000] {dagbag.py:538} INFO - Filling up the DagBag from /home/dev/airflow/dags/main.py
[2023-03-15T07:08:10.259+0000] {processor.py:753} INFO - DAG(s) dict_keys(['AUTOMATISATION']) retrieved from /home/dev/airflow/dags/main.py
[2023-03-15T07:08:10.274+0000] {logging_mixin.py:137} INFO - [2023-03-15T07:08:10.274+0000] {dag.py:2690} INFO - Sync 1 DAGs
[2023-03-15T07:08:10.295+0000] {logging_mixin.py:137} INFO - [2023-03-15T07:08:10.295+0000] {dag.py:3437} INFO - Setting next_dagrun for AUTOMATISATION to 2023-03-13T00:00:15+00:00, run_after=2023-03-13T00:00:18+00:00
[2023-03-15T07:08:10.316+0000] {processor.py:175} INFO - Processing /home/dev/airflow/dags/main.py took 0.072 seconds
[2023-03-15T07:08:40.779+0000] {processor.py:153} INFO - Started process (PID=116891) to work on /home/dev/airflow/dags/main.py
[2023-03-15T07:08:40.780+0000] {processor.py:743} INFO - Processing file /home/dev/airflow/dags/main.py for tasks to queue
[2023-03-15T07:08:40.780+0000] {logging_mixin.py:137} INFO - [2023-03-15T07:08:40.780+0000] {dagbag.py:538} INFO - Filling up the DagBag from /home/dev/airflow/dags/main.py
[2023-03-15T07:08:40.794+0000] {processor.py:753} INFO - DAG(s) dict_keys(['AUTOMATISATION']) retrieved from /home/dev/airflow/dags/main.py
[2023-03-15T07:08:40.815+0000] {logging_mixin.py:137} INFO - [2023-03-15T07:08:40.815+0000] {dag.py:2690} INFO - Sync 1 DAGs
[2023-03-15T07:08:40.842+0000] {logging_mixin.py:137} INFO - [2023-03-15T07:08:40.842+0000] {dag.py:3437} INFO - Setting next_dagrun for AUTOMATISATION to 2023-03-13T00:00:18+00:00, run_after=2023-03-13T00:00:21+00:00
[2023-03-15T07:08:40.871+0000] {processor.py:175} INFO - Processing /home/dev/airflow/dags/main.py took 0.095 seconds
[2023-03-15T07:09:11.082+0000] {processor.py:153} INFO - Started process (PID=117232) to work on /home/dev/airflow/dags/main.py
[2023-03-15T07:09:11.085+0000] {processor.py:743} INFO - Processing file /home/dev/airflow/dags/main.py for tasks to queue
[2023-03-15T07:09:11.086+0000] {logging_mixin.py:137} INFO - [2023-03-15T07:09:11.085+0000] {dagbag.py:538} INFO - Filling up the DagBag from /home/dev/airflow/dags/main.py
[2023-03-15T07:09:11.100+0000] {processor.py:753} INFO - DAG(s) dict_keys(['AUTOMATISATION']) retrieved from /home/dev/airflow/dags/main.py
[2023-03-15T07:09:11.117+0000] {logging_mixin.py:137} INFO - [2023-03-15T07:09:11.117+0000] {dag.py:2690} INFO - Sync 1 DAGs
[2023-03-15T07:09:11.143+0000] {logging_mixin.py:137} INFO - [2023-03-15T07:09:11.142+0000] {dag.py:3437} INFO - Setting next_dagrun for AUTOMATISATION to 2023-03-13T00:00:21+00:00, run_after=2023-03-13T00:00:24+00:00
[2023-03-15T07:09:11.169+0000] {processor.py:175} INFO - Processing /home/dev/airflow/dags/main.py took 0.090 seconds
[2023-03-15T07:09:41.761+0000] {processor.py:153} INFO - Started process (PID=117450) to work on /home/dev/airflow/dags/main.py
[2023-03-15T07:09:41.762+0000] {processor.py:743} INFO - Processing file /home/dev/airflow/dags/main.py for tasks to queue
[2023-03-15T07:09:41.763+0000] {logging_mixin.py:137} INFO - [2023-03-15T07:09:41.763+0000] {dagbag.py:538} INFO - Filling up the DagBag from /home/dev/airflow/dags/main.py
[2023-03-15T07:09:41.773+0000] {processor.py:753} INFO - DAG(s) dict_keys(['AUTOMATISATION']) retrieved from /home/dev/airflow/dags/main.py
[2023-03-15T07:09:41.785+0000] {logging_mixin.py:137} INFO - [2023-03-15T07:09:41.785+0000] {dag.py:2690} INFO - Sync 1 DAGs
[2023-03-15T07:09:41.798+0000] {logging_mixin.py:137} INFO - [2023-03-15T07:09:41.797+0000] {dag.py:3437} INFO - Setting next_dagrun for AUTOMATISATION to 2023-03-13T00:00:24+00:00, run_after=2023-03-13T00:00:27+00:00
[2023-03-15T07:09:41.812+0000] {processor.py:175} INFO - Processing /home/dev/airflow/dags/main.py took 0.054 seconds
[2023-03-15T07:10:12.334+0000] {processor.py:153} INFO - Started process (PID=117705) to work on /home/dev/airflow/dags/main.py
[2023-03-15T07:10:12.335+0000] {processor.py:743} INFO - Processing file /home/dev/airflow/dags/main.py for tasks to queue
[2023-03-15T07:10:12.335+0000] {logging_mixin.py:137} INFO - [2023-03-15T07:10:12.335+0000] {dagbag.py:538} INFO - Filling up the DagBag from /home/dev/airflow/dags/main.py
[2023-03-15T07:10:12.346+0000] {processor.py:753} INFO - DAG(s) dict_keys(['AUTOMATISATION']) retrieved from /home/dev/airflow/dags/main.py
[2023-03-15T07:10:12.366+0000] {logging_mixin.py:137} INFO - [2023-03-15T07:10:12.366+0000] {dag.py:2690} INFO - Sync 1 DAGs
[2023-03-15T07:10:12.390+0000] {logging_mixin.py:137} INFO - [2023-03-15T07:10:12.389+0000] {dag.py:3437} INFO - Setting next_dagrun for AUTOMATISATION to 2023-03-13T00:00:30+00:00, run_after=2023-03-13T00:00:33+00:00
[2023-03-15T07:10:12.414+0000] {processor.py:175} INFO - Processing /home/dev/airflow/dags/main.py took 0.083 seconds
[2023-03-15T07:10:42.875+0000] {processor.py:153} INFO - Started process (PID=117992) to work on /home/dev/airflow/dags/main.py
[2023-03-15T07:10:42.875+0000] {processor.py:743} INFO - Processing file /home/dev/airflow/dags/main.py for tasks to queue
[2023-03-15T07:10:42.876+0000] {logging_mixin.py:137} INFO - [2023-03-15T07:10:42.876+0000] {dagbag.py:538} INFO - Filling up the DagBag from /home/dev/airflow/dags/main.py
[2023-03-15T07:10:42.885+0000] {processor.py:753} INFO - DAG(s) dict_keys(['AUTOMATISATION']) retrieved from /home/dev/airflow/dags/main.py
[2023-03-15T07:10:42.896+0000] {logging_mixin.py:137} INFO - [2023-03-15T07:10:42.896+0000] {dag.py:2690} INFO - Sync 1 DAGs
[2023-03-15T07:10:42.910+0000] {logging_mixin.py:137} INFO - [2023-03-15T07:10:42.910+0000] {dag.py:3437} INFO - Setting next_dagrun for AUTOMATISATION to 2023-03-13T00:00:36+00:00, run_after=2023-03-13T00:00:39+00:00
[2023-03-15T07:10:42.927+0000] {processor.py:175} INFO - Processing /home/dev/airflow/dags/main.py took 0.054 seconds
[2023-03-15T07:11:13.903+0000] {processor.py:153} INFO - Started process (PID=118237) to work on /home/dev/airflow/dags/main.py
[2023-03-15T07:11:13.904+0000] {processor.py:743} INFO - Processing file /home/dev/airflow/dags/main.py for tasks to queue
[2023-03-15T07:11:13.905+0000] {logging_mixin.py:137} INFO - [2023-03-15T07:11:13.905+0000] {dagbag.py:538} INFO - Filling up the DagBag from /home/dev/airflow/dags/main.py
[2023-03-15T07:11:13.921+0000] {processor.py:753} INFO - DAG(s) dict_keys(['AUTOMATISATION']) retrieved from /home/dev/airflow/dags/main.py
[2023-03-15T07:11:13.944+0000] {logging_mixin.py:137} INFO - [2023-03-15T07:11:13.943+0000] {dag.py:2690} INFO - Sync 1 DAGs
[2023-03-15T07:11:13.972+0000] {logging_mixin.py:137} INFO - [2023-03-15T07:11:13.972+0000] {dag.py:3437} INFO - Setting next_dagrun for AUTOMATISATION to 2023-03-13T00:00:39+00:00, run_after=2023-03-13T00:00:42+00:00
[2023-03-15T07:11:14.002+0000] {processor.py:175} INFO - Processing /home/dev/airflow/dags/main.py took 0.102 seconds
[2023-03-15T07:11:44.483+0000] {processor.py:153} INFO - Started process (PID=118598) to work on /home/dev/airflow/dags/main.py
[2023-03-15T07:11:44.485+0000] {processor.py:743} INFO - Processing file /home/dev/airflow/dags/main.py for tasks to queue
[2023-03-15T07:11:44.486+0000] {logging_mixin.py:137} INFO - [2023-03-15T07:11:44.486+0000] {dagbag.py:538} INFO - Filling up the DagBag from /home/dev/airflow/dags/main.py
[2023-03-15T07:11:44.504+0000] {processor.py:753} INFO - DAG(s) dict_keys(['AUTOMATISATION']) retrieved from /home/dev/airflow/dags/main.py
[2023-03-15T07:11:44.525+0000] {logging_mixin.py:137} INFO - [2023-03-15T07:11:44.525+0000] {dag.py:2690} INFO - Sync 1 DAGs
[2023-03-15T07:11:44.549+0000] {logging_mixin.py:137} INFO - [2023-03-15T07:11:44.548+0000] {dag.py:3437} INFO - Setting next_dagrun for AUTOMATISATION to 2023-03-13T00:00:45+00:00, run_after=2023-03-13T00:00:48+00:00
[2023-03-15T07:11:44.573+0000] {processor.py:175} INFO - Processing /home/dev/airflow/dags/main.py took 0.094 seconds
[2023-03-15T07:12:14.980+0000] {processor.py:153} INFO - Started process (PID=118854) to work on /home/dev/airflow/dags/main.py
[2023-03-15T07:12:14.981+0000] {processor.py:743} INFO - Processing file /home/dev/airflow/dags/main.py for tasks to queue
[2023-03-15T07:12:14.981+0000] {logging_mixin.py:137} INFO - [2023-03-15T07:12:14.981+0000] {dagbag.py:538} INFO - Filling up the DagBag from /home/dev/airflow/dags/main.py
[2023-03-15T07:12:14.996+0000] {processor.py:753} INFO - DAG(s) dict_keys(['AUTOMATISATION']) retrieved from /home/dev/airflow/dags/main.py
[2023-03-15T07:12:15.017+0000] {logging_mixin.py:137} INFO - [2023-03-15T07:12:15.017+0000] {dag.py:2690} INFO - Sync 1 DAGs
[2023-03-15T07:12:15.044+0000] {logging_mixin.py:137} INFO - [2023-03-15T07:12:15.044+0000] {dag.py:3437} INFO - Setting next_dagrun for AUTOMATISATION to 2023-03-13T00:00:48+00:00, run_after=2023-03-13T00:00:51+00:00
[2023-03-15T07:12:15.070+0000] {processor.py:175} INFO - Processing /home/dev/airflow/dags/main.py took 0.093 seconds
[2023-03-15T07:12:45.115+0000] {processor.py:153} INFO - Started process (PID=119162) to work on /home/dev/airflow/dags/main.py
[2023-03-15T07:12:45.117+0000] {processor.py:743} INFO - Processing file /home/dev/airflow/dags/main.py for tasks to queue
[2023-03-15T07:12:45.117+0000] {logging_mixin.py:137} INFO - [2023-03-15T07:12:45.117+0000] {dagbag.py:538} INFO - Filling up the DagBag from /home/dev/airflow/dags/main.py
[2023-03-15T07:12:45.128+0000] {processor.py:753} INFO - DAG(s) dict_keys(['AUTOMATISATION']) retrieved from /home/dev/airflow/dags/main.py
[2023-03-15T07:12:45.144+0000] {logging_mixin.py:137} INFO - [2023-03-15T07:12:45.144+0000] {dag.py:2690} INFO - Sync 1 DAGs
[2023-03-15T07:12:45.162+0000] {logging_mixin.py:137} INFO - [2023-03-15T07:12:45.162+0000] {dag.py:3437} INFO - Setting next_dagrun for AUTOMATISATION to 2023-03-13T00:00:54+00:00, run_after=2023-03-13T00:00:57+00:00
[2023-03-15T07:12:45.278+0000] {processor.py:175} INFO - Processing /home/dev/airflow/dags/main.py took 0.165 seconds
[2023-03-15T07:13:15.490+0000] {processor.py:153} INFO - Started process (PID=119452) to work on /home/dev/airflow/dags/main.py
[2023-03-15T07:13:15.501+0000] {processor.py:743} INFO - Processing file /home/dev/airflow/dags/main.py for tasks to queue
[2023-03-15T07:13:15.502+0000] {logging_mixin.py:137} INFO - [2023-03-15T07:13:15.501+0000] {dagbag.py:538} INFO - Filling up the DagBag from /home/dev/airflow/dags/main.py
[2023-03-15T07:13:15.530+0000] {processor.py:753} INFO - DAG(s) dict_keys(['AUTOMATISATION']) retrieved from /home/dev/airflow/dags/main.py
[2023-03-15T07:13:15.553+0000] {logging_mixin.py:137} INFO - [2023-03-15T07:13:15.553+0000] {dag.py:2690} INFO - Sync 1 DAGs
[2023-03-15T07:13:15.663+0000] {logging_mixin.py:137} INFO - [2023-03-15T07:13:15.663+0000] {dag.py:3437} INFO - Setting next_dagrun for AUTOMATISATION to 2023-03-13T00:00:57+00:00, run_after=2023-03-13T00:01:00+00:00
[2023-03-15T07:13:15.686+0000] {processor.py:175} INFO - Processing /home/dev/airflow/dags/main.py took 0.199 seconds
[2023-03-15T07:13:45.849+0000] {processor.py:153} INFO - Started process (PID=119705) to work on /home/dev/airflow/dags/main.py
[2023-03-15T07:13:45.856+0000] {processor.py:743} INFO - Processing file /home/dev/airflow/dags/main.py for tasks to queue
[2023-03-15T07:13:45.857+0000] {logging_mixin.py:137} INFO - [2023-03-15T07:13:45.857+0000] {dagbag.py:538} INFO - Filling up the DagBag from /home/dev/airflow/dags/main.py
[2023-03-15T07:13:45.871+0000] {processor.py:753} INFO - DAG(s) dict_keys(['AUTOMATISATION']) retrieved from /home/dev/airflow/dags/main.py
[2023-03-15T07:13:45.981+0000] {logging_mixin.py:137} INFO - [2023-03-15T07:13:45.981+0000] {dag.py:2690} INFO - Sync 1 DAGs
[2023-03-15T07:13:46.003+0000] {logging_mixin.py:137} INFO - [2023-03-15T07:13:46.002+0000] {dag.py:3437} INFO - Setting next_dagrun for AUTOMATISATION to 2023-03-13T00:01:00+00:00, run_after=2023-03-13T00:01:03+00:00
[2023-03-15T07:13:46.157+0000] {processor.py:175} INFO - Processing /home/dev/airflow/dags/main.py took 0.310 seconds
[2023-03-15T07:14:16.645+0000] {processor.py:153} INFO - Started process (PID=119993) to work on /home/dev/airflow/dags/main.py
[2023-03-15T07:14:16.646+0000] {processor.py:743} INFO - Processing file /home/dev/airflow/dags/main.py for tasks to queue
[2023-03-15T07:14:16.646+0000] {logging_mixin.py:137} INFO - [2023-03-15T07:14:16.646+0000] {dagbag.py:538} INFO - Filling up the DagBag from /home/dev/airflow/dags/main.py
[2023-03-15T07:14:16.663+0000] {processor.py:753} INFO - DAG(s) dict_keys(['AUTOMATISATION']) retrieved from /home/dev/airflow/dags/main.py
[2023-03-15T07:14:16.689+0000] {logging_mixin.py:137} INFO - [2023-03-15T07:14:16.689+0000] {dag.py:2690} INFO - Sync 1 DAGs
[2023-03-15T07:14:16.719+0000] {logging_mixin.py:137} INFO - [2023-03-15T07:14:16.719+0000] {dag.py:3437} INFO - Setting next_dagrun for AUTOMATISATION to 2023-03-13T00:01:03+00:00, run_after=2023-03-13T00:01:06+00:00
[2023-03-15T07:14:16.751+0000] {processor.py:175} INFO - Processing /home/dev/airflow/dags/main.py took 0.110 seconds
[2023-03-15T07:14:47.556+0000] {processor.py:153} INFO - Started process (PID=120257) to work on /home/dev/airflow/dags/main.py
[2023-03-15T07:14:47.557+0000] {processor.py:743} INFO - Processing file /home/dev/airflow/dags/main.py for tasks to queue
[2023-03-15T07:14:47.558+0000] {logging_mixin.py:137} INFO - [2023-03-15T07:14:47.558+0000] {dagbag.py:538} INFO - Filling up the DagBag from /home/dev/airflow/dags/main.py
[2023-03-15T07:14:47.572+0000] {processor.py:753} INFO - DAG(s) dict_keys(['AUTOMATISATION']) retrieved from /home/dev/airflow/dags/main.py
[2023-03-15T07:14:47.594+0000] {logging_mixin.py:137} INFO - [2023-03-15T07:14:47.594+0000] {dag.py:2690} INFO - Sync 1 DAGs
[2023-03-15T07:14:47.623+0000] {logging_mixin.py:137} INFO - [2023-03-15T07:14:47.623+0000] {dag.py:3437} INFO - Setting next_dagrun for AUTOMATISATION to 2023-03-13T00:01:06+00:00, run_after=2023-03-13T00:01:09+00:00
[2023-03-15T07:14:47.650+0000] {processor.py:175} INFO - Processing /home/dev/airflow/dags/main.py took 0.097 seconds
[2023-03-15T07:15:17.962+0000] {processor.py:153} INFO - Started process (PID=120579) to work on /home/dev/airflow/dags/main.py
[2023-03-15T07:15:17.963+0000] {processor.py:743} INFO - Processing file /home/dev/airflow/dags/main.py for tasks to queue
[2023-03-15T07:15:17.964+0000] {logging_mixin.py:137} INFO - [2023-03-15T07:15:17.964+0000] {dagbag.py:538} INFO - Filling up the DagBag from /home/dev/airflow/dags/main.py
[2023-03-15T07:15:17.979+0000] {processor.py:753} INFO - DAG(s) dict_keys(['AUTOMATISATION']) retrieved from /home/dev/airflow/dags/main.py
[2023-03-15T07:15:18.000+0000] {logging_mixin.py:137} INFO - [2023-03-15T07:15:18.000+0000] {dag.py:2690} INFO - Sync 1 DAGs
[2023-03-15T07:15:18.133+0000] {logging_mixin.py:137} INFO - [2023-03-15T07:15:18.132+0000] {dag.py:3437} INFO - Setting next_dagrun for AUTOMATISATION to 2023-03-13T00:01:12+00:00, run_after=2023-03-13T00:01:15+00:00
[2023-03-15T07:15:18.156+0000] {processor.py:175} INFO - Processing /home/dev/airflow/dags/main.py took 0.197 seconds
[2023-03-15T07:15:48.661+0000] {processor.py:153} INFO - Started process (PID=120771) to work on /home/dev/airflow/dags/main.py
[2023-03-15T07:15:48.663+0000] {processor.py:743} INFO - Processing file /home/dev/airflow/dags/main.py for tasks to queue
[2023-03-15T07:15:48.663+0000] {logging_mixin.py:137} INFO - [2023-03-15T07:15:48.663+0000] {dagbag.py:538} INFO - Filling up the DagBag from /home/dev/airflow/dags/main.py
[2023-03-15T07:15:48.672+0000] {processor.py:753} INFO - DAG(s) dict_keys(['AUTOMATISATION']) retrieved from /home/dev/airflow/dags/main.py
[2023-03-15T07:15:48.757+0000] {logging_mixin.py:137} INFO - [2023-03-15T07:15:48.757+0000] {dag.py:2690} INFO - Sync 1 DAGs
[2023-03-15T07:15:48.776+0000] {logging_mixin.py:137} INFO - [2023-03-15T07:15:48.776+0000] {dag.py:3437} INFO - Setting next_dagrun for AUTOMATISATION to 2023-03-13T00:01:15+00:00, run_after=2023-03-13T00:01:18+00:00
[2023-03-15T07:15:48.794+0000] {processor.py:175} INFO - Processing /home/dev/airflow/dags/main.py took 0.135 seconds
[2023-03-15T07:16:18.928+0000] {processor.py:153} INFO - Started process (PID=121061) to work on /home/dev/airflow/dags/main.py
[2023-03-15T07:16:18.929+0000] {processor.py:743} INFO - Processing file /home/dev/airflow/dags/main.py for tasks to queue
[2023-03-15T07:16:18.930+0000] {logging_mixin.py:137} INFO - [2023-03-15T07:16:18.930+0000] {dagbag.py:538} INFO - Filling up the DagBag from /home/dev/airflow/dags/main.py
[2023-03-15T07:16:18.946+0000] {processor.py:753} INFO - DAG(s) dict_keys(['AUTOMATISATION']) retrieved from /home/dev/airflow/dags/main.py
[2023-03-15T07:16:18.968+0000] {logging_mixin.py:137} INFO - [2023-03-15T07:16:18.968+0000] {dag.py:2690} INFO - Sync 1 DAGs
[2023-03-15T07:16:18.996+0000] {logging_mixin.py:137} INFO - [2023-03-15T07:16:18.996+0000] {dag.py:3437} INFO - Setting next_dagrun for AUTOMATISATION to 2023-03-13T00:01:21+00:00, run_after=2023-03-13T00:01:24+00:00
[2023-03-15T07:16:19.021+0000] {processor.py:175} INFO - Processing /home/dev/airflow/dags/main.py took 0.096 seconds
[2023-03-15T07:16:49.427+0000] {processor.py:153} INFO - Started process (PID=121274) to work on /home/dev/airflow/dags/main.py
[2023-03-15T07:16:49.430+0000] {processor.py:743} INFO - Processing file /home/dev/airflow/dags/main.py for tasks to queue
[2023-03-15T07:16:49.431+0000] {logging_mixin.py:137} INFO - [2023-03-15T07:16:49.431+0000] {dagbag.py:538} INFO - Filling up the DagBag from /home/dev/airflow/dags/main.py
[2023-03-15T07:16:49.446+0000] {processor.py:753} INFO - DAG(s) dict_keys(['AUTOMATISATION']) retrieved from /home/dev/airflow/dags/main.py
[2023-03-15T07:16:49.468+0000] {logging_mixin.py:137} INFO - [2023-03-15T07:16:49.468+0000] {dag.py:2690} INFO - Sync 1 DAGs
[2023-03-15T07:16:49.489+0000] {logging_mixin.py:137} INFO - [2023-03-15T07:16:49.489+0000] {dag.py:3437} INFO - Setting next_dagrun for AUTOMATISATION to 2023-03-13T00:01:24+00:00, run_after=2023-03-13T00:01:27+00:00
[2023-03-15T07:16:49.514+0000] {processor.py:175} INFO - Processing /home/dev/airflow/dags/main.py took 0.090 seconds
[2023-03-15T07:17:20.493+0000] {processor.py:153} INFO - Started process (PID=121553) to work on /home/dev/airflow/dags/main.py
[2023-03-15T07:17:20.495+0000] {processor.py:743} INFO - Processing file /home/dev/airflow/dags/main.py for tasks to queue
[2023-03-15T07:17:20.496+0000] {logging_mixin.py:137} INFO - [2023-03-15T07:17:20.496+0000] {dagbag.py:538} INFO - Filling up the DagBag from /home/dev/airflow/dags/main.py
[2023-03-15T07:17:20.510+0000] {processor.py:753} INFO - DAG(s) dict_keys(['AUTOMATISATION']) retrieved from /home/dev/airflow/dags/main.py
[2023-03-15T07:17:20.534+0000] {logging_mixin.py:137} INFO - [2023-03-15T07:17:20.533+0000] {dag.py:2690} INFO - Sync 1 DAGs
[2023-03-15T07:17:20.662+0000] {logging_mixin.py:137} INFO - [2023-03-15T07:17:20.662+0000] {dag.py:3437} INFO - Setting next_dagrun for AUTOMATISATION to 2023-03-13T00:01:30+00:00, run_after=2023-03-13T00:01:33+00:00
[2023-03-15T07:17:20.688+0000] {processor.py:175} INFO - Processing /home/dev/airflow/dags/main.py took 0.198 seconds
[2023-03-15T07:17:51.461+0000] {processor.py:153} INFO - Started process (PID=121788) to work on /home/dev/airflow/dags/main.py
[2023-03-15T07:17:51.463+0000] {processor.py:743} INFO - Processing file /home/dev/airflow/dags/main.py for tasks to queue
[2023-03-15T07:17:51.463+0000] {logging_mixin.py:137} INFO - [2023-03-15T07:17:51.463+0000] {dagbag.py:538} INFO - Filling up the DagBag from /home/dev/airflow/dags/main.py
[2023-03-15T07:17:51.472+0000] {processor.py:753} INFO - DAG(s) dict_keys(['AUTOMATISATION']) retrieved from /home/dev/airflow/dags/main.py
[2023-03-15T07:17:51.484+0000] {logging_mixin.py:137} INFO - [2023-03-15T07:17:51.484+0000] {dag.py:2690} INFO - Sync 1 DAGs
[2023-03-15T07:17:51.573+0000] {logging_mixin.py:137} INFO - [2023-03-15T07:17:51.573+0000] {dag.py:3437} INFO - Setting next_dagrun for AUTOMATISATION to 2023-03-13T00:01:36+00:00, run_after=2023-03-13T00:01:39+00:00
[2023-03-15T07:17:51.590+0000] {processor.py:175} INFO - Processing /home/dev/airflow/dags/main.py took 0.130 seconds
[2023-03-15T07:18:22.439+0000] {processor.py:153} INFO - Started process (PID=122075) to work on /home/dev/airflow/dags/main.py
[2023-03-15T07:18:22.441+0000] {processor.py:743} INFO - Processing file /home/dev/airflow/dags/main.py for tasks to queue
[2023-03-15T07:18:22.442+0000] {logging_mixin.py:137} INFO - [2023-03-15T07:18:22.442+0000] {dagbag.py:538} INFO - Filling up the DagBag from /home/dev/airflow/dags/main.py
[2023-03-15T07:18:22.562+0000] {processor.py:753} INFO - DAG(s) dict_keys(['AUTOMATISATION']) retrieved from /home/dev/airflow/dags/main.py
[2023-03-15T07:18:22.581+0000] {logging_mixin.py:137} INFO - [2023-03-15T07:18:22.580+0000] {dag.py:2690} INFO - Sync 1 DAGs
[2023-03-15T07:18:22.606+0000] {logging_mixin.py:137} INFO - [2023-03-15T07:18:22.606+0000] {dag.py:3437} INFO - Setting next_dagrun for AUTOMATISATION to 2023-03-13T00:01:42+00:00, run_after=2023-03-13T00:01:45+00:00
[2023-03-15T07:18:22.633+0000] {processor.py:175} INFO - Processing /home/dev/airflow/dags/main.py took 0.198 seconds
[2023-03-15T07:18:53.615+0000] {processor.py:153} INFO - Started process (PID=122351) to work on /home/dev/airflow/dags/main.py
[2023-03-15T07:18:53.616+0000] {processor.py:743} INFO - Processing file /home/dev/airflow/dags/main.py for tasks to queue
[2023-03-15T07:18:53.617+0000] {logging_mixin.py:137} INFO - [2023-03-15T07:18:53.617+0000] {dagbag.py:538} INFO - Filling up the DagBag from /home/dev/airflow/dags/main.py
[2023-03-15T07:18:53.630+0000] {processor.py:753} INFO - DAG(s) dict_keys(['AUTOMATISATION']) retrieved from /home/dev/airflow/dags/main.py
[2023-03-15T07:18:53.656+0000] {logging_mixin.py:137} INFO - [2023-03-15T07:18:53.656+0000] {dag.py:2690} INFO - Sync 1 DAGs
[2023-03-15T07:18:53.679+0000] {logging_mixin.py:137} INFO - [2023-03-15T07:18:53.678+0000] {dag.py:3437} INFO - Setting next_dagrun for AUTOMATISATION to 2023-03-13T00:01:45+00:00, run_after=2023-03-13T00:01:48+00:00
[2023-03-15T07:18:53.707+0000] {processor.py:175} INFO - Processing /home/dev/airflow/dags/main.py took 0.094 seconds
[2023-03-15T07:19:24.287+0000] {processor.py:153} INFO - Started process (PID=122567) to work on /home/dev/airflow/dags/main.py
[2023-03-15T07:19:24.289+0000] {processor.py:743} INFO - Processing file /home/dev/airflow/dags/main.py for tasks to queue
[2023-03-15T07:19:24.290+0000] {logging_mixin.py:137} INFO - [2023-03-15T07:19:24.290+0000] {dagbag.py:538} INFO - Filling up the DagBag from /home/dev/airflow/dags/main.py
[2023-03-15T07:19:24.304+0000] {processor.py:753} INFO - DAG(s) dict_keys(['AUTOMATISATION']) retrieved from /home/dev/airflow/dags/main.py
[2023-03-15T07:19:24.326+0000] {logging_mixin.py:137} INFO - [2023-03-15T07:19:24.325+0000] {dag.py:2690} INFO - Sync 1 DAGs
[2023-03-15T07:19:24.450+0000] {logging_mixin.py:137} INFO - [2023-03-15T07:19:24.450+0000] {dag.py:3437} INFO - Setting next_dagrun for AUTOMATISATION to 2023-03-13T00:01:48+00:00, run_after=2023-03-13T00:01:51+00:00
[2023-03-15T07:19:24.472+0000] {processor.py:175} INFO - Processing /home/dev/airflow/dags/main.py took 0.187 seconds
[2023-03-15T07:19:54.574+0000] {processor.py:153} INFO - Started process (PID=122905) to work on /home/dev/airflow/dags/main.py
[2023-03-15T07:19:54.575+0000] {processor.py:743} INFO - Processing file /home/dev/airflow/dags/main.py for tasks to queue
[2023-03-15T07:19:54.575+0000] {logging_mixin.py:137} INFO - [2023-03-15T07:19:54.575+0000] {dagbag.py:538} INFO - Filling up the DagBag from /home/dev/airflow/dags/main.py
[2023-03-15T07:19:54.593+0000] {processor.py:753} INFO - DAG(s) dict_keys(['AUTOMATISATION']) retrieved from /home/dev/airflow/dags/main.py
[2023-03-15T07:19:54.615+0000] {logging_mixin.py:137} INFO - [2023-03-15T07:19:54.615+0000] {dag.py:2690} INFO - Sync 1 DAGs
[2023-03-15T07:19:54.775+0000] {logging_mixin.py:137} INFO - [2023-03-15T07:19:54.775+0000] {dag.py:3437} INFO - Setting next_dagrun for AUTOMATISATION to 2023-03-13T00:01:54+00:00, run_after=2023-03-13T00:01:57+00:00
[2023-03-15T07:19:54.794+0000] {processor.py:175} INFO - Processing /home/dev/airflow/dags/main.py took 0.223 seconds
[2023-03-15T07:20:25.446+0000] {processor.py:153} INFO - Started process (PID=123287) to work on /home/dev/airflow/dags/main.py
[2023-03-15T07:20:25.448+0000] {processor.py:743} INFO - Processing file /home/dev/airflow/dags/main.py for tasks to queue
[2023-03-15T07:20:25.448+0000] {logging_mixin.py:137} INFO - [2023-03-15T07:20:25.448+0000] {dagbag.py:538} INFO - Filling up the DagBag from /home/dev/airflow/dags/main.py
[2023-03-15T07:20:25.568+0000] {processor.py:753} INFO - DAG(s) dict_keys(['AUTOMATISATION']) retrieved from /home/dev/airflow/dags/main.py
[2023-03-15T07:20:25.587+0000] {logging_mixin.py:137} INFO - [2023-03-15T07:20:25.587+0000] {dag.py:2690} INFO - Sync 1 DAGs
[2023-03-15T07:20:25.606+0000] {logging_mixin.py:137} INFO - [2023-03-15T07:20:25.606+0000] {dag.py:3437} INFO - Setting next_dagrun for AUTOMATISATION to 2023-03-13T00:01:57+00:00, run_after=2023-03-13T00:02:00+00:00
[2023-03-15T07:20:25.626+0000] {processor.py:175} INFO - Processing /home/dev/airflow/dags/main.py took 0.184 seconds
[2023-03-15T07:20:56.609+0000] {processor.py:153} INFO - Started process (PID=123672) to work on /home/dev/airflow/dags/main.py
[2023-03-15T07:20:56.611+0000] {processor.py:743} INFO - Processing file /home/dev/airflow/dags/main.py for tasks to queue
[2023-03-15T07:20:56.611+0000] {logging_mixin.py:137} INFO - [2023-03-15T07:20:56.611+0000] {dagbag.py:538} INFO - Filling up the DagBag from /home/dev/airflow/dags/main.py
[2023-03-15T07:20:56.621+0000] {processor.py:753} INFO - DAG(s) dict_keys(['AUTOMATISATION']) retrieved from /home/dev/airflow/dags/main.py
[2023-03-15T07:20:56.633+0000] {logging_mixin.py:137} INFO - [2023-03-15T07:20:56.633+0000] {dag.py:2690} INFO - Sync 1 DAGs
[2023-03-15T07:20:56.648+0000] {logging_mixin.py:137} INFO - [2023-03-15T07:20:56.648+0000] {dag.py:3437} INFO - Setting next_dagrun for AUTOMATISATION to 2023-03-13T00:02:03+00:00, run_after=2023-03-13T00:02:06+00:00
[2023-03-15T07:20:56.664+0000] {processor.py:175} INFO - Processing /home/dev/airflow/dags/main.py took 0.056 seconds
[2023-03-15T07:21:26.814+0000] {processor.py:153} INFO - Started process (PID=124051) to work on /home/dev/airflow/dags/main.py
[2023-03-15T07:21:26.815+0000] {processor.py:743} INFO - Processing file /home/dev/airflow/dags/main.py for tasks to queue
[2023-03-15T07:21:26.816+0000] {logging_mixin.py:137} INFO - [2023-03-15T07:21:26.815+0000] {dagbag.py:538} INFO - Filling up the DagBag from /home/dev/airflow/dags/main.py
[2023-03-15T07:21:26.831+0000] {processor.py:753} INFO - DAG(s) dict_keys(['AUTOMATISATION']) retrieved from /home/dev/airflow/dags/main.py
[2023-03-15T07:21:26.854+0000] {logging_mixin.py:137} INFO - [2023-03-15T07:21:26.854+0000] {dag.py:2690} INFO - Sync 1 DAGs
[2023-03-15T07:21:26.981+0000] {logging_mixin.py:137} INFO - [2023-03-15T07:21:26.981+0000] {dag.py:3437} INFO - Setting next_dagrun for AUTOMATISATION to 2023-03-13T00:02:06+00:00, run_after=2023-03-13T00:02:09+00:00
[2023-03-15T07:21:27.003+0000] {processor.py:175} INFO - Processing /home/dev/airflow/dags/main.py took 0.193 seconds
[2023-03-15T07:21:57.062+0000] {processor.py:153} INFO - Started process (PID=124436) to work on /home/dev/airflow/dags/main.py
[2023-03-15T07:21:57.063+0000] {processor.py:743} INFO - Processing file /home/dev/airflow/dags/main.py for tasks to queue
[2023-03-15T07:21:57.064+0000] {logging_mixin.py:137} INFO - [2023-03-15T07:21:57.063+0000] {dagbag.py:538} INFO - Filling up the DagBag from /home/dev/airflow/dags/main.py
[2023-03-15T07:21:57.081+0000] {processor.py:753} INFO - DAG(s) dict_keys(['AUTOMATISATION']) retrieved from /home/dev/airflow/dags/main.py
[2023-03-15T07:21:57.213+0000] {logging_mixin.py:137} INFO - [2023-03-15T07:21:57.212+0000] {dag.py:2690} INFO - Sync 1 DAGs
[2023-03-15T07:21:57.248+0000] {logging_mixin.py:137} INFO - [2023-03-15T07:21:57.248+0000] {dag.py:3437} INFO - Setting next_dagrun for AUTOMATISATION to 2023-03-13T00:02:09+00:00, run_after=2023-03-13T00:02:12+00:00
[2023-03-15T07:21:57.293+0000] {processor.py:175} INFO - Processing /home/dev/airflow/dags/main.py took 0.235 seconds
[2023-03-15T07:22:27.420+0000] {processor.py:153} INFO - Started process (PID=124775) to work on /home/dev/airflow/dags/main.py
[2023-03-15T07:22:27.422+0000] {processor.py:743} INFO - Processing file /home/dev/airflow/dags/main.py for tasks to queue
[2023-03-15T07:22:27.423+0000] {logging_mixin.py:137} INFO - [2023-03-15T07:22:27.423+0000] {dagbag.py:538} INFO - Filling up the DagBag from /home/dev/airflow/dags/main.py
[2023-03-15T07:22:28.168+0000] {processor.py:753} INFO - DAG(s) dict_keys(['AUTOMATISATION']) retrieved from /home/dev/airflow/dags/main.py
[2023-03-15T07:22:28.189+0000] {logging_mixin.py:137} INFO - [2023-03-15T07:22:28.189+0000] {dag.py:2690} INFO - Sync 1 DAGs
[2023-03-15T07:22:28.216+0000] {logging_mixin.py:137} INFO - [2023-03-15T07:22:28.215+0000] {dag.py:3437} INFO - Setting next_dagrun for AUTOMATISATION to 2023-03-13T00:02:12+00:00, run_after=2023-03-13T00:02:15+00:00
[2023-03-15T07:22:28.243+0000] {processor.py:175} INFO - Processing /home/dev/airflow/dags/main.py took 0.827 seconds
[2023-03-15T07:22:59.099+0000] {processor.py:153} INFO - Started process (PID=125172) to work on /home/dev/airflow/dags/main.py
[2023-03-15T07:22:59.101+0000] {processor.py:743} INFO - Processing file /home/dev/airflow/dags/main.py for tasks to queue
[2023-03-15T07:22:59.101+0000] {logging_mixin.py:137} INFO - [2023-03-15T07:22:59.101+0000] {dagbag.py:538} INFO - Filling up the DagBag from /home/dev/airflow/dags/main.py
[2023-03-15T07:22:59.140+0000] {processor.py:753} INFO - DAG(s) dict_keys(['AUTOMATISATION']) retrieved from /home/dev/airflow/dags/main.py
[2023-03-15T07:22:59.184+0000] {logging_mixin.py:137} INFO - [2023-03-15T07:22:59.184+0000] {dag.py:2690} INFO - Sync 1 DAGs
[2023-03-15T07:22:59.258+0000] {logging_mixin.py:137} INFO - [2023-03-15T07:22:59.258+0000] {dag.py:3437} INFO - Setting next_dagrun for AUTOMATISATION to 2023-03-13T00:02:15+00:00, run_after=2023-03-13T00:02:18+00:00
[2023-03-15T07:22:59.307+0000] {processor.py:175} INFO - Processing /home/dev/airflow/dags/main.py took 0.212 seconds
[2023-03-15T07:23:29.810+0000] {processor.py:153} INFO - Started process (PID=125513) to work on /home/dev/airflow/dags/main.py
[2023-03-15T07:23:29.813+0000] {processor.py:743} INFO - Processing file /home/dev/airflow/dags/main.py for tasks to queue
[2023-03-15T07:23:29.814+0000] {logging_mixin.py:137} INFO - [2023-03-15T07:23:29.813+0000] {dagbag.py:538} INFO - Filling up the DagBag from /home/dev/airflow/dags/main.py
[2023-03-15T07:23:29.829+0000] {processor.py:753} INFO - DAG(s) dict_keys(['AUTOMATISATION']) retrieved from /home/dev/airflow/dags/main.py
[2023-03-15T07:23:29.847+0000] {logging_mixin.py:137} INFO - [2023-03-15T07:23:29.847+0000] {dag.py:2690} INFO - Sync 1 DAGs
[2023-03-15T07:23:29.978+0000] {logging_mixin.py:137} INFO - [2023-03-15T07:23:29.978+0000] {dag.py:3437} INFO - Setting next_dagrun for AUTOMATISATION to 2023-03-13T00:02:18+00:00, run_after=2023-03-13T00:02:21+00:00
[2023-03-15T07:23:30.003+0000] {processor.py:175} INFO - Processing /home/dev/airflow/dags/main.py took 0.195 seconds
[2023-03-15T07:24:00.264+0000] {processor.py:153} INFO - Started process (PID=125852) to work on /home/dev/airflow/dags/main.py
[2023-03-15T07:24:00.265+0000] {processor.py:743} INFO - Processing file /home/dev/airflow/dags/main.py for tasks to queue
[2023-03-15T07:24:00.266+0000] {logging_mixin.py:137} INFO - [2023-03-15T07:24:00.266+0000] {dagbag.py:538} INFO - Filling up the DagBag from /home/dev/airflow/dags/main.py
[2023-03-15T07:24:00.279+0000] {processor.py:753} INFO - DAG(s) dict_keys(['AUTOMATISATION']) retrieved from /home/dev/airflow/dags/main.py
[2023-03-15T07:24:00.298+0000] {logging_mixin.py:137} INFO - [2023-03-15T07:24:00.298+0000] {dag.py:2690} INFO - Sync 1 DAGs
[2023-03-15T07:24:00.416+0000] {logging_mixin.py:137} INFO - [2023-03-15T07:24:00.416+0000] {dag.py:3437} INFO - Setting next_dagrun for AUTOMATISATION to 2023-03-13T00:02:21+00:00, run_after=2023-03-13T00:02:24+00:00
[2023-03-15T07:24:00.441+0000] {processor.py:175} INFO - Processing /home/dev/airflow/dags/main.py took 0.180 seconds
[2023-03-15T07:24:30.769+0000] {processor.py:153} INFO - Started process (PID=126158) to work on /home/dev/airflow/dags/main.py
[2023-03-15T07:24:30.770+0000] {processor.py:743} INFO - Processing file /home/dev/airflow/dags/main.py for tasks to queue
[2023-03-15T07:24:30.770+0000] {logging_mixin.py:137} INFO - [2023-03-15T07:24:30.770+0000] {dagbag.py:538} INFO - Filling up the DagBag from /home/dev/airflow/dags/main.py
[2023-03-15T07:24:30.786+0000] {processor.py:753} INFO - DAG(s) dict_keys(['AUTOMATISATION']) retrieved from /home/dev/airflow/dags/main.py
[2023-03-15T07:24:30.927+0000] {logging_mixin.py:137} INFO - [2023-03-15T07:24:30.927+0000] {dag.py:2690} INFO - Sync 1 DAGs
[2023-03-15T07:24:30.951+0000] {logging_mixin.py:137} INFO - [2023-03-15T07:24:30.950+0000] {dag.py:3437} INFO - Setting next_dagrun for AUTOMATISATION to 2023-03-13T00:02:24+00:00, run_after=2023-03-13T00:02:27+00:00
[2023-03-15T07:24:30.978+0000] {processor.py:175} INFO - Processing /home/dev/airflow/dags/main.py took 0.212 seconds
[2023-03-15T07:25:01.522+0000] {processor.py:153} INFO - Started process (PID=126426) to work on /home/dev/airflow/dags/main.py
[2023-03-15T07:25:01.523+0000] {processor.py:743} INFO - Processing file /home/dev/airflow/dags/main.py for tasks to queue
[2023-03-15T07:25:01.524+0000] {logging_mixin.py:137} INFO - [2023-03-15T07:25:01.524+0000] {dagbag.py:538} INFO - Filling up the DagBag from /home/dev/airflow/dags/main.py
[2023-03-15T07:25:01.644+0000] {processor.py:753} INFO - DAG(s) dict_keys(['AUTOMATISATION']) retrieved from /home/dev/airflow/dags/main.py
[2023-03-15T07:25:01.664+0000] {logging_mixin.py:137} INFO - [2023-03-15T07:25:01.663+0000] {dag.py:2690} INFO - Sync 1 DAGs
[2023-03-15T07:25:01.689+0000] {logging_mixin.py:137} INFO - [2023-03-15T07:25:01.689+0000] {dag.py:3437} INFO - Setting next_dagrun for AUTOMATISATION to 2023-03-13T00:02:27+00:00, run_after=2023-03-13T00:02:30+00:00
[2023-03-15T07:25:01.717+0000] {processor.py:175} INFO - Processing /home/dev/airflow/dags/main.py took 0.202 seconds
[2023-03-15T07:25:32.553+0000] {processor.py:153} INFO - Started process (PID=126804) to work on /home/dev/airflow/dags/main.py
[2023-03-15T07:25:32.566+0000] {processor.py:743} INFO - Processing file /home/dev/airflow/dags/main.py for tasks to queue
[2023-03-15T07:25:32.567+0000] {logging_mixin.py:137} INFO - [2023-03-15T07:25:32.567+0000] {dagbag.py:538} INFO - Filling up the DagBag from /home/dev/airflow/dags/main.py
[2023-03-15T07:25:32.603+0000] {processor.py:753} INFO - DAG(s) dict_keys(['AUTOMATISATION']) retrieved from /home/dev/airflow/dags/main.py
[2023-03-15T07:25:32.626+0000] {logging_mixin.py:137} INFO - [2023-03-15T07:25:32.626+0000] {dag.py:2690} INFO - Sync 1 DAGs
[2023-03-15T07:25:32.656+0000] {logging_mixin.py:137} INFO - [2023-03-15T07:25:32.656+0000] {dag.py:3437} INFO - Setting next_dagrun for AUTOMATISATION to 2023-03-13T00:02:30+00:00, run_after=2023-03-13T00:02:33+00:00
[2023-03-15T07:25:32.688+0000] {processor.py:175} INFO - Processing /home/dev/airflow/dags/main.py took 0.139 seconds
[2023-03-15T07:26:03.609+0000] {processor.py:153} INFO - Started process (PID=127112) to work on /home/dev/airflow/dags/main.py
[2023-03-15T07:26:03.631+0000] {processor.py:743} INFO - Processing file /home/dev/airflow/dags/main.py for tasks to queue
[2023-03-15T07:26:03.632+0000] {logging_mixin.py:137} INFO - [2023-03-15T07:26:03.632+0000] {dagbag.py:538} INFO - Filling up the DagBag from /home/dev/airflow/dags/main.py
[2023-03-15T07:26:03.831+0000] {processor.py:753} INFO - DAG(s) dict_keys(['AUTOMATISATION']) retrieved from /home/dev/airflow/dags/main.py
[2023-03-15T07:26:03.852+0000] {logging_mixin.py:137} INFO - [2023-03-15T07:26:03.852+0000] {dag.py:2690} INFO - Sync 1 DAGs
[2023-03-15T07:26:03.884+0000] {logging_mixin.py:137} INFO - [2023-03-15T07:26:03.884+0000] {dag.py:3437} INFO - Setting next_dagrun for AUTOMATISATION to 2023-03-13T00:02:33+00:00, run_after=2023-03-13T00:02:36+00:00
[2023-03-15T07:26:04.385+0000] {processor.py:175} INFO - Processing /home/dev/airflow/dags/main.py took 0.778 seconds
[2023-03-15T07:26:34.945+0000] {processor.py:153} INFO - Started process (PID=127574) to work on /home/dev/airflow/dags/main.py
[2023-03-15T07:26:34.947+0000] {processor.py:743} INFO - Processing file /home/dev/airflow/dags/main.py for tasks to queue
[2023-03-15T07:26:34.948+0000] {logging_mixin.py:137} INFO - [2023-03-15T07:26:34.948+0000] {dagbag.py:538} INFO - Filling up the DagBag from /home/dev/airflow/dags/main.py
[2023-03-15T07:26:34.964+0000] {processor.py:753} INFO - DAG(s) dict_keys(['AUTOMATISATION']) retrieved from /home/dev/airflow/dags/main.py
[2023-03-15T07:26:34.986+0000] {logging_mixin.py:137} INFO - [2023-03-15T07:26:34.986+0000] {dag.py:2690} INFO - Sync 1 DAGs
[2023-03-15T07:26:35.013+0000] {logging_mixin.py:137} INFO - [2023-03-15T07:26:35.012+0000] {dag.py:3437} INFO - Setting next_dagrun for AUTOMATISATION to 2023-03-13T00:02:36+00:00, run_after=2023-03-13T00:02:39+00:00
[2023-03-15T07:26:35.039+0000] {processor.py:175} INFO - Processing /home/dev/airflow/dags/main.py took 0.097 seconds
[2023-03-15T07:27:05.636+0000] {processor.py:153} INFO - Started process (PID=127917) to work on /home/dev/airflow/dags/main.py
[2023-03-15T07:27:05.638+0000] {processor.py:743} INFO - Processing file /home/dev/airflow/dags/main.py for tasks to queue
[2023-03-15T07:27:05.639+0000] {logging_mixin.py:137} INFO - [2023-03-15T07:27:05.639+0000] {dagbag.py:538} INFO - Filling up the DagBag from /home/dev/airflow/dags/main.py
[2023-03-15T07:27:05.654+0000] {processor.py:753} INFO - DAG(s) dict_keys(['AUTOMATISATION']) retrieved from /home/dev/airflow/dags/main.py
[2023-03-15T07:27:05.676+0000] {logging_mixin.py:137} INFO - [2023-03-15T07:27:05.675+0000] {dag.py:2690} INFO - Sync 1 DAGs
[2023-03-15T07:27:05.702+0000] {logging_mixin.py:137} INFO - [2023-03-15T07:27:05.702+0000] {dag.py:3437} INFO - Setting next_dagrun for AUTOMATISATION to 2023-03-13T00:02:39+00:00, run_after=2023-03-13T00:02:42+00:00
[2023-03-15T07:27:05.730+0000] {processor.py:175} INFO - Processing /home/dev/airflow/dags/main.py took 0.097 seconds
[2023-03-15T07:27:36.107+0000] {processor.py:153} INFO - Started process (PID=128316) to work on /home/dev/airflow/dags/main.py
[2023-03-15T07:27:36.109+0000] {processor.py:743} INFO - Processing file /home/dev/airflow/dags/main.py for tasks to queue
[2023-03-15T07:27:36.109+0000] {logging_mixin.py:137} INFO - [2023-03-15T07:27:36.109+0000] {dagbag.py:538} INFO - Filling up the DagBag from /home/dev/airflow/dags/main.py
[2023-03-15T07:27:36.120+0000] {processor.py:753} INFO - DAG(s) dict_keys(['AUTOMATISATION']) retrieved from /home/dev/airflow/dags/main.py
[2023-03-15T07:27:36.136+0000] {logging_mixin.py:137} INFO - [2023-03-15T07:27:36.136+0000] {dag.py:2690} INFO - Sync 1 DAGs
[2023-03-15T07:27:36.159+0000] {logging_mixin.py:137} INFO - [2023-03-15T07:27:36.159+0000] {dag.py:3437} INFO - Setting next_dagrun for AUTOMATISATION to 2023-03-13T00:02:42+00:00, run_after=2023-03-13T00:02:45+00:00
[2023-03-15T07:27:36.184+0000] {processor.py:175} INFO - Processing /home/dev/airflow/dags/main.py took 0.081 seconds
[2023-03-15T07:28:06.312+0000] {processor.py:153} INFO - Started process (PID=128741) to work on /home/dev/airflow/dags/main.py
[2023-03-15T07:28:06.315+0000] {processor.py:743} INFO - Processing file /home/dev/airflow/dags/main.py for tasks to queue
[2023-03-15T07:28:06.316+0000] {logging_mixin.py:137} INFO - [2023-03-15T07:28:06.316+0000] {dagbag.py:538} INFO - Filling up the DagBag from /home/dev/airflow/dags/main.py
[2023-03-15T07:28:06.333+0000] {processor.py:753} INFO - DAG(s) dict_keys(['AUTOMATISATION']) retrieved from /home/dev/airflow/dags/main.py
[2023-03-15T07:28:06.358+0000] {logging_mixin.py:137} INFO - [2023-03-15T07:28:06.357+0000] {dag.py:2690} INFO - Sync 1 DAGs
[2023-03-15T07:28:06.389+0000] {logging_mixin.py:137} INFO - [2023-03-15T07:28:06.389+0000] {dag.py:3437} INFO - Setting next_dagrun for AUTOMATISATION to 2023-03-13T00:02:48+00:00, run_after=2023-03-13T00:02:51+00:00
[2023-03-15T07:28:06.418+0000] {processor.py:175} INFO - Processing /home/dev/airflow/dags/main.py took 0.109 seconds
[2023-03-15T07:28:37.400+0000] {processor.py:153} INFO - Started process (PID=129090) to work on /home/dev/airflow/dags/main.py
[2023-03-15T07:28:37.402+0000] {processor.py:743} INFO - Processing file /home/dev/airflow/dags/main.py for tasks to queue
[2023-03-15T07:28:37.403+0000] {logging_mixin.py:137} INFO - [2023-03-15T07:28:37.403+0000] {dagbag.py:538} INFO - Filling up the DagBag from /home/dev/airflow/dags/main.py
[2023-03-15T07:28:37.419+0000] {processor.py:753} INFO - DAG(s) dict_keys(['AUTOMATISATION']) retrieved from /home/dev/airflow/dags/main.py
[2023-03-15T07:28:37.441+0000] {logging_mixin.py:137} INFO - [2023-03-15T07:28:37.441+0000] {dag.py:2690} INFO - Sync 1 DAGs
[2023-03-15T07:28:37.472+0000] {logging_mixin.py:137} INFO - [2023-03-15T07:28:37.472+0000] {dag.py:3437} INFO - Setting next_dagrun for AUTOMATISATION to 2023-03-13T00:02:51+00:00, run_after=2023-03-13T00:02:54+00:00
[2023-03-15T07:28:37.490+0000] {processor.py:175} INFO - Processing /home/dev/airflow/dags/main.py took 0.094 seconds
[2023-03-15T07:29:08.001+0000] {processor.py:153} INFO - Started process (PID=129429) to work on /home/dev/airflow/dags/main.py
[2023-03-15T07:29:08.009+0000] {processor.py:743} INFO - Processing file /home/dev/airflow/dags/main.py for tasks to queue
[2023-03-15T07:29:08.010+0000] {logging_mixin.py:137} INFO - [2023-03-15T07:29:08.010+0000] {dagbag.py:538} INFO - Filling up the DagBag from /home/dev/airflow/dags/main.py
[2023-03-15T07:29:08.034+0000] {processor.py:753} INFO - DAG(s) dict_keys(['AUTOMATISATION']) retrieved from /home/dev/airflow/dags/main.py
[2023-03-15T07:29:08.078+0000] {logging_mixin.py:137} INFO - [2023-03-15T07:29:08.077+0000] {dag.py:2690} INFO - Sync 1 DAGs
[2023-03-15T07:29:08.103+0000] {logging_mixin.py:137} INFO - [2023-03-15T07:29:08.103+0000] {dag.py:3437} INFO - Setting next_dagrun for AUTOMATISATION to 2023-03-13T00:02:54+00:00, run_after=2023-03-13T00:02:57+00:00
[2023-03-15T07:29:08.249+0000] {processor.py:175} INFO - Processing /home/dev/airflow/dags/main.py took 0.250 seconds
[2023-03-15T07:29:38.325+0000] {processor.py:153} INFO - Started process (PID=129861) to work on /home/dev/airflow/dags/main.py
[2023-03-15T07:29:38.326+0000] {processor.py:743} INFO - Processing file /home/dev/airflow/dags/main.py for tasks to queue
[2023-03-15T07:29:38.327+0000] {logging_mixin.py:137} INFO - [2023-03-15T07:29:38.327+0000] {dagbag.py:538} INFO - Filling up the DagBag from /home/dev/airflow/dags/main.py
[2023-03-15T07:29:38.353+0000] {processor.py:753} INFO - DAG(s) dict_keys(['AUTOMATISATION']) retrieved from /home/dev/airflow/dags/main.py
[2023-03-15T07:29:38.381+0000] {logging_mixin.py:137} INFO - [2023-03-15T07:29:38.381+0000] {dag.py:2690} INFO - Sync 1 DAGs
[2023-03-15T07:29:38.409+0000] {logging_mixin.py:137} INFO - [2023-03-15T07:29:38.409+0000] {dag.py:3437} INFO - Setting next_dagrun for AUTOMATISATION to 2023-03-13T00:03:00+00:00, run_after=2023-03-13T00:03:03+00:00
[2023-03-15T07:29:38.434+0000] {processor.py:175} INFO - Processing /home/dev/airflow/dags/main.py took 0.111 seconds
[2023-03-15T07:30:08.810+0000] {processor.py:153} INFO - Started process (PID=130212) to work on /home/dev/airflow/dags/main.py
[2023-03-15T07:30:08.812+0000] {processor.py:743} INFO - Processing file /home/dev/airflow/dags/main.py for tasks to queue
[2023-03-15T07:30:08.812+0000] {logging_mixin.py:137} INFO - [2023-03-15T07:30:08.812+0000] {dagbag.py:538} INFO - Filling up the DagBag from /home/dev/airflow/dags/main.py
[2023-03-15T07:30:08.829+0000] {processor.py:753} INFO - DAG(s) dict_keys(['AUTOMATISATION']) retrieved from /home/dev/airflow/dags/main.py
[2023-03-15T07:30:08.853+0000] {logging_mixin.py:137} INFO - [2023-03-15T07:30:08.852+0000] {dag.py:2690} INFO - Sync 1 DAGs
[2023-03-15T07:30:08.881+0000] {logging_mixin.py:137} INFO - [2023-03-15T07:30:08.881+0000] {dag.py:3437} INFO - Setting next_dagrun for AUTOMATISATION to 2023-03-13T00:03:03+00:00, run_after=2023-03-13T00:03:06+00:00
[2023-03-15T07:30:08.909+0000] {processor.py:175} INFO - Processing /home/dev/airflow/dags/main.py took 0.103 seconds
[2023-03-15T07:30:39.259+0000] {processor.py:153} INFO - Started process (PID=130681) to work on /home/dev/airflow/dags/main.py
[2023-03-15T07:30:39.260+0000] {processor.py:743} INFO - Processing file /home/dev/airflow/dags/main.py for tasks to queue
[2023-03-15T07:30:39.260+0000] {logging_mixin.py:137} INFO - [2023-03-15T07:30:39.260+0000] {dagbag.py:538} INFO - Filling up the DagBag from /home/dev/airflow/dags/main.py
[2023-03-15T07:30:39.271+0000] {processor.py:753} INFO - DAG(s) dict_keys(['AUTOMATISATION']) retrieved from /home/dev/airflow/dags/main.py
[2023-03-15T07:30:39.285+0000] {logging_mixin.py:137} INFO - [2023-03-15T07:30:39.285+0000] {dag.py:2690} INFO - Sync 1 DAGs
[2023-03-15T07:30:39.302+0000] {logging_mixin.py:137} INFO - [2023-03-15T07:30:39.302+0000] {dag.py:3437} INFO - Setting next_dagrun for AUTOMATISATION to 2023-03-13T00:03:09+00:00, run_after=2023-03-13T00:03:12+00:00
[2023-03-15T07:30:39.320+0000] {processor.py:175} INFO - Processing /home/dev/airflow/dags/main.py took 0.064 seconds
[2023-03-15T07:31:09.511+0000] {processor.py:153} INFO - Started process (PID=131024) to work on /home/dev/airflow/dags/main.py
[2023-03-15T07:31:09.513+0000] {processor.py:743} INFO - Processing file /home/dev/airflow/dags/main.py for tasks to queue
[2023-03-15T07:31:09.514+0000] {logging_mixin.py:137} INFO - [2023-03-15T07:31:09.514+0000] {dagbag.py:538} INFO - Filling up the DagBag from /home/dev/airflow/dags/main.py
[2023-03-15T07:31:09.530+0000] {processor.py:753} INFO - DAG(s) dict_keys(['AUTOMATISATION']) retrieved from /home/dev/airflow/dags/main.py
[2023-03-15T07:31:09.554+0000] {logging_mixin.py:137} INFO - [2023-03-15T07:31:09.554+0000] {dag.py:2690} INFO - Sync 1 DAGs
[2023-03-15T07:31:09.585+0000] {logging_mixin.py:137} INFO - [2023-03-15T07:31:09.584+0000] {dag.py:3437} INFO - Setting next_dagrun for AUTOMATISATION to 2023-03-13T00:03:12+00:00, run_after=2023-03-13T00:03:15+00:00
[2023-03-15T07:31:09.612+0000] {processor.py:175} INFO - Processing /home/dev/airflow/dags/main.py took 0.104 seconds
[2023-03-15T07:31:39.976+0000] {processor.py:153} INFO - Started process (PID=131335) to work on /home/dev/airflow/dags/main.py
[2023-03-15T07:31:39.977+0000] {processor.py:743} INFO - Processing file /home/dev/airflow/dags/main.py for tasks to queue
[2023-03-15T07:31:39.978+0000] {logging_mixin.py:137} INFO - [2023-03-15T07:31:39.978+0000] {dagbag.py:538} INFO - Filling up the DagBag from /home/dev/airflow/dags/main.py
[2023-03-15T07:31:39.990+0000] {processor.py:753} INFO - DAG(s) dict_keys(['AUTOMATISATION']) retrieved from /home/dev/airflow/dags/main.py
[2023-03-15T07:31:40.008+0000] {logging_mixin.py:137} INFO - [2023-03-15T07:31:40.008+0000] {dag.py:2690} INFO - Sync 1 DAGs
[2023-03-15T07:31:40.033+0000] {logging_mixin.py:137} INFO - [2023-03-15T07:31:40.033+0000] {dag.py:3437} INFO - Setting next_dagrun for AUTOMATISATION to 2023-03-13T00:03:18+00:00, run_after=2023-03-13T00:03:21+00:00
[2023-03-15T07:31:40.055+0000] {processor.py:175} INFO - Processing /home/dev/airflow/dags/main.py took 0.082 seconds
[2023-03-15T07:32:10.248+0000] {processor.py:153} INFO - Started process (PID=131543) to work on /home/dev/airflow/dags/main.py
[2023-03-15T07:32:10.250+0000] {processor.py:743} INFO - Processing file /home/dev/airflow/dags/main.py for tasks to queue
[2023-03-15T07:32:10.251+0000] {logging_mixin.py:137} INFO - [2023-03-15T07:32:10.250+0000] {dagbag.py:538} INFO - Filling up the DagBag from /home/dev/airflow/dags/main.py
[2023-03-15T07:32:10.263+0000] {processor.py:753} INFO - DAG(s) dict_keys(['AUTOMATISATION']) retrieved from /home/dev/airflow/dags/main.py
[2023-03-15T07:32:10.286+0000] {logging_mixin.py:137} INFO - [2023-03-15T07:32:10.286+0000] {dag.py:2690} INFO - Sync 1 DAGs
[2023-03-15T07:32:10.312+0000] {logging_mixin.py:137} INFO - [2023-03-15T07:32:10.312+0000] {dag.py:3437} INFO - Setting next_dagrun for AUTOMATISATION to 2023-03-13T00:03:21+00:00, run_after=2023-03-13T00:03:24+00:00
[2023-03-15T07:32:10.339+0000] {processor.py:175} INFO - Processing /home/dev/airflow/dags/main.py took 0.095 seconds
[2023-03-15T07:32:40.591+0000] {processor.py:153} INFO - Started process (PID=131860) to work on /home/dev/airflow/dags/main.py
[2023-03-15T07:32:40.592+0000] {processor.py:743} INFO - Processing file /home/dev/airflow/dags/main.py for tasks to queue
[2023-03-15T07:32:40.593+0000] {logging_mixin.py:137} INFO - [2023-03-15T07:32:40.593+0000] {dagbag.py:538} INFO - Filling up the DagBag from /home/dev/airflow/dags/main.py
[2023-03-15T07:32:40.607+0000] {processor.py:753} INFO - DAG(s) dict_keys(['AUTOMATISATION']) retrieved from /home/dev/airflow/dags/main.py
[2023-03-15T07:32:40.628+0000] {logging_mixin.py:137} INFO - [2023-03-15T07:32:40.627+0000] {dag.py:2690} INFO - Sync 1 DAGs
[2023-03-15T07:32:40.646+0000] {logging_mixin.py:137} INFO - [2023-03-15T07:32:40.646+0000] {dag.py:3437} INFO - Setting next_dagrun for AUTOMATISATION to 2023-03-13T00:03:27+00:00, run_after=2023-03-13T00:03:30+00:00
[2023-03-15T07:32:40.666+0000] {processor.py:175} INFO - Processing /home/dev/airflow/dags/main.py took 0.078 seconds
[2023-03-15T07:33:11.138+0000] {processor.py:153} INFO - Started process (PID=132088) to work on /home/dev/airflow/dags/main.py
[2023-03-15T07:33:11.140+0000] {processor.py:743} INFO - Processing file /home/dev/airflow/dags/main.py for tasks to queue
[2023-03-15T07:33:11.141+0000] {logging_mixin.py:137} INFO - [2023-03-15T07:33:11.141+0000] {dagbag.py:538} INFO - Filling up the DagBag from /home/dev/airflow/dags/main.py
[2023-03-15T07:33:11.158+0000] {processor.py:753} INFO - DAG(s) dict_keys(['AUTOMATISATION']) retrieved from /home/dev/airflow/dags/main.py
[2023-03-15T07:33:11.186+0000] {logging_mixin.py:137} INFO - [2023-03-15T07:33:11.185+0000] {dag.py:2690} INFO - Sync 1 DAGs
[2023-03-15T07:33:11.214+0000] {logging_mixin.py:137} INFO - [2023-03-15T07:33:11.214+0000] {dag.py:3437} INFO - Setting next_dagrun for AUTOMATISATION to 2023-03-13T00:03:30+00:00, run_after=2023-03-13T00:03:33+00:00
[2023-03-15T07:33:11.247+0000] {processor.py:175} INFO - Processing /home/dev/airflow/dags/main.py took 0.113 seconds
[2023-03-15T07:33:41.619+0000] {processor.py:153} INFO - Started process (PID=132406) to work on /home/dev/airflow/dags/main.py
[2023-03-15T07:33:41.621+0000] {processor.py:743} INFO - Processing file /home/dev/airflow/dags/main.py for tasks to queue
[2023-03-15T07:33:41.622+0000] {logging_mixin.py:137} INFO - [2023-03-15T07:33:41.622+0000] {dagbag.py:538} INFO - Filling up the DagBag from /home/dev/airflow/dags/main.py
[2023-03-15T07:33:41.638+0000] {processor.py:753} INFO - DAG(s) dict_keys(['AUTOMATISATION']) retrieved from /home/dev/airflow/dags/main.py
[2023-03-15T07:33:41.661+0000] {logging_mixin.py:137} INFO - [2023-03-15T07:33:41.661+0000] {dag.py:2690} INFO - Sync 1 DAGs
[2023-03-15T07:33:41.692+0000] {logging_mixin.py:137} INFO - [2023-03-15T07:33:41.692+0000] {dag.py:3437} INFO - Setting next_dagrun for AUTOMATISATION to 2023-03-13T00:03:36+00:00, run_after=2023-03-13T00:03:39+00:00
[2023-03-15T07:33:41.719+0000] {processor.py:175} INFO - Processing /home/dev/airflow/dags/main.py took 0.103 seconds
[2023-03-15T07:34:12.007+0000] {processor.py:153} INFO - Started process (PID=132618) to work on /home/dev/airflow/dags/main.py
[2023-03-15T07:34:12.008+0000] {processor.py:743} INFO - Processing file /home/dev/airflow/dags/main.py for tasks to queue
[2023-03-15T07:34:12.009+0000] {logging_mixin.py:137} INFO - [2023-03-15T07:34:12.008+0000] {dagbag.py:538} INFO - Filling up the DagBag from /home/dev/airflow/dags/main.py
[2023-03-15T07:34:12.022+0000] {processor.py:753} INFO - DAG(s) dict_keys(['AUTOMATISATION']) retrieved from /home/dev/airflow/dags/main.py
[2023-03-15T07:34:12.046+0000] {logging_mixin.py:137} INFO - [2023-03-15T07:34:12.045+0000] {dag.py:2690} INFO - Sync 1 DAGs
[2023-03-15T07:34:12.063+0000] {logging_mixin.py:137} INFO - [2023-03-15T07:34:12.063+0000] {dag.py:3437} INFO - Setting next_dagrun for AUTOMATISATION to 2023-03-13T00:03:39+00:00, run_after=2023-03-13T00:03:42+00:00
[2023-03-15T07:34:12.085+0000] {processor.py:175} INFO - Processing /home/dev/airflow/dags/main.py took 0.080 seconds
[2023-03-15T07:34:42.317+0000] {processor.py:153} INFO - Started process (PID=132926) to work on /home/dev/airflow/dags/main.py
[2023-03-15T07:34:42.319+0000] {processor.py:743} INFO - Processing file /home/dev/airflow/dags/main.py for tasks to queue
[2023-03-15T07:34:42.320+0000] {logging_mixin.py:137} INFO - [2023-03-15T07:34:42.320+0000] {dagbag.py:538} INFO - Filling up the DagBag from /home/dev/airflow/dags/main.py
[2023-03-15T07:34:42.337+0000] {processor.py:753} INFO - DAG(s) dict_keys(['AUTOMATISATION']) retrieved from /home/dev/airflow/dags/main.py
[2023-03-15T07:34:42.356+0000] {logging_mixin.py:137} INFO - [2023-03-15T07:34:42.356+0000] {dag.py:2690} INFO - Sync 1 DAGs
[2023-03-15T07:34:42.380+0000] {logging_mixin.py:137} INFO - [2023-03-15T07:34:42.380+0000] {dag.py:3437} INFO - Setting next_dagrun for AUTOMATISATION to 2023-03-13T00:03:45+00:00, run_after=2023-03-13T00:03:48+00:00
[2023-03-15T07:34:42.406+0000] {processor.py:175} INFO - Processing /home/dev/airflow/dags/main.py took 0.093 seconds
[2023-03-15T07:35:12.529+0000] {processor.py:153} INFO - Started process (PID=133139) to work on /home/dev/airflow/dags/main.py
[2023-03-15T07:35:12.530+0000] {processor.py:743} INFO - Processing file /home/dev/airflow/dags/main.py for tasks to queue
[2023-03-15T07:35:12.530+0000] {logging_mixin.py:137} INFO - [2023-03-15T07:35:12.530+0000] {dagbag.py:538} INFO - Filling up the DagBag from /home/dev/airflow/dags/main.py
[2023-03-15T07:35:12.547+0000] {processor.py:753} INFO - DAG(s) dict_keys(['AUTOMATISATION']) retrieved from /home/dev/airflow/dags/main.py
[2023-03-15T07:35:12.571+0000] {logging_mixin.py:137} INFO - [2023-03-15T07:35:12.571+0000] {dag.py:2690} INFO - Sync 1 DAGs
[2023-03-15T07:35:12.597+0000] {logging_mixin.py:137} INFO - [2023-03-15T07:35:12.597+0000] {dag.py:3437} INFO - Setting next_dagrun for AUTOMATISATION to 2023-03-13T00:03:48+00:00, run_after=2023-03-13T00:03:51+00:00
[2023-03-15T07:35:12.622+0000] {processor.py:175} INFO - Processing /home/dev/airflow/dags/main.py took 0.095 seconds
[2023-03-15T07:35:43.596+0000] {processor.py:153} INFO - Started process (PID=133525) to work on /home/dev/airflow/dags/main.py
[2023-03-15T07:35:43.598+0000] {processor.py:743} INFO - Processing file /home/dev/airflow/dags/main.py for tasks to queue
[2023-03-15T07:35:43.599+0000] {logging_mixin.py:137} INFO - [2023-03-15T07:35:43.598+0000] {dagbag.py:538} INFO - Filling up the DagBag from /home/dev/airflow/dags/main.py
[2023-03-15T07:35:43.612+0000] {processor.py:753} INFO - DAG(s) dict_keys(['AUTOMATISATION']) retrieved from /home/dev/airflow/dags/main.py
[2023-03-15T07:35:43.629+0000] {logging_mixin.py:137} INFO - [2023-03-15T07:35:43.628+0000] {dag.py:2690} INFO - Sync 1 DAGs
[2023-03-15T07:35:43.654+0000] {logging_mixin.py:137} INFO - [2023-03-15T07:35:43.654+0000] {dag.py:3437} INFO - Setting next_dagrun for AUTOMATISATION to 2023-03-13T00:03:54+00:00, run_after=2023-03-13T00:03:57+00:00
[2023-03-15T07:35:43.674+0000] {processor.py:175} INFO - Processing /home/dev/airflow/dags/main.py took 0.081 seconds
[2023-03-15T07:36:13.902+0000] {processor.py:153} INFO - Started process (PID=133796) to work on /home/dev/airflow/dags/main.py
[2023-03-15T07:36:13.904+0000] {processor.py:743} INFO - Processing file /home/dev/airflow/dags/main.py for tasks to queue
[2023-03-15T07:36:13.904+0000] {logging_mixin.py:137} INFO - [2023-03-15T07:36:13.904+0000] {dagbag.py:538} INFO - Filling up the DagBag from /home/dev/airflow/dags/main.py
[2023-03-15T07:36:13.915+0000] {processor.py:753} INFO - DAG(s) dict_keys(['AUTOMATISATION']) retrieved from /home/dev/airflow/dags/main.py
[2023-03-15T07:36:13.934+0000] {logging_mixin.py:137} INFO - [2023-03-15T07:36:13.934+0000] {dag.py:2690} INFO - Sync 1 DAGs
[2023-03-15T07:36:13.957+0000] {logging_mixin.py:137} INFO - [2023-03-15T07:36:13.957+0000] {dag.py:3437} INFO - Setting next_dagrun for AUTOMATISATION to 2023-03-13T00:03:57+00:00, run_after=2023-03-13T00:04:00+00:00
[2023-03-15T07:36:13.978+0000] {processor.py:175} INFO - Processing /home/dev/airflow/dags/main.py took 0.078 seconds
[2023-03-15T07:36:44.511+0000] {processor.py:153} INFO - Started process (PID=134052) to work on /home/dev/airflow/dags/main.py
[2023-03-15T07:36:44.513+0000] {processor.py:743} INFO - Processing file /home/dev/airflow/dags/main.py for tasks to queue
[2023-03-15T07:36:44.514+0000] {logging_mixin.py:137} INFO - [2023-03-15T07:36:44.514+0000] {dagbag.py:538} INFO - Filling up the DagBag from /home/dev/airflow/dags/main.py
[2023-03-15T07:36:44.531+0000] {processor.py:753} INFO - DAG(s) dict_keys(['AUTOMATISATION']) retrieved from /home/dev/airflow/dags/main.py
[2023-03-15T07:36:44.555+0000] {logging_mixin.py:137} INFO - [2023-03-15T07:36:44.555+0000] {dag.py:2690} INFO - Sync 1 DAGs
[2023-03-15T07:36:44.583+0000] {logging_mixin.py:137} INFO - [2023-03-15T07:36:44.583+0000] {dag.py:3437} INFO - Setting next_dagrun for AUTOMATISATION to 2023-03-13T00:04:03+00:00, run_after=2023-03-13T00:04:06+00:00
[2023-03-15T07:36:44.610+0000] {processor.py:175} INFO - Processing /home/dev/airflow/dags/main.py took 0.101 seconds
[2023-03-15T07:37:14.808+0000] {processor.py:153} INFO - Started process (PID=134323) to work on /home/dev/airflow/dags/main.py
[2023-03-15T07:37:14.810+0000] {processor.py:743} INFO - Processing file /home/dev/airflow/dags/main.py for tasks to queue
[2023-03-15T07:37:14.810+0000] {logging_mixin.py:137} INFO - [2023-03-15T07:37:14.810+0000] {dagbag.py:538} INFO - Filling up the DagBag from /home/dev/airflow/dags/main.py
[2023-03-15T07:37:14.820+0000] {processor.py:753} INFO - DAG(s) dict_keys(['AUTOMATISATION']) retrieved from /home/dev/airflow/dags/main.py
[2023-03-15T07:37:14.838+0000] {logging_mixin.py:137} INFO - [2023-03-15T07:37:14.838+0000] {dag.py:2690} INFO - Sync 1 DAGs
[2023-03-15T07:37:14.862+0000] {logging_mixin.py:137} INFO - [2023-03-15T07:37:14.862+0000] {dag.py:3437} INFO - Setting next_dagrun for AUTOMATISATION to 2023-03-13T00:04:09+00:00, run_after=2023-03-13T00:04:12+00:00
[2023-03-15T07:37:14.886+0000] {processor.py:175} INFO - Processing /home/dev/airflow/dags/main.py took 0.080 seconds
[2023-03-15T07:37:45.543+0000] {processor.py:153} INFO - Started process (PID=134606) to work on /home/dev/airflow/dags/main.py
[2023-03-15T07:37:45.545+0000] {processor.py:743} INFO - Processing file /home/dev/airflow/dags/main.py for tasks to queue
[2023-03-15T07:37:45.545+0000] {logging_mixin.py:137} INFO - [2023-03-15T07:37:45.545+0000] {dagbag.py:538} INFO - Filling up the DagBag from /home/dev/airflow/dags/main.py
[2023-03-15T07:37:45.559+0000] {processor.py:753} INFO - DAG(s) dict_keys(['AUTOMATISATION']) retrieved from /home/dev/airflow/dags/main.py
[2023-03-15T07:37:45.583+0000] {logging_mixin.py:137} INFO - [2023-03-15T07:37:45.583+0000] {dag.py:2690} INFO - Sync 1 DAGs
[2023-03-15T07:37:45.613+0000] {logging_mixin.py:137} INFO - [2023-03-15T07:37:45.613+0000] {dag.py:3437} INFO - Setting next_dagrun for AUTOMATISATION to 2023-03-13T00:04:15+00:00, run_after=2023-03-13T00:04:18+00:00
[2023-03-15T07:37:45.637+0000] {processor.py:175} INFO - Processing /home/dev/airflow/dags/main.py took 0.097 seconds
[2023-03-15T07:38:15.761+0000] {processor.py:153} INFO - Started process (PID=134909) to work on /home/dev/airflow/dags/main.py
[2023-03-15T07:38:15.762+0000] {processor.py:743} INFO - Processing file /home/dev/airflow/dags/main.py for tasks to queue
[2023-03-15T07:38:15.763+0000] {logging_mixin.py:137} INFO - [2023-03-15T07:38:15.763+0000] {dagbag.py:538} INFO - Filling up the DagBag from /home/dev/airflow/dags/main.py
[2023-03-15T07:38:15.788+0000] {processor.py:753} INFO - DAG(s) dict_keys(['AUTOMATISATION']) retrieved from /home/dev/airflow/dags/main.py
[2023-03-15T07:38:15.810+0000] {logging_mixin.py:137} INFO - [2023-03-15T07:38:15.810+0000] {dag.py:2690} INFO - Sync 1 DAGs
[2023-03-15T07:38:15.827+0000] {logging_mixin.py:137} INFO - [2023-03-15T07:38:15.826+0000] {dag.py:3437} INFO - Setting next_dagrun for AUTOMATISATION to 2023-03-13T00:04:18+00:00, run_after=2023-03-13T00:04:21+00:00
[2023-03-15T07:38:15.843+0000] {processor.py:175} INFO - Processing /home/dev/airflow/dags/main.py took 0.086 seconds
[2023-03-15T07:38:46.118+0000] {processor.py:153} INFO - Started process (PID=135146) to work on /home/dev/airflow/dags/main.py
[2023-03-15T07:38:46.120+0000] {processor.py:743} INFO - Processing file /home/dev/airflow/dags/main.py for tasks to queue
[2023-03-15T07:38:46.121+0000] {logging_mixin.py:137} INFO - [2023-03-15T07:38:46.121+0000] {dagbag.py:538} INFO - Filling up the DagBag from /home/dev/airflow/dags/main.py
[2023-03-15T07:38:46.137+0000] {processor.py:753} INFO - DAG(s) dict_keys(['AUTOMATISATION']) retrieved from /home/dev/airflow/dags/main.py
[2023-03-15T07:38:46.154+0000] {logging_mixin.py:137} INFO - [2023-03-15T07:38:46.154+0000] {dag.py:2690} INFO - Sync 1 DAGs
[2023-03-15T07:38:46.174+0000] {logging_mixin.py:137} INFO - [2023-03-15T07:38:46.174+0000] {dag.py:3437} INFO - Setting next_dagrun for AUTOMATISATION to 2023-03-13T00:04:21+00:00, run_after=2023-03-13T00:04:24+00:00
[2023-03-15T07:38:46.194+0000] {processor.py:175} INFO - Processing /home/dev/airflow/dags/main.py took 0.079 seconds
[2023-03-15T07:39:17.177+0000] {processor.py:153} INFO - Started process (PID=135549) to work on /home/dev/airflow/dags/main.py
[2023-03-15T07:39:17.179+0000] {processor.py:743} INFO - Processing file /home/dev/airflow/dags/main.py for tasks to queue
[2023-03-15T07:39:17.179+0000] {logging_mixin.py:137} INFO - [2023-03-15T07:39:17.179+0000] {dagbag.py:538} INFO - Filling up the DagBag from /home/dev/airflow/dags/main.py
[2023-03-15T07:39:17.190+0000] {processor.py:753} INFO - DAG(s) dict_keys(['AUTOMATISATION']) retrieved from /home/dev/airflow/dags/main.py
[2023-03-15T07:39:17.205+0000] {logging_mixin.py:137} INFO - [2023-03-15T07:39:17.205+0000] {dag.py:2690} INFO - Sync 1 DAGs
[2023-03-15T07:39:17.221+0000] {logging_mixin.py:137} INFO - [2023-03-15T07:39:17.221+0000] {dag.py:3437} INFO - Setting next_dagrun for AUTOMATISATION to 2023-03-13T00:04:27+00:00, run_after=2023-03-13T00:04:30+00:00
[2023-03-15T07:39:17.242+0000] {processor.py:175} INFO - Processing /home/dev/airflow/dags/main.py took 0.068 seconds
[2023-03-15T07:39:47.373+0000] {processor.py:153} INFO - Started process (PID=135755) to work on /home/dev/airflow/dags/main.py
[2023-03-15T07:39:47.375+0000] {processor.py:743} INFO - Processing file /home/dev/airflow/dags/main.py for tasks to queue
[2023-03-15T07:39:47.376+0000] {logging_mixin.py:137} INFO - [2023-03-15T07:39:47.376+0000] {dagbag.py:538} INFO - Filling up the DagBag from /home/dev/airflow/dags/main.py
[2023-03-15T07:39:47.392+0000] {processor.py:753} INFO - DAG(s) dict_keys(['AUTOMATISATION']) retrieved from /home/dev/airflow/dags/main.py
[2023-03-15T07:39:47.416+0000] {logging_mixin.py:137} INFO - [2023-03-15T07:39:47.415+0000] {dag.py:2690} INFO - Sync 1 DAGs
[2023-03-15T07:39:47.450+0000] {logging_mixin.py:137} INFO - [2023-03-15T07:39:47.450+0000] {dag.py:3437} INFO - Setting next_dagrun for AUTOMATISATION to 2023-03-13T00:04:30+00:00, run_after=2023-03-13T00:04:33+00:00
[2023-03-15T07:39:47.479+0000] {processor.py:175} INFO - Processing /home/dev/airflow/dags/main.py took 0.109 seconds
[2023-03-15T07:40:18.458+0000] {processor.py:153} INFO - Started process (PID=136123) to work on /home/dev/airflow/dags/main.py
[2023-03-15T07:40:18.459+0000] {processor.py:743} INFO - Processing file /home/dev/airflow/dags/main.py for tasks to queue
[2023-03-15T07:40:18.460+0000] {logging_mixin.py:137} INFO - [2023-03-15T07:40:18.460+0000] {dagbag.py:538} INFO - Filling up the DagBag from /home/dev/airflow/dags/main.py
[2023-03-15T07:40:18.476+0000] {processor.py:753} INFO - DAG(s) dict_keys(['AUTOMATISATION']) retrieved from /home/dev/airflow/dags/main.py
[2023-03-15T07:40:18.498+0000] {logging_mixin.py:137} INFO - [2023-03-15T07:40:18.498+0000] {dag.py:2690} INFO - Sync 1 DAGs
[2023-03-15T07:40:18.523+0000] {logging_mixin.py:137} INFO - [2023-03-15T07:40:18.522+0000] {dag.py:3437} INFO - Setting next_dagrun for AUTOMATISATION to 2023-03-13T00:04:36+00:00, run_after=2023-03-13T00:04:39+00:00
[2023-03-15T07:40:18.548+0000] {processor.py:175} INFO - Processing /home/dev/airflow/dags/main.py took 0.093 seconds
[2023-03-15T07:40:48.863+0000] {processor.py:153} INFO - Started process (PID=136340) to work on /home/dev/airflow/dags/main.py
[2023-03-15T07:40:48.864+0000] {processor.py:743} INFO - Processing file /home/dev/airflow/dags/main.py for tasks to queue
[2023-03-15T07:40:48.865+0000] {logging_mixin.py:137} INFO - [2023-03-15T07:40:48.865+0000] {dagbag.py:538} INFO - Filling up the DagBag from /home/dev/airflow/dags/main.py
[2023-03-15T07:40:48.880+0000] {processor.py:753} INFO - DAG(s) dict_keys(['AUTOMATISATION']) retrieved from /home/dev/airflow/dags/main.py
[2023-03-15T07:40:48.901+0000] {logging_mixin.py:137} INFO - [2023-03-15T07:40:48.900+0000] {dag.py:2690} INFO - Sync 1 DAGs
[2023-03-15T07:40:48.924+0000] {logging_mixin.py:137} INFO - [2023-03-15T07:40:48.924+0000] {dag.py:3437} INFO - Setting next_dagrun for AUTOMATISATION to 2023-03-13T00:04:39+00:00, run_after=2023-03-13T00:04:42+00:00
[2023-03-15T07:40:48.949+0000] {processor.py:175} INFO - Processing /home/dev/airflow/dags/main.py took 0.088 seconds
[2023-03-15T07:41:19.449+0000] {processor.py:153} INFO - Started process (PID=136643) to work on /home/dev/airflow/dags/main.py
[2023-03-15T07:41:19.451+0000] {processor.py:743} INFO - Processing file /home/dev/airflow/dags/main.py for tasks to queue
[2023-03-15T07:41:19.452+0000] {logging_mixin.py:137} INFO - [2023-03-15T07:41:19.451+0000] {dagbag.py:538} INFO - Filling up the DagBag from /home/dev/airflow/dags/main.py
[2023-03-15T07:41:19.467+0000] {processor.py:753} INFO - DAG(s) dict_keys(['AUTOMATISATION']) retrieved from /home/dev/airflow/dags/main.py
[2023-03-15T07:41:19.490+0000] {logging_mixin.py:137} INFO - [2023-03-15T07:41:19.489+0000] {dag.py:2690} INFO - Sync 1 DAGs
[2023-03-15T07:41:19.516+0000] {logging_mixin.py:137} INFO - [2023-03-15T07:41:19.516+0000] {dag.py:3437} INFO - Setting next_dagrun for AUTOMATISATION to 2023-03-13T00:04:45+00:00, run_after=2023-03-13T00:04:48+00:00
[2023-03-15T07:41:19.543+0000] {processor.py:175} INFO - Processing /home/dev/airflow/dags/main.py took 0.097 seconds
[2023-03-15T07:41:49.816+0000] {processor.py:153} INFO - Started process (PID=136894) to work on /home/dev/airflow/dags/main.py
[2023-03-15T07:41:49.817+0000] {processor.py:743} INFO - Processing file /home/dev/airflow/dags/main.py for tasks to queue
[2023-03-15T07:41:49.817+0000] {logging_mixin.py:137} INFO - [2023-03-15T07:41:49.817+0000] {dagbag.py:538} INFO - Filling up the DagBag from /home/dev/airflow/dags/main.py
[2023-03-15T07:41:49.826+0000] {processor.py:753} INFO - DAG(s) dict_keys(['AUTOMATISATION']) retrieved from /home/dev/airflow/dags/main.py
[2023-03-15T07:41:49.838+0000] {logging_mixin.py:137} INFO - [2023-03-15T07:41:49.838+0000] {dag.py:2690} INFO - Sync 1 DAGs
[2023-03-15T07:41:49.853+0000] {logging_mixin.py:137} INFO - [2023-03-15T07:41:49.853+0000] {dag.py:3437} INFO - Setting next_dagrun for AUTOMATISATION to 2023-03-13T00:04:51+00:00, run_after=2023-03-13T00:04:54+00:00
[2023-03-15T07:41:49.870+0000] {processor.py:175} INFO - Processing /home/dev/airflow/dags/main.py took 0.056 seconds
[2023-03-15T07:42:20.125+0000] {processor.py:153} INFO - Started process (PID=137185) to work on /home/dev/airflow/dags/main.py
[2023-03-15T07:42:20.128+0000] {processor.py:743} INFO - Processing file /home/dev/airflow/dags/main.py for tasks to queue
[2023-03-15T07:42:20.129+0000] {logging_mixin.py:137} INFO - [2023-03-15T07:42:20.128+0000] {dagbag.py:538} INFO - Filling up the DagBag from /home/dev/airflow/dags/main.py
[2023-03-15T07:42:20.140+0000] {processor.py:753} INFO - DAG(s) dict_keys(['AUTOMATISATION']) retrieved from /home/dev/airflow/dags/main.py
[2023-03-15T07:42:20.157+0000] {logging_mixin.py:137} INFO - [2023-03-15T07:42:20.157+0000] {dag.py:2690} INFO - Sync 1 DAGs
[2023-03-15T07:42:20.178+0000] {logging_mixin.py:137} INFO - [2023-03-15T07:42:20.177+0000] {dag.py:3437} INFO - Setting next_dagrun for AUTOMATISATION to 2023-03-13T00:04:57+00:00, run_after=2023-03-13T00:05:00+00:00
[2023-03-15T07:42:20.200+0000] {processor.py:175} INFO - Processing /home/dev/airflow/dags/main.py took 0.077 seconds
[2023-03-15T07:42:50.235+0000] {processor.py:153} INFO - Started process (PID=137460) to work on /home/dev/airflow/dags/main.py
[2023-03-15T07:42:50.236+0000] {processor.py:743} INFO - Processing file /home/dev/airflow/dags/main.py for tasks to queue
[2023-03-15T07:42:50.237+0000] {logging_mixin.py:137} INFO - [2023-03-15T07:42:50.237+0000] {dagbag.py:538} INFO - Filling up the DagBag from /home/dev/airflow/dags/main.py
[2023-03-15T07:42:50.247+0000] {processor.py:753} INFO - DAG(s) dict_keys(['AUTOMATISATION']) retrieved from /home/dev/airflow/dags/main.py
[2023-03-15T07:42:50.263+0000] {logging_mixin.py:137} INFO - [2023-03-15T07:42:50.263+0000] {dag.py:2690} INFO - Sync 1 DAGs
[2023-03-15T07:42:50.284+0000] {logging_mixin.py:137} INFO - [2023-03-15T07:42:50.284+0000] {dag.py:3437} INFO - Setting next_dagrun for AUTOMATISATION to 2023-03-13T00:05:00+00:00, run_after=2023-03-13T00:05:03+00:00
[2023-03-15T07:42:50.303+0000] {processor.py:175} INFO - Processing /home/dev/airflow/dags/main.py took 0.070 seconds
[2023-03-15T07:43:20.612+0000] {processor.py:153} INFO - Started process (PID=137755) to work on /home/dev/airflow/dags/main.py
[2023-03-15T07:43:20.614+0000] {processor.py:743} INFO - Processing file /home/dev/airflow/dags/main.py for tasks to queue
[2023-03-15T07:43:20.615+0000] {logging_mixin.py:137} INFO - [2023-03-15T07:43:20.615+0000] {dagbag.py:538} INFO - Filling up the DagBag from /home/dev/airflow/dags/main.py
[2023-03-15T07:43:20.631+0000] {processor.py:753} INFO - DAG(s) dict_keys(['AUTOMATISATION']) retrieved from /home/dev/airflow/dags/main.py
[2023-03-15T07:43:20.654+0000] {logging_mixin.py:137} INFO - [2023-03-15T07:43:20.653+0000] {dag.py:2690} INFO - Sync 1 DAGs
[2023-03-15T07:43:20.685+0000] {logging_mixin.py:137} INFO - [2023-03-15T07:43:20.685+0000] {dag.py:3437} INFO - Setting next_dagrun for AUTOMATISATION to 2023-03-13T00:05:03+00:00, run_after=2023-03-13T00:05:06+00:00
[2023-03-15T07:43:20.722+0000] {processor.py:175} INFO - Processing /home/dev/airflow/dags/main.py took 0.113 seconds
[2023-03-15T07:43:51.391+0000] {processor.py:153} INFO - Started process (PID=138143) to work on /home/dev/airflow/dags/main.py
[2023-03-15T07:43:51.393+0000] {processor.py:743} INFO - Processing file /home/dev/airflow/dags/main.py for tasks to queue
[2023-03-15T07:43:51.393+0000] {logging_mixin.py:137} INFO - [2023-03-15T07:43:51.393+0000] {dagbag.py:538} INFO - Filling up the DagBag from /home/dev/airflow/dags/main.py
[2023-03-15T07:43:51.403+0000] {processor.py:753} INFO - DAG(s) dict_keys(['AUTOMATISATION']) retrieved from /home/dev/airflow/dags/main.py
[2023-03-15T07:43:51.416+0000] {logging_mixin.py:137} INFO - [2023-03-15T07:43:51.416+0000] {dag.py:2690} INFO - Sync 1 DAGs
[2023-03-15T07:43:51.437+0000] {logging_mixin.py:137} INFO - [2023-03-15T07:43:51.436+0000] {dag.py:3437} INFO - Setting next_dagrun for AUTOMATISATION to 2023-03-13T00:05:06+00:00, run_after=2023-03-13T00:05:09+00:00
[2023-03-15T07:43:51.454+0000] {processor.py:175} INFO - Processing /home/dev/airflow/dags/main.py took 0.065 seconds
[2023-03-15T07:44:22.466+0000] {processor.py:153} INFO - Started process (PID=138555) to work on /home/dev/airflow/dags/main.py
[2023-03-15T07:44:22.468+0000] {processor.py:743} INFO - Processing file /home/dev/airflow/dags/main.py for tasks to queue
[2023-03-15T07:44:22.469+0000] {logging_mixin.py:137} INFO - [2023-03-15T07:44:22.469+0000] {dagbag.py:538} INFO - Filling up the DagBag from /home/dev/airflow/dags/main.py
[2023-03-15T07:44:22.493+0000] {processor.py:753} INFO - DAG(s) dict_keys(['AUTOMATISATION']) retrieved from /home/dev/airflow/dags/main.py
[2023-03-15T07:44:22.526+0000] {logging_mixin.py:137} INFO - [2023-03-15T07:44:22.526+0000] {dag.py:2690} INFO - Sync 1 DAGs
[2023-03-15T07:44:22.560+0000] {logging_mixin.py:137} INFO - [2023-03-15T07:44:22.559+0000] {dag.py:3437} INFO - Setting next_dagrun for AUTOMATISATION to 2023-03-13T00:05:12+00:00, run_after=2023-03-13T00:05:15+00:00
[2023-03-15T07:44:22.608+0000] {processor.py:175} INFO - Processing /home/dev/airflow/dags/main.py took 0.155 seconds
[2023-03-15T07:44:53.365+0000] {processor.py:153} INFO - Started process (PID=138933) to work on /home/dev/airflow/dags/main.py
[2023-03-15T07:44:53.367+0000] {processor.py:743} INFO - Processing file /home/dev/airflow/dags/main.py for tasks to queue
[2023-03-15T07:44:53.368+0000] {logging_mixin.py:137} INFO - [2023-03-15T07:44:53.367+0000] {dagbag.py:538} INFO - Filling up the DagBag from /home/dev/airflow/dags/main.py
[2023-03-15T07:44:53.384+0000] {processor.py:753} INFO - DAG(s) dict_keys(['AUTOMATISATION']) retrieved from /home/dev/airflow/dags/main.py
[2023-03-15T07:44:53.406+0000] {logging_mixin.py:137} INFO - [2023-03-15T07:44:53.406+0000] {dag.py:2690} INFO - Sync 1 DAGs
[2023-03-15T07:44:53.433+0000] {logging_mixin.py:137} INFO - [2023-03-15T07:44:53.432+0000] {dag.py:3437} INFO - Setting next_dagrun for AUTOMATISATION to 2023-03-13T00:05:15+00:00, run_after=2023-03-13T00:05:18+00:00
[2023-03-15T07:44:53.461+0000] {processor.py:175} INFO - Processing /home/dev/airflow/dags/main.py took 0.099 seconds
[2023-03-15T07:45:23.989+0000] {processor.py:153} INFO - Started process (PID=139292) to work on /home/dev/airflow/dags/main.py
[2023-03-15T07:45:23.990+0000] {processor.py:743} INFO - Processing file /home/dev/airflow/dags/main.py for tasks to queue
[2023-03-15T07:45:23.991+0000] {logging_mixin.py:137} INFO - [2023-03-15T07:45:23.991+0000] {dagbag.py:538} INFO - Filling up the DagBag from /home/dev/airflow/dags/main.py
[2023-03-15T07:45:24.007+0000] {processor.py:753} INFO - DAG(s) dict_keys(['AUTOMATISATION']) retrieved from /home/dev/airflow/dags/main.py
[2023-03-15T07:45:24.038+0000] {logging_mixin.py:137} INFO - [2023-03-15T07:45:24.038+0000] {dag.py:2690} INFO - Sync 1 DAGs
[2023-03-15T07:45:24.068+0000] {logging_mixin.py:137} INFO - [2023-03-15T07:45:24.068+0000] {dag.py:3437} INFO - Setting next_dagrun for AUTOMATISATION to 2023-03-13T00:05:15+00:00, run_after=2023-03-13T00:05:18+00:00
[2023-03-15T07:45:24.116+0000] {processor.py:175} INFO - Processing /home/dev/airflow/dags/main.py took 0.130 seconds
[2023-03-15T07:45:54.932+0000] {processor.py:153} INFO - Started process (PID=139622) to work on /home/dev/airflow/dags/main.py
[2023-03-15T07:45:54.934+0000] {processor.py:743} INFO - Processing file /home/dev/airflow/dags/main.py for tasks to queue
[2023-03-15T07:45:54.935+0000] {logging_mixin.py:137} INFO - [2023-03-15T07:45:54.934+0000] {dagbag.py:538} INFO - Filling up the DagBag from /home/dev/airflow/dags/main.py
[2023-03-15T07:45:54.987+0000] {processor.py:753} INFO - DAG(s) dict_keys(['AUTOMATISATION']) retrieved from /home/dev/airflow/dags/main.py
[2023-03-15T07:45:55.038+0000] {logging_mixin.py:137} INFO - [2023-03-15T07:45:55.037+0000] {dag.py:2690} INFO - Sync 1 DAGs
[2023-03-15T07:45:55.110+0000] {logging_mixin.py:137} INFO - [2023-03-15T07:45:55.109+0000] {dag.py:3437} INFO - Setting next_dagrun for AUTOMATISATION to 2023-03-13T00:05:18+00:00, run_after=2023-03-13T00:05:21+00:00
[2023-03-15T07:45:55.154+0000] {processor.py:175} INFO - Processing /home/dev/airflow/dags/main.py took 0.225 seconds
[2023-03-15T07:46:26.063+0000] {processor.py:153} INFO - Started process (PID=139937) to work on /home/dev/airflow/dags/main.py
[2023-03-15T07:46:26.065+0000] {processor.py:743} INFO - Processing file /home/dev/airflow/dags/main.py for tasks to queue
[2023-03-15T07:46:26.066+0000] {logging_mixin.py:137} INFO - [2023-03-15T07:46:26.065+0000] {dagbag.py:538} INFO - Filling up the DagBag from /home/dev/airflow/dags/main.py
[2023-03-15T07:46:26.094+0000] {processor.py:753} INFO - DAG(s) dict_keys(['AUTOMATISATION']) retrieved from /home/dev/airflow/dags/main.py
[2023-03-15T07:46:26.123+0000] {logging_mixin.py:137} INFO - [2023-03-15T07:46:26.123+0000] {dag.py:2690} INFO - Sync 1 DAGs
[2023-03-15T07:46:26.155+0000] {logging_mixin.py:137} INFO - [2023-03-15T07:46:26.155+0000] {dag.py:3437} INFO - Setting next_dagrun for AUTOMATISATION to 2023-03-13T00:05:21+00:00, run_after=2023-03-13T00:05:24+00:00
[2023-03-15T07:46:26.202+0000] {processor.py:175} INFO - Processing /home/dev/airflow/dags/main.py took 0.149 seconds
[2023-03-15T07:46:56.321+0000] {processor.py:153} INFO - Started process (PID=140233) to work on /home/dev/airflow/dags/main.py
[2023-03-15T07:46:56.324+0000] {processor.py:743} INFO - Processing file /home/dev/airflow/dags/main.py for tasks to queue
[2023-03-15T07:46:56.328+0000] {logging_mixin.py:137} INFO - [2023-03-15T07:46:56.325+0000] {dagbag.py:538} INFO - Filling up the DagBag from /home/dev/airflow/dags/main.py
[2023-03-15T07:46:56.377+0000] {processor.py:753} INFO - DAG(s) dict_keys(['AUTOMATISATION']) retrieved from /home/dev/airflow/dags/main.py
[2023-03-15T07:46:56.431+0000] {logging_mixin.py:137} INFO - [2023-03-15T07:46:56.431+0000] {dag.py:2690} INFO - Sync 1 DAGs
[2023-03-15T07:46:56.484+0000] {logging_mixin.py:137} INFO - [2023-03-15T07:46:56.481+0000] {dag.py:3437} INFO - Setting next_dagrun for AUTOMATISATION to 2023-03-13T00:05:24+00:00, run_after=2023-03-13T00:05:27+00:00
[2023-03-15T07:46:56.518+0000] {processor.py:175} INFO - Processing /home/dev/airflow/dags/main.py took 0.202 seconds
[2023-03-15T07:47:26.636+0000] {processor.py:153} INFO - Started process (PID=140525) to work on /home/dev/airflow/dags/main.py
[2023-03-15T07:47:26.637+0000] {processor.py:743} INFO - Processing file /home/dev/airflow/dags/main.py for tasks to queue
[2023-03-15T07:47:26.640+0000] {logging_mixin.py:137} INFO - [2023-03-15T07:47:26.640+0000] {dagbag.py:538} INFO - Filling up the DagBag from /home/dev/airflow/dags/main.py
[2023-03-15T07:47:26.756+0000] {processor.py:753} INFO - DAG(s) dict_keys(['AUTOMATISATION']) retrieved from /home/dev/airflow/dags/main.py
[2023-03-15T07:47:26.871+0000] {logging_mixin.py:137} INFO - [2023-03-15T07:47:26.871+0000] {dag.py:2690} INFO - Sync 1 DAGs
[2023-03-15T07:47:26.961+0000] {logging_mixin.py:137} INFO - [2023-03-15T07:47:26.961+0000] {dag.py:3437} INFO - Setting next_dagrun for AUTOMATISATION to 2023-03-13T00:05:27+00:00, run_after=2023-03-13T00:05:30+00:00
[2023-03-15T07:47:27.004+0000] {processor.py:175} INFO - Processing /home/dev/airflow/dags/main.py took 0.390 seconds
[2023-03-15T07:47:57.060+0000] {processor.py:153} INFO - Started process (PID=140750) to work on /home/dev/airflow/dags/main.py
[2023-03-15T07:47:57.061+0000] {processor.py:743} INFO - Processing file /home/dev/airflow/dags/main.py for tasks to queue
[2023-03-15T07:47:57.061+0000] {logging_mixin.py:137} INFO - [2023-03-15T07:47:57.061+0000] {dagbag.py:538} INFO - Filling up the DagBag from /home/dev/airflow/dags/main.py
[2023-03-15T07:47:57.097+0000] {processor.py:753} INFO - DAG(s) dict_keys(['AUTOMATISATION']) retrieved from /home/dev/airflow/dags/main.py
[2023-03-15T07:47:57.119+0000] {logging_mixin.py:137} INFO - [2023-03-15T07:47:57.118+0000] {dag.py:2690} INFO - Sync 1 DAGs
[2023-03-15T07:47:57.158+0000] {logging_mixin.py:137} INFO - [2023-03-15T07:47:57.158+0000] {dag.py:3437} INFO - Setting next_dagrun for AUTOMATISATION to 2023-03-13T00:05:27+00:00, run_after=2023-03-13T00:05:30+00:00
[2023-03-15T07:47:57.183+0000] {processor.py:175} INFO - Processing /home/dev/airflow/dags/main.py took 0.126 seconds
[2023-03-15T07:48:27.461+0000] {processor.py:153} INFO - Started process (PID=141046) to work on /home/dev/airflow/dags/main.py
[2023-03-15T07:48:27.475+0000] {processor.py:743} INFO - Processing file /home/dev/airflow/dags/main.py for tasks to queue
[2023-03-15T07:48:27.476+0000] {logging_mixin.py:137} INFO - [2023-03-15T07:48:27.476+0000] {dagbag.py:538} INFO - Filling up the DagBag from /home/dev/airflow/dags/main.py
[2023-03-15T07:48:27.492+0000] {processor.py:753} INFO - DAG(s) dict_keys(['AUTOMATISATION']) retrieved from /home/dev/airflow/dags/main.py
[2023-03-15T07:48:27.518+0000] {logging_mixin.py:137} INFO - [2023-03-15T07:48:27.517+0000] {dag.py:2690} INFO - Sync 1 DAGs
[2023-03-15T07:48:27.557+0000] {logging_mixin.py:137} INFO - [2023-03-15T07:48:27.557+0000] {dag.py:3437} INFO - Setting next_dagrun for AUTOMATISATION to 2023-03-13T00:05:30+00:00, run_after=2023-03-13T00:05:33+00:00
[2023-03-15T07:48:27.584+0000] {processor.py:175} INFO - Processing /home/dev/airflow/dags/main.py took 0.128 seconds
[2023-03-15T07:48:58.573+0000] {processor.py:153} INFO - Started process (PID=141334) to work on /home/dev/airflow/dags/main.py
[2023-03-15T07:48:58.574+0000] {processor.py:743} INFO - Processing file /home/dev/airflow/dags/main.py for tasks to queue
[2023-03-15T07:48:58.575+0000] {logging_mixin.py:137} INFO - [2023-03-15T07:48:58.575+0000] {dagbag.py:538} INFO - Filling up the DagBag from /home/dev/airflow/dags/main.py
[2023-03-15T07:48:58.606+0000] {processor.py:753} INFO - DAG(s) dict_keys(['AUTOMATISATION']) retrieved from /home/dev/airflow/dags/main.py
[2023-03-15T07:48:58.631+0000] {logging_mixin.py:137} INFO - [2023-03-15T07:48:58.631+0000] {dag.py:2690} INFO - Sync 1 DAGs
[2023-03-15T07:48:58.662+0000] {logging_mixin.py:137} INFO - [2023-03-15T07:48:58.662+0000] {dag.py:3437} INFO - Setting next_dagrun for AUTOMATISATION to 2023-03-13T00:05:33+00:00, run_after=2023-03-13T00:05:36+00:00
[2023-03-15T07:48:58.708+0000] {processor.py:175} INFO - Processing /home/dev/airflow/dags/main.py took 0.138 seconds
[2023-03-15T07:49:29.069+0000] {processor.py:153} INFO - Started process (PID=141644) to work on /home/dev/airflow/dags/main.py
[2023-03-15T07:49:29.070+0000] {processor.py:743} INFO - Processing file /home/dev/airflow/dags/main.py for tasks to queue
[2023-03-15T07:49:29.071+0000] {logging_mixin.py:137} INFO - [2023-03-15T07:49:29.071+0000] {dagbag.py:538} INFO - Filling up the DagBag from /home/dev/airflow/dags/main.py
[2023-03-15T07:49:29.094+0000] {processor.py:753} INFO - DAG(s) dict_keys(['AUTOMATISATION']) retrieved from /home/dev/airflow/dags/main.py
[2023-03-15T07:49:29.132+0000] {logging_mixin.py:137} INFO - [2023-03-15T07:49:29.132+0000] {dag.py:2690} INFO - Sync 1 DAGs
[2023-03-15T07:49:29.179+0000] {logging_mixin.py:137} INFO - [2023-03-15T07:49:29.179+0000] {dag.py:3437} INFO - Setting next_dagrun for AUTOMATISATION to 2023-03-13T00:05:36+00:00, run_after=2023-03-13T00:05:39+00:00
[2023-03-15T07:49:29.228+0000] {processor.py:175} INFO - Processing /home/dev/airflow/dags/main.py took 0.164 seconds
[2023-03-15T07:49:59.538+0000] {processor.py:153} INFO - Started process (PID=141977) to work on /home/dev/airflow/dags/main.py
[2023-03-15T07:49:59.538+0000] {processor.py:743} INFO - Processing file /home/dev/airflow/dags/main.py for tasks to queue
[2023-03-15T07:49:59.539+0000] {logging_mixin.py:137} INFO - [2023-03-15T07:49:59.539+0000] {dagbag.py:538} INFO - Filling up the DagBag from /home/dev/airflow/dags/main.py
[2023-03-15T07:49:59.556+0000] {processor.py:753} INFO - DAG(s) dict_keys(['AUTOMATISATION']) retrieved from /home/dev/airflow/dags/main.py
[2023-03-15T07:49:59.579+0000] {logging_mixin.py:137} INFO - [2023-03-15T07:49:59.579+0000] {dag.py:2690} INFO - Sync 1 DAGs
[2023-03-15T07:49:59.608+0000] {logging_mixin.py:137} INFO - [2023-03-15T07:49:59.608+0000] {dag.py:3437} INFO - Setting next_dagrun for AUTOMATISATION to 2023-03-13T00:05:39+00:00, run_after=2023-03-13T00:05:42+00:00
[2023-03-15T07:49:59.637+0000] {processor.py:175} INFO - Processing /home/dev/airflow/dags/main.py took 0.103 seconds
[2023-03-15T07:50:30.064+0000] {processor.py:153} INFO - Started process (PID=142261) to work on /home/dev/airflow/dags/main.py
[2023-03-15T07:50:30.064+0000] {processor.py:743} INFO - Processing file /home/dev/airflow/dags/main.py for tasks to queue
[2023-03-15T07:50:30.065+0000] {logging_mixin.py:137} INFO - [2023-03-15T07:50:30.065+0000] {dagbag.py:538} INFO - Filling up the DagBag from /home/dev/airflow/dags/main.py
[2023-03-15T07:50:30.078+0000] {processor.py:753} INFO - DAG(s) dict_keys(['AUTOMATISATION']) retrieved from /home/dev/airflow/dags/main.py
[2023-03-15T07:50:30.103+0000] {logging_mixin.py:137} INFO - [2023-03-15T07:50:30.103+0000] {dag.py:2690} INFO - Sync 1 DAGs
[2023-03-15T07:50:30.124+0000] {logging_mixin.py:137} INFO - [2023-03-15T07:50:30.124+0000] {dag.py:3437} INFO - Setting next_dagrun for AUTOMATISATION to 2023-03-13T00:05:42+00:00, run_after=2023-03-13T00:05:45+00:00
[2023-03-15T07:50:30.145+0000] {processor.py:175} INFO - Processing /home/dev/airflow/dags/main.py took 0.084 seconds
[2023-03-15T07:51:00.682+0000] {processor.py:153} INFO - Started process (PID=142471) to work on /home/dev/airflow/dags/main.py
[2023-03-15T07:51:00.689+0000] {processor.py:743} INFO - Processing file /home/dev/airflow/dags/main.py for tasks to queue
[2023-03-15T07:51:00.690+0000] {logging_mixin.py:137} INFO - [2023-03-15T07:51:00.690+0000] {dagbag.py:538} INFO - Filling up the DagBag from /home/dev/airflow/dags/main.py
[2023-03-15T07:51:00.706+0000] {processor.py:753} INFO - DAG(s) dict_keys(['AUTOMATISATION']) retrieved from /home/dev/airflow/dags/main.py
[2023-03-15T07:51:00.739+0000] {logging_mixin.py:137} INFO - [2023-03-15T07:51:00.739+0000] {dag.py:2690} INFO - Sync 1 DAGs
[2023-03-15T07:51:00.768+0000] {logging_mixin.py:137} INFO - [2023-03-15T07:51:00.768+0000] {dag.py:3437} INFO - Setting next_dagrun for AUTOMATISATION to 2023-03-13T00:05:42+00:00, run_after=2023-03-13T00:05:45+00:00
[2023-03-15T07:51:00.798+0000] {processor.py:175} INFO - Processing /home/dev/airflow/dags/main.py took 0.119 seconds
[2023-03-15T07:51:30.852+0000] {processor.py:153} INFO - Started process (PID=142811) to work on /home/dev/airflow/dags/main.py
[2023-03-15T07:51:30.853+0000] {processor.py:743} INFO - Processing file /home/dev/airflow/dags/main.py for tasks to queue
[2023-03-15T07:51:30.854+0000] {logging_mixin.py:137} INFO - [2023-03-15T07:51:30.853+0000] {dagbag.py:538} INFO - Filling up the DagBag from /home/dev/airflow/dags/main.py
[2023-03-15T07:51:30.878+0000] {processor.py:753} INFO - DAG(s) dict_keys(['AUTOMATISATION']) retrieved from /home/dev/airflow/dags/main.py
[2023-03-15T07:51:30.931+0000] {logging_mixin.py:137} INFO - [2023-03-15T07:51:30.931+0000] {dag.py:2690} INFO - Sync 1 DAGs
[2023-03-15T07:51:30.981+0000] {logging_mixin.py:137} INFO - [2023-03-15T07:51:30.980+0000] {dag.py:3437} INFO - Setting next_dagrun for AUTOMATISATION to 2023-03-13T00:05:45+00:00, run_after=2023-03-13T00:05:48+00:00
[2023-03-15T07:51:31.024+0000] {processor.py:175} INFO - Processing /home/dev/airflow/dags/main.py took 0.175 seconds
[2023-03-15T07:52:01.174+0000] {processor.py:153} INFO - Started process (PID=143153) to work on /home/dev/airflow/dags/main.py
[2023-03-15T07:52:01.176+0000] {processor.py:743} INFO - Processing file /home/dev/airflow/dags/main.py for tasks to queue
[2023-03-15T07:52:01.176+0000] {logging_mixin.py:137} INFO - [2023-03-15T07:52:01.176+0000] {dagbag.py:538} INFO - Filling up the DagBag from /home/dev/airflow/dags/main.py
[2023-03-15T07:52:01.194+0000] {processor.py:753} INFO - DAG(s) dict_keys(['AUTOMATISATION']) retrieved from /home/dev/airflow/dags/main.py
[2023-03-15T07:52:01.220+0000] {logging_mixin.py:137} INFO - [2023-03-15T07:52:01.220+0000] {dag.py:2690} INFO - Sync 1 DAGs
[2023-03-15T07:52:01.256+0000] {logging_mixin.py:137} INFO - [2023-03-15T07:52:01.255+0000] {dag.py:3437} INFO - Setting next_dagrun for AUTOMATISATION to 2023-03-13T00:05:48+00:00, run_after=2023-03-13T00:05:51+00:00
[2023-03-15T07:52:01.289+0000] {processor.py:175} INFO - Processing /home/dev/airflow/dags/main.py took 0.117 seconds
[2023-03-15T07:52:31.749+0000] {processor.py:153} INFO - Started process (PID=143455) to work on /home/dev/airflow/dags/main.py
[2023-03-15T07:52:31.751+0000] {processor.py:743} INFO - Processing file /home/dev/airflow/dags/main.py for tasks to queue
[2023-03-15T07:52:31.752+0000] {logging_mixin.py:137} INFO - [2023-03-15T07:52:31.751+0000] {dagbag.py:538} INFO - Filling up the DagBag from /home/dev/airflow/dags/main.py
[2023-03-15T07:52:31.767+0000] {processor.py:753} INFO - DAG(s) dict_keys(['AUTOMATISATION']) retrieved from /home/dev/airflow/dags/main.py
[2023-03-15T07:52:31.788+0000] {logging_mixin.py:137} INFO - [2023-03-15T07:52:31.788+0000] {dag.py:2690} INFO - Sync 1 DAGs
[2023-03-15T07:52:31.813+0000] {logging_mixin.py:137} INFO - [2023-03-15T07:52:31.813+0000] {dag.py:3437} INFO - Setting next_dagrun for AUTOMATISATION to 2023-03-13T00:05:51+00:00, run_after=2023-03-13T00:05:54+00:00
[2023-03-15T07:52:31.847+0000] {processor.py:175} INFO - Processing /home/dev/airflow/dags/main.py took 0.102 seconds
[2023-03-15T07:53:02.559+0000] {processor.py:153} INFO - Started process (PID=143756) to work on /home/dev/airflow/dags/main.py
[2023-03-15T07:53:02.559+0000] {processor.py:743} INFO - Processing file /home/dev/airflow/dags/main.py for tasks to queue
[2023-03-15T07:53:02.560+0000] {logging_mixin.py:137} INFO - [2023-03-15T07:53:02.559+0000] {dagbag.py:538} INFO - Filling up the DagBag from /home/dev/airflow/dags/main.py
[2023-03-15T07:53:02.570+0000] {processor.py:753} INFO - DAG(s) dict_keys(['AUTOMATISATION']) retrieved from /home/dev/airflow/dags/main.py
[2023-03-15T07:53:02.590+0000] {logging_mixin.py:137} INFO - [2023-03-15T07:53:02.590+0000] {dag.py:2690} INFO - Sync 1 DAGs
[2023-03-15T07:53:02.615+0000] {logging_mixin.py:137} INFO - [2023-03-15T07:53:02.615+0000] {dag.py:3437} INFO - Setting next_dagrun for AUTOMATISATION to 2023-03-13T00:05:54+00:00, run_after=2023-03-13T00:05:57+00:00
[2023-03-15T07:53:02.637+0000] {processor.py:175} INFO - Processing /home/dev/airflow/dags/main.py took 0.080 seconds
[2023-03-15T07:53:33.491+0000] {processor.py:153} INFO - Started process (PID=144137) to work on /home/dev/airflow/dags/main.py
[2023-03-15T07:53:33.494+0000] {processor.py:743} INFO - Processing file /home/dev/airflow/dags/main.py for tasks to queue
[2023-03-15T07:53:33.496+0000] {logging_mixin.py:137} INFO - [2023-03-15T07:53:33.495+0000] {dagbag.py:538} INFO - Filling up the DagBag from /home/dev/airflow/dags/main.py
[2023-03-15T07:53:33.518+0000] {processor.py:753} INFO - DAG(s) dict_keys(['AUTOMATISATION']) retrieved from /home/dev/airflow/dags/main.py
[2023-03-15T07:53:33.551+0000] {logging_mixin.py:137} INFO - [2023-03-15T07:53:33.551+0000] {dag.py:2690} INFO - Sync 1 DAGs
[2023-03-15T07:53:33.600+0000] {logging_mixin.py:137} INFO - [2023-03-15T07:53:33.600+0000] {dag.py:3437} INFO - Setting next_dagrun for AUTOMATISATION to 2023-03-13T00:05:57+00:00, run_after=2023-03-13T00:06:00+00:00
[2023-03-15T07:53:33.689+0000] {processor.py:175} INFO - Processing /home/dev/airflow/dags/main.py took 0.205 seconds
[2023-03-15T07:54:04.065+0000] {processor.py:153} INFO - Started process (PID=144459) to work on /home/dev/airflow/dags/main.py
[2023-03-15T07:54:04.067+0000] {processor.py:743} INFO - Processing file /home/dev/airflow/dags/main.py for tasks to queue
[2023-03-15T07:54:04.068+0000] {logging_mixin.py:137} INFO - [2023-03-15T07:54:04.067+0000] {dagbag.py:538} INFO - Filling up the DagBag from /home/dev/airflow/dags/main.py
[2023-03-15T07:54:04.085+0000] {processor.py:753} INFO - DAG(s) dict_keys(['AUTOMATISATION']) retrieved from /home/dev/airflow/dags/main.py
[2023-03-15T07:54:04.109+0000] {logging_mixin.py:137} INFO - [2023-03-15T07:54:04.109+0000] {dag.py:2690} INFO - Sync 1 DAGs
[2023-03-15T07:54:04.142+0000] {logging_mixin.py:137} INFO - [2023-03-15T07:54:04.142+0000] {dag.py:3437} INFO - Setting next_dagrun for AUTOMATISATION to 2023-03-13T00:06:00+00:00, run_after=2023-03-13T00:06:03+00:00
[2023-03-15T07:54:04.173+0000] {processor.py:175} INFO - Processing /home/dev/airflow/dags/main.py took 0.111 seconds
