[2023-03-13T21:04:11.683+0000] {taskinstance.py:1083} INFO - Dependencies all met for <TaskInstance: AUTOMATISATION.demarre_ELK scheduled__2023-03-13T00:01:21+00:00 [queued]>
[2023-03-13T21:04:11.694+0000] {taskinstance.py:1083} INFO - Dependencies all met for <TaskInstance: AUTOMATISATION.demarre_ELK scheduled__2023-03-13T00:01:21+00:00 [queued]>
[2023-03-13T21:04:11.695+0000] {taskinstance.py:1279} INFO - 
--------------------------------------------------------------------------------
[2023-03-13T21:04:11.695+0000] {taskinstance.py:1280} INFO - Starting attempt 1 of 2
[2023-03-13T21:04:11.695+0000] {taskinstance.py:1281} INFO - 
--------------------------------------------------------------------------------
[2023-03-13T21:04:11.718+0000] {taskinstance.py:1300} INFO - Executing <Task(BashOperator): demarre_ELK> on 2023-03-13 00:01:21+00:00
[2023-03-13T21:04:11.722+0000] {standard_task_runner.py:55} INFO - Started process 53867 to run task
[2023-03-13T21:04:11.726+0000] {standard_task_runner.py:82} INFO - Running: ['airflow', 'tasks', 'run', 'AUTOMATISATION', 'demarre_ELK', 'scheduled__2023-03-13T00:01:21+00:00', '--job-id', '330', '--raw', '--subdir', 'DAGS_FOLDER/main.py', '--cfg-path', '/tmp/tmpfwr_yiqw']
[2023-03-13T21:04:11.727+0000] {standard_task_runner.py:83} INFO - Job 330: Subtask demarre_ELK
[2023-03-13T21:04:11.798+0000] {task_command.py:388} INFO - Running <TaskInstance: AUTOMATISATION.demarre_ELK scheduled__2023-03-13T00:01:21+00:00 [running]> on host dev
[2023-03-13T21:04:11.891+0000] {taskinstance.py:1507} INFO - Exporting the following env vars:
AIRFLOW_CTX_DAG_OWNER=airflow
AIRFLOW_CTX_DAG_ID=AUTOMATISATION
AIRFLOW_CTX_TASK_ID=demarre_ELK
AIRFLOW_CTX_EXECUTION_DATE=2023-03-13T00:01:21+00:00
AIRFLOW_CTX_TRY_NUMBER=1
AIRFLOW_CTX_DAG_RUN_ID=scheduled__2023-03-13T00:01:21+00:00
[2023-03-13T21:04:11.893+0000] {subprocess.py:63} INFO - Tmp dir root location: 
 /tmp
[2023-03-13T21:04:11.894+0000] {subprocess.py:75} INFO - Running command: ['/usr/bin/bash', '-c', 'docker-compose -f /home/dev/soute/ELK/docker-compose.yml up -d']
[2023-03-13T21:04:11.903+0000] {subprocess.py:86} INFO - Output:
[2023-03-13T21:04:12.742+0000] {subprocess.py:93} INFO - elasticsearch is up-to-date
[2023-03-13T21:04:12.743+0000] {subprocess.py:93} INFO - kibana is up-to-date
[2023-03-13T21:04:12.803+0000] {subprocess.py:97} INFO - Command exited with return code 0
[2023-03-13T21:04:12.832+0000] {taskinstance.py:1318} INFO - Marking task as SUCCESS. dag_id=AUTOMATISATION, task_id=demarre_ELK, execution_date=20230313T000121, start_date=20230313T210411, end_date=20230313T210412
[2023-03-13T21:04:12.860+0000] {local_task_job.py:208} INFO - Task exited with return code 0
[2023-03-13T21:04:12.892+0000] {taskinstance.py:2578} INFO - 1 downstream tasks scheduled from follow-on schedule check
[2023-03-14T09:50:01.090+0000] {taskinstance.py:1083} INFO - Dependencies all met for <TaskInstance: AUTOMATISATION.demarre_ELK scheduled__2023-03-13T00:01:21+00:00 [queued]>
[2023-03-14T09:50:01.102+0000] {taskinstance.py:1083} INFO - Dependencies all met for <TaskInstance: AUTOMATISATION.demarre_ELK scheduled__2023-03-13T00:01:21+00:00 [queued]>
[2023-03-14T09:50:01.103+0000] {taskinstance.py:1279} INFO - 
--------------------------------------------------------------------------------
[2023-03-14T09:50:01.103+0000] {taskinstance.py:1280} INFO - Starting attempt 1 of 2
[2023-03-14T09:50:01.103+0000] {taskinstance.py:1281} INFO - 
--------------------------------------------------------------------------------
[2023-03-14T09:50:01.124+0000] {taskinstance.py:1300} INFO - Executing <Task(BashOperator): demarre_ELK> on 2023-03-13 00:01:21+00:00
[2023-03-14T09:50:01.127+0000] {standard_task_runner.py:55} INFO - Started process 31013 to run task
[2023-03-14T09:50:01.132+0000] {standard_task_runner.py:82} INFO - Running: ['airflow', 'tasks', 'run', 'AUTOMATISATION', 'demarre_ELK', 'scheduled__2023-03-13T00:01:21+00:00', '--job-id', '574', '--raw', '--subdir', 'DAGS_FOLDER/main.py', '--cfg-path', '/tmp/tmpg998_znq']
[2023-03-14T09:50:01.133+0000] {standard_task_runner.py:83} INFO - Job 574: Subtask demarre_ELK
[2023-03-14T09:50:01.198+0000] {task_command.py:388} INFO - Running <TaskInstance: AUTOMATISATION.demarre_ELK scheduled__2023-03-13T00:01:21+00:00 [running]> on host dev
[2023-03-14T09:50:01.267+0000] {taskinstance.py:1507} INFO - Exporting the following env vars:
AIRFLOW_CTX_DAG_OWNER=airflow
AIRFLOW_CTX_DAG_ID=AUTOMATISATION
AIRFLOW_CTX_TASK_ID=demarre_ELK
AIRFLOW_CTX_EXECUTION_DATE=2023-03-13T00:01:21+00:00
AIRFLOW_CTX_TRY_NUMBER=1
AIRFLOW_CTX_DAG_RUN_ID=scheduled__2023-03-13T00:01:21+00:00
[2023-03-14T09:50:01.269+0000] {subprocess.py:63} INFO - Tmp dir root location: 
 /tmp
[2023-03-14T09:50:01.270+0000] {subprocess.py:75} INFO - Running command: ['/usr/bin/bash', '-c', 'docker-compose -f /home/dev/soute/ELK/docker-compose.yml up -d']
[2023-03-14T09:50:01.277+0000] {subprocess.py:86} INFO - Output:
[2023-03-14T09:50:02.225+0000] {subprocess.py:93} INFO - elasticsearch is up-to-date
[2023-03-14T09:50:02.226+0000] {subprocess.py:93} INFO - kibana is up-to-date
[2023-03-14T09:50:02.280+0000] {subprocess.py:97} INFO - Command exited with return code 0
[2023-03-14T09:50:02.372+0000] {taskinstance.py:1318} INFO - Marking task as SUCCESS. dag_id=AUTOMATISATION, task_id=demarre_ELK, execution_date=20230313T000121, start_date=20230314T095001, end_date=20230314T095002
[2023-03-14T09:50:02.467+0000] {local_task_job.py:208} INFO - Task exited with return code 0
[2023-03-14T09:50:02.493+0000] {taskinstance.py:2578} INFO - 1 downstream tasks scheduled from follow-on schedule check
[2023-03-15T07:16:32.667+0000] {taskinstance.py:1083} INFO - Dependencies all met for <TaskInstance: AUTOMATISATION.demarre_ELK scheduled__2023-03-13T00:01:21+00:00 [queued]>
[2023-03-15T07:16:32.671+0000] {taskinstance.py:1083} INFO - Dependencies all met for <TaskInstance: AUTOMATISATION.demarre_ELK scheduled__2023-03-13T00:01:21+00:00 [queued]>
[2023-03-15T07:16:32.671+0000] {taskinstance.py:1279} INFO - 
--------------------------------------------------------------------------------
[2023-03-15T07:16:32.671+0000] {taskinstance.py:1280} INFO - Starting attempt 1 of 2
[2023-03-15T07:16:32.671+0000] {taskinstance.py:1281} INFO - 
--------------------------------------------------------------------------------
[2023-03-15T07:16:32.681+0000] {taskinstance.py:1300} INFO - Executing <Task(BashOperator): demarre_ELK> on 2023-03-13 00:01:21+00:00
[2023-03-15T07:16:32.683+0000] {standard_task_runner.py:55} INFO - Started process 121149 to run task
[2023-03-15T07:16:32.685+0000] {standard_task_runner.py:82} INFO - Running: ['airflow', 'tasks', 'run', 'AUTOMATISATION', 'demarre_ELK', 'scheduled__2023-03-13T00:01:21+00:00', '--job-id', '701', '--raw', '--subdir', 'DAGS_FOLDER/main.py', '--cfg-path', '/tmp/tmp7tlx6kis']
[2023-03-15T07:16:32.685+0000] {standard_task_runner.py:83} INFO - Job 701: Subtask demarre_ELK
[2023-03-15T07:16:32.714+0000] {task_command.py:388} INFO - Running <TaskInstance: AUTOMATISATION.demarre_ELK scheduled__2023-03-13T00:01:21+00:00 [running]> on host dev
[2023-03-15T07:16:32.748+0000] {taskinstance.py:1507} INFO - Exporting the following env vars:
AIRFLOW_CTX_DAG_OWNER=airflow
AIRFLOW_CTX_DAG_ID=AUTOMATISATION
AIRFLOW_CTX_TASK_ID=demarre_ELK
AIRFLOW_CTX_EXECUTION_DATE=2023-03-13T00:01:21+00:00
AIRFLOW_CTX_TRY_NUMBER=1
AIRFLOW_CTX_DAG_RUN_ID=scheduled__2023-03-13T00:01:21+00:00
[2023-03-15T07:16:32.749+0000] {subprocess.py:63} INFO - Tmp dir root location: 
 /tmp
[2023-03-15T07:16:32.749+0000] {subprocess.py:75} INFO - Running command: ['/usr/bin/bash', '-c', 'docker-compose -f /home/dev/soute/ELK/docker-compose.yml up -d']
[2023-03-15T07:16:32.752+0000] {subprocess.py:86} INFO - Output:
[2023-03-15T07:16:33.047+0000] {subprocess.py:93} INFO - elasticsearch is up-to-date
[2023-03-15T07:16:33.047+0000] {subprocess.py:93} INFO - kibana is up-to-date
[2023-03-15T07:16:33.069+0000] {subprocess.py:97} INFO - Command exited with return code 0
[2023-03-15T07:16:33.084+0000] {taskinstance.py:1318} INFO - Marking task as SUCCESS. dag_id=AUTOMATISATION, task_id=demarre_ELK, execution_date=20230313T000121, start_date=20230315T071632, end_date=20230315T071633
[2023-03-15T07:16:33.097+0000] {local_task_job.py:208} INFO - Task exited with return code 0
[2023-03-15T07:16:33.107+0000] {taskinstance.py:2578} INFO - 1 downstream tasks scheduled from follow-on schedule check
