[2023-03-13T20:19:54.689+0000] {taskinstance.py:1083} INFO - Dependencies all met for <TaskInstance: AUTOMATISATION.demarre_ELK scheduled__2023-03-13T20:02:22.645643+00:00 [queued]>
[2023-03-13T20:19:54.700+0000] {taskinstance.py:1083} INFO - Dependencies all met for <TaskInstance: AUTOMATISATION.demarre_ELK scheduled__2023-03-13T20:02:22.645643+00:00 [queued]>
[2023-03-13T20:19:54.701+0000] {taskinstance.py:1279} INFO - 
--------------------------------------------------------------------------------
[2023-03-13T20:19:54.701+0000] {taskinstance.py:1280} INFO - Starting attempt 1 of 2
[2023-03-13T20:19:54.701+0000] {taskinstance.py:1281} INFO - 
--------------------------------------------------------------------------------
[2023-03-13T20:19:54.722+0000] {taskinstance.py:1300} INFO - Executing <Task(BashOperator): demarre_ELK> on 2023-03-13 20:02:22.645643+00:00
[2023-03-13T20:19:54.725+0000] {standard_task_runner.py:55} INFO - Started process 43663 to run task
[2023-03-13T20:19:54.729+0000] {standard_task_runner.py:82} INFO - Running: ['airflow', 'tasks', 'run', 'AUTOMATISATION', 'demarre_ELK', 'scheduled__2023-03-13T20:02:22.645643+00:00', '--job-id', '270', '--raw', '--subdir', 'DAGS_FOLDER/main.py', '--cfg-path', '/tmp/tmp8o2_jqr4']
[2023-03-13T20:19:54.731+0000] {standard_task_runner.py:83} INFO - Job 270: Subtask demarre_ELK
[2023-03-13T20:19:54.798+0000] {task_command.py:388} INFO - Running <TaskInstance: AUTOMATISATION.demarre_ELK scheduled__2023-03-13T20:02:22.645643+00:00 [running]> on host dev
[2023-03-13T20:19:54.872+0000] {taskinstance.py:1507} INFO - Exporting the following env vars:
AIRFLOW_CTX_DAG_OWNER=airflow
AIRFLOW_CTX_DAG_ID=AUTOMATISATION
AIRFLOW_CTX_TASK_ID=demarre_ELK
AIRFLOW_CTX_EXECUTION_DATE=2023-03-13T20:02:22.645643+00:00
AIRFLOW_CTX_TRY_NUMBER=1
AIRFLOW_CTX_DAG_RUN_ID=scheduled__2023-03-13T20:02:22.645643+00:00
[2023-03-13T20:19:54.874+0000] {subprocess.py:63} INFO - Tmp dir root location: 
 /tmp
[2023-03-13T20:19:54.875+0000] {subprocess.py:75} INFO - Running command: ['/usr/bin/bash', '-c', 'docker-compose -f /home/dev/soute/ELK/docker-compose.yml up -d']
[2023-03-13T20:19:54.882+0000] {subprocess.py:86} INFO - Output:
[2023-03-13T20:19:55.671+0000] {subprocess.py:93} INFO - elasticsearch is up-to-date
[2023-03-13T20:19:55.672+0000] {subprocess.py:93} INFO - kibana is up-to-date
[2023-03-13T20:19:55.727+0000] {subprocess.py:97} INFO - Command exited with return code 0
[2023-03-13T20:19:55.755+0000] {taskinstance.py:1318} INFO - Marking task as SUCCESS. dag_id=AUTOMATISATION, task_id=demarre_ELK, execution_date=20230313T200222, start_date=20230313T201954, end_date=20230313T201955
[2023-03-13T20:19:55.783+0000] {local_task_job.py:208} INFO - Task exited with return code 0
[2023-03-13T20:19:55.811+0000] {taskinstance.py:2578} INFO - 1 downstream tasks scheduled from follow-on schedule check
