[2023-03-13T22:15:28.450+0000] {taskinstance.py:1083} INFO - Dependencies all met for <TaskInstance: AUTOMATISATION.demarre_ELK scheduled__2023-03-13T00:03:03+00:00 [queued]>
[2023-03-13T22:15:28.462+0000] {taskinstance.py:1083} INFO - Dependencies all met for <TaskInstance: AUTOMATISATION.demarre_ELK scheduled__2023-03-13T00:03:03+00:00 [queued]>
[2023-03-13T22:15:28.462+0000] {taskinstance.py:1279} INFO - 
--------------------------------------------------------------------------------
[2023-03-13T22:15:28.463+0000] {taskinstance.py:1280} INFO - Starting attempt 1 of 2
[2023-03-13T22:15:28.463+0000] {taskinstance.py:1281} INFO - 
--------------------------------------------------------------------------------
[2023-03-13T22:15:28.493+0000] {taskinstance.py:1300} INFO - Executing <Task(BashOperator): demarre_ELK> on 2023-03-13 00:03:03+00:00
[2023-03-13T22:15:28.496+0000] {standard_task_runner.py:55} INFO - Started process 69982 to run task
[2023-03-13T22:15:28.500+0000] {standard_task_runner.py:82} INFO - Running: ['airflow', 'tasks', 'run', 'AUTOMATISATION', 'demarre_ELK', 'scheduled__2023-03-13T00:03:03+00:00', '--job-id', '398', '--raw', '--subdir', 'DAGS_FOLDER/main.py', '--cfg-path', '/tmp/tmpp3p3jztr']
[2023-03-13T22:15:28.502+0000] {standard_task_runner.py:83} INFO - Job 398: Subtask demarre_ELK
[2023-03-13T22:15:28.602+0000] {task_command.py:388} INFO - Running <TaskInstance: AUTOMATISATION.demarre_ELK scheduled__2023-03-13T00:03:03+00:00 [running]> on host dev
[2023-03-13T22:15:28.722+0000] {taskinstance.py:1507} INFO - Exporting the following env vars:
AIRFLOW_CTX_DAG_OWNER=airflow
AIRFLOW_CTX_DAG_ID=AUTOMATISATION
AIRFLOW_CTX_TASK_ID=demarre_ELK
AIRFLOW_CTX_EXECUTION_DATE=2023-03-13T00:03:03+00:00
AIRFLOW_CTX_TRY_NUMBER=1
AIRFLOW_CTX_DAG_RUN_ID=scheduled__2023-03-13T00:03:03+00:00
[2023-03-13T22:15:28.724+0000] {subprocess.py:63} INFO - Tmp dir root location: 
 /tmp
[2023-03-13T22:15:28.724+0000] {subprocess.py:75} INFO - Running command: ['/usr/bin/bash', '-c', 'docker-compose -f /home/dev/soute/ELK/docker-compose.yml up -d']
[2023-03-13T22:15:28.736+0000] {subprocess.py:86} INFO - Output:
[2023-03-13T22:15:29.558+0000] {subprocess.py:93} INFO - elasticsearch is up-to-date
[2023-03-13T22:15:29.559+0000] {subprocess.py:93} INFO - kibana is up-to-date
[2023-03-13T22:15:29.604+0000] {subprocess.py:97} INFO - Command exited with return code 0
[2023-03-13T22:15:29.644+0000] {taskinstance.py:1318} INFO - Marking task as SUCCESS. dag_id=AUTOMATISATION, task_id=demarre_ELK, execution_date=20230313T000303, start_date=20230313T221528, end_date=20230313T221529
[2023-03-13T22:15:29.675+0000] {local_task_job.py:208} INFO - Task exited with return code 0
[2023-03-13T22:15:29.699+0000] {taskinstance.py:2578} INFO - 1 downstream tasks scheduled from follow-on schedule check
[2023-03-15T07:30:17.058+0000] {taskinstance.py:1083} INFO - Dependencies all met for <TaskInstance: AUTOMATISATION.demarre_ELK scheduled__2023-03-13T00:03:03+00:00 [queued]>
[2023-03-15T07:30:17.062+0000] {taskinstance.py:1083} INFO - Dependencies all met for <TaskInstance: AUTOMATISATION.demarre_ELK scheduled__2023-03-13T00:03:03+00:00 [queued]>
[2023-03-15T07:30:17.062+0000] {taskinstance.py:1279} INFO - 
--------------------------------------------------------------------------------
[2023-03-15T07:30:17.062+0000] {taskinstance.py:1280} INFO - Starting attempt 1 of 2
[2023-03-15T07:30:17.062+0000] {taskinstance.py:1281} INFO - 
--------------------------------------------------------------------------------
[2023-03-15T07:30:17.072+0000] {taskinstance.py:1300} INFO - Executing <Task(BashOperator): demarre_ELK> on 2023-03-13 00:03:03+00:00
[2023-03-15T07:30:17.074+0000] {standard_task_runner.py:55} INFO - Started process 130374 to run task
[2023-03-15T07:30:17.076+0000] {standard_task_runner.py:82} INFO - Running: ['airflow', 'tasks', 'run', 'AUTOMATISATION', 'demarre_ELK', 'scheduled__2023-03-13T00:03:03+00:00', '--job-id', '769', '--raw', '--subdir', 'DAGS_FOLDER/main.py', '--cfg-path', '/tmp/tmpegsje180']
[2023-03-15T07:30:17.076+0000] {standard_task_runner.py:83} INFO - Job 769: Subtask demarre_ELK
[2023-03-15T07:30:17.107+0000] {task_command.py:388} INFO - Running <TaskInstance: AUTOMATISATION.demarre_ELK scheduled__2023-03-13T00:03:03+00:00 [running]> on host dev
[2023-03-15T07:30:17.144+0000] {taskinstance.py:1507} INFO - Exporting the following env vars:
AIRFLOW_CTX_DAG_OWNER=airflow
AIRFLOW_CTX_DAG_ID=AUTOMATISATION
AIRFLOW_CTX_TASK_ID=demarre_ELK
AIRFLOW_CTX_EXECUTION_DATE=2023-03-13T00:03:03+00:00
AIRFLOW_CTX_TRY_NUMBER=1
AIRFLOW_CTX_DAG_RUN_ID=scheduled__2023-03-13T00:03:03+00:00
[2023-03-15T07:30:17.144+0000] {subprocess.py:63} INFO - Tmp dir root location: 
 /tmp
[2023-03-15T07:30:17.145+0000] {subprocess.py:75} INFO - Running command: ['/usr/bin/bash', '-c', 'docker-compose -f /home/dev/soute/ELK/docker-compose.yml up -d']
[2023-03-15T07:30:17.149+0000] {subprocess.py:86} INFO - Output:
[2023-03-15T07:30:17.463+0000] {subprocess.py:93} INFO - elasticsearch is up-to-date
[2023-03-15T07:30:17.463+0000] {subprocess.py:93} INFO - kibana is up-to-date
[2023-03-15T07:30:17.485+0000] {subprocess.py:97} INFO - Command exited with return code 0
[2023-03-15T07:30:17.498+0000] {taskinstance.py:1318} INFO - Marking task as SUCCESS. dag_id=AUTOMATISATION, task_id=demarre_ELK, execution_date=20230313T000303, start_date=20230315T073017, end_date=20230315T073017
[2023-03-15T07:30:17.528+0000] {local_task_job.py:208} INFO - Task exited with return code 0
[2023-03-15T07:30:17.552+0000] {taskinstance.py:2578} INFO - 1 downstream tasks scheduled from follow-on schedule check
