[2023-03-13T23:20:17.777+0000] {taskinstance.py:1083} INFO - Dependencies all met for <TaskInstance: AUTOMATISATION.demarre_ELK scheduled__2023-03-13T00:04:36+00:00 [queued]>
[2023-03-13T23:20:17.789+0000] {taskinstance.py:1083} INFO - Dependencies all met for <TaskInstance: AUTOMATISATION.demarre_ELK scheduled__2023-03-13T00:04:36+00:00 [queued]>
[2023-03-13T23:20:17.789+0000] {taskinstance.py:1279} INFO - 
--------------------------------------------------------------------------------
[2023-03-13T23:20:17.789+0000] {taskinstance.py:1280} INFO - Starting attempt 1 of 2
[2023-03-13T23:20:17.789+0000] {taskinstance.py:1281} INFO - 
--------------------------------------------------------------------------------
[2023-03-13T23:20:17.812+0000] {taskinstance.py:1300} INFO - Executing <Task(BashOperator): demarre_ELK> on 2023-03-13 00:04:36+00:00
[2023-03-13T23:20:17.816+0000] {standard_task_runner.py:55} INFO - Started process 84780 to run task
[2023-03-13T23:20:17.820+0000] {standard_task_runner.py:82} INFO - Running: ['airflow', 'tasks', 'run', 'AUTOMATISATION', 'demarre_ELK', 'scheduled__2023-03-13T00:04:36+00:00', '--job-id', '460', '--raw', '--subdir', 'DAGS_FOLDER/main.py', '--cfg-path', '/tmp/tmpc4jucqn5']
[2023-03-13T23:20:17.822+0000] {standard_task_runner.py:83} INFO - Job 460: Subtask demarre_ELK
[2023-03-13T23:20:17.893+0000] {task_command.py:388} INFO - Running <TaskInstance: AUTOMATISATION.demarre_ELK scheduled__2023-03-13T00:04:36+00:00 [running]> on host dev
[2023-03-13T23:20:17.981+0000] {taskinstance.py:1507} INFO - Exporting the following env vars:
AIRFLOW_CTX_DAG_OWNER=airflow
AIRFLOW_CTX_DAG_ID=AUTOMATISATION
AIRFLOW_CTX_TASK_ID=demarre_ELK
AIRFLOW_CTX_EXECUTION_DATE=2023-03-13T00:04:36+00:00
AIRFLOW_CTX_TRY_NUMBER=1
AIRFLOW_CTX_DAG_RUN_ID=scheduled__2023-03-13T00:04:36+00:00
[2023-03-13T23:20:17.983+0000] {subprocess.py:63} INFO - Tmp dir root location: 
 /tmp
[2023-03-13T23:20:17.984+0000] {subprocess.py:75} INFO - Running command: ['/usr/bin/bash', '-c', 'docker-compose -f /home/dev/soute/ELK/docker-compose.yml up -d']
[2023-03-13T23:20:17.991+0000] {subprocess.py:86} INFO - Output:
[2023-03-13T23:20:18.789+0000] {subprocess.py:93} INFO - elasticsearch is up-to-date
[2023-03-13T23:20:18.790+0000] {subprocess.py:93} INFO - kibana is up-to-date
[2023-03-13T23:20:18.845+0000] {subprocess.py:97} INFO - Command exited with return code 0
[2023-03-13T23:20:18.875+0000] {taskinstance.py:1318} INFO - Marking task as SUCCESS. dag_id=AUTOMATISATION, task_id=demarre_ELK, execution_date=20230313T000436, start_date=20230313T232017, end_date=20230313T232018
[2023-03-13T23:20:18.914+0000] {local_task_job.py:208} INFO - Task exited with return code 0
[2023-03-13T23:20:18.940+0000] {taskinstance.py:2578} INFO - 1 downstream tasks scheduled from follow-on schedule check
[2023-03-15T07:40:32.827+0000] {taskinstance.py:1083} INFO - Dependencies all met for <TaskInstance: AUTOMATISATION.demarre_ELK scheduled__2023-03-13T00:04:36+00:00 [queued]>
[2023-03-15T07:40:32.831+0000] {taskinstance.py:1083} INFO - Dependencies all met for <TaskInstance: AUTOMATISATION.demarre_ELK scheduled__2023-03-13T00:04:36+00:00 [queued]>
[2023-03-15T07:40:32.831+0000] {taskinstance.py:1279} INFO - 
--------------------------------------------------------------------------------
[2023-03-15T07:40:32.832+0000] {taskinstance.py:1280} INFO - Starting attempt 1 of 2
[2023-03-15T07:40:32.832+0000] {taskinstance.py:1281} INFO - 
--------------------------------------------------------------------------------
[2023-03-15T07:40:32.842+0000] {taskinstance.py:1300} INFO - Executing <Task(BashOperator): demarre_ELK> on 2023-03-13 00:04:36+00:00
[2023-03-15T07:40:32.843+0000] {standard_task_runner.py:55} INFO - Started process 136209 to run task
[2023-03-15T07:40:32.845+0000] {standard_task_runner.py:82} INFO - Running: ['airflow', 'tasks', 'run', 'AUTOMATISATION', 'demarre_ELK', 'scheduled__2023-03-13T00:04:36+00:00', '--job-id', '831', '--raw', '--subdir', 'DAGS_FOLDER/main.py', '--cfg-path', '/tmp/tmp8ltj3vuy']
[2023-03-15T07:40:32.846+0000] {standard_task_runner.py:83} INFO - Job 831: Subtask demarre_ELK
[2023-03-15T07:40:32.873+0000] {task_command.py:388} INFO - Running <TaskInstance: AUTOMATISATION.demarre_ELK scheduled__2023-03-13T00:04:36+00:00 [running]> on host dev
[2023-03-15T07:40:32.908+0000] {taskinstance.py:1507} INFO - Exporting the following env vars:
AIRFLOW_CTX_DAG_OWNER=airflow
AIRFLOW_CTX_DAG_ID=AUTOMATISATION
AIRFLOW_CTX_TASK_ID=demarre_ELK
AIRFLOW_CTX_EXECUTION_DATE=2023-03-13T00:04:36+00:00
AIRFLOW_CTX_TRY_NUMBER=1
AIRFLOW_CTX_DAG_RUN_ID=scheduled__2023-03-13T00:04:36+00:00
[2023-03-15T07:40:32.909+0000] {subprocess.py:63} INFO - Tmp dir root location: 
 /tmp
[2023-03-15T07:40:32.909+0000] {subprocess.py:75} INFO - Running command: ['/usr/bin/bash', '-c', 'docker-compose -f /home/dev/soute/ELK/docker-compose.yml up -d']
[2023-03-15T07:40:32.913+0000] {subprocess.py:86} INFO - Output:
[2023-03-15T07:40:33.201+0000] {subprocess.py:93} INFO - elasticsearch is up-to-date
[2023-03-15T07:40:33.202+0000] {subprocess.py:93} INFO - kibana is up-to-date
[2023-03-15T07:40:33.223+0000] {subprocess.py:97} INFO - Command exited with return code 0
[2023-03-15T07:40:33.237+0000] {taskinstance.py:1318} INFO - Marking task as SUCCESS. dag_id=AUTOMATISATION, task_id=demarre_ELK, execution_date=20230313T000436, start_date=20230315T074032, end_date=20230315T074033
[2023-03-15T07:40:33.258+0000] {local_task_job.py:208} INFO - Task exited with return code 0
[2023-03-15T07:40:33.279+0000] {taskinstance.py:2578} INFO - 1 downstream tasks scheduled from follow-on schedule check
